[0.022s] Invoking command in '/home/david/yolocpp_ws/build/bboxes_ex_msgs': CMAKE_PREFIX_PATH=${CMAKE_PREFIX_PATH}:/home/david/yolopy_ws/install/yolopy:/opt/ros/humble PROMPT_COMMAND=echo -n \[$(date +%H:%M:%S)\]\ /home/david/.local/bin/cmake /home/david/yolocpp_ws/src/bbox_ex_msgs -DTRT_PATH=/usr -DCMAKE_CUDA_ARCHITECTURES=89 -DCMAKE_CUDA_COMPILER=/usr/local/cuda-12.9/bin/nvcc -DCMAKE_INSTALL_PREFIX=/home/david/yolocpp_ws/install/bboxes_ex_msgs
[0.077s] -- Found ament_cmake: 1.3.11 (/opt/ros/humble/share/ament_cmake/cmake)
[0.201s] -- Found builtin_interfaces: 1.2.1 (/opt/ros/humble/share/builtin_interfaces/cmake)
[0.240s] -- Found rosidl_generator_c: 3.1.6 (/opt/ros/humble/share/rosidl_generator_c/cmake)
[0.244s] -- Found rosidl_adapter: 3.1.6 (/opt/ros/humble/share/rosidl_adapter/cmake)
[0.253s] -- Found rosidl_generator_cpp: 3.1.6 (/opt/ros/humble/share/rosidl_generator_cpp/cmake)
[0.267s] -- Using all available rosidl_typesupport_c: rosidl_typesupport_fastrtps_c;rosidl_typesupport_introspection_c
[0.286s] -- Using all available rosidl_typesupport_cpp: rosidl_typesupport_fastrtps_cpp;rosidl_typesupport_introspection_cpp
[0.305s] -- Found std_msgs: 4.8.0 (/opt/ros/humble/share/std_msgs/cmake)
[0.322s] -- Found rosidl_default_generators: 1.2.0 (/opt/ros/humble/share/rosidl_default_generators/cmake)
[0.656s] -- Found ament_cmake_ros: 0.10.0 (/opt/ros/humble/share/ament_cmake_ros/cmake)
[1.039s] -- Using all available rosidl_typesupport_c: rosidl_typesupport_fastrtps_c;rosidl_typesupport_introspection_c
[1.169s] -- Using all available rosidl_typesupport_cpp: rosidl_typesupport_fastrtps_cpp;rosidl_typesupport_introspection_cpp
[1.203s] -- Found python_cmake_module: 0.10.0 (/opt/ros/humble/share/python_cmake_module/cmake)
[1.239s] -- Using PYTHON_EXECUTABLE: /usr/bin/python3
[1.240s] -- Using PYTHON_INCLUDE_DIRS: /usr/include/python3.10
[1.240s] -- Using PYTHON_LIBRARIES: /usr/lib/x86_64-linux-gnu/libpython3.10.so
[1.296s] -- Configuring done
[1.344s] -- Generating done
[1.365s] -- Build files have been written to: /home/david/yolocpp_ws/build/bboxes_ex_msgs
[1.375s] Invoked command in '/home/david/yolocpp_ws/build/bboxes_ex_msgs' returned '0': CMAKE_PREFIX_PATH=${CMAKE_PREFIX_PATH}:/home/david/yolopy_ws/install/yolopy:/opt/ros/humble PROMPT_COMMAND=echo -n \[$(date +%H:%M:%S)\]\ /home/david/.local/bin/cmake /home/david/yolocpp_ws/src/bbox_ex_msgs -DTRT_PATH=/usr -DCMAKE_CUDA_ARCHITECTURES=89 -DCMAKE_CUDA_COMPILER=/usr/local/cuda-12.9/bin/nvcc -DCMAKE_INSTALL_PREFIX=/home/david/yolocpp_ws/install/bboxes_ex_msgs
[1.379s] Invoking command in '/home/david/yolocpp_ws/build/bboxes_ex_msgs': CMAKE_PREFIX_PATH=${CMAKE_PREFIX_PATH}:/home/david/yolopy_ws/install/yolopy:/opt/ros/humble PROMPT_COMMAND=echo -n \[$(date +%H:%M:%S)\]\ /home/david/.local/bin/cmake --build /home/david/yolocpp_ws/build/bboxes_ex_msgs -- -j32 -l32
[1.469s] [  2%] Built target bboxes_ex_msgs__cpp
[1.470s] [ 12%] Built target bboxes_ex_msgs__rosidl_generator_c
[1.474s] [ 12%] Built target ament_cmake_python_copy_bboxes_ex_msgs
[1.496s] [ 33%] Built target bboxes_ex_msgs__rosidl_typesupport_c
[1.496s] [ 33%] Built target bboxes_ex_msgs__rosidl_typesupport_introspection_c
[1.497s] [ 43%] Built target bboxes_ex_msgs__rosidl_typesupport_introspection_cpp
[1.497s] [ 53%] Built target bboxes_ex_msgs__rosidl_typesupport_cpp
[1.500s] [ 64%] Built target bboxes_ex_msgs__rosidl_typesupport_fastrtps_cpp
[1.500s] [ 74%] Built target bboxes_ex_msgs__rosidl_typesupport_fastrtps_c
[1.518s] [ 74%] Built target bboxes_ex_msgs
[1.536s] [ 76%] Built target bboxes_ex_msgs__py
[1.563s] [ 84%] Built target bboxes_ex_msgs__rosidl_generator_py
[1.587s] [ 89%] Built target bboxes_ex_msgs__rosidl_typesupport_fastrtps_c__pyext
[1.589s] [ 94%] Built target bboxes_ex_msgs__rosidl_typesupport_introspection_c__pyext
[1.589s] [100%] Built target bboxes_ex_msgs__rosidl_typesupport_c__pyext
[1.909s] running egg_info
[1.910s] writing bboxes_ex_msgs.egg-info/PKG-INFO
[1.910s] writing dependency_links to bboxes_ex_msgs.egg-info/dependency_links.txt
[1.910s] writing top-level names to bboxes_ex_msgs.egg-info/top_level.txt
[1.913s] reading manifest file 'bboxes_ex_msgs.egg-info/SOURCES.txt'
[1.914s] writing manifest file 'bboxes_ex_msgs.egg-info/SOURCES.txt'
[1.944s] [100%] Built target ament_cmake_python_build_bboxes_ex_msgs_egg
[1.958s] Invoked command in '/home/david/yolocpp_ws/build/bboxes_ex_msgs' returned '0': CMAKE_PREFIX_PATH=${CMAKE_PREFIX_PATH}:/home/david/yolopy_ws/install/yolopy:/opt/ros/humble PROMPT_COMMAND=echo -n \[$(date +%H:%M:%S)\]\ /home/david/.local/bin/cmake --build /home/david/yolocpp_ws/build/bboxes_ex_msgs -- -j32 -l32
[1.959s] Invoking command in '/home/david/yolocpp_ws/build/bboxes_ex_msgs': CMAKE_PREFIX_PATH=${CMAKE_PREFIX_PATH}:/home/david/yolopy_ws/install/yolopy:/opt/ros/humble PROMPT_COMMAND=echo -n \[$(date +%H:%M:%S)\]\ /home/david/.local/bin/cmake --install /home/david/yolocpp_ws/build/bboxes_ex_msgs
[2.014s] -- Install configuration: ""
[2.015s] -- Up-to-date: /home/david/yolocpp_ws/install/bboxes_ex_msgs/share/ament_index/resource_index/rosidl_interfaces/bboxes_ex_msgs
[2.015s] -- Up-to-date: /home/david/yolocpp_ws/install/bboxes_ex_msgs/include/bboxes_ex_msgs/bboxes_ex_msgs
[2.015s] -- Up-to-date: /home/david/yolocpp_ws/install/bboxes_ex_msgs/include/bboxes_ex_msgs/bboxes_ex_msgs/msg
[2.016s] -- Up-to-date: /home/david/yolocpp_ws/install/bboxes_ex_msgs/include/bboxes_ex_msgs/bboxes_ex_msgs/msg/bounding_box.h
[2.016s] -- Up-to-date: /home/david/yolocpp_ws/install/bboxes_ex_msgs/include/bboxes_ex_msgs/bboxes_ex_msgs/msg/rosidl_generator_c__visibility_control.h
[2.016s] -- Up-to-date: /home/david/yolocpp_ws/install/bboxes_ex_msgs/include/bboxes_ex_msgs/bboxes_ex_msgs/msg/detail
[2.016s] -- Up-to-date: /home/david/yolocpp_ws/install/bboxes_ex_msgs/include/bboxes_ex_msgs/bboxes_ex_msgs/msg/detail/bounding_boxes__functions.c
[2.017s] -- Up-to-date: /home/david/yolocpp_ws/install/bboxes_ex_msgs/include/bboxes_ex_msgs/bboxes_ex_msgs/msg/detail/bounding_boxes__functions.h
[2.017s] -- Up-to-date: /home/david/yolocpp_ws/install/bboxes_ex_msgs/include/bboxes_ex_msgs/bboxes_ex_msgs/msg/detail/bounding_boxes__struct.h
[2.017s] -- Up-to-date: /home/david/yolocpp_ws/install/bboxes_ex_msgs/include/bboxes_ex_msgs/bboxes_ex_msgs/msg/detail/bounding_box__functions.h
[2.018s] -- Up-to-date: /home/david/yolocpp_ws/install/bboxes_ex_msgs/include/bboxes_ex_msgs/bboxes_ex_msgs/msg/detail/bounding_box__struct.h
[2.018s] -- Up-to-date: /home/david/yolocpp_ws/install/bboxes_ex_msgs/include/bboxes_ex_msgs/bboxes_ex_msgs/msg/detail/bounding_box__type_support.h
[2.018s] -- Up-to-date: /home/david/yolocpp_ws/install/bboxes_ex_msgs/include/bboxes_ex_msgs/bboxes_ex_msgs/msg/detail/bounding_box__functions.c
[2.018s] -- Up-to-date: /home/david/yolocpp_ws/install/bboxes_ex_msgs/include/bboxes_ex_msgs/bboxes_ex_msgs/msg/detail/bounding_boxes__type_support.h
[2.018s] -- Up-to-date: /home/david/yolocpp_ws/install/bboxes_ex_msgs/include/bboxes_ex_msgs/bboxes_ex_msgs/msg/bounding_boxes.h
[2.018s] -- Up-to-date: /home/david/yolocpp_ws/install/bboxes_ex_msgs/share/bboxes_ex_msgs/environment/library_path.sh
[2.018s] -- Installing: /home/david/yolocpp_ws/install/bboxes_ex_msgs/share/bboxes_ex_msgs/environment/library_path.dsv
[2.018s] -- Up-to-date: /home/david/yolocpp_ws/install/bboxes_ex_msgs/lib/libbboxes_ex_msgs__rosidl_generator_c.so
[2.018s] -- Up-to-date: /home/david/yolocpp_ws/install/bboxes_ex_msgs/include/bboxes_ex_msgs/bboxes_ex_msgs
[2.018s] -- Up-to-date: /home/david/yolocpp_ws/install/bboxes_ex_msgs/include/bboxes_ex_msgs/bboxes_ex_msgs/msg
[2.019s] -- Up-to-date: /home/david/yolocpp_ws/install/bboxes_ex_msgs/include/bboxes_ex_msgs/bboxes_ex_msgs/msg/rosidl_typesupport_fastrtps_c__visibility_control.h
[2.019s] -- Up-to-date: /home/david/yolocpp_ws/install/bboxes_ex_msgs/include/bboxes_ex_msgs/bboxes_ex_msgs/msg/detail
[2.019s] -- Up-to-date: /home/david/yolocpp_ws/install/bboxes_ex_msgs/include/bboxes_ex_msgs/bboxes_ex_msgs/msg/detail/bounding_boxes__rosidl_typesupport_fastrtps_c.h
[2.019s] -- Up-to-date: /home/david/yolocpp_ws/install/bboxes_ex_msgs/include/bboxes_ex_msgs/bboxes_ex_msgs/msg/detail/bounding_box__rosidl_typesupport_fastrtps_c.h
[2.019s] -- Up-to-date: /home/david/yolocpp_ws/install/bboxes_ex_msgs/lib/libbboxes_ex_msgs__rosidl_typesupport_fastrtps_c.so
[2.020s] -- Up-to-date: /home/david/yolocpp_ws/install/bboxes_ex_msgs/include/bboxes_ex_msgs/bboxes_ex_msgs
[2.020s] -- Up-to-date: /home/david/yolocpp_ws/install/bboxes_ex_msgs/include/bboxes_ex_msgs/bboxes_ex_msgs/msg
[2.021s] -- Up-to-date: /home/david/yolocpp_ws/install/bboxes_ex_msgs/include/bboxes_ex_msgs/bboxes_ex_msgs/msg/detail
[2.021s] -- Up-to-date: /home/david/yolocpp_ws/install/bboxes_ex_msgs/include/bboxes_ex_msgs/bboxes_ex_msgs/msg/detail/bounding_box__builder.hpp
[2.021s] -- Up-to-date: /home/david/yolocpp_ws/install/bboxes_ex_msgs/include/bboxes_ex_msgs/bboxes_ex_msgs/msg/detail/bounding_box__traits.hpp
[2.021s] -- Up-to-date: /home/david/yolocpp_ws/install/bboxes_ex_msgs/include/bboxes_ex_msgs/bboxes_ex_msgs/msg/detail/bounding_boxes__builder.hpp
[2.021s] -- Up-to-date: /home/david/yolocpp_ws/install/bboxes_ex_msgs/include/bboxes_ex_msgs/bboxes_ex_msgs/msg/detail/bounding_box__struct.hpp
[2.021s] -- Up-to-date: /home/david/yolocpp_ws/install/bboxes_ex_msgs/include/bboxes_ex_msgs/bboxes_ex_msgs/msg/detail/bounding_boxes__struct.hpp
[2.021s] -- Up-to-date: /home/david/yolocpp_ws/install/bboxes_ex_msgs/include/bboxes_ex_msgs/bboxes_ex_msgs/msg/detail/bounding_boxes__type_support.hpp
[2.022s] -- Up-to-date: /home/david/yolocpp_ws/install/bboxes_ex_msgs/include/bboxes_ex_msgs/bboxes_ex_msgs/msg/detail/bounding_box__type_support.hpp
[2.022s] -- Up-to-date: /home/david/yolocpp_ws/install/bboxes_ex_msgs/include/bboxes_ex_msgs/bboxes_ex_msgs/msg/detail/bounding_boxes__traits.hpp
[2.022s] -- Up-to-date: /home/david/yolocpp_ws/install/bboxes_ex_msgs/include/bboxes_ex_msgs/bboxes_ex_msgs/msg/rosidl_generator_cpp__visibility_control.hpp
[2.022s] -- Up-to-date: /home/david/yolocpp_ws/install/bboxes_ex_msgs/include/bboxes_ex_msgs/bboxes_ex_msgs/msg/bounding_box.hpp
[2.022s] -- Up-to-date: /home/david/yolocpp_ws/install/bboxes_ex_msgs/include/bboxes_ex_msgs/bboxes_ex_msgs/msg/bounding_boxes.hpp
[2.022s] -- Up-to-date: /home/david/yolocpp_ws/install/bboxes_ex_msgs/include/bboxes_ex_msgs/bboxes_ex_msgs
[2.022s] -- Up-to-date: /home/david/yolocpp_ws/install/bboxes_ex_msgs/include/bboxes_ex_msgs/bboxes_ex_msgs/msg
[2.022s] -- Up-to-date: /home/david/yolocpp_ws/install/bboxes_ex_msgs/include/bboxes_ex_msgs/bboxes_ex_msgs/msg/detail
[2.022s] -- Up-to-date: /home/david/yolocpp_ws/install/bboxes_ex_msgs/include/bboxes_ex_msgs/bboxes_ex_msgs/msg/detail/bounding_boxes__rosidl_typesupport_fastrtps_cpp.hpp
[2.022s] -- Up-to-date: /home/david/yolocpp_ws/install/bboxes_ex_msgs/include/bboxes_ex_msgs/bboxes_ex_msgs/msg/detail/dds_fastrtps
[2.023s] -- Up-to-date: /home/david/yolocpp_ws/install/bboxes_ex_msgs/include/bboxes_ex_msgs/bboxes_ex_msgs/msg/detail/bounding_box__rosidl_typesupport_fastrtps_cpp.hpp
[2.023s] -- Up-to-date: /home/david/yolocpp_ws/install/bboxes_ex_msgs/include/bboxes_ex_msgs/bboxes_ex_msgs/msg/rosidl_typesupport_fastrtps_cpp__visibility_control.h
[2.023s] -- Up-to-date: /home/david/yolocpp_ws/install/bboxes_ex_msgs/lib/libbboxes_ex_msgs__rosidl_typesupport_fastrtps_cpp.so
[2.023s] -- Up-to-date: /home/david/yolocpp_ws/install/bboxes_ex_msgs/include/bboxes_ex_msgs/bboxes_ex_msgs
[2.023s] -- Up-to-date: /home/david/yolocpp_ws/install/bboxes_ex_msgs/include/bboxes_ex_msgs/bboxes_ex_msgs/msg
[2.023s] -- Up-to-date: /home/david/yolocpp_ws/install/bboxes_ex_msgs/include/bboxes_ex_msgs/bboxes_ex_msgs/msg/rosidl_typesupport_introspection_c__visibility_control.h
[2.023s] -- Up-to-date: /home/david/yolocpp_ws/install/bboxes_ex_msgs/include/bboxes_ex_msgs/bboxes_ex_msgs/msg/detail
[2.023s] -- Up-to-date: /home/david/yolocpp_ws/install/bboxes_ex_msgs/include/bboxes_ex_msgs/bboxes_ex_msgs/msg/detail/bounding_box__type_support.c
[2.024s] -- Up-to-date: /home/david/yolocpp_ws/install/bboxes_ex_msgs/include/bboxes_ex_msgs/bboxes_ex_msgs/msg/detail/bounding_boxes__rosidl_typesupport_introspection_c.h
[2.024s] -- Up-to-date: /home/david/yolocpp_ws/install/bboxes_ex_msgs/include/bboxes_ex_msgs/bboxes_ex_msgs/msg/detail/bounding_boxes__type_support.c
[2.024s] -- Up-to-date: /home/david/yolocpp_ws/install/bboxes_ex_msgs/include/bboxes_ex_msgs/bboxes_ex_msgs/msg/detail/bounding_box__rosidl_typesupport_introspection_c.h
[2.024s] -- Up-to-date: /home/david/yolocpp_ws/install/bboxes_ex_msgs/lib/libbboxes_ex_msgs__rosidl_typesupport_introspection_c.so
[2.025s] -- Up-to-date: /home/david/yolocpp_ws/install/bboxes_ex_msgs/lib/libbboxes_ex_msgs__rosidl_typesupport_c.so
[2.025s] -- Up-to-date: /home/david/yolocpp_ws/install/bboxes_ex_msgs/include/bboxes_ex_msgs/bboxes_ex_msgs
[2.025s] -- Up-to-date: /home/david/yolocpp_ws/install/bboxes_ex_msgs/include/bboxes_ex_msgs/bboxes_ex_msgs/msg
[2.025s] -- Up-to-date: /home/david/yolocpp_ws/install/bboxes_ex_msgs/include/bboxes_ex_msgs/bboxes_ex_msgs/msg/detail
[2.025s] -- Up-to-date: /home/david/yolocpp_ws/install/bboxes_ex_msgs/include/bboxes_ex_msgs/bboxes_ex_msgs/msg/detail/bounding_boxes__rosidl_typesupport_introspection_cpp.hpp
[2.025s] -- Up-to-date: /home/david/yolocpp_ws/install/bboxes_ex_msgs/include/bboxes_ex_msgs/bboxes_ex_msgs/msg/detail/bounding_box__type_support.cpp
[2.025s] -- Up-to-date: /home/david/yolocpp_ws/install/bboxes_ex_msgs/include/bboxes_ex_msgs/bboxes_ex_msgs/msg/detail/bounding_box__rosidl_typesupport_introspection_cpp.hpp
[2.025s] -- Up-to-date: /home/david/yolocpp_ws/install/bboxes_ex_msgs/include/bboxes_ex_msgs/bboxes_ex_msgs/msg/detail/bounding_boxes__type_support.cpp
[2.026s] -- Up-to-date: /home/david/yolocpp_ws/install/bboxes_ex_msgs/lib/libbboxes_ex_msgs__rosidl_typesupport_introspection_cpp.so
[2.026s] -- Up-to-date: /home/david/yolocpp_ws/install/bboxes_ex_msgs/lib/libbboxes_ex_msgs__rosidl_typesupport_cpp.so
[2.026s] -- Up-to-date: /home/david/yolocpp_ws/install/bboxes_ex_msgs/share/bboxes_ex_msgs/environment/pythonpath.sh
[2.026s] -- Installing: /home/david/yolocpp_ws/install/bboxes_ex_msgs/share/bboxes_ex_msgs/environment/pythonpath.dsv
[2.026s] -- Up-to-date: /home/david/yolocpp_ws/install/bboxes_ex_msgs/local/lib/python3.10/dist-packages/bboxes_ex_msgs-0.0.0-py3.10.egg-info
[2.026s] -- Installing: /home/david/yolocpp_ws/install/bboxes_ex_msgs/local/lib/python3.10/dist-packages/bboxes_ex_msgs-0.0.0-py3.10.egg-info/PKG-INFO
[2.026s] -- Installing: /home/david/yolocpp_ws/install/bboxes_ex_msgs/local/lib/python3.10/dist-packages/bboxes_ex_msgs-0.0.0-py3.10.egg-info/SOURCES.txt
[2.027s] -- Installing: /home/david/yolocpp_ws/install/bboxes_ex_msgs/local/lib/python3.10/dist-packages/bboxes_ex_msgs-0.0.0-py3.10.egg-info/dependency_links.txt
[2.027s] -- Installing: /home/david/yolocpp_ws/install/bboxes_ex_msgs/local/lib/python3.10/dist-packages/bboxes_ex_msgs-0.0.0-py3.10.egg-info/top_level.txt
[2.027s] -- Up-to-date: /home/david/yolocpp_ws/install/bboxes_ex_msgs/local/lib/python3.10/dist-packages/bboxes_ex_msgs
[2.027s] -- Up-to-date: /home/david/yolocpp_ws/install/bboxes_ex_msgs/local/lib/python3.10/dist-packages/bboxes_ex_msgs/_bboxes_ex_msgs_s.ep.rosidl_typesupport_introspection_c.c
[2.027s] -- Up-to-date: /home/david/yolocpp_ws/install/bboxes_ex_msgs/local/lib/python3.10/dist-packages/bboxes_ex_msgs/bboxes_ex_msgs_s__rosidl_typesupport_introspection_c.cpython-310-x86_64-linux-gnu.so
[2.027s] -- Up-to-date: /home/david/yolocpp_ws/install/bboxes_ex_msgs/local/lib/python3.10/dist-packages/bboxes_ex_msgs/bboxes_ex_msgs_s__rosidl_typesupport_fastrtps_c.cpython-310-x86_64-linux-gnu.so
[2.027s] -- Up-to-date: /home/david/yolocpp_ws/install/bboxes_ex_msgs/local/lib/python3.10/dist-packages/bboxes_ex_msgs/bboxes_ex_msgs_s__rosidl_typesupport_c.cpython-310-x86_64-linux-gnu.so
[2.028s] -- Up-to-date: /home/david/yolocpp_ws/install/bboxes_ex_msgs/local/lib/python3.10/dist-packages/bboxes_ex_msgs/_bboxes_ex_msgs_s.ep.rosidl_typesupport_c.c
[2.028s] -- Up-to-date: /home/david/yolocpp_ws/install/bboxes_ex_msgs/local/lib/python3.10/dist-packages/bboxes_ex_msgs/_bboxes_ex_msgs_s.ep.rosidl_typesupport_fastrtps_c.c
[2.028s] -- Up-to-date: /home/david/yolocpp_ws/install/bboxes_ex_msgs/local/lib/python3.10/dist-packages/bboxes_ex_msgs/libbboxes_ex_msgs__rosidl_generator_py.so
[2.028s] -- Installing: /home/david/yolocpp_ws/install/bboxes_ex_msgs/local/lib/python3.10/dist-packages/bboxes_ex_msgs/__init__.py
[2.028s] -- Up-to-date: /home/david/yolocpp_ws/install/bboxes_ex_msgs/local/lib/python3.10/dist-packages/bboxes_ex_msgs/msg
[2.028s] -- Up-to-date: /home/david/yolocpp_ws/install/bboxes_ex_msgs/local/lib/python3.10/dist-packages/bboxes_ex_msgs/msg/_bounding_boxes_s.c
[2.028s] -- Up-to-date: /home/david/yolocpp_ws/install/bboxes_ex_msgs/local/lib/python3.10/dist-packages/bboxes_ex_msgs/msg/_bounding_boxes.py
[2.028s] -- Up-to-date: /home/david/yolocpp_ws/install/bboxes_ex_msgs/local/lib/python3.10/dist-packages/bboxes_ex_msgs/msg/_bounding_box_s.c
[2.029s] -- Up-to-date: /home/david/yolocpp_ws/install/bboxes_ex_msgs/local/lib/python3.10/dist-packages/bboxes_ex_msgs/msg/__init__.py
[2.029s] -- Up-to-date: /home/david/yolocpp_ws/install/bboxes_ex_msgs/local/lib/python3.10/dist-packages/bboxes_ex_msgs/msg/_bounding_box.py
[2.097s] Listing '/home/david/yolocpp_ws/install/bboxes_ex_msgs/local/lib/python3.10/dist-packages/bboxes_ex_msgs'...
[2.097s] Compiling '/home/david/yolocpp_ws/install/bboxes_ex_msgs/local/lib/python3.10/dist-packages/bboxes_ex_msgs/__init__.py'...
[2.098s] Listing '/home/david/yolocpp_ws/install/bboxes_ex_msgs/local/lib/python3.10/dist-packages/bboxes_ex_msgs/msg'...
[2.106s] -- Up-to-date: /home/david/yolocpp_ws/install/bboxes_ex_msgs/local/lib/python3.10/dist-packages/bboxes_ex_msgs/bboxes_ex_msgs_s__rosidl_typesupport_fastrtps_c.cpython-310-x86_64-linux-gnu.so
[2.106s] -- Up-to-date: /home/david/yolocpp_ws/install/bboxes_ex_msgs/local/lib/python3.10/dist-packages/bboxes_ex_msgs/bboxes_ex_msgs_s__rosidl_typesupport_introspection_c.cpython-310-x86_64-linux-gnu.so
[2.107s] -- Up-to-date: /home/david/yolocpp_ws/install/bboxes_ex_msgs/local/lib/python3.10/dist-packages/bboxes_ex_msgs/bboxes_ex_msgs_s__rosidl_typesupport_c.cpython-310-x86_64-linux-gnu.so
[2.107s] -- Up-to-date: /home/david/yolocpp_ws/install/bboxes_ex_msgs/lib/libbboxes_ex_msgs__rosidl_generator_py.so
[2.107s] -- Up-to-date: /home/david/yolocpp_ws/install/bboxes_ex_msgs/share/bboxes_ex_msgs/msg/BoundingBox.idl
[2.108s] -- Up-to-date: /home/david/yolocpp_ws/install/bboxes_ex_msgs/share/bboxes_ex_msgs/msg/BoundingBoxes.idl
[2.108s] -- Up-to-date: /home/david/yolocpp_ws/install/bboxes_ex_msgs/share/bboxes_ex_msgs/msg/BoundingBox.msg
[2.108s] -- Up-to-date: /home/david/yolocpp_ws/install/bboxes_ex_msgs/share/bboxes_ex_msgs/msg/BoundingBoxes.msg
[2.108s] -- Up-to-date: /home/david/yolocpp_ws/install/bboxes_ex_msgs/share/ament_index/resource_index/package_run_dependencies/bboxes_ex_msgs
[2.108s] -- Up-to-date: /home/david/yolocpp_ws/install/bboxes_ex_msgs/share/ament_index/resource_index/parent_prefix_path/bboxes_ex_msgs
[2.109s] -- Up-to-date: /home/david/yolocpp_ws/install/bboxes_ex_msgs/share/bboxes_ex_msgs/environment/ament_prefix_path.sh
[2.109s] -- Installing: /home/david/yolocpp_ws/install/bboxes_ex_msgs/share/bboxes_ex_msgs/environment/ament_prefix_path.dsv
[2.109s] -- Up-to-date: /home/david/yolocpp_ws/install/bboxes_ex_msgs/share/bboxes_ex_msgs/environment/path.sh
[2.109s] -- Installing: /home/david/yolocpp_ws/install/bboxes_ex_msgs/share/bboxes_ex_msgs/environment/path.dsv
[2.109s] -- Up-to-date: /home/david/yolocpp_ws/install/bboxes_ex_msgs/share/bboxes_ex_msgs/local_setup.bash
[2.109s] -- Up-to-date: /home/david/yolocpp_ws/install/bboxes_ex_msgs/share/bboxes_ex_msgs/local_setup.sh
[2.110s] -- Up-to-date: /home/david/yolocpp_ws/install/bboxes_ex_msgs/share/bboxes_ex_msgs/local_setup.zsh
[2.110s] -- Installing: /home/david/yolocpp_ws/install/bboxes_ex_msgs/share/bboxes_ex_msgs/local_setup.dsv
[2.110s] -- Installing: /home/david/yolocpp_ws/install/bboxes_ex_msgs/share/bboxes_ex_msgs/package.dsv
[2.110s] -- Up-to-date: /home/david/yolocpp_ws/install/bboxes_ex_msgs/share/ament_index/resource_index/packages/bboxes_ex_msgs
[2.110s] -- Up-to-date: /home/david/yolocpp_ws/install/bboxes_ex_msgs/share/bboxes_ex_msgs/cmake/export_bboxes_ex_msgs__rosidl_generator_cExport.cmake
[2.110s] -- Up-to-date: /home/david/yolocpp_ws/install/bboxes_ex_msgs/share/bboxes_ex_msgs/cmake/export_bboxes_ex_msgs__rosidl_generator_cExport-noconfig.cmake
[2.111s] -- Up-to-date: /home/david/yolocpp_ws/install/bboxes_ex_msgs/share/bboxes_ex_msgs/cmake/export_bboxes_ex_msgs__rosidl_typesupport_fastrtps_cExport.cmake
[2.111s] -- Up-to-date: /home/david/yolocpp_ws/install/bboxes_ex_msgs/share/bboxes_ex_msgs/cmake/export_bboxes_ex_msgs__rosidl_typesupport_fastrtps_cExport-noconfig.cmake
[2.111s] -- Up-to-date: /home/david/yolocpp_ws/install/bboxes_ex_msgs/share/bboxes_ex_msgs/cmake/export_bboxes_ex_msgs__rosidl_generator_cppExport.cmake
[2.111s] -- Up-to-date: /home/david/yolocpp_ws/install/bboxes_ex_msgs/share/bboxes_ex_msgs/cmake/export_bboxes_ex_msgs__rosidl_typesupport_fastrtps_cppExport.cmake
[2.111s] -- Up-to-date: /home/david/yolocpp_ws/install/bboxes_ex_msgs/share/bboxes_ex_msgs/cmake/export_bboxes_ex_msgs__rosidl_typesupport_fastrtps_cppExport-noconfig.cmake
[2.111s] -- Up-to-date: /home/david/yolocpp_ws/install/bboxes_ex_msgs/share/bboxes_ex_msgs/cmake/bboxes_ex_msgs__rosidl_typesupport_introspection_cExport.cmake
[2.111s] -- Up-to-date: /home/david/yolocpp_ws/install/bboxes_ex_msgs/share/bboxes_ex_msgs/cmake/bboxes_ex_msgs__rosidl_typesupport_introspection_cExport-noconfig.cmake
[2.111s] -- Up-to-date: /home/david/yolocpp_ws/install/bboxes_ex_msgs/share/bboxes_ex_msgs/cmake/bboxes_ex_msgs__rosidl_typesupport_cExport.cmake
[2.112s] -- Up-to-date: /home/david/yolocpp_ws/install/bboxes_ex_msgs/share/bboxes_ex_msgs/cmake/bboxes_ex_msgs__rosidl_typesupport_cExport-noconfig.cmake
[2.112s] -- Up-to-date: /home/david/yolocpp_ws/install/bboxes_ex_msgs/share/bboxes_ex_msgs/cmake/bboxes_ex_msgs__rosidl_typesupport_introspection_cppExport.cmake
[2.112s] -- Up-to-date: /home/david/yolocpp_ws/install/bboxes_ex_msgs/share/bboxes_ex_msgs/cmake/bboxes_ex_msgs__rosidl_typesupport_introspection_cppExport-noconfig.cmake
[2.112s] -- Up-to-date: /home/david/yolocpp_ws/install/bboxes_ex_msgs/share/bboxes_ex_msgs/cmake/bboxes_ex_msgs__rosidl_typesupport_cppExport.cmake
[2.112s] -- Up-to-date: /home/david/yolocpp_ws/install/bboxes_ex_msgs/share/bboxes_ex_msgs/cmake/bboxes_ex_msgs__rosidl_typesupport_cppExport-noconfig.cmake
[2.112s] -- Up-to-date: /home/david/yolocpp_ws/install/bboxes_ex_msgs/share/bboxes_ex_msgs/cmake/export_bboxes_ex_msgs__rosidl_generator_pyExport.cmake
[2.112s] -- Up-to-date: /home/david/yolocpp_ws/install/bboxes_ex_msgs/share/bboxes_ex_msgs/cmake/export_bboxes_ex_msgs__rosidl_generator_pyExport-noconfig.cmake
[2.113s] -- Up-to-date: /home/david/yolocpp_ws/install/bboxes_ex_msgs/share/bboxes_ex_msgs/cmake/rosidl_cmake-extras.cmake
[2.113s] -- Up-to-date: /home/david/yolocpp_ws/install/bboxes_ex_msgs/share/bboxes_ex_msgs/cmake/ament_cmake_export_dependencies-extras.cmake
[2.113s] -- Up-to-date: /home/david/yolocpp_ws/install/bboxes_ex_msgs/share/bboxes_ex_msgs/cmake/ament_cmake_export_include_directories-extras.cmake
[2.113s] -- Up-to-date: /home/david/yolocpp_ws/install/bboxes_ex_msgs/share/bboxes_ex_msgs/cmake/ament_cmake_export_libraries-extras.cmake
[2.113s] -- Up-to-date: /home/david/yolocpp_ws/install/bboxes_ex_msgs/share/bboxes_ex_msgs/cmake/ament_cmake_export_targets-extras.cmake
[2.113s] -- Up-to-date: /home/david/yolocpp_ws/install/bboxes_ex_msgs/share/bboxes_ex_msgs/cmake/rosidl_cmake_export_typesupport_targets-extras.cmake
[2.113s] -- Up-to-date: /home/david/yolocpp_ws/install/bboxes_ex_msgs/share/bboxes_ex_msgs/cmake/rosidl_cmake_export_typesupport_libraries-extras.cmake
[2.113s] -- Up-to-date: /home/david/yolocpp_ws/install/bboxes_ex_msgs/share/bboxes_ex_msgs/cmake/bboxes_ex_msgsConfig.cmake
[2.114s] -- Up-to-date: /home/david/yolocpp_ws/install/bboxes_ex_msgs/share/bboxes_ex_msgs/cmake/bboxes_ex_msgsConfig-version.cmake
[2.114s] -- Up-to-date: /home/david/yolocpp_ws/install/bboxes_ex_msgs/share/bboxes_ex_msgs/package.xml
[2.120s] Invoked command in '/home/david/yolocpp_ws/build/bboxes_ex_msgs' returned '0': CMAKE_PREFIX_PATH=${CMAKE_PREFIX_PATH}:/home/david/yolopy_ws/install/yolopy:/opt/ros/humble PROMPT_COMMAND=echo -n \[$(date +%H:%M:%S)\]\ /home/david/.local/bin/cmake --install /home/david/yolocpp_ws/build/bboxes_ex_msgs
