[0.031s] Invoking command in '/home/david/yolocpp_ws/build/seg_sub': CMAKE_PREFIX_PATH=/home/david/yolocpp_ws/install/yolo_custom_interfaces:/home/david/yolocpp_ws/install/zoe_bringup:/home/david/yolocpp_ws/install/yolocpp:/home/david/yolocpp_ws/install/tensorrt_yolo:/home/david/yolocpp_ws/install/seg_sub:/home/david/yolocpp_ws/install/pylon_instant_camera:/home/david/yolocpp_ws/install/monitor_tutorial:/home/david/yolocpp_ws/install/monitor_sql_tutorial:/home/david/yolocpp_ws/install/image_directory_publisher:/home/david/yolocpp_ws/install/docs_turtlesim:/home/david/yolocpp_ws/install/bboxes_ex_msgs:/opt/vulcanexus/humble:/home/david/yolocpp_ws/install/microservers_py:/home/david/yolocpp_ws/install/clients_py:/opt/ros/humble LD_LIBRARY_PATH=/home/david/yolocpp_ws/install/yolo_custom_interfaces/lib:/home/david/yolocpp_ws/install/pylon_instant_camera/lib:/home/david/yolocpp_ws/install/image_directory_publisher/lib:/home/david/yolocpp_ws/install/docs_turtlesim/lib:/home/david/yolocpp_ws/install/bboxes_ex_msgs/lib:/opt/vulcanexus/humble/lib:/opt/pylon/lib:/opt/ros/humble/opt/rviz_ogre_vendor/lib:/opt/ros/humble/lib/x86_64-linux-gnu:/opt/ros/humble/lib:/usr/local/cuda/lib64:/usr/local/cuda-11.2/lib64:/usr/local/cuda-11.2/lib64:/home/david/onnxruntime-linux-x64-gpu-1.22.0/lib PROMPT_COMMAND=echo -n \[$(date +%H:%M:%S)\]\ /home/david/.local/bin/cmake --build /home/david/yolocpp_ws/build/seg_sub -- -j32 -l32
[0.076s] [ 50%] Built target chrono
[0.094s] [ 75%] [32mBuilding CXX object CMakeFiles/seg_sub_node.dir/src/seg_sub.cpp.o[0m
[4.346s] [100%] [32m[1mLinking CXX executable seg_sub_node[0m
[4.565s] [100%] Built target seg_sub_node
[4.571s] Invoked command in '/home/david/yolocpp_ws/build/seg_sub' returned '0': CMAKE_PREFIX_PATH=/home/david/yolocpp_ws/install/yolo_custom_interfaces:/home/david/yolocpp_ws/install/zoe_bringup:/home/david/yolocpp_ws/install/yolocpp:/home/david/yolocpp_ws/install/tensorrt_yolo:/home/david/yolocpp_ws/install/seg_sub:/home/david/yolocpp_ws/install/pylon_instant_camera:/home/david/yolocpp_ws/install/monitor_tutorial:/home/david/yolocpp_ws/install/monitor_sql_tutorial:/home/david/yolocpp_ws/install/image_directory_publisher:/home/david/yolocpp_ws/install/docs_turtlesim:/home/david/yolocpp_ws/install/bboxes_ex_msgs:/opt/vulcanexus/humble:/home/david/yolocpp_ws/install/microservers_py:/home/david/yolocpp_ws/install/clients_py:/opt/ros/humble LD_LIBRARY_PATH=/home/david/yolocpp_ws/install/yolo_custom_interfaces/lib:/home/david/yolocpp_ws/install/pylon_instant_camera/lib:/home/david/yolocpp_ws/install/image_directory_publisher/lib:/home/david/yolocpp_ws/install/docs_turtlesim/lib:/home/david/yolocpp_ws/install/bboxes_ex_msgs/lib:/opt/vulcanexus/humble/lib:/opt/pylon/lib:/opt/ros/humble/opt/rviz_ogre_vendor/lib:/opt/ros/humble/lib/x86_64-linux-gnu:/opt/ros/humble/lib:/usr/local/cuda/lib64:/usr/local/cuda-11.2/lib64:/usr/local/cuda-11.2/lib64:/home/david/onnxruntime-linux-x64-gpu-1.22.0/lib PROMPT_COMMAND=echo -n \[$(date +%H:%M:%S)\]\ /home/david/.local/bin/cmake --build /home/david/yolocpp_ws/build/seg_sub -- -j32 -l32
[4.573s] Invoking command in '/home/david/yolocpp_ws/build/seg_sub': CMAKE_PREFIX_PATH=/home/david/yolocpp_ws/install/yolo_custom_interfaces:/home/david/yolocpp_ws/install/zoe_bringup:/home/david/yolocpp_ws/install/yolocpp:/home/david/yolocpp_ws/install/tensorrt_yolo:/home/david/yolocpp_ws/install/seg_sub:/home/david/yolocpp_ws/install/pylon_instant_camera:/home/david/yolocpp_ws/install/monitor_tutorial:/home/david/yolocpp_ws/install/monitor_sql_tutorial:/home/david/yolocpp_ws/install/image_directory_publisher:/home/david/yolocpp_ws/install/docs_turtlesim:/home/david/yolocpp_ws/install/bboxes_ex_msgs:/opt/vulcanexus/humble:/home/david/yolocpp_ws/install/microservers_py:/home/david/yolocpp_ws/install/clients_py:/opt/ros/humble LD_LIBRARY_PATH=/home/david/yolocpp_ws/install/yolo_custom_interfaces/lib:/home/david/yolocpp_ws/install/pylon_instant_camera/lib:/home/david/yolocpp_ws/install/image_directory_publisher/lib:/home/david/yolocpp_ws/install/docs_turtlesim/lib:/home/david/yolocpp_ws/install/bboxes_ex_msgs/lib:/opt/vulcanexus/humble/lib:/opt/pylon/lib:/opt/ros/humble/opt/rviz_ogre_vendor/lib:/opt/ros/humble/lib/x86_64-linux-gnu:/opt/ros/humble/lib:/usr/local/cuda/lib64:/usr/local/cuda-11.2/lib64:/usr/local/cuda-11.2/lib64:/home/david/onnxruntime-linux-x64-gpu-1.22.0/lib PROMPT_COMMAND=echo -n \[$(date +%H:%M:%S)\]\ /home/david/.local/bin/cmake --install /home/david/yolocpp_ws/build/seg_sub
[4.590s] -- Install configuration: ""
[4.590s] -- Up-to-date: /home/david/yolocpp_ws/install/seg_sub/lib/seg_sub/libchrono.so
[4.591s] -- Installing: /home/david/yolocpp_ws/install/seg_sub/lib/seg_sub/seg_sub_node
[4.594s] -- Set runtime path of "/home/david/yolocpp_ws/install/seg_sub/lib/seg_sub/seg_sub_node" to ""
[4.594s] -- Up-to-date: /home/david/yolocpp_ws/install/seg_sub/share/seg_sub/launch
[4.594s] -- Up-to-date: /home/david/yolocpp_ws/install/seg_sub/share/seg_sub/launch/seg_sub.launch.py
[4.594s] -- Up-to-date: /home/david/yolocpp_ws/install/seg_sub/share/seg_sub/include
[4.594s] -- Up-to-date: /home/david/yolocpp_ws/install/seg_sub/share/seg_sub/include/chrono
[4.594s] -- Up-to-date: /home/david/yolocpp_ws/install/seg_sub/share/seg_sub/include/chrono/ChronoTimer.hpp
[4.594s] -- Up-to-date: /home/david/yolocpp_ws/install/seg_sub/share/seg_sub/include/chrono/ChronoTimer.cpp
[4.594s] -- Up-to-date: /home/david/yolocpp_ws/install/seg_sub/share/ament_index/resource_index/package_run_dependencies/seg_sub
[4.594s] -- Up-to-date: /home/david/yolocpp_ws/install/seg_sub/share/ament_index/resource_index/parent_prefix_path/seg_sub
[4.594s] -- Up-to-date: /home/david/yolocpp_ws/install/seg_sub/share/seg_sub/environment/ament_prefix_path.sh
[4.594s] -- Up-to-date: /home/david/yolocpp_ws/install/seg_sub/share/seg_sub/environment/ament_prefix_path.dsv
[4.594s] -- Up-to-date: /home/david/yolocpp_ws/install/seg_sub/share/seg_sub/environment/path.sh
[4.594s] -- Up-to-date: /home/david/yolocpp_ws/install/seg_sub/share/seg_sub/environment/path.dsv
[4.594s] -- Up-to-date: /home/david/yolocpp_ws/install/seg_sub/share/seg_sub/local_setup.bash
[4.594s] -- Up-to-date: /home/david/yolocpp_ws/install/seg_sub/share/seg_sub/local_setup.sh
[4.594s] -- Up-to-date: /home/david/yolocpp_ws/install/seg_sub/share/seg_sub/local_setup.zsh
[4.594s] -- Up-to-date: /home/david/yolocpp_ws/install/seg_sub/share/seg_sub/local_setup.dsv
[4.594s] -- Installing: /home/david/yolocpp_ws/install/seg_sub/share/seg_sub/package.dsv
[4.595s] -- Up-to-date: /home/david/yolocpp_ws/install/seg_sub/share/ament_index/resource_index/packages/seg_sub
[4.595s] -- Up-to-date: /home/david/yolocpp_ws/install/seg_sub/share/seg_sub/cmake/seg_subConfig.cmake
[4.595s] -- Up-to-date: /home/david/yolocpp_ws/install/seg_sub/share/seg_sub/cmake/seg_subConfig-version.cmake
[4.595s] -- Up-to-date: /home/david/yolocpp_ws/install/seg_sub/share/seg_sub/package.xml
[4.597s] Invoked command in '/home/david/yolocpp_ws/build/seg_sub' returned '0': CMAKE_PREFIX_PATH=/home/david/yolocpp_ws/install/yolo_custom_interfaces:/home/david/yolocpp_ws/install/zoe_bringup:/home/david/yolocpp_ws/install/yolocpp:/home/david/yolocpp_ws/install/tensorrt_yolo:/home/david/yolocpp_ws/install/seg_sub:/home/david/yolocpp_ws/install/pylon_instant_camera:/home/david/yolocpp_ws/install/monitor_tutorial:/home/david/yolocpp_ws/install/monitor_sql_tutorial:/home/david/yolocpp_ws/install/image_directory_publisher:/home/david/yolocpp_ws/install/docs_turtlesim:/home/david/yolocpp_ws/install/bboxes_ex_msgs:/opt/vulcanexus/humble:/home/david/yolocpp_ws/install/microservers_py:/home/david/yolocpp_ws/install/clients_py:/opt/ros/humble LD_LIBRARY_PATH=/home/david/yolocpp_ws/install/yolo_custom_interfaces/lib:/home/david/yolocpp_ws/install/pylon_instant_camera/lib:/home/david/yolocpp_ws/install/image_directory_publisher/lib:/home/david/yolocpp_ws/install/docs_turtlesim/lib:/home/david/yolocpp_ws/install/bboxes_ex_msgs/lib:/opt/vulcanexus/humble/lib:/opt/pylon/lib:/opt/ros/humble/opt/rviz_ogre_vendor/lib:/opt/ros/humble/lib/x86_64-linux-gnu:/opt/ros/humble/lib:/usr/local/cuda/lib64:/usr/local/cuda-11.2/lib64:/usr/local/cuda-11.2/lib64:/home/david/onnxruntime-linux-x64-gpu-1.22.0/lib PROMPT_COMMAND=echo -n \[$(date +%H:%M:%S)\]\ /home/david/.local/bin/cmake --install /home/david/yolocpp_ws/build/seg_sub
