[0.008s] Invoking command in '/home/david/yolocpp_ws/build/seg_sub': AMENT_PREFIX_PATH=/home/david/yolocpp_ws/install/yolo_custom_interfaces:${AMENT_PREFIX_PATH} CMAKE_PREFIX_PATH=/home/david/yolocpp_ws/install/yolo_custom_interfaces:/opt/ros/humble LD_LIBRARY_PATH=/home/david/yolocpp_ws/install/yolo_custom_interfaces/lib:/opt/pylon/lib:/opt/ros/humble/opt/rviz_ogre_vendor/lib:/opt/ros/humble/lib/x86_64-linux-gnu:/opt/ros/humble/lib:/usr/local/cuda/lib64:/usr/local/cuda-11.2/lib64:/usr/local/cuda-11.2/lib64:/home/david/onnxruntime-linux-x64-gpu-1.22.0/lib PROMPT_COMMAND=echo -n \[$(date +%H:%M:%S)\]\ PYTHONPATH=/home/david/yolocpp_ws/install/yolo_custom_interfaces/local/lib/python3.10/dist-packages:${PYTHONPATH} /home/david/.local/bin/cmake /home/david/yolocpp_ws/src/seg_sub -DTRT_PATH=/usr -DCMAKE_CUDA_ARCHITECTURES=89 -DCMAKE_CUDA_COMPILER=/usr/local/cuda-12.9/bin/nvcc -DCMAKE_INSTALL_PREFIX=/home/david/yolocpp_ws/install/seg_sub
[0.068s] -- The C compiler identification is GNU 11.4.0
[0.106s] -- The CXX compiler identification is GNU 11.4.0
[0.112s] -- Detecting C compiler ABI info
[0.156s] -- Detecting C compiler ABI info - done
[0.163s] -- Check for working C compiler: /usr/bin/cc - skipped
[0.163s] -- Detecting C compile features
[0.163s] -- Detecting C compile features - done
[0.165s] -- Detecting CXX compiler ABI info
[0.217s] -- Detecting CXX compiler ABI info - done
[0.223s] -- Check for working CXX compiler: /usr/bin/c++ - skipped
[0.223s] -- Detecting CXX compile features
[0.223s] -- Detecting CXX compile features - done
[0.225s] -- Found ament_cmake: 1.3.11 (/opt/ros/humble/share/ament_cmake/cmake)
[0.313s] -- Found Python3: /usr/bin/python3 (found version "3.10.12") found components: Interpreter 
[0.373s] -- Found rclcpp: 16.0.12 (/opt/ros/humble/share/rclcpp/cmake)
[0.409s] -- Found rosidl_generator_c: 3.1.6 (/opt/ros/humble/share/rosidl_generator_c/cmake)
[0.412s] -- Found rosidl_adapter: 3.1.6 (/opt/ros/humble/share/rosidl_adapter/cmake)
[0.418s] -- Found rosidl_generator_cpp: 3.1.6 (/opt/ros/humble/share/rosidl_generator_cpp/cmake)
[0.426s] -- Using all available rosidl_typesupport_c: rosidl_typesupport_fastrtps_c;rosidl_typesupport_introspection_c
[0.437s] -- Using all available rosidl_typesupport_cpp: rosidl_typesupport_fastrtps_cpp;rosidl_typesupport_introspection_cpp
[0.465s] -- Found rmw_implementation_cmake: 6.1.2 (/opt/ros/humble/share/rmw_implementation_cmake/cmake)
[0.467s] -- Found rmw_fastrtps_cpp: 6.2.7 (/opt/ros/humble/share/rmw_fastrtps_cpp/cmake)
[0.526s] -- Found OpenSSL: /usr/lib/x86_64-linux-gnu/libcrypto.so (found version "3.0.2")  
[0.547s] -- Found FastRTPS: /opt/ros/humble/include  
[0.577s] -- Using RMW implementation 'rmw_fastrtps_cpp' as default
[0.583s] -- Performing Test CMAKE_HAVE_LIBC_PTHREAD
[0.628s] -- Performing Test CMAKE_HAVE_LIBC_PTHREAD - Success
[0.629s] -- Found Threads: TRUE  
[0.661s] -- Found yolo_custom_interfaces: 0.0.0 (/home/david/yolocpp_ws/install/yolo_custom_interfaces/share/yolo_custom_interfaces/cmake)
[0.693s] -- Found cv_bridge: 3.2.1 (/opt/ros/humble/share/cv_bridge/cmake)
[0.702s] -- Found OpenCV: /usr/local (found version "3.4.20") 
[0.758s] -- Configuring done
[0.766s] -- Generating done
[0.767s] [33mCMake Warning:
[0.767s]   Manually-specified variables were not used by the project:
[0.767s] 
[0.767s]     CMAKE_CUDA_COMPILER
[0.767s]     TRT_PATH
[0.767s] 
[0.767s] [0m
[0.769s] -- Build files have been written to: /home/david/yolocpp_ws/build/seg_sub
[0.777s] Invoked command in '/home/david/yolocpp_ws/build/seg_sub' returned '0': AMENT_PREFIX_PATH=/home/david/yolocpp_ws/install/yolo_custom_interfaces:${AMENT_PREFIX_PATH} CMAKE_PREFIX_PATH=/home/david/yolocpp_ws/install/yolo_custom_interfaces:/opt/ros/humble LD_LIBRARY_PATH=/home/david/yolocpp_ws/install/yolo_custom_interfaces/lib:/opt/pylon/lib:/opt/ros/humble/opt/rviz_ogre_vendor/lib:/opt/ros/humble/lib/x86_64-linux-gnu:/opt/ros/humble/lib:/usr/local/cuda/lib64:/usr/local/cuda-11.2/lib64:/usr/local/cuda-11.2/lib64:/home/david/onnxruntime-linux-x64-gpu-1.22.0/lib PROMPT_COMMAND=echo -n \[$(date +%H:%M:%S)\]\ PYTHONPATH=/home/david/yolocpp_ws/install/yolo_custom_interfaces/local/lib/python3.10/dist-packages:${PYTHONPATH} /home/david/.local/bin/cmake /home/david/yolocpp_ws/src/seg_sub -DTRT_PATH=/usr -DCMAKE_CUDA_ARCHITECTURES=89 -DCMAKE_CUDA_COMPILER=/usr/local/cuda-12.9/bin/nvcc -DCMAKE_INSTALL_PREFIX=/home/david/yolocpp_ws/install/seg_sub
[0.779s] Invoking command in '/home/david/yolocpp_ws/build/seg_sub': AMENT_PREFIX_PATH=/home/david/yolocpp_ws/install/yolo_custom_interfaces:${AMENT_PREFIX_PATH} CMAKE_PREFIX_PATH=/home/david/yolocpp_ws/install/yolo_custom_interfaces:/opt/ros/humble LD_LIBRARY_PATH=/home/david/yolocpp_ws/install/yolo_custom_interfaces/lib:/opt/pylon/lib:/opt/ros/humble/opt/rviz_ogre_vendor/lib:/opt/ros/humble/lib/x86_64-linux-gnu:/opt/ros/humble/lib:/usr/local/cuda/lib64:/usr/local/cuda-11.2/lib64:/usr/local/cuda-11.2/lib64:/home/david/onnxruntime-linux-x64-gpu-1.22.0/lib PROMPT_COMMAND=echo -n \[$(date +%H:%M:%S)\]\ PYTHONPATH=/home/david/yolocpp_ws/install/yolo_custom_interfaces/local/lib/python3.10/dist-packages:${PYTHONPATH} /home/david/.local/bin/cmake --build /home/david/yolocpp_ws/build/seg_sub -- -j32 -l32
[0.811s] [ 25%] [32mBuilding CXX object CMakeFiles/chrono.dir/include/chrono/ChronoTimer.cpp.o[0m
[0.980s] [ 50%] [32m[1mLinking CXX shared library libchrono.so[0m
[1.015s] [ 50%] Built target chrono
[1.024s] [ 75%] [32mBuilding CXX object CMakeFiles/seg_sub_node.dir/src/seg_sub.cpp.o[0m
[5.952s] [100%] [32m[1mLinking CXX executable seg_sub_node[0m
[6.201s] [100%] Built target seg_sub_node
[6.208s] Invoked command in '/home/david/yolocpp_ws/build/seg_sub' returned '0': AMENT_PREFIX_PATH=/home/david/yolocpp_ws/install/yolo_custom_interfaces:${AMENT_PREFIX_PATH} CMAKE_PREFIX_PATH=/home/david/yolocpp_ws/install/yolo_custom_interfaces:/opt/ros/humble LD_LIBRARY_PATH=/home/david/yolocpp_ws/install/yolo_custom_interfaces/lib:/opt/pylon/lib:/opt/ros/humble/opt/rviz_ogre_vendor/lib:/opt/ros/humble/lib/x86_64-linux-gnu:/opt/ros/humble/lib:/usr/local/cuda/lib64:/usr/local/cuda-11.2/lib64:/usr/local/cuda-11.2/lib64:/home/david/onnxruntime-linux-x64-gpu-1.22.0/lib PROMPT_COMMAND=echo -n \[$(date +%H:%M:%S)\]\ PYTHONPATH=/home/david/yolocpp_ws/install/yolo_custom_interfaces/local/lib/python3.10/dist-packages:${PYTHONPATH} /home/david/.local/bin/cmake --build /home/david/yolocpp_ws/build/seg_sub -- -j32 -l32
[6.209s] Invoking command in '/home/david/yolocpp_ws/build/seg_sub': AMENT_PREFIX_PATH=/home/david/yolocpp_ws/install/yolo_custom_interfaces:${AMENT_PREFIX_PATH} CMAKE_PREFIX_PATH=/home/david/yolocpp_ws/install/yolo_custom_interfaces:/opt/ros/humble LD_LIBRARY_PATH=/home/david/yolocpp_ws/install/yolo_custom_interfaces/lib:/opt/pylon/lib:/opt/ros/humble/opt/rviz_ogre_vendor/lib:/opt/ros/humble/lib/x86_64-linux-gnu:/opt/ros/humble/lib:/usr/local/cuda/lib64:/usr/local/cuda-11.2/lib64:/usr/local/cuda-11.2/lib64:/home/david/onnxruntime-linux-x64-gpu-1.22.0/lib PROMPT_COMMAND=echo -n \[$(date +%H:%M:%S)\]\ PYTHONPATH=/home/david/yolocpp_ws/install/yolo_custom_interfaces/local/lib/python3.10/dist-packages:${PYTHONPATH} /home/david/.local/bin/cmake --install /home/david/yolocpp_ws/build/seg_sub
[6.229s] -- Install configuration: ""
[6.229s] -- Installing: /home/david/yolocpp_ws/install/seg_sub/lib/seg_sub/libchrono.so
[6.229s] -- Installing: /home/david/yolocpp_ws/install/seg_sub/lib/seg_sub/seg_sub_node
[6.231s] -- Set runtime path of "/home/david/yolocpp_ws/install/seg_sub/lib/seg_sub/seg_sub_node" to ""
[6.231s] -- Installing: /home/david/yolocpp_ws/install/seg_sub/share/seg_sub/launch
[6.231s] -- Installing: /home/david/yolocpp_ws/install/seg_sub/share/seg_sub/launch/seg_sub.launch.py
[6.231s] -- Installing: /home/david/yolocpp_ws/install/seg_sub/share/seg_sub/include
[6.231s] -- Installing: /home/david/yolocpp_ws/install/seg_sub/share/seg_sub/include/chrono
[6.232s] -- Installing: /home/david/yolocpp_ws/install/seg_sub/share/seg_sub/include/chrono/ChronoTimer.hpp
[6.232s] -- Installing: /home/david/yolocpp_ws/install/seg_sub/share/seg_sub/include/chrono/ChronoTimer.cpp
[6.232s] -- Installing: /home/david/yolocpp_ws/install/seg_sub/share/ament_index/resource_index/package_run_dependencies/seg_sub
[6.232s] -- Installing: /home/david/yolocpp_ws/install/seg_sub/share/ament_index/resource_index/parent_prefix_path/seg_sub
[6.232s] -- Installing: /home/david/yolocpp_ws/install/seg_sub/share/seg_sub/environment/ament_prefix_path.sh
[6.232s] -- Installing: /home/david/yolocpp_ws/install/seg_sub/share/seg_sub/environment/ament_prefix_path.dsv
[6.232s] -- Installing: /home/david/yolocpp_ws/install/seg_sub/share/seg_sub/environment/path.sh
[6.232s] -- Installing: /home/david/yolocpp_ws/install/seg_sub/share/seg_sub/environment/path.dsv
[6.232s] -- Installing: /home/david/yolocpp_ws/install/seg_sub/share/seg_sub/local_setup.bash
[6.232s] -- Installing: /home/david/yolocpp_ws/install/seg_sub/share/seg_sub/local_setup.sh
[6.232s] -- Installing: /home/david/yolocpp_ws/install/seg_sub/share/seg_sub/local_setup.zsh
[6.232s] -- Installing: /home/david/yolocpp_ws/install/seg_sub/share/seg_sub/local_setup.dsv
[6.232s] -- Installing: /home/david/yolocpp_ws/install/seg_sub/share/seg_sub/package.dsv
[6.232s] -- Installing: /home/david/yolocpp_ws/install/seg_sub/share/ament_index/resource_index/packages/seg_sub
[6.232s] -- Installing: /home/david/yolocpp_ws/install/seg_sub/share/seg_sub/cmake/seg_subConfig.cmake
[6.232s] -- Installing: /home/david/yolocpp_ws/install/seg_sub/share/seg_sub/cmake/seg_subConfig-version.cmake
[6.232s] -- Installing: /home/david/yolocpp_ws/install/seg_sub/share/seg_sub/package.xml
[6.237s] Invoked command in '/home/david/yolocpp_ws/build/seg_sub' returned '0': AMENT_PREFIX_PATH=/home/david/yolocpp_ws/install/yolo_custom_interfaces:${AMENT_PREFIX_PATH} CMAKE_PREFIX_PATH=/home/david/yolocpp_ws/install/yolo_custom_interfaces:/opt/ros/humble LD_LIBRARY_PATH=/home/david/yolocpp_ws/install/yolo_custom_interfaces/lib:/opt/pylon/lib:/opt/ros/humble/opt/rviz_ogre_vendor/lib:/opt/ros/humble/lib/x86_64-linux-gnu:/opt/ros/humble/lib:/usr/local/cuda/lib64:/usr/local/cuda-11.2/lib64:/usr/local/cuda-11.2/lib64:/home/david/onnxruntime-linux-x64-gpu-1.22.0/lib PROMPT_COMMAND=echo -n \[$(date +%H:%M:%S)\]\ PYTHONPATH=/home/david/yolocpp_ws/install/yolo_custom_interfaces/local/lib/python3.10/dist-packages:${PYTHONPATH} /home/david/.local/bin/cmake --install /home/david/yolocpp_ws/build/seg_sub
