-- The C compiler identification is GNU 11.4.0
-- The CXX compiler identification is GNU 11.4.0
-- Detecting C compiler ABI info
-- Detecting C compiler ABI info - done
-- Check for working C compiler: /bin/cc - skipped
-- Detecting C compile features
-- Detecting C compile features - done
-- Detecting CXX compiler ABI info
-- Detecting CXX compiler ABI info - done
-- Check for working CXX compiler: /bin/c++ - skipped
-- Detecting CXX compile features
-- Detecting CXX compile features - done
-- Found ament_cmake: 1.3.11 (/opt/ros/humble/share/ament_cmake/cmake)
-- Found Python3: /bin/python3 (found version "3.10.12") found components: Interpreter 
-- Found rclcpp: 16.0.12 (/opt/ros/humble/share/rclcpp/cmake)
-- Found rosidl_generator_c: 3.1.6 (/opt/ros/humble/share/rosidl_generator_c/cmake)
-- Found rosidl_adapter: 3.1.6 (/opt/ros/humble/share/rosidl_adapter/cmake)
-- Found rosidl_generator_cpp: 3.1.6 (/opt/ros/humble/share/rosidl_generator_cpp/cmake)
-- Using all available rosidl_typesupport_c: rosidl_typesupport_fastrtps_c;rosidl_typesupport_introspection_c
-- Using all available rosidl_typesupport_cpp: rosidl_typesupport_fastrtps_cpp;rosidl_typesupport_introspection_cpp
-- Found rmw_implementation_cmake: 6.1.2 (/opt/ros/humble/share/rmw_implementation_cmake/cmake)
-- Found rmw_fastrtps_cpp: 6.2.7 (/opt/ros/humble/share/rmw_fastrtps_cpp/cmake)
-- Found OpenSSL: /usr/lib/x86_64-linux-gnu/libcrypto.so (found version "3.0.2")  
-- Found FastRTPS: /opt/ros/humble/include  
-- Using RMW implementation 'rmw_fastrtps_cpp' as default
-- Looking for pthread.h
-- Looking for pthread.h - found
-- Performing Test CMAKE_HAVE_LIBC_PTHREAD
-- Performing Test CMAKE_HAVE_LIBC_PTHREAD - Success
-- Found Threads: TRUE  
-- Found rclcpp_components: 16.0.12 (/opt/ros/humble/share/rclcpp_components/cmake)
-- Found image_transport: 3.1.12 (/opt/ros/humble/share/image_transport/cmake)
-- Found camera_calibration_parsers: 3.1.12 (/opt/ros/humble/share/camera_calibration_parsers/cmake)
-- Configuring done
-- Generating done
[33mCMake Warning:
  Manually-specified variables were not used by the project:

    CMAKE_CUDA_COMPILER
    TRT_PATH

[0m
-- Build files have been written to: /home/david/yolocpp_ws/build/pylon_instant_camera
[ 25%] [32mBuilding CXX object CMakeFiles/PylonCameraNode.dir/src/main.cpp.o[0m
[ 50%] [32mBuilding CXX object CMakeFiles/node.dir/rclcpp_components/node_main_node.cpp.o[0m
[01m[K/home/david/yolocpp_ws/src/pylon_instant_camera-ros2/src/main.cpp:[m[K In member function ‘[01m[Ksensor_msgs::msg::Image* pylon_instant_camera::PylonCameraNode::pylon_result_to_image_message(Pylon::CGrabResultPtr&)[m[K’:
[01m[K/home/david/yolocpp_ws/src/pylon_instant_camera-ros2/src/main.cpp:248:18:[m[K [01;35m[Kwarning: [m[Kunused variable ‘[01m[Ktimestamp_camera[m[K’ [[01;35m[K]8;;https://gcc.gnu.org/onlinedocs/gcc/Warning-Options.html#index-Wunused-variable-Wunused-variable]8;;[m[K]
  248 |         uint64_t [01;35m[Ktimestamp_camera[m[K = ptrGrabResult->GetTimeStamp();
      |                  [01;35m[K^~~~~~~~~~~~~~~~[m[K
[ 75%] [32m[1mLinking CXX executable node[0m
[ 75%] Built target node
[100%] [32m[1mLinking CXX shared library libPylonCameraNode.so[0m
[100%] Built target PylonCameraNode
