[  2%] Built target tensorrt_yolo__cpp
[  9%] Built target tensorrt_yolo__rosidl_generator_c
[  9%] Built target ament_cmake_python_copy_tensorrt_yolo
[ 29%] Built target deploy
[ 36%] Built target tensorrt_yolo__rosidl_typesupport_cpp
[ 43%] Built target tensorrt_yolo__rosidl_typesupport_introspection_cpp
[ 51%] Built target tensorrt_yolo__rosidl_typesupport_c
[ 58%] Built target tensorrt_yolo__rosidl_typesupport_fastrtps_cpp
[ 65%] Built target tensorrt_yolo__rosidl_typesupport_fastrtps_c
[ 73%] Built target tensorrt_yolo__rosidl_typesupport_introspection_c
[ 73%] Built target tensorrt_yolo
[ 75%] [32mBuilding CXX object CMakeFiles/segment_node.dir/src/segment_node.cpp.o[0m
[ 78%] Built target tensorrt_yolo__py
[ 82%] Built target tensorrt_yolo__rosidl_generator_py
[ 87%] Built target tensorrt_yolo__rosidl_typesupport_fastrtps_c__pyext
[ 92%] Built target tensorrt_yolo__rosidl_typesupport_introspection_c__pyext
[ 97%] Built target tensorrt_yolo__rosidl_typesupport_c__pyext
running egg_info
writing tensorrt_yolo.egg-info/PKG-INFO
writing dependency_links to tensorrt_yolo.egg-info/dependency_links.txt
writing top-level names to tensorrt_yolo.egg-info/top_level.txt
reading manifest file 'tensorrt_yolo.egg-info/SOURCES.txt'
writing manifest file 'tensorrt_yolo.egg-info/SOURCES.txt'
[ 97%] Built target ament_cmake_python_build_tensorrt_yolo_egg
[100%] [32m[1mLinking CXX executable segment_node[0m
[100%] Built target segment_node
-- Install configuration: ""
-- Installing: /home/david/yolocpp_ws/install/tensorrt_yolo/share/ament_index/resource_index/rosidl_interfaces/tensorrt_yolo
-- Installing: /home/david/yolocpp_ws/install/tensorrt_yolo/include/tensorrt_yolo/tensorrt_yolo
-- Installing: /home/david/yolocpp_ws/install/tensorrt_yolo/include/tensorrt_yolo/tensorrt_yolo/msg
-- Installing: /home/david/yolocpp_ws/install/tensorrt_yolo/include/tensorrt_yolo/tensorrt_yolo/msg/rosidl_generator_c__visibility_control.h
-- Installing: /home/david/yolocpp_ws/install/tensorrt_yolo/include/tensorrt_yolo/tensorrt_yolo/msg/detail
-- Installing: /home/david/yolocpp_ws/install/tensorrt_yolo/include/tensorrt_yolo/tensorrt_yolo/msg/detail/segmentation_output__functions.h
-- Installing: /home/david/yolocpp_ws/install/tensorrt_yolo/include/tensorrt_yolo/tensorrt_yolo/msg/detail/segmentation_output__functions.c
-- Installing: /home/david/yolocpp_ws/install/tensorrt_yolo/include/tensorrt_yolo/tensorrt_yolo/msg/detail/segmentation_output__struct.h
-- Installing: /home/david/yolocpp_ws/install/tensorrt_yolo/include/tensorrt_yolo/tensorrt_yolo/msg/detail/segmentation_output__type_support.h
-- Installing: /home/david/yolocpp_ws/install/tensorrt_yolo/include/tensorrt_yolo/tensorrt_yolo/msg/segmentation_output.h
-- Installing: /home/david/yolocpp_ws/install/tensorrt_yolo/share/tensorrt_yolo/environment/library_path.sh
-- Installing: /home/david/yolocpp_ws/install/tensorrt_yolo/share/tensorrt_yolo/environment/library_path.dsv
-- Installing: /home/david/yolocpp_ws/install/tensorrt_yolo/lib/libtensorrt_yolo__rosidl_generator_c.so
-- Set runtime path of "/home/david/yolocpp_ws/install/tensorrt_yolo/lib/libtensorrt_yolo__rosidl_generator_c.so" to ""
-- Up-to-date: /home/david/yolocpp_ws/install/tensorrt_yolo/include/tensorrt_yolo/tensorrt_yolo
-- Up-to-date: /home/david/yolocpp_ws/install/tensorrt_yolo/include/tensorrt_yolo/tensorrt_yolo/msg
-- Installing: /home/david/yolocpp_ws/install/tensorrt_yolo/include/tensorrt_yolo/tensorrt_yolo/msg/rosidl_typesupport_fastrtps_c__visibility_control.h
-- Up-to-date: /home/david/yolocpp_ws/install/tensorrt_yolo/include/tensorrt_yolo/tensorrt_yolo/msg/detail
-- Installing: /home/david/yolocpp_ws/install/tensorrt_yolo/include/tensorrt_yolo/tensorrt_yolo/msg/detail/segmentation_output__rosidl_typesupport_fastrtps_c.h
-- Installing: /home/david/yolocpp_ws/install/tensorrt_yolo/lib/libtensorrt_yolo__rosidl_typesupport_fastrtps_c.so
-- Set runtime path of "/home/david/yolocpp_ws/install/tensorrt_yolo/lib/libtensorrt_yolo__rosidl_typesupport_fastrtps_c.so" to ""
-- Up-to-date: /home/david/yolocpp_ws/install/tensorrt_yolo/include/tensorrt_yolo/tensorrt_yolo
-- Up-to-date: /home/david/yolocpp_ws/install/tensorrt_yolo/include/tensorrt_yolo/tensorrt_yolo/msg
-- Up-to-date: /home/david/yolocpp_ws/install/tensorrt_yolo/include/tensorrt_yolo/tensorrt_yolo/msg/detail
-- Installing: /home/david/yolocpp_ws/install/tensorrt_yolo/include/tensorrt_yolo/tensorrt_yolo/msg/detail/segmentation_output__type_support.hpp
-- Installing: /home/david/yolocpp_ws/install/tensorrt_yolo/include/tensorrt_yolo/tensorrt_yolo/msg/detail/segmentation_output__struct.hpp
-- Installing: /home/david/yolocpp_ws/install/tensorrt_yolo/include/tensorrt_yolo/tensorrt_yolo/msg/detail/segmentation_output__traits.hpp
-- Installing: /home/david/yolocpp_ws/install/tensorrt_yolo/include/tensorrt_yolo/tensorrt_yolo/msg/detail/segmentation_output__builder.hpp
-- Installing: /home/david/yolocpp_ws/install/tensorrt_yolo/include/tensorrt_yolo/tensorrt_yolo/msg/segmentation_output.hpp
-- Installing: /home/david/yolocpp_ws/install/tensorrt_yolo/include/tensorrt_yolo/tensorrt_yolo/msg/rosidl_generator_cpp__visibility_control.hpp
-- Up-to-date: /home/david/yolocpp_ws/install/tensorrt_yolo/include/tensorrt_yolo/tensorrt_yolo
-- Up-to-date: /home/david/yolocpp_ws/install/tensorrt_yolo/include/tensorrt_yolo/tensorrt_yolo/msg
-- Up-to-date: /home/david/yolocpp_ws/install/tensorrt_yolo/include/tensorrt_yolo/tensorrt_yolo/msg/detail
-- Installing: /home/david/yolocpp_ws/install/tensorrt_yolo/include/tensorrt_yolo/tensorrt_yolo/msg/detail/segmentation_output__rosidl_typesupport_fastrtps_cpp.hpp
-- Installing: /home/david/yolocpp_ws/install/tensorrt_yolo/include/tensorrt_yolo/tensorrt_yolo/msg/detail/dds_fastrtps
-- Installing: /home/david/yolocpp_ws/install/tensorrt_yolo/include/tensorrt_yolo/tensorrt_yolo/msg/rosidl_typesupport_fastrtps_cpp__visibility_control.h
-- Installing: /home/david/yolocpp_ws/install/tensorrt_yolo/lib/libtensorrt_yolo__rosidl_typesupport_fastrtps_cpp.so
-- Set runtime path of "/home/david/yolocpp_ws/install/tensorrt_yolo/lib/libtensorrt_yolo__rosidl_typesupport_fastrtps_cpp.so" to ""
-- Up-to-date: /home/david/yolocpp_ws/install/tensorrt_yolo/include/tensorrt_yolo/tensorrt_yolo
-- Up-to-date: /home/david/yolocpp_ws/install/tensorrt_yolo/include/tensorrt_yolo/tensorrt_yolo/msg
-- Installing: /home/david/yolocpp_ws/install/tensorrt_yolo/include/tensorrt_yolo/tensorrt_yolo/msg/rosidl_typesupport_introspection_c__visibility_control.h
-- Up-to-date: /home/david/yolocpp_ws/install/tensorrt_yolo/include/tensorrt_yolo/tensorrt_yolo/msg/detail
-- Installing: /home/david/yolocpp_ws/install/tensorrt_yolo/include/tensorrt_yolo/tensorrt_yolo/msg/detail/segmentation_output__rosidl_typesupport_introspection_c.h
-- Installing: /home/david/yolocpp_ws/install/tensorrt_yolo/include/tensorrt_yolo/tensorrt_yolo/msg/detail/segmentation_output__type_support.c
-- Installing: /home/david/yolocpp_ws/install/tensorrt_yolo/lib/libtensorrt_yolo__rosidl_typesupport_introspection_c.so
-- Set runtime path of "/home/david/yolocpp_ws/install/tensorrt_yolo/lib/libtensorrt_yolo__rosidl_typesupport_introspection_c.so" to ""
-- Installing: /home/david/yolocpp_ws/install/tensorrt_yolo/lib/libtensorrt_yolo__rosidl_typesupport_c.so
-- Set runtime path of "/home/david/yolocpp_ws/install/tensorrt_yolo/lib/libtensorrt_yolo__rosidl_typesupport_c.so" to ""
-- Up-to-date: /home/david/yolocpp_ws/install/tensorrt_yolo/include/tensorrt_yolo/tensorrt_yolo
-- Up-to-date: /home/david/yolocpp_ws/install/tensorrt_yolo/include/tensorrt_yolo/tensorrt_yolo/msg
-- Up-to-date: /home/david/yolocpp_ws/install/tensorrt_yolo/include/tensorrt_yolo/tensorrt_yolo/msg/detail
-- Installing: /home/david/yolocpp_ws/install/tensorrt_yolo/include/tensorrt_yolo/tensorrt_yolo/msg/detail/segmentation_output__type_support.cpp
-- Installing: /home/david/yolocpp_ws/install/tensorrt_yolo/include/tensorrt_yolo/tensorrt_yolo/msg/detail/segmentation_output__rosidl_typesupport_introspection_cpp.hpp
-- Installing: /home/david/yolocpp_ws/install/tensorrt_yolo/lib/libtensorrt_yolo__rosidl_typesupport_introspection_cpp.so
-- Set runtime path of "/home/david/yolocpp_ws/install/tensorrt_yolo/lib/libtensorrt_yolo__rosidl_typesupport_introspection_cpp.so" to ""
-- Installing: /home/david/yolocpp_ws/install/tensorrt_yolo/lib/libtensorrt_yolo__rosidl_typesupport_cpp.so
-- Set runtime path of "/home/david/yolocpp_ws/install/tensorrt_yolo/lib/libtensorrt_yolo__rosidl_typesupport_cpp.so" to ""
-- Installing: /home/david/yolocpp_ws/install/tensorrt_yolo/share/tensorrt_yolo/environment/pythonpath.sh
-- Installing: /home/david/yolocpp_ws/install/tensorrt_yolo/share/tensorrt_yolo/environment/pythonpath.dsv
-- Installing: /home/david/yolocpp_ws/install/tensorrt_yolo/local/lib/python3.10/dist-packages/tensorrt_yolo-0.0.0-py3.10.egg-info
-- Installing: /home/david/yolocpp_ws/install/tensorrt_yolo/local/lib/python3.10/dist-packages/tensorrt_yolo-0.0.0-py3.10.egg-info/PKG-INFO
-- Installing: /home/david/yolocpp_ws/install/tensorrt_yolo/local/lib/python3.10/dist-packages/tensorrt_yolo-0.0.0-py3.10.egg-info/SOURCES.txt
-- Installing: /home/david/yolocpp_ws/install/tensorrt_yolo/local/lib/python3.10/dist-packages/tensorrt_yolo-0.0.0-py3.10.egg-info/dependency_links.txt
-- Installing: /home/david/yolocpp_ws/install/tensorrt_yolo/local/lib/python3.10/dist-packages/tensorrt_yolo-0.0.0-py3.10.egg-info/top_level.txt
-- Installing: /home/david/yolocpp_ws/install/tensorrt_yolo/local/lib/python3.10/dist-packages/tensorrt_yolo
-- Installing: /home/david/yolocpp_ws/install/tensorrt_yolo/local/lib/python3.10/dist-packages/tensorrt_yolo/tensorrt_yolo_s__rosidl_typesupport_introspection_c.cpython-310-x86_64-linux-gnu.so
-- Installing: /home/david/yolocpp_ws/install/tensorrt_yolo/local/lib/python3.10/dist-packages/tensorrt_yolo/_tensorrt_yolo_s.ep.rosidl_typesupport_fastrtps_c.c
-- Installing: /home/david/yolocpp_ws/install/tensorrt_yolo/local/lib/python3.10/dist-packages/tensorrt_yolo/_tensorrt_yolo_s.ep.rosidl_typesupport_c.c
-- Installing: /home/david/yolocpp_ws/install/tensorrt_yolo/local/lib/python3.10/dist-packages/tensorrt_yolo/_tensorrt_yolo_s.ep.rosidl_typesupport_introspection_c.c
-- Installing: /home/david/yolocpp_ws/install/tensorrt_yolo/local/lib/python3.10/dist-packages/tensorrt_yolo/tensorrt_yolo_s__rosidl_typesupport_fastrtps_c.cpython-310-x86_64-linux-gnu.so
-- Installing: /home/david/yolocpp_ws/install/tensorrt_yolo/local/lib/python3.10/dist-packages/tensorrt_yolo/__init__.py
-- Installing: /home/david/yolocpp_ws/install/tensorrt_yolo/local/lib/python3.10/dist-packages/tensorrt_yolo/msg
-- Installing: /home/david/yolocpp_ws/install/tensorrt_yolo/local/lib/python3.10/dist-packages/tensorrt_yolo/msg/_segmentation_output_s.c
-- Installing: /home/david/yolocpp_ws/install/tensorrt_yolo/local/lib/python3.10/dist-packages/tensorrt_yolo/msg/_segmentation_output.py
-- Installing: /home/david/yolocpp_ws/install/tensorrt_yolo/local/lib/python3.10/dist-packages/tensorrt_yolo/msg/__init__.py
-- Installing: /home/david/yolocpp_ws/install/tensorrt_yolo/local/lib/python3.10/dist-packages/tensorrt_yolo/tensorrt_yolo_s__rosidl_typesupport_c.cpython-310-x86_64-linux-gnu.so
-- Installing: /home/david/yolocpp_ws/install/tensorrt_yolo/local/lib/python3.10/dist-packages/tensorrt_yolo/libtensorrt_yolo__rosidl_generator_py.so
Listing '/home/david/yolocpp_ws/install/tensorrt_yolo/local/lib/python3.10/dist-packages/tensorrt_yolo'...
Compiling '/home/david/yolocpp_ws/install/tensorrt_yolo/local/lib/python3.10/dist-packages/tensorrt_yolo/__init__.py'...
Listing '/home/david/yolocpp_ws/install/tensorrt_yolo/local/lib/python3.10/dist-packages/tensorrt_yolo/msg'...
Compiling '/home/david/yolocpp_ws/install/tensorrt_yolo/local/lib/python3.10/dist-packages/tensorrt_yolo/msg/__init__.py'...
Compiling '/home/david/yolocpp_ws/install/tensorrt_yolo/local/lib/python3.10/dist-packages/tensorrt_yolo/msg/_segmentation_output.py'...
-- Installing: /home/david/yolocpp_ws/install/tensorrt_yolo/local/lib/python3.10/dist-packages/tensorrt_yolo/tensorrt_yolo_s__rosidl_typesupport_fastrtps_c.cpython-310-x86_64-linux-gnu.so
-- Set runtime path of "/home/david/yolocpp_ws/install/tensorrt_yolo/local/lib/python3.10/dist-packages/tensorrt_yolo/tensorrt_yolo_s__rosidl_typesupport_fastrtps_c.cpython-310-x86_64-linux-gnu.so" to ""
-- Installing: /home/david/yolocpp_ws/install/tensorrt_yolo/local/lib/python3.10/dist-packages/tensorrt_yolo/tensorrt_yolo_s__rosidl_typesupport_introspection_c.cpython-310-x86_64-linux-gnu.so
-- Set runtime path of "/home/david/yolocpp_ws/install/tensorrt_yolo/local/lib/python3.10/dist-packages/tensorrt_yolo/tensorrt_yolo_s__rosidl_typesupport_introspection_c.cpython-310-x86_64-linux-gnu.so" to ""
-- Installing: /home/david/yolocpp_ws/install/tensorrt_yolo/local/lib/python3.10/dist-packages/tensorrt_yolo/tensorrt_yolo_s__rosidl_typesupport_c.cpython-310-x86_64-linux-gnu.so
-- Set runtime path of "/home/david/yolocpp_ws/install/tensorrt_yolo/local/lib/python3.10/dist-packages/tensorrt_yolo/tensorrt_yolo_s__rosidl_typesupport_c.cpython-310-x86_64-linux-gnu.so" to ""
-- Installing: /home/david/yolocpp_ws/install/tensorrt_yolo/lib/libtensorrt_yolo__rosidl_generator_py.so
-- Set runtime path of "/home/david/yolocpp_ws/install/tensorrt_yolo/lib/libtensorrt_yolo__rosidl_generator_py.so" to ""
-- Installing: /home/david/yolocpp_ws/install/tensorrt_yolo/share/tensorrt_yolo/msg/SegmentationOutput.idl
-- Installing: /home/david/yolocpp_ws/install/tensorrt_yolo/share/tensorrt_yolo/msg/SegmentationOutput.msg
-- Installing: /home/david/yolocpp_ws/install/tensorrt_yolo/lib/tensorrt_yolo/libdeploy.so
-- Set runtime path of "/home/david/yolocpp_ws/install/tensorrt_yolo/lib/tensorrt_yolo/libdeploy.so" to ""
-- Installing: /home/david/yolocpp_ws/install/tensorrt_yolo/lib/tensorrt_yolo/segment_node
-- Set runtime path of "/home/david/yolocpp_ws/install/tensorrt_yolo/lib/tensorrt_yolo/segment_node" to "$ORIGIN"
-- Installing: /home/david/yolocpp_ws/install/tensorrt_yolo/include/deploy
-- Installing: /home/david/yolocpp_ws/install/tensorrt_yolo/include/deploy/result.hpp
-- Installing: /home/david/yolocpp_ws/install/tensorrt_yolo/include/deploy/pybind.cpp
-- Installing: /home/david/yolocpp_ws/install/tensorrt_yolo/include/deploy/model.hpp
-- Installing: /home/david/yolocpp_ws/install/tensorrt_yolo/include/deploy/option.hpp
-- Installing: /home/david/yolocpp_ws/install/tensorrt_yolo/include/deploy/core
-- Installing: /home/david/yolocpp_ws/install/tensorrt_yolo/include/deploy/core/buffer.cpp
-- Installing: /home/david/yolocpp_ws/install/tensorrt_yolo/include/deploy/core/macro.hpp
-- Installing: /home/david/yolocpp_ws/install/tensorrt_yolo/include/deploy/core/core.cpp
-- Installing: /home/david/yolocpp_ws/install/tensorrt_yolo/include/deploy/core/core.hpp
-- Installing: /home/david/yolocpp_ws/install/tensorrt_yolo/include/deploy/core/buffer.hpp
-- Installing: /home/david/yolocpp_ws/install/tensorrt_yolo/include/deploy/infer
-- Installing: /home/david/yolocpp_ws/install/tensorrt_yolo/include/deploy/infer/warpaffine.hpp
-- Installing: /home/david/yolocpp_ws/install/tensorrt_yolo/include/deploy/infer/backend.cpp
-- Installing: /home/david/yolocpp_ws/install/tensorrt_yolo/include/deploy/infer/warpaffine.cu
-- Installing: /home/david/yolocpp_ws/install/tensorrt_yolo/include/deploy/infer/backend.hpp
-- Installing: /home/david/yolocpp_ws/install/tensorrt_yolo/include/deploy/utils
-- Installing: /home/david/yolocpp_ws/install/tensorrt_yolo/include/deploy/utils/utils.hpp
-- Installing: /home/david/yolocpp_ws/install/tensorrt_yolo/include/deploy/utils/utils.cpp
-- Installing: /home/david/yolocpp_ws/install/tensorrt_yolo/include/deploy/model.cpp
-- Installing: /home/david/yolocpp_ws/install/tensorrt_yolo/include/plugin
-- Installing: /home/david/yolocpp_ws/install/tensorrt_yolo/include/plugin/common
-- Installing: /home/david/yolocpp_ws/install/tensorrt_yolo/include/plugin/common/checkMacrosPlugin.h
-- Installing: /home/david/yolocpp_ws/install/tensorrt_yolo/include/plugin/common/plugin.h
-- Installing: /home/david/yolocpp_ws/install/tensorrt_yolo/include/plugin/common/vfcCommon.h
-- Installing: /home/david/yolocpp_ws/install/tensorrt_yolo/include/plugin/common/bboxUtils.h
-- Installing: /home/david/yolocpp_ws/install/tensorrt_yolo/include/plugin/efficientRotatedNMSPlugin
-- Installing: /home/david/yolocpp_ws/install/tensorrt_yolo/include/plugin/efficientRotatedNMSPlugin/efficientRotatedNMSInference.h
-- Installing: /home/david/yolocpp_ws/install/tensorrt_yolo/include/plugin/efficientRotatedNMSPlugin/efficientRotatedNMSParameters.h
-- Installing: /home/david/yolocpp_ws/install/tensorrt_yolo/include/plugin/efficientRotatedNMSPlugin/efficientRotatedNMSPlugin.h
-- Installing: /home/david/yolocpp_ws/install/tensorrt_yolo/include/plugin/efficientIdxNMSPlugin
-- Installing: /home/david/yolocpp_ws/install/tensorrt_yolo/include/plugin/efficientIdxNMSPlugin/efficientIdxNMSInference.h
-- Installing: /home/david/yolocpp_ws/install/tensorrt_yolo/include/plugin/efficientIdxNMSPlugin/efficientIdxNMSPlugin.h
-- Installing: /home/david/yolocpp_ws/install/tensorrt_yolo/include/plugin/efficientIdxNMSPlugin/efficientIdxNMSParameters.h
-- Installing: /home/david/yolocpp_ws/install/tensorrt_yolo/share/tensorrt_yolo/launch
-- Installing: /home/david/yolocpp_ws/install/tensorrt_yolo/share/tensorrt_yolo/launch/tensort_yolo.launch.py
-- Installing: /home/david/yolocpp_ws/install/tensorrt_yolo/share/tensorrt_yolo/include
-- Installing: /home/david/yolocpp_ws/install/tensorrt_yolo/share/tensorrt_yolo/include/deploy
-- Installing: /home/david/yolocpp_ws/install/tensorrt_yolo/share/tensorrt_yolo/include/deploy/result.hpp
-- Installing: /home/david/yolocpp_ws/install/tensorrt_yolo/share/tensorrt_yolo/include/deploy/pybind.cpp
-- Installing: /home/david/yolocpp_ws/install/tensorrt_yolo/share/tensorrt_yolo/include/deploy/model.hpp
-- Installing: /home/david/yolocpp_ws/install/tensorrt_yolo/share/tensorrt_yolo/include/deploy/option.hpp
-- Installing: /home/david/yolocpp_ws/install/tensorrt_yolo/share/tensorrt_yolo/include/deploy/core
-- Installing: /home/david/yolocpp_ws/install/tensorrt_yolo/share/tensorrt_yolo/include/deploy/core/buffer.cpp
-- Installing: /home/david/yolocpp_ws/install/tensorrt_yolo/share/tensorrt_yolo/include/deploy/core/macro.hpp
-- Installing: /home/david/yolocpp_ws/install/tensorrt_yolo/share/tensorrt_yolo/include/deploy/core/core.cpp
-- Installing: /home/david/yolocpp_ws/install/tensorrt_yolo/share/tensorrt_yolo/include/deploy/core/core.hpp
-- Installing: /home/david/yolocpp_ws/install/tensorrt_yolo/share/tensorrt_yolo/include/deploy/core/buffer.hpp
-- Installing: /home/david/yolocpp_ws/install/tensorrt_yolo/share/tensorrt_yolo/include/deploy/infer
-- Installing: /home/david/yolocpp_ws/install/tensorrt_yolo/share/tensorrt_yolo/include/deploy/infer/warpaffine.hpp
-- Installing: /home/david/yolocpp_ws/install/tensorrt_yolo/share/tensorrt_yolo/include/deploy/infer/backend.cpp
-- Installing: /home/david/yolocpp_ws/install/tensorrt_yolo/share/tensorrt_yolo/include/deploy/infer/warpaffine.cu
-- Installing: /home/david/yolocpp_ws/install/tensorrt_yolo/share/tensorrt_yolo/include/deploy/infer/backend.hpp
-- Installing: /home/david/yolocpp_ws/install/tensorrt_yolo/share/tensorrt_yolo/include/deploy/utils
-- Installing: /home/david/yolocpp_ws/install/tensorrt_yolo/share/tensorrt_yolo/include/deploy/utils/utils.hpp
-- Installing: /home/david/yolocpp_ws/install/tensorrt_yolo/share/tensorrt_yolo/include/deploy/utils/utils.cpp
-- Installing: /home/david/yolocpp_ws/install/tensorrt_yolo/share/tensorrt_yolo/include/deploy/model.cpp
-- Installing: /home/david/yolocpp_ws/install/tensorrt_yolo/share/tensorrt_yolo/include/TensorRT-YOLO
-- Installing: /home/david/yolocpp_ws/install/tensorrt_yolo/share/tensorrt_yolo/include/plugin
-- Installing: /home/david/yolocpp_ws/install/tensorrt_yolo/share/tensorrt_yolo/include/plugin/common
-- Installing: /home/david/yolocpp_ws/install/tensorrt_yolo/share/tensorrt_yolo/include/plugin/common/checkMacrosPlugin.h
-- Installing: /home/david/yolocpp_ws/install/tensorrt_yolo/share/tensorrt_yolo/include/plugin/common/vfcCommon.cpp
-- Installing: /home/david/yolocpp_ws/install/tensorrt_yolo/share/tensorrt_yolo/include/plugin/common/plugin.h
-- Installing: /home/david/yolocpp_ws/install/tensorrt_yolo/share/tensorrt_yolo/include/plugin/common/plugin.cpp
-- Installing: /home/david/yolocpp_ws/install/tensorrt_yolo/share/tensorrt_yolo/include/plugin/common/vfcCommon.h
-- Installing: /home/david/yolocpp_ws/install/tensorrt_yolo/share/tensorrt_yolo/include/plugin/common/checkMacrosPlugin.cpp
-- Installing: /home/david/yolocpp_ws/install/tensorrt_yolo/share/tensorrt_yolo/include/plugin/common/common.cu
-- Installing: /home/david/yolocpp_ws/install/tensorrt_yolo/share/tensorrt_yolo/include/plugin/common/bboxUtils.h
-- Installing: /home/david/yolocpp_ws/install/tensorrt_yolo/share/tensorrt_yolo/include/plugin/efficientRotatedNMSPlugin
-- Installing: /home/david/yolocpp_ws/install/tensorrt_yolo/share/tensorrt_yolo/include/plugin/efficientRotatedNMSPlugin/efficientRotatedNMSInference.cu
-- Installing: /home/david/yolocpp_ws/install/tensorrt_yolo/share/tensorrt_yolo/include/plugin/efficientRotatedNMSPlugin/efficientRotatedNMSInference.h
-- Installing: /home/david/yolocpp_ws/install/tensorrt_yolo/share/tensorrt_yolo/include/plugin/efficientRotatedNMSPlugin/README.md
-- Installing: /home/david/yolocpp_ws/install/tensorrt_yolo/share/tensorrt_yolo/include/plugin/efficientRotatedNMSPlugin/efficientRotatedNMSPlugin.cpp
-- Installing: /home/david/yolocpp_ws/install/tensorrt_yolo/share/tensorrt_yolo/include/plugin/efficientRotatedNMSPlugin/efficientRotatedNMSInference.cuh
-- Installing: /home/david/yolocpp_ws/install/tensorrt_yolo/share/tensorrt_yolo/include/plugin/efficientRotatedNMSPlugin/efficientRotatedNMSParameters.h
-- Installing: /home/david/yolocpp_ws/install/tensorrt_yolo/share/tensorrt_yolo/include/plugin/efficientRotatedNMSPlugin/efficientRotatedNMSPlugin.h
-- Installing: /home/david/yolocpp_ws/install/tensorrt_yolo/share/tensorrt_yolo/include/plugin/efficientIdxNMSPlugin
-- Installing: /home/david/yolocpp_ws/install/tensorrt_yolo/share/tensorrt_yolo/include/plugin/efficientIdxNMSPlugin/README.md
-- Installing: /home/david/yolocpp_ws/install/tensorrt_yolo/share/tensorrt_yolo/include/plugin/efficientIdxNMSPlugin/efficientIdxNMSPlugin.cpp
-- Installing: /home/david/yolocpp_ws/install/tensorrt_yolo/share/tensorrt_yolo/include/plugin/efficientIdxNMSPlugin/efficientIdxNMSInference.cuh
-- Installing: /home/david/yolocpp_ws/install/tensorrt_yolo/share/tensorrt_yolo/include/plugin/efficientIdxNMSPlugin/efficientIdxNMSInference.h
-- Installing: /home/david/yolocpp_ws/install/tensorrt_yolo/share/tensorrt_yolo/include/plugin/efficientIdxNMSPlugin/efficientIdxNMSPlugin.h
-- Installing: /home/david/yolocpp_ws/install/tensorrt_yolo/share/tensorrt_yolo/include/plugin/efficientIdxNMSPlugin/efficientIdxNMSInference.cu
-- Installing: /home/david/yolocpp_ws/install/tensorrt_yolo/share/tensorrt_yolo/include/plugin/efficientIdxNMSPlugin/efficientIdxNMSParameters.h
-- Installing: /home/david/yolocpp_ws/install/tensorrt_yolo/share/tensorrt_yolo/models
-- Installing: /home/david/yolocpp_ws/install/tensorrt_yolo/share/tensorrt_yolo/models/.keep
-- Installing: /home/david/yolocpp_ws/install/tensorrt_yolo/share/tensorrt_yolo/models/yolo11s-seg.engine
-- Installing: /home/david/yolocpp_ws/install/tensorrt_yolo/share/tensorrt_yolo/models/yolo11m-seg.engine
-- Installing: /home/david/yolocpp_ws/install/tensorrt_yolo/share/tensorrt_yolo/models/labels.txt
-- Installing: /home/david/yolocpp_ws/install/tensorrt_yolo/share/tensorrt_yolo/data
-- Installing: /home/david/yolocpp_ws/install/tensorrt_yolo/share/tensorrt_yolo/data/panoramic_02.avi
-- Installing: /home/david/yolocpp_ws/install/tensorrt_yolo/share/tensorrt_yolo/data/test.jpg
-- Installing: /home/david/yolocpp_ws/install/tensorrt_yolo/share/tensorrt_yolo/data/test1.jpg
-- Installing: /home/david/yolocpp_ws/install/tensorrt_yolo/share/tensorrt_yolo/data/.gitignore
-- Up-to-date: /home/david/yolocpp_ws/install/tensorrt_yolo/share/tensorrt_yolo/msg
-- Up-to-date: /home/david/yolocpp_ws/install/tensorrt_yolo/share/tensorrt_yolo/msg/SegmentationOutput.msg
-- Installing: /home/david/yolocpp_ws/install/tensorrt_yolo/share/ament_index/resource_index/package_run_dependencies/tensorrt_yolo
-- Installing: /home/david/yolocpp_ws/install/tensorrt_yolo/share/ament_index/resource_index/parent_prefix_path/tensorrt_yolo
-- Installing: /home/david/yolocpp_ws/install/tensorrt_yolo/share/tensorrt_yolo/environment/ament_prefix_path.sh
-- Installing: /home/david/yolocpp_ws/install/tensorrt_yolo/share/tensorrt_yolo/environment/ament_prefix_path.dsv
-- Installing: /home/david/yolocpp_ws/install/tensorrt_yolo/share/tensorrt_yolo/environment/path.sh
-- Installing: /home/david/yolocpp_ws/install/tensorrt_yolo/share/tensorrt_yolo/environment/path.dsv
-- Installing: /home/david/yolocpp_ws/install/tensorrt_yolo/share/tensorrt_yolo/local_setup.bash
-- Installing: /home/david/yolocpp_ws/install/tensorrt_yolo/share/tensorrt_yolo/local_setup.sh
-- Installing: /home/david/yolocpp_ws/install/tensorrt_yolo/share/tensorrt_yolo/local_setup.zsh
-- Installing: /home/david/yolocpp_ws/install/tensorrt_yolo/share/tensorrt_yolo/local_setup.dsv
-- Installing: /home/david/yolocpp_ws/install/tensorrt_yolo/share/tensorrt_yolo/package.dsv
-- Installing: /home/david/yolocpp_ws/install/tensorrt_yolo/share/ament_index/resource_index/packages/tensorrt_yolo
-- Installing: /home/david/yolocpp_ws/install/tensorrt_yolo/share/tensorrt_yolo/cmake/export_tensorrt_yolo__rosidl_generator_cExport.cmake
-- Installing: /home/david/yolocpp_ws/install/tensorrt_yolo/share/tensorrt_yolo/cmake/export_tensorrt_yolo__rosidl_generator_cExport-noconfig.cmake
-- Installing: /home/david/yolocpp_ws/install/tensorrt_yolo/share/tensorrt_yolo/cmake/export_tensorrt_yolo__rosidl_typesupport_fastrtps_cExport.cmake
-- Installing: /home/david/yolocpp_ws/install/tensorrt_yolo/share/tensorrt_yolo/cmake/export_tensorrt_yolo__rosidl_typesupport_fastrtps_cExport-noconfig.cmake
-- Installing: /home/david/yolocpp_ws/install/tensorrt_yolo/share/tensorrt_yolo/cmake/export_tensorrt_yolo__rosidl_generator_cppExport.cmake
-- Installing: /home/david/yolocpp_ws/install/tensorrt_yolo/share/tensorrt_yolo/cmake/export_tensorrt_yolo__rosidl_typesupport_fastrtps_cppExport.cmake
-- Installing: /home/david/yolocpp_ws/install/tensorrt_yolo/share/tensorrt_yolo/cmake/export_tensorrt_yolo__rosidl_typesupport_fastrtps_cppExport-noconfig.cmake
-- Installing: /home/david/yolocpp_ws/install/tensorrt_yolo/share/tensorrt_yolo/cmake/tensorrt_yolo__rosidl_typesupport_introspection_cExport.cmake
-- Installing: /home/david/yolocpp_ws/install/tensorrt_yolo/share/tensorrt_yolo/cmake/tensorrt_yolo__rosidl_typesupport_introspection_cExport-noconfig.cmake
-- Installing: /home/david/yolocpp_ws/install/tensorrt_yolo/share/tensorrt_yolo/cmake/tensorrt_yolo__rosidl_typesupport_cExport.cmake
-- Installing: /home/david/yolocpp_ws/install/tensorrt_yolo/share/tensorrt_yolo/cmake/tensorrt_yolo__rosidl_typesupport_cExport-noconfig.cmake
-- Installing: /home/david/yolocpp_ws/install/tensorrt_yolo/share/tensorrt_yolo/cmake/tensorrt_yolo__rosidl_typesupport_introspection_cppExport.cmake
-- Installing: /home/david/yolocpp_ws/install/tensorrt_yolo/share/tensorrt_yolo/cmake/tensorrt_yolo__rosidl_typesupport_introspection_cppExport-noconfig.cmake
-- Installing: /home/david/yolocpp_ws/install/tensorrt_yolo/share/tensorrt_yolo/cmake/tensorrt_yolo__rosidl_typesupport_cppExport.cmake
-- Installing: /home/david/yolocpp_ws/install/tensorrt_yolo/share/tensorrt_yolo/cmake/tensorrt_yolo__rosidl_typesupport_cppExport-noconfig.cmake
-- Installing: /home/david/yolocpp_ws/install/tensorrt_yolo/share/tensorrt_yolo/cmake/export_tensorrt_yolo__rosidl_generator_pyExport.cmake
-- Installing: /home/david/yolocpp_ws/install/tensorrt_yolo/share/tensorrt_yolo/cmake/export_tensorrt_yolo__rosidl_generator_pyExport-noconfig.cmake
-- Installing: /home/david/yolocpp_ws/install/tensorrt_yolo/share/tensorrt_yolo/cmake/rosidl_cmake-extras.cmake
-- Installing: /home/david/yolocpp_ws/install/tensorrt_yolo/share/tensorrt_yolo/cmake/ament_cmake_export_dependencies-extras.cmake
-- Installing: /home/david/yolocpp_ws/install/tensorrt_yolo/share/tensorrt_yolo/cmake/ament_cmake_export_include_directories-extras.cmake
-- Installing: /home/david/yolocpp_ws/install/tensorrt_yolo/share/tensorrt_yolo/cmake/ament_cmake_export_libraries-extras.cmake
-- Installing: /home/david/yolocpp_ws/install/tensorrt_yolo/share/tensorrt_yolo/cmake/ament_cmake_export_targets-extras.cmake
-- Installing: /home/david/yolocpp_ws/install/tensorrt_yolo/share/tensorrt_yolo/cmake/rosidl_cmake_export_typesupport_targets-extras.cmake
-- Installing: /home/david/yolocpp_ws/install/tensorrt_yolo/share/tensorrt_yolo/cmake/rosidl_cmake_export_typesupport_libraries-extras.cmake
-- Installing: /home/david/yolocpp_ws/install/tensorrt_yolo/share/tensorrt_yolo/cmake/tensorrt_yoloConfig.cmake
-- Installing: /home/david/yolocpp_ws/install/tensorrt_yolo/share/tensorrt_yolo/cmake/tensorrt_yoloConfig-version.cmake
-- Installing: /home/david/yolocpp_ws/install/tensorrt_yolo/share/tensorrt_yolo/package.xml
