[0.906s] Invoking command in '/home/david/yolocpp_ws/vulcanexus/code/microservices/clients_py': PROMPT_COMMAND=echo -n \[$(date +%H:%M:%S)\]\ PYTHONPATH=/home/david/yolocpp_ws/build/clients_py/prefix_override:/usr/lib/python3/dist-packages/colcon_core/task/python/colcon_distutils_commands:/home/david/yolocpp_ws/install/clients_py/lib/python3.10/site-packages:${PYTHONPATH} /usr/bin/python3 -W ignore:setup.py install is deprecated -W ignore:easy_install command is deprecated setup.py egg_info --egg-base ../../../../build/clients_py build --build-base /home/david/yolocpp_ws/build/clients_py/build install --record /home/david/yolocpp_ws/build/clients_py/install.log --single-version-externally-managed install_data
[1.103s] running egg_info
[1.103s] writing ../../../../build/clients_py/clients_py.egg-info/PKG-INFO
[1.103s] writing dependency_links to ../../../../build/clients_py/clients_py.egg-info/dependency_links.txt
[1.103s] writing entry points to ../../../../build/clients_py/clients_py.egg-info/entry_points.txt
[1.103s] writing requirements to ../../../../build/clients_py/clients_py.egg-info/requires.txt
[1.103s] writing top-level names to ../../../../build/clients_py/clients_py.egg-info/top_level.txt
[1.104s] reading manifest file '../../../../build/clients_py/clients_py.egg-info/SOURCES.txt'
[1.105s] adding license file 'LICENSE'
[1.105s] writing manifest file '../../../../build/clients_py/clients_py.egg-info/SOURCES.txt'
[1.105s] running build
[1.105s] running build_py
[1.105s] running install
[1.105s] running install_lib
[1.106s] running install_data
[1.106s] running install_egg_info
[1.107s] removing '/home/david/yolocpp_ws/install/clients_py/lib/python3.10/site-packages/clients_py-0.0.0-py3.10.egg-info' (and everything under it)
[1.107s] Copying ../../../../build/clients_py/clients_py.egg-info to /home/david/yolocpp_ws/install/clients_py/lib/python3.10/site-packages/clients_py-0.0.0-py3.10.egg-info
[1.108s] running install_scripts
[1.121s] Installing client_addition script to /home/david/yolocpp_ws/install/clients_py/lib/clients_py
[1.121s] Installing client_subtraction script to /home/david/yolocpp_ws/install/clients_py/lib/clients_py
[1.121s] writing list of installed files to '/home/david/yolocpp_ws/build/clients_py/install.log'
[1.136s] Invoked command in '/home/david/yolocpp_ws/vulcanexus/code/microservices/clients_py' returned '0': PROMPT_COMMAND=echo -n \[$(date +%H:%M:%S)\]\ PYTHONPATH=/home/david/yolocpp_ws/build/clients_py/prefix_override:/usr/lib/python3/dist-packages/colcon_core/task/python/colcon_distutils_commands:/home/david/yolocpp_ws/install/clients_py/lib/python3.10/site-packages:${PYTHONPATH} /usr/bin/python3 -W ignore:setup.py install is deprecated -W ignore:easy_install command is deprecated setup.py egg_info --egg-base ../../../../build/clients_py build --build-base /home/david/yolocpp_ws/build/clients_py/build install --record /home/david/yolocpp_ws/build/clients_py/install.log --single-version-externally-managed install_data
