[ 14%] Built target chrono
[ 71%] Built target deploy
[ 85%] Built target segment_node
[100%] Built target segment_node_3P
-- Install configuration: ""
-- Up-to-date: /home/david/yolocpp_ws/install/tensorrt_yolo/lib/tensorrt_yolo/libdeploy.so
-- Up-to-date: /home/david/yolocpp_ws/install/tensorrt_yolo/lib/tensorrt_yolo/libchrono.so
-- Up-to-date: /home/david/yolocpp_ws/install/tensorrt_yolo/lib/tensorrt_yolo/segment_node
-- Up-to-date: /home/david/yolocpp_ws/install/tensorrt_yolo/lib/tensorrt_yolo/libdeploy.so
-- Up-to-date: /home/david/yolocpp_ws/install/tensorrt_yolo/lib/tensorrt_yolo/libchrono.so
-- Up-to-date: /home/david/yolocpp_ws/install/tensorrt_yolo/lib/tensorrt_yolo/segment_node_3P
-- Up-to-date: /home/david/yolocpp_ws/install/tensorrt_yolo/include/deploy
-- Up-to-date: /home/david/yolocpp_ws/install/tensorrt_yolo/include/deploy/result.hpp
-- Up-to-date: /home/david/yolocpp_ws/install/tensorrt_yolo/include/deploy/pybind.cpp
-- Up-to-date: /home/david/yolocpp_ws/install/tensorrt_yolo/include/deploy/model.hpp
-- Up-to-date: /home/david/yolocpp_ws/install/tensorrt_yolo/include/deploy/option.hpp
-- Up-to-date: /home/david/yolocpp_ws/install/tensorrt_yolo/include/deploy/core
-- Up-to-date: /home/david/yolocpp_ws/install/tensorrt_yolo/include/deploy/core/buffer.cpp
-- Up-to-date: /home/david/yolocpp_ws/install/tensorrt_yolo/include/deploy/core/macro.hpp
-- Up-to-date: /home/david/yolocpp_ws/install/tensorrt_yolo/include/deploy/core/core.cpp
-- Up-to-date: /home/david/yolocpp_ws/install/tensorrt_yolo/include/deploy/core/core.hpp
-- Up-to-date: /home/david/yolocpp_ws/install/tensorrt_yolo/include/deploy/core/buffer.hpp
-- Up-to-date: /home/david/yolocpp_ws/install/tensorrt_yolo/include/deploy/infer
-- Up-to-date: /home/david/yolocpp_ws/install/tensorrt_yolo/include/deploy/infer/warpaffine.hpp
-- Up-to-date: /home/david/yolocpp_ws/install/tensorrt_yolo/include/deploy/infer/backend.cpp
-- Up-to-date: /home/david/yolocpp_ws/install/tensorrt_yolo/include/deploy/infer/warpaffine.cu
-- Up-to-date: /home/david/yolocpp_ws/install/tensorrt_yolo/include/deploy/infer/backend.hpp
-- Up-to-date: /home/david/yolocpp_ws/install/tensorrt_yolo/include/deploy/utils
-- Up-to-date: /home/david/yolocpp_ws/install/tensorrt_yolo/include/deploy/utils/utils.hpp
-- Up-to-date: /home/david/yolocpp_ws/install/tensorrt_yolo/include/deploy/utils/utils.cpp
-- Up-to-date: /home/david/yolocpp_ws/install/tensorrt_yolo/include/deploy/model.cpp
-- Up-to-date: /home/david/yolocpp_ws/install/tensorrt_yolo/include/plugin
-- Up-to-date: /home/david/yolocpp_ws/install/tensorrt_yolo/include/plugin/common
-- Up-to-date: /home/david/yolocpp_ws/install/tensorrt_yolo/include/plugin/common/checkMacrosPlugin.h
-- Up-to-date: /home/david/yolocpp_ws/install/tensorrt_yolo/include/plugin/common/plugin.h
-- Up-to-date: /home/david/yolocpp_ws/install/tensorrt_yolo/include/plugin/common/vfcCommon.h
-- Up-to-date: /home/david/yolocpp_ws/install/tensorrt_yolo/include/plugin/common/bboxUtils.h
-- Up-to-date: /home/david/yolocpp_ws/install/tensorrt_yolo/include/plugin/efficientRotatedNMSPlugin
-- Up-to-date: /home/david/yolocpp_ws/install/tensorrt_yolo/include/plugin/efficientRotatedNMSPlugin/efficientRotatedNMSInference.h
-- Up-to-date: /home/david/yolocpp_ws/install/tensorrt_yolo/include/plugin/efficientRotatedNMSPlugin/efficientRotatedNMSParameters.h
-- Up-to-date: /home/david/yolocpp_ws/install/tensorrt_yolo/include/plugin/efficientRotatedNMSPlugin/efficientRotatedNMSPlugin.h
-- Up-to-date: /home/david/yolocpp_ws/install/tensorrt_yolo/include/plugin/efficientIdxNMSPlugin
-- Up-to-date: /home/david/yolocpp_ws/install/tensorrt_yolo/include/plugin/efficientIdxNMSPlugin/efficientIdxNMSInference.h
-- Up-to-date: /home/david/yolocpp_ws/install/tensorrt_yolo/include/plugin/efficientIdxNMSPlugin/efficientIdxNMSPlugin.h
-- Up-to-date: /home/david/yolocpp_ws/install/tensorrt_yolo/include/plugin/efficientIdxNMSPlugin/efficientIdxNMSParameters.h
-- Up-to-date: /home/david/yolocpp_ws/install/tensorrt_yolo/share/tensorrt_yolo/launch
-- Installing: /home/david/yolocpp_ws/install/tensorrt_yolo/share/tensorrt_yolo/launch/tensort_yolo.launch.py
-- Up-to-date: /home/david/yolocpp_ws/install/tensorrt_yolo/share/tensorrt_yolo/launch/tensort_yolo_3P.launch.py
-- Up-to-date: /home/david/yolocpp_ws/install/tensorrt_yolo/share/tensorrt_yolo/include
-- Up-to-date: /home/david/yolocpp_ws/install/tensorrt_yolo/share/tensorrt_yolo/include/chrono
-- Up-to-date: /home/david/yolocpp_ws/install/tensorrt_yolo/share/tensorrt_yolo/include/chrono/ChronoTimer.hpp
-- Up-to-date: /home/david/yolocpp_ws/install/tensorrt_yolo/share/tensorrt_yolo/include/chrono/ChronoTimer.cpp
-- Up-to-date: /home/david/yolocpp_ws/install/tensorrt_yolo/share/tensorrt_yolo/include/deploy
-- Up-to-date: /home/david/yolocpp_ws/install/tensorrt_yolo/share/tensorrt_yolo/include/deploy/result.hpp
-- Up-to-date: /home/david/yolocpp_ws/install/tensorrt_yolo/share/tensorrt_yolo/include/deploy/pybind.cpp
-- Up-to-date: /home/david/yolocpp_ws/install/tensorrt_yolo/share/tensorrt_yolo/include/deploy/model.hpp
-- Up-to-date: /home/david/yolocpp_ws/install/tensorrt_yolo/share/tensorrt_yolo/include/deploy/option.hpp
-- Up-to-date: /home/david/yolocpp_ws/install/tensorrt_yolo/share/tensorrt_yolo/include/deploy/core
-- Up-to-date: /home/david/yolocpp_ws/install/tensorrt_yolo/share/tensorrt_yolo/include/deploy/core/buffer.cpp
-- Up-to-date: /home/david/yolocpp_ws/install/tensorrt_yolo/share/tensorrt_yolo/include/deploy/core/macro.hpp
-- Up-to-date: /home/david/yolocpp_ws/install/tensorrt_yolo/share/tensorrt_yolo/include/deploy/core/core.cpp
-- Up-to-date: /home/david/yolocpp_ws/install/tensorrt_yolo/share/tensorrt_yolo/include/deploy/core/core.hpp
-- Up-to-date: /home/david/yolocpp_ws/install/tensorrt_yolo/share/tensorrt_yolo/include/deploy/core/buffer.hpp
-- Up-to-date: /home/david/yolocpp_ws/install/tensorrt_yolo/share/tensorrt_yolo/include/deploy/infer
-- Up-to-date: /home/david/yolocpp_ws/install/tensorrt_yolo/share/tensorrt_yolo/include/deploy/infer/warpaffine.hpp
-- Up-to-date: /home/david/yolocpp_ws/install/tensorrt_yolo/share/tensorrt_yolo/include/deploy/infer/backend.cpp
-- Up-to-date: /home/david/yolocpp_ws/install/tensorrt_yolo/share/tensorrt_yolo/include/deploy/infer/warpaffine.cu
-- Up-to-date: /home/david/yolocpp_ws/install/tensorrt_yolo/share/tensorrt_yolo/include/deploy/infer/backend.hpp
-- Up-to-date: /home/david/yolocpp_ws/install/tensorrt_yolo/share/tensorrt_yolo/include/deploy/utils
-- Up-to-date: /home/david/yolocpp_ws/install/tensorrt_yolo/share/tensorrt_yolo/include/deploy/utils/utils.hpp
-- Up-to-date: /home/david/yolocpp_ws/install/tensorrt_yolo/share/tensorrt_yolo/include/deploy/utils/utils.cpp
-- Up-to-date: /home/david/yolocpp_ws/install/tensorrt_yolo/share/tensorrt_yolo/include/deploy/model.cpp
-- Up-to-date: /home/david/yolocpp_ws/install/tensorrt_yolo/share/tensorrt_yolo/include/TensorRT-YOLO
-- Up-to-date: /home/david/yolocpp_ws/install/tensorrt_yolo/share/tensorrt_yolo/include/plugin
-- Up-to-date: /home/david/yolocpp_ws/install/tensorrt_yolo/share/tensorrt_yolo/include/plugin/common
-- Up-to-date: /home/david/yolocpp_ws/install/tensorrt_yolo/share/tensorrt_yolo/include/plugin/common/checkMacrosPlugin.h
-- Up-to-date: /home/david/yolocpp_ws/install/tensorrt_yolo/share/tensorrt_yolo/include/plugin/common/vfcCommon.cpp
-- Up-to-date: /home/david/yolocpp_ws/install/tensorrt_yolo/share/tensorrt_yolo/include/plugin/common/plugin.h
-- Up-to-date: /home/david/yolocpp_ws/install/tensorrt_yolo/share/tensorrt_yolo/include/plugin/common/plugin.cpp
-- Up-to-date: /home/david/yolocpp_ws/install/tensorrt_yolo/share/tensorrt_yolo/include/plugin/common/vfcCommon.h
-- Up-to-date: /home/david/yolocpp_ws/install/tensorrt_yolo/share/tensorrt_yolo/include/plugin/common/checkMacrosPlugin.cpp
-- Up-to-date: /home/david/yolocpp_ws/install/tensorrt_yolo/share/tensorrt_yolo/include/plugin/common/common.cu
-- Up-to-date: /home/david/yolocpp_ws/install/tensorrt_yolo/share/tensorrt_yolo/include/plugin/common/bboxUtils.h
-- Up-to-date: /home/david/yolocpp_ws/install/tensorrt_yolo/share/tensorrt_yolo/include/plugin/efficientRotatedNMSPlugin
-- Up-to-date: /home/david/yolocpp_ws/install/tensorrt_yolo/share/tensorrt_yolo/include/plugin/efficientRotatedNMSPlugin/efficientRotatedNMSInference.cu
-- Up-to-date: /home/david/yolocpp_ws/install/tensorrt_yolo/share/tensorrt_yolo/include/plugin/efficientRotatedNMSPlugin/efficientRotatedNMSInference.h
-- Up-to-date: /home/david/yolocpp_ws/install/tensorrt_yolo/share/tensorrt_yolo/include/plugin/efficientRotatedNMSPlugin/README.md
-- Up-to-date: /home/david/yolocpp_ws/install/tensorrt_yolo/share/tensorrt_yolo/include/plugin/efficientRotatedNMSPlugin/efficientRotatedNMSPlugin.cpp
-- Up-to-date: /home/david/yolocpp_ws/install/tensorrt_yolo/share/tensorrt_yolo/include/plugin/efficientRotatedNMSPlugin/efficientRotatedNMSInference.cuh
-- Up-to-date: /home/david/yolocpp_ws/install/tensorrt_yolo/share/tensorrt_yolo/include/plugin/efficientRotatedNMSPlugin/efficientRotatedNMSParameters.h
-- Up-to-date: /home/david/yolocpp_ws/install/tensorrt_yolo/share/tensorrt_yolo/include/plugin/efficientRotatedNMSPlugin/efficientRotatedNMSPlugin.h
-- Up-to-date: /home/david/yolocpp_ws/install/tensorrt_yolo/share/tensorrt_yolo/include/plugin/efficientIdxNMSPlugin
-- Up-to-date: /home/david/yolocpp_ws/install/tensorrt_yolo/share/tensorrt_yolo/include/plugin/efficientIdxNMSPlugin/README.md
-- Up-to-date: /home/david/yolocpp_ws/install/tensorrt_yolo/share/tensorrt_yolo/include/plugin/efficientIdxNMSPlugin/efficientIdxNMSPlugin.cpp
-- Up-to-date: /home/david/yolocpp_ws/install/tensorrt_yolo/share/tensorrt_yolo/include/plugin/efficientIdxNMSPlugin/efficientIdxNMSInference.cuh
-- Up-to-date: /home/david/yolocpp_ws/install/tensorrt_yolo/share/tensorrt_yolo/include/plugin/efficientIdxNMSPlugin/efficientIdxNMSInference.h
-- Up-to-date: /home/david/yolocpp_ws/install/tensorrt_yolo/share/tensorrt_yolo/include/plugin/efficientIdxNMSPlugin/efficientIdxNMSPlugin.h
-- Up-to-date: /home/david/yolocpp_ws/install/tensorrt_yolo/share/tensorrt_yolo/include/plugin/efficientIdxNMSPlugin/efficientIdxNMSInference.cu
-- Up-to-date: /home/david/yolocpp_ws/install/tensorrt_yolo/share/tensorrt_yolo/include/plugin/efficientIdxNMSPlugin/efficientIdxNMSParameters.h
-- Up-to-date: /home/david/yolocpp_ws/install/tensorrt_yolo/share/tensorrt_yolo/models
-- Up-to-date: /home/david/yolocpp_ws/install/tensorrt_yolo/share/tensorrt_yolo/models/.keep
-- Up-to-date: /home/david/yolocpp_ws/install/tensorrt_yolo/share/tensorrt_yolo/models/yolo11s-seg.engine
-- Up-to-date: /home/david/yolocpp_ws/install/tensorrt_yolo/share/tensorrt_yolo/models/yolo11n-seg.engine
-- Up-to-date: /home/david/yolocpp_ws/install/tensorrt_yolo/share/tensorrt_yolo/models/labels.txt
-- Up-to-date: /home/david/yolocpp_ws/install/tensorrt_yolo/share/tensorrt_yolo/data
-- Up-to-date: /home/david/yolocpp_ws/install/tensorrt_yolo/share/tensorrt_yolo/data/panoramic_02.avi
-- Up-to-date: /home/david/yolocpp_ws/install/tensorrt_yolo/share/tensorrt_yolo/data/test.jpg
-- Up-to-date: /home/david/yolocpp_ws/install/tensorrt_yolo/share/tensorrt_yolo/data/test1.jpg
-- Up-to-date: /home/david/yolocpp_ws/install/tensorrt_yolo/share/tensorrt_yolo/data/.gitignore
-- Up-to-date: /home/david/yolocpp_ws/install/tensorrt_yolo/share/ament_index/resource_index/package_run_dependencies/tensorrt_yolo
-- Up-to-date: /home/david/yolocpp_ws/install/tensorrt_yolo/share/ament_index/resource_index/parent_prefix_path/tensorrt_yolo
-- Up-to-date: /home/david/yolocpp_ws/install/tensorrt_yolo/share/tensorrt_yolo/environment/ament_prefix_path.sh
-- Up-to-date: /home/david/yolocpp_ws/install/tensorrt_yolo/share/tensorrt_yolo/environment/ament_prefix_path.dsv
-- Up-to-date: /home/david/yolocpp_ws/install/tensorrt_yolo/share/tensorrt_yolo/environment/path.sh
-- Up-to-date: /home/david/yolocpp_ws/install/tensorrt_yolo/share/tensorrt_yolo/environment/path.dsv
-- Up-to-date: /home/david/yolocpp_ws/install/tensorrt_yolo/share/tensorrt_yolo/local_setup.bash
-- Up-to-date: /home/david/yolocpp_ws/install/tensorrt_yolo/share/tensorrt_yolo/local_setup.sh
-- Up-to-date: /home/david/yolocpp_ws/install/tensorrt_yolo/share/tensorrt_yolo/local_setup.zsh
-- Up-to-date: /home/david/yolocpp_ws/install/tensorrt_yolo/share/tensorrt_yolo/local_setup.dsv
-- Installing: /home/david/yolocpp_ws/install/tensorrt_yolo/share/tensorrt_yolo/package.dsv
-- Up-to-date: /home/david/yolocpp_ws/install/tensorrt_yolo/share/ament_index/resource_index/packages/tensorrt_yolo
-- Up-to-date: /home/david/yolocpp_ws/install/tensorrt_yolo/share/tensorrt_yolo/cmake/tensorrt_yoloConfig.cmake
-- Up-to-date: /home/david/yolocpp_ws/install/tensorrt_yolo/share/tensorrt_yolo/cmake/tensorrt_yoloConfig-version.cmake
-- Up-to-date: /home/david/yolocpp_ws/install/tensorrt_yolo/share/tensorrt_yolo/package.xml
