[0.009s] Invoking command in '/home/david/yolocpp_ws/build/yolo_custom_interfaces': CMAKE_PREFIX_PATH=${CMAKE_PREFIX_PATH}:/home/david/yolopy_ws/install/yolopy:/opt/ros/humble PROMPT_COMMAND=echo -n \[$(date +%H:%M:%S)\]\ /home/david/.local/bin/cmake /home/david/yolocpp_ws/src/yolo_custom_interfaces -DTRT_PATH=/usr -DCMAKE_CUDA_ARCHITECTURES=89 -DCMAKE_CUDA_COMPILER=/usr/local/cuda-12.9/bin/nvcc -DCMAKE_INSTALL_PREFIX=/home/david/yolocpp_ws/install/yolo_custom_interfaces
[0.062s] -- The C compiler identification is GNU 11.4.0
[0.095s] -- The CXX compiler identification is GNU 11.4.0
[0.106s] -- Detecting C compiler ABI info
[0.140s] -- Detecting C compiler ABI info - done
[0.145s] -- Check for working C compiler: /usr/bin/cc - skipped
[0.145s] -- Detecting C compile features
[0.146s] -- Detecting C compile features - done
[0.148s] -- Detecting CXX compiler ABI info
[0.191s] -- Detecting CXX compiler ABI info - done
[0.196s] -- Check for working CXX compiler: /usr/bin/c++ - skipped
[0.196s] -- Detecting CXX compile features
[0.197s] -- Detecting CXX compile features - done
[0.198s] -- Found ament_cmake: 1.3.11 (/opt/ros/humble/share/ament_cmake/cmake)
[0.275s] -- Found Python3: /usr/bin/python3 (found version "3.10.12") found components: Interpreter 
[0.335s] -- Found std_msgs: 4.8.0 (/opt/ros/humble/share/std_msgs/cmake)
[0.366s] -- Found rosidl_generator_c: 3.1.6 (/opt/ros/humble/share/rosidl_generator_c/cmake)
[0.370s] -- Found rosidl_adapter: 3.1.6 (/opt/ros/humble/share/rosidl_adapter/cmake)
[0.378s] -- Found rosidl_generator_cpp: 3.1.6 (/opt/ros/humble/share/rosidl_generator_cpp/cmake)
[0.388s] -- Using all available rosidl_typesupport_c: rosidl_typesupport_fastrtps_c;rosidl_typesupport_introspection_c
[0.401s] -- Using all available rosidl_typesupport_cpp: rosidl_typesupport_fastrtps_cpp;rosidl_typesupport_introspection_cpp
[0.423s] -- Found sensor_msgs: 4.8.0 (/opt/ros/humble/share/sensor_msgs/cmake)
[0.449s] -- Found rosidl_default_generators: 1.2.0 (/opt/ros/humble/share/rosidl_default_generators/cmake)
[0.608s] -- Found ament_cmake_ros: 0.10.0 (/opt/ros/humble/share/ament_cmake_ros/cmake)
[0.830s] -- Using all available rosidl_typesupport_c: rosidl_typesupport_fastrtps_c;rosidl_typesupport_introspection_c
[0.919s] -- Using all available rosidl_typesupport_cpp: rosidl_typesupport_fastrtps_cpp;rosidl_typesupport_introspection_cpp
[0.934s] -- Found PythonInterp: /usr/bin/python3 (found suitable version "3.10.12", minimum required is "3.6") 
[0.935s] -- Found python_cmake_module: 0.10.0 (/opt/ros/humble/share/python_cmake_module/cmake)
[0.952s] -- Found PythonLibs: /usr/lib/x86_64-linux-gnu/libpython3.10.so (found suitable version "3.10.12", minimum required is "3.5") 
[0.952s] -- Using PYTHON_EXECUTABLE: /usr/bin/python3
[0.952s] -- Using PYTHON_INCLUDE_DIRS: /usr/include/python3.10
[0.952s] -- Using PYTHON_LIBRARIES: /usr/lib/x86_64-linux-gnu/libpython3.10.so
[0.965s] -- Found PythonExtra: .so  
[1.028s] -- Configuring done
[1.056s] -- Generating done
[1.057s] [33mCMake Warning:
[1.057s]   Manually-specified variables were not used by the project:
[1.057s] 
[1.057s]     CMAKE_CUDA_COMPILER
[1.058s]     TRT_PATH
[1.058s] 
[1.058s] [0m
[1.063s] -- Build files have been written to: /home/david/yolocpp_ws/build/yolo_custom_interfaces
[1.072s] Invoked command in '/home/david/yolocpp_ws/build/yolo_custom_interfaces' returned '0': CMAKE_PREFIX_PATH=${CMAKE_PREFIX_PATH}:/home/david/yolopy_ws/install/yolopy:/opt/ros/humble PROMPT_COMMAND=echo -n \[$(date +%H:%M:%S)\]\ /home/david/.local/bin/cmake /home/david/yolocpp_ws/src/yolo_custom_interfaces -DTRT_PATH=/usr -DCMAKE_CUDA_ARCHITECTURES=89 -DCMAKE_CUDA_COMPILER=/usr/local/cuda-12.9/bin/nvcc -DCMAKE_INSTALL_PREFIX=/home/david/yolocpp_ws/install/yolo_custom_interfaces
[1.073s] Invoking command in '/home/david/yolocpp_ws/build/yolo_custom_interfaces': CMAKE_PREFIX_PATH=${CMAKE_PREFIX_PATH}:/home/david/yolopy_ws/install/yolopy:/opt/ros/humble PROMPT_COMMAND=echo -n \[$(date +%H:%M:%S)\]\ /home/david/.local/bin/cmake --build /home/david/yolocpp_ws/build/yolo_custom_interfaces -- -j32 -l32
[1.104s] [  3%] [34m[1mGenerating C code for ROS interfaces[0m
[1.107s] [  6%] [34m[1mGenerating C++ code for ROS interfaces[0m
[1.109s] [  6%] Built target ament_cmake_python_copy_yolo_custom_interfaces
[1.260s] [  9%] [32mBuilding C object CMakeFiles/yolo_custom_interfaces__rosidl_generator_c.dir/rosidl_generator_c/yolo_custom_interfaces/msg/detail/instance_segmentation_info__functions.c.o[0m
[1.293s] [ 12%] [32m[1mLinking C shared library libyolo_custom_interfaces__rosidl_generator_c.so[0m
[1.293s] running egg_info
[1.294s] creating yolo_custom_interfaces.egg-info
[1.294s] writing yolo_custom_interfaces.egg-info/PKG-INFO
[1.294s] writing dependency_links to yolo_custom_interfaces.egg-info/dependency_links.txt
[1.294s] writing top-level names to yolo_custom_interfaces.egg-info/top_level.txt
[1.294s] writing manifest file 'yolo_custom_interfaces.egg-info/SOURCES.txt'
[1.295s] reading manifest file 'yolo_custom_interfaces.egg-info/SOURCES.txt'
[1.295s] writing manifest file 'yolo_custom_interfaces.egg-info/SOURCES.txt'
[1.308s] [ 12%] Built target ament_cmake_python_build_yolo_custom_interfaces_egg
[1.308s] [ 12%] Built target yolo_custom_interfaces__cpp
[1.311s] [ 16%] [34m[1mGenerating C++ type support dispatch for ROS interfaces[0m
[1.311s] [ 16%] Built target yolo_custom_interfaces__rosidl_generator_c
[1.312s] [ 19%] [34m[1mGenerating C++ type support for eProsima Fast-RTPS[0m
[1.312s] [ 22%] [34m[1mGenerating C++ introspection for ROS interfaces[0m
[1.315s] [ 29%] [34m[1mGenerating C introspection for ROS interfaces[0m
[1.315s] [ 29%] [34m[1mGenerating C type support dispatch for ROS interfaces[0m
[1.316s] [ 32%] [34m[1mGenerating C type support for eProsima Fast-RTPS[0m
[1.434s] [ 35%] [32mBuilding CXX object CMakeFiles/yolo_custom_interfaces__rosidl_typesupport_cpp.dir/rosidl_typesupport_cpp/yolo_custom_interfaces/msg/instance_segmentation_info__type_support.cpp.o[0m
[1.437s] [ 38%] [32mBuilding CXX object CMakeFiles/yolo_custom_interfaces__rosidl_typesupport_c.dir/rosidl_typesupport_c/yolo_custom_interfaces/msg/instance_segmentation_info__type_support.cpp.o[0m
[1.447s] [ 41%] [32mBuilding CXX object CMakeFiles/yolo_custom_interfaces__rosidl_typesupport_fastrtps_cpp.dir/rosidl_typesupport_fastrtps_cpp/yolo_custom_interfaces/msg/detail/dds_fastrtps/instance_segmentation_info__type_support.cpp.o[0m
[1.457s] [ 45%] [32m[1mLinking CXX shared library libyolo_custom_interfaces__rosidl_typesupport_c.so[0m
[1.471s] [ 48%] [32mBuilding CXX object CMakeFiles/yolo_custom_interfaces__rosidl_typesupport_fastrtps_c.dir/rosidl_typesupport_fastrtps_c/yolo_custom_interfaces/msg/detail/instance_segmentation_info__type_support_c.cpp.o[0m
[1.475s] [ 51%] [32mBuilding C object CMakeFiles/yolo_custom_interfaces__rosidl_typesupport_introspection_c.dir/rosidl_typesupport_introspection_c/yolo_custom_interfaces/msg/detail/instance_segmentation_info__type_support.c.o[0m
[1.478s] [ 51%] Built target yolo_custom_interfaces__rosidl_typesupport_c
[1.500s] [ 54%] [32m[1mLinking C shared library libyolo_custom_interfaces__rosidl_typesupport_introspection_c.so[0m
[1.518s] [ 54%] Built target yolo_custom_interfaces__rosidl_typesupport_introspection_c
[1.527s] [ 58%] [32mBuilding CXX object CMakeFiles/yolo_custom_interfaces__rosidl_typesupport_introspection_cpp.dir/rosidl_typesupport_introspection_cpp/yolo_custom_interfaces/msg/detail/instance_segmentation_info__type_support.cpp.o[0m
[1.573s] [ 61%] [32m[1mLinking CXX shared library libyolo_custom_interfaces__rosidl_typesupport_cpp.so[0m
[1.593s] [ 61%] Built target yolo_custom_interfaces__rosidl_typesupport_cpp
[1.650s] [ 64%] [32m[1mLinking CXX shared library libyolo_custom_interfaces__rosidl_typesupport_fastrtps_c.so[0m
[1.687s] [ 64%] Built target yolo_custom_interfaces__rosidl_typesupport_fastrtps_c
[1.729s] [ 67%] [32m[1mLinking CXX shared library libyolo_custom_interfaces__rosidl_typesupport_introspection_cpp.so[0m
[1.758s] [ 70%] [32m[1mLinking CXX shared library libyolo_custom_interfaces__rosidl_typesupport_fastrtps_cpp.so[0m
[1.770s] [ 70%] Built target yolo_custom_interfaces__rosidl_typesupport_introspection_cpp
[1.801s] [ 70%] Built target yolo_custom_interfaces__rosidl_typesupport_fastrtps_cpp
[1.809s] [ 70%] Built target yolo_custom_interfaces
[1.818s] [ 74%] [34m[1mGenerating Python code for ROS interfaces[0m
[1.977s] [ 74%] Built target yolo_custom_interfaces__py
[1.986s] [ 77%] [32mBuilding C object CMakeFiles/yolo_custom_interfaces__rosidl_generator_py.dir/rosidl_generator_py/yolo_custom_interfaces/msg/_instance_segmentation_info_s.c.o[0m
[2.040s] [ 80%] [32m[1mLinking C shared library rosidl_generator_py/yolo_custom_interfaces/libyolo_custom_interfaces__rosidl_generator_py.so[0m
[2.061s] [ 80%] Built target yolo_custom_interfaces__rosidl_generator_py
[2.069s] [ 83%] [32mBuilding C object CMakeFiles/yolo_custom_interfaces__rosidl_typesupport_c__pyext.dir/rosidl_generator_py/yolo_custom_interfaces/_yolo_custom_interfaces_s.ep.rosidl_typesupport_c.c.o[0m
[2.069s] [ 90%] [32mBuilding C object CMakeFiles/yolo_custom_interfaces__rosidl_typesupport_introspection_c__pyext.dir/rosidl_generator_py/yolo_custom_interfaces/_yolo_custom_interfaces_s.ep.rosidl_typesupport_introspection_c.c.o[0m
[2.069s] [ 90%] [32mBuilding C object CMakeFiles/yolo_custom_interfaces__rosidl_typesupport_fastrtps_c__pyext.dir/rosidl_generator_py/yolo_custom_interfaces/_yolo_custom_interfaces_s.ep.rosidl_typesupport_fastrtps_c.c.o[0m
[2.120s] [ 93%] [32m[1mLinking C shared library rosidl_generator_py/yolo_custom_interfaces/yolo_custom_interfaces_s__rosidl_typesupport_fastrtps_c.cpython-310-x86_64-linux-gnu.so[0m
[2.120s] [ 96%] [32m[1mLinking C shared library rosidl_generator_py/yolo_custom_interfaces/yolo_custom_interfaces_s__rosidl_typesupport_c.cpython-310-x86_64-linux-gnu.so[0m
[2.124s] [100%] [32m[1mLinking C shared library rosidl_generator_py/yolo_custom_interfaces/yolo_custom_interfaces_s__rosidl_typesupport_introspection_c.cpython-310-x86_64-linux-gnu.so[0m
[2.144s] [100%] Built target yolo_custom_interfaces__rosidl_typesupport_introspection_c__pyext
[2.144s] [100%] Built target yolo_custom_interfaces__rosidl_typesupport_fastrtps_c__pyext
[2.145s] [100%] Built target yolo_custom_interfaces__rosidl_typesupport_c__pyext
[2.152s] Invoked command in '/home/david/yolocpp_ws/build/yolo_custom_interfaces' returned '0': CMAKE_PREFIX_PATH=${CMAKE_PREFIX_PATH}:/home/david/yolopy_ws/install/yolopy:/opt/ros/humble PROMPT_COMMAND=echo -n \[$(date +%H:%M:%S)\]\ /home/david/.local/bin/cmake --build /home/david/yolocpp_ws/build/yolo_custom_interfaces -- -j32 -l32
[2.153s] Invoking command in '/home/david/yolocpp_ws/build/yolo_custom_interfaces': CMAKE_PREFIX_PATH=${CMAKE_PREFIX_PATH}:/home/david/yolopy_ws/install/yolopy:/opt/ros/humble PROMPT_COMMAND=echo -n \[$(date +%H:%M:%S)\]\ /home/david/.local/bin/cmake --install /home/david/yolocpp_ws/build/yolo_custom_interfaces
[2.170s] -- Install configuration: ""
[2.170s] -- Installing: /home/david/yolocpp_ws/install/yolo_custom_interfaces/share/ament_index/resource_index/rosidl_interfaces/yolo_custom_interfaces
[2.171s] -- Installing: /home/david/yolocpp_ws/install/yolo_custom_interfaces/include/yolo_custom_interfaces/yolo_custom_interfaces
[2.171s] -- Installing: /home/david/yolocpp_ws/install/yolo_custom_interfaces/include/yolo_custom_interfaces/yolo_custom_interfaces/msg
[2.171s] -- Installing: /home/david/yolocpp_ws/install/yolo_custom_interfaces/include/yolo_custom_interfaces/yolo_custom_interfaces/msg/rosidl_generator_c__visibility_control.h
[2.171s] -- Installing: /home/david/yolocpp_ws/install/yolo_custom_interfaces/include/yolo_custom_interfaces/yolo_custom_interfaces/msg/instance_segmentation_info.h
[2.171s] -- Installing: /home/david/yolocpp_ws/install/yolo_custom_interfaces/include/yolo_custom_interfaces/yolo_custom_interfaces/msg/detail
[2.171s] -- Installing: /home/david/yolocpp_ws/install/yolo_custom_interfaces/include/yolo_custom_interfaces/yolo_custom_interfaces/msg/detail/instance_segmentation_info__functions.h
[2.171s] -- Installing: /home/david/yolocpp_ws/install/yolo_custom_interfaces/include/yolo_custom_interfaces/yolo_custom_interfaces/msg/detail/instance_segmentation_info__struct.h
[2.171s] -- Installing: /home/david/yolocpp_ws/install/yolo_custom_interfaces/include/yolo_custom_interfaces/yolo_custom_interfaces/msg/detail/instance_segmentation_info__functions.c
[2.171s] -- Installing: /home/david/yolocpp_ws/install/yolo_custom_interfaces/include/yolo_custom_interfaces/yolo_custom_interfaces/msg/detail/instance_segmentation_info__type_support.h
[2.171s] -- Installing: /home/david/yolocpp_ws/install/yolo_custom_interfaces/share/yolo_custom_interfaces/environment/library_path.sh
[2.171s] -- Installing: /home/david/yolocpp_ws/install/yolo_custom_interfaces/share/yolo_custom_interfaces/environment/library_path.dsv
[2.171s] -- Installing: /home/david/yolocpp_ws/install/yolo_custom_interfaces/lib/libyolo_custom_interfaces__rosidl_generator_c.so
[2.171s] -- Set runtime path of "/home/david/yolocpp_ws/install/yolo_custom_interfaces/lib/libyolo_custom_interfaces__rosidl_generator_c.so" to ""
[2.171s] -- Up-to-date: /home/david/yolocpp_ws/install/yolo_custom_interfaces/include/yolo_custom_interfaces/yolo_custom_interfaces
[2.171s] -- Up-to-date: /home/david/yolocpp_ws/install/yolo_custom_interfaces/include/yolo_custom_interfaces/yolo_custom_interfaces/msg
[2.171s] -- Installing: /home/david/yolocpp_ws/install/yolo_custom_interfaces/include/yolo_custom_interfaces/yolo_custom_interfaces/msg/rosidl_typesupport_fastrtps_c__visibility_control.h
[2.171s] -- Up-to-date: /home/david/yolocpp_ws/install/yolo_custom_interfaces/include/yolo_custom_interfaces/yolo_custom_interfaces/msg/detail
[2.171s] -- Installing: /home/david/yolocpp_ws/install/yolo_custom_interfaces/include/yolo_custom_interfaces/yolo_custom_interfaces/msg/detail/instance_segmentation_info__rosidl_typesupport_fastrtps_c.h
[2.171s] -- Installing: /home/david/yolocpp_ws/install/yolo_custom_interfaces/lib/libyolo_custom_interfaces__rosidl_typesupport_fastrtps_c.so
[2.171s] -- Set runtime path of "/home/david/yolocpp_ws/install/yolo_custom_interfaces/lib/libyolo_custom_interfaces__rosidl_typesupport_fastrtps_c.so" to ""
[2.171s] -- Up-to-date: /home/david/yolocpp_ws/install/yolo_custom_interfaces/include/yolo_custom_interfaces/yolo_custom_interfaces
[2.171s] -- Up-to-date: /home/david/yolocpp_ws/install/yolo_custom_interfaces/include/yolo_custom_interfaces/yolo_custom_interfaces/msg
[2.171s] -- Installing: /home/david/yolocpp_ws/install/yolo_custom_interfaces/include/yolo_custom_interfaces/yolo_custom_interfaces/msg/instance_segmentation_info.hpp
[2.171s] -- Up-to-date: /home/david/yolocpp_ws/install/yolo_custom_interfaces/include/yolo_custom_interfaces/yolo_custom_interfaces/msg/detail
[2.171s] -- Installing: /home/david/yolocpp_ws/install/yolo_custom_interfaces/include/yolo_custom_interfaces/yolo_custom_interfaces/msg/detail/instance_segmentation_info__struct.hpp
[2.171s] -- Installing: /home/david/yolocpp_ws/install/yolo_custom_interfaces/include/yolo_custom_interfaces/yolo_custom_interfaces/msg/detail/instance_segmentation_info__traits.hpp
[2.171s] -- Installing: /home/david/yolocpp_ws/install/yolo_custom_interfaces/include/yolo_custom_interfaces/yolo_custom_interfaces/msg/detail/instance_segmentation_info__type_support.hpp
[2.171s] -- Installing: /home/david/yolocpp_ws/install/yolo_custom_interfaces/include/yolo_custom_interfaces/yolo_custom_interfaces/msg/detail/instance_segmentation_info__builder.hpp
[2.171s] -- Installing: /home/david/yolocpp_ws/install/yolo_custom_interfaces/include/yolo_custom_interfaces/yolo_custom_interfaces/msg/rosidl_generator_cpp__visibility_control.hpp
[2.172s] -- Up-to-date: /home/david/yolocpp_ws/install/yolo_custom_interfaces/include/yolo_custom_interfaces/yolo_custom_interfaces
[2.172s] -- Up-to-date: /home/david/yolocpp_ws/install/yolo_custom_interfaces/include/yolo_custom_interfaces/yolo_custom_interfaces/msg
[2.172s] -- Up-to-date: /home/david/yolocpp_ws/install/yolo_custom_interfaces/include/yolo_custom_interfaces/yolo_custom_interfaces/msg/detail
[2.172s] -- Installing: /home/david/yolocpp_ws/install/yolo_custom_interfaces/include/yolo_custom_interfaces/yolo_custom_interfaces/msg/detail/instance_segmentation_info__rosidl_typesupport_fastrtps_cpp.hpp
[2.172s] -- Installing: /home/david/yolocpp_ws/install/yolo_custom_interfaces/include/yolo_custom_interfaces/yolo_custom_interfaces/msg/detail/dds_fastrtps
[2.172s] -- Installing: /home/david/yolocpp_ws/install/yolo_custom_interfaces/include/yolo_custom_interfaces/yolo_custom_interfaces/msg/rosidl_typesupport_fastrtps_cpp__visibility_control.h
[2.172s] -- Installing: /home/david/yolocpp_ws/install/yolo_custom_interfaces/lib/libyolo_custom_interfaces__rosidl_typesupport_fastrtps_cpp.so
[2.172s] -- Set runtime path of "/home/david/yolocpp_ws/install/yolo_custom_interfaces/lib/libyolo_custom_interfaces__rosidl_typesupport_fastrtps_cpp.so" to ""
[2.172s] -- Up-to-date: /home/david/yolocpp_ws/install/yolo_custom_interfaces/include/yolo_custom_interfaces/yolo_custom_interfaces
[2.172s] -- Up-to-date: /home/david/yolocpp_ws/install/yolo_custom_interfaces/include/yolo_custom_interfaces/yolo_custom_interfaces/msg
[2.172s] -- Installing: /home/david/yolocpp_ws/install/yolo_custom_interfaces/include/yolo_custom_interfaces/yolo_custom_interfaces/msg/rosidl_typesupport_introspection_c__visibility_control.h
[2.172s] -- Up-to-date: /home/david/yolocpp_ws/install/yolo_custom_interfaces/include/yolo_custom_interfaces/yolo_custom_interfaces/msg/detail
[2.172s] -- Installing: /home/david/yolocpp_ws/install/yolo_custom_interfaces/include/yolo_custom_interfaces/yolo_custom_interfaces/msg/detail/instance_segmentation_info__rosidl_typesupport_introspection_c.h
[2.172s] -- Installing: /home/david/yolocpp_ws/install/yolo_custom_interfaces/include/yolo_custom_interfaces/yolo_custom_interfaces/msg/detail/instance_segmentation_info__type_support.c
[2.172s] -- Installing: /home/david/yolocpp_ws/install/yolo_custom_interfaces/lib/libyolo_custom_interfaces__rosidl_typesupport_introspection_c.so
[2.173s] -- Set runtime path of "/home/david/yolocpp_ws/install/yolo_custom_interfaces/lib/libyolo_custom_interfaces__rosidl_typesupport_introspection_c.so" to ""
[2.173s] -- Installing: /home/david/yolocpp_ws/install/yolo_custom_interfaces/lib/libyolo_custom_interfaces__rosidl_typesupport_c.so
[2.173s] -- Set runtime path of "/home/david/yolocpp_ws/install/yolo_custom_interfaces/lib/libyolo_custom_interfaces__rosidl_typesupport_c.so" to ""
[2.173s] -- Up-to-date: /home/david/yolocpp_ws/install/yolo_custom_interfaces/include/yolo_custom_interfaces/yolo_custom_interfaces
[2.173s] -- Up-to-date: /home/david/yolocpp_ws/install/yolo_custom_interfaces/include/yolo_custom_interfaces/yolo_custom_interfaces/msg
[2.173s] -- Up-to-date: /home/david/yolocpp_ws/install/yolo_custom_interfaces/include/yolo_custom_interfaces/yolo_custom_interfaces/msg/detail
[2.173s] -- Installing: /home/david/yolocpp_ws/install/yolo_custom_interfaces/include/yolo_custom_interfaces/yolo_custom_interfaces/msg/detail/instance_segmentation_info__type_support.cpp
[2.173s] -- Installing: /home/david/yolocpp_ws/install/yolo_custom_interfaces/include/yolo_custom_interfaces/yolo_custom_interfaces/msg/detail/instance_segmentation_info__rosidl_typesupport_introspection_cpp.hpp
[2.173s] -- Installing: /home/david/yolocpp_ws/install/yolo_custom_interfaces/lib/libyolo_custom_interfaces__rosidl_typesupport_introspection_cpp.so
[2.173s] -- Set runtime path of "/home/david/yolocpp_ws/install/yolo_custom_interfaces/lib/libyolo_custom_interfaces__rosidl_typesupport_introspection_cpp.so" to ""
[2.173s] -- Installing: /home/david/yolocpp_ws/install/yolo_custom_interfaces/lib/libyolo_custom_interfaces__rosidl_typesupport_cpp.so
[2.173s] -- Set runtime path of "/home/david/yolocpp_ws/install/yolo_custom_interfaces/lib/libyolo_custom_interfaces__rosidl_typesupport_cpp.so" to ""
[2.173s] -- Installing: /home/david/yolocpp_ws/install/yolo_custom_interfaces/share/yolo_custom_interfaces/environment/pythonpath.sh
[2.173s] -- Installing: /home/david/yolocpp_ws/install/yolo_custom_interfaces/share/yolo_custom_interfaces/environment/pythonpath.dsv
[2.173s] -- Installing: /home/david/yolocpp_ws/install/yolo_custom_interfaces/local/lib/python3.10/dist-packages/yolo_custom_interfaces-0.0.0-py3.10.egg-info
[2.174s] -- Installing: /home/david/yolocpp_ws/install/yolo_custom_interfaces/local/lib/python3.10/dist-packages/yolo_custom_interfaces-0.0.0-py3.10.egg-info/PKG-INFO
[2.174s] -- Installing: /home/david/yolocpp_ws/install/yolo_custom_interfaces/local/lib/python3.10/dist-packages/yolo_custom_interfaces-0.0.0-py3.10.egg-info/SOURCES.txt
[2.174s] -- Installing: /home/david/yolocpp_ws/install/yolo_custom_interfaces/local/lib/python3.10/dist-packages/yolo_custom_interfaces-0.0.0-py3.10.egg-info/dependency_links.txt
[2.174s] -- Installing: /home/david/yolocpp_ws/install/yolo_custom_interfaces/local/lib/python3.10/dist-packages/yolo_custom_interfaces-0.0.0-py3.10.egg-info/top_level.txt
[2.174s] -- Installing: /home/david/yolocpp_ws/install/yolo_custom_interfaces/local/lib/python3.10/dist-packages/yolo_custom_interfaces
[2.174s] -- Installing: /home/david/yolocpp_ws/install/yolo_custom_interfaces/local/lib/python3.10/dist-packages/yolo_custom_interfaces/_yolo_custom_interfaces_s.ep.rosidl_typesupport_fastrtps_c.c
[2.174s] -- Installing: /home/david/yolocpp_ws/install/yolo_custom_interfaces/local/lib/python3.10/dist-packages/yolo_custom_interfaces/_yolo_custom_interfaces_s.ep.rosidl_typesupport_c.c
[2.174s] -- Installing: /home/david/yolocpp_ws/install/yolo_custom_interfaces/local/lib/python3.10/dist-packages/yolo_custom_interfaces/yolo_custom_interfaces_s__rosidl_typesupport_c.cpython-310-x86_64-linux-gnu.so
[2.174s] -- Installing: /home/david/yolocpp_ws/install/yolo_custom_interfaces/local/lib/python3.10/dist-packages/yolo_custom_interfaces/libyolo_custom_interfaces__rosidl_generator_py.so
[2.174s] -- Installing: /home/david/yolocpp_ws/install/yolo_custom_interfaces/local/lib/python3.10/dist-packages/yolo_custom_interfaces/yolo_custom_interfaces_s__rosidl_typesupport_fastrtps_c.cpython-310-x86_64-linux-gnu.so
[2.174s] -- Installing: /home/david/yolocpp_ws/install/yolo_custom_interfaces/local/lib/python3.10/dist-packages/yolo_custom_interfaces/__init__.py
[2.174s] -- Installing: /home/david/yolocpp_ws/install/yolo_custom_interfaces/local/lib/python3.10/dist-packages/yolo_custom_interfaces/msg
[2.174s] -- Installing: /home/david/yolocpp_ws/install/yolo_custom_interfaces/local/lib/python3.10/dist-packages/yolo_custom_interfaces/msg/_instance_segmentation_info.py
[2.174s] -- Installing: /home/david/yolocpp_ws/install/yolo_custom_interfaces/local/lib/python3.10/dist-packages/yolo_custom_interfaces/msg/__init__.py
[2.174s] -- Installing: /home/david/yolocpp_ws/install/yolo_custom_interfaces/local/lib/python3.10/dist-packages/yolo_custom_interfaces/msg/_instance_segmentation_info_s.c
[2.174s] -- Installing: /home/david/yolocpp_ws/install/yolo_custom_interfaces/local/lib/python3.10/dist-packages/yolo_custom_interfaces/yolo_custom_interfaces_s__rosidl_typesupport_introspection_c.cpython-310-x86_64-linux-gnu.so
[2.174s] -- Installing: /home/david/yolocpp_ws/install/yolo_custom_interfaces/local/lib/python3.10/dist-packages/yolo_custom_interfaces/_yolo_custom_interfaces_s.ep.rosidl_typesupport_introspection_c.c
[2.194s] Listing '/home/david/yolocpp_ws/install/yolo_custom_interfaces/local/lib/python3.10/dist-packages/yolo_custom_interfaces'...
[2.194s] Compiling '/home/david/yolocpp_ws/install/yolo_custom_interfaces/local/lib/python3.10/dist-packages/yolo_custom_interfaces/__init__.py'...
[2.194s] Listing '/home/david/yolocpp_ws/install/yolo_custom_interfaces/local/lib/python3.10/dist-packages/yolo_custom_interfaces/msg'...
[2.194s] Compiling '/home/david/yolocpp_ws/install/yolo_custom_interfaces/local/lib/python3.10/dist-packages/yolo_custom_interfaces/msg/__init__.py'...
[2.194s] Compiling '/home/david/yolocpp_ws/install/yolo_custom_interfaces/local/lib/python3.10/dist-packages/yolo_custom_interfaces/msg/_instance_segmentation_info.py'...
[2.196s] -- Installing: /home/david/yolocpp_ws/install/yolo_custom_interfaces/local/lib/python3.10/dist-packages/yolo_custom_interfaces/yolo_custom_interfaces_s__rosidl_typesupport_fastrtps_c.cpython-310-x86_64-linux-gnu.so
[2.196s] -- Set runtime path of "/home/david/yolocpp_ws/install/yolo_custom_interfaces/local/lib/python3.10/dist-packages/yolo_custom_interfaces/yolo_custom_interfaces_s__rosidl_typesupport_fastrtps_c.cpython-310-x86_64-linux-gnu.so" to ""
[2.196s] -- Installing: /home/david/yolocpp_ws/install/yolo_custom_interfaces/local/lib/python3.10/dist-packages/yolo_custom_interfaces/yolo_custom_interfaces_s__rosidl_typesupport_introspection_c.cpython-310-x86_64-linux-gnu.so
[2.197s] -- Set runtime path of "/home/david/yolocpp_ws/install/yolo_custom_interfaces/local/lib/python3.10/dist-packages/yolo_custom_interfaces/yolo_custom_interfaces_s__rosidl_typesupport_introspection_c.cpython-310-x86_64-linux-gnu.so" to ""
[2.197s] -- Installing: /home/david/yolocpp_ws/install/yolo_custom_interfaces/local/lib/python3.10/dist-packages/yolo_custom_interfaces/yolo_custom_interfaces_s__rosidl_typesupport_c.cpython-310-x86_64-linux-gnu.so
[2.197s] -- Set runtime path of "/home/david/yolocpp_ws/install/yolo_custom_interfaces/local/lib/python3.10/dist-packages/yolo_custom_interfaces/yolo_custom_interfaces_s__rosidl_typesupport_c.cpython-310-x86_64-linux-gnu.so" to ""
[2.197s] -- Installing: /home/david/yolocpp_ws/install/yolo_custom_interfaces/lib/libyolo_custom_interfaces__rosidl_generator_py.so
[2.197s] -- Set runtime path of "/home/david/yolocpp_ws/install/yolo_custom_interfaces/lib/libyolo_custom_interfaces__rosidl_generator_py.so" to ""
[2.197s] -- Installing: /home/david/yolocpp_ws/install/yolo_custom_interfaces/share/yolo_custom_interfaces/msg/InstanceSegmentationInfo.idl
[2.198s] -- Installing: /home/david/yolocpp_ws/install/yolo_custom_interfaces/share/yolo_custom_interfaces/msg/InstanceSegmentationInfo.msg
[2.198s] -- Installing: /home/david/yolocpp_ws/install/yolo_custom_interfaces/share/ament_index/resource_index/package_run_dependencies/yolo_custom_interfaces
[2.198s] -- Installing: /home/david/yolocpp_ws/install/yolo_custom_interfaces/share/ament_index/resource_index/parent_prefix_path/yolo_custom_interfaces
[2.198s] -- Installing: /home/david/yolocpp_ws/install/yolo_custom_interfaces/share/yolo_custom_interfaces/environment/ament_prefix_path.sh
[2.198s] -- Installing: /home/david/yolocpp_ws/install/yolo_custom_interfaces/share/yolo_custom_interfaces/environment/ament_prefix_path.dsv
[2.198s] -- Installing: /home/david/yolocpp_ws/install/yolo_custom_interfaces/share/yolo_custom_interfaces/environment/path.sh
[2.198s] -- Installing: /home/david/yolocpp_ws/install/yolo_custom_interfaces/share/yolo_custom_interfaces/environment/path.dsv
[2.198s] -- Installing: /home/david/yolocpp_ws/install/yolo_custom_interfaces/share/yolo_custom_interfaces/local_setup.bash
[2.198s] -- Installing: /home/david/yolocpp_ws/install/yolo_custom_interfaces/share/yolo_custom_interfaces/local_setup.sh
[2.198s] -- Installing: /home/david/yolocpp_ws/install/yolo_custom_interfaces/share/yolo_custom_interfaces/local_setup.zsh
[2.199s] -- Installing: /home/david/yolocpp_ws/install/yolo_custom_interfaces/share/yolo_custom_interfaces/local_setup.dsv
[2.199s] -- Installing: /home/david/yolocpp_ws/install/yolo_custom_interfaces/share/yolo_custom_interfaces/package.dsv
[2.199s] -- Installing: /home/david/yolocpp_ws/install/yolo_custom_interfaces/share/ament_index/resource_index/packages/yolo_custom_interfaces
[2.199s] -- Installing: /home/david/yolocpp_ws/install/yolo_custom_interfaces/share/yolo_custom_interfaces/cmake/export_yolo_custom_interfaces__rosidl_generator_cExport.cmake
[2.199s] -- Installing: /home/david/yolocpp_ws/install/yolo_custom_interfaces/share/yolo_custom_interfaces/cmake/export_yolo_custom_interfaces__rosidl_generator_cExport-noconfig.cmake
[2.199s] -- Installing: /home/david/yolocpp_ws/install/yolo_custom_interfaces/share/yolo_custom_interfaces/cmake/export_yolo_custom_interfaces__rosidl_typesupport_fastrtps_cExport.cmake
[2.199s] -- Installing: /home/david/yolocpp_ws/install/yolo_custom_interfaces/share/yolo_custom_interfaces/cmake/export_yolo_custom_interfaces__rosidl_typesupport_fastrtps_cExport-noconfig.cmake
[2.199s] -- Installing: /home/david/yolocpp_ws/install/yolo_custom_interfaces/share/yolo_custom_interfaces/cmake/export_yolo_custom_interfaces__rosidl_generator_cppExport.cmake
[2.199s] -- Installing: /home/david/yolocpp_ws/install/yolo_custom_interfaces/share/yolo_custom_interfaces/cmake/export_yolo_custom_interfaces__rosidl_typesupport_fastrtps_cppExport.cmake
[2.200s] -- Installing: /home/david/yolocpp_ws/install/yolo_custom_interfaces/share/yolo_custom_interfaces/cmake/export_yolo_custom_interfaces__rosidl_typesupport_fastrtps_cppExport-noconfig.cmake
[2.200s] -- Installing: /home/david/yolocpp_ws/install/yolo_custom_interfaces/share/yolo_custom_interfaces/cmake/yolo_custom_interfaces__rosidl_typesupport_introspection_cExport.cmake
[2.200s] -- Installing: /home/david/yolocpp_ws/install/yolo_custom_interfaces/share/yolo_custom_interfaces/cmake/yolo_custom_interfaces__rosidl_typesupport_introspection_cExport-noconfig.cmake
[2.200s] -- Installing: /home/david/yolocpp_ws/install/yolo_custom_interfaces/share/yolo_custom_interfaces/cmake/yolo_custom_interfaces__rosidl_typesupport_cExport.cmake
[2.200s] -- Installing: /home/david/yolocpp_ws/install/yolo_custom_interfaces/share/yolo_custom_interfaces/cmake/yolo_custom_interfaces__rosidl_typesupport_cExport-noconfig.cmake
[2.200s] -- Installing: /home/david/yolocpp_ws/install/yolo_custom_interfaces/share/yolo_custom_interfaces/cmake/yolo_custom_interfaces__rosidl_typesupport_introspection_cppExport.cmake
[2.200s] -- Installing: /home/david/yolocpp_ws/install/yolo_custom_interfaces/share/yolo_custom_interfaces/cmake/yolo_custom_interfaces__rosidl_typesupport_introspection_cppExport-noconfig.cmake
[2.200s] -- Installing: /home/david/yolocpp_ws/install/yolo_custom_interfaces/share/yolo_custom_interfaces/cmake/yolo_custom_interfaces__rosidl_typesupport_cppExport.cmake
[2.200s] -- Installing: /home/david/yolocpp_ws/install/yolo_custom_interfaces/share/yolo_custom_interfaces/cmake/yolo_custom_interfaces__rosidl_typesupport_cppExport-noconfig.cmake
[2.201s] -- Installing: /home/david/yolocpp_ws/install/yolo_custom_interfaces/share/yolo_custom_interfaces/cmake/export_yolo_custom_interfaces__rosidl_generator_pyExport.cmake
[2.201s] -- Installing: /home/david/yolocpp_ws/install/yolo_custom_interfaces/share/yolo_custom_interfaces/cmake/export_yolo_custom_interfaces__rosidl_generator_pyExport-noconfig.cmake
[2.201s] -- Installing: /home/david/yolocpp_ws/install/yolo_custom_interfaces/share/yolo_custom_interfaces/cmake/rosidl_cmake-extras.cmake
[2.201s] -- Installing: /home/david/yolocpp_ws/install/yolo_custom_interfaces/share/yolo_custom_interfaces/cmake/ament_cmake_export_dependencies-extras.cmake
[2.201s] -- Installing: /home/david/yolocpp_ws/install/yolo_custom_interfaces/share/yolo_custom_interfaces/cmake/ament_cmake_export_include_directories-extras.cmake
[2.201s] -- Installing: /home/david/yolocpp_ws/install/yolo_custom_interfaces/share/yolo_custom_interfaces/cmake/ament_cmake_export_libraries-extras.cmake
[2.201s] -- Installing: /home/david/yolocpp_ws/install/yolo_custom_interfaces/share/yolo_custom_interfaces/cmake/ament_cmake_export_targets-extras.cmake
[2.201s] -- Installing: /home/david/yolocpp_ws/install/yolo_custom_interfaces/share/yolo_custom_interfaces/cmake/rosidl_cmake_export_typesupport_targets-extras.cmake
[2.201s] -- Installing: /home/david/yolocpp_ws/install/yolo_custom_interfaces/share/yolo_custom_interfaces/cmake/rosidl_cmake_export_typesupport_libraries-extras.cmake
[2.201s] -- Installing: /home/david/yolocpp_ws/install/yolo_custom_interfaces/share/yolo_custom_interfaces/cmake/yolo_custom_interfacesConfig.cmake
[2.202s] -- Installing: /home/david/yolocpp_ws/install/yolo_custom_interfaces/share/yolo_custom_interfaces/cmake/yolo_custom_interfacesConfig-version.cmake
[2.202s] -- Installing: /home/david/yolocpp_ws/install/yolo_custom_interfaces/share/yolo_custom_interfaces/package.xml
[2.205s] Invoked command in '/home/david/yolocpp_ws/build/yolo_custom_interfaces' returned '0': CMAKE_PREFIX_PATH=${CMAKE_PREFIX_PATH}:/home/david/yolopy_ws/install/yolopy:/opt/ros/humble PROMPT_COMMAND=echo -n \[$(date +%H:%M:%S)\]\ /home/david/.local/bin/cmake --install /home/david/yolocpp_ws/build/yolo_custom_interfaces
