[100%] Built target sync_node
-- Install configuration: ""
-- Up-to-date: /home/david/yolocpp_ws/install/sensor_sync_pkg/lib/sensor_sync_pkg/sync_node
-- Up-to-date: /home/david/yolocpp_ws/install/sensor_sync_pkg/share/sensor_sync_pkg/launch
-- Up-to-date: /home/david/yolocpp_ws/install/sensor_sync_pkg/share/sensor_sync_pkg/launch/sync.launch.py
-- Up-to-date: /home/david/yolocpp_ws/install/sensor_sync_pkg/share/ament_index/resource_index/package_run_dependencies/sensor_sync_pkg
-- Up-to-date: /home/david/yolocpp_ws/install/sensor_sync_pkg/share/ament_index/resource_index/parent_prefix_path/sensor_sync_pkg
-- Up-to-date: /home/david/yolocpp_ws/install/sensor_sync_pkg/share/sensor_sync_pkg/environment/ament_prefix_path.sh
-- Up-to-date: /home/david/yolocpp_ws/install/sensor_sync_pkg/share/sensor_sync_pkg/environment/ament_prefix_path.dsv
-- Up-to-date: /home/david/yolocpp_ws/install/sensor_sync_pkg/share/sensor_sync_pkg/environment/path.sh
-- Up-to-date: /home/david/yolocpp_ws/install/sensor_sync_pkg/share/sensor_sync_pkg/environment/path.dsv
-- Up-to-date: /home/david/yolocpp_ws/install/sensor_sync_pkg/share/sensor_sync_pkg/local_setup.bash
-- Up-to-date: /home/david/yolocpp_ws/install/sensor_sync_pkg/share/sensor_sync_pkg/local_setup.sh
-- Up-to-date: /home/david/yolocpp_ws/install/sensor_sync_pkg/share/sensor_sync_pkg/local_setup.zsh
-- Up-to-date: /home/david/yolocpp_ws/install/sensor_sync_pkg/share/sensor_sync_pkg/local_setup.dsv
-- Installing: /home/david/yolocpp_ws/install/sensor_sync_pkg/share/sensor_sync_pkg/package.dsv
-- Up-to-date: /home/david/yolocpp_ws/install/sensor_sync_pkg/share/ament_index/resource_index/packages/sensor_sync_pkg
-- Up-to-date: /home/david/yolocpp_ws/install/sensor_sync_pkg/share/sensor_sync_pkg/cmake/sensor_sync_pkgConfig.cmake
-- Up-to-date: /home/david/yolocpp_ws/install/sensor_sync_pkg/share/sensor_sync_pkg/cmake/sensor_sync_pkgConfig-version.cmake
-- Up-to-date: /home/david/yolocpp_ws/install/sensor_sync_pkg/share/sensor_sync_pkg/package.xml
