[  1%] Built target docs_turtlesim__cpp
[ 10%] Built target docs_turtlesim__rosidl_generator_c
[ 10%] Built target ament_cmake_python_copy_docs_turtlesim
[ 19%] Built target docs_turtlesim__rosidl_typesupport_c
[ 28%] Built target docs_turtlesim__rosidl_typesupport_introspection_c
[ 39%] Built target docs_turtlesim__rosidl_typesupport_fastrtps_cpp
[ 46%] Built target docs_turtlesim__rosidl_typesupport_cpp
[ 55%] Built target docs_turtlesim__rosidl_typesupport_introspection_cpp
[ 64%] Built target docs_turtlesim__rosidl_typesupport_fastrtps_c
[ 64%] Built target docs_turtlesim
[ 69%] Built target turtlesim_square_move
[ 71%] Built target turtlesim_multi_control
[ 73%] Built target docs_turtlesim__py
[ 82%] Built target turtlesim_node_keys
[ 89%] Built target docs_turtlesim__rosidl_generator_py
[ 92%] Built target docs_turtlesim__rosidl_typesupport_c__pyext
[ 96%] Built target docs_turtlesim__rosidl_typesupport_fastrtps_c__pyext
[100%] Built target docs_turtlesim__rosidl_typesupport_introspection_c__pyext
running egg_info
writing docs_turtlesim.egg-info/PKG-INFO
writing dependency_links to docs_turtlesim.egg-info/dependency_links.txt
writing top-level names to docs_turtlesim.egg-info/top_level.txt
reading manifest file 'docs_turtlesim.egg-info/SOURCES.txt'
writing manifest file 'docs_turtlesim.egg-info/SOURCES.txt'
[100%] Built target ament_cmake_python_build_docs_turtlesim_egg
-- Install configuration: ""
-- Installing: /home/david/yolocpp_ws/install/docs_turtlesim/share/ament_index/resource_index/rosidl_interfaces/docs_turtlesim
-- Installing: /home/david/yolocpp_ws/install/docs_turtlesim/include/docs_turtlesim/docs_turtlesim
-- Installing: /home/david/yolocpp_ws/install/docs_turtlesim/include/docs_turtlesim/docs_turtlesim/msg
-- Installing: /home/david/yolocpp_ws/install/docs_turtlesim/include/docs_turtlesim/docs_turtlesim/msg/rosidl_generator_c__visibility_control.h
-- Installing: /home/david/yolocpp_ws/install/docs_turtlesim/include/docs_turtlesim/docs_turtlesim/msg/detail
-- Installing: /home/david/yolocpp_ws/install/docs_turtlesim/include/docs_turtlesim/docs_turtlesim/msg/detail/keyed_twist__struct.h
-- Installing: /home/david/yolocpp_ws/install/docs_turtlesim/include/docs_turtlesim/docs_turtlesim/msg/detail/keyed_twist__functions.c
-- Installing: /home/david/yolocpp_ws/install/docs_turtlesim/include/docs_turtlesim/docs_turtlesim/msg/detail/keyed_pose__functions.c
-- Installing: /home/david/yolocpp_ws/install/docs_turtlesim/include/docs_turtlesim/docs_turtlesim/msg/detail/vector3__type_support.h
-- Installing: /home/david/yolocpp_ws/install/docs_turtlesim/include/docs_turtlesim/docs_turtlesim/msg/detail/keyed_pose__type_support.h
-- Installing: /home/david/yolocpp_ws/install/docs_turtlesim/include/docs_turtlesim/docs_turtlesim/msg/detail/keyed_twist__type_support.h
-- Installing: /home/david/yolocpp_ws/install/docs_turtlesim/include/docs_turtlesim/docs_turtlesim/msg/detail/keyed_pose__struct.h
-- Installing: /home/david/yolocpp_ws/install/docs_turtlesim/include/docs_turtlesim/docs_turtlesim/msg/detail/vector3__functions.c
-- Installing: /home/david/yolocpp_ws/install/docs_turtlesim/include/docs_turtlesim/docs_turtlesim/msg/detail/keyed_pose__functions.h
-- Installing: /home/david/yolocpp_ws/install/docs_turtlesim/include/docs_turtlesim/docs_turtlesim/msg/detail/keyed_twist__functions.h
-- Installing: /home/david/yolocpp_ws/install/docs_turtlesim/include/docs_turtlesim/docs_turtlesim/msg/detail/vector3__struct.h
-- Installing: /home/david/yolocpp_ws/install/docs_turtlesim/include/docs_turtlesim/docs_turtlesim/msg/detail/vector3__functions.h
-- Installing: /home/david/yolocpp_ws/install/docs_turtlesim/include/docs_turtlesim/docs_turtlesim/msg/keyed_pose.h
-- Installing: /home/david/yolocpp_ws/install/docs_turtlesim/include/docs_turtlesim/docs_turtlesim/msg/keyed_twist.h
-- Installing: /home/david/yolocpp_ws/install/docs_turtlesim/include/docs_turtlesim/docs_turtlesim/msg/vector3.h
-- Installing: /home/david/yolocpp_ws/install/docs_turtlesim/share/docs_turtlesim/environment/library_path.sh
-- Installing: /home/david/yolocpp_ws/install/docs_turtlesim/share/docs_turtlesim/environment/library_path.dsv
-- Installing: /home/david/yolocpp_ws/install/docs_turtlesim/lib/libdocs_turtlesim__rosidl_generator_c.so
-- Set runtime path of "/home/david/yolocpp_ws/install/docs_turtlesim/lib/libdocs_turtlesim__rosidl_generator_c.so" to ""
-- Up-to-date: /home/david/yolocpp_ws/install/docs_turtlesim/include/docs_turtlesim/docs_turtlesim
-- Up-to-date: /home/david/yolocpp_ws/install/docs_turtlesim/include/docs_turtlesim/docs_turtlesim/msg
-- Installing: /home/david/yolocpp_ws/install/docs_turtlesim/include/docs_turtlesim/docs_turtlesim/msg/rosidl_typesupport_fastrtps_c__visibility_control.h
-- Up-to-date: /home/david/yolocpp_ws/install/docs_turtlesim/include/docs_turtlesim/docs_turtlesim/msg/detail
-- Installing: /home/david/yolocpp_ws/install/docs_turtlesim/include/docs_turtlesim/docs_turtlesim/msg/detail/keyed_twist__rosidl_typesupport_fastrtps_c.h
-- Installing: /home/david/yolocpp_ws/install/docs_turtlesim/include/docs_turtlesim/docs_turtlesim/msg/detail/vector3__rosidl_typesupport_fastrtps_c.h
-- Installing: /home/david/yolocpp_ws/install/docs_turtlesim/include/docs_turtlesim/docs_turtlesim/msg/detail/keyed_pose__rosidl_typesupport_fastrtps_c.h
-- Installing: /home/david/yolocpp_ws/install/docs_turtlesim/lib/libdocs_turtlesim__rosidl_typesupport_fastrtps_c.so
-- Set runtime path of "/home/david/yolocpp_ws/install/docs_turtlesim/lib/libdocs_turtlesim__rosidl_typesupport_fastrtps_c.so" to ""
-- Up-to-date: /home/david/yolocpp_ws/install/docs_turtlesim/include/docs_turtlesim/docs_turtlesim
-- Up-to-date: /home/david/yolocpp_ws/install/docs_turtlesim/include/docs_turtlesim/docs_turtlesim/msg
-- Up-to-date: /home/david/yolocpp_ws/install/docs_turtlesim/include/docs_turtlesim/docs_turtlesim/msg/detail
-- Installing: /home/david/yolocpp_ws/install/docs_turtlesim/include/docs_turtlesim/docs_turtlesim/msg/detail/vector3__builder.hpp
-- Installing: /home/david/yolocpp_ws/install/docs_turtlesim/include/docs_turtlesim/docs_turtlesim/msg/detail/keyed_twist__type_support.hpp
-- Installing: /home/david/yolocpp_ws/install/docs_turtlesim/include/docs_turtlesim/docs_turtlesim/msg/detail/keyed_twist__traits.hpp
-- Installing: /home/david/yolocpp_ws/install/docs_turtlesim/include/docs_turtlesim/docs_turtlesim/msg/detail/keyed_twist__struct.hpp
-- Installing: /home/david/yolocpp_ws/install/docs_turtlesim/include/docs_turtlesim/docs_turtlesim/msg/detail/keyed_pose__traits.hpp
-- Installing: /home/david/yolocpp_ws/install/docs_turtlesim/include/docs_turtlesim/docs_turtlesim/msg/detail/keyed_twist__builder.hpp
-- Installing: /home/david/yolocpp_ws/install/docs_turtlesim/include/docs_turtlesim/docs_turtlesim/msg/detail/vector3__struct.hpp
-- Installing: /home/david/yolocpp_ws/install/docs_turtlesim/include/docs_turtlesim/docs_turtlesim/msg/detail/keyed_pose__type_support.hpp
-- Installing: /home/david/yolocpp_ws/install/docs_turtlesim/include/docs_turtlesim/docs_turtlesim/msg/detail/keyed_pose__builder.hpp
-- Installing: /home/david/yolocpp_ws/install/docs_turtlesim/include/docs_turtlesim/docs_turtlesim/msg/detail/vector3__type_support.hpp
-- Installing: /home/david/yolocpp_ws/install/docs_turtlesim/include/docs_turtlesim/docs_turtlesim/msg/detail/vector3__traits.hpp
-- Installing: /home/david/yolocpp_ws/install/docs_turtlesim/include/docs_turtlesim/docs_turtlesim/msg/detail/keyed_pose__struct.hpp
-- Installing: /home/david/yolocpp_ws/install/docs_turtlesim/include/docs_turtlesim/docs_turtlesim/msg/keyed_twist.hpp
-- Installing: /home/david/yolocpp_ws/install/docs_turtlesim/include/docs_turtlesim/docs_turtlesim/msg/rosidl_generator_cpp__visibility_control.hpp
-- Installing: /home/david/yolocpp_ws/install/docs_turtlesim/include/docs_turtlesim/docs_turtlesim/msg/keyed_pose.hpp
-- Installing: /home/david/yolocpp_ws/install/docs_turtlesim/include/docs_turtlesim/docs_turtlesim/msg/vector3.hpp
-- Up-to-date: /home/david/yolocpp_ws/install/docs_turtlesim/include/docs_turtlesim/docs_turtlesim
-- Up-to-date: /home/david/yolocpp_ws/install/docs_turtlesim/include/docs_turtlesim/docs_turtlesim/msg
-- Up-to-date: /home/david/yolocpp_ws/install/docs_turtlesim/include/docs_turtlesim/docs_turtlesim/msg/detail
-- Installing: /home/david/yolocpp_ws/install/docs_turtlesim/include/docs_turtlesim/docs_turtlesim/msg/detail/keyed_pose__rosidl_typesupport_fastrtps_cpp.hpp
-- Installing: /home/david/yolocpp_ws/install/docs_turtlesim/include/docs_turtlesim/docs_turtlesim/msg/detail/vector3__rosidl_typesupport_fastrtps_cpp.hpp
-- Installing: /home/david/yolocpp_ws/install/docs_turtlesim/include/docs_turtlesim/docs_turtlesim/msg/detail/keyed_twist__rosidl_typesupport_fastrtps_cpp.hpp
-- Installing: /home/david/yolocpp_ws/install/docs_turtlesim/include/docs_turtlesim/docs_turtlesim/msg/detail/dds_fastrtps
-- Installing: /home/david/yolocpp_ws/install/docs_turtlesim/include/docs_turtlesim/docs_turtlesim/msg/rosidl_typesupport_fastrtps_cpp__visibility_control.h
-- Installing: /home/david/yolocpp_ws/install/docs_turtlesim/lib/libdocs_turtlesim__rosidl_typesupport_fastrtps_cpp.so
-- Set runtime path of "/home/david/yolocpp_ws/install/docs_turtlesim/lib/libdocs_turtlesim__rosidl_typesupport_fastrtps_cpp.so" to ""
-- Up-to-date: /home/david/yolocpp_ws/install/docs_turtlesim/include/docs_turtlesim/docs_turtlesim
-- Up-to-date: /home/david/yolocpp_ws/install/docs_turtlesim/include/docs_turtlesim/docs_turtlesim/msg
-- Installing: /home/david/yolocpp_ws/install/docs_turtlesim/include/docs_turtlesim/docs_turtlesim/msg/rosidl_typesupport_introspection_c__visibility_control.h
-- Up-to-date: /home/david/yolocpp_ws/install/docs_turtlesim/include/docs_turtlesim/docs_turtlesim/msg/detail
-- Installing: /home/david/yolocpp_ws/install/docs_turtlesim/include/docs_turtlesim/docs_turtlesim/msg/detail/vector3__rosidl_typesupport_introspection_c.h
-- Installing: /home/david/yolocpp_ws/install/docs_turtlesim/include/docs_turtlesim/docs_turtlesim/msg/detail/vector3__type_support.c
-- Installing: /home/david/yolocpp_ws/install/docs_turtlesim/include/docs_turtlesim/docs_turtlesim/msg/detail/keyed_twist__rosidl_typesupport_introspection_c.h
-- Installing: /home/david/yolocpp_ws/install/docs_turtlesim/include/docs_turtlesim/docs_turtlesim/msg/detail/keyed_twist__type_support.c
-- Installing: /home/david/yolocpp_ws/install/docs_turtlesim/include/docs_turtlesim/docs_turtlesim/msg/detail/keyed_pose__type_support.c
-- Installing: /home/david/yolocpp_ws/install/docs_turtlesim/include/docs_turtlesim/docs_turtlesim/msg/detail/keyed_pose__rosidl_typesupport_introspection_c.h
-- Installing: /home/david/yolocpp_ws/install/docs_turtlesim/lib/libdocs_turtlesim__rosidl_typesupport_introspection_c.so
-- Set runtime path of "/home/david/yolocpp_ws/install/docs_turtlesim/lib/libdocs_turtlesim__rosidl_typesupport_introspection_c.so" to ""
-- Installing: /home/david/yolocpp_ws/install/docs_turtlesim/lib/libdocs_turtlesim__rosidl_typesupport_c.so
-- Set runtime path of "/home/david/yolocpp_ws/install/docs_turtlesim/lib/libdocs_turtlesim__rosidl_typesupport_c.so" to ""
-- Up-to-date: /home/david/yolocpp_ws/install/docs_turtlesim/include/docs_turtlesim/docs_turtlesim
-- Up-to-date: /home/david/yolocpp_ws/install/docs_turtlesim/include/docs_turtlesim/docs_turtlesim/msg
-- Up-to-date: /home/david/yolocpp_ws/install/docs_turtlesim/include/docs_turtlesim/docs_turtlesim/msg/detail
-- Installing: /home/david/yolocpp_ws/install/docs_turtlesim/include/docs_turtlesim/docs_turtlesim/msg/detail/keyed_pose__type_support.cpp
-- Installing: /home/david/yolocpp_ws/install/docs_turtlesim/include/docs_turtlesim/docs_turtlesim/msg/detail/vector3__type_support.cpp
-- Installing: /home/david/yolocpp_ws/install/docs_turtlesim/include/docs_turtlesim/docs_turtlesim/msg/detail/keyed_twist__rosidl_typesupport_introspection_cpp.hpp
-- Installing: /home/david/yolocpp_ws/install/docs_turtlesim/include/docs_turtlesim/docs_turtlesim/msg/detail/vector3__rosidl_typesupport_introspection_cpp.hpp
-- Installing: /home/david/yolocpp_ws/install/docs_turtlesim/include/docs_turtlesim/docs_turtlesim/msg/detail/keyed_twist__type_support.cpp
-- Installing: /home/david/yolocpp_ws/install/docs_turtlesim/include/docs_turtlesim/docs_turtlesim/msg/detail/keyed_pose__rosidl_typesupport_introspection_cpp.hpp
-- Installing: /home/david/yolocpp_ws/install/docs_turtlesim/lib/libdocs_turtlesim__rosidl_typesupport_introspection_cpp.so
-- Set runtime path of "/home/david/yolocpp_ws/install/docs_turtlesim/lib/libdocs_turtlesim__rosidl_typesupport_introspection_cpp.so" to ""
-- Installing: /home/david/yolocpp_ws/install/docs_turtlesim/lib/libdocs_turtlesim__rosidl_typesupport_cpp.so
-- Set runtime path of "/home/david/yolocpp_ws/install/docs_turtlesim/lib/libdocs_turtlesim__rosidl_typesupport_cpp.so" to ""
-- Installing: /home/david/yolocpp_ws/install/docs_turtlesim/share/docs_turtlesim/environment/pythonpath.sh
-- Installing: /home/david/yolocpp_ws/install/docs_turtlesim/share/docs_turtlesim/environment/pythonpath.dsv
-- Installing: /home/david/yolocpp_ws/install/docs_turtlesim/local/lib/python3.10/dist-packages/docs_turtlesim-1.4.2-py3.10.egg-info
-- Installing: /home/david/yolocpp_ws/install/docs_turtlesim/local/lib/python3.10/dist-packages/docs_turtlesim-1.4.2-py3.10.egg-info/PKG-INFO
-- Installing: /home/david/yolocpp_ws/install/docs_turtlesim/local/lib/python3.10/dist-packages/docs_turtlesim-1.4.2-py3.10.egg-info/SOURCES.txt
-- Installing: /home/david/yolocpp_ws/install/docs_turtlesim/local/lib/python3.10/dist-packages/docs_turtlesim-1.4.2-py3.10.egg-info/dependency_links.txt
-- Installing: /home/david/yolocpp_ws/install/docs_turtlesim/local/lib/python3.10/dist-packages/docs_turtlesim-1.4.2-py3.10.egg-info/top_level.txt
-- Installing: /home/david/yolocpp_ws/install/docs_turtlesim/local/lib/python3.10/dist-packages/docs_turtlesim
-- Installing: /home/david/yolocpp_ws/install/docs_turtlesim/local/lib/python3.10/dist-packages/docs_turtlesim/_docs_turtlesim_s.ep.rosidl_typesupport_fastrtps_c.c
-- Installing: /home/david/yolocpp_ws/install/docs_turtlesim/local/lib/python3.10/dist-packages/docs_turtlesim/docs_turtlesim_s__rosidl_typesupport_fastrtps_c.cpython-310-x86_64-linux-gnu.so
-- Installing: /home/david/yolocpp_ws/install/docs_turtlesim/local/lib/python3.10/dist-packages/docs_turtlesim/_docs_turtlesim_s.ep.rosidl_typesupport_introspection_c.c
-- Installing: /home/david/yolocpp_ws/install/docs_turtlesim/local/lib/python3.10/dist-packages/docs_turtlesim/docs_turtlesim_s__rosidl_typesupport_introspection_c.cpython-310-x86_64-linux-gnu.so
-- Installing: /home/david/yolocpp_ws/install/docs_turtlesim/local/lib/python3.10/dist-packages/docs_turtlesim/_docs_turtlesim_s.ep.rosidl_typesupport_c.c
-- Installing: /home/david/yolocpp_ws/install/docs_turtlesim/local/lib/python3.10/dist-packages/docs_turtlesim/docs_turtlesim_s__rosidl_typesupport_c.cpython-310-x86_64-linux-gnu.so
-- Installing: /home/david/yolocpp_ws/install/docs_turtlesim/local/lib/python3.10/dist-packages/docs_turtlesim/libdocs_turtlesim__rosidl_generator_py.so
-- Installing: /home/david/yolocpp_ws/install/docs_turtlesim/local/lib/python3.10/dist-packages/docs_turtlesim/__init__.py
-- Installing: /home/david/yolocpp_ws/install/docs_turtlesim/local/lib/python3.10/dist-packages/docs_turtlesim/msg
-- Installing: /home/david/yolocpp_ws/install/docs_turtlesim/local/lib/python3.10/dist-packages/docs_turtlesim/msg/_vector3_s.c
-- Installing: /home/david/yolocpp_ws/install/docs_turtlesim/local/lib/python3.10/dist-packages/docs_turtlesim/msg/_keyed_pose_s.c
-- Installing: /home/david/yolocpp_ws/install/docs_turtlesim/local/lib/python3.10/dist-packages/docs_turtlesim/msg/_keyed_twist_s.c
-- Installing: /home/david/yolocpp_ws/install/docs_turtlesim/local/lib/python3.10/dist-packages/docs_turtlesim/msg/_keyed_twist.py
-- Installing: /home/david/yolocpp_ws/install/docs_turtlesim/local/lib/python3.10/dist-packages/docs_turtlesim/msg/_vector3.py
-- Installing: /home/david/yolocpp_ws/install/docs_turtlesim/local/lib/python3.10/dist-packages/docs_turtlesim/msg/__init__.py
-- Installing: /home/david/yolocpp_ws/install/docs_turtlesim/local/lib/python3.10/dist-packages/docs_turtlesim/msg/_keyed_pose.py
Listing '/home/david/yolocpp_ws/install/docs_turtlesim/local/lib/python3.10/dist-packages/docs_turtlesim'...
Compiling '/home/david/yolocpp_ws/install/docs_turtlesim/local/lib/python3.10/dist-packages/docs_turtlesim/__init__.py'...
Listing '/home/david/yolocpp_ws/install/docs_turtlesim/local/lib/python3.10/dist-packages/docs_turtlesim/msg'...
Compiling '/home/david/yolocpp_ws/install/docs_turtlesim/local/lib/python3.10/dist-packages/docs_turtlesim/msg/__init__.py'...
Compiling '/home/david/yolocpp_ws/install/docs_turtlesim/local/lib/python3.10/dist-packages/docs_turtlesim/msg/_keyed_pose.py'...
Compiling '/home/david/yolocpp_ws/install/docs_turtlesim/local/lib/python3.10/dist-packages/docs_turtlesim/msg/_keyed_twist.py'...
Compiling '/home/david/yolocpp_ws/install/docs_turtlesim/local/lib/python3.10/dist-packages/docs_turtlesim/msg/_vector3.py'...
-- Installing: /home/david/yolocpp_ws/install/docs_turtlesim/local/lib/python3.10/dist-packages/docs_turtlesim/docs_turtlesim_s__rosidl_typesupport_fastrtps_c.cpython-310-x86_64-linux-gnu.so
-- Set runtime path of "/home/david/yolocpp_ws/install/docs_turtlesim/local/lib/python3.10/dist-packages/docs_turtlesim/docs_turtlesim_s__rosidl_typesupport_fastrtps_c.cpython-310-x86_64-linux-gnu.so" to ""
-- Installing: /home/david/yolocpp_ws/install/docs_turtlesim/local/lib/python3.10/dist-packages/docs_turtlesim/docs_turtlesim_s__rosidl_typesupport_introspection_c.cpython-310-x86_64-linux-gnu.so
-- Set runtime path of "/home/david/yolocpp_ws/install/docs_turtlesim/local/lib/python3.10/dist-packages/docs_turtlesim/docs_turtlesim_s__rosidl_typesupport_introspection_c.cpython-310-x86_64-linux-gnu.so" to ""
-- Installing: /home/david/yolocpp_ws/install/docs_turtlesim/local/lib/python3.10/dist-packages/docs_turtlesim/docs_turtlesim_s__rosidl_typesupport_c.cpython-310-x86_64-linux-gnu.so
-- Set runtime path of "/home/david/yolocpp_ws/install/docs_turtlesim/local/lib/python3.10/dist-packages/docs_turtlesim/docs_turtlesim_s__rosidl_typesupport_c.cpython-310-x86_64-linux-gnu.so" to ""
-- Installing: /home/david/yolocpp_ws/install/docs_turtlesim/lib/libdocs_turtlesim__rosidl_generator_py.so
-- Set runtime path of "/home/david/yolocpp_ws/install/docs_turtlesim/lib/libdocs_turtlesim__rosidl_generator_py.so" to ""
-- Installing: /home/david/yolocpp_ws/install/docs_turtlesim/share/docs_turtlesim/msg/Vector3.idl
-- Installing: /home/david/yolocpp_ws/install/docs_turtlesim/share/docs_turtlesim/msg/KeyedTwist.idl
-- Installing: /home/david/yolocpp_ws/install/docs_turtlesim/share/docs_turtlesim/msg/KeyedPose.idl
-- Installing: /home/david/yolocpp_ws/install/docs_turtlesim/lib/docs_turtlesim/turtlesim_square_move
-- Set runtime path of "/home/david/yolocpp_ws/install/docs_turtlesim/lib/docs_turtlesim/turtlesim_square_move" to ""
-- Installing: /home/david/yolocpp_ws/install/docs_turtlesim/lib/docs_turtlesim/turtlesim_node_keys
-- Set runtime path of "/home/david/yolocpp_ws/install/docs_turtlesim/lib/docs_turtlesim/turtlesim_node_keys" to ""
-- Installing: /home/david/yolocpp_ws/install/docs_turtlesim/lib/docs_turtlesim/turtlesim_multi_control
-- Set runtime path of "/home/david/yolocpp_ws/install/docs_turtlesim/lib/docs_turtlesim/turtlesim_multi_control" to ""
-- Installing: /home/david/yolocpp_ws/install/docs_turtlesim/share/ament_index/resource_index/package_run_dependencies/docs_turtlesim
-- Installing: /home/david/yolocpp_ws/install/docs_turtlesim/share/ament_index/resource_index/parent_prefix_path/docs_turtlesim
-- Installing: /home/david/yolocpp_ws/install/docs_turtlesim/share/docs_turtlesim/environment/ament_prefix_path.sh
-- Installing: /home/david/yolocpp_ws/install/docs_turtlesim/share/docs_turtlesim/environment/ament_prefix_path.dsv
-- Installing: /home/david/yolocpp_ws/install/docs_turtlesim/share/docs_turtlesim/environment/path.sh
-- Installing: /home/david/yolocpp_ws/install/docs_turtlesim/share/docs_turtlesim/environment/path.dsv
-- Installing: /home/david/yolocpp_ws/install/docs_turtlesim/share/docs_turtlesim/local_setup.bash
-- Installing: /home/david/yolocpp_ws/install/docs_turtlesim/share/docs_turtlesim/local_setup.sh
-- Installing: /home/david/yolocpp_ws/install/docs_turtlesim/share/docs_turtlesim/local_setup.zsh
-- Installing: /home/david/yolocpp_ws/install/docs_turtlesim/share/docs_turtlesim/local_setup.dsv
-- Installing: /home/david/yolocpp_ws/install/docs_turtlesim/share/docs_turtlesim/package.dsv
-- Installing: /home/david/yolocpp_ws/install/docs_turtlesim/share/ament_index/resource_index/packages/docs_turtlesim
-- Installing: /home/david/yolocpp_ws/install/docs_turtlesim/share/docs_turtlesim/cmake/export_docs_turtlesim__rosidl_generator_cExport.cmake
-- Installing: /home/david/yolocpp_ws/install/docs_turtlesim/share/docs_turtlesim/cmake/export_docs_turtlesim__rosidl_generator_cExport-noconfig.cmake
-- Installing: /home/david/yolocpp_ws/install/docs_turtlesim/share/docs_turtlesim/cmake/export_docs_turtlesim__rosidl_typesupport_fastrtps_cExport.cmake
-- Installing: /home/david/yolocpp_ws/install/docs_turtlesim/share/docs_turtlesim/cmake/export_docs_turtlesim__rosidl_typesupport_fastrtps_cExport-noconfig.cmake
-- Installing: /home/david/yolocpp_ws/install/docs_turtlesim/share/docs_turtlesim/cmake/export_docs_turtlesim__rosidl_generator_cppExport.cmake
-- Installing: /home/david/yolocpp_ws/install/docs_turtlesim/share/docs_turtlesim/cmake/export_docs_turtlesim__rosidl_typesupport_fastrtps_cppExport.cmake
-- Installing: /home/david/yolocpp_ws/install/docs_turtlesim/share/docs_turtlesim/cmake/export_docs_turtlesim__rosidl_typesupport_fastrtps_cppExport-noconfig.cmake
-- Installing: /home/david/yolocpp_ws/install/docs_turtlesim/share/docs_turtlesim/cmake/docs_turtlesim__rosidl_typesupport_introspection_cExport.cmake
-- Installing: /home/david/yolocpp_ws/install/docs_turtlesim/share/docs_turtlesim/cmake/docs_turtlesim__rosidl_typesupport_introspection_cExport-noconfig.cmake
-- Installing: /home/david/yolocpp_ws/install/docs_turtlesim/share/docs_turtlesim/cmake/docs_turtlesim__rosidl_typesupport_cExport.cmake
-- Installing: /home/david/yolocpp_ws/install/docs_turtlesim/share/docs_turtlesim/cmake/docs_turtlesim__rosidl_typesupport_cExport-noconfig.cmake
-- Installing: /home/david/yolocpp_ws/install/docs_turtlesim/share/docs_turtlesim/cmake/docs_turtlesim__rosidl_typesupport_introspection_cppExport.cmake
-- Installing: /home/david/yolocpp_ws/install/docs_turtlesim/share/docs_turtlesim/cmake/docs_turtlesim__rosidl_typesupport_introspection_cppExport-noconfig.cmake
-- Installing: /home/david/yolocpp_ws/install/docs_turtlesim/share/docs_turtlesim/cmake/docs_turtlesim__rosidl_typesupport_cppExport.cmake
-- Installing: /home/david/yolocpp_ws/install/docs_turtlesim/share/docs_turtlesim/cmake/docs_turtlesim__rosidl_typesupport_cppExport-noconfig.cmake
-- Installing: /home/david/yolocpp_ws/install/docs_turtlesim/share/docs_turtlesim/cmake/export_docs_turtlesim__rosidl_generator_pyExport.cmake
-- Installing: /home/david/yolocpp_ws/install/docs_turtlesim/share/docs_turtlesim/cmake/export_docs_turtlesim__rosidl_generator_pyExport-noconfig.cmake
-- Installing: /home/david/yolocpp_ws/install/docs_turtlesim/share/docs_turtlesim/cmake/rosidl_cmake-extras.cmake
-- Installing: /home/david/yolocpp_ws/install/docs_turtlesim/share/docs_turtlesim/cmake/ament_cmake_export_include_directories-extras.cmake
-- Installing: /home/david/yolocpp_ws/install/docs_turtlesim/share/docs_turtlesim/cmake/ament_cmake_export_libraries-extras.cmake
-- Installing: /home/david/yolocpp_ws/install/docs_turtlesim/share/docs_turtlesim/cmake/ament_cmake_export_targets-extras.cmake
-- Installing: /home/david/yolocpp_ws/install/docs_turtlesim/share/docs_turtlesim/cmake/rosidl_cmake_export_typesupport_targets-extras.cmake
-- Installing: /home/david/yolocpp_ws/install/docs_turtlesim/share/docs_turtlesim/cmake/ament_cmake_export_dependencies-extras.cmake
-- Installing: /home/david/yolocpp_ws/install/docs_turtlesim/share/docs_turtlesim/cmake/rosidl_cmake_export_typesupport_libraries-extras.cmake
-- Installing: /home/david/yolocpp_ws/install/docs_turtlesim/share/docs_turtlesim/cmake/docs_turtlesimConfig.cmake
-- Installing: /home/david/yolocpp_ws/install/docs_turtlesim/share/docs_turtlesim/cmake/docs_turtlesimConfig-version.cmake
-- Installing: /home/david/yolocpp_ws/install/docs_turtlesim/share/docs_turtlesim/package.xml
