[0.195s] Invoking command in '/home/david/yolocpp_ws/build/docs_turtlesim': CMAKE_PREFIX_PATH=${CMAKE_PREFIX_PATH}:/opt/ros/humble PROMPT_COMMAND=echo -n \[$(date +%H:%M:%S)\]\ /home/david/.local/bin/cmake --build /home/david/yolocpp_ws/build/docs_turtlesim -- -j32 -l32
[0.389s] [  1%] Built target docs_turtlesim__cpp
[0.389s] [ 10%] Built target docs_turtlesim__rosidl_generator_c
[0.389s] [ 10%] Built target ament_cmake_python_copy_docs_turtlesim
[0.389s] [ 19%] Built target docs_turtlesim__rosidl_typesupport_c
[0.389s] [ 28%] Built target docs_turtlesim__rosidl_typesupport_introspection_c
[0.389s] [ 39%] Built target docs_turtlesim__rosidl_typesupport_fastrtps_cpp
[0.389s] [ 46%] Built target docs_turtlesim__rosidl_typesupport_cpp
[0.389s] [ 55%] Built target docs_turtlesim__rosidl_typesupport_introspection_cpp
[0.389s] [ 64%] Built target docs_turtlesim__rosidl_typesupport_fastrtps_c
[0.389s] [ 64%] Built target docs_turtlesim
[0.389s] [ 69%] Built target turtlesim_square_move
[0.389s] [ 71%] Built target turtlesim_multi_control
[0.389s] [ 73%] Built target docs_turtlesim__py
[0.390s] [ 82%] Built target turtlesim_node_keys
[0.390s] [ 89%] Built target docs_turtlesim__rosidl_generator_py
[0.390s] [ 92%] Built target docs_turtlesim__rosidl_typesupport_c__pyext
[0.390s] [ 96%] Built target docs_turtlesim__rosidl_typesupport_fastrtps_c__pyext
[0.390s] [100%] Built target docs_turtlesim__rosidl_typesupport_introspection_c__pyext
[0.409s] running egg_info
[0.409s] writing docs_turtlesim.egg-info/PKG-INFO
[0.409s] writing dependency_links to docs_turtlesim.egg-info/dependency_links.txt
[0.409s] writing top-level names to docs_turtlesim.egg-info/top_level.txt
[0.411s] reading manifest file 'docs_turtlesim.egg-info/SOURCES.txt'
[0.411s] writing manifest file 'docs_turtlesim.egg-info/SOURCES.txt'
[0.423s] [100%] Built target ament_cmake_python_build_docs_turtlesim_egg
[0.439s] Invoked command in '/home/david/yolocpp_ws/build/docs_turtlesim' returned '0': CMAKE_PREFIX_PATH=${CMAKE_PREFIX_PATH}:/opt/ros/humble PROMPT_COMMAND=echo -n \[$(date +%H:%M:%S)\]\ /home/david/.local/bin/cmake --build /home/david/yolocpp_ws/build/docs_turtlesim -- -j32 -l32
[0.440s] Invoking command in '/home/david/yolocpp_ws/build/docs_turtlesim': CMAKE_PREFIX_PATH=${CMAKE_PREFIX_PATH}:/opt/ros/humble PROMPT_COMMAND=echo -n \[$(date +%H:%M:%S)\]\ /home/david/.local/bin/cmake --install /home/david/yolocpp_ws/build/docs_turtlesim
[0.465s] -- Install configuration: ""
[0.466s] -- Installing: /home/david/yolocpp_ws/install/docs_turtlesim/share/ament_index/resource_index/rosidl_interfaces/docs_turtlesim
[0.466s] -- Installing: /home/david/yolocpp_ws/install/docs_turtlesim/include/docs_turtlesim/docs_turtlesim
[0.466s] -- Installing: /home/david/yolocpp_ws/install/docs_turtlesim/include/docs_turtlesim/docs_turtlesim/msg
[0.466s] -- Installing: /home/david/yolocpp_ws/install/docs_turtlesim/include/docs_turtlesim/docs_turtlesim/msg/rosidl_generator_c__visibility_control.h
[0.466s] -- Installing: /home/david/yolocpp_ws/install/docs_turtlesim/include/docs_turtlesim/docs_turtlesim/msg/detail
[0.466s] -- Installing: /home/david/yolocpp_ws/install/docs_turtlesim/include/docs_turtlesim/docs_turtlesim/msg/detail/keyed_twist__struct.h
[0.466s] -- Installing: /home/david/yolocpp_ws/install/docs_turtlesim/include/docs_turtlesim/docs_turtlesim/msg/detail/keyed_twist__functions.c
[0.466s] -- Installing: /home/david/yolocpp_ws/install/docs_turtlesim/include/docs_turtlesim/docs_turtlesim/msg/detail/keyed_pose__functions.c
[0.466s] -- Installing: /home/david/yolocpp_ws/install/docs_turtlesim/include/docs_turtlesim/docs_turtlesim/msg/detail/vector3__type_support.h
[0.466s] -- Installing: /home/david/yolocpp_ws/install/docs_turtlesim/include/docs_turtlesim/docs_turtlesim/msg/detail/keyed_pose__type_support.h
[0.466s] -- Installing: /home/david/yolocpp_ws/install/docs_turtlesim/include/docs_turtlesim/docs_turtlesim/msg/detail/keyed_twist__type_support.h
[0.466s] -- Installing: /home/david/yolocpp_ws/install/docs_turtlesim/include/docs_turtlesim/docs_turtlesim/msg/detail/keyed_pose__struct.h
[0.466s] -- Installing: /home/david/yolocpp_ws/install/docs_turtlesim/include/docs_turtlesim/docs_turtlesim/msg/detail/vector3__functions.c
[0.467s] -- Installing: /home/david/yolocpp_ws/install/docs_turtlesim/include/docs_turtlesim/docs_turtlesim/msg/detail/keyed_pose__functions.h
[0.467s] -- Installing: /home/david/yolocpp_ws/install/docs_turtlesim/include/docs_turtlesim/docs_turtlesim/msg/detail/keyed_twist__functions.h
[0.467s] -- Installing: /home/david/yolocpp_ws/install/docs_turtlesim/include/docs_turtlesim/docs_turtlesim/msg/detail/vector3__struct.h
[0.467s] -- Installing: /home/david/yolocpp_ws/install/docs_turtlesim/include/docs_turtlesim/docs_turtlesim/msg/detail/vector3__functions.h
[0.467s] -- Installing: /home/david/yolocpp_ws/install/docs_turtlesim/include/docs_turtlesim/docs_turtlesim/msg/keyed_pose.h
[0.467s] -- Installing: /home/david/yolocpp_ws/install/docs_turtlesim/include/docs_turtlesim/docs_turtlesim/msg/keyed_twist.h
[0.467s] -- Installing: /home/david/yolocpp_ws/install/docs_turtlesim/include/docs_turtlesim/docs_turtlesim/msg/vector3.h
[0.467s] -- Installing: /home/david/yolocpp_ws/install/docs_turtlesim/share/docs_turtlesim/environment/library_path.sh
[0.467s] -- Installing: /home/david/yolocpp_ws/install/docs_turtlesim/share/docs_turtlesim/environment/library_path.dsv
[0.467s] -- Installing: /home/david/yolocpp_ws/install/docs_turtlesim/lib/libdocs_turtlesim__rosidl_generator_c.so
[0.467s] -- Set runtime path of "/home/david/yolocpp_ws/install/docs_turtlesim/lib/libdocs_turtlesim__rosidl_generator_c.so" to ""
[0.467s] -- Up-to-date: /home/david/yolocpp_ws/install/docs_turtlesim/include/docs_turtlesim/docs_turtlesim
[0.467s] -- Up-to-date: /home/david/yolocpp_ws/install/docs_turtlesim/include/docs_turtlesim/docs_turtlesim/msg
[0.468s] -- Installing: /home/david/yolocpp_ws/install/docs_turtlesim/include/docs_turtlesim/docs_turtlesim/msg/rosidl_typesupport_fastrtps_c__visibility_control.h
[0.468s] -- Up-to-date: /home/david/yolocpp_ws/install/docs_turtlesim/include/docs_turtlesim/docs_turtlesim/msg/detail
[0.468s] -- Installing: /home/david/yolocpp_ws/install/docs_turtlesim/include/docs_turtlesim/docs_turtlesim/msg/detail/keyed_twist__rosidl_typesupport_fastrtps_c.h
[0.468s] -- Installing: /home/david/yolocpp_ws/install/docs_turtlesim/include/docs_turtlesim/docs_turtlesim/msg/detail/vector3__rosidl_typesupport_fastrtps_c.h
[0.468s] -- Installing: /home/david/yolocpp_ws/install/docs_turtlesim/include/docs_turtlesim/docs_turtlesim/msg/detail/keyed_pose__rosidl_typesupport_fastrtps_c.h
[0.468s] -- Installing: /home/david/yolocpp_ws/install/docs_turtlesim/lib/libdocs_turtlesim__rosidl_typesupport_fastrtps_c.so
[0.468s] -- Set runtime path of "/home/david/yolocpp_ws/install/docs_turtlesim/lib/libdocs_turtlesim__rosidl_typesupport_fastrtps_c.so" to ""
[0.468s] -- Up-to-date: /home/david/yolocpp_ws/install/docs_turtlesim/include/docs_turtlesim/docs_turtlesim
[0.468s] -- Up-to-date: /home/david/yolocpp_ws/install/docs_turtlesim/include/docs_turtlesim/docs_turtlesim/msg
[0.468s] -- Up-to-date: /home/david/yolocpp_ws/install/docs_turtlesim/include/docs_turtlesim/docs_turtlesim/msg/detail
[0.468s] -- Installing: /home/david/yolocpp_ws/install/docs_turtlesim/include/docs_turtlesim/docs_turtlesim/msg/detail/vector3__builder.hpp
[0.468s] -- Installing: /home/david/yolocpp_ws/install/docs_turtlesim/include/docs_turtlesim/docs_turtlesim/msg/detail/keyed_twist__type_support.hpp
[0.468s] -- Installing: /home/david/yolocpp_ws/install/docs_turtlesim/include/docs_turtlesim/docs_turtlesim/msg/detail/keyed_twist__traits.hpp
[0.469s] -- Installing: /home/david/yolocpp_ws/install/docs_turtlesim/include/docs_turtlesim/docs_turtlesim/msg/detail/keyed_twist__struct.hpp
[0.469s] -- Installing: /home/david/yolocpp_ws/install/docs_turtlesim/include/docs_turtlesim/docs_turtlesim/msg/detail/keyed_pose__traits.hpp
[0.469s] -- Installing: /home/david/yolocpp_ws/install/docs_turtlesim/include/docs_turtlesim/docs_turtlesim/msg/detail/keyed_twist__builder.hpp
[0.469s] -- Installing: /home/david/yolocpp_ws/install/docs_turtlesim/include/docs_turtlesim/docs_turtlesim/msg/detail/vector3__struct.hpp
[0.469s] -- Installing: /home/david/yolocpp_ws/install/docs_turtlesim/include/docs_turtlesim/docs_turtlesim/msg/detail/keyed_pose__type_support.hpp
[0.469s] -- Installing: /home/david/yolocpp_ws/install/docs_turtlesim/include/docs_turtlesim/docs_turtlesim/msg/detail/keyed_pose__builder.hpp
[0.469s] -- Installing: /home/david/yolocpp_ws/install/docs_turtlesim/include/docs_turtlesim/docs_turtlesim/msg/detail/vector3__type_support.hpp
[0.469s] -- Installing: /home/david/yolocpp_ws/install/docs_turtlesim/include/docs_turtlesim/docs_turtlesim/msg/detail/vector3__traits.hpp
[0.469s] -- Installing: /home/david/yolocpp_ws/install/docs_turtlesim/include/docs_turtlesim/docs_turtlesim/msg/detail/keyed_pose__struct.hpp
[0.469s] -- Installing: /home/david/yolocpp_ws/install/docs_turtlesim/include/docs_turtlesim/docs_turtlesim/msg/keyed_twist.hpp
[0.469s] -- Installing: /home/david/yolocpp_ws/install/docs_turtlesim/include/docs_turtlesim/docs_turtlesim/msg/rosidl_generator_cpp__visibility_control.hpp
[0.469s] -- Installing: /home/david/yolocpp_ws/install/docs_turtlesim/include/docs_turtlesim/docs_turtlesim/msg/keyed_pose.hpp
[0.469s] -- Installing: /home/david/yolocpp_ws/install/docs_turtlesim/include/docs_turtlesim/docs_turtlesim/msg/vector3.hpp
[0.470s] -- Up-to-date: /home/david/yolocpp_ws/install/docs_turtlesim/include/docs_turtlesim/docs_turtlesim
[0.470s] -- Up-to-date: /home/david/yolocpp_ws/install/docs_turtlesim/include/docs_turtlesim/docs_turtlesim/msg
[0.470s] -- Up-to-date: /home/david/yolocpp_ws/install/docs_turtlesim/include/docs_turtlesim/docs_turtlesim/msg/detail
[0.470s] -- Installing: /home/david/yolocpp_ws/install/docs_turtlesim/include/docs_turtlesim/docs_turtlesim/msg/detail/keyed_pose__rosidl_typesupport_fastrtps_cpp.hpp
[0.470s] -- Installing: /home/david/yolocpp_ws/install/docs_turtlesim/include/docs_turtlesim/docs_turtlesim/msg/detail/vector3__rosidl_typesupport_fastrtps_cpp.hpp
[0.470s] -- Installing: /home/david/yolocpp_ws/install/docs_turtlesim/include/docs_turtlesim/docs_turtlesim/msg/detail/keyed_twist__rosidl_typesupport_fastrtps_cpp.hpp
[0.470s] -- Installing: /home/david/yolocpp_ws/install/docs_turtlesim/include/docs_turtlesim/docs_turtlesim/msg/detail/dds_fastrtps
[0.470s] -- Installing: /home/david/yolocpp_ws/install/docs_turtlesim/include/docs_turtlesim/docs_turtlesim/msg/rosidl_typesupport_fastrtps_cpp__visibility_control.h
[0.471s] -- Installing: /home/david/yolocpp_ws/install/docs_turtlesim/lib/libdocs_turtlesim__rosidl_typesupport_fastrtps_cpp.so
[0.471s] -- Set runtime path of "/home/david/yolocpp_ws/install/docs_turtlesim/lib/libdocs_turtlesim__rosidl_typesupport_fastrtps_cpp.so" to ""
[0.471s] -- Up-to-date: /home/david/yolocpp_ws/install/docs_turtlesim/include/docs_turtlesim/docs_turtlesim
[0.471s] -- Up-to-date: /home/david/yolocpp_ws/install/docs_turtlesim/include/docs_turtlesim/docs_turtlesim/msg
[0.471s] -- Installing: /home/david/yolocpp_ws/install/docs_turtlesim/include/docs_turtlesim/docs_turtlesim/msg/rosidl_typesupport_introspection_c__visibility_control.h
[0.471s] -- Up-to-date: /home/david/yolocpp_ws/install/docs_turtlesim/include/docs_turtlesim/docs_turtlesim/msg/detail
[0.471s] -- Installing: /home/david/yolocpp_ws/install/docs_turtlesim/include/docs_turtlesim/docs_turtlesim/msg/detail/vector3__rosidl_typesupport_introspection_c.h
[0.471s] -- Installing: /home/david/yolocpp_ws/install/docs_turtlesim/include/docs_turtlesim/docs_turtlesim/msg/detail/vector3__type_support.c
[0.471s] -- Installing: /home/david/yolocpp_ws/install/docs_turtlesim/include/docs_turtlesim/docs_turtlesim/msg/detail/keyed_twist__rosidl_typesupport_introspection_c.h
[0.471s] -- Installing: /home/david/yolocpp_ws/install/docs_turtlesim/include/docs_turtlesim/docs_turtlesim/msg/detail/keyed_twist__type_support.c
[0.472s] -- Installing: /home/david/yolocpp_ws/install/docs_turtlesim/include/docs_turtlesim/docs_turtlesim/msg/detail/keyed_pose__type_support.c
[0.472s] -- Installing: /home/david/yolocpp_ws/install/docs_turtlesim/include/docs_turtlesim/docs_turtlesim/msg/detail/keyed_pose__rosidl_typesupport_introspection_c.h
[0.472s] -- Installing: /home/david/yolocpp_ws/install/docs_turtlesim/lib/libdocs_turtlesim__rosidl_typesupport_introspection_c.so
[0.472s] -- Set runtime path of "/home/david/yolocpp_ws/install/docs_turtlesim/lib/libdocs_turtlesim__rosidl_typesupport_introspection_c.so" to ""
[0.473s] -- Installing: /home/david/yolocpp_ws/install/docs_turtlesim/lib/libdocs_turtlesim__rosidl_typesupport_c.so
[0.473s] -- Set runtime path of "/home/david/yolocpp_ws/install/docs_turtlesim/lib/libdocs_turtlesim__rosidl_typesupport_c.so" to ""
[0.473s] -- Up-to-date: /home/david/yolocpp_ws/install/docs_turtlesim/include/docs_turtlesim/docs_turtlesim
[0.473s] -- Up-to-date: /home/david/yolocpp_ws/install/docs_turtlesim/include/docs_turtlesim/docs_turtlesim/msg
[0.473s] -- Up-to-date: /home/david/yolocpp_ws/install/docs_turtlesim/include/docs_turtlesim/docs_turtlesim/msg/detail
[0.473s] -- Installing: /home/david/yolocpp_ws/install/docs_turtlesim/include/docs_turtlesim/docs_turtlesim/msg/detail/keyed_pose__type_support.cpp
[0.473s] -- Installing: /home/david/yolocpp_ws/install/docs_turtlesim/include/docs_turtlesim/docs_turtlesim/msg/detail/vector3__type_support.cpp
[0.473s] -- Installing: /home/david/yolocpp_ws/install/docs_turtlesim/include/docs_turtlesim/docs_turtlesim/msg/detail/keyed_twist__rosidl_typesupport_introspection_cpp.hpp
[0.473s] -- Installing: /home/david/yolocpp_ws/install/docs_turtlesim/include/docs_turtlesim/docs_turtlesim/msg/detail/vector3__rosidl_typesupport_introspection_cpp.hpp
[0.474s] -- Installing: /home/david/yolocpp_ws/install/docs_turtlesim/include/docs_turtlesim/docs_turtlesim/msg/detail/keyed_twist__type_support.cpp
[0.474s] -- Installing: /home/david/yolocpp_ws/install/docs_turtlesim/include/docs_turtlesim/docs_turtlesim/msg/detail/keyed_pose__rosidl_typesupport_introspection_cpp.hpp
[0.474s] -- Installing: /home/david/yolocpp_ws/install/docs_turtlesim/lib/libdocs_turtlesim__rosidl_typesupport_introspection_cpp.so
[0.474s] -- Set runtime path of "/home/david/yolocpp_ws/install/docs_turtlesim/lib/libdocs_turtlesim__rosidl_typesupport_introspection_cpp.so" to ""
[0.474s] -- Installing: /home/david/yolocpp_ws/install/docs_turtlesim/lib/libdocs_turtlesim__rosidl_typesupport_cpp.so
[0.474s] -- Set runtime path of "/home/david/yolocpp_ws/install/docs_turtlesim/lib/libdocs_turtlesim__rosidl_typesupport_cpp.so" to ""
[0.474s] -- Installing: /home/david/yolocpp_ws/install/docs_turtlesim/share/docs_turtlesim/environment/pythonpath.sh
[0.474s] -- Installing: /home/david/yolocpp_ws/install/docs_turtlesim/share/docs_turtlesim/environment/pythonpath.dsv
[0.474s] -- Installing: /home/david/yolocpp_ws/install/docs_turtlesim/local/lib/python3.10/dist-packages/docs_turtlesim-1.4.2-py3.10.egg-info
[0.474s] -- Installing: /home/david/yolocpp_ws/install/docs_turtlesim/local/lib/python3.10/dist-packages/docs_turtlesim-1.4.2-py3.10.egg-info/PKG-INFO
[0.474s] -- Installing: /home/david/yolocpp_ws/install/docs_turtlesim/local/lib/python3.10/dist-packages/docs_turtlesim-1.4.2-py3.10.egg-info/SOURCES.txt
[0.474s] -- Installing: /home/david/yolocpp_ws/install/docs_turtlesim/local/lib/python3.10/dist-packages/docs_turtlesim-1.4.2-py3.10.egg-info/dependency_links.txt
[0.474s] -- Installing: /home/david/yolocpp_ws/install/docs_turtlesim/local/lib/python3.10/dist-packages/docs_turtlesim-1.4.2-py3.10.egg-info/top_level.txt
[0.474s] -- Installing: /home/david/yolocpp_ws/install/docs_turtlesim/local/lib/python3.10/dist-packages/docs_turtlesim
[0.474s] -- Installing: /home/david/yolocpp_ws/install/docs_turtlesim/local/lib/python3.10/dist-packages/docs_turtlesim/_docs_turtlesim_s.ep.rosidl_typesupport_fastrtps_c.c
[0.474s] -- Installing: /home/david/yolocpp_ws/install/docs_turtlesim/local/lib/python3.10/dist-packages/docs_turtlesim/docs_turtlesim_s__rosidl_typesupport_fastrtps_c.cpython-310-x86_64-linux-gnu.so
[0.475s] -- Installing: /home/david/yolocpp_ws/install/docs_turtlesim/local/lib/python3.10/dist-packages/docs_turtlesim/_docs_turtlesim_s.ep.rosidl_typesupport_introspection_c.c
[0.475s] -- Installing: /home/david/yolocpp_ws/install/docs_turtlesim/local/lib/python3.10/dist-packages/docs_turtlesim/docs_turtlesim_s__rosidl_typesupport_introspection_c.cpython-310-x86_64-linux-gnu.so
[0.475s] -- Installing: /home/david/yolocpp_ws/install/docs_turtlesim/local/lib/python3.10/dist-packages/docs_turtlesim/_docs_turtlesim_s.ep.rosidl_typesupport_c.c
[0.475s] -- Installing: /home/david/yolocpp_ws/install/docs_turtlesim/local/lib/python3.10/dist-packages/docs_turtlesim/docs_turtlesim_s__rosidl_typesupport_c.cpython-310-x86_64-linux-gnu.so
[0.475s] -- Installing: /home/david/yolocpp_ws/install/docs_turtlesim/local/lib/python3.10/dist-packages/docs_turtlesim/libdocs_turtlesim__rosidl_generator_py.so
[0.475s] -- Installing: /home/david/yolocpp_ws/install/docs_turtlesim/local/lib/python3.10/dist-packages/docs_turtlesim/__init__.py
[0.475s] -- Installing: /home/david/yolocpp_ws/install/docs_turtlesim/local/lib/python3.10/dist-packages/docs_turtlesim/msg
[0.475s] -- Installing: /home/david/yolocpp_ws/install/docs_turtlesim/local/lib/python3.10/dist-packages/docs_turtlesim/msg/_vector3_s.c
[0.475s] -- Installing: /home/david/yolocpp_ws/install/docs_turtlesim/local/lib/python3.10/dist-packages/docs_turtlesim/msg/_keyed_pose_s.c
[0.475s] -- Installing: /home/david/yolocpp_ws/install/docs_turtlesim/local/lib/python3.10/dist-packages/docs_turtlesim/msg/_keyed_twist_s.c
[0.475s] -- Installing: /home/david/yolocpp_ws/install/docs_turtlesim/local/lib/python3.10/dist-packages/docs_turtlesim/msg/_keyed_twist.py
[0.475s] -- Installing: /home/david/yolocpp_ws/install/docs_turtlesim/local/lib/python3.10/dist-packages/docs_turtlesim/msg/_vector3.py
[0.475s] -- Installing: /home/david/yolocpp_ws/install/docs_turtlesim/local/lib/python3.10/dist-packages/docs_turtlesim/msg/__init__.py
[0.475s] -- Installing: /home/david/yolocpp_ws/install/docs_turtlesim/local/lib/python3.10/dist-packages/docs_turtlesim/msg/_keyed_pose.py
[0.495s] Listing '/home/david/yolocpp_ws/install/docs_turtlesim/local/lib/python3.10/dist-packages/docs_turtlesim'...
[0.495s] Compiling '/home/david/yolocpp_ws/install/docs_turtlesim/local/lib/python3.10/dist-packages/docs_turtlesim/__init__.py'...
[0.495s] Listing '/home/david/yolocpp_ws/install/docs_turtlesim/local/lib/python3.10/dist-packages/docs_turtlesim/msg'...
[0.496s] Compiling '/home/david/yolocpp_ws/install/docs_turtlesim/local/lib/python3.10/dist-packages/docs_turtlesim/msg/__init__.py'...
[0.496s] Compiling '/home/david/yolocpp_ws/install/docs_turtlesim/local/lib/python3.10/dist-packages/docs_turtlesim/msg/_keyed_pose.py'...
[0.496s] Compiling '/home/david/yolocpp_ws/install/docs_turtlesim/local/lib/python3.10/dist-packages/docs_turtlesim/msg/_keyed_twist.py'...
[0.496s] Compiling '/home/david/yolocpp_ws/install/docs_turtlesim/local/lib/python3.10/dist-packages/docs_turtlesim/msg/_vector3.py'...
[0.498s] -- Installing: /home/david/yolocpp_ws/install/docs_turtlesim/local/lib/python3.10/dist-packages/docs_turtlesim/docs_turtlesim_s__rosidl_typesupport_fastrtps_c.cpython-310-x86_64-linux-gnu.so
[0.498s] -- Set runtime path of "/home/david/yolocpp_ws/install/docs_turtlesim/local/lib/python3.10/dist-packages/docs_turtlesim/docs_turtlesim_s__rosidl_typesupport_fastrtps_c.cpython-310-x86_64-linux-gnu.so" to ""
[0.499s] -- Installing: /home/david/yolocpp_ws/install/docs_turtlesim/local/lib/python3.10/dist-packages/docs_turtlesim/docs_turtlesim_s__rosidl_typesupport_introspection_c.cpython-310-x86_64-linux-gnu.so
[0.499s] -- Set runtime path of "/home/david/yolocpp_ws/install/docs_turtlesim/local/lib/python3.10/dist-packages/docs_turtlesim/docs_turtlesim_s__rosidl_typesupport_introspection_c.cpython-310-x86_64-linux-gnu.so" to ""
[0.499s] -- Installing: /home/david/yolocpp_ws/install/docs_turtlesim/local/lib/python3.10/dist-packages/docs_turtlesim/docs_turtlesim_s__rosidl_typesupport_c.cpython-310-x86_64-linux-gnu.so
[0.499s] -- Set runtime path of "/home/david/yolocpp_ws/install/docs_turtlesim/local/lib/python3.10/dist-packages/docs_turtlesim/docs_turtlesim_s__rosidl_typesupport_c.cpython-310-x86_64-linux-gnu.so" to ""
[0.499s] -- Installing: /home/david/yolocpp_ws/install/docs_turtlesim/lib/libdocs_turtlesim__rosidl_generator_py.so
[0.499s] -- Set runtime path of "/home/david/yolocpp_ws/install/docs_turtlesim/lib/libdocs_turtlesim__rosidl_generator_py.so" to ""
[0.499s] -- Installing: /home/david/yolocpp_ws/install/docs_turtlesim/share/docs_turtlesim/msg/Vector3.idl
[0.500s] -- Installing: /home/david/yolocpp_ws/install/docs_turtlesim/share/docs_turtlesim/msg/KeyedTwist.idl
[0.500s] -- Installing: /home/david/yolocpp_ws/install/docs_turtlesim/share/docs_turtlesim/msg/KeyedPose.idl
[0.500s] -- Installing: /home/david/yolocpp_ws/install/docs_turtlesim/lib/docs_turtlesim/turtlesim_square_move
[0.501s] -- Set runtime path of "/home/david/yolocpp_ws/install/docs_turtlesim/lib/docs_turtlesim/turtlesim_square_move" to ""
[0.501s] -- Installing: /home/david/yolocpp_ws/install/docs_turtlesim/lib/docs_turtlesim/turtlesim_node_keys
[0.502s] -- Set runtime path of "/home/david/yolocpp_ws/install/docs_turtlesim/lib/docs_turtlesim/turtlesim_node_keys" to ""
[0.502s] -- Installing: /home/david/yolocpp_ws/install/docs_turtlesim/lib/docs_turtlesim/turtlesim_multi_control
[0.504s] -- Set runtime path of "/home/david/yolocpp_ws/install/docs_turtlesim/lib/docs_turtlesim/turtlesim_multi_control" to ""
[0.504s] -- Installing: /home/david/yolocpp_ws/install/docs_turtlesim/share/ament_index/resource_index/package_run_dependencies/docs_turtlesim
[0.504s] -- Installing: /home/david/yolocpp_ws/install/docs_turtlesim/share/ament_index/resource_index/parent_prefix_path/docs_turtlesim
[0.504s] -- Installing: /home/david/yolocpp_ws/install/docs_turtlesim/share/docs_turtlesim/environment/ament_prefix_path.sh
[0.504s] -- Installing: /home/david/yolocpp_ws/install/docs_turtlesim/share/docs_turtlesim/environment/ament_prefix_path.dsv
[0.504s] -- Installing: /home/david/yolocpp_ws/install/docs_turtlesim/share/docs_turtlesim/environment/path.sh
[0.505s] -- Installing: /home/david/yolocpp_ws/install/docs_turtlesim/share/docs_turtlesim/environment/path.dsv
[0.505s] -- Installing: /home/david/yolocpp_ws/install/docs_turtlesim/share/docs_turtlesim/local_setup.bash
[0.505s] -- Installing: /home/david/yolocpp_ws/install/docs_turtlesim/share/docs_turtlesim/local_setup.sh
[0.505s] -- Installing: /home/david/yolocpp_ws/install/docs_turtlesim/share/docs_turtlesim/local_setup.zsh
[0.505s] -- Installing: /home/david/yolocpp_ws/install/docs_turtlesim/share/docs_turtlesim/local_setup.dsv
[0.505s] -- Installing: /home/david/yolocpp_ws/install/docs_turtlesim/share/docs_turtlesim/package.dsv
[0.505s] -- Installing: /home/david/yolocpp_ws/install/docs_turtlesim/share/ament_index/resource_index/packages/docs_turtlesim
[0.505s] -- Installing: /home/david/yolocpp_ws/install/docs_turtlesim/share/docs_turtlesim/cmake/export_docs_turtlesim__rosidl_generator_cExport.cmake
[0.505s] -- Installing: /home/david/yolocpp_ws/install/docs_turtlesim/share/docs_turtlesim/cmake/export_docs_turtlesim__rosidl_generator_cExport-noconfig.cmake
[0.505s] -- Installing: /home/david/yolocpp_ws/install/docs_turtlesim/share/docs_turtlesim/cmake/export_docs_turtlesim__rosidl_typesupport_fastrtps_cExport.cmake
[0.505s] -- Installing: /home/david/yolocpp_ws/install/docs_turtlesim/share/docs_turtlesim/cmake/export_docs_turtlesim__rosidl_typesupport_fastrtps_cExport-noconfig.cmake
[0.505s] -- Installing: /home/david/yolocpp_ws/install/docs_turtlesim/share/docs_turtlesim/cmake/export_docs_turtlesim__rosidl_generator_cppExport.cmake
[0.505s] -- Installing: /home/david/yolocpp_ws/install/docs_turtlesim/share/docs_turtlesim/cmake/export_docs_turtlesim__rosidl_typesupport_fastrtps_cppExport.cmake
[0.505s] -- Installing: /home/david/yolocpp_ws/install/docs_turtlesim/share/docs_turtlesim/cmake/export_docs_turtlesim__rosidl_typesupport_fastrtps_cppExport-noconfig.cmake
[0.505s] -- Installing: /home/david/yolocpp_ws/install/docs_turtlesim/share/docs_turtlesim/cmake/docs_turtlesim__rosidl_typesupport_introspection_cExport.cmake
[0.505s] -- Installing: /home/david/yolocpp_ws/install/docs_turtlesim/share/docs_turtlesim/cmake/docs_turtlesim__rosidl_typesupport_introspection_cExport-noconfig.cmake
[0.505s] -- Installing: /home/david/yolocpp_ws/install/docs_turtlesim/share/docs_turtlesim/cmake/docs_turtlesim__rosidl_typesupport_cExport.cmake
[0.505s] -- Installing: /home/david/yolocpp_ws/install/docs_turtlesim/share/docs_turtlesim/cmake/docs_turtlesim__rosidl_typesupport_cExport-noconfig.cmake
[0.505s] -- Installing: /home/david/yolocpp_ws/install/docs_turtlesim/share/docs_turtlesim/cmake/docs_turtlesim__rosidl_typesupport_introspection_cppExport.cmake
[0.505s] -- Installing: /home/david/yolocpp_ws/install/docs_turtlesim/share/docs_turtlesim/cmake/docs_turtlesim__rosidl_typesupport_introspection_cppExport-noconfig.cmake
[0.505s] -- Installing: /home/david/yolocpp_ws/install/docs_turtlesim/share/docs_turtlesim/cmake/docs_turtlesim__rosidl_typesupport_cppExport.cmake
[0.505s] -- Installing: /home/david/yolocpp_ws/install/docs_turtlesim/share/docs_turtlesim/cmake/docs_turtlesim__rosidl_typesupport_cppExport-noconfig.cmake
[0.505s] -- Installing: /home/david/yolocpp_ws/install/docs_turtlesim/share/docs_turtlesim/cmake/export_docs_turtlesim__rosidl_generator_pyExport.cmake
[0.506s] -- Installing: /home/david/yolocpp_ws/install/docs_turtlesim/share/docs_turtlesim/cmake/export_docs_turtlesim__rosidl_generator_pyExport-noconfig.cmake
[0.506s] -- Installing: /home/david/yolocpp_ws/install/docs_turtlesim/share/docs_turtlesim/cmake/rosidl_cmake-extras.cmake
[0.506s] -- Installing: /home/david/yolocpp_ws/install/docs_turtlesim/share/docs_turtlesim/cmake/ament_cmake_export_include_directories-extras.cmake
[0.506s] -- Installing: /home/david/yolocpp_ws/install/docs_turtlesim/share/docs_turtlesim/cmake/ament_cmake_export_libraries-extras.cmake
[0.506s] -- Installing: /home/david/yolocpp_ws/install/docs_turtlesim/share/docs_turtlesim/cmake/ament_cmake_export_targets-extras.cmake
[0.506s] -- Installing: /home/david/yolocpp_ws/install/docs_turtlesim/share/docs_turtlesim/cmake/rosidl_cmake_export_typesupport_targets-extras.cmake
[0.506s] -- Installing: /home/david/yolocpp_ws/install/docs_turtlesim/share/docs_turtlesim/cmake/ament_cmake_export_dependencies-extras.cmake
[0.506s] -- Installing: /home/david/yolocpp_ws/install/docs_turtlesim/share/docs_turtlesim/cmake/rosidl_cmake_export_typesupport_libraries-extras.cmake
[0.506s] -- Installing: /home/david/yolocpp_ws/install/docs_turtlesim/share/docs_turtlesim/cmake/docs_turtlesimConfig.cmake
[0.506s] -- Installing: /home/david/yolocpp_ws/install/docs_turtlesim/share/docs_turtlesim/cmake/docs_turtlesimConfig-version.cmake
[0.506s] -- Installing: /home/david/yolocpp_ws/install/docs_turtlesim/share/docs_turtlesim/package.xml
[0.520s] Invoked command in '/home/david/yolocpp_ws/build/docs_turtlesim' returned '0': CMAKE_PREFIX_PATH=${CMAKE_PREFIX_PATH}:/opt/ros/humble PROMPT_COMMAND=echo -n \[$(date +%H:%M:%S)\]\ /home/david/.local/bin/cmake --install /home/david/yolocpp_ws/build/docs_turtlesim
