[0.007s] Invoking command in '/home/david/yolocpp_ws/build/yolocpp': CMAKE_PREFIX_PATH=/home/david/yolocpp_ws/install/bboxes_ex_msgs:/home/david/yolopy_ws/install/image_directory_publisher:/home/david/yolocpp_ws/install/zoe_bringup:/home/david/yolocpp_ws/install/yolocpp:/home/david/yolocpp_ws/install/tensorrt_yolo:/home/david/yolocpp_ws/install/seg_sub:/home/david/yolocpp_ws/install/yolo_custom_interfaces:/home/david/yolocpp_ws/install/pylon_instant_camera:/home/david/yolopy_ws/install/yolopy:/opt/ros/humble LD_LIBRARY_PATH=/home/david/yolocpp_ws/install/bboxes_ex_msgs/lib:/opt/pylon/lib:/home/david/yolopy_ws/install/image_directory_publisher/lib:/home/david/yolocpp_ws/install/yolo_custom_interfaces/lib:/home/david/yolocpp_ws/install/pylon_instant_camera/lib:/opt/ros/humble/opt/rviz_ogre_vendor/lib:/opt/ros/humble/lib/x86_64-linux-gnu:/opt/ros/humble/lib:/usr/local/cuda/lib64:/usr/local/cuda-11.2/lib64:/usr/local/cuda-11.2/lib64:/home/david/onnxruntime-linux-x64-gpu-1.22.0/lib PROMPT_COMMAND=echo -n \[$(date +%H:%M:%S)\]\ /home/david/.local/bin/cmake /home/david/yolocpp_ws/src/yolocpp -DTRT_PATH=/usr -DCMAKE_CUDA_ARCHITECTURES=89 -DCMAKE_CUDA_COMPILER=/usr/local/cuda-12.9/bin/nvcc -DCMAKE_INSTALL_PREFIX=/home/david/yolocpp_ws/install/yolocpp
[0.061s] -- The C compiler identification is GNU 11.4.0
[0.096s] -- The CXX compiler identification is GNU 11.4.0
[0.102s] -- Detecting C compiler ABI info
[0.139s] -- Detecting C compiler ABI info - done
[0.144s] -- Check for working C compiler: /usr/bin/cc - skipped
[0.144s] -- Detecting C compile features
[0.144s] -- Detecting C compile features - done
[0.146s] -- Detecting CXX compiler ABI info
[0.190s] -- Detecting CXX compiler ABI info - done
[0.195s] -- Check for working CXX compiler: /usr/bin/c++ - skipped
[0.195s] -- Detecting CXX compile features
[0.196s] -- Detecting CXX compile features - done
[0.197s] -- Found ament_cmake: 1.3.11 (/opt/ros/humble/share/ament_cmake/cmake)
[0.272s] -- Found Python3: /usr/bin/python3 (found version "3.10.12") found components: Interpreter 
[0.326s] -- Found rclcpp: 16.0.12 (/opt/ros/humble/share/rclcpp/cmake)
[0.352s] -- Found rosidl_generator_c: 3.1.6 (/opt/ros/humble/share/rosidl_generator_c/cmake)
[0.355s] -- Found rosidl_adapter: 3.1.6 (/opt/ros/humble/share/rosidl_adapter/cmake)
[0.360s] -- Found rosidl_generator_cpp: 3.1.6 (/opt/ros/humble/share/rosidl_generator_cpp/cmake)
[0.368s] -- Using all available rosidl_typesupport_c: rosidl_typesupport_fastrtps_c;rosidl_typesupport_introspection_c
[0.378s] -- Using all available rosidl_typesupport_cpp: rosidl_typesupport_fastrtps_cpp;rosidl_typesupport_introspection_cpp
[0.406s] -- Found rmw_implementation_cmake: 6.1.2 (/opt/ros/humble/share/rmw_implementation_cmake/cmake)
[0.407s] -- Found rmw_fastrtps_cpp: 6.2.7 (/opt/ros/humble/share/rmw_fastrtps_cpp/cmake)
[0.464s] -- Found OpenSSL: /usr/lib/x86_64-linux-gnu/libcrypto.so (found version "3.0.2")  
[0.488s] -- Found FastRTPS: /opt/ros/humble/include  
[0.517s] -- Using RMW implementation 'rmw_fastrtps_cpp' as default
[0.525s] -- Performing Test CMAKE_HAVE_LIBC_PTHREAD
[0.566s] -- Performing Test CMAKE_HAVE_LIBC_PTHREAD - Success
[0.567s] -- Found Threads: TRUE  
[0.610s] -- Found rclcpp_components: 16.0.12 (/opt/ros/humble/share/rclcpp_components/cmake)
[0.631s] -- Found sensor_msgs: 4.8.0 (/opt/ros/humble/share/sensor_msgs/cmake)
[0.652s] -- Found vision_msgs: 4.1.1 (/opt/ros/humble/share/vision_msgs/cmake)
[0.675s] -- Found OpenCV: /usr/local (found version "3.4.20") 
[0.677s] -- Found image_transport: 3.1.11 (/opt/ros/humble/share/image_transport/cmake)
[0.699s] -- Found cv_bridge: 3.2.1 (/opt/ros/humble/share/cv_bridge/cmake)
[0.702s] -- Found bboxes_ex_msgs: 0.0.0 (/home/david/yolocpp_ws/install/bboxes_ex_msgs/share/bboxes_ex_msgs/cmake)
[0.715s] -- Found ament_lint_auto: 0.12.12 (/opt/ros/humble/share/ament_lint_auto/cmake)
[0.776s] -- Added test 'cppcheck' to perform static code analysis on C / C++ code
[0.776s] -- Configured cppcheck include dirs: $<BUILD_INTERFACE:/home/david/yolocpp_ws/src/yolocpp/include>
[0.776s] -- Configured cppcheck exclude dirs and/or files: 
[0.776s] -- Added test 'flake8' to check Python code syntax and style conventions
[0.777s] -- Added test 'lint_cmake' to check CMake code style
[0.778s] -- Added test 'pep257' to check Python code against some of the docstring style conventions in PEP 257
[0.779s] -- Added test 'uncrustify' to check C / C++ code style
[0.779s] -- Configured uncrustify additional arguments: 
[0.779s] -- Added test 'xmllint' to check XML markup files
[0.781s] -- Configuring done
[0.791s] -- Generating done
[0.791s] [33mCMake Warning:
[0.791s]   Manually-specified variables were not used by the project:
[0.791s] 
[0.791s]     CMAKE_CUDA_COMPILER
[0.792s]     TRT_PATH
[0.792s] 
[0.792s] [0m
[0.793s] -- Build files have been written to: /home/david/yolocpp_ws/build/yolocpp
[0.803s] Invoked command in '/home/david/yolocpp_ws/build/yolocpp' returned '0': CMAKE_PREFIX_PATH=/home/david/yolocpp_ws/install/bboxes_ex_msgs:/home/david/yolopy_ws/install/image_directory_publisher:/home/david/yolocpp_ws/install/zoe_bringup:/home/david/yolocpp_ws/install/yolocpp:/home/david/yolocpp_ws/install/tensorrt_yolo:/home/david/yolocpp_ws/install/seg_sub:/home/david/yolocpp_ws/install/yolo_custom_interfaces:/home/david/yolocpp_ws/install/pylon_instant_camera:/home/david/yolopy_ws/install/yolopy:/opt/ros/humble LD_LIBRARY_PATH=/home/david/yolocpp_ws/install/bboxes_ex_msgs/lib:/opt/pylon/lib:/home/david/yolopy_ws/install/image_directory_publisher/lib:/home/david/yolocpp_ws/install/yolo_custom_interfaces/lib:/home/david/yolocpp_ws/install/pylon_instant_camera/lib:/opt/ros/humble/opt/rviz_ogre_vendor/lib:/opt/ros/humble/lib/x86_64-linux-gnu:/opt/ros/humble/lib:/usr/local/cuda/lib64:/usr/local/cuda-11.2/lib64:/usr/local/cuda-11.2/lib64:/home/david/onnxruntime-linux-x64-gpu-1.22.0/lib PROMPT_COMMAND=echo -n \[$(date +%H:%M:%S)\]\ /home/david/.local/bin/cmake /home/david/yolocpp_ws/src/yolocpp -DTRT_PATH=/usr -DCMAKE_CUDA_ARCHITECTURES=89 -DCMAKE_CUDA_COMPILER=/usr/local/cuda-12.9/bin/nvcc -DCMAKE_INSTALL_PREFIX=/home/david/yolocpp_ws/install/yolocpp
[0.804s] Invoking command in '/home/david/yolocpp_ws/build/yolocpp': CMAKE_PREFIX_PATH=/home/david/yolocpp_ws/install/bboxes_ex_msgs:/home/david/yolopy_ws/install/image_directory_publisher:/home/david/yolocpp_ws/install/zoe_bringup:/home/david/yolocpp_ws/install/yolocpp:/home/david/yolocpp_ws/install/tensorrt_yolo:/home/david/yolocpp_ws/install/seg_sub:/home/david/yolocpp_ws/install/yolo_custom_interfaces:/home/david/yolocpp_ws/install/pylon_instant_camera:/home/david/yolopy_ws/install/yolopy:/opt/ros/humble LD_LIBRARY_PATH=/home/david/yolocpp_ws/install/bboxes_ex_msgs/lib:/opt/pylon/lib:/home/david/yolopy_ws/install/image_directory_publisher/lib:/home/david/yolocpp_ws/install/yolo_custom_interfaces/lib:/home/david/yolocpp_ws/install/pylon_instant_camera/lib:/opt/ros/humble/opt/rviz_ogre_vendor/lib:/opt/ros/humble/lib/x86_64-linux-gnu:/opt/ros/humble/lib:/usr/local/cuda/lib64:/usr/local/cuda-11.2/lib64:/usr/local/cuda-11.2/lib64:/home/david/onnxruntime-linux-x64-gpu-1.22.0/lib PROMPT_COMMAND=echo -n \[$(date +%H:%M:%S)\]\ /home/david/.local/bin/cmake --build /home/david/yolocpp_ws/build/yolocpp -- -j32 -l32
[0.837s] [ 50%] [32mBuilding CXX object CMakeFiles/yolocpp.dir/src/yolocpp.cpp.o[0m
[6.170s] [100%] [32m[1mLinking CXX executable yolocpp[0m
[6.558s] [100%] Built target yolocpp
[6.566s] Invoked command in '/home/david/yolocpp_ws/build/yolocpp' returned '0': CMAKE_PREFIX_PATH=/home/david/yolocpp_ws/install/bboxes_ex_msgs:/home/david/yolopy_ws/install/image_directory_publisher:/home/david/yolocpp_ws/install/zoe_bringup:/home/david/yolocpp_ws/install/yolocpp:/home/david/yolocpp_ws/install/tensorrt_yolo:/home/david/yolocpp_ws/install/seg_sub:/home/david/yolocpp_ws/install/yolo_custom_interfaces:/home/david/yolocpp_ws/install/pylon_instant_camera:/home/david/yolopy_ws/install/yolopy:/opt/ros/humble LD_LIBRARY_PATH=/home/david/yolocpp_ws/install/bboxes_ex_msgs/lib:/opt/pylon/lib:/home/david/yolopy_ws/install/image_directory_publisher/lib:/home/david/yolocpp_ws/install/yolo_custom_interfaces/lib:/home/david/yolocpp_ws/install/pylon_instant_camera/lib:/opt/ros/humble/opt/rviz_ogre_vendor/lib:/opt/ros/humble/lib/x86_64-linux-gnu:/opt/ros/humble/lib:/usr/local/cuda/lib64:/usr/local/cuda-11.2/lib64:/usr/local/cuda-11.2/lib64:/home/david/onnxruntime-linux-x64-gpu-1.22.0/lib PROMPT_COMMAND=echo -n \[$(date +%H:%M:%S)\]\ /home/david/.local/bin/cmake --build /home/david/yolocpp_ws/build/yolocpp -- -j32 -l32
[6.567s] Invoking command in '/home/david/yolocpp_ws/build/yolocpp': CMAKE_PREFIX_PATH=/home/david/yolocpp_ws/install/bboxes_ex_msgs:/home/david/yolopy_ws/install/image_directory_publisher:/home/david/yolocpp_ws/install/zoe_bringup:/home/david/yolocpp_ws/install/yolocpp:/home/david/yolocpp_ws/install/tensorrt_yolo:/home/david/yolocpp_ws/install/seg_sub:/home/david/yolocpp_ws/install/yolo_custom_interfaces:/home/david/yolocpp_ws/install/pylon_instant_camera:/home/david/yolopy_ws/install/yolopy:/opt/ros/humble LD_LIBRARY_PATH=/home/david/yolocpp_ws/install/bboxes_ex_msgs/lib:/opt/pylon/lib:/home/david/yolopy_ws/install/image_directory_publisher/lib:/home/david/yolocpp_ws/install/yolo_custom_interfaces/lib:/home/david/yolocpp_ws/install/pylon_instant_camera/lib:/opt/ros/humble/opt/rviz_ogre_vendor/lib:/opt/ros/humble/lib/x86_64-linux-gnu:/opt/ros/humble/lib:/usr/local/cuda/lib64:/usr/local/cuda-11.2/lib64:/usr/local/cuda-11.2/lib64:/home/david/onnxruntime-linux-x64-gpu-1.22.0/lib PROMPT_COMMAND=echo -n \[$(date +%H:%M:%S)\]\ /home/david/.local/bin/cmake --install /home/david/yolocpp_ws/build/yolocpp
[6.584s] -- Install configuration: ""
[6.584s] -- Installing: /home/david/yolocpp_ws/install/yolocpp/share/yolocpp/launch
[6.584s] -- Installing: /home/david/yolocpp_ws/install/yolocpp/share/yolocpp/launch/__pycache__
[6.584s] -- Installing: /home/david/yolocpp_ws/install/yolocpp/share/yolocpp/launch/__pycache__/yolocpp_onnx.launch.cpython-310.pyc
[6.586s] -- Installing: /home/david/yolocpp_ws/install/yolocpp/share/yolocpp/launch/yolocpp_onnx.launch.py
[6.586s] -- Installing: /home/david/yolocpp_ws/install/yolocpp/share/yolocpp/include
[6.586s] -- Installing: /home/david/yolocpp_ws/install/yolocpp/share/yolocpp/include/onnx_files
[6.586s] -- Installing: /home/david/yolocpp_ws/install/yolocpp/share/yolocpp/include/onnx_files/tools
[6.587s] -- Installing: /home/david/yolocpp_ws/install/yolocpp/share/yolocpp/include/onnx_files/tools/Config.hpp
[6.587s] -- Installing: /home/david/yolocpp_ws/install/yolocpp/share/yolocpp/include/onnx_files/tools/BoundedThreadSafeQueue.hpp
[6.587s] -- Installing: /home/david/yolocpp_ws/install/yolocpp/share/yolocpp/include/onnx_files/tools/ScopedTimer.hpp
[6.587s] -- Installing: /home/david/yolocpp_ws/install/yolocpp/share/yolocpp/include/onnx_files/tools/Debug.hpp
[6.587s] -- Installing: /home/david/yolocpp_ws/install/yolocpp/share/yolocpp/include/onnx_files/det
[6.587s] -- Installing: /home/david/yolocpp_ws/install/yolocpp/share/yolocpp/include/onnx_files/det/YOLO9.hpp
[6.587s] -- Installing: /home/david/yolocpp_ws/install/yolocpp/share/yolocpp/include/onnx_files/det/YOLO12.hpp
[6.587s] -- Installing: /home/david/yolocpp_ws/install/yolocpp/share/yolocpp/include/onnx_files/det/YOLO5.hpp
[6.587s] -- Installing: /home/david/yolocpp_ws/install/yolocpp/share/yolocpp/include/onnx_files/det/YOLO7.hpp
[6.587s] -- Installing: /home/david/yolocpp_ws/install/yolocpp/share/yolocpp/include/onnx_files/det/YOLO10.hpp
[6.587s] -- Installing: /home/david/yolocpp_ws/install/yolocpp/share/yolocpp/include/onnx_files/det/YOLO8.hpp
[6.587s] -- Installing: /home/david/yolocpp_ws/install/yolocpp/share/yolocpp/include/onnx_files/det/YOLO11.hpp
[6.587s] -- Installing: /home/david/yolocpp_ws/install/yolocpp/share/yolocpp/include/onnx_files/pose
[6.588s] -- Installing: /home/david/yolocpp_ws/install/yolocpp/share/yolocpp/include/onnx_files/pose/YOLO8-POSE.hpp
[6.588s] -- Installing: /home/david/yolocpp_ws/install/yolocpp/share/yolocpp/include/onnx_files/pose/YOLO11-POSE.hpp
[6.588s] -- Installing: /home/david/yolocpp_ws/install/yolocpp/share/yolocpp/include/onnx_files/quantized_models
[6.588s] -- Installing: /home/david/yolocpp_ws/install/yolocpp/share/yolocpp/include/onnx_files/quantized_models/coco.names
[6.588s] -- Installing: /home/david/yolocpp_ws/install/yolocpp/share/yolocpp/include/onnx_files/quantized_models/yolos_quantization.py
[6.588s] -- Installing: /home/david/yolocpp_ws/install/yolocpp/share/yolocpp/include/onnx_files/quantized_models/your_model.onnx.file
[6.588s] -- Installing: /home/david/yolocpp_ws/install/yolocpp/share/yolocpp/include/onnx_files/obb
[6.588s] -- Installing: /home/david/yolocpp_ws/install/yolocpp/share/yolocpp/include/onnx_files/obb/YOLO8-OBB.hpp
[6.588s] -- Installing: /home/david/yolocpp_ws/install/yolocpp/share/yolocpp/include/onnx_files/obb/YOLO11-OBB.hpp
[6.588s] -- Installing: /home/david/yolocpp_ws/install/yolocpp/share/yolocpp/include/onnx_files/class
[6.588s] -- Installing: /home/david/yolocpp_ws/install/yolocpp/share/yolocpp/include/onnx_files/class/YOLO11CLASS.hpp
[6.588s] -- Installing: /home/david/yolocpp_ws/install/yolocpp/share/yolocpp/include/onnx_files/seg
[6.588s] -- Installing: /home/david/yolocpp_ws/install/yolocpp/share/yolocpp/include/onnx_files/seg/YOLO11Seg.hpp
[6.588s] -- Installing: /home/david/yolocpp_ws/install/yolocpp/share/yolocpp/include/onnx_files/seg/YOLO9Seg.hpp
[6.588s] -- Installing: /home/david/yolocpp_ws/install/yolocpp/share/yolocpp/include/onnx_files/seg/YOLO8Seg.hpp
[6.589s] -- Installing: /home/david/yolocpp_ws/install/yolocpp/share/yolocpp/models
[6.589s] -- Installing: /home/david/yolocpp_ws/install/yolocpp/share/yolocpp/models/coco.names
[6.589s] -- Installing: /home/david/yolocpp_ws/install/yolocpp/share/yolocpp/models/testonnx.py
[6.589s] -- Installing: /home/david/yolocpp_ws/install/yolocpp/share/yolocpp/models/yolo11m-seg.onnx
[6.623s] -- Installing: /home/david/yolocpp_ws/install/yolocpp/share/yolocpp/models/export_onnx.py
[6.623s] -- Installing: /home/david/yolocpp_ws/install/yolocpp/share/yolocpp/models/Dota.names
[6.623s] -- Installing: /home/david/yolocpp_ws/install/yolocpp/share/yolocpp/data
[6.623s] -- Installing: /home/david/yolocpp_ws/install/yolocpp/share/yolocpp/data/panoramic_02.avi
[11.496s] -- Installing: /home/david/yolocpp_ws/install/yolocpp/share/yolocpp/data/test.jpg
[11.499s] -- Installing: /home/david/yolocpp_ws/install/yolocpp/lib/yolocpp/yolocpp
[11.501s] -- Set runtime path of "/home/david/yolocpp_ws/install/yolocpp/lib/yolocpp/yolocpp" to ""
[11.501s] -- Installing: /home/david/yolocpp_ws/install/yolocpp/share/ament_index/resource_index/package_run_dependencies/yolocpp
[11.502s] -- Installing: /home/david/yolocpp_ws/install/yolocpp/share/ament_index/resource_index/parent_prefix_path/yolocpp
[11.502s] -- Installing: /home/david/yolocpp_ws/install/yolocpp/share/yolocpp/environment/ament_prefix_path.sh
[11.502s] -- Installing: /home/david/yolocpp_ws/install/yolocpp/share/yolocpp/environment/ament_prefix_path.dsv
[11.502s] -- Installing: /home/david/yolocpp_ws/install/yolocpp/share/yolocpp/environment/path.sh
[11.502s] -- Installing: /home/david/yolocpp_ws/install/yolocpp/share/yolocpp/environment/path.dsv
[11.502s] -- Installing: /home/david/yolocpp_ws/install/yolocpp/share/yolocpp/local_setup.bash
[11.502s] -- Installing: /home/david/yolocpp_ws/install/yolocpp/share/yolocpp/local_setup.sh
[11.502s] -- Installing: /home/david/yolocpp_ws/install/yolocpp/share/yolocpp/local_setup.zsh
[11.502s] -- Installing: /home/david/yolocpp_ws/install/yolocpp/share/yolocpp/local_setup.dsv
[11.502s] -- Installing: /home/david/yolocpp_ws/install/yolocpp/share/yolocpp/package.dsv
[11.502s] -- Installing: /home/david/yolocpp_ws/install/yolocpp/share/ament_index/resource_index/packages/yolocpp
[11.503s] -- Installing: /home/david/yolocpp_ws/install/yolocpp/share/yolocpp/cmake/yolocppConfig.cmake
[11.503s] -- Installing: /home/david/yolocpp_ws/install/yolocpp/share/yolocpp/cmake/yolocppConfig-version.cmake
[11.503s] -- Installing: /home/david/yolocpp_ws/install/yolocpp/share/yolocpp/package.xml
[11.507s] Invoked command in '/home/david/yolocpp_ws/build/yolocpp' returned '0': CMAKE_PREFIX_PATH=/home/david/yolocpp_ws/install/bboxes_ex_msgs:/home/david/yolopy_ws/install/image_directory_publisher:/home/david/yolocpp_ws/install/zoe_bringup:/home/david/yolocpp_ws/install/yolocpp:/home/david/yolocpp_ws/install/tensorrt_yolo:/home/david/yolocpp_ws/install/seg_sub:/home/david/yolocpp_ws/install/yolo_custom_interfaces:/home/david/yolocpp_ws/install/pylon_instant_camera:/home/david/yolopy_ws/install/yolopy:/opt/ros/humble LD_LIBRARY_PATH=/home/david/yolocpp_ws/install/bboxes_ex_msgs/lib:/opt/pylon/lib:/home/david/yolopy_ws/install/image_directory_publisher/lib:/home/david/yolocpp_ws/install/yolo_custom_interfaces/lib:/home/david/yolocpp_ws/install/pylon_instant_camera/lib:/opt/ros/humble/opt/rviz_ogre_vendor/lib:/opt/ros/humble/lib/x86_64-linux-gnu:/opt/ros/humble/lib:/usr/local/cuda/lib64:/usr/local/cuda-11.2/lib64:/usr/local/cuda-11.2/lib64:/home/david/onnxruntime-linux-x64-gpu-1.22.0/lib PROMPT_COMMAND=echo -n \[$(date +%H:%M:%S)\]\ /home/david/.local/bin/cmake --install /home/david/yolocpp_ws/build/yolocpp
