[  2%] Built target tensorrt_yolo__cpp
[  9%] Built target tensorrt_yolo__rosidl_generator_c
[  9%] Built target ament_cmake_python_copy_tensorrt_yolo
[ 12%] [32mBuilding CXX object CMakeFiles/deploy.dir/include/deploy/model.cpp.o[0m
[ 17%] [32mBuilding CXX object CMakeFiles/deploy.dir/include/deploy/utils/utils.cpp.o[0m
[ 17%] [32mBuilding CXX object CMakeFiles/deploy.dir/include/deploy/infer/backend.cpp.o[0m
[ 24%] Built target tensorrt_yolo__rosidl_typesupport_c
[ 31%] Built target tensorrt_yolo__rosidl_typesupport_cpp
[ 39%] Built target tensorrt_yolo__rosidl_typesupport_introspection_c
[ 46%] Built target tensorrt_yolo__rosidl_typesupport_introspection_cpp
[ 53%] Built target tensorrt_yolo__rosidl_typesupport_fastrtps_cpp
[ 60%] Built target tensorrt_yolo__rosidl_typesupport_fastrtps_c
[ 60%] Built target tensorrt_yolo
[ 63%] Built target tensorrt_yolo__py
[ 68%] Built target tensorrt_yolo__rosidl_generator_py
[ 73%] Built target tensorrt_yolo__rosidl_typesupport_fastrtps_c__pyext
[ 78%] Built target tensorrt_yolo__rosidl_typesupport_introspection_c__pyext
[ 82%] Built target tensorrt_yolo__rosidl_typesupport_c__pyext
running egg_info
writing tensorrt_yolo.egg-info/PKG-INFO
writing dependency_links to tensorrt_yolo.egg-info/dependency_links.txt
writing top-level names to tensorrt_yolo.egg-info/top_level.txt
reading manifest file 'tensorrt_yolo.egg-info/SOURCES.txt'
writing manifest file 'tensorrt_yolo.egg-info/SOURCES.txt'
[ 82%] Built target ament_cmake_python_build_tensorrt_yolo_egg
[ 85%] [32m[1mLinking CUDA device code CMakeFiles/deploy.dir/cmake_device_link.o[0m
[ 87%] [32m[1mLinking CXX shared library libdeploy.so[0m
[ 95%] Built target deploy
[ 97%] [32mBuilding CXX object CMakeFiles/segment_node.dir/src/segment_node.cpp.o[0m
