[0.039s] Invoking command in '/home/david/yolocpp_ws/build/yolo_custom_interfaces': CMAKE_PREFIX_PATH=${CMAKE_PREFIX_PATH}:/home/david/yolocpp_ws/install/microservers_py:/home/david/yolocpp_ws/install/clients_py:/opt/ros/humble PROMPT_COMMAND=echo -n \[$(date +%H:%M:%S)\]\ /home/david/.local/bin/cmake --build /home/david/yolocpp_ws/build/yolo_custom_interfaces -- -j32 -l32
[0.462s] [  3%] Built target yolo_custom_interfaces__cpp
[0.462s] [ 12%] Built target yolo_custom_interfaces__rosidl_generator_c
[0.462s] [ 12%] Built target ament_cmake_python_copy_yolo_custom_interfaces
[0.462s] [ 22%] Built target yolo_custom_interfaces__rosidl_typesupport_c
[0.462s] [ 35%] Built target yolo_custom_interfaces__rosidl_typesupport_fastrtps_c
[0.462s] [ 41%] Built target yolo_custom_interfaces__rosidl_typesupport_fastrtps_cpp
[0.462s] [ 51%] Built target yolo_custom_interfaces__rosidl_typesupport_cpp
[0.462s] [ 61%] Built target yolo_custom_interfaces__rosidl_typesupport_introspection_c
[0.462s] [ 70%] Built target yolo_custom_interfaces__rosidl_typesupport_introspection_cpp
[0.462s] [ 70%] Built target yolo_custom_interfaces
[0.462s] [ 74%] Built target yolo_custom_interfaces__py
[0.462s] [ 80%] Built target yolo_custom_interfaces__rosidl_generator_py
[0.463s] [ 90%] Built target yolo_custom_interfaces__rosidl_typesupport_fastrtps_c__pyext
[0.463s] [ 93%] Built target yolo_custom_interfaces__rosidl_typesupport_introspection_c__pyext
[0.463s] [100%] Built target yolo_custom_interfaces__rosidl_typesupport_c__pyext
[0.463s] running egg_info
[0.463s] writing yolo_custom_interfaces.egg-info/PKG-INFO
[0.463s] writing dependency_links to yolo_custom_interfaces.egg-info/dependency_links.txt
[0.463s] writing top-level names to yolo_custom_interfaces.egg-info/top_level.txt
[0.463s] reading manifest file 'yolo_custom_interfaces.egg-info/SOURCES.txt'
[0.463s] writing manifest file 'yolo_custom_interfaces.egg-info/SOURCES.txt'
[0.463s] [100%] Built target ament_cmake_python_build_yolo_custom_interfaces_egg
[0.469s] Invoked command in '/home/david/yolocpp_ws/build/yolo_custom_interfaces' returned '0': CMAKE_PREFIX_PATH=${CMAKE_PREFIX_PATH}:/home/david/yolocpp_ws/install/microservers_py:/home/david/yolocpp_ws/install/clients_py:/opt/ros/humble PROMPT_COMMAND=echo -n \[$(date +%H:%M:%S)\]\ /home/david/.local/bin/cmake --build /home/david/yolocpp_ws/build/yolo_custom_interfaces -- -j32 -l32
[0.496s] Invoking command in '/home/david/yolocpp_ws/build/yolo_custom_interfaces': CMAKE_PREFIX_PATH=${CMAKE_PREFIX_PATH}:/home/david/yolocpp_ws/install/microservers_py:/home/david/yolocpp_ws/install/clients_py:/opt/ros/humble PROMPT_COMMAND=echo -n \[$(date +%H:%M:%S)\]\ /home/david/.local/bin/cmake --install /home/david/yolocpp_ws/build/yolo_custom_interfaces
[0.519s] -- Install configuration: ""
[0.520s] -- Up-to-date: /home/david/yolocpp_ws/install/yolo_custom_interfaces/share/ament_index/resource_index/rosidl_interfaces/yolo_custom_interfaces
[0.520s] -- Up-to-date: /home/david/yolocpp_ws/install/yolo_custom_interfaces/include/yolo_custom_interfaces/yolo_custom_interfaces
[0.520s] -- Up-to-date: /home/david/yolocpp_ws/install/yolo_custom_interfaces/include/yolo_custom_interfaces/yolo_custom_interfaces/msg
[0.520s] -- Up-to-date: /home/david/yolocpp_ws/install/yolo_custom_interfaces/include/yolo_custom_interfaces/yolo_custom_interfaces/msg/rosidl_generator_c__visibility_control.h
[0.520s] -- Up-to-date: /home/david/yolocpp_ws/install/yolo_custom_interfaces/include/yolo_custom_interfaces/yolo_custom_interfaces/msg/instance_segmentation_info.h
[0.520s] -- Up-to-date: /home/david/yolocpp_ws/install/yolo_custom_interfaces/include/yolo_custom_interfaces/yolo_custom_interfaces/msg/detail
[0.520s] -- Up-to-date: /home/david/yolocpp_ws/install/yolo_custom_interfaces/include/yolo_custom_interfaces/yolo_custom_interfaces/msg/detail/instance_segmentation_info__functions.h
[0.520s] -- Up-to-date: /home/david/yolocpp_ws/install/yolo_custom_interfaces/include/yolo_custom_interfaces/yolo_custom_interfaces/msg/detail/instance_segmentation_info__struct.h
[0.520s] -- Up-to-date: /home/david/yolocpp_ws/install/yolo_custom_interfaces/include/yolo_custom_interfaces/yolo_custom_interfaces/msg/detail/instance_segmentation_info__functions.c
[0.520s] -- Up-to-date: /home/david/yolocpp_ws/install/yolo_custom_interfaces/include/yolo_custom_interfaces/yolo_custom_interfaces/msg/detail/instance_segmentation_info__type_support.h
[0.520s] -- Up-to-date: /home/david/yolocpp_ws/install/yolo_custom_interfaces/share/yolo_custom_interfaces/environment/library_path.sh
[0.520s] -- Up-to-date: /home/david/yolocpp_ws/install/yolo_custom_interfaces/share/yolo_custom_interfaces/environment/library_path.dsv
[0.521s] -- Up-to-date: /home/david/yolocpp_ws/install/yolo_custom_interfaces/lib/libyolo_custom_interfaces__rosidl_generator_c.so
[0.521s] -- Up-to-date: /home/david/yolocpp_ws/install/yolo_custom_interfaces/include/yolo_custom_interfaces/yolo_custom_interfaces
[0.521s] -- Up-to-date: /home/david/yolocpp_ws/install/yolo_custom_interfaces/include/yolo_custom_interfaces/yolo_custom_interfaces/msg
[0.521s] -- Up-to-date: /home/david/yolocpp_ws/install/yolo_custom_interfaces/include/yolo_custom_interfaces/yolo_custom_interfaces/msg/rosidl_typesupport_fastrtps_c__visibility_control.h
[0.521s] -- Up-to-date: /home/david/yolocpp_ws/install/yolo_custom_interfaces/include/yolo_custom_interfaces/yolo_custom_interfaces/msg/detail
[0.522s] -- Up-to-date: /home/david/yolocpp_ws/install/yolo_custom_interfaces/include/yolo_custom_interfaces/yolo_custom_interfaces/msg/detail/instance_segmentation_info__rosidl_typesupport_fastrtps_c.h
[0.522s] -- Up-to-date: /home/david/yolocpp_ws/install/yolo_custom_interfaces/lib/libyolo_custom_interfaces__rosidl_typesupport_fastrtps_c.so
[0.522s] -- Up-to-date: /home/david/yolocpp_ws/install/yolo_custom_interfaces/include/yolo_custom_interfaces/yolo_custom_interfaces
[0.522s] -- Up-to-date: /home/david/yolocpp_ws/install/yolo_custom_interfaces/include/yolo_custom_interfaces/yolo_custom_interfaces/msg
[0.522s] -- Up-to-date: /home/david/yolocpp_ws/install/yolo_custom_interfaces/include/yolo_custom_interfaces/yolo_custom_interfaces/msg/instance_segmentation_info.hpp
[0.522s] -- Up-to-date: /home/david/yolocpp_ws/install/yolo_custom_interfaces/include/yolo_custom_interfaces/yolo_custom_interfaces/msg/detail
[0.522s] -- Up-to-date: /home/david/yolocpp_ws/install/yolo_custom_interfaces/include/yolo_custom_interfaces/yolo_custom_interfaces/msg/detail/instance_segmentation_info__struct.hpp
[0.522s] -- Up-to-date: /home/david/yolocpp_ws/install/yolo_custom_interfaces/include/yolo_custom_interfaces/yolo_custom_interfaces/msg/detail/instance_segmentation_info__traits.hpp
[0.522s] -- Up-to-date: /home/david/yolocpp_ws/install/yolo_custom_interfaces/include/yolo_custom_interfaces/yolo_custom_interfaces/msg/detail/instance_segmentation_info__type_support.hpp
[0.522s] -- Up-to-date: /home/david/yolocpp_ws/install/yolo_custom_interfaces/include/yolo_custom_interfaces/yolo_custom_interfaces/msg/detail/instance_segmentation_info__builder.hpp
[0.522s] -- Up-to-date: /home/david/yolocpp_ws/install/yolo_custom_interfaces/include/yolo_custom_interfaces/yolo_custom_interfaces/msg/rosidl_generator_cpp__visibility_control.hpp
[0.522s] -- Up-to-date: /home/david/yolocpp_ws/install/yolo_custom_interfaces/include/yolo_custom_interfaces/yolo_custom_interfaces
[0.522s] -- Up-to-date: /home/david/yolocpp_ws/install/yolo_custom_interfaces/include/yolo_custom_interfaces/yolo_custom_interfaces/msg
[0.522s] -- Up-to-date: /home/david/yolocpp_ws/install/yolo_custom_interfaces/include/yolo_custom_interfaces/yolo_custom_interfaces/msg/detail
[0.522s] -- Up-to-date: /home/david/yolocpp_ws/install/yolo_custom_interfaces/include/yolo_custom_interfaces/yolo_custom_interfaces/msg/detail/instance_segmentation_info__rosidl_typesupport_fastrtps_cpp.hpp
[0.522s] -- Up-to-date: /home/david/yolocpp_ws/install/yolo_custom_interfaces/include/yolo_custom_interfaces/yolo_custom_interfaces/msg/detail/dds_fastrtps
[0.522s] -- Up-to-date: /home/david/yolocpp_ws/install/yolo_custom_interfaces/include/yolo_custom_interfaces/yolo_custom_interfaces/msg/rosidl_typesupport_fastrtps_cpp__visibility_control.h
[0.522s] -- Up-to-date: /home/david/yolocpp_ws/install/yolo_custom_interfaces/lib/libyolo_custom_interfaces__rosidl_typesupport_fastrtps_cpp.so
[0.522s] -- Up-to-date: /home/david/yolocpp_ws/install/yolo_custom_interfaces/include/yolo_custom_interfaces/yolo_custom_interfaces
[0.522s] -- Up-to-date: /home/david/yolocpp_ws/install/yolo_custom_interfaces/include/yolo_custom_interfaces/yolo_custom_interfaces/msg
[0.522s] -- Up-to-date: /home/david/yolocpp_ws/install/yolo_custom_interfaces/include/yolo_custom_interfaces/yolo_custom_interfaces/msg/rosidl_typesupport_introspection_c__visibility_control.h
[0.523s] -- Up-to-date: /home/david/yolocpp_ws/install/yolo_custom_interfaces/include/yolo_custom_interfaces/yolo_custom_interfaces/msg/detail
[0.523s] -- Up-to-date: /home/david/yolocpp_ws/install/yolo_custom_interfaces/include/yolo_custom_interfaces/yolo_custom_interfaces/msg/detail/instance_segmentation_info__rosidl_typesupport_introspection_c.h
[0.523s] -- Up-to-date: /home/david/yolocpp_ws/install/yolo_custom_interfaces/include/yolo_custom_interfaces/yolo_custom_interfaces/msg/detail/instance_segmentation_info__type_support.c
[0.523s] -- Up-to-date: /home/david/yolocpp_ws/install/yolo_custom_interfaces/lib/libyolo_custom_interfaces__rosidl_typesupport_introspection_c.so
[0.523s] -- Up-to-date: /home/david/yolocpp_ws/install/yolo_custom_interfaces/lib/libyolo_custom_interfaces__rosidl_typesupport_c.so
[0.523s] -- Up-to-date: /home/david/yolocpp_ws/install/yolo_custom_interfaces/include/yolo_custom_interfaces/yolo_custom_interfaces
[0.523s] -- Up-to-date: /home/david/yolocpp_ws/install/yolo_custom_interfaces/include/yolo_custom_interfaces/yolo_custom_interfaces/msg
[0.523s] -- Up-to-date: /home/david/yolocpp_ws/install/yolo_custom_interfaces/include/yolo_custom_interfaces/yolo_custom_interfaces/msg/detail
[0.523s] -- Up-to-date: /home/david/yolocpp_ws/install/yolo_custom_interfaces/include/yolo_custom_interfaces/yolo_custom_interfaces/msg/detail/instance_segmentation_info__type_support.cpp
[0.523s] -- Up-to-date: /home/david/yolocpp_ws/install/yolo_custom_interfaces/include/yolo_custom_interfaces/yolo_custom_interfaces/msg/detail/instance_segmentation_info__rosidl_typesupport_introspection_cpp.hpp
[0.523s] -- Up-to-date: /home/david/yolocpp_ws/install/yolo_custom_interfaces/lib/libyolo_custom_interfaces__rosidl_typesupport_introspection_cpp.so
[0.523s] -- Up-to-date: /home/david/yolocpp_ws/install/yolo_custom_interfaces/lib/libyolo_custom_interfaces__rosidl_typesupport_cpp.so
[0.523s] -- Up-to-date: /home/david/yolocpp_ws/install/yolo_custom_interfaces/share/yolo_custom_interfaces/environment/pythonpath.sh
[0.523s] -- Up-to-date: /home/david/yolocpp_ws/install/yolo_custom_interfaces/share/yolo_custom_interfaces/environment/pythonpath.dsv
[0.523s] -- Up-to-date: /home/david/yolocpp_ws/install/yolo_custom_interfaces/local/lib/python3.10/dist-packages/yolo_custom_interfaces-0.0.0-py3.10.egg-info
[0.523s] -- Installing: /home/david/yolocpp_ws/install/yolo_custom_interfaces/local/lib/python3.10/dist-packages/yolo_custom_interfaces-0.0.0-py3.10.egg-info/PKG-INFO
[0.523s] -- Installing: /home/david/yolocpp_ws/install/yolo_custom_interfaces/local/lib/python3.10/dist-packages/yolo_custom_interfaces-0.0.0-py3.10.egg-info/SOURCES.txt
[0.523s] -- Installing: /home/david/yolocpp_ws/install/yolo_custom_interfaces/local/lib/python3.10/dist-packages/yolo_custom_interfaces-0.0.0-py3.10.egg-info/dependency_links.txt
[0.524s] -- Installing: /home/david/yolocpp_ws/install/yolo_custom_interfaces/local/lib/python3.10/dist-packages/yolo_custom_interfaces-0.0.0-py3.10.egg-info/top_level.txt
[0.524s] -- Up-to-date: /home/david/yolocpp_ws/install/yolo_custom_interfaces/local/lib/python3.10/dist-packages/yolo_custom_interfaces
[0.524s] -- Up-to-date: /home/david/yolocpp_ws/install/yolo_custom_interfaces/local/lib/python3.10/dist-packages/yolo_custom_interfaces/_yolo_custom_interfaces_s.ep.rosidl_typesupport_fastrtps_c.c
[0.524s] -- Up-to-date: /home/david/yolocpp_ws/install/yolo_custom_interfaces/local/lib/python3.10/dist-packages/yolo_custom_interfaces/_yolo_custom_interfaces_s.ep.rosidl_typesupport_c.c
[0.524s] -- Up-to-date: /home/david/yolocpp_ws/install/yolo_custom_interfaces/local/lib/python3.10/dist-packages/yolo_custom_interfaces/yolo_custom_interfaces_s__rosidl_typesupport_c.cpython-310-x86_64-linux-gnu.so
[0.524s] -- Up-to-date: /home/david/yolocpp_ws/install/yolo_custom_interfaces/local/lib/python3.10/dist-packages/yolo_custom_interfaces/libyolo_custom_interfaces__rosidl_generator_py.so
[0.524s] -- Up-to-date: /home/david/yolocpp_ws/install/yolo_custom_interfaces/local/lib/python3.10/dist-packages/yolo_custom_interfaces/yolo_custom_interfaces_s__rosidl_typesupport_fastrtps_c.cpython-310-x86_64-linux-gnu.so
[0.524s] -- Up-to-date: /home/david/yolocpp_ws/install/yolo_custom_interfaces/local/lib/python3.10/dist-packages/yolo_custom_interfaces/__init__.py
[0.524s] -- Up-to-date: /home/david/yolocpp_ws/install/yolo_custom_interfaces/local/lib/python3.10/dist-packages/yolo_custom_interfaces/msg
[0.524s] -- Up-to-date: /home/david/yolocpp_ws/install/yolo_custom_interfaces/local/lib/python3.10/dist-packages/yolo_custom_interfaces/msg/_instance_segmentation_info.py
[0.524s] -- Up-to-date: /home/david/yolocpp_ws/install/yolo_custom_interfaces/local/lib/python3.10/dist-packages/yolo_custom_interfaces/msg/__init__.py
[0.524s] -- Up-to-date: /home/david/yolocpp_ws/install/yolo_custom_interfaces/local/lib/python3.10/dist-packages/yolo_custom_interfaces/msg/_instance_segmentation_info_s.c
[0.524s] -- Up-to-date: /home/david/yolocpp_ws/install/yolo_custom_interfaces/local/lib/python3.10/dist-packages/yolo_custom_interfaces/yolo_custom_interfaces_s__rosidl_typesupport_introspection_c.cpython-310-x86_64-linux-gnu.so
[0.525s] -- Up-to-date: /home/david/yolocpp_ws/install/yolo_custom_interfaces/local/lib/python3.10/dist-packages/yolo_custom_interfaces/_yolo_custom_interfaces_s.ep.rosidl_typesupport_introspection_c.c
[0.559s] Listing '/home/david/yolocpp_ws/install/yolo_custom_interfaces/local/lib/python3.10/dist-packages/yolo_custom_interfaces'...
[0.559s] Listing '/home/david/yolocpp_ws/install/yolo_custom_interfaces/local/lib/python3.10/dist-packages/yolo_custom_interfaces/msg'...
[0.566s] -- Up-to-date: /home/david/yolocpp_ws/install/yolo_custom_interfaces/local/lib/python3.10/dist-packages/yolo_custom_interfaces/yolo_custom_interfaces_s__rosidl_typesupport_fastrtps_c.cpython-310-x86_64-linux-gnu.so
[0.566s] -- Up-to-date: /home/david/yolocpp_ws/install/yolo_custom_interfaces/local/lib/python3.10/dist-packages/yolo_custom_interfaces/yolo_custom_interfaces_s__rosidl_typesupport_introspection_c.cpython-310-x86_64-linux-gnu.so
[0.566s] -- Up-to-date: /home/david/yolocpp_ws/install/yolo_custom_interfaces/local/lib/python3.10/dist-packages/yolo_custom_interfaces/yolo_custom_interfaces_s__rosidl_typesupport_c.cpython-310-x86_64-linux-gnu.so
[0.575s] -- Up-to-date: /home/david/yolocpp_ws/install/yolo_custom_interfaces/lib/libyolo_custom_interfaces__rosidl_generator_py.so
[0.575s] -- Up-to-date: /home/david/yolocpp_ws/install/yolo_custom_interfaces/share/yolo_custom_interfaces/msg/InstanceSegmentationInfo.idl
[0.575s] -- Up-to-date: /home/david/yolocpp_ws/install/yolo_custom_interfaces/share/yolo_custom_interfaces/msg/InstanceSegmentationInfo.msg
[0.576s] -- Up-to-date: /home/david/yolocpp_ws/install/yolo_custom_interfaces/share/ament_index/resource_index/package_run_dependencies/yolo_custom_interfaces
[0.576s] -- Up-to-date: /home/david/yolocpp_ws/install/yolo_custom_interfaces/share/ament_index/resource_index/parent_prefix_path/yolo_custom_interfaces
[0.576s] -- Up-to-date: /home/david/yolocpp_ws/install/yolo_custom_interfaces/share/yolo_custom_interfaces/environment/ament_prefix_path.sh
[0.576s] -- Up-to-date: /home/david/yolocpp_ws/install/yolo_custom_interfaces/share/yolo_custom_interfaces/environment/ament_prefix_path.dsv
[0.576s] -- Up-to-date: /home/david/yolocpp_ws/install/yolo_custom_interfaces/share/yolo_custom_interfaces/environment/path.sh
[0.576s] -- Up-to-date: /home/david/yolocpp_ws/install/yolo_custom_interfaces/share/yolo_custom_interfaces/environment/path.dsv
[0.576s] -- Up-to-date: /home/david/yolocpp_ws/install/yolo_custom_interfaces/share/yolo_custom_interfaces/local_setup.bash
[0.576s] -- Up-to-date: /home/david/yolocpp_ws/install/yolo_custom_interfaces/share/yolo_custom_interfaces/local_setup.sh
[0.576s] -- Up-to-date: /home/david/yolocpp_ws/install/yolo_custom_interfaces/share/yolo_custom_interfaces/local_setup.zsh
[0.576s] -- Up-to-date: /home/david/yolocpp_ws/install/yolo_custom_interfaces/share/yolo_custom_interfaces/local_setup.dsv
[0.576s] -- Installing: /home/david/yolocpp_ws/install/yolo_custom_interfaces/share/yolo_custom_interfaces/package.dsv
[0.576s] -- Up-to-date: /home/david/yolocpp_ws/install/yolo_custom_interfaces/share/ament_index/resource_index/packages/yolo_custom_interfaces
[0.577s] -- Up-to-date: /home/david/yolocpp_ws/install/yolo_custom_interfaces/share/yolo_custom_interfaces/cmake/export_yolo_custom_interfaces__rosidl_generator_cExport.cmake
[0.577s] -- Up-to-date: /home/david/yolocpp_ws/install/yolo_custom_interfaces/share/yolo_custom_interfaces/cmake/export_yolo_custom_interfaces__rosidl_generator_cExport-noconfig.cmake
[0.577s] -- Up-to-date: /home/david/yolocpp_ws/install/yolo_custom_interfaces/share/yolo_custom_interfaces/cmake/export_yolo_custom_interfaces__rosidl_typesupport_fastrtps_cExport.cmake
[0.577s] -- Up-to-date: /home/david/yolocpp_ws/install/yolo_custom_interfaces/share/yolo_custom_interfaces/cmake/export_yolo_custom_interfaces__rosidl_typesupport_fastrtps_cExport-noconfig.cmake
[0.577s] -- Up-to-date: /home/david/yolocpp_ws/install/yolo_custom_interfaces/share/yolo_custom_interfaces/cmake/export_yolo_custom_interfaces__rosidl_generator_cppExport.cmake
[0.577s] -- Up-to-date: /home/david/yolocpp_ws/install/yolo_custom_interfaces/share/yolo_custom_interfaces/cmake/export_yolo_custom_interfaces__rosidl_typesupport_fastrtps_cppExport.cmake
[0.577s] -- Up-to-date: /home/david/yolocpp_ws/install/yolo_custom_interfaces/share/yolo_custom_interfaces/cmake/export_yolo_custom_interfaces__rosidl_typesupport_fastrtps_cppExport-noconfig.cmake
[0.577s] -- Up-to-date: /home/david/yolocpp_ws/install/yolo_custom_interfaces/share/yolo_custom_interfaces/cmake/yolo_custom_interfaces__rosidl_typesupport_introspection_cExport.cmake
[0.578s] -- Up-to-date: /home/david/yolocpp_ws/install/yolo_custom_interfaces/share/yolo_custom_interfaces/cmake/yolo_custom_interfaces__rosidl_typesupport_introspection_cExport-noconfig.cmake
[0.578s] -- Up-to-date: /home/david/yolocpp_ws/install/yolo_custom_interfaces/share/yolo_custom_interfaces/cmake/yolo_custom_interfaces__rosidl_typesupport_cExport.cmake
[0.578s] -- Up-to-date: /home/david/yolocpp_ws/install/yolo_custom_interfaces/share/yolo_custom_interfaces/cmake/yolo_custom_interfaces__rosidl_typesupport_cExport-noconfig.cmake
[0.578s] -- Up-to-date: /home/david/yolocpp_ws/install/yolo_custom_interfaces/share/yolo_custom_interfaces/cmake/yolo_custom_interfaces__rosidl_typesupport_introspection_cppExport.cmake
[0.578s] -- Up-to-date: /home/david/yolocpp_ws/install/yolo_custom_interfaces/share/yolo_custom_interfaces/cmake/yolo_custom_interfaces__rosidl_typesupport_introspection_cppExport-noconfig.cmake
[0.578s] -- Up-to-date: /home/david/yolocpp_ws/install/yolo_custom_interfaces/share/yolo_custom_interfaces/cmake/yolo_custom_interfaces__rosidl_typesupport_cppExport.cmake
[0.578s] -- Up-to-date: /home/david/yolocpp_ws/install/yolo_custom_interfaces/share/yolo_custom_interfaces/cmake/yolo_custom_interfaces__rosidl_typesupport_cppExport-noconfig.cmake
[0.578s] -- Up-to-date: /home/david/yolocpp_ws/install/yolo_custom_interfaces/share/yolo_custom_interfaces/cmake/export_yolo_custom_interfaces__rosidl_generator_pyExport.cmake
[0.578s] -- Up-to-date: /home/david/yolocpp_ws/install/yolo_custom_interfaces/share/yolo_custom_interfaces/cmake/export_yolo_custom_interfaces__rosidl_generator_pyExport-noconfig.cmake
[0.578s] -- Up-to-date: /home/david/yolocpp_ws/install/yolo_custom_interfaces/share/yolo_custom_interfaces/cmake/rosidl_cmake-extras.cmake
[0.578s] -- Up-to-date: /home/david/yolocpp_ws/install/yolo_custom_interfaces/share/yolo_custom_interfaces/cmake/ament_cmake_export_dependencies-extras.cmake
[0.578s] -- Up-to-date: /home/david/yolocpp_ws/install/yolo_custom_interfaces/share/yolo_custom_interfaces/cmake/ament_cmake_export_include_directories-extras.cmake
[0.578s] -- Up-to-date: /home/david/yolocpp_ws/install/yolo_custom_interfaces/share/yolo_custom_interfaces/cmake/ament_cmake_export_libraries-extras.cmake
[0.578s] -- Up-to-date: /home/david/yolocpp_ws/install/yolo_custom_interfaces/share/yolo_custom_interfaces/cmake/ament_cmake_export_targets-extras.cmake
[0.578s] -- Up-to-date: /home/david/yolocpp_ws/install/yolo_custom_interfaces/share/yolo_custom_interfaces/cmake/rosidl_cmake_export_typesupport_targets-extras.cmake
[0.578s] -- Up-to-date: /home/david/yolocpp_ws/install/yolo_custom_interfaces/share/yolo_custom_interfaces/cmake/rosidl_cmake_export_typesupport_libraries-extras.cmake
[0.578s] -- Up-to-date: /home/david/yolocpp_ws/install/yolo_custom_interfaces/share/yolo_custom_interfaces/cmake/yolo_custom_interfacesConfig.cmake
[0.578s] -- Up-to-date: /home/david/yolocpp_ws/install/yolo_custom_interfaces/share/yolo_custom_interfaces/cmake/yolo_custom_interfacesConfig-version.cmake
[0.578s] -- Up-to-date: /home/david/yolocpp_ws/install/yolo_custom_interfaces/share/yolo_custom_interfaces/package.xml
[0.599s] Invoked command in '/home/david/yolocpp_ws/build/yolo_custom_interfaces' returned '0': CMAKE_PREFIX_PATH=${CMAKE_PREFIX_PATH}:/home/david/yolocpp_ws/install/microservers_py:/home/david/yolocpp_ws/install/clients_py:/opt/ros/humble PROMPT_COMMAND=echo -n \[$(date +%H:%M:%S)\]\ /home/david/.local/bin/cmake --install /home/david/yolocpp_ws/build/yolo_custom_interfaces
