[35m[1mConsolidate compiler generated dependencies of target sync_node[0m
[100%] Built target sync_node
-- Install configuration: ""
-- Installing: /home/david/yolocpp_ws/install/sensor_sync_pkg/lib/sensor_sync_pkg/sync_node
-- Set runtime path of "/home/david/yolocpp_ws/install/sensor_sync_pkg/lib/sensor_sync_pkg/sync_node" to ""
-- Installing: /home/david/yolocpp_ws/install/sensor_sync_pkg/share/sensor_sync_pkg/launch
-- Installing: /home/david/yolocpp_ws/install/sensor_sync_pkg/share/sensor_sync_pkg/launch/sync.launch.py
-- Installing: /home/david/yolocpp_ws/install/sensor_sync_pkg/share/ament_index/resource_index/package_run_dependencies/sensor_sync_pkg
-- Installing: /home/david/yolocpp_ws/install/sensor_sync_pkg/share/ament_index/resource_index/parent_prefix_path/sensor_sync_pkg
-- Installing: /home/david/yolocpp_ws/install/sensor_sync_pkg/share/sensor_sync_pkg/environment/ament_prefix_path.sh
-- Installing: /home/david/yolocpp_ws/install/sensor_sync_pkg/share/sensor_sync_pkg/environment/ament_prefix_path.dsv
-- Installing: /home/david/yolocpp_ws/install/sensor_sync_pkg/share/sensor_sync_pkg/environment/path.sh
-- Installing: /home/david/yolocpp_ws/install/sensor_sync_pkg/share/sensor_sync_pkg/environment/path.dsv
-- Installing: /home/david/yolocpp_ws/install/sensor_sync_pkg/share/sensor_sync_pkg/local_setup.bash
-- Installing: /home/david/yolocpp_ws/install/sensor_sync_pkg/share/sensor_sync_pkg/local_setup.sh
-- Installing: /home/david/yolocpp_ws/install/sensor_sync_pkg/share/sensor_sync_pkg/local_setup.zsh
-- Installing: /home/david/yolocpp_ws/install/sensor_sync_pkg/share/sensor_sync_pkg/local_setup.dsv
-- Installing: /home/david/yolocpp_ws/install/sensor_sync_pkg/share/sensor_sync_pkg/package.dsv
-- Installing: /home/david/yolocpp_ws/install/sensor_sync_pkg/share/ament_index/resource_index/packages/sensor_sync_pkg
-- Installing: /home/david/yolocpp_ws/install/sensor_sync_pkg/share/sensor_sync_pkg/cmake/sensor_sync_pkgConfig.cmake
-- Installing: /home/david/yolocpp_ws/install/sensor_sync_pkg/share/sensor_sync_pkg/cmake/sensor_sync_pkgConfig-version.cmake
-- Installing: /home/david/yolocpp_ws/install/sensor_sync_pkg/share/sensor_sync_pkg/package.xml
