[0.009s] Invoking command in '/home/david/yolocpp_ws/build/zoe_bringup': CMAKE_PREFIX_PATH=${CMAKE_PREFIX_PATH}:/opt/ros/humble PROMPT_COMMAND=echo -n \[$(date +%H:%M:%S)\]\ /home/david/.local/bin/cmake --build /home/david/yolocpp_ws/build/zoe_bringup -- -j32 -l32
[0.039s] Invoked command in '/home/david/yolocpp_ws/build/zoe_bringup' returned '0': CMAKE_PREFIX_PATH=${CMAKE_PREFIX_PATH}:/opt/ros/humble PROMPT_COMMAND=echo -n \[$(date +%H:%M:%S)\]\ /home/david/.local/bin/cmake --build /home/david/yolocpp_ws/build/zoe_bringup -- -j32 -l32
[0.058s] Invoking command in '/home/david/yolocpp_ws/build/zoe_bringup': CMAKE_PREFIX_PATH=${CMAKE_PREFIX_PATH}:/opt/ros/humble PROMPT_COMMAND=echo -n \[$(date +%H:%M:%S)\]\ /home/david/.local/bin/cmake --install /home/david/yolocpp_ws/build/zoe_bringup
[0.074s] -- Install configuration: ""
[0.074s] -- Up-to-date: /home/david/yolocpp_ws/install/zoe_bringup/share/zoe_bringup/launch
[0.074s] -- Up-to-date: /home/david/yolocpp_ws/install/zoe_bringup/share/zoe_bringup/launch/robosense_ruby_plus.launch.py
[0.074s] -- Up-to-date: /home/david/yolocpp_ws/install/zoe_bringup/share/zoe_bringup/launch/camera_front_right.launch.py
[0.074s] -- Up-to-date: /home/david/yolocpp_ws/install/zoe_bringup/share/zoe_bringup/launch/pylon_instant_camera.launch.py
[0.074s] -- Up-to-date: /home/david/yolocpp_ws/install/zoe_bringup/share/zoe_bringup/launch/camera_front.launch.py
[0.074s] -- Up-to-date: /home/david/yolocpp_ws/install/zoe_bringup/share/zoe_bringup/launch/zed_f9p_lite.launch.py
[0.074s] -- Up-to-date: /home/david/yolocpp_ws/install/zoe_bringup/share/zoe_bringup/launch/camera_front_left.launch.py
[0.074s] -- Up-to-date: /home/david/yolocpp_ws/install/zoe_bringup/share/zoe_bringup/launch/all_sensors.launch.py
[0.074s] -- Up-to-date: /home/david/yolocpp_ws/install/zoe_bringup/share/zoe_bringup/launch/gps.launch.py
[0.075s] -- Up-to-date: /home/david/yolocpp_ws/install/zoe_bringup/share/zoe_bringup/launch/xsense_mti.launch.py
[0.075s] -- Up-to-date: /home/david/yolocpp_ws/install/zoe_bringup/share/zoe_bringup/launch/rosbag_record_gps.launch.py
[0.075s] -- Up-to-date: /home/david/yolocpp_ws/install/zoe_bringup/share/zoe_bringup/launch/opencv_cameras.launch.py
[0.075s] -- Up-to-date: /home/david/yolocpp_ws/install/zoe_bringup/share/zoe_bringup/launch/zoe_ntrip_client.launch.py
[0.075s] -- Up-to-date: /home/david/yolocpp_ws/install/zoe_bringup/share/zoe_bringup/launch/pylon_ros2_camera.launch.py
[0.075s] -- Up-to-date: /home/david/yolocpp_ws/install/zoe_bringup/share/zoe_bringup/launch/robosense_helios_right.launch.py
[0.075s] -- Up-to-date: /home/david/yolocpp_ws/install/zoe_bringup/share/zoe_bringup/launch/static_transform.launch.py
[0.075s] -- Up-to-date: /home/david/yolocpp_ws/install/zoe_bringup/share/zoe_bringup/launch/sensors.launch.py
[0.075s] -- Up-to-date: /home/david/yolocpp_ws/install/zoe_bringup/share/zoe_bringup/launch/robosense_helios_left.launch.py
[0.075s] -- Up-to-date: /home/david/yolocpp_ws/install/zoe_bringup/share/zoe_bringup/launch/gps_imu.launch.py
[0.075s] -- Up-to-date: /home/david/yolocpp_ws/install/zoe_bringup/share/zoe_bringup/launch/zed_f9p.launch.py
[0.075s] -- Up-to-date: /home/david/yolocpp_ws/install/zoe_bringup/share/zoe_bringup/launch/rosbag_record.launch.py
[0.075s] -- Up-to-date: /home/david/yolocpp_ws/install/zoe_bringup/share/zoe_bringup/launch/bringup.launch.py
[0.075s] -- Up-to-date: /home/david/yolocpp_ws/install/zoe_bringup/share/zoe_bringup/config
[0.075s] -- Up-to-date: /home/david/yolocpp_ws/install/zoe_bringup/share/zoe_bringup/config/robosense_helios_right.yaml
[0.075s] -- Up-to-date: /home/david/yolocpp_ws/install/zoe_bringup/share/zoe_bringup/config/ublox
[0.075s] -- Up-to-date: /home/david/yolocpp_ws/install/zoe_bringup/share/zoe_bringup/config/ublox/simpleRTK2B_FW113_5Hz_Heading.txt
[0.076s] -- Up-to-date: /home/david/yolocpp_ws/install/zoe_bringup/share/zoe_bringup/config/ublox/simpleRTK2BLite_FW113_1Hz_Heading.txt
[0.076s] -- Up-to-date: /home/david/yolocpp_ws/install/zoe_bringup/share/zoe_bringup/config/ublox/simpleRTK2BLite_FW113_5Hz_Heading.txt
[0.076s] -- Up-to-date: /home/david/yolocpp_ws/install/zoe_bringup/share/zoe_bringup/config/ublox/simpleRTK2BLite_FW113_10Hz_Heading.txt
[0.076s] -- Up-to-date: /home/david/yolocpp_ws/install/zoe_bringup/share/zoe_bringup/config/ublox/simpleRTK2BLite_FW113_10Hz_Heading_NMEA.txt
[0.076s] -- Up-to-date: /home/david/yolocpp_ws/install/zoe_bringup/share/zoe_bringup/config/ublox/simpleRTK2B_FW113_1Hz_Heading.txt
[0.076s] -- Up-to-date: /home/david/yolocpp_ws/install/zoe_bringup/share/zoe_bringup/config/ublox/simpleRTK2B_FW113_10Hz_Heading.txt
[0.076s] -- Up-to-date: /home/david/yolocpp_ws/install/zoe_bringup/share/zoe_bringup/config/zed_f9p.yaml
[0.076s] -- Up-to-date: /home/david/yolocpp_ws/install/zoe_bringup/share/zoe_bringup/config/cameras
[0.076s] -- Up-to-date: /home/david/yolocpp_ws/install/zoe_bringup/share/zoe_bringup/config/cameras/camera_front_calibration.yaml
[0.076s] -- Up-to-date: /home/david/yolocpp_ws/install/zoe_bringup/share/zoe_bringup/config/cameras/camera_front_right_calibration.yaml
[0.076s] -- Up-to-date: /home/david/yolocpp_ws/install/zoe_bringup/share/zoe_bringup/config/cameras/camera_front_left_calibration.yaml
[0.076s] -- Up-to-date: /home/david/yolocpp_ws/install/zoe_bringup/share/zoe_bringup/config/cameras/a2A1920-51gcPRO.pfs
[0.076s] -- Up-to-date: /home/david/yolocpp_ws/install/zoe_bringup/share/zoe_bringup/config/zed_f9p_lite.yaml
[0.076s] -- Up-to-date: /home/david/yolocpp_ws/install/zoe_bringup/share/zoe_bringup/config/robosense_ruby_plus.yaml
[0.076s] -- Up-to-date: /home/david/yolocpp_ws/install/zoe_bringup/share/zoe_bringup/config/mcap_writer_options.yaml
[0.076s] -- Up-to-date: /home/david/yolocpp_ws/install/zoe_bringup/share/zoe_bringup/config/robosense_helios_left.yaml
[0.076s] -- Up-to-date: /home/david/yolocpp_ws/install/zoe_bringup/share/zoe_bringup/rviz
[0.077s] -- Up-to-date: /home/david/yolocpp_ws/install/zoe_bringup/share/zoe_bringup/rviz/zoe.rviz
[0.077s] -- Up-to-date: /home/david/yolocpp_ws/install/zoe_bringup/share/ament_index/resource_index/package_run_dependencies/zoe_bringup
[0.077s] -- Up-to-date: /home/david/yolocpp_ws/install/zoe_bringup/share/ament_index/resource_index/parent_prefix_path/zoe_bringup
[0.077s] -- Up-to-date: /home/david/yolocpp_ws/install/zoe_bringup/share/zoe_bringup/environment/ament_prefix_path.sh
[0.077s] -- Up-to-date: /home/david/yolocpp_ws/install/zoe_bringup/share/zoe_bringup/environment/ament_prefix_path.dsv
[0.077s] -- Up-to-date: /home/david/yolocpp_ws/install/zoe_bringup/share/zoe_bringup/environment/path.sh
[0.077s] -- Up-to-date: /home/david/yolocpp_ws/install/zoe_bringup/share/zoe_bringup/environment/path.dsv
[0.077s] -- Up-to-date: /home/david/yolocpp_ws/install/zoe_bringup/share/zoe_bringup/local_setup.bash
[0.077s] -- Up-to-date: /home/david/yolocpp_ws/install/zoe_bringup/share/zoe_bringup/local_setup.sh
[0.077s] -- Up-to-date: /home/david/yolocpp_ws/install/zoe_bringup/share/zoe_bringup/local_setup.zsh
[0.077s] -- Up-to-date: /home/david/yolocpp_ws/install/zoe_bringup/share/zoe_bringup/local_setup.dsv
[0.077s] -- Installing: /home/david/yolocpp_ws/install/zoe_bringup/share/zoe_bringup/package.dsv
[0.077s] -- Up-to-date: /home/david/yolocpp_ws/install/zoe_bringup/share/ament_index/resource_index/packages/zoe_bringup
[0.077s] -- Up-to-date: /home/david/yolocpp_ws/install/zoe_bringup/share/zoe_bringup/cmake/zoe_bringupConfig.cmake
[0.077s] -- Up-to-date: /home/david/yolocpp_ws/install/zoe_bringup/share/zoe_bringup/cmake/zoe_bringupConfig-version.cmake
[0.077s] -- Up-to-date: /home/david/yolocpp_ws/install/zoe_bringup/share/zoe_bringup/package.xml
[0.082s] Invoked command in '/home/david/yolocpp_ws/build/zoe_bringup' returned '0': CMAKE_PREFIX_PATH=${CMAKE_PREFIX_PATH}:/opt/ros/humble PROMPT_COMMAND=echo -n \[$(date +%H:%M:%S)\]\ /home/david/.local/bin/cmake --install /home/david/yolocpp_ws/build/zoe_bringup
