[0.482s] Invoking command in '/home/david/yolocpp_ws/build/docs_turtlesim': CMAKE_PREFIX_PATH=${CMAKE_PREFIX_PATH}:/home/david/yolocpp_ws/install/microservers_py:/home/david/yolocpp_ws/install/clients_py:/opt/ros/humble PROMPT_COMMAND=echo -n \[$(date +%H:%M:%S)\]\ /home/david/.local/bin/cmake --build /home/david/yolocpp_ws/build/docs_turtlesim -- -j32 -l32
[0.780s] [  1%] Built target docs_turtlesim__cpp
[0.780s] [ 10%] Built target docs_turtlesim__rosidl_generator_c
[0.780s] [ 10%] Built target ament_cmake_python_copy_docs_turtlesim
[0.780s] [ 19%] Built target docs_turtlesim__rosidl_typesupport_cpp
[0.780s] [ 28%] Built target docs_turtlesim__rosidl_typesupport_fastrtps_cpp
[0.781s] [ 37%] Built target docs_turtlesim__rosidl_typesupport_introspection_cpp
[0.781s] [ 46%] Built target docs_turtlesim__rosidl_typesupport_introspection_c
[0.781s] [ 55%] Built target docs_turtlesim__rosidl_typesupport_c
[0.781s] [ 64%] Built target docs_turtlesim__rosidl_typesupport_fastrtps_c
[0.781s] [ 64%] Built target docs_turtlesim
[0.781s] [ 67%] Built target turtlesim_square_move
[0.781s] [ 71%] Built target turtlesim_multi_control
[0.781s] [ 80%] Built target turtlesim_node_keys
[0.781s] [ 82%] Built target docs_turtlesim__py
[0.781s] [ 89%] Built target docs_turtlesim__rosidl_generator_py
[0.781s] [ 92%] Built target docs_turtlesim__rosidl_typesupport_fastrtps_c__pyext
[0.781s] [ 96%] Built target docs_turtlesim__rosidl_typesupport_introspection_c__pyext
[0.781s] [100%] Built target docs_turtlesim__rosidl_typesupport_c__pyext
[0.809s] running egg_info
[0.809s] writing docs_turtlesim.egg-info/PKG-INFO
[0.809s] writing dependency_links to docs_turtlesim.egg-info/dependency_links.txt
[0.809s] writing top-level names to docs_turtlesim.egg-info/top_level.txt
[0.812s] reading manifest file 'docs_turtlesim.egg-info/SOURCES.txt'
[0.812s] writing manifest file 'docs_turtlesim.egg-info/SOURCES.txt'
[0.828s] [100%] Built target ament_cmake_python_build_docs_turtlesim_egg
[0.837s] Invoked command in '/home/david/yolocpp_ws/build/docs_turtlesim' returned '0': CMAKE_PREFIX_PATH=${CMAKE_PREFIX_PATH}:/home/david/yolocpp_ws/install/microservers_py:/home/david/yolocpp_ws/install/clients_py:/opt/ros/humble PROMPT_COMMAND=echo -n \[$(date +%H:%M:%S)\]\ /home/david/.local/bin/cmake --build /home/david/yolocpp_ws/build/docs_turtlesim -- -j32 -l32
[0.839s] Invoking command in '/home/david/yolocpp_ws/build/docs_turtlesim': CMAKE_PREFIX_PATH=${CMAKE_PREFIX_PATH}:/home/david/yolocpp_ws/install/microservers_py:/home/david/yolocpp_ws/install/clients_py:/opt/ros/humble PROMPT_COMMAND=echo -n \[$(date +%H:%M:%S)\]\ /home/david/.local/bin/cmake --install /home/david/yolocpp_ws/build/docs_turtlesim
[0.873s] -- Install configuration: ""
[0.873s] -- Up-to-date: /home/david/yolocpp_ws/install/docs_turtlesim/share/ament_index/resource_index/rosidl_interfaces/docs_turtlesim
[0.874s] -- Up-to-date: /home/david/yolocpp_ws/install/docs_turtlesim/include/docs_turtlesim/docs_turtlesim
[0.874s] -- Up-to-date: /home/david/yolocpp_ws/install/docs_turtlesim/include/docs_turtlesim/docs_turtlesim/msg
[0.874s] -- Up-to-date: /home/david/yolocpp_ws/install/docs_turtlesim/include/docs_turtlesim/docs_turtlesim/msg/rosidl_generator_c__visibility_control.h
[0.874s] -- Up-to-date: /home/david/yolocpp_ws/install/docs_turtlesim/include/docs_turtlesim/docs_turtlesim/msg/detail
[0.874s] -- Up-to-date: /home/david/yolocpp_ws/install/docs_turtlesim/include/docs_turtlesim/docs_turtlesim/msg/detail/keyed_twist__struct.h
[0.874s] -- Up-to-date: /home/david/yolocpp_ws/install/docs_turtlesim/include/docs_turtlesim/docs_turtlesim/msg/detail/keyed_twist__functions.c
[0.874s] -- Up-to-date: /home/david/yolocpp_ws/install/docs_turtlesim/include/docs_turtlesim/docs_turtlesim/msg/detail/keyed_pose__functions.c
[0.874s] -- Up-to-date: /home/david/yolocpp_ws/install/docs_turtlesim/include/docs_turtlesim/docs_turtlesim/msg/detail/vector3__type_support.h
[0.874s] -- Up-to-date: /home/david/yolocpp_ws/install/docs_turtlesim/include/docs_turtlesim/docs_turtlesim/msg/detail/keyed_pose__type_support.h
[0.874s] -- Up-to-date: /home/david/yolocpp_ws/install/docs_turtlesim/include/docs_turtlesim/docs_turtlesim/msg/detail/keyed_twist__type_support.h
[0.875s] -- Up-to-date: /home/david/yolocpp_ws/install/docs_turtlesim/include/docs_turtlesim/docs_turtlesim/msg/detail/keyed_pose__struct.h
[0.875s] -- Up-to-date: /home/david/yolocpp_ws/install/docs_turtlesim/include/docs_turtlesim/docs_turtlesim/msg/detail/vector3__functions.c
[0.875s] -- Up-to-date: /home/david/yolocpp_ws/install/docs_turtlesim/include/docs_turtlesim/docs_turtlesim/msg/detail/keyed_pose__functions.h
[0.875s] -- Up-to-date: /home/david/yolocpp_ws/install/docs_turtlesim/include/docs_turtlesim/docs_turtlesim/msg/detail/keyed_twist__functions.h
[0.875s] -- Up-to-date: /home/david/yolocpp_ws/install/docs_turtlesim/include/docs_turtlesim/docs_turtlesim/msg/detail/vector3__struct.h
[0.875s] -- Up-to-date: /home/david/yolocpp_ws/install/docs_turtlesim/include/docs_turtlesim/docs_turtlesim/msg/detail/vector3__functions.h
[0.875s] -- Up-to-date: /home/david/yolocpp_ws/install/docs_turtlesim/include/docs_turtlesim/docs_turtlesim/msg/keyed_pose.h
[0.875s] -- Up-to-date: /home/david/yolocpp_ws/install/docs_turtlesim/include/docs_turtlesim/docs_turtlesim/msg/keyed_twist.h
[0.875s] -- Up-to-date: /home/david/yolocpp_ws/install/docs_turtlesim/include/docs_turtlesim/docs_turtlesim/msg/vector3.h
[0.876s] -- Up-to-date: /home/david/yolocpp_ws/install/docs_turtlesim/share/docs_turtlesim/environment/library_path.sh
[0.876s] -- Up-to-date: /home/david/yolocpp_ws/install/docs_turtlesim/share/docs_turtlesim/environment/library_path.dsv
[0.877s] -- Up-to-date: /home/david/yolocpp_ws/install/docs_turtlesim/lib/libdocs_turtlesim__rosidl_generator_c.so
[0.877s] -- Up-to-date: /home/david/yolocpp_ws/install/docs_turtlesim/include/docs_turtlesim/docs_turtlesim
[0.877s] -- Up-to-date: /home/david/yolocpp_ws/install/docs_turtlesim/include/docs_turtlesim/docs_turtlesim/msg
[0.877s] -- Up-to-date: /home/david/yolocpp_ws/install/docs_turtlesim/include/docs_turtlesim/docs_turtlesim/msg/rosidl_typesupport_fastrtps_c__visibility_control.h
[0.878s] -- Up-to-date: /home/david/yolocpp_ws/install/docs_turtlesim/include/docs_turtlesim/docs_turtlesim/msg/detail
[0.878s] -- Up-to-date: /home/david/yolocpp_ws/install/docs_turtlesim/include/docs_turtlesim/docs_turtlesim/msg/detail/keyed_twist__rosidl_typesupport_fastrtps_c.h
[0.878s] -- Up-to-date: /home/david/yolocpp_ws/install/docs_turtlesim/include/docs_turtlesim/docs_turtlesim/msg/detail/vector3__rosidl_typesupport_fastrtps_c.h
[0.878s] -- Up-to-date: /home/david/yolocpp_ws/install/docs_turtlesim/include/docs_turtlesim/docs_turtlesim/msg/detail/keyed_pose__rosidl_typesupport_fastrtps_c.h
[0.879s] -- Up-to-date: /home/david/yolocpp_ws/install/docs_turtlesim/lib/libdocs_turtlesim__rosidl_typesupport_fastrtps_c.so
[0.879s] -- Up-to-date: /home/david/yolocpp_ws/install/docs_turtlesim/include/docs_turtlesim/docs_turtlesim
[0.879s] -- Up-to-date: /home/david/yolocpp_ws/install/docs_turtlesim/include/docs_turtlesim/docs_turtlesim/msg
[0.879s] -- Up-to-date: /home/david/yolocpp_ws/install/docs_turtlesim/include/docs_turtlesim/docs_turtlesim/msg/detail
[0.879s] -- Up-to-date: /home/david/yolocpp_ws/install/docs_turtlesim/include/docs_turtlesim/docs_turtlesim/msg/detail/vector3__builder.hpp
[0.879s] -- Up-to-date: /home/david/yolocpp_ws/install/docs_turtlesim/include/docs_turtlesim/docs_turtlesim/msg/detail/keyed_twist__type_support.hpp
[0.879s] -- Up-to-date: /home/david/yolocpp_ws/install/docs_turtlesim/include/docs_turtlesim/docs_turtlesim/msg/detail/keyed_twist__traits.hpp
[0.880s] -- Up-to-date: /home/david/yolocpp_ws/install/docs_turtlesim/include/docs_turtlesim/docs_turtlesim/msg/detail/keyed_twist__struct.hpp
[0.880s] -- Up-to-date: /home/david/yolocpp_ws/install/docs_turtlesim/include/docs_turtlesim/docs_turtlesim/msg/detail/keyed_pose__traits.hpp
[0.880s] -- Up-to-date: /home/david/yolocpp_ws/install/docs_turtlesim/include/docs_turtlesim/docs_turtlesim/msg/detail/keyed_twist__builder.hpp
[0.880s] -- Up-to-date: /home/david/yolocpp_ws/install/docs_turtlesim/include/docs_turtlesim/docs_turtlesim/msg/detail/vector3__struct.hpp
[0.881s] -- Up-to-date: /home/david/yolocpp_ws/install/docs_turtlesim/include/docs_turtlesim/docs_turtlesim/msg/detail/keyed_pose__type_support.hpp
[0.881s] -- Up-to-date: /home/david/yolocpp_ws/install/docs_turtlesim/include/docs_turtlesim/docs_turtlesim/msg/detail/keyed_pose__builder.hpp
[0.881s] -- Up-to-date: /home/david/yolocpp_ws/install/docs_turtlesim/include/docs_turtlesim/docs_turtlesim/msg/detail/vector3__type_support.hpp
[0.881s] -- Up-to-date: /home/david/yolocpp_ws/install/docs_turtlesim/include/docs_turtlesim/docs_turtlesim/msg/detail/vector3__traits.hpp
[0.881s] -- Up-to-date: /home/david/yolocpp_ws/install/docs_turtlesim/include/docs_turtlesim/docs_turtlesim/msg/detail/keyed_pose__struct.hpp
[0.881s] -- Up-to-date: /home/david/yolocpp_ws/install/docs_turtlesim/include/docs_turtlesim/docs_turtlesim/msg/keyed_twist.hpp
[0.881s] -- Up-to-date: /home/david/yolocpp_ws/install/docs_turtlesim/include/docs_turtlesim/docs_turtlesim/msg/rosidl_generator_cpp__visibility_control.hpp
[0.881s] -- Up-to-date: /home/david/yolocpp_ws/install/docs_turtlesim/include/docs_turtlesim/docs_turtlesim/msg/keyed_pose.hpp
[0.881s] -- Up-to-date: /home/david/yolocpp_ws/install/docs_turtlesim/include/docs_turtlesim/docs_turtlesim/msg/vector3.hpp
[0.882s] -- Up-to-date: /home/david/yolocpp_ws/install/docs_turtlesim/include/docs_turtlesim/docs_turtlesim
[0.882s] -- Up-to-date: /home/david/yolocpp_ws/install/docs_turtlesim/include/docs_turtlesim/docs_turtlesim/msg
[0.882s] -- Up-to-date: /home/david/yolocpp_ws/install/docs_turtlesim/include/docs_turtlesim/docs_turtlesim/msg/detail
[0.882s] -- Up-to-date: /home/david/yolocpp_ws/install/docs_turtlesim/include/docs_turtlesim/docs_turtlesim/msg/detail/keyed_pose__rosidl_typesupport_fastrtps_cpp.hpp
[0.882s] -- Up-to-date: /home/david/yolocpp_ws/install/docs_turtlesim/include/docs_turtlesim/docs_turtlesim/msg/detail/vector3__rosidl_typesupport_fastrtps_cpp.hpp
[0.882s] -- Up-to-date: /home/david/yolocpp_ws/install/docs_turtlesim/include/docs_turtlesim/docs_turtlesim/msg/detail/keyed_twist__rosidl_typesupport_fastrtps_cpp.hpp
[0.882s] -- Up-to-date: /home/david/yolocpp_ws/install/docs_turtlesim/include/docs_turtlesim/docs_turtlesim/msg/detail/dds_fastrtps
[0.882s] -- Up-to-date: /home/david/yolocpp_ws/install/docs_turtlesim/include/docs_turtlesim/docs_turtlesim/msg/rosidl_typesupport_fastrtps_cpp__visibility_control.h
[0.882s] -- Up-to-date: /home/david/yolocpp_ws/install/docs_turtlesim/lib/libdocs_turtlesim__rosidl_typesupport_fastrtps_cpp.so
[0.882s] -- Up-to-date: /home/david/yolocpp_ws/install/docs_turtlesim/include/docs_turtlesim/docs_turtlesim
[0.882s] -- Up-to-date: /home/david/yolocpp_ws/install/docs_turtlesim/include/docs_turtlesim/docs_turtlesim/msg
[0.883s] -- Up-to-date: /home/david/yolocpp_ws/install/docs_turtlesim/include/docs_turtlesim/docs_turtlesim/msg/rosidl_typesupport_introspection_c__visibility_control.h
[0.883s] -- Up-to-date: /home/david/yolocpp_ws/install/docs_turtlesim/include/docs_turtlesim/docs_turtlesim/msg/detail
[0.883s] -- Up-to-date: /home/david/yolocpp_ws/install/docs_turtlesim/include/docs_turtlesim/docs_turtlesim/msg/detail/vector3__rosidl_typesupport_introspection_c.h
[0.883s] -- Up-to-date: /home/david/yolocpp_ws/install/docs_turtlesim/include/docs_turtlesim/docs_turtlesim/msg/detail/vector3__type_support.c
[0.883s] -- Up-to-date: /home/david/yolocpp_ws/install/docs_turtlesim/include/docs_turtlesim/docs_turtlesim/msg/detail/keyed_twist__rosidl_typesupport_introspection_c.h
[0.883s] -- Up-to-date: /home/david/yolocpp_ws/install/docs_turtlesim/include/docs_turtlesim/docs_turtlesim/msg/detail/keyed_twist__type_support.c
[0.883s] -- Up-to-date: /home/david/yolocpp_ws/install/docs_turtlesim/include/docs_turtlesim/docs_turtlesim/msg/detail/keyed_pose__type_support.c
[0.883s] -- Up-to-date: /home/david/yolocpp_ws/install/docs_turtlesim/include/docs_turtlesim/docs_turtlesim/msg/detail/keyed_pose__rosidl_typesupport_introspection_c.h
[0.883s] -- Up-to-date: /home/david/yolocpp_ws/install/docs_turtlesim/lib/libdocs_turtlesim__rosidl_typesupport_introspection_c.so
[0.884s] -- Up-to-date: /home/david/yolocpp_ws/install/docs_turtlesim/lib/libdocs_turtlesim__rosidl_typesupport_c.so
[0.884s] -- Up-to-date: /home/david/yolocpp_ws/install/docs_turtlesim/include/docs_turtlesim/docs_turtlesim
[0.885s] -- Up-to-date: /home/david/yolocpp_ws/install/docs_turtlesim/include/docs_turtlesim/docs_turtlesim/msg
[0.885s] -- Up-to-date: /home/david/yolocpp_ws/install/docs_turtlesim/include/docs_turtlesim/docs_turtlesim/msg/detail
[0.885s] -- Up-to-date: /home/david/yolocpp_ws/install/docs_turtlesim/include/docs_turtlesim/docs_turtlesim/msg/detail/keyed_pose__type_support.cpp
[0.885s] -- Up-to-date: /home/david/yolocpp_ws/install/docs_turtlesim/include/docs_turtlesim/docs_turtlesim/msg/detail/vector3__type_support.cpp
[0.885s] -- Up-to-date: /home/david/yolocpp_ws/install/docs_turtlesim/include/docs_turtlesim/docs_turtlesim/msg/detail/keyed_twist__rosidl_typesupport_introspection_cpp.hpp
[0.885s] -- Up-to-date: /home/david/yolocpp_ws/install/docs_turtlesim/include/docs_turtlesim/docs_turtlesim/msg/detail/vector3__rosidl_typesupport_introspection_cpp.hpp
[0.885s] -- Up-to-date: /home/david/yolocpp_ws/install/docs_turtlesim/include/docs_turtlesim/docs_turtlesim/msg/detail/keyed_twist__type_support.cpp
[0.885s] -- Up-to-date: /home/david/yolocpp_ws/install/docs_turtlesim/include/docs_turtlesim/docs_turtlesim/msg/detail/keyed_pose__rosidl_typesupport_introspection_cpp.hpp
[0.886s] -- Up-to-date: /home/david/yolocpp_ws/install/docs_turtlesim/lib/libdocs_turtlesim__rosidl_typesupport_introspection_cpp.so
[0.886s] -- Up-to-date: /home/david/yolocpp_ws/install/docs_turtlesim/lib/libdocs_turtlesim__rosidl_typesupport_cpp.so
[0.886s] -- Up-to-date: /home/david/yolocpp_ws/install/docs_turtlesim/share/docs_turtlesim/environment/pythonpath.sh
[0.886s] -- Up-to-date: /home/david/yolocpp_ws/install/docs_turtlesim/share/docs_turtlesim/environment/pythonpath.dsv
[0.886s] -- Up-to-date: /home/david/yolocpp_ws/install/docs_turtlesim/local/lib/python3.10/dist-packages/docs_turtlesim-1.4.2-py3.10.egg-info
[0.886s] -- Installing: /home/david/yolocpp_ws/install/docs_turtlesim/local/lib/python3.10/dist-packages/docs_turtlesim-1.4.2-py3.10.egg-info/PKG-INFO
[0.886s] -- Installing: /home/david/yolocpp_ws/install/docs_turtlesim/local/lib/python3.10/dist-packages/docs_turtlesim-1.4.2-py3.10.egg-info/SOURCES.txt
[0.888s] -- Installing: /home/david/yolocpp_ws/install/docs_turtlesim/local/lib/python3.10/dist-packages/docs_turtlesim-1.4.2-py3.10.egg-info/dependency_links.txt
[0.888s] -- Installing: /home/david/yolocpp_ws/install/docs_turtlesim/local/lib/python3.10/dist-packages/docs_turtlesim-1.4.2-py3.10.egg-info/top_level.txt
[0.888s] -- Up-to-date: /home/david/yolocpp_ws/install/docs_turtlesim/local/lib/python3.10/dist-packages/docs_turtlesim
[0.888s] -- Up-to-date: /home/david/yolocpp_ws/install/docs_turtlesim/local/lib/python3.10/dist-packages/docs_turtlesim/_docs_turtlesim_s.ep.rosidl_typesupport_fastrtps_c.c
[0.889s] -- Up-to-date: /home/david/yolocpp_ws/install/docs_turtlesim/local/lib/python3.10/dist-packages/docs_turtlesim/docs_turtlesim_s__rosidl_typesupport_fastrtps_c.cpython-310-x86_64-linux-gnu.so
[0.889s] -- Up-to-date: /home/david/yolocpp_ws/install/docs_turtlesim/local/lib/python3.10/dist-packages/docs_turtlesim/_docs_turtlesim_s.ep.rosidl_typesupport_introspection_c.c
[0.889s] -- Up-to-date: /home/david/yolocpp_ws/install/docs_turtlesim/local/lib/python3.10/dist-packages/docs_turtlesim/docs_turtlesim_s__rosidl_typesupport_introspection_c.cpython-310-x86_64-linux-gnu.so
[0.889s] -- Up-to-date: /home/david/yolocpp_ws/install/docs_turtlesim/local/lib/python3.10/dist-packages/docs_turtlesim/_docs_turtlesim_s.ep.rosidl_typesupport_c.c
[0.889s] -- Up-to-date: /home/david/yolocpp_ws/install/docs_turtlesim/local/lib/python3.10/dist-packages/docs_turtlesim/docs_turtlesim_s__rosidl_typesupport_c.cpython-310-x86_64-linux-gnu.so
[0.889s] -- Up-to-date: /home/david/yolocpp_ws/install/docs_turtlesim/local/lib/python3.10/dist-packages/docs_turtlesim/libdocs_turtlesim__rosidl_generator_py.so
[0.889s] -- Up-to-date: /home/david/yolocpp_ws/install/docs_turtlesim/local/lib/python3.10/dist-packages/docs_turtlesim/__init__.py
[0.889s] -- Up-to-date: /home/david/yolocpp_ws/install/docs_turtlesim/local/lib/python3.10/dist-packages/docs_turtlesim/msg
[0.889s] -- Up-to-date: /home/david/yolocpp_ws/install/docs_turtlesim/local/lib/python3.10/dist-packages/docs_turtlesim/msg/_vector3_s.c
[0.889s] -- Up-to-date: /home/david/yolocpp_ws/install/docs_turtlesim/local/lib/python3.10/dist-packages/docs_turtlesim/msg/_keyed_pose_s.c
[0.889s] -- Up-to-date: /home/david/yolocpp_ws/install/docs_turtlesim/local/lib/python3.10/dist-packages/docs_turtlesim/msg/_keyed_twist_s.c
[0.889s] -- Up-to-date: /home/david/yolocpp_ws/install/docs_turtlesim/local/lib/python3.10/dist-packages/docs_turtlesim/msg/_keyed_twist.py
[0.890s] -- Up-to-date: /home/david/yolocpp_ws/install/docs_turtlesim/local/lib/python3.10/dist-packages/docs_turtlesim/msg/_vector3.py
[0.890s] -- Up-to-date: /home/david/yolocpp_ws/install/docs_turtlesim/local/lib/python3.10/dist-packages/docs_turtlesim/msg/__init__.py
[0.890s] -- Up-to-date: /home/david/yolocpp_ws/install/docs_turtlesim/local/lib/python3.10/dist-packages/docs_turtlesim/msg/_keyed_pose.py
[0.905s] Listing '/home/david/yolocpp_ws/install/docs_turtlesim/local/lib/python3.10/dist-packages/docs_turtlesim'...
[0.905s] Listing '/home/david/yolocpp_ws/install/docs_turtlesim/local/lib/python3.10/dist-packages/docs_turtlesim/msg'...
[0.908s] -- Up-to-date: /home/david/yolocpp_ws/install/docs_turtlesim/local/lib/python3.10/dist-packages/docs_turtlesim/docs_turtlesim_s__rosidl_typesupport_fastrtps_c.cpython-310-x86_64-linux-gnu.so
[0.908s] -- Up-to-date: /home/david/yolocpp_ws/install/docs_turtlesim/local/lib/python3.10/dist-packages/docs_turtlesim/docs_turtlesim_s__rosidl_typesupport_introspection_c.cpython-310-x86_64-linux-gnu.so
[0.909s] -- Up-to-date: /home/david/yolocpp_ws/install/docs_turtlesim/local/lib/python3.10/dist-packages/docs_turtlesim/docs_turtlesim_s__rosidl_typesupport_c.cpython-310-x86_64-linux-gnu.so
[0.909s] -- Up-to-date: /home/david/yolocpp_ws/install/docs_turtlesim/lib/libdocs_turtlesim__rosidl_generator_py.so
[0.909s] -- Up-to-date: /home/david/yolocpp_ws/install/docs_turtlesim/share/docs_turtlesim/msg/Vector3.idl
[0.909s] -- Up-to-date: /home/david/yolocpp_ws/install/docs_turtlesim/share/docs_turtlesim/msg/KeyedTwist.idl
[0.909s] -- Up-to-date: /home/david/yolocpp_ws/install/docs_turtlesim/share/docs_turtlesim/msg/KeyedPose.idl
[0.910s] -- Up-to-date: /home/david/yolocpp_ws/install/docs_turtlesim/lib/docs_turtlesim/turtlesim_square_move
[0.910s] -- Up-to-date: /home/david/yolocpp_ws/install/docs_turtlesim/lib/docs_turtlesim/turtlesim_node_keys
[0.911s] -- Up-to-date: /home/david/yolocpp_ws/install/docs_turtlesim/lib/docs_turtlesim/turtlesim_multi_control
[0.912s] -- Up-to-date: /home/david/yolocpp_ws/install/docs_turtlesim/share/ament_index/resource_index/package_run_dependencies/docs_turtlesim
[0.912s] -- Up-to-date: /home/david/yolocpp_ws/install/docs_turtlesim/share/ament_index/resource_index/parent_prefix_path/docs_turtlesim
[0.912s] -- Up-to-date: /home/david/yolocpp_ws/install/docs_turtlesim/share/docs_turtlesim/environment/ament_prefix_path.sh
[0.912s] -- Up-to-date: /home/david/yolocpp_ws/install/docs_turtlesim/share/docs_turtlesim/environment/ament_prefix_path.dsv
[0.912s] -- Up-to-date: /home/david/yolocpp_ws/install/docs_turtlesim/share/docs_turtlesim/environment/path.sh
[0.913s] -- Up-to-date: /home/david/yolocpp_ws/install/docs_turtlesim/share/docs_turtlesim/environment/path.dsv
[0.913s] -- Up-to-date: /home/david/yolocpp_ws/install/docs_turtlesim/share/docs_turtlesim/local_setup.bash
[0.913s] -- Up-to-date: /home/david/yolocpp_ws/install/docs_turtlesim/share/docs_turtlesim/local_setup.sh
[0.913s] -- Up-to-date: /home/david/yolocpp_ws/install/docs_turtlesim/share/docs_turtlesim/local_setup.zsh
[0.913s] -- Up-to-date: /home/david/yolocpp_ws/install/docs_turtlesim/share/docs_turtlesim/local_setup.dsv
[0.914s] -- Installing: /home/david/yolocpp_ws/install/docs_turtlesim/share/docs_turtlesim/package.dsv
[0.914s] -- Up-to-date: /home/david/yolocpp_ws/install/docs_turtlesim/share/ament_index/resource_index/packages/docs_turtlesim
[0.914s] -- Up-to-date: /home/david/yolocpp_ws/install/docs_turtlesim/share/docs_turtlesim/cmake/export_docs_turtlesim__rosidl_generator_cExport.cmake
[0.914s] -- Up-to-date: /home/david/yolocpp_ws/install/docs_turtlesim/share/docs_turtlesim/cmake/export_docs_turtlesim__rosidl_generator_cExport-noconfig.cmake
[0.914s] -- Up-to-date: /home/david/yolocpp_ws/install/docs_turtlesim/share/docs_turtlesim/cmake/export_docs_turtlesim__rosidl_typesupport_fastrtps_cExport.cmake
[0.914s] -- Up-to-date: /home/david/yolocpp_ws/install/docs_turtlesim/share/docs_turtlesim/cmake/export_docs_turtlesim__rosidl_typesupport_fastrtps_cExport-noconfig.cmake
[0.914s] -- Up-to-date: /home/david/yolocpp_ws/install/docs_turtlesim/share/docs_turtlesim/cmake/export_docs_turtlesim__rosidl_generator_cppExport.cmake
[0.915s] -- Up-to-date: /home/david/yolocpp_ws/install/docs_turtlesim/share/docs_turtlesim/cmake/export_docs_turtlesim__rosidl_typesupport_fastrtps_cppExport.cmake
[0.915s] -- Up-to-date: /home/david/yolocpp_ws/install/docs_turtlesim/share/docs_turtlesim/cmake/export_docs_turtlesim__rosidl_typesupport_fastrtps_cppExport-noconfig.cmake
[0.916s] -- Up-to-date: /home/david/yolocpp_ws/install/docs_turtlesim/share/docs_turtlesim/cmake/docs_turtlesim__rosidl_typesupport_introspection_cExport.cmake
[0.916s] -- Up-to-date: /home/david/yolocpp_ws/install/docs_turtlesim/share/docs_turtlesim/cmake/docs_turtlesim__rosidl_typesupport_introspection_cExport-noconfig.cmake
[0.916s] -- Up-to-date: /home/david/yolocpp_ws/install/docs_turtlesim/share/docs_turtlesim/cmake/docs_turtlesim__rosidl_typesupport_cExport.cmake
[0.916s] -- Up-to-date: /home/david/yolocpp_ws/install/docs_turtlesim/share/docs_turtlesim/cmake/docs_turtlesim__rosidl_typesupport_cExport-noconfig.cmake
[0.916s] -- Up-to-date: /home/david/yolocpp_ws/install/docs_turtlesim/share/docs_turtlesim/cmake/docs_turtlesim__rosidl_typesupport_introspection_cppExport.cmake
[0.916s] -- Up-to-date: /home/david/yolocpp_ws/install/docs_turtlesim/share/docs_turtlesim/cmake/docs_turtlesim__rosidl_typesupport_introspection_cppExport-noconfig.cmake
[0.917s] -- Up-to-date: /home/david/yolocpp_ws/install/docs_turtlesim/share/docs_turtlesim/cmake/docs_turtlesim__rosidl_typesupport_cppExport.cmake
[0.917s] -- Up-to-date: /home/david/yolocpp_ws/install/docs_turtlesim/share/docs_turtlesim/cmake/docs_turtlesim__rosidl_typesupport_cppExport-noconfig.cmake
[0.917s] -- Up-to-date: /home/david/yolocpp_ws/install/docs_turtlesim/share/docs_turtlesim/cmake/export_docs_turtlesim__rosidl_generator_pyExport.cmake
[0.918s] -- Up-to-date: /home/david/yolocpp_ws/install/docs_turtlesim/share/docs_turtlesim/cmake/export_docs_turtlesim__rosidl_generator_pyExport-noconfig.cmake
[0.918s] -- Up-to-date: /home/david/yolocpp_ws/install/docs_turtlesim/share/docs_turtlesim/cmake/rosidl_cmake-extras.cmake
[0.918s] -- Up-to-date: /home/david/yolocpp_ws/install/docs_turtlesim/share/docs_turtlesim/cmake/ament_cmake_export_include_directories-extras.cmake
[0.918s] -- Up-to-date: /home/david/yolocpp_ws/install/docs_turtlesim/share/docs_turtlesim/cmake/ament_cmake_export_libraries-extras.cmake
[0.918s] -- Up-to-date: /home/david/yolocpp_ws/install/docs_turtlesim/share/docs_turtlesim/cmake/ament_cmake_export_targets-extras.cmake
[0.918s] -- Up-to-date: /home/david/yolocpp_ws/install/docs_turtlesim/share/docs_turtlesim/cmake/rosidl_cmake_export_typesupport_targets-extras.cmake
[0.919s] -- Up-to-date: /home/david/yolocpp_ws/install/docs_turtlesim/share/docs_turtlesim/cmake/ament_cmake_export_dependencies-extras.cmake
[0.919s] -- Up-to-date: /home/david/yolocpp_ws/install/docs_turtlesim/share/docs_turtlesim/cmake/rosidl_cmake_export_typesupport_libraries-extras.cmake
[0.919s] -- Up-to-date: /home/david/yolocpp_ws/install/docs_turtlesim/share/docs_turtlesim/cmake/docs_turtlesimConfig.cmake
[0.919s] -- Up-to-date: /home/david/yolocpp_ws/install/docs_turtlesim/share/docs_turtlesim/cmake/docs_turtlesimConfig-version.cmake
[0.920s] -- Up-to-date: /home/david/yolocpp_ws/install/docs_turtlesim/share/docs_turtlesim/package.xml
[0.958s] Invoked command in '/home/david/yolocpp_ws/build/docs_turtlesim' returned '0': CMAKE_PREFIX_PATH=${CMAKE_PREFIX_PATH}:/home/david/yolocpp_ws/install/microservers_py:/home/david/yolocpp_ws/install/clients_py:/opt/ros/humble PROMPT_COMMAND=echo -n \[$(date +%H:%M:%S)\]\ /home/david/.local/bin/cmake --install /home/david/yolocpp_ws/build/docs_turtlesim
