[0.012s] Invoking command in '/home/david/yolocpp_ws/build/sensor_sync_pkg': CMAKE_PREFIX_PATH=/opt/ros/humble PROMPT_COMMAND=echo -n \[$(date +%H:%M:%S)\]\ /home/david/.local/bin/cmake --build /home/david/yolocpp_ws/build/sensor_sync_pkg -- -j32 -l32
[0.062s] [35m[1mConsolidate compiler generated dependencies of target sync_node[0m
[0.075s] [100%] Built target sync_node
[0.104s] Invoked command in '/home/david/yolocpp_ws/build/sensor_sync_pkg' returned '0': CMAKE_PREFIX_PATH=/opt/ros/humble PROMPT_COMMAND=echo -n \[$(date +%H:%M:%S)\]\ /home/david/.local/bin/cmake --build /home/david/yolocpp_ws/build/sensor_sync_pkg -- -j32 -l32
[0.106s] Invoking command in '/home/david/yolocpp_ws/build/sensor_sync_pkg': CMAKE_PREFIX_PATH=/opt/ros/humble PROMPT_COMMAND=echo -n \[$(date +%H:%M:%S)\]\ /home/david/.local/bin/cmake --install /home/david/yolocpp_ws/build/sensor_sync_pkg
[0.133s] -- Install configuration: ""
[0.133s] -- Up-to-date: /home/david/yolocpp_ws/install/sensor_sync_pkg/lib/sensor_sync_pkg/sync_node
[0.134s] -- Up-to-date: /home/david/yolocpp_ws/install/sensor_sync_pkg/share/sensor_sync_pkg/launch
[0.134s] -- Up-to-date: /home/david/yolocpp_ws/install/sensor_sync_pkg/share/sensor_sync_pkg/launch/sync.launch.py
[0.134s] -- Up-to-date: /home/david/yolocpp_ws/install/sensor_sync_pkg/share/ament_index/resource_index/package_run_dependencies/sensor_sync_pkg
[0.134s] -- Up-to-date: /home/david/yolocpp_ws/install/sensor_sync_pkg/share/ament_index/resource_index/parent_prefix_path/sensor_sync_pkg
[0.135s] -- Up-to-date: /home/david/yolocpp_ws/install/sensor_sync_pkg/share/sensor_sync_pkg/environment/ament_prefix_path.sh
[0.135s] -- Up-to-date: /home/david/yolocpp_ws/install/sensor_sync_pkg/share/sensor_sync_pkg/environment/ament_prefix_path.dsv
[0.135s] -- Up-to-date: /home/david/yolocpp_ws/install/sensor_sync_pkg/share/sensor_sync_pkg/environment/path.sh
[0.135s] -- Up-to-date: /home/david/yolocpp_ws/install/sensor_sync_pkg/share/sensor_sync_pkg/environment/path.dsv
[0.135s] -- Up-to-date: /home/david/yolocpp_ws/install/sensor_sync_pkg/share/sensor_sync_pkg/local_setup.bash
[0.135s] -- Up-to-date: /home/david/yolocpp_ws/install/sensor_sync_pkg/share/sensor_sync_pkg/local_setup.sh
[0.135s] -- Up-to-date: /home/david/yolocpp_ws/install/sensor_sync_pkg/share/sensor_sync_pkg/local_setup.zsh
[0.136s] -- Up-to-date: /home/david/yolocpp_ws/install/sensor_sync_pkg/share/sensor_sync_pkg/local_setup.dsv
[0.136s] -- Installing: /home/david/yolocpp_ws/install/sensor_sync_pkg/share/sensor_sync_pkg/package.dsv
[0.136s] -- Up-to-date: /home/david/yolocpp_ws/install/sensor_sync_pkg/share/ament_index/resource_index/packages/sensor_sync_pkg
[0.136s] -- Up-to-date: /home/david/yolocpp_ws/install/sensor_sync_pkg/share/sensor_sync_pkg/cmake/sensor_sync_pkgConfig.cmake
[0.137s] -- Up-to-date: /home/david/yolocpp_ws/install/sensor_sync_pkg/share/sensor_sync_pkg/cmake/sensor_sync_pkgConfig-version.cmake
[0.137s] -- Up-to-date: /home/david/yolocpp_ws/install/sensor_sync_pkg/share/sensor_sync_pkg/package.xml
[0.144s] Invoked command in '/home/david/yolocpp_ws/build/sensor_sync_pkg' returned '0': CMAKE_PREFIX_PATH=/opt/ros/humble PROMPT_COMMAND=echo -n \[$(date +%H:%M:%S)\]\ /home/david/.local/bin/cmake --install /home/david/yolocpp_ws/build/sensor_sync_pkg
