[0.744s] Invoking command in '/home/david/yolocpp_ws/vulcanexus/code/microservices/clients_py': PROMPT_COMMAND=echo -n \[$(date +%H:%M:%S)\]\ PYTHONPATH=/home/david/yolocpp_ws/build/clients_py/prefix_override:/usr/lib/python3/dist-packages/colcon_core/task/python/colcon_distutils_commands:/home/david/yolocpp_ws/install/clients_py/lib/python3.10/site-packages:${PYTHONPATH} /usr/bin/python3 -W ignore:setup.py install is deprecated -W ignore:easy_install command is deprecated setup.py egg_info --egg-base ../../../../build/clients_py build --build-base /home/david/yolocpp_ws/build/clients_py/build install --record /home/david/yolocpp_ws/build/clients_py/install.log --single-version-externally-managed install_data
[0.911s] running egg_info
[0.912s] writing ../../../../build/clients_py/clients_py.egg-info/PKG-INFO
[0.912s] writing dependency_links to ../../../../build/clients_py/clients_py.egg-info/dependency_links.txt
[0.912s] writing entry points to ../../../../build/clients_py/clients_py.egg-info/entry_points.txt
[0.912s] writing requirements to ../../../../build/clients_py/clients_py.egg-info/requires.txt
[0.912s] writing top-level names to ../../../../build/clients_py/clients_py.egg-info/top_level.txt
[0.913s] reading manifest file '../../../../build/clients_py/clients_py.egg-info/SOURCES.txt'
[0.913s] adding license file 'LICENSE'
[0.913s] writing manifest file '../../../../build/clients_py/clients_py.egg-info/SOURCES.txt'
[0.913s] running build
[0.913s] running build_py
[0.913s] running install
[0.913s] running install_lib
[0.914s] running install_data
[0.914s] running install_egg_info
[0.915s] removing '/home/david/yolocpp_ws/install/clients_py/lib/python3.10/site-packages/clients_py-0.0.0-py3.10.egg-info' (and everything under it)
[0.915s] Copying ../../../../build/clients_py/clients_py.egg-info to /home/david/yolocpp_ws/install/clients_py/lib/python3.10/site-packages/clients_py-0.0.0-py3.10.egg-info
[0.915s] running install_scripts
[0.925s] Installing client_addition script to /home/david/yolocpp_ws/install/clients_py/lib/clients_py
[0.926s] Installing client_subtraction script to /home/david/yolocpp_ws/install/clients_py/lib/clients_py
[0.926s] writing list of installed files to '/home/david/yolocpp_ws/build/clients_py/install.log'
[0.938s] Invoked command in '/home/david/yolocpp_ws/vulcanexus/code/microservices/clients_py' returned '0': PROMPT_COMMAND=echo -n \[$(date +%H:%M:%S)\]\ PYTHONPATH=/home/david/yolocpp_ws/build/clients_py/prefix_override:/usr/lib/python3/dist-packages/colcon_core/task/python/colcon_distutils_commands:/home/david/yolocpp_ws/install/clients_py/lib/python3.10/site-packages:${PYTHONPATH} /usr/bin/python3 -W ignore:setup.py install is deprecated -W ignore:easy_install command is deprecated setup.py egg_info --egg-base ../../../../build/clients_py build --build-base /home/david/yolocpp_ws/build/clients_py/build install --record /home/david/yolocpp_ws/build/clients_py/install.log --single-version-externally-managed install_data
