running egg_info
creating ../../../../build/clients_py/clients_py.egg-info
writing ../../../../build/clients_py/clients_py.egg-info/PKG-INFO
writing dependency_links to ../../../../build/clients_py/clients_py.egg-info/dependency_links.txt
writing entry points to ../../../../build/clients_py/clients_py.egg-info/entry_points.txt
writing requirements to ../../../../build/clients_py/clients_py.egg-info/requires.txt
writing top-level names to ../../../../build/clients_py/clients_py.egg-info/top_level.txt
writing manifest file '../../../../build/clients_py/clients_py.egg-info/SOURCES.txt'
reading manifest file '../../../../build/clients_py/clients_py.egg-info/SOURCES.txt'
adding license file 'LICENSE'
writing manifest file '../../../../build/clients_py/clients_py.egg-info/SOURCES.txt'
running build
running build_py
creating /home/david/yolocpp_ws/build/clients_py/build
creating /home/david/yolocpp_ws/build/clients_py/build/lib
creating /home/david/yolocpp_ws/build/clients_py/build/lib/clients_py
copying clients_py/microservice_client_subtraction.py -> /home/david/yolocpp_ws/build/clients_py/build/lib/clients_py
copying clients_py/microservice_client_addition.py -> /home/david/yolocpp_ws/build/clients_py/build/lib/clients_py
copying clients_py/__init__.py -> /home/david/yolocpp_ws/build/clients_py/build/lib/clients_py
running install
running install_lib
creating /home/david/yolocpp_ws/install/clients_py/lib/python3.10/site-packages/clients_py
copying /home/david/yolocpp_ws/build/clients_py/build/lib/clients_py/microservice_client_subtraction.py -> /home/david/yolocpp_ws/install/clients_py/lib/python3.10/site-packages/clients_py
copying /home/david/yolocpp_ws/build/clients_py/build/lib/clients_py/microservice_client_addition.py -> /home/david/yolocpp_ws/install/clients_py/lib/python3.10/site-packages/clients_py
copying /home/david/yolocpp_ws/build/clients_py/build/lib/clients_py/__init__.py -> /home/david/yolocpp_ws/install/clients_py/lib/python3.10/site-packages/clients_py
byte-compiling /home/david/yolocpp_ws/install/clients_py/lib/python3.10/site-packages/clients_py/microservice_client_subtraction.py to microservice_client_subtraction.cpython-310.pyc
byte-compiling /home/david/yolocpp_ws/install/clients_py/lib/python3.10/site-packages/clients_py/microservice_client_addition.py to microservice_client_addition.cpython-310.pyc
byte-compiling /home/david/yolocpp_ws/install/clients_py/lib/python3.10/site-packages/clients_py/__init__.py to __init__.cpython-310.pyc
running install_data
creating /home/david/yolocpp_ws/install/clients_py/share/ament_index
creating /home/david/yolocpp_ws/install/clients_py/share/ament_index/resource_index
creating /home/david/yolocpp_ws/install/clients_py/share/ament_index/resource_index/packages
copying resource/clients_py -> /home/david/yolocpp_ws/install/clients_py/share/ament_index/resource_index/packages
copying package.xml -> /home/david/yolocpp_ws/install/clients_py/share/clients_py
running install_egg_info
Copying ../../../../build/clients_py/clients_py.egg-info to /home/david/yolocpp_ws/install/clients_py/lib/python3.10/site-packages/clients_py-0.0.0-py3.10.egg-info
running install_scripts
Installing client_addition script to /home/david/yolocpp_ws/install/clients_py/lib/clients_py
Installing client_subtraction script to /home/david/yolocpp_ws/install/clients_py/lib/clients_py
writing list of installed files to '/home/david/yolocpp_ws/build/clients_py/install.log'
