[0.787s] Invoking command in '/home/david/yolocpp_ws/vulcanexus/code/microservices/clients_py': PROMPT_COMMAND=echo -n \[$(date +%H:%M:%S)\]\ PYTHONPATH=/home/david/yolocpp_ws/build/clients_py/prefix_override:/usr/lib/python3/dist-packages/colcon_core/task/python/colcon_distutils_commands:/home/david/yolocpp_ws/install/clients_py/lib/python3.10/site-packages:${PYTHONPATH} /usr/bin/python3 -W ignore:setup.py install is deprecated -W ignore:easy_install command is deprecated setup.py egg_info --egg-base ../../../../build/clients_py build --build-base /home/david/yolocpp_ws/build/clients_py/build install --record /home/david/yolocpp_ws/build/clients_py/install.log --single-version-externally-managed install_data
[0.952s] running egg_info
[0.952s] creating ../../../../build/clients_py/clients_py.egg-info
[0.952s] writing ../../../../build/clients_py/clients_py.egg-info/PKG-INFO
[0.952s] writing dependency_links to ../../../../build/clients_py/clients_py.egg-info/dependency_links.txt
[0.953s] writing entry points to ../../../../build/clients_py/clients_py.egg-info/entry_points.txt
[0.953s] writing requirements to ../../../../build/clients_py/clients_py.egg-info/requires.txt
[0.953s] writing top-level names to ../../../../build/clients_py/clients_py.egg-info/top_level.txt
[0.953s] writing manifest file '../../../../build/clients_py/clients_py.egg-info/SOURCES.txt'
[0.954s] reading manifest file '../../../../build/clients_py/clients_py.egg-info/SOURCES.txt'
[0.954s] adding license file 'LICENSE'
[0.954s] writing manifest file '../../../../build/clients_py/clients_py.egg-info/SOURCES.txt'
[0.954s] running build
[0.954s] running build_py
[0.954s] creating /home/david/yolocpp_ws/build/clients_py/build
[0.954s] creating /home/david/yolocpp_ws/build/clients_py/build/lib
[0.954s] creating /home/david/yolocpp_ws/build/clients_py/build/lib/clients_py
[0.954s] copying clients_py/microservice_client_subtraction.py -> /home/david/yolocpp_ws/build/clients_py/build/lib/clients_py
[0.954s] copying clients_py/microservice_client_addition.py -> /home/david/yolocpp_ws/build/clients_py/build/lib/clients_py
[0.954s] copying clients_py/__init__.py -> /home/david/yolocpp_ws/build/clients_py/build/lib/clients_py
[0.955s] running install
[0.955s] running install_lib
[0.955s] creating /home/david/yolocpp_ws/install/clients_py/lib/python3.10/site-packages/clients_py
[0.955s] copying /home/david/yolocpp_ws/build/clients_py/build/lib/clients_py/microservice_client_subtraction.py -> /home/david/yolocpp_ws/install/clients_py/lib/python3.10/site-packages/clients_py
[0.955s] copying /home/david/yolocpp_ws/build/clients_py/build/lib/clients_py/microservice_client_addition.py -> /home/david/yolocpp_ws/install/clients_py/lib/python3.10/site-packages/clients_py
[0.955s] copying /home/david/yolocpp_ws/build/clients_py/build/lib/clients_py/__init__.py -> /home/david/yolocpp_ws/install/clients_py/lib/python3.10/site-packages/clients_py
[0.956s] byte-compiling /home/david/yolocpp_ws/install/clients_py/lib/python3.10/site-packages/clients_py/microservice_client_subtraction.py to microservice_client_subtraction.cpython-310.pyc
[0.956s] byte-compiling /home/david/yolocpp_ws/install/clients_py/lib/python3.10/site-packages/clients_py/microservice_client_addition.py to microservice_client_addition.cpython-310.pyc
[0.956s] byte-compiling /home/david/yolocpp_ws/install/clients_py/lib/python3.10/site-packages/clients_py/__init__.py to __init__.cpython-310.pyc
[0.956s] running install_data
[0.956s] creating /home/david/yolocpp_ws/install/clients_py/share/ament_index
[0.956s] creating /home/david/yolocpp_ws/install/clients_py/share/ament_index/resource_index
[0.956s] creating /home/david/yolocpp_ws/install/clients_py/share/ament_index/resource_index/packages
[0.956s] copying resource/clients_py -> /home/david/yolocpp_ws/install/clients_py/share/ament_index/resource_index/packages
[0.956s] copying package.xml -> /home/david/yolocpp_ws/install/clients_py/share/clients_py
[0.956s] running install_egg_info
[0.957s] Copying ../../../../build/clients_py/clients_py.egg-info to /home/david/yolocpp_ws/install/clients_py/lib/python3.10/site-packages/clients_py-0.0.0-py3.10.egg-info
[0.957s] running install_scripts
[0.966s] Installing client_addition script to /home/david/yolocpp_ws/install/clients_py/lib/clients_py
[0.966s] Installing client_subtraction script to /home/david/yolocpp_ws/install/clients_py/lib/clients_py
[0.966s] writing list of installed files to '/home/david/yolocpp_ws/build/clients_py/install.log'
[0.979s] Invoked command in '/home/david/yolocpp_ws/vulcanexus/code/microservices/clients_py' returned '0': PROMPT_COMMAND=echo -n \[$(date +%H:%M:%S)\]\ PYTHONPATH=/home/david/yolocpp_ws/build/clients_py/prefix_override:/usr/lib/python3/dist-packages/colcon_core/task/python/colcon_distutils_commands:/home/david/yolocpp_ws/install/clients_py/lib/python3.10/site-packages:${PYTHONPATH} /usr/bin/python3 -W ignore:setup.py install is deprecated -W ignore:easy_install command is deprecated setup.py egg_info --egg-base ../../../../build/clients_py build --build-base /home/david/yolocpp_ws/build/clients_py/build install --record /home/david/yolocpp_ws/build/clients_py/install.log --single-version-externally-managed install_data
