[0.010s] Invoking command in '/home/david/yolocpp_ws/build/pylon_instant_camera': CMAKE_PREFIX_PATH=/opt/ros/humble PROMPT_COMMAND=echo -n \[$(date +%H:%M:%S)\]\ /home/david/.local/bin/cmake /home/david/yolocpp_ws/src/pylon_instant_camera-ros2 -DTRT_PATH=/usr -DCMAKE_CUDA_ARCHITECTURES=89 -DCMAKE_CUDA_COMPILER=/usr/local/cuda-12.9/bin/nvcc -DCMAKE_INSTALL_PREFIX=/home/david/yolocpp_ws/install/pylon_instant_camera
[0.141s] -- The C compiler identification is GNU 11.4.0
[0.195s] -- The CXX compiler identification is GNU 11.4.0
[0.206s] -- Detecting C compiler ABI info
[0.246s] -- Detecting C compiler ABI info - done
[0.251s] -- Check for working C compiler: /usr/bin/cc - skipped
[0.251s] -- Detecting C compile features
[0.252s] -- Detecting C compile features - done
[0.254s] -- Detecting CXX compiler ABI info
[0.301s] -- Detecting CXX compiler ABI info - done
[0.306s] -- Check for working CXX compiler: /usr/bin/c++ - skipped
[0.306s] -- Detecting CXX compile features
[0.307s] -- Detecting CXX compile features - done
[0.312s] -- Found ament_cmake: 1.3.11 (/opt/ros/humble/share/ament_cmake/cmake)
[0.398s] -- Found Python3: /usr/bin/python3 (found version "3.10.12") found components: Interpreter 
[0.457s] -- Found rclcpp: 16.0.12 (/opt/ros/humble/share/rclcpp/cmake)
[0.491s] -- Found rosidl_generator_c: 3.1.6 (/opt/ros/humble/share/rosidl_generator_c/cmake)
[0.496s] -- Found rosidl_adapter: 3.1.6 (/opt/ros/humble/share/rosidl_adapter/cmake)
[0.503s] -- Found rosidl_generator_cpp: 3.1.6 (/opt/ros/humble/share/rosidl_generator_cpp/cmake)
[0.516s] -- Using all available rosidl_typesupport_c: rosidl_typesupport_fastrtps_c;rosidl_typesupport_introspection_c
[0.530s] -- Using all available rosidl_typesupport_cpp: rosidl_typesupport_fastrtps_cpp;rosidl_typesupport_introspection_cpp
[0.572s] -- Found rmw_implementation_cmake: 6.1.2 (/opt/ros/humble/share/rmw_implementation_cmake/cmake)
[0.574s] -- Found rmw_fastrtps_cpp: 6.2.7 (/opt/ros/humble/share/rmw_fastrtps_cpp/cmake)
[0.638s] -- Found OpenSSL: /usr/lib/x86_64-linux-gnu/libcrypto.so (found version "3.0.2")  
[0.656s] -- Found FastRTPS: /opt/ros/humble/include  
[0.683s] -- Using RMW implementation 'rmw_fastrtps_cpp' as default
[0.692s] -- Performing Test CMAKE_HAVE_LIBC_PTHREAD
[0.746s] -- Performing Test CMAKE_HAVE_LIBC_PTHREAD - Success
[0.747s] -- Found Threads: TRUE  
[0.788s] -- Found rclcpp_components: 16.0.12 (/opt/ros/humble/share/rclcpp_components/cmake)
[0.815s] -- Found image_transport: 3.1.11 (/opt/ros/humble/share/image_transport/cmake)
[0.850s] -- Found camera_calibration_parsers: 3.1.11 (/opt/ros/humble/share/camera_calibration_parsers/cmake)
[0.913s] -- Configuring done
[0.922s] -- Generating done
[0.923s] [33mCMake Warning:
[0.923s]   Manually-specified variables were not used by the project:
[0.923s] 
[0.923s]     CMAKE_CUDA_COMPILER
[0.923s]     TRT_PATH
[0.923s] 
[0.923s] [0m
[0.926s] -- Build files have been written to: /home/david/yolocpp_ws/build/pylon_instant_camera
[0.934s] Invoked command in '/home/david/yolocpp_ws/build/pylon_instant_camera' returned '0': CMAKE_PREFIX_PATH=/opt/ros/humble PROMPT_COMMAND=echo -n \[$(date +%H:%M:%S)\]\ /home/david/.local/bin/cmake /home/david/yolocpp_ws/src/pylon_instant_camera-ros2 -DTRT_PATH=/usr -DCMAKE_CUDA_ARCHITECTURES=89 -DCMAKE_CUDA_COMPILER=/usr/local/cuda-12.9/bin/nvcc -DCMAKE_INSTALL_PREFIX=/home/david/yolocpp_ws/install/pylon_instant_camera
[0.935s] Invoking command in '/home/david/yolocpp_ws/build/pylon_instant_camera': CMAKE_PREFIX_PATH=/opt/ros/humble PROMPT_COMMAND=echo -n \[$(date +%H:%M:%S)\]\ /home/david/.local/bin/cmake --build /home/david/yolocpp_ws/build/pylon_instant_camera -- -j32 -l32
[0.975s] [ 25%] [32mBuilding CXX object CMakeFiles/node.dir/rclcpp_components/node_main_node.cpp.o[0m
[0.975s] [ 50%] [32mBuilding CXX object CMakeFiles/PylonCameraNode.dir/src/main.cpp.o[0m
[2.807s] [ 75%] [32m[1mLinking CXX executable node[0m
[2.893s] [ 75%] Built target node
[3.114s] [100%] [32m[1mLinking CXX shared library libPylonCameraNode.so[0m
[3.227s] [100%] Built target PylonCameraNode
[3.236s] Invoked command in '/home/david/yolocpp_ws/build/pylon_instant_camera' returned '0': CMAKE_PREFIX_PATH=/opt/ros/humble PROMPT_COMMAND=echo -n \[$(date +%H:%M:%S)\]\ /home/david/.local/bin/cmake --build /home/david/yolocpp_ws/build/pylon_instant_camera -- -j32 -l32
[3.237s] Invoking command in '/home/david/yolocpp_ws/build/pylon_instant_camera': CMAKE_PREFIX_PATH=/opt/ros/humble PROMPT_COMMAND=echo -n \[$(date +%H:%M:%S)\]\ /home/david/.local/bin/cmake --install /home/david/yolocpp_ws/build/pylon_instant_camera
[3.264s] -- Install configuration: ""
[3.264s] -- Installing: /home/david/yolocpp_ws/install/pylon_instant_camera/lib/pylon_instant_camera/node
[3.265s] -- Set runtime path of "/home/david/yolocpp_ws/install/pylon_instant_camera/lib/pylon_instant_camera/node" to ""
[3.265s] -- Installing: /home/david/yolocpp_ws/install/pylon_instant_camera/lib/libPylonCameraNode.so
[3.265s] -- Set runtime path of "/home/david/yolocpp_ws/install/pylon_instant_camera/lib/libPylonCameraNode.so" to ""
[3.265s] -- Installing: /home/david/yolocpp_ws/install/pylon_instant_camera/share/ament_index/resource_index/package_run_dependencies/pylon_instant_camera
[3.265s] -- Installing: /home/david/yolocpp_ws/install/pylon_instant_camera/share/ament_index/resource_index/parent_prefix_path/pylon_instant_camera
[3.265s] -- Installing: /home/david/yolocpp_ws/install/pylon_instant_camera/share/pylon_instant_camera/environment/ament_prefix_path.sh
[3.265s] -- Installing: /home/david/yolocpp_ws/install/pylon_instant_camera/share/pylon_instant_camera/environment/ament_prefix_path.dsv
[3.266s] -- Installing: /home/david/yolocpp_ws/install/pylon_instant_camera/share/pylon_instant_camera/environment/path.sh
[3.266s] -- Installing: /home/david/yolocpp_ws/install/pylon_instant_camera/share/pylon_instant_camera/environment/path.dsv
[3.266s] -- Installing: /home/david/yolocpp_ws/install/pylon_instant_camera/share/pylon_instant_camera/local_setup.bash
[3.266s] -- Installing: /home/david/yolocpp_ws/install/pylon_instant_camera/share/pylon_instant_camera/local_setup.sh
[3.266s] -- Installing: /home/david/yolocpp_ws/install/pylon_instant_camera/share/pylon_instant_camera/local_setup.zsh
[3.266s] -- Installing: /home/david/yolocpp_ws/install/pylon_instant_camera/share/pylon_instant_camera/local_setup.dsv
[3.266s] -- Installing: /home/david/yolocpp_ws/install/pylon_instant_camera/share/pylon_instant_camera/package.dsv
[3.266s] -- Installing: /home/david/yolocpp_ws/install/pylon_instant_camera/share/ament_index/resource_index/packages/pylon_instant_camera
[3.266s] -- Installing: /home/david/yolocpp_ws/install/pylon_instant_camera/share/ament_index/resource_index/rclcpp_components/pylon_instant_camera
[3.266s] -- Installing: /home/david/yolocpp_ws/install/pylon_instant_camera/share/pylon_instant_camera/cmake/pylon_instant_cameraConfig.cmake
[3.266s] -- Installing: /home/david/yolocpp_ws/install/pylon_instant_camera/share/pylon_instant_camera/cmake/pylon_instant_cameraConfig-version.cmake
[3.266s] -- Installing: /home/david/yolocpp_ws/install/pylon_instant_camera/share/pylon_instant_camera/package.xml
[3.270s] Invoked command in '/home/david/yolocpp_ws/build/pylon_instant_camera' returned '0': CMAKE_PREFIX_PATH=/opt/ros/humble PROMPT_COMMAND=echo -n \[$(date +%H:%M:%S)\]\ /home/david/.local/bin/cmake --install /home/david/yolocpp_ws/build/pylon_instant_camera
