[0.378s] Invoking command in '/home/david/yolocpp_ws/build/monitor_tutorial': CMAKE_PREFIX_PATH=${CMAKE_PREFIX_PATH}:/opt/ros/humble PROMPT_COMMAND=echo -n \[$(date +%H:%M:%S)\]\ /home/david/.local/bin/cmake /home/david/yolocpp_ws/vulcanexus/code/monitor_tutorial -DTRT_PATH=/usr -DCMAKE_CUDA_ARCHITECTURES=89 -DCMAKE_CUDA_COMPILER=/usr/local/cuda-12.9/bin/nvcc -DCMAKE_INSTALL_PREFIX=/home/david/yolocpp_ws/install/monitor_tutorial
[0.428s] -- The C compiler identification is GNU 11.4.0
[0.470s] -- The CXX compiler identification is GNU 11.4.0
[0.478s] -- Detecting C compiler ABI info
[0.514s] -- Detecting C compiler ABI info - done
[0.519s] -- Check for working C compiler: /usr/bin/cc - skipped
[0.519s] -- Detecting C compile features
[0.519s] -- Detecting C compile features - done
[0.521s] -- Detecting CXX compiler ABI info
[0.564s] -- Detecting CXX compiler ABI info - done
[0.568s] -- Check for working CXX compiler: /usr/bin/c++ - skipped
[0.569s] -- Detecting CXX compile features
[0.569s] -- Detecting CXX compile features - done
[0.571s] -- Found ament_cmake: 1.3.11 (/opt/ros/humble/share/ament_cmake/cmake)
[0.650s] -- Found Python3: /usr/bin/python3 (found version "3.10.12") found components: Interpreter 
[0.753s] -- Found OpenSSL: /usr/lib/x86_64-linux-gnu/libcrypto.so (found version "3.0.2")  
[0.755s] -- Found ament_lint_auto: 0.12.12 (/opt/ros/humble/share/ament_lint_auto/cmake)
[0.817s] -- Added test 'cppcheck' to perform static code analysis on C / C++ code
[0.817s] -- Configured cppcheck include dirs: 
[0.817s] -- Configured cppcheck exclude dirs and/or files: 
[0.817s] -- Added test 'lint_cmake' to check CMake code style
[0.818s] -- Added test 'uncrustify' to check C / C++ code style
[0.818s] -- Configured uncrustify additional arguments: 
[0.819s] -- Added test 'xmllint' to check XML markup files
[0.820s] -- Configuring done
[0.822s] -- Generating done
[0.823s] [33mCMake Warning:
[0.823s]   Manually-specified variables were not used by the project:
[0.823s] 
[0.823s]     CMAKE_CUDA_COMPILER
[0.823s]     TRT_PATH
[0.823s] 
[0.823s] [0m
[0.824s] -- Build files have been written to: /home/david/yolocpp_ws/build/monitor_tutorial
[0.829s] Invoked command in '/home/david/yolocpp_ws/build/monitor_tutorial' returned '0': CMAKE_PREFIX_PATH=${CMAKE_PREFIX_PATH}:/opt/ros/humble PROMPT_COMMAND=echo -n \[$(date +%H:%M:%S)\]\ /home/david/.local/bin/cmake /home/david/yolocpp_ws/vulcanexus/code/monitor_tutorial -DTRT_PATH=/usr -DCMAKE_CUDA_ARCHITECTURES=89 -DCMAKE_CUDA_COMPILER=/usr/local/cuda-12.9/bin/nvcc -DCMAKE_INSTALL_PREFIX=/home/david/yolocpp_ws/install/monitor_tutorial
[0.831s] Invoking command in '/home/david/yolocpp_ws/build/monitor_tutorial': CMAKE_PREFIX_PATH=${CMAKE_PREFIX_PATH}:/opt/ros/humble PROMPT_COMMAND=echo -n \[$(date +%H:%M:%S)\]\ /home/david/.local/bin/cmake --build /home/david/yolocpp_ws/build/monitor_tutorial -- -j32 -l32
[0.861s] [ 50%] [32mBuilding CXX object CMakeFiles/monitor_tutorial.dir/src/monitor.cpp.o[0m
[1.738s] [100%] [32m[1mLinking CXX executable monitor_tutorial[0m
[1.851s] [100%] Built target monitor_tutorial
[1.858s] Invoked command in '/home/david/yolocpp_ws/build/monitor_tutorial' returned '0': CMAKE_PREFIX_PATH=${CMAKE_PREFIX_PATH}:/opt/ros/humble PROMPT_COMMAND=echo -n \[$(date +%H:%M:%S)\]\ /home/david/.local/bin/cmake --build /home/david/yolocpp_ws/build/monitor_tutorial -- -j32 -l32
[1.859s] Invoking command in '/home/david/yolocpp_ws/build/monitor_tutorial': CMAKE_PREFIX_PATH=${CMAKE_PREFIX_PATH}:/opt/ros/humble PROMPT_COMMAND=echo -n \[$(date +%H:%M:%S)\]\ /home/david/.local/bin/cmake --install /home/david/yolocpp_ws/build/monitor_tutorial
[1.886s] -- Install configuration: ""
[1.886s] -- Installing: /home/david/yolocpp_ws/install/monitor_tutorial/lib/monitor_tutorial/monitor_tutorial
[1.886s] -- Set runtime path of "/home/david/yolocpp_ws/install/monitor_tutorial/lib/monitor_tutorial/monitor_tutorial" to ""
[1.887s] -- Installing: /home/david/yolocpp_ws/install/monitor_tutorial/share/ament_index/resource_index/package_run_dependencies/monitor_tutorial
[1.887s] -- Installing: /home/david/yolocpp_ws/install/monitor_tutorial/share/ament_index/resource_index/parent_prefix_path/monitor_tutorial
[1.887s] -- Installing: /home/david/yolocpp_ws/install/monitor_tutorial/share/monitor_tutorial/environment/ament_prefix_path.sh
[1.887s] -- Installing: /home/david/yolocpp_ws/install/monitor_tutorial/share/monitor_tutorial/environment/ament_prefix_path.dsv
[1.887s] -- Installing: /home/david/yolocpp_ws/install/monitor_tutorial/share/monitor_tutorial/environment/path.sh
[1.888s] -- Installing: /home/david/yolocpp_ws/install/monitor_tutorial/share/monitor_tutorial/environment/path.dsv
[1.888s] -- Installing: /home/david/yolocpp_ws/install/monitor_tutorial/share/monitor_tutorial/local_setup.bash
[1.888s] -- Installing: /home/david/yolocpp_ws/install/monitor_tutorial/share/monitor_tutorial/local_setup.sh
[1.888s] -- Installing: /home/david/yolocpp_ws/install/monitor_tutorial/share/monitor_tutorial/local_setup.zsh
[1.888s] -- Installing: /home/david/yolocpp_ws/install/monitor_tutorial/share/monitor_tutorial/local_setup.dsv
[1.888s] -- Installing: /home/david/yolocpp_ws/install/monitor_tutorial/share/monitor_tutorial/package.dsv
[1.888s] -- Installing: /home/david/yolocpp_ws/install/monitor_tutorial/share/ament_index/resource_index/packages/monitor_tutorial
[1.888s] -- Installing: /home/david/yolocpp_ws/install/monitor_tutorial/share/monitor_tutorial/cmake/monitor_tutorialConfig.cmake
[1.888s] -- Installing: /home/david/yolocpp_ws/install/monitor_tutorial/share/monitor_tutorial/cmake/monitor_tutorialConfig-version.cmake
[1.888s] -- Installing: /home/david/yolocpp_ws/install/monitor_tutorial/share/monitor_tutorial/package.xml
[1.893s] Invoked command in '/home/david/yolocpp_ws/build/monitor_tutorial' returned '0': CMAKE_PREFIX_PATH=${CMAKE_PREFIX_PATH}:/opt/ros/humble PROMPT_COMMAND=echo -n \[$(date +%H:%M:%S)\]\ /home/david/.local/bin/cmake --install /home/david/yolocpp_ws/build/monitor_tutorial
