[0.028s] Invoking command in '/home/david/yolocpp_ws/build/pylon_instant_camera': CMAKE_PREFIX_PATH=${CMAKE_PREFIX_PATH}:/home/david/yolopy_ws/install/yolopy:/opt/ros/humble PROMPT_COMMAND=echo -n \[$(date +%H:%M:%S)\]\ /home/david/.local/bin/cmake /home/david/yolocpp_ws/src/pylon_instant_camera-ros2 -DCMAKE_INSTALL_PREFIX=/home/david/yolocpp_ws/install/pylon_instant_camera
[0.080s] -- Found ament_cmake: 1.3.11 (/opt/ros/humble/share/ament_cmake/cmake)
[0.218s] -- Found rclcpp: 16.0.12 (/opt/ros/humble/share/rclcpp/cmake)
[0.265s] -- Found rosidl_generator_c: 3.1.6 (/opt/ros/humble/share/rosidl_generator_c/cmake)
[0.269s] -- Found rosidl_adapter: 3.1.6 (/opt/ros/humble/share/rosidl_adapter/cmake)
[0.277s] -- Found rosidl_generator_cpp: 3.1.6 (/opt/ros/humble/share/rosidl_generator_cpp/cmake)
[0.294s] -- Using all available rosidl_typesupport_c: rosidl_typesupport_fastrtps_c;rosidl_typesupport_introspection_c
[0.315s] -- Using all available rosidl_typesupport_cpp: rosidl_typesupport_fastrtps_cpp;rosidl_typesupport_introspection_cpp
[0.368s] -- Found rmw_implementation_cmake: 6.1.2 (/opt/ros/humble/share/rmw_implementation_cmake/cmake)
[0.371s] -- Found rmw_fastrtps_cpp: 6.2.7 (/opt/ros/humble/share/rmw_fastrtps_cpp/cmake)
[0.510s] -- Using RMW implementation 'rmw_fastrtps_cpp' as default
[0.575s] -- Found rclcpp_components: 16.0.12 (/opt/ros/humble/share/rclcpp_components/cmake)
[0.598s] -- Found image_transport: 3.1.11 (/opt/ros/humble/share/image_transport/cmake)
[0.662s] -- Found camera_calibration_parsers: 3.1.11 (/opt/ros/humble/share/camera_calibration_parsers/cmake)
[0.766s] -- Configuring done
[0.784s] -- Generating done
[0.794s] -- Build files have been written to: /home/david/yolocpp_ws/build/pylon_instant_camera
[0.811s] Invoked command in '/home/david/yolocpp_ws/build/pylon_instant_camera' returned '0': CMAKE_PREFIX_PATH=${CMAKE_PREFIX_PATH}:/home/david/yolopy_ws/install/yolopy:/opt/ros/humble PROMPT_COMMAND=echo -n \[$(date +%H:%M:%S)\]\ /home/david/.local/bin/cmake /home/david/yolocpp_ws/src/pylon_instant_camera-ros2 -DCMAKE_INSTALL_PREFIX=/home/david/yolocpp_ws/install/pylon_instant_camera
[0.812s] Invoking command in '/home/david/yolocpp_ws/build/pylon_instant_camera': CMAKE_PREFIX_PATH=${CMAKE_PREFIX_PATH}:/home/david/yolopy_ws/install/yolopy:/opt/ros/humble PROMPT_COMMAND=echo -n \[$(date +%H:%M:%S)\]\ /home/david/.local/bin/cmake --build /home/david/yolocpp_ws/build/pylon_instant_camera -- -j32 -l32
[0.902s] [ 50%] Built target node
[0.904s] [100%] Built target PylonCameraNode
[0.917s] Invoked command in '/home/david/yolocpp_ws/build/pylon_instant_camera' returned '0': CMAKE_PREFIX_PATH=${CMAKE_PREFIX_PATH}:/home/david/yolopy_ws/install/yolopy:/opt/ros/humble PROMPT_COMMAND=echo -n \[$(date +%H:%M:%S)\]\ /home/david/.local/bin/cmake --build /home/david/yolocpp_ws/build/pylon_instant_camera -- -j32 -l32
[0.919s] Invoking command in '/home/david/yolocpp_ws/build/pylon_instant_camera': CMAKE_PREFIX_PATH=${CMAKE_PREFIX_PATH}:/home/david/yolopy_ws/install/yolopy:/opt/ros/humble PROMPT_COMMAND=echo -n \[$(date +%H:%M:%S)\]\ /home/david/.local/bin/cmake --install /home/david/yolocpp_ws/build/pylon_instant_camera
[0.961s] -- Install configuration: ""
[0.961s] -- Up-to-date: /home/david/yolocpp_ws/install/pylon_instant_camera/lib/pylon_instant_camera/node
[0.962s] -- Up-to-date: /home/david/yolocpp_ws/install/pylon_instant_camera/lib/libPylonCameraNode.so
[0.962s] -- Up-to-date: /home/david/yolocpp_ws/install/pylon_instant_camera/share/ament_index/resource_index/package_run_dependencies/pylon_instant_camera
[0.962s] -- Up-to-date: /home/david/yolocpp_ws/install/pylon_instant_camera/share/ament_index/resource_index/parent_prefix_path/pylon_instant_camera
[0.962s] -- Up-to-date: /home/david/yolocpp_ws/install/pylon_instant_camera/share/pylon_instant_camera/environment/ament_prefix_path.sh
[0.962s] -- Installing: /home/david/yolocpp_ws/install/pylon_instant_camera/share/pylon_instant_camera/environment/ament_prefix_path.dsv
[0.962s] -- Up-to-date: /home/david/yolocpp_ws/install/pylon_instant_camera/share/pylon_instant_camera/environment/path.sh
[0.963s] -- Installing: /home/david/yolocpp_ws/install/pylon_instant_camera/share/pylon_instant_camera/environment/path.dsv
[0.963s] -- Up-to-date: /home/david/yolocpp_ws/install/pylon_instant_camera/share/pylon_instant_camera/local_setup.bash
[0.963s] -- Up-to-date: /home/david/yolocpp_ws/install/pylon_instant_camera/share/pylon_instant_camera/local_setup.sh
[0.963s] -- Up-to-date: /home/david/yolocpp_ws/install/pylon_instant_camera/share/pylon_instant_camera/local_setup.zsh
[0.963s] -- Installing: /home/david/yolocpp_ws/install/pylon_instant_camera/share/pylon_instant_camera/local_setup.dsv
[0.963s] -- Installing: /home/david/yolocpp_ws/install/pylon_instant_camera/share/pylon_instant_camera/package.dsv
[0.963s] -- Up-to-date: /home/david/yolocpp_ws/install/pylon_instant_camera/share/ament_index/resource_index/packages/pylon_instant_camera
[0.963s] -- Up-to-date: /home/david/yolocpp_ws/install/pylon_instant_camera/share/ament_index/resource_index/rclcpp_components/pylon_instant_camera
[0.964s] -- Up-to-date: /home/david/yolocpp_ws/install/pylon_instant_camera/share/pylon_instant_camera/cmake/pylon_instant_cameraConfig.cmake
[0.964s] -- Up-to-date: /home/david/yolocpp_ws/install/pylon_instant_camera/share/pylon_instant_camera/cmake/pylon_instant_cameraConfig-version.cmake
[0.964s] -- Up-to-date: /home/david/yolocpp_ws/install/pylon_instant_camera/share/pylon_instant_camera/package.xml
[0.970s] Invoked command in '/home/david/yolocpp_ws/build/pylon_instant_camera' returned '0': CMAKE_PREFIX_PATH=${CMAKE_PREFIX_PATH}:/home/david/yolopy_ws/install/yolopy:/opt/ros/humble PROMPT_COMMAND=echo -n \[$(date +%H:%M:%S)\]\ /home/david/.local/bin/cmake --install /home/david/yolocpp_ws/build/pylon_instant_camera
