[ 33%] Built target chrono
[35m[1mConsolidate compiler generated dependencies of target seg_sub_yolo_node[0m
[ 66%] Built target seg_sub_pid_node
[ 83%] [32mBuilding CXX object CMakeFiles/seg_sub_yolo_node.dir/src/seg_sub_yolo.cpp.o[0m
[01m[K/home/david/yolocpp_ws/src/seg_sub/src/seg_sub_yolo.cpp:[m[K In member function ‘[01m[Kcv::Mat FrequencySubscriber::create_colored_mask(const cv::Mat&, const std::vector<float>&, const std::vector<unsigned char, std::allocator<unsigned char> >&, const string&)[m[K’:
[01m[K/home/david/yolocpp_ws/src/seg_sub/src/seg_sub_yolo.cpp:847:94:[m[K [01;35m[Kwarning: [m[Kunused parameter ‘[01m[Kscores[m[K’ [[01;35m[K]8;;https://gcc.gnu.org/onlinedocs/gcc/Warning-Options.html#index-Wunused-parameter-Wunused-parameter]8;;[m[K]
  847 | Mat create_colored_mask(const cv::Mat& instance_id_mask, [01;35m[Kconst std::vector<float_t>& scores[m[K, const std::vector<uint8_t>& classes, const std::string &camera_id)
      |                                                          [01;35m[K~~~~~~~~~~~~~~~~~~~~~~~~~~~~^~~~~~[m[K

[100%] [32m[1mLinking CXX executable seg_sub_yolo_node[0m
[100%] Built target seg_sub_yolo_node
-- Install configuration: ""
-- Up-to-date: /home/david/yolocpp_ws/install/seg_sub/lib/seg_sub/libchrono.so
-- Installing: /home/david/yolocpp_ws/install/seg_sub/lib/seg_sub/seg_sub_yolo_node
-- Set runtime path of "/home/david/yolocpp_ws/install/seg_sub/lib/seg_sub/seg_sub_yolo_node" to ""
-- Installing: /home/david/yolocpp_ws/install/seg_sub/lib/seg_sub/seg_sub_pid_node
-- Set runtime path of "/home/david/yolocpp_ws/install/seg_sub/lib/seg_sub/seg_sub_pid_node" to ""
-- Up-to-date: /home/david/yolocpp_ws/install/seg_sub/share/seg_sub/launch
-- Up-to-date: /home/david/yolocpp_ws/install/seg_sub/share/seg_sub/launch/seg_sub_pid.launch.py
-- Up-to-date: /home/david/yolocpp_ws/install/seg_sub/share/seg_sub/launch/seg_sub_yolo.launch.py
-- Up-to-date: /home/david/yolocpp_ws/install/seg_sub/share/seg_sub/include
-- Up-to-date: /home/david/yolocpp_ws/install/seg_sub/share/seg_sub/include/chrono
-- Up-to-date: /home/david/yolocpp_ws/install/seg_sub/share/seg_sub/include/chrono/ChronoTimer.hpp
-- Up-to-date: /home/david/yolocpp_ws/install/seg_sub/share/seg_sub/include/chrono/ChronoTimer.cpp
-- Up-to-date: /home/david/yolocpp_ws/install/seg_sub/share/ament_index/resource_index/package_run_dependencies/seg_sub
-- Up-to-date: /home/david/yolocpp_ws/install/seg_sub/share/ament_index/resource_index/parent_prefix_path/seg_sub
-- Up-to-date: /home/david/yolocpp_ws/install/seg_sub/share/seg_sub/environment/ament_prefix_path.sh
-- Up-to-date: /home/david/yolocpp_ws/install/seg_sub/share/seg_sub/environment/ament_prefix_path.dsv
-- Up-to-date: /home/david/yolocpp_ws/install/seg_sub/share/seg_sub/environment/path.sh
-- Up-to-date: /home/david/yolocpp_ws/install/seg_sub/share/seg_sub/environment/path.dsv
-- Up-to-date: /home/david/yolocpp_ws/install/seg_sub/share/seg_sub/local_setup.bash
-- Up-to-date: /home/david/yolocpp_ws/install/seg_sub/share/seg_sub/local_setup.sh
-- Up-to-date: /home/david/yolocpp_ws/install/seg_sub/share/seg_sub/local_setup.zsh
-- Up-to-date: /home/david/yolocpp_ws/install/seg_sub/share/seg_sub/local_setup.dsv
-- Installing: /home/david/yolocpp_ws/install/seg_sub/share/seg_sub/package.dsv
-- Up-to-date: /home/david/yolocpp_ws/install/seg_sub/share/ament_index/resource_index/packages/seg_sub
-- Up-to-date: /home/david/yolocpp_ws/install/seg_sub/share/seg_sub/cmake/seg_subConfig.cmake
-- Up-to-date: /home/david/yolocpp_ws/install/seg_sub/share/seg_sub/cmake/seg_subConfig-version.cmake
-- Up-to-date: /home/david/yolocpp_ws/install/seg_sub/share/seg_sub/package.xml
