[0.006s] Invoking command in '/home/david/yolocpp_ws/build/seg_sub': AMENT_PREFIX_PATH=/home/david/yolocpp_ws/install/yolo_custom_interfaces:${AMENT_PREFIX_PATH} CMAKE_PREFIX_PATH=/home/david/yolocpp_ws/install/yolo_custom_interfaces:/opt/ros/humble LD_LIBRARY_PATH=/home/david/yolocpp_ws/install/yolo_custom_interfaces/lib:/usr/local/cuda-12.9/lib64:/usr/local/cuda-12.9/lib64:/opt/pylon/lib:/opt/ros/humble/opt/rviz_ogre_vendor/lib:/opt/ros/humble/lib/x86_64-linux-gnu:/opt/ros/humble/lib:/usr/local/cuda/lib64:/usr/local/cuda-11.2/lib64:/usr/local/cuda-11.2/lib64:/home/david/onnxruntime-linux-x64-gpu-1.22.0/lib PROMPT_COMMAND=echo -n \[$(date +%H:%M:%S)\]\ PYTHONPATH=/home/david/yolocpp_ws/install/yolo_custom_interfaces/local/lib/python3.10/dist-packages:${PYTHONPATH} /home/david/.local/bin/cmake --build /home/david/yolocpp_ws/build/seg_sub -- -j32 -l32
[0.058s] [ 33%] Built target chrono
[0.067s] [35m[1mConsolidate compiler generated dependencies of target seg_sub_yolo_node[0m
[0.076s] [ 66%] Built target seg_sub_pid_node
[0.078s] [100%] Built target seg_sub_yolo_node
[0.088s] Invoked command in '/home/david/yolocpp_ws/build/seg_sub' returned '0': AMENT_PREFIX_PATH=/home/david/yolocpp_ws/install/yolo_custom_interfaces:${AMENT_PREFIX_PATH} CMAKE_PREFIX_PATH=/home/david/yolocpp_ws/install/yolo_custom_interfaces:/opt/ros/humble LD_LIBRARY_PATH=/home/david/yolocpp_ws/install/yolo_custom_interfaces/lib:/usr/local/cuda-12.9/lib64:/usr/local/cuda-12.9/lib64:/opt/pylon/lib:/opt/ros/humble/opt/rviz_ogre_vendor/lib:/opt/ros/humble/lib/x86_64-linux-gnu:/opt/ros/humble/lib:/usr/local/cuda/lib64:/usr/local/cuda-11.2/lib64:/usr/local/cuda-11.2/lib64:/home/david/onnxruntime-linux-x64-gpu-1.22.0/lib PROMPT_COMMAND=echo -n \[$(date +%H:%M:%S)\]\ PYTHONPATH=/home/david/yolocpp_ws/install/yolo_custom_interfaces/local/lib/python3.10/dist-packages:${PYTHONPATH} /home/david/.local/bin/cmake --build /home/david/yolocpp_ws/build/seg_sub -- -j32 -l32
[0.088s] Invoking command in '/home/david/yolocpp_ws/build/seg_sub': AMENT_PREFIX_PATH=/home/david/yolocpp_ws/install/yolo_custom_interfaces:${AMENT_PREFIX_PATH} CMAKE_PREFIX_PATH=/home/david/yolocpp_ws/install/yolo_custom_interfaces:/opt/ros/humble LD_LIBRARY_PATH=/home/david/yolocpp_ws/install/yolo_custom_interfaces/lib:/usr/local/cuda-12.9/lib64:/usr/local/cuda-12.9/lib64:/opt/pylon/lib:/opt/ros/humble/opt/rviz_ogre_vendor/lib:/opt/ros/humble/lib/x86_64-linux-gnu:/opt/ros/humble/lib:/usr/local/cuda/lib64:/usr/local/cuda-11.2/lib64:/usr/local/cuda-11.2/lib64:/home/david/onnxruntime-linux-x64-gpu-1.22.0/lib PROMPT_COMMAND=echo -n \[$(date +%H:%M:%S)\]\ PYTHONPATH=/home/david/yolocpp_ws/install/yolo_custom_interfaces/local/lib/python3.10/dist-packages:${PYTHONPATH} /home/david/.local/bin/cmake --install /home/david/yolocpp_ws/build/seg_sub
[0.106s] -- Install configuration: ""
[0.106s] -- Up-to-date: /home/david/yolocpp_ws/install/seg_sub/lib/seg_sub/libchrono.so
[0.106s] -- Up-to-date: /home/david/yolocpp_ws/install/seg_sub/lib/seg_sub/seg_sub_yolo_node
[0.106s] -- Up-to-date: /home/david/yolocpp_ws/install/seg_sub/lib/seg_sub/seg_sub_pid_node
[0.106s] -- Up-to-date: /home/david/yolocpp_ws/install/seg_sub/share/seg_sub/launch
[0.106s] -- Up-to-date: /home/david/yolocpp_ws/install/seg_sub/share/seg_sub/launch/seg_sub_pid.launch.py
[0.106s] -- Up-to-date: /home/david/yolocpp_ws/install/seg_sub/share/seg_sub/launch/seg_sub_yolo.launch.py
[0.106s] -- Up-to-date: /home/david/yolocpp_ws/install/seg_sub/share/seg_sub/include
[0.106s] -- Up-to-date: /home/david/yolocpp_ws/install/seg_sub/share/seg_sub/include/chrono
[0.106s] -- Up-to-date: /home/david/yolocpp_ws/install/seg_sub/share/seg_sub/include/chrono/ChronoTimer.hpp
[0.106s] -- Up-to-date: /home/david/yolocpp_ws/install/seg_sub/share/seg_sub/include/chrono/ChronoTimer.cpp
[0.106s] -- Up-to-date: /home/david/yolocpp_ws/install/seg_sub/share/ament_index/resource_index/package_run_dependencies/seg_sub
[0.106s] -- Up-to-date: /home/david/yolocpp_ws/install/seg_sub/share/ament_index/resource_index/parent_prefix_path/seg_sub
[0.106s] -- Up-to-date: /home/david/yolocpp_ws/install/seg_sub/share/seg_sub/environment/ament_prefix_path.sh
[0.106s] -- Up-to-date: /home/david/yolocpp_ws/install/seg_sub/share/seg_sub/environment/ament_prefix_path.dsv
[0.106s] -- Up-to-date: /home/david/yolocpp_ws/install/seg_sub/share/seg_sub/environment/path.sh
[0.106s] -- Up-to-date: /home/david/yolocpp_ws/install/seg_sub/share/seg_sub/environment/path.dsv
[0.106s] -- Up-to-date: /home/david/yolocpp_ws/install/seg_sub/share/seg_sub/local_setup.bash
[0.106s] -- Up-to-date: /home/david/yolocpp_ws/install/seg_sub/share/seg_sub/local_setup.sh
[0.106s] -- Up-to-date: /home/david/yolocpp_ws/install/seg_sub/share/seg_sub/local_setup.zsh
[0.106s] -- Up-to-date: /home/david/yolocpp_ws/install/seg_sub/share/seg_sub/local_setup.dsv
[0.106s] -- Installing: /home/david/yolocpp_ws/install/seg_sub/share/seg_sub/package.dsv
[0.106s] -- Up-to-date: /home/david/yolocpp_ws/install/seg_sub/share/ament_index/resource_index/packages/seg_sub
[0.106s] -- Up-to-date: /home/david/yolocpp_ws/install/seg_sub/share/seg_sub/cmake/seg_subConfig.cmake
[0.106s] -- Up-to-date: /home/david/yolocpp_ws/install/seg_sub/share/seg_sub/cmake/seg_subConfig-version.cmake
[0.106s] -- Up-to-date: /home/david/yolocpp_ws/install/seg_sub/share/seg_sub/package.xml
[0.116s] Invoked command in '/home/david/yolocpp_ws/build/seg_sub' returned '0': AMENT_PREFIX_PATH=/home/david/yolocpp_ws/install/yolo_custom_interfaces:${AMENT_PREFIX_PATH} CMAKE_PREFIX_PATH=/home/david/yolocpp_ws/install/yolo_custom_interfaces:/opt/ros/humble LD_LIBRARY_PATH=/home/david/yolocpp_ws/install/yolo_custom_interfaces/lib:/usr/local/cuda-12.9/lib64:/usr/local/cuda-12.9/lib64:/opt/pylon/lib:/opt/ros/humble/opt/rviz_ogre_vendor/lib:/opt/ros/humble/lib/x86_64-linux-gnu:/opt/ros/humble/lib:/usr/local/cuda/lib64:/usr/local/cuda-11.2/lib64:/usr/local/cuda-11.2/lib64:/home/david/onnxruntime-linux-x64-gpu-1.22.0/lib PROMPT_COMMAND=echo -n \[$(date +%H:%M:%S)\]\ PYTHONPATH=/home/david/yolocpp_ws/install/yolo_custom_interfaces/local/lib/python3.10/dist-packages:${PYTHONPATH} /home/david/.local/bin/cmake --install /home/david/yolocpp_ws/build/seg_sub
