[0.015s] Invoking command in '/home/david/yolocpp_ws/build/tensorrt_yolo': CMAKE_PREFIX_PATH=/home/david/yolocpp_ws/install/yolo_custom_interfaces:/home/david/yolocpp_ws/install/yolocpp:/home/david/yolocpp_ws/install/tensorrt_yolo:/home/david/yolocpp_ws/install/seg_sub:/home/david/yolocpp_ws/install/sensor_sync_pkg:/home/david/yolocpp_ws/install/pylon_instant_camera:/home/david/yolocpp_ws/install/pidnet_segmentation_cpp:/home/david/yolocpp_ws/install/image_directory_publisher:/home/david/yolocpp_ws/install/bboxes_ex_msgs:/opt/ros/humble LD_LIBRARY_PATH=/home/david/yolocpp_ws/install/yolo_custom_interfaces/lib:/home/david/yolocpp_ws/install/tensorrt_yolo/lib:/home/david/yolocpp_ws/install/pylon_instant_camera/lib:/home/david/yolocpp_ws/install/image_directory_publisher/lib:/home/david/yolocpp_ws/install/bboxes_ex_msgs/lib:/usr/local/cuda/lib64:/usr/local/cuda-12.9/lib64:/usr/local/cuda-12.9/lib64:/usr/local/cuda-12.9/lib64:/usr/local/cuda-12.9/lib64:/usr/local/cuda-12.9/lib64:/opt/pylon/lib:/opt/ros/humble/opt/rviz_ogre_vendor/lib:/opt/ros/humble/lib/x86_64-linux-gnu:/opt/ros/humble/lib:/usr/local/cuda/lib64:/usr/local/cuda-11.2/lib64:/usr/local/cuda-11.2/lib64:/home/david/onnxruntime-linux-x64-gpu-1.22.0/lib PROMPT_COMMAND=echo -n \[$(date +%H:%M:%S)\]\ /bin/cmake --build /home/david/yolocpp_ws/build/tensorrt_yolo -- -j32 -l32
[0.040s] -- Found ament_cmake: 1.3.11 (/opt/ros/humble/share/ament_cmake/cmake)
[0.128s] -- Found rclcpp: 16.0.12 (/opt/ros/humble/share/rclcpp/cmake)
[0.144s] -- Found rosidl_generator_c: 3.1.6 (/opt/ros/humble/share/rosidl_generator_c/cmake)
[0.146s] -- Found rosidl_adapter: 3.1.6 (/opt/ros/humble/share/rosidl_adapter/cmake)
[0.149s] -- Found rosidl_generator_cpp: 3.1.6 (/opt/ros/humble/share/rosidl_generator_cpp/cmake)
[0.155s] -- Using all available rosidl_typesupport_c: rosidl_typesupport_fastrtps_c;rosidl_typesupport_introspection_c
[0.163s] -- Using all available rosidl_typesupport_cpp: rosidl_typesupport_fastrtps_cpp;rosidl_typesupport_introspection_cpp
[0.183s] -- Found rmw_implementation_cmake: 6.1.2 (/opt/ros/humble/share/rmw_implementation_cmake/cmake)
[0.183s] -- Found rmw_fastrtps_cpp: 6.2.7 (/opt/ros/humble/share/rmw_fastrtps_cpp/cmake)
[0.244s] -- Using RMW implementation 'rmw_fastrtps_cpp' as default
[0.282s] -- Found rosidl_default_generators: 1.2.0 (/opt/ros/humble/share/rosidl_default_generators/cmake)
[0.286s] -- Found sensor_msgs: 4.9.0 (/opt/ros/humble/share/sensor_msgs/cmake)
[0.301s] -- Found cv_bridge: 3.2.1 (/opt/ros/humble/share/cv_bridge/cmake)
[0.302s] -- Found yolo_custom_interfaces: 0.0.0 (/home/david/yolocpp_ws/install/yolo_custom_interfaces/share/yolo_custom_interfaces/cmake)
[0.312s] -- Found image_transport: 3.1.12 (/opt/ros/humble/share/image_transport/cmake)
[0.323s] -- Found image_transport_plugins: 2.5.3 (/opt/ros/humble/share/image_transport_plugins/cmake)
[0.323s] -- Found rclcpp_components: 16.0.12 (/opt/ros/humble/share/rclcpp_components/cmake)
[0.331s] -- Using TRT_PATH: /usr
[0.331s] -- TensorRT libraries to link: nvinfer;nvinfer_plugin;nvonnxparser
[0.331s] -- Source files for 'deploy': /home/david/yolocpp_ws/src/TensorRT-YOLO/include/deploy/core/buffer.cpp;/home/david/yolocpp_ws/src/TensorRT-YOLO/include/deploy/core/core.cpp;/home/david/yolocpp_ws/src/TensorRT-YOLO/include/deploy/infer/backend.cpp;/home/david/yolocpp_ws/src/TensorRT-YOLO/include/deploy/infer/warpaffine.cu;/home/david/yolocpp_ws/src/TensorRT-YOLO/include/deploy/model.cpp;/home/david/yolocpp_ws/src/TensorRT-YOLO/include/deploy/utils/utils.cpp
[0.331s] -- Plugin directory or its CMakeLists.txt not found at /home/david/yolocpp_ws/src/TensorRT-YOLO/include/plugin, skipping custom_plugins build.
[0.334s] [33mCMake Warning at CMakeLists.txt:344 (message):
[0.334s]   custom_plugins target does not exist.  segment_node_3P will not be linked
[0.335s]   against it.
[0.335s] 
[0.335s] [0m
[0.380s] -- Configuring done
[0.390s] -- Generating done
[0.392s] -- Build files have been written to: /home/david/yolocpp_ws/build/tensorrt_yolo
[0.410s] [35m[1mConsolidate compiler generated dependencies of target deploy[0m
[0.410s] [35m[1mConsolidate compiler generated dependencies of target chrono[0m
[0.419s] [ 16%] Built target chrono
[0.421s] [ 83%] Built target deploy
[0.429s] [35m[1mConsolidate compiler generated dependencies of target segment_node_3P[0m
[0.439s] [100%] Built target segment_node_3P
[0.446s] Invoked command in '/home/david/yolocpp_ws/build/tensorrt_yolo' returned '0': CMAKE_PREFIX_PATH=/home/david/yolocpp_ws/install/yolo_custom_interfaces:/home/david/yolocpp_ws/install/yolocpp:/home/david/yolocpp_ws/install/tensorrt_yolo:/home/david/yolocpp_ws/install/seg_sub:/home/david/yolocpp_ws/install/sensor_sync_pkg:/home/david/yolocpp_ws/install/pylon_instant_camera:/home/david/yolocpp_ws/install/pidnet_segmentation_cpp:/home/david/yolocpp_ws/install/image_directory_publisher:/home/david/yolocpp_ws/install/bboxes_ex_msgs:/opt/ros/humble LD_LIBRARY_PATH=/home/david/yolocpp_ws/install/yolo_custom_interfaces/lib:/home/david/yolocpp_ws/install/tensorrt_yolo/lib:/home/david/yolocpp_ws/install/pylon_instant_camera/lib:/home/david/yolocpp_ws/install/image_directory_publisher/lib:/home/david/yolocpp_ws/install/bboxes_ex_msgs/lib:/usr/local/cuda/lib64:/usr/local/cuda-12.9/lib64:/usr/local/cuda-12.9/lib64:/usr/local/cuda-12.9/lib64:/usr/local/cuda-12.9/lib64:/usr/local/cuda-12.9/lib64:/opt/pylon/lib:/opt/ros/humble/opt/rviz_ogre_vendor/lib:/opt/ros/humble/lib/x86_64-linux-gnu:/opt/ros/humble/lib:/usr/local/cuda/lib64:/usr/local/cuda-11.2/lib64:/usr/local/cuda-11.2/lib64:/home/david/onnxruntime-linux-x64-gpu-1.22.0/lib PROMPT_COMMAND=echo -n \[$(date +%H:%M:%S)\]\ /bin/cmake --build /home/david/yolocpp_ws/build/tensorrt_yolo -- -j32 -l32
[0.447s] Invoking command in '/home/david/yolocpp_ws/build/tensorrt_yolo': CMAKE_PREFIX_PATH=/home/david/yolocpp_ws/install/yolo_custom_interfaces:/home/david/yolocpp_ws/install/yolocpp:/home/david/yolocpp_ws/install/tensorrt_yolo:/home/david/yolocpp_ws/install/seg_sub:/home/david/yolocpp_ws/install/sensor_sync_pkg:/home/david/yolocpp_ws/install/pylon_instant_camera:/home/david/yolocpp_ws/install/pidnet_segmentation_cpp:/home/david/yolocpp_ws/install/image_directory_publisher:/home/david/yolocpp_ws/install/bboxes_ex_msgs:/opt/ros/humble LD_LIBRARY_PATH=/home/david/yolocpp_ws/install/yolo_custom_interfaces/lib:/home/david/yolocpp_ws/install/tensorrt_yolo/lib:/home/david/yolocpp_ws/install/pylon_instant_camera/lib:/home/david/yolocpp_ws/install/image_directory_publisher/lib:/home/david/yolocpp_ws/install/bboxes_ex_msgs/lib:/usr/local/cuda/lib64:/usr/local/cuda-12.9/lib64:/usr/local/cuda-12.9/lib64:/usr/local/cuda-12.9/lib64:/usr/local/cuda-12.9/lib64:/usr/local/cuda-12.9/lib64:/opt/pylon/lib:/opt/ros/humble/opt/rviz_ogre_vendor/lib:/opt/ros/humble/lib/x86_64-linux-gnu:/opt/ros/humble/lib:/usr/local/cuda/lib64:/usr/local/cuda-11.2/lib64:/usr/local/cuda-11.2/lib64:/home/david/onnxruntime-linux-x64-gpu-1.22.0/lib PROMPT_COMMAND=echo -n \[$(date +%H:%M:%S)\]\ /bin/cmake --install /home/david/yolocpp_ws/build/tensorrt_yolo
[0.453s] -- Install configuration: ""
[0.453s] -- Up-to-date: /home/david/yolocpp_ws/install/tensorrt_yolo/lib/tensorrt_yolo/libdeploy.so
[0.453s] -- Up-to-date: /home/david/yolocpp_ws/install/tensorrt_yolo/lib/tensorrt_yolo/libchrono.so
[0.454s] -- Up-to-date: /home/david/yolocpp_ws/install/tensorrt_yolo/lib/tensorrt_yolo/segment_node_3P
[0.454s] -- Up-to-date: /home/david/yolocpp_ws/install/tensorrt_yolo/include/deploy
[0.454s] -- Up-to-date: /home/david/yolocpp_ws/install/tensorrt_yolo/include/deploy/result.hpp
[0.454s] -- Up-to-date: /home/david/yolocpp_ws/install/tensorrt_yolo/include/deploy/pybind.cpp
[0.454s] -- Up-to-date: /home/david/yolocpp_ws/install/tensorrt_yolo/include/deploy/model.hpp
[0.454s] -- Up-to-date: /home/david/yolocpp_ws/install/tensorrt_yolo/include/deploy/option.hpp
[0.454s] -- Up-to-date: /home/david/yolocpp_ws/install/tensorrt_yolo/include/deploy/core
[0.454s] -- Up-to-date: /home/david/yolocpp_ws/install/tensorrt_yolo/include/deploy/core/buffer.cpp
[0.454s] -- Up-to-date: /home/david/yolocpp_ws/install/tensorrt_yolo/include/deploy/core/macro.hpp
[0.454s] -- Up-to-date: /home/david/yolocpp_ws/install/tensorrt_yolo/include/deploy/core/core.cpp
[0.454s] -- Up-to-date: /home/david/yolocpp_ws/install/tensorrt_yolo/include/deploy/core/core.hpp
[0.454s] -- Up-to-date: /home/david/yolocpp_ws/install/tensorrt_yolo/include/deploy/core/buffer.hpp
[0.454s] -- Up-to-date: /home/david/yolocpp_ws/install/tensorrt_yolo/include/deploy/infer
[0.454s] -- Up-to-date: /home/david/yolocpp_ws/install/tensorrt_yolo/include/deploy/infer/warpaffine.hpp
[0.454s] -- Up-to-date: /home/david/yolocpp_ws/install/tensorrt_yolo/include/deploy/infer/backend.cpp
[0.454s] -- Up-to-date: /home/david/yolocpp_ws/install/tensorrt_yolo/include/deploy/infer/warpaffine.cu
[0.454s] -- Up-to-date: /home/david/yolocpp_ws/install/tensorrt_yolo/include/deploy/infer/backend.hpp
[0.454s] -- Up-to-date: /home/david/yolocpp_ws/install/tensorrt_yolo/include/deploy/utils
[0.454s] -- Up-to-date: /home/david/yolocpp_ws/install/tensorrt_yolo/include/deploy/utils/utils.hpp
[0.454s] -- Up-to-date: /home/david/yolocpp_ws/install/tensorrt_yolo/include/deploy/utils/utils.cpp
[0.454s] -- Up-to-date: /home/david/yolocpp_ws/install/tensorrt_yolo/include/deploy/model.cpp
[0.455s] -- Up-to-date: /home/david/yolocpp_ws/install/tensorrt_yolo/include/plugin
[0.455s] -- Up-to-date: /home/david/yolocpp_ws/install/tensorrt_yolo/include/plugin/common
[0.455s] -- Up-to-date: /home/david/yolocpp_ws/install/tensorrt_yolo/include/plugin/common/checkMacrosPlugin.h
[0.455s] -- Up-to-date: /home/david/yolocpp_ws/install/tensorrt_yolo/include/plugin/common/plugin.h
[0.455s] -- Up-to-date: /home/david/yolocpp_ws/install/tensorrt_yolo/include/plugin/common/vfcCommon.h
[0.455s] -- Up-to-date: /home/david/yolocpp_ws/install/tensorrt_yolo/include/plugin/common/bboxUtils.h
[0.455s] -- Up-to-date: /home/david/yolocpp_ws/install/tensorrt_yolo/include/plugin/efficientRotatedNMSPlugin
[0.455s] -- Up-to-date: /home/david/yolocpp_ws/install/tensorrt_yolo/include/plugin/efficientRotatedNMSPlugin/efficientRotatedNMSInference.h
[0.455s] -- Up-to-date: /home/david/yolocpp_ws/install/tensorrt_yolo/include/plugin/efficientRotatedNMSPlugin/efficientRotatedNMSParameters.h
[0.455s] -- Up-to-date: /home/david/yolocpp_ws/install/tensorrt_yolo/include/plugin/efficientRotatedNMSPlugin/efficientRotatedNMSPlugin.h
[0.455s] -- Up-to-date: /home/david/yolocpp_ws/install/tensorrt_yolo/include/plugin/efficientIdxNMSPlugin
[0.455s] -- Up-to-date: /home/david/yolocpp_ws/install/tensorrt_yolo/include/plugin/efficientIdxNMSPlugin/efficientIdxNMSInference.h
[0.455s] -- Up-to-date: /home/david/yolocpp_ws/install/tensorrt_yolo/include/plugin/efficientIdxNMSPlugin/efficientIdxNMSPlugin.h
[0.455s] -- Up-to-date: /home/david/yolocpp_ws/install/tensorrt_yolo/include/plugin/efficientIdxNMSPlugin/efficientIdxNMSParameters.h
[0.455s] -- Up-to-date: /home/david/yolocpp_ws/install/tensorrt_yolo/share/tensorrt_yolo/launch
[0.455s] -- Up-to-date: /home/david/yolocpp_ws/install/tensorrt_yolo/share/tensorrt_yolo/launch/componsable_launch.py
[0.455s] -- Up-to-date: /home/david/yolocpp_ws/install/tensorrt_yolo/share/tensorrt_yolo/launch/tensort_yolo.launch.py
[0.455s] -- Installing: /home/david/yolocpp_ws/install/tensorrt_yolo/share/tensorrt_yolo/launch/tensort_yolo_3P.launch.py
[0.455s] -- Up-to-date: /home/david/yolocpp_ws/install/tensorrt_yolo/share/tensorrt_yolo/include
[0.455s] -- Up-to-date: /home/david/yolocpp_ws/install/tensorrt_yolo/share/tensorrt_yolo/include/chrono
[0.455s] -- Up-to-date: /home/david/yolocpp_ws/install/tensorrt_yolo/share/tensorrt_yolo/include/chrono/ChronoTimer.hpp
[0.455s] -- Up-to-date: /home/david/yolocpp_ws/install/tensorrt_yolo/share/tensorrt_yolo/include/chrono/ChronoTimer.cpp
[0.455s] -- Up-to-date: /home/david/yolocpp_ws/install/tensorrt_yolo/share/tensorrt_yolo/include/deploy
[0.455s] -- Up-to-date: /home/david/yolocpp_ws/install/tensorrt_yolo/share/tensorrt_yolo/include/deploy/result.hpp
[0.455s] -- Up-to-date: /home/david/yolocpp_ws/install/tensorrt_yolo/share/tensorrt_yolo/include/deploy/pybind.cpp
[0.455s] -- Up-to-date: /home/david/yolocpp_ws/install/tensorrt_yolo/share/tensorrt_yolo/include/deploy/model.hpp
[0.455s] -- Up-to-date: /home/david/yolocpp_ws/install/tensorrt_yolo/share/tensorrt_yolo/include/deploy/option.hpp
[0.455s] -- Up-to-date: /home/david/yolocpp_ws/install/tensorrt_yolo/share/tensorrt_yolo/include/deploy/core
[0.455s] -- Up-to-date: /home/david/yolocpp_ws/install/tensorrt_yolo/share/tensorrt_yolo/include/deploy/core/buffer.cpp
[0.455s] -- Up-to-date: /home/david/yolocpp_ws/install/tensorrt_yolo/share/tensorrt_yolo/include/deploy/core/macro.hpp
[0.455s] -- Up-to-date: /home/david/yolocpp_ws/install/tensorrt_yolo/share/tensorrt_yolo/include/deploy/core/core.cpp
[0.455s] -- Up-to-date: /home/david/yolocpp_ws/install/tensorrt_yolo/share/tensorrt_yolo/include/deploy/core/core.hpp
[0.455s] -- Up-to-date: /home/david/yolocpp_ws/install/tensorrt_yolo/share/tensorrt_yolo/include/deploy/core/buffer.hpp
[0.455s] -- Up-to-date: /home/david/yolocpp_ws/install/tensorrt_yolo/share/tensorrt_yolo/include/deploy/infer
[0.455s] -- Up-to-date: /home/david/yolocpp_ws/install/tensorrt_yolo/share/tensorrt_yolo/include/deploy/infer/warpaffine.hpp
[0.455s] -- Up-to-date: /home/david/yolocpp_ws/install/tensorrt_yolo/share/tensorrt_yolo/include/deploy/infer/backend.cpp
[0.455s] -- Up-to-date: /home/david/yolocpp_ws/install/tensorrt_yolo/share/tensorrt_yolo/include/deploy/infer/warpaffine.cu
[0.455s] -- Up-to-date: /home/david/yolocpp_ws/install/tensorrt_yolo/share/tensorrt_yolo/include/deploy/infer/backend.hpp
[0.455s] -- Up-to-date: /home/david/yolocpp_ws/install/tensorrt_yolo/share/tensorrt_yolo/include/deploy/utils
[0.455s] -- Up-to-date: /home/david/yolocpp_ws/install/tensorrt_yolo/share/tensorrt_yolo/include/deploy/utils/utils.hpp
[0.455s] -- Up-to-date: /home/david/yolocpp_ws/install/tensorrt_yolo/share/tensorrt_yolo/include/deploy/utils/utils.cpp
[0.455s] -- Up-to-date: /home/david/yolocpp_ws/install/tensorrt_yolo/share/tensorrt_yolo/include/deploy/model.cpp
[0.455s] -- Up-to-date: /home/david/yolocpp_ws/install/tensorrt_yolo/share/tensorrt_yolo/include/TensorRT-YOLO
[0.456s] -- Up-to-date: /home/david/yolocpp_ws/install/tensorrt_yolo/share/tensorrt_yolo/include/plugin
[0.456s] -- Up-to-date: /home/david/yolocpp_ws/install/tensorrt_yolo/share/tensorrt_yolo/include/plugin/common
[0.456s] -- Up-to-date: /home/david/yolocpp_ws/install/tensorrt_yolo/share/tensorrt_yolo/include/plugin/common/checkMacrosPlugin.h
[0.456s] -- Up-to-date: /home/david/yolocpp_ws/install/tensorrt_yolo/share/tensorrt_yolo/include/plugin/common/vfcCommon.cpp
[0.456s] -- Up-to-date: /home/david/yolocpp_ws/install/tensorrt_yolo/share/tensorrt_yolo/include/plugin/common/plugin.h
[0.456s] -- Up-to-date: /home/david/yolocpp_ws/install/tensorrt_yolo/share/tensorrt_yolo/include/plugin/common/plugin.cpp
[0.456s] -- Up-to-date: /home/david/yolocpp_ws/install/tensorrt_yolo/share/tensorrt_yolo/include/plugin/common/vfcCommon.h
[0.456s] -- Up-to-date: /home/david/yolocpp_ws/install/tensorrt_yolo/share/tensorrt_yolo/include/plugin/common/checkMacrosPlugin.cpp
[0.456s] -- Up-to-date: /home/david/yolocpp_ws/install/tensorrt_yolo/share/tensorrt_yolo/include/plugin/common/common.cu
[0.456s] -- Up-to-date: /home/david/yolocpp_ws/install/tensorrt_yolo/share/tensorrt_yolo/include/plugin/common/bboxUtils.h
[0.456s] -- Up-to-date: /home/david/yolocpp_ws/install/tensorrt_yolo/share/tensorrt_yolo/include/plugin/efficientRotatedNMSPlugin
[0.456s] -- Up-to-date: /home/david/yolocpp_ws/install/tensorrt_yolo/share/tensorrt_yolo/include/plugin/efficientRotatedNMSPlugin/efficientRotatedNMSInference.cu
[0.456s] -- Up-to-date: /home/david/yolocpp_ws/install/tensorrt_yolo/share/tensorrt_yolo/include/plugin/efficientRotatedNMSPlugin/efficientRotatedNMSInference.h
[0.456s] -- Up-to-date: /home/david/yolocpp_ws/install/tensorrt_yolo/share/tensorrt_yolo/include/plugin/efficientRotatedNMSPlugin/README.md
[0.456s] -- Up-to-date: /home/david/yolocpp_ws/install/tensorrt_yolo/share/tensorrt_yolo/include/plugin/efficientRotatedNMSPlugin/efficientRotatedNMSPlugin.cpp
[0.456s] -- Up-to-date: /home/david/yolocpp_ws/install/tensorrt_yolo/share/tensorrt_yolo/include/plugin/efficientRotatedNMSPlugin/efficientRotatedNMSInference.cuh
[0.456s] -- Up-to-date: /home/david/yolocpp_ws/install/tensorrt_yolo/share/tensorrt_yolo/include/plugin/efficientRotatedNMSPlugin/efficientRotatedNMSParameters.h
[0.456s] -- Up-to-date: /home/david/yolocpp_ws/install/tensorrt_yolo/share/tensorrt_yolo/include/plugin/efficientRotatedNMSPlugin/efficientRotatedNMSPlugin.h
[0.456s] -- Up-to-date: /home/david/yolocpp_ws/install/tensorrt_yolo/share/tensorrt_yolo/include/plugin/efficientIdxNMSPlugin
[0.456s] -- Up-to-date: /home/david/yolocpp_ws/install/tensorrt_yolo/share/tensorrt_yolo/include/plugin/efficientIdxNMSPlugin/README.md
[0.456s] -- Up-to-date: /home/david/yolocpp_ws/install/tensorrt_yolo/share/tensorrt_yolo/include/plugin/efficientIdxNMSPlugin/efficientIdxNMSPlugin.cpp
[0.456s] -- Up-to-date: /home/david/yolocpp_ws/install/tensorrt_yolo/share/tensorrt_yolo/include/plugin/efficientIdxNMSPlugin/efficientIdxNMSInference.cuh
[0.456s] -- Up-to-date: /home/david/yolocpp_ws/install/tensorrt_yolo/share/tensorrt_yolo/include/plugin/efficientIdxNMSPlugin/efficientIdxNMSInference.h
[0.456s] -- Up-to-date: /home/david/yolocpp_ws/install/tensorrt_yolo/share/tensorrt_yolo/include/plugin/efficientIdxNMSPlugin/efficientIdxNMSPlugin.h
[0.456s] -- Up-to-date: /home/david/yolocpp_ws/install/tensorrt_yolo/share/tensorrt_yolo/include/plugin/efficientIdxNMSPlugin/efficientIdxNMSInference.cu
[0.456s] -- Up-to-date: /home/david/yolocpp_ws/install/tensorrt_yolo/share/tensorrt_yolo/include/plugin/efficientIdxNMSPlugin/efficientIdxNMSParameters.h
[0.456s] -- Up-to-date: /home/david/yolocpp_ws/install/tensorrt_yolo/share/tensorrt_yolo/models
[0.456s] -- Up-to-date: /home/david/yolocpp_ws/install/tensorrt_yolo/share/tensorrt_yolo/models/.keep
[0.456s] -- Up-to-date: /home/david/yolocpp_ws/install/tensorrt_yolo/share/tensorrt_yolo/models/yolo11s-seg_02_b1_v2.engine
[0.456s] -- Up-to-date: /home/david/yolocpp_ws/install/tensorrt_yolo/share/tensorrt_yolo/models/yolo11s-seg_03_b3_v2.engine
[0.457s] -- Up-to-date: /home/david/yolocpp_ws/install/tensorrt_yolo/share/tensorrt_yolo/models/yolo11s-seg_960_608_rect_road.engine
[0.457s] -- Up-to-date: /home/david/yolocpp_ws/install/tensorrt_yolo/share/tensorrt_yolo/models/yolo11s-seg_03_b1_v2.engine
[0.457s] -- Up-to-date: /home/david/yolocpp_ws/install/tensorrt_yolo/share/tensorrt_yolo/models/labels.txt
[0.457s] -- Up-to-date: /home/david/yolocpp_ws/install/tensorrt_yolo/share/tensorrt_yolo/models/yolo11s-seg_640_416_rect_road.engine
[0.457s] -- Up-to-date: /home/david/yolocpp_ws/install/tensorrt_yolo/share/tensorrt_yolo/data
[0.457s] -- Up-to-date: /home/david/yolocpp_ws/install/tensorrt_yolo/share/tensorrt_yolo/data/panoramic_02.avi
[0.457s] -- Up-to-date: /home/david/yolocpp_ws/install/tensorrt_yolo/share/tensorrt_yolo/data/test.jpg
[0.457s] -- Up-to-date: /home/david/yolocpp_ws/install/tensorrt_yolo/share/tensorrt_yolo/data/test1.jpg
[0.457s] -- Up-to-date: /home/david/yolocpp_ws/install/tensorrt_yolo/share/tensorrt_yolo/data/.gitignore
[0.457s] -- Up-to-date: /home/david/yolocpp_ws/install/tensorrt_yolo/share/tensorrt_yolo/config
[0.457s] -- Up-to-date: /home/david/yolocpp_ws/install/tensorrt_yolo/share/tensorrt_yolo/config/config.yaml
[0.457s] -- Up-to-date: /home/david/yolocpp_ws/install/tensorrt_yolo/share/ament_index/resource_index/package_run_dependencies/tensorrt_yolo
[0.457s] -- Up-to-date: /home/david/yolocpp_ws/install/tensorrt_yolo/share/ament_index/resource_index/parent_prefix_path/tensorrt_yolo
[0.457s] -- Up-to-date: /home/david/yolocpp_ws/install/tensorrt_yolo/share/tensorrt_yolo/environment/ament_prefix_path.sh
[0.457s] -- Installing: /home/david/yolocpp_ws/install/tensorrt_yolo/share/tensorrt_yolo/environment/ament_prefix_path.dsv
[0.457s] -- Up-to-date: /home/david/yolocpp_ws/install/tensorrt_yolo/share/tensorrt_yolo/environment/path.sh
[0.457s] -- Installing: /home/david/yolocpp_ws/install/tensorrt_yolo/share/tensorrt_yolo/environment/path.dsv
[0.457s] -- Up-to-date: /home/david/yolocpp_ws/install/tensorrt_yolo/share/tensorrt_yolo/local_setup.bash
[0.457s] -- Up-to-date: /home/david/yolocpp_ws/install/tensorrt_yolo/share/tensorrt_yolo/local_setup.sh
[0.457s] -- Up-to-date: /home/david/yolocpp_ws/install/tensorrt_yolo/share/tensorrt_yolo/local_setup.zsh
[0.457s] -- Installing: /home/david/yolocpp_ws/install/tensorrt_yolo/share/tensorrt_yolo/local_setup.dsv
[0.457s] -- Installing: /home/david/yolocpp_ws/install/tensorrt_yolo/share/tensorrt_yolo/package.dsv
[0.457s] -- Up-to-date: /home/david/yolocpp_ws/install/tensorrt_yolo/share/ament_index/resource_index/packages/tensorrt_yolo
[0.457s] -- Up-to-date: /home/david/yolocpp_ws/install/tensorrt_yolo/share/tensorrt_yolo/cmake/tensorrt_yoloConfig.cmake
[0.457s] -- Up-to-date: /home/david/yolocpp_ws/install/tensorrt_yolo/share/tensorrt_yolo/cmake/tensorrt_yoloConfig-version.cmake
[0.458s] -- Up-to-date: /home/david/yolocpp_ws/install/tensorrt_yolo/share/tensorrt_yolo/package.xml
[0.458s] Invoked command in '/home/david/yolocpp_ws/build/tensorrt_yolo' returned '0': CMAKE_PREFIX_PATH=/home/david/yolocpp_ws/install/yolo_custom_interfaces:/home/david/yolocpp_ws/install/yolocpp:/home/david/yolocpp_ws/install/tensorrt_yolo:/home/david/yolocpp_ws/install/seg_sub:/home/david/yolocpp_ws/install/sensor_sync_pkg:/home/david/yolocpp_ws/install/pylon_instant_camera:/home/david/yolocpp_ws/install/pidnet_segmentation_cpp:/home/david/yolocpp_ws/install/image_directory_publisher:/home/david/yolocpp_ws/install/bboxes_ex_msgs:/opt/ros/humble LD_LIBRARY_PATH=/home/david/yolocpp_ws/install/yolo_custom_interfaces/lib:/home/david/yolocpp_ws/install/tensorrt_yolo/lib:/home/david/yolocpp_ws/install/pylon_instant_camera/lib:/home/david/yolocpp_ws/install/image_directory_publisher/lib:/home/david/yolocpp_ws/install/bboxes_ex_msgs/lib:/usr/local/cuda/lib64:/usr/local/cuda-12.9/lib64:/usr/local/cuda-12.9/lib64:/usr/local/cuda-12.9/lib64:/usr/local/cuda-12.9/lib64:/usr/local/cuda-12.9/lib64:/opt/pylon/lib:/opt/ros/humble/opt/rviz_ogre_vendor/lib:/opt/ros/humble/lib/x86_64-linux-gnu:/opt/ros/humble/lib:/usr/local/cuda/lib64:/usr/local/cuda-11.2/lib64:/usr/local/cuda-11.2/lib64:/home/david/onnxruntime-linux-x64-gpu-1.22.0/lib PROMPT_COMMAND=echo -n \[$(date +%H:%M:%S)\]\ /bin/cmake --install /home/david/yolocpp_ws/build/tensorrt_yolo
