running egg_info
creating ../../../../build/microservers_py/microservers_py.egg-info
writing ../../../../build/microservers_py/microservers_py.egg-info/PKG-INFO
writing dependency_links to ../../../../build/microservers_py/microservers_py.egg-info/dependency_links.txt
writing entry points to ../../../../build/microservers_py/microservers_py.egg-info/entry_points.txt
writing requirements to ../../../../build/microservers_py/microservers_py.egg-info/requires.txt
writing top-level names to ../../../../build/microservers_py/microservers_py.egg-info/top_level.txt
writing manifest file '../../../../build/microservers_py/microservers_py.egg-info/SOURCES.txt'
reading manifest file '../../../../build/microservers_py/microservers_py.egg-info/SOURCES.txt'
adding license file 'LICENSE'
writing manifest file '../../../../build/microservers_py/microservers_py.egg-info/SOURCES.txt'
running build
running build_py
creating /home/david/yolocpp_ws/build/microservers_py/build
creating /home/david/yolocpp_ws/build/microservers_py/build/lib
creating /home/david/yolocpp_ws/build/microservers_py/build/lib/microservers_py
copying microservers_py/microservice_server_addition.py -> /home/david/yolocpp_ws/build/microservers_py/build/lib/microservers_py
copying microservers_py/__init__.py -> /home/david/yolocpp_ws/build/microservers_py/build/lib/microservers_py
copying microservers_py/microservice_server_subtraction.py -> /home/david/yolocpp_ws/build/microservers_py/build/lib/microservers_py
running install
running install_lib
creating /home/david/yolocpp_ws/install/microservers_py/lib/python3.10/site-packages/microservers_py
copying /home/david/yolocpp_ws/build/microservers_py/build/lib/microservers_py/microservice_server_addition.py -> /home/david/yolocpp_ws/install/microservers_py/lib/python3.10/site-packages/microservers_py
copying /home/david/yolocpp_ws/build/microservers_py/build/lib/microservers_py/__init__.py -> /home/david/yolocpp_ws/install/microservers_py/lib/python3.10/site-packages/microservers_py
copying /home/david/yolocpp_ws/build/microservers_py/build/lib/microservers_py/microservice_server_subtraction.py -> /home/david/yolocpp_ws/install/microservers_py/lib/python3.10/site-packages/microservers_py
byte-compiling /home/david/yolocpp_ws/install/microservers_py/lib/python3.10/site-packages/microservers_py/microservice_server_addition.py to microservice_server_addition.cpython-310.pyc
byte-compiling /home/david/yolocpp_ws/install/microservers_py/lib/python3.10/site-packages/microservers_py/__init__.py to __init__.cpython-310.pyc
byte-compiling /home/david/yolocpp_ws/install/microservers_py/lib/python3.10/site-packages/microservers_py/microservice_server_subtraction.py to microservice_server_subtraction.cpython-310.pyc
running install_data
creating /home/david/yolocpp_ws/install/microservers_py/share/ament_index
creating /home/david/yolocpp_ws/install/microservers_py/share/ament_index/resource_index
creating /home/david/yolocpp_ws/install/microservers_py/share/ament_index/resource_index/packages
copying resource/microservers_py -> /home/david/yolocpp_ws/install/microservers_py/share/ament_index/resource_index/packages
copying package.xml -> /home/david/yolocpp_ws/install/microservers_py/share/microservers_py
running install_egg_info
Copying ../../../../build/microservers_py/microservers_py.egg-info to /home/david/yolocpp_ws/install/microservers_py/lib/python3.10/site-packages/microservers_py-0.0.0-py3.10.egg-info
running install_scripts
Installing server_addition script to /home/david/yolocpp_ws/install/microservers_py/lib/microservers_py
Installing server_subtraction script to /home/david/yolocpp_ws/install/microservers_py/lib/microservers_py
writing list of installed files to '/home/david/yolocpp_ws/build/microservers_py/install.log'
