[0.782s] Invoking command in '/home/david/yolocpp_ws/vulcanexus/code/microservices/microservers_py': PROMPT_COMMAND=echo -n \[$(date +%H:%M:%S)\]\ PYTHONPATH=/home/david/yolocpp_ws/build/microservers_py/prefix_override:/usr/lib/python3/dist-packages/colcon_core/task/python/colcon_distutils_commands:/home/david/yolocpp_ws/install/microservers_py/lib/python3.10/site-packages:${PYTHONPATH} /usr/bin/python3 -W ignore:setup.py install is deprecated -W ignore:easy_install command is deprecated setup.py egg_info --egg-base ../../../../build/microservers_py build --build-base /home/david/yolocpp_ws/build/microservers_py/build install --record /home/david/yolocpp_ws/build/microservers_py/install.log --single-version-externally-managed install_data
[0.946s] running egg_info
[0.947s] creating ../../../../build/microservers_py/microservers_py.egg-info
[0.947s] writing ../../../../build/microservers_py/microservers_py.egg-info/PKG-INFO
[0.947s] writing dependency_links to ../../../../build/microservers_py/microservers_py.egg-info/dependency_links.txt
[0.947s] writing entry points to ../../../../build/microservers_py/microservers_py.egg-info/entry_points.txt
[0.947s] writing requirements to ../../../../build/microservers_py/microservers_py.egg-info/requires.txt
[0.947s] writing top-level names to ../../../../build/microservers_py/microservers_py.egg-info/top_level.txt
[0.947s] writing manifest file '../../../../build/microservers_py/microservers_py.egg-info/SOURCES.txt'
[0.948s] reading manifest file '../../../../build/microservers_py/microservers_py.egg-info/SOURCES.txt'
[0.948s] adding license file 'LICENSE'
[0.948s] writing manifest file '../../../../build/microservers_py/microservers_py.egg-info/SOURCES.txt'
[0.948s] running build
[0.948s] running build_py
[0.948s] creating /home/david/yolocpp_ws/build/microservers_py/build
[0.949s] creating /home/david/yolocpp_ws/build/microservers_py/build/lib
[0.949s] creating /home/david/yolocpp_ws/build/microservers_py/build/lib/microservers_py
[0.949s] copying microservers_py/microservice_server_addition.py -> /home/david/yolocpp_ws/build/microservers_py/build/lib/microservers_py
[0.949s] copying microservers_py/__init__.py -> /home/david/yolocpp_ws/build/microservers_py/build/lib/microservers_py
[0.949s] copying microservers_py/microservice_server_subtraction.py -> /home/david/yolocpp_ws/build/microservers_py/build/lib/microservers_py
[0.949s] running install
[0.949s] running install_lib
[0.949s] creating /home/david/yolocpp_ws/install/microservers_py/lib/python3.10/site-packages/microservers_py
[0.949s] copying /home/david/yolocpp_ws/build/microservers_py/build/lib/microservers_py/microservice_server_addition.py -> /home/david/yolocpp_ws/install/microservers_py/lib/python3.10/site-packages/microservers_py
[0.949s] copying /home/david/yolocpp_ws/build/microservers_py/build/lib/microservers_py/__init__.py -> /home/david/yolocpp_ws/install/microservers_py/lib/python3.10/site-packages/microservers_py
[0.949s] copying /home/david/yolocpp_ws/build/microservers_py/build/lib/microservers_py/microservice_server_subtraction.py -> /home/david/yolocpp_ws/install/microservers_py/lib/python3.10/site-packages/microservers_py
[0.950s] byte-compiling /home/david/yolocpp_ws/install/microservers_py/lib/python3.10/site-packages/microservers_py/microservice_server_addition.py to microservice_server_addition.cpython-310.pyc
[0.950s] byte-compiling /home/david/yolocpp_ws/install/microservers_py/lib/python3.10/site-packages/microservers_py/__init__.py to __init__.cpython-310.pyc
[0.950s] byte-compiling /home/david/yolocpp_ws/install/microservers_py/lib/python3.10/site-packages/microservers_py/microservice_server_subtraction.py to microservice_server_subtraction.cpython-310.pyc
[0.950s] running install_data
[0.950s] creating /home/david/yolocpp_ws/install/microservers_py/share/ament_index
[0.950s] creating /home/david/yolocpp_ws/install/microservers_py/share/ament_index/resource_index
[0.950s] creating /home/david/yolocpp_ws/install/microservers_py/share/ament_index/resource_index/packages
[0.950s] copying resource/microservers_py -> /home/david/yolocpp_ws/install/microservers_py/share/ament_index/resource_index/packages
[0.950s] copying package.xml -> /home/david/yolocpp_ws/install/microservers_py/share/microservers_py
[0.950s] running install_egg_info
[0.950s] Copying ../../../../build/microservers_py/microservers_py.egg-info to /home/david/yolocpp_ws/install/microservers_py/lib/python3.10/site-packages/microservers_py-0.0.0-py3.10.egg-info
[0.950s] running install_scripts
[0.960s] Installing server_addition script to /home/david/yolocpp_ws/install/microservers_py/lib/microservers_py
[0.960s] Installing server_subtraction script to /home/david/yolocpp_ws/install/microservers_py/lib/microservers_py
[0.960s] writing list of installed files to '/home/david/yolocpp_ws/build/microservers_py/install.log'
[0.976s] Invoked command in '/home/david/yolocpp_ws/vulcanexus/code/microservices/microservers_py' returned '0': PROMPT_COMMAND=echo -n \[$(date +%H:%M:%S)\]\ PYTHONPATH=/home/david/yolocpp_ws/build/microservers_py/prefix_override:/usr/lib/python3/dist-packages/colcon_core/task/python/colcon_distutils_commands:/home/david/yolocpp_ws/install/microservers_py/lib/python3.10/site-packages:${PYTHONPATH} /usr/bin/python3 -W ignore:setup.py install is deprecated -W ignore:easy_install command is deprecated setup.py egg_info --egg-base ../../../../build/microservers_py build --build-base /home/david/yolocpp_ws/build/microservers_py/build install --record /home/david/yolocpp_ws/build/microservers_py/install.log --single-version-externally-managed install_data
