[0.007s] Invoking command in '/home/david/yolocpp_ws/build/tensorrt_yolo': CMAKE_PREFIX_PATH=${CMAKE_PREFIX_PATH}:/home/david/yolopy_ws/install/yolopy:/opt/ros/humble PROMPT_COMMAND=echo -n \[$(date +%H:%M:%S)\]\ /home/david/.local/bin/cmake --build /home/david/yolocpp_ws/build/tensorrt_yolo -- -j32 -l32
[0.050s] [  2%] Built target tensorrt_yolo__cpp
[0.051s] [  9%] Built target tensorrt_yolo__rosidl_generator_c
[0.052s] [  9%] Built target ament_cmake_python_copy_tensorrt_yolo
[0.054s] [ 29%] Built target deploy
[0.058s] [ 36%] Built target tensorrt_yolo__rosidl_typesupport_introspection_cpp
[0.059s] [ 43%] Built target tensorrt_yolo__rosidl_typesupport_c
[0.059s] [ 51%] Built target tensorrt_yolo__rosidl_typesupport_cpp
[0.060s] [ 58%] Built target tensorrt_yolo__rosidl_typesupport_fastrtps_c
[0.060s] [ 65%] Built target tensorrt_yolo__rosidl_typesupport_fastrtps_cpp
[0.061s] [ 73%] Built target tensorrt_yolo__rosidl_typesupport_introspection_c
[0.066s] [ 78%] Built target segment_node
[0.067s] [ 78%] Built target tensorrt_yolo
[0.074s] [ 80%] Built target tensorrt_yolo__py
[0.083s] [ 85%] Built target tensorrt_yolo__rosidl_generator_py
[0.092s] [ 90%] Built target tensorrt_yolo__rosidl_typesupport_fastrtps_c__pyext
[0.092s] [ 95%] Built target tensorrt_yolo__rosidl_typesupport_introspection_c__pyext
[0.092s] [100%] Built target tensorrt_yolo__rosidl_typesupport_c__pyext
[0.219s] running egg_info
[0.219s] writing tensorrt_yolo.egg-info/PKG-INFO
[0.219s] writing dependency_links to tensorrt_yolo.egg-info/dependency_links.txt
[0.219s] writing top-level names to tensorrt_yolo.egg-info/top_level.txt
[0.220s] reading manifest file 'tensorrt_yolo.egg-info/SOURCES.txt'
[0.220s] writing manifest file 'tensorrt_yolo.egg-info/SOURCES.txt'
[0.233s] [100%] Built target ament_cmake_python_build_tensorrt_yolo_egg
[0.240s] Invoked command in '/home/david/yolocpp_ws/build/tensorrt_yolo' returned '0': CMAKE_PREFIX_PATH=${CMAKE_PREFIX_PATH}:/home/david/yolopy_ws/install/yolopy:/opt/ros/humble PROMPT_COMMAND=echo -n \[$(date +%H:%M:%S)\]\ /home/david/.local/bin/cmake --build /home/david/yolocpp_ws/build/tensorrt_yolo -- -j32 -l32
[0.263s] Invoking command in '/home/david/yolocpp_ws/build/tensorrt_yolo': CMAKE_PREFIX_PATH=${CMAKE_PREFIX_PATH}:/home/david/yolopy_ws/install/yolopy:/opt/ros/humble PROMPT_COMMAND=echo -n \[$(date +%H:%M:%S)\]\ /home/david/.local/bin/cmake --install /home/david/yolocpp_ws/build/tensorrt_yolo
[0.280s] -- Install configuration: ""
[0.281s] -- Up-to-date: /home/david/yolocpp_ws/install/tensorrt_yolo/share/ament_index/resource_index/rosidl_interfaces/tensorrt_yolo
[0.281s] -- Up-to-date: /home/david/yolocpp_ws/install/tensorrt_yolo/include/tensorrt_yolo/tensorrt_yolo
[0.281s] -- Up-to-date: /home/david/yolocpp_ws/install/tensorrt_yolo/include/tensorrt_yolo/tensorrt_yolo/msg
[0.281s] -- Up-to-date: /home/david/yolocpp_ws/install/tensorrt_yolo/include/tensorrt_yolo/tensorrt_yolo/msg/rosidl_generator_c__visibility_control.h
[0.281s] -- Up-to-date: /home/david/yolocpp_ws/install/tensorrt_yolo/include/tensorrt_yolo/tensorrt_yolo/msg/detail
[0.281s] -- Up-to-date: /home/david/yolocpp_ws/install/tensorrt_yolo/include/tensorrt_yolo/tensorrt_yolo/msg/detail/segmentation_output__functions.h
[0.281s] -- Up-to-date: /home/david/yolocpp_ws/install/tensorrt_yolo/include/tensorrt_yolo/tensorrt_yolo/msg/detail/segmentation_output__functions.c
[0.281s] -- Up-to-date: /home/david/yolocpp_ws/install/tensorrt_yolo/include/tensorrt_yolo/tensorrt_yolo/msg/detail/segmentation_output__struct.h
[0.281s] -- Up-to-date: /home/david/yolocpp_ws/install/tensorrt_yolo/include/tensorrt_yolo/tensorrt_yolo/msg/detail/segmentation_output__type_support.h
[0.281s] -- Up-to-date: /home/david/yolocpp_ws/install/tensorrt_yolo/include/tensorrt_yolo/tensorrt_yolo/msg/segmentation_output.h
[0.281s] -- Up-to-date: /home/david/yolocpp_ws/install/tensorrt_yolo/share/tensorrt_yolo/environment/library_path.sh
[0.281s] -- Up-to-date: /home/david/yolocpp_ws/install/tensorrt_yolo/share/tensorrt_yolo/environment/library_path.dsv
[0.282s] -- Up-to-date: /home/david/yolocpp_ws/install/tensorrt_yolo/lib/libtensorrt_yolo__rosidl_generator_c.so
[0.282s] -- Up-to-date: /home/david/yolocpp_ws/install/tensorrt_yolo/include/tensorrt_yolo/tensorrt_yolo
[0.282s] -- Up-to-date: /home/david/yolocpp_ws/install/tensorrt_yolo/include/tensorrt_yolo/tensorrt_yolo/msg
[0.282s] -- Up-to-date: /home/david/yolocpp_ws/install/tensorrt_yolo/include/tensorrt_yolo/tensorrt_yolo/msg/rosidl_typesupport_fastrtps_c__visibility_control.h
[0.282s] -- Up-to-date: /home/david/yolocpp_ws/install/tensorrt_yolo/include/tensorrt_yolo/tensorrt_yolo/msg/detail
[0.282s] -- Up-to-date: /home/david/yolocpp_ws/install/tensorrt_yolo/include/tensorrt_yolo/tensorrt_yolo/msg/detail/segmentation_output__rosidl_typesupport_fastrtps_c.h
[0.282s] -- Up-to-date: /home/david/yolocpp_ws/install/tensorrt_yolo/lib/libtensorrt_yolo__rosidl_typesupport_fastrtps_c.so
[0.282s] -- Up-to-date: /home/david/yolocpp_ws/install/tensorrt_yolo/include/tensorrt_yolo/tensorrt_yolo
[0.282s] -- Up-to-date: /home/david/yolocpp_ws/install/tensorrt_yolo/include/tensorrt_yolo/tensorrt_yolo/msg
[0.282s] -- Up-to-date: /home/david/yolocpp_ws/install/tensorrt_yolo/include/tensorrt_yolo/tensorrt_yolo/msg/detail
[0.283s] -- Up-to-date: /home/david/yolocpp_ws/install/tensorrt_yolo/include/tensorrt_yolo/tensorrt_yolo/msg/detail/segmentation_output__type_support.hpp
[0.283s] -- Up-to-date: /home/david/yolocpp_ws/install/tensorrt_yolo/include/tensorrt_yolo/tensorrt_yolo/msg/detail/segmentation_output__struct.hpp
[0.283s] -- Up-to-date: /home/david/yolocpp_ws/install/tensorrt_yolo/include/tensorrt_yolo/tensorrt_yolo/msg/detail/segmentation_output__traits.hpp
[0.283s] -- Up-to-date: /home/david/yolocpp_ws/install/tensorrt_yolo/include/tensorrt_yolo/tensorrt_yolo/msg/detail/segmentation_output__builder.hpp
[0.283s] -- Up-to-date: /home/david/yolocpp_ws/install/tensorrt_yolo/include/tensorrt_yolo/tensorrt_yolo/msg/segmentation_output.hpp
[0.283s] -- Up-to-date: /home/david/yolocpp_ws/install/tensorrt_yolo/include/tensorrt_yolo/tensorrt_yolo/msg/rosidl_generator_cpp__visibility_control.hpp
[0.283s] -- Up-to-date: /home/david/yolocpp_ws/install/tensorrt_yolo/include/tensorrt_yolo/tensorrt_yolo
[0.283s] -- Up-to-date: /home/david/yolocpp_ws/install/tensorrt_yolo/include/tensorrt_yolo/tensorrt_yolo/msg
[0.283s] -- Up-to-date: /home/david/yolocpp_ws/install/tensorrt_yolo/include/tensorrt_yolo/tensorrt_yolo/msg/detail
[0.283s] -- Up-to-date: /home/david/yolocpp_ws/install/tensorrt_yolo/include/tensorrt_yolo/tensorrt_yolo/msg/detail/segmentation_output__rosidl_typesupport_fastrtps_cpp.hpp
[0.283s] -- Up-to-date: /home/david/yolocpp_ws/install/tensorrt_yolo/include/tensorrt_yolo/tensorrt_yolo/msg/detail/dds_fastrtps
[0.283s] -- Up-to-date: /home/david/yolocpp_ws/install/tensorrt_yolo/include/tensorrt_yolo/tensorrt_yolo/msg/rosidl_typesupport_fastrtps_cpp__visibility_control.h
[0.283s] -- Up-to-date: /home/david/yolocpp_ws/install/tensorrt_yolo/lib/libtensorrt_yolo__rosidl_typesupport_fastrtps_cpp.so
[0.283s] -- Up-to-date: /home/david/yolocpp_ws/install/tensorrt_yolo/include/tensorrt_yolo/tensorrt_yolo
[0.283s] -- Up-to-date: /home/david/yolocpp_ws/install/tensorrt_yolo/include/tensorrt_yolo/tensorrt_yolo/msg
[0.283s] -- Up-to-date: /home/david/yolocpp_ws/install/tensorrt_yolo/include/tensorrt_yolo/tensorrt_yolo/msg/rosidl_typesupport_introspection_c__visibility_control.h
[0.283s] -- Up-to-date: /home/david/yolocpp_ws/install/tensorrt_yolo/include/tensorrt_yolo/tensorrt_yolo/msg/detail
[0.283s] -- Up-to-date: /home/david/yolocpp_ws/install/tensorrt_yolo/include/tensorrt_yolo/tensorrt_yolo/msg/detail/segmentation_output__rosidl_typesupport_introspection_c.h
[0.283s] -- Up-to-date: /home/david/yolocpp_ws/install/tensorrt_yolo/include/tensorrt_yolo/tensorrt_yolo/msg/detail/segmentation_output__type_support.c
[0.284s] -- Up-to-date: /home/david/yolocpp_ws/install/tensorrt_yolo/lib/libtensorrt_yolo__rosidl_typesupport_introspection_c.so
[0.284s] -- Up-to-date: /home/david/yolocpp_ws/install/tensorrt_yolo/lib/libtensorrt_yolo__rosidl_typesupport_c.so
[0.284s] -- Up-to-date: /home/david/yolocpp_ws/install/tensorrt_yolo/include/tensorrt_yolo/tensorrt_yolo
[0.284s] -- Up-to-date: /home/david/yolocpp_ws/install/tensorrt_yolo/include/tensorrt_yolo/tensorrt_yolo/msg
[0.284s] -- Up-to-date: /home/david/yolocpp_ws/install/tensorrt_yolo/include/tensorrt_yolo/tensorrt_yolo/msg/detail
[0.284s] -- Up-to-date: /home/david/yolocpp_ws/install/tensorrt_yolo/include/tensorrt_yolo/tensorrt_yolo/msg/detail/segmentation_output__type_support.cpp
[0.284s] -- Up-to-date: /home/david/yolocpp_ws/install/tensorrt_yolo/include/tensorrt_yolo/tensorrt_yolo/msg/detail/segmentation_output__rosidl_typesupport_introspection_cpp.hpp
[0.284s] -- Up-to-date: /home/david/yolocpp_ws/install/tensorrt_yolo/lib/libtensorrt_yolo__rosidl_typesupport_introspection_cpp.so
[0.284s] -- Up-to-date: /home/david/yolocpp_ws/install/tensorrt_yolo/lib/libtensorrt_yolo__rosidl_typesupport_cpp.so
[0.284s] -- Up-to-date: /home/david/yolocpp_ws/install/tensorrt_yolo/share/tensorrt_yolo/environment/pythonpath.sh
[0.284s] -- Up-to-date: /home/david/yolocpp_ws/install/tensorrt_yolo/share/tensorrt_yolo/environment/pythonpath.dsv
[0.284s] -- Up-to-date: /home/david/yolocpp_ws/install/tensorrt_yolo/local/lib/python3.10/dist-packages/tensorrt_yolo-0.0.0-py3.10.egg-info
[0.284s] -- Installing: /home/david/yolocpp_ws/install/tensorrt_yolo/local/lib/python3.10/dist-packages/tensorrt_yolo-0.0.0-py3.10.egg-info/PKG-INFO
[0.284s] -- Installing: /home/david/yolocpp_ws/install/tensorrt_yolo/local/lib/python3.10/dist-packages/tensorrt_yolo-0.0.0-py3.10.egg-info/SOURCES.txt
[0.284s] -- Installing: /home/david/yolocpp_ws/install/tensorrt_yolo/local/lib/python3.10/dist-packages/tensorrt_yolo-0.0.0-py3.10.egg-info/dependency_links.txt
[0.285s] -- Installing: /home/david/yolocpp_ws/install/tensorrt_yolo/local/lib/python3.10/dist-packages/tensorrt_yolo-0.0.0-py3.10.egg-info/top_level.txt
[0.285s] -- Up-to-date: /home/david/yolocpp_ws/install/tensorrt_yolo/local/lib/python3.10/dist-packages/tensorrt_yolo
[0.285s] -- Up-to-date: /home/david/yolocpp_ws/install/tensorrt_yolo/local/lib/python3.10/dist-packages/tensorrt_yolo/tensorrt_yolo_s__rosidl_typesupport_introspection_c.cpython-310-x86_64-linux-gnu.so
[0.285s] -- Up-to-date: /home/david/yolocpp_ws/install/tensorrt_yolo/local/lib/python3.10/dist-packages/tensorrt_yolo/_tensorrt_yolo_s.ep.rosidl_typesupport_fastrtps_c.c
[0.285s] -- Up-to-date: /home/david/yolocpp_ws/install/tensorrt_yolo/local/lib/python3.10/dist-packages/tensorrt_yolo/_tensorrt_yolo_s.ep.rosidl_typesupport_c.c
[0.285s] -- Up-to-date: /home/david/yolocpp_ws/install/tensorrt_yolo/local/lib/python3.10/dist-packages/tensorrt_yolo/_tensorrt_yolo_s.ep.rosidl_typesupport_introspection_c.c
[0.285s] -- Up-to-date: /home/david/yolocpp_ws/install/tensorrt_yolo/local/lib/python3.10/dist-packages/tensorrt_yolo/tensorrt_yolo_s__rosidl_typesupport_fastrtps_c.cpython-310-x86_64-linux-gnu.so
[0.285s] -- Up-to-date: /home/david/yolocpp_ws/install/tensorrt_yolo/local/lib/python3.10/dist-packages/tensorrt_yolo/__init__.py
[0.285s] -- Up-to-date: /home/david/yolocpp_ws/install/tensorrt_yolo/local/lib/python3.10/dist-packages/tensorrt_yolo/msg
[0.285s] -- Up-to-date: /home/david/yolocpp_ws/install/tensorrt_yolo/local/lib/python3.10/dist-packages/tensorrt_yolo/msg/_segmentation_output_s.c
[0.285s] -- Up-to-date: /home/david/yolocpp_ws/install/tensorrt_yolo/local/lib/python3.10/dist-packages/tensorrt_yolo/msg/_segmentation_output.py
[0.285s] -- Up-to-date: /home/david/yolocpp_ws/install/tensorrt_yolo/local/lib/python3.10/dist-packages/tensorrt_yolo/msg/__init__.py
[0.285s] -- Up-to-date: /home/david/yolocpp_ws/install/tensorrt_yolo/local/lib/python3.10/dist-packages/tensorrt_yolo/tensorrt_yolo_s__rosidl_typesupport_c.cpython-310-x86_64-linux-gnu.so
[0.285s] -- Up-to-date: /home/david/yolocpp_ws/install/tensorrt_yolo/local/lib/python3.10/dist-packages/tensorrt_yolo/libtensorrt_yolo__rosidl_generator_py.so
[0.304s] Listing '/home/david/yolocpp_ws/install/tensorrt_yolo/local/lib/python3.10/dist-packages/tensorrt_yolo'...
[0.304s] Listing '/home/david/yolocpp_ws/install/tensorrt_yolo/local/lib/python3.10/dist-packages/tensorrt_yolo/msg'...
[0.306s] -- Up-to-date: /home/david/yolocpp_ws/install/tensorrt_yolo/local/lib/python3.10/dist-packages/tensorrt_yolo/tensorrt_yolo_s__rosidl_typesupport_fastrtps_c.cpython-310-x86_64-linux-gnu.so
[0.307s] -- Up-to-date: /home/david/yolocpp_ws/install/tensorrt_yolo/local/lib/python3.10/dist-packages/tensorrt_yolo/tensorrt_yolo_s__rosidl_typesupport_introspection_c.cpython-310-x86_64-linux-gnu.so
[0.307s] -- Up-to-date: /home/david/yolocpp_ws/install/tensorrt_yolo/local/lib/python3.10/dist-packages/tensorrt_yolo/tensorrt_yolo_s__rosidl_typesupport_c.cpython-310-x86_64-linux-gnu.so
[0.307s] -- Up-to-date: /home/david/yolocpp_ws/install/tensorrt_yolo/lib/libtensorrt_yolo__rosidl_generator_py.so
[0.307s] -- Up-to-date: /home/david/yolocpp_ws/install/tensorrt_yolo/share/tensorrt_yolo/msg/SegmentationOutput.idl
[0.307s] -- Up-to-date: /home/david/yolocpp_ws/install/tensorrt_yolo/share/tensorrt_yolo/msg/SegmentationOutput.msg
[0.307s] -- Up-to-date: /home/david/yolocpp_ws/install/tensorrt_yolo/lib/tensorrt_yolo/libdeploy.so
[0.307s] -- Up-to-date: /home/david/yolocpp_ws/install/tensorrt_yolo/lib/tensorrt_yolo/segment_node
[0.307s] -- Up-to-date: /home/david/yolocpp_ws/install/tensorrt_yolo/include/deploy
[0.307s] -- Up-to-date: /home/david/yolocpp_ws/install/tensorrt_yolo/include/deploy/result.hpp
[0.307s] -- Up-to-date: /home/david/yolocpp_ws/install/tensorrt_yolo/include/deploy/pybind.cpp
[0.307s] -- Up-to-date: /home/david/yolocpp_ws/install/tensorrt_yolo/include/deploy/model.hpp
[0.308s] -- Up-to-date: /home/david/yolocpp_ws/install/tensorrt_yolo/include/deploy/option.hpp
[0.308s] -- Up-to-date: /home/david/yolocpp_ws/install/tensorrt_yolo/include/deploy/core
[0.308s] -- Up-to-date: /home/david/yolocpp_ws/install/tensorrt_yolo/include/deploy/core/buffer.cpp
[0.308s] -- Up-to-date: /home/david/yolocpp_ws/install/tensorrt_yolo/include/deploy/core/macro.hpp
[0.308s] -- Up-to-date: /home/david/yolocpp_ws/install/tensorrt_yolo/include/deploy/core/core.cpp
[0.308s] -- Up-to-date: /home/david/yolocpp_ws/install/tensorrt_yolo/include/deploy/core/core.hpp
[0.308s] -- Up-to-date: /home/david/yolocpp_ws/install/tensorrt_yolo/include/deploy/core/buffer.hpp
[0.308s] -- Up-to-date: /home/david/yolocpp_ws/install/tensorrt_yolo/include/deploy/infer
[0.308s] -- Up-to-date: /home/david/yolocpp_ws/install/tensorrt_yolo/include/deploy/infer/warpaffine.hpp
[0.308s] -- Up-to-date: /home/david/yolocpp_ws/install/tensorrt_yolo/include/deploy/infer/backend.cpp
[0.308s] -- Up-to-date: /home/david/yolocpp_ws/install/tensorrt_yolo/include/deploy/infer/warpaffine.cu
[0.308s] -- Up-to-date: /home/david/yolocpp_ws/install/tensorrt_yolo/include/deploy/infer/backend.hpp
[0.308s] -- Up-to-date: /home/david/yolocpp_ws/install/tensorrt_yolo/include/deploy/utils
[0.308s] -- Up-to-date: /home/david/yolocpp_ws/install/tensorrt_yolo/include/deploy/utils/utils.hpp
[0.308s] -- Up-to-date: /home/david/yolocpp_ws/install/tensorrt_yolo/include/deploy/utils/utils.cpp
[0.309s] -- Up-to-date: /home/david/yolocpp_ws/install/tensorrt_yolo/include/deploy/model.cpp
[0.309s] -- Up-to-date: /home/david/yolocpp_ws/install/tensorrt_yolo/include/plugin
[0.309s] -- Up-to-date: /home/david/yolocpp_ws/install/tensorrt_yolo/include/plugin/common
[0.309s] -- Up-to-date: /home/david/yolocpp_ws/install/tensorrt_yolo/include/plugin/common/checkMacrosPlugin.h
[0.309s] -- Up-to-date: /home/david/yolocpp_ws/install/tensorrt_yolo/include/plugin/common/plugin.h
[0.309s] -- Up-to-date: /home/david/yolocpp_ws/install/tensorrt_yolo/include/plugin/common/vfcCommon.h
[0.309s] -- Up-to-date: /home/david/yolocpp_ws/install/tensorrt_yolo/include/plugin/common/bboxUtils.h
[0.309s] -- Up-to-date: /home/david/yolocpp_ws/install/tensorrt_yolo/include/plugin/efficientRotatedNMSPlugin
[0.309s] -- Up-to-date: /home/david/yolocpp_ws/install/tensorrt_yolo/include/plugin/efficientRotatedNMSPlugin/efficientRotatedNMSInference.h
[0.309s] -- Up-to-date: /home/david/yolocpp_ws/install/tensorrt_yolo/include/plugin/efficientRotatedNMSPlugin/efficientRotatedNMSParameters.h
[0.309s] -- Up-to-date: /home/david/yolocpp_ws/install/tensorrt_yolo/include/plugin/efficientRotatedNMSPlugin/efficientRotatedNMSPlugin.h
[0.309s] -- Up-to-date: /home/david/yolocpp_ws/install/tensorrt_yolo/include/plugin/efficientIdxNMSPlugin
[0.309s] -- Up-to-date: /home/david/yolocpp_ws/install/tensorrt_yolo/include/plugin/efficientIdxNMSPlugin/efficientIdxNMSInference.h
[0.309s] -- Up-to-date: /home/david/yolocpp_ws/install/tensorrt_yolo/include/plugin/efficientIdxNMSPlugin/efficientIdxNMSPlugin.h
[0.309s] -- Up-to-date: /home/david/yolocpp_ws/install/tensorrt_yolo/include/plugin/efficientIdxNMSPlugin/efficientIdxNMSParameters.h
[0.309s] -- Up-to-date: /home/david/yolocpp_ws/install/tensorrt_yolo/share/tensorrt_yolo/launch
[0.309s] -- Installing: /home/david/yolocpp_ws/install/tensorrt_yolo/share/tensorrt_yolo/launch/tensort_yolo.launch.py
[0.309s] -- Up-to-date: /home/david/yolocpp_ws/install/tensorrt_yolo/share/tensorrt_yolo/include
[0.310s] -- Up-to-date: /home/david/yolocpp_ws/install/tensorrt_yolo/share/tensorrt_yolo/include/deploy
[0.310s] -- Up-to-date: /home/david/yolocpp_ws/install/tensorrt_yolo/share/tensorrt_yolo/include/deploy/result.hpp
[0.310s] -- Up-to-date: /home/david/yolocpp_ws/install/tensorrt_yolo/share/tensorrt_yolo/include/deploy/pybind.cpp
[0.310s] -- Up-to-date: /home/david/yolocpp_ws/install/tensorrt_yolo/share/tensorrt_yolo/include/deploy/model.hpp
[0.310s] -- Up-to-date: /home/david/yolocpp_ws/install/tensorrt_yolo/share/tensorrt_yolo/include/deploy/option.hpp
[0.310s] -- Up-to-date: /home/david/yolocpp_ws/install/tensorrt_yolo/share/tensorrt_yolo/include/deploy/core
[0.310s] -- Up-to-date: /home/david/yolocpp_ws/install/tensorrt_yolo/share/tensorrt_yolo/include/deploy/core/buffer.cpp
[0.310s] -- Up-to-date: /home/david/yolocpp_ws/install/tensorrt_yolo/share/tensorrt_yolo/include/deploy/core/macro.hpp
[0.310s] -- Up-to-date: /home/david/yolocpp_ws/install/tensorrt_yolo/share/tensorrt_yolo/include/deploy/core/core.cpp
[0.310s] -- Up-to-date: /home/david/yolocpp_ws/install/tensorrt_yolo/share/tensorrt_yolo/include/deploy/core/core.hpp
[0.310s] -- Up-to-date: /home/david/yolocpp_ws/install/tensorrt_yolo/share/tensorrt_yolo/include/deploy/core/buffer.hpp
[0.310s] -- Up-to-date: /home/david/yolocpp_ws/install/tensorrt_yolo/share/tensorrt_yolo/include/deploy/infer
[0.310s] -- Up-to-date: /home/david/yolocpp_ws/install/tensorrt_yolo/share/tensorrt_yolo/include/deploy/infer/warpaffine.hpp
[0.310s] -- Up-to-date: /home/david/yolocpp_ws/install/tensorrt_yolo/share/tensorrt_yolo/include/deploy/infer/backend.cpp
[0.310s] -- Up-to-date: /home/david/yolocpp_ws/install/tensorrt_yolo/share/tensorrt_yolo/include/deploy/infer/warpaffine.cu
[0.310s] -- Up-to-date: /home/david/yolocpp_ws/install/tensorrt_yolo/share/tensorrt_yolo/include/deploy/infer/backend.hpp
[0.311s] -- Up-to-date: /home/david/yolocpp_ws/install/tensorrt_yolo/share/tensorrt_yolo/include/deploy/utils
[0.311s] -- Up-to-date: /home/david/yolocpp_ws/install/tensorrt_yolo/share/tensorrt_yolo/include/deploy/utils/utils.hpp
[0.311s] -- Up-to-date: /home/david/yolocpp_ws/install/tensorrt_yolo/share/tensorrt_yolo/include/deploy/utils/utils.cpp
[0.311s] -- Up-to-date: /home/david/yolocpp_ws/install/tensorrt_yolo/share/tensorrt_yolo/include/deploy/model.cpp
[0.311s] -- Up-to-date: /home/david/yolocpp_ws/install/tensorrt_yolo/share/tensorrt_yolo/include/TensorRT-YOLO
[0.311s] -- Up-to-date: /home/david/yolocpp_ws/install/tensorrt_yolo/share/tensorrt_yolo/include/plugin
[0.311s] -- Up-to-date: /home/david/yolocpp_ws/install/tensorrt_yolo/share/tensorrt_yolo/include/plugin/common
[0.311s] -- Up-to-date: /home/david/yolocpp_ws/install/tensorrt_yolo/share/tensorrt_yolo/include/plugin/common/checkMacrosPlugin.h
[0.311s] -- Up-to-date: /home/david/yolocpp_ws/install/tensorrt_yolo/share/tensorrt_yolo/include/plugin/common/vfcCommon.cpp
[0.311s] -- Up-to-date: /home/david/yolocpp_ws/install/tensorrt_yolo/share/tensorrt_yolo/include/plugin/common/plugin.h
[0.311s] -- Up-to-date: /home/david/yolocpp_ws/install/tensorrt_yolo/share/tensorrt_yolo/include/plugin/common/plugin.cpp
[0.311s] -- Up-to-date: /home/david/yolocpp_ws/install/tensorrt_yolo/share/tensorrt_yolo/include/plugin/common/vfcCommon.h
[0.311s] -- Up-to-date: /home/david/yolocpp_ws/install/tensorrt_yolo/share/tensorrt_yolo/include/plugin/common/checkMacrosPlugin.cpp
[0.311s] -- Up-to-date: /home/david/yolocpp_ws/install/tensorrt_yolo/share/tensorrt_yolo/include/plugin/common/common.cu
[0.312s] -- Up-to-date: /home/david/yolocpp_ws/install/tensorrt_yolo/share/tensorrt_yolo/include/plugin/common/bboxUtils.h
[0.312s] -- Up-to-date: /home/david/yolocpp_ws/install/tensorrt_yolo/share/tensorrt_yolo/include/plugin/efficientRotatedNMSPlugin
[0.312s] -- Up-to-date: /home/david/yolocpp_ws/install/tensorrt_yolo/share/tensorrt_yolo/include/plugin/efficientRotatedNMSPlugin/efficientRotatedNMSInference.cu
[0.312s] -- Up-to-date: /home/david/yolocpp_ws/install/tensorrt_yolo/share/tensorrt_yolo/include/plugin/efficientRotatedNMSPlugin/efficientRotatedNMSInference.h
[0.312s] -- Up-to-date: /home/david/yolocpp_ws/install/tensorrt_yolo/share/tensorrt_yolo/include/plugin/efficientRotatedNMSPlugin/README.md
[0.312s] -- Up-to-date: /home/david/yolocpp_ws/install/tensorrt_yolo/share/tensorrt_yolo/include/plugin/efficientRotatedNMSPlugin/efficientRotatedNMSPlugin.cpp
[0.312s] -- Up-to-date: /home/david/yolocpp_ws/install/tensorrt_yolo/share/tensorrt_yolo/include/plugin/efficientRotatedNMSPlugin/efficientRotatedNMSInference.cuh
[0.312s] -- Up-to-date: /home/david/yolocpp_ws/install/tensorrt_yolo/share/tensorrt_yolo/include/plugin/efficientRotatedNMSPlugin/efficientRotatedNMSParameters.h
[0.312s] -- Up-to-date: /home/david/yolocpp_ws/install/tensorrt_yolo/share/tensorrt_yolo/include/plugin/efficientRotatedNMSPlugin/efficientRotatedNMSPlugin.h
[0.312s] -- Up-to-date: /home/david/yolocpp_ws/install/tensorrt_yolo/share/tensorrt_yolo/include/plugin/efficientIdxNMSPlugin
[0.312s] -- Up-to-date: /home/david/yolocpp_ws/install/tensorrt_yolo/share/tensorrt_yolo/include/plugin/efficientIdxNMSPlugin/README.md
[0.312s] -- Up-to-date: /home/david/yolocpp_ws/install/tensorrt_yolo/share/tensorrt_yolo/include/plugin/efficientIdxNMSPlugin/efficientIdxNMSPlugin.cpp
[0.312s] -- Up-to-date: /home/david/yolocpp_ws/install/tensorrt_yolo/share/tensorrt_yolo/include/plugin/efficientIdxNMSPlugin/efficientIdxNMSInference.cuh
[0.312s] -- Up-to-date: /home/david/yolocpp_ws/install/tensorrt_yolo/share/tensorrt_yolo/include/plugin/efficientIdxNMSPlugin/efficientIdxNMSInference.h
[0.312s] -- Up-to-date: /home/david/yolocpp_ws/install/tensorrt_yolo/share/tensorrt_yolo/include/plugin/efficientIdxNMSPlugin/efficientIdxNMSPlugin.h
[0.313s] -- Up-to-date: /home/david/yolocpp_ws/install/tensorrt_yolo/share/tensorrt_yolo/include/plugin/efficientIdxNMSPlugin/efficientIdxNMSInference.cu
[0.313s] -- Up-to-date: /home/david/yolocpp_ws/install/tensorrt_yolo/share/tensorrt_yolo/include/plugin/efficientIdxNMSPlugin/efficientIdxNMSParameters.h
[0.313s] -- Up-to-date: /home/david/yolocpp_ws/install/tensorrt_yolo/share/tensorrt_yolo/models
[0.313s] -- Up-to-date: /home/david/yolocpp_ws/install/tensorrt_yolo/share/tensorrt_yolo/models/.keep
[0.313s] -- Installing: /home/david/yolocpp_ws/install/tensorrt_yolo/share/tensorrt_yolo/models/yolo11n-seg.engine
[0.320s] -- Up-to-date: /home/david/yolocpp_ws/install/tensorrt_yolo/share/tensorrt_yolo/models/labels.txt
[0.320s] -- Up-to-date: /home/david/yolocpp_ws/install/tensorrt_yolo/share/tensorrt_yolo/data
[0.320s] -- Up-to-date: /home/david/yolocpp_ws/install/tensorrt_yolo/share/tensorrt_yolo/data/panoramic_02.avi
[0.320s] -- Up-to-date: /home/david/yolocpp_ws/install/tensorrt_yolo/share/tensorrt_yolo/data/test.jpg
[0.320s] -- Up-to-date: /home/david/yolocpp_ws/install/tensorrt_yolo/share/tensorrt_yolo/data/test1.jpg
[0.320s] -- Up-to-date: /home/david/yolocpp_ws/install/tensorrt_yolo/share/tensorrt_yolo/data/.gitignore
[0.320s] -- Up-to-date: /home/david/yolocpp_ws/install/tensorrt_yolo/share/tensorrt_yolo/msg
[0.320s] -- Up-to-date: /home/david/yolocpp_ws/install/tensorrt_yolo/share/tensorrt_yolo/msg/SegmentationOutput.msg
[0.320s] -- Up-to-date: /home/david/yolocpp_ws/install/tensorrt_yolo/share/ament_index/resource_index/package_run_dependencies/tensorrt_yolo
[0.320s] -- Up-to-date: /home/david/yolocpp_ws/install/tensorrt_yolo/share/ament_index/resource_index/parent_prefix_path/tensorrt_yolo
[0.320s] -- Up-to-date: /home/david/yolocpp_ws/install/tensorrt_yolo/share/tensorrt_yolo/environment/ament_prefix_path.sh
[0.321s] -- Up-to-date: /home/david/yolocpp_ws/install/tensorrt_yolo/share/tensorrt_yolo/environment/ament_prefix_path.dsv
[0.321s] -- Up-to-date: /home/david/yolocpp_ws/install/tensorrt_yolo/share/tensorrt_yolo/environment/path.sh
[0.321s] -- Up-to-date: /home/david/yolocpp_ws/install/tensorrt_yolo/share/tensorrt_yolo/environment/path.dsv
[0.321s] -- Up-to-date: /home/david/yolocpp_ws/install/tensorrt_yolo/share/tensorrt_yolo/local_setup.bash
[0.321s] -- Up-to-date: /home/david/yolocpp_ws/install/tensorrt_yolo/share/tensorrt_yolo/local_setup.sh
[0.321s] -- Up-to-date: /home/david/yolocpp_ws/install/tensorrt_yolo/share/tensorrt_yolo/local_setup.zsh
[0.321s] -- Up-to-date: /home/david/yolocpp_ws/install/tensorrt_yolo/share/tensorrt_yolo/local_setup.dsv
[0.321s] -- Installing: /home/david/yolocpp_ws/install/tensorrt_yolo/share/tensorrt_yolo/package.dsv
[0.321s] -- Up-to-date: /home/david/yolocpp_ws/install/tensorrt_yolo/share/ament_index/resource_index/packages/tensorrt_yolo
[0.321s] -- Up-to-date: /home/david/yolocpp_ws/install/tensorrt_yolo/share/tensorrt_yolo/cmake/export_tensorrt_yolo__rosidl_generator_cExport.cmake
[0.321s] -- Up-to-date: /home/david/yolocpp_ws/install/tensorrt_yolo/share/tensorrt_yolo/cmake/export_tensorrt_yolo__rosidl_generator_cExport-noconfig.cmake
[0.321s] -- Up-to-date: /home/david/yolocpp_ws/install/tensorrt_yolo/share/tensorrt_yolo/cmake/export_tensorrt_yolo__rosidl_typesupport_fastrtps_cExport.cmake
[0.321s] -- Up-to-date: /home/david/yolocpp_ws/install/tensorrt_yolo/share/tensorrt_yolo/cmake/export_tensorrt_yolo__rosidl_typesupport_fastrtps_cExport-noconfig.cmake
[0.321s] -- Up-to-date: /home/david/yolocpp_ws/install/tensorrt_yolo/share/tensorrt_yolo/cmake/export_tensorrt_yolo__rosidl_generator_cppExport.cmake
[0.321s] -- Up-to-date: /home/david/yolocpp_ws/install/tensorrt_yolo/share/tensorrt_yolo/cmake/export_tensorrt_yolo__rosidl_typesupport_fastrtps_cppExport.cmake
[0.321s] -- Up-to-date: /home/david/yolocpp_ws/install/tensorrt_yolo/share/tensorrt_yolo/cmake/export_tensorrt_yolo__rosidl_typesupport_fastrtps_cppExport-noconfig.cmake
[0.321s] -- Up-to-date: /home/david/yolocpp_ws/install/tensorrt_yolo/share/tensorrt_yolo/cmake/tensorrt_yolo__rosidl_typesupport_introspection_cExport.cmake
[0.321s] -- Up-to-date: /home/david/yolocpp_ws/install/tensorrt_yolo/share/tensorrt_yolo/cmake/tensorrt_yolo__rosidl_typesupport_introspection_cExport-noconfig.cmake
[0.321s] -- Up-to-date: /home/david/yolocpp_ws/install/tensorrt_yolo/share/tensorrt_yolo/cmake/tensorrt_yolo__rosidl_typesupport_cExport.cmake
[0.321s] -- Up-to-date: /home/david/yolocpp_ws/install/tensorrt_yolo/share/tensorrt_yolo/cmake/tensorrt_yolo__rosidl_typesupport_cExport-noconfig.cmake
[0.321s] -- Up-to-date: /home/david/yolocpp_ws/install/tensorrt_yolo/share/tensorrt_yolo/cmake/tensorrt_yolo__rosidl_typesupport_introspection_cppExport.cmake
[0.321s] -- Up-to-date: /home/david/yolocpp_ws/install/tensorrt_yolo/share/tensorrt_yolo/cmake/tensorrt_yolo__rosidl_typesupport_introspection_cppExport-noconfig.cmake
[0.321s] -- Up-to-date: /home/david/yolocpp_ws/install/tensorrt_yolo/share/tensorrt_yolo/cmake/tensorrt_yolo__rosidl_typesupport_cppExport.cmake
[0.321s] -- Up-to-date: /home/david/yolocpp_ws/install/tensorrt_yolo/share/tensorrt_yolo/cmake/tensorrt_yolo__rosidl_typesupport_cppExport-noconfig.cmake
[0.321s] -- Up-to-date: /home/david/yolocpp_ws/install/tensorrt_yolo/share/tensorrt_yolo/cmake/export_tensorrt_yolo__rosidl_generator_pyExport.cmake
[0.321s] -- Up-to-date: /home/david/yolocpp_ws/install/tensorrt_yolo/share/tensorrt_yolo/cmake/export_tensorrt_yolo__rosidl_generator_pyExport-noconfig.cmake
[0.321s] -- Up-to-date: /home/david/yolocpp_ws/install/tensorrt_yolo/share/tensorrt_yolo/cmake/rosidl_cmake-extras.cmake
[0.321s] -- Up-to-date: /home/david/yolocpp_ws/install/tensorrt_yolo/share/tensorrt_yolo/cmake/ament_cmake_export_dependencies-extras.cmake
[0.321s] -- Up-to-date: /home/david/yolocpp_ws/install/tensorrt_yolo/share/tensorrt_yolo/cmake/ament_cmake_export_include_directories-extras.cmake
[0.321s] -- Up-to-date: /home/david/yolocpp_ws/install/tensorrt_yolo/share/tensorrt_yolo/cmake/ament_cmake_export_libraries-extras.cmake
[0.321s] -- Up-to-date: /home/david/yolocpp_ws/install/tensorrt_yolo/share/tensorrt_yolo/cmake/ament_cmake_export_targets-extras.cmake
[0.321s] -- Up-to-date: /home/david/yolocpp_ws/install/tensorrt_yolo/share/tensorrt_yolo/cmake/rosidl_cmake_export_typesupport_targets-extras.cmake
[0.321s] -- Up-to-date: /home/david/yolocpp_ws/install/tensorrt_yolo/share/tensorrt_yolo/cmake/rosidl_cmake_export_typesupport_libraries-extras.cmake
[0.321s] -- Up-to-date: /home/david/yolocpp_ws/install/tensorrt_yolo/share/tensorrt_yolo/cmake/tensorrt_yoloConfig.cmake
[0.322s] -- Up-to-date: /home/david/yolocpp_ws/install/tensorrt_yolo/share/tensorrt_yolo/cmake/tensorrt_yoloConfig-version.cmake
[0.322s] -- Up-to-date: /home/david/yolocpp_ws/install/tensorrt_yolo/share/tensorrt_yolo/package.xml
[0.332s] Invoked command in '/home/david/yolocpp_ws/build/tensorrt_yolo' returned '0': CMAKE_PREFIX_PATH=${CMAKE_PREFIX_PATH}:/home/david/yolopy_ws/install/yolopy:/opt/ros/humble PROMPT_COMMAND=echo -n \[$(date +%H:%M:%S)\]\ /home/david/.local/bin/cmake --install /home/david/yolocpp_ws/build/tensorrt_yolo
