-- The C compiler identification is GNU 11.4.0
-- The CXX compiler identification is GNU 11.4.0
-- Detecting C compiler ABI info
-- Detecting C compiler ABI info - done
-- Check for working C compiler: /usr/bin/cc - skipped
-- Detecting C compile features
-- Detecting C compile features - done
-- Detecting CXX compiler ABI info
-- Detecting CXX compiler ABI info - done
-- Check for working CXX compiler: /usr/bin/c++ - skipped
-- Detecting CXX compile features
-- Detecting CXX compile features - done
-- Found ament_cmake: 1.3.11 (/opt/ros/humble/share/ament_cmake/cmake)
-- Found Python3: /usr/bin/python3 (found version "3.10.12") found components: Interpreter 
-- Found ament_index_cpp: 1.4.0 (/opt/ros/humble/share/ament_index_cpp/cmake)
-- Found geometry_msgs: 4.8.0 (/opt/ros/humble/share/geometry_msgs/cmake)
-- Found rosidl_generator_c: 3.1.6 (/opt/ros/humble/share/rosidl_generator_c/cmake)
-- Found rosidl_adapter: 3.1.6 (/opt/ros/humble/share/rosidl_adapter/cmake)
-- Found rosidl_generator_cpp: 3.1.6 (/opt/ros/humble/share/rosidl_generator_cpp/cmake)
-- Using all available rosidl_typesupport_c: rosidl_typesupport_fastrtps_c;rosidl_typesupport_introspection_c
-- Using all available rosidl_typesupport_cpp: rosidl_typesupport_fastrtps_cpp;rosidl_typesupport_introspection_cpp
-- Found rclcpp: 16.0.12 (/opt/ros/humble/share/rclcpp/cmake)
-- Found rmw_implementation_cmake: 6.1.2 (/opt/ros/humble/share/rmw_implementation_cmake/cmake)
-- Found rmw_fastrtps_cpp: 6.2.6 (/opt/vulcanexus/humble/share/rmw_fastrtps_cpp/cmake)
-- Found OpenSSL: /usr/lib/x86_64-linux-gnu/libcrypto.so (found version "3.0.2")  
-- Found FastRTPS: /opt/vulcanexus/humble/include  
-- Using RMW implementation 'rmw_fastrtps_cpp' as default
-- Performing Test CMAKE_HAVE_LIBC_PTHREAD
-- Performing Test CMAKE_HAVE_LIBC_PTHREAD - Success
-- Found Threads: TRUE  
-- Found rosidl_default_generators: 1.2.0 (/opt/ros/humble/share/rosidl_default_generators/cmake)
-- Found std_srvs: 4.8.0 (/opt/ros/humble/share/std_srvs/cmake)
-- Found turtlesim: 1.4.2 (/opt/ros/humble/share/turtlesim/cmake)
-- Found ament_cmake_ros: 0.10.0 (/opt/ros/humble/share/ament_cmake_ros/cmake)
-- Using all available rosidl_typesupport_c: rosidl_typesupport_fastrtps_c;rosidl_typesupport_introspection_c
-- Using all available rosidl_typesupport_cpp: rosidl_typesupport_fastrtps_cpp;rosidl_typesupport_introspection_cpp
-- Found PythonInterp: /usr/bin/python3 (found suitable version "3.10.12", minimum required is "3.6") 
-- Found python_cmake_module: 0.10.0 (/opt/ros/humble/share/python_cmake_module/cmake)
-- Found PythonLibs: /usr/lib/x86_64-linux-gnu/libpython3.10.so (found suitable version "3.10.12", minimum required is "3.5") 
-- Using PYTHON_EXECUTABLE: /usr/bin/python3
-- Using PYTHON_INCLUDE_DIRS: /usr/include/python3.10
-- Using PYTHON_LIBRARIES: /usr/lib/x86_64-linux-gnu/libpython3.10.so
-- Found PythonExtra: .so  
-- Configuring done
-- Generating done
-- Build files have been written to: /home/david/yolocpp_ws/build/docs_turtlesim
[  1%] [34m[1mGenerating C code for ROS interfaces[0m
[  3%] [34m[1mGenerating C++ code for ROS interfaces[0m
[  3%] Built target ament_cmake_python_copy_docs_turtlesim
[  5%] [32mBuilding C object CMakeFiles/docs_turtlesim__rosidl_generator_c.dir/rosidl_generator_c/docs_turtlesim/msg/detail/keyed_twist__functions.c.o[0m
[  7%] [32mBuilding C object CMakeFiles/docs_turtlesim__rosidl_generator_c.dir/rosidl_generator_c/docs_turtlesim/msg/detail/vector3__functions.c.o[0m
[  8%] [32mBuilding C object CMakeFiles/docs_turtlesim__rosidl_generator_c.dir/rosidl_generator_c/docs_turtlesim/msg/detail/keyed_pose__functions.c.o[0m
running egg_info
creating docs_turtlesim.egg-info
writing docs_turtlesim.egg-info/PKG-INFO
writing dependency_links to docs_turtlesim.egg-info/dependency_links.txt
writing top-level names to docs_turtlesim.egg-info/top_level.txt
writing manifest file 'docs_turtlesim.egg-info/SOURCES.txt'
reading manifest file 'docs_turtlesim.egg-info/SOURCES.txt'
writing manifest file 'docs_turtlesim.egg-info/SOURCES.txt'
[  8%] Built target docs_turtlesim__cpp
[ 10%] [34m[1mGenerating C++ type support dispatch for ROS interfaces[0m
[ 12%] [34m[1mGenerating C++ type support for eProsima Fast-RTPS[0m
[ 14%] [34m[1mGenerating C++ introspection for ROS interfaces[0m
[ 16%] [32m[1mLinking C shared library libdocs_turtlesim__rosidl_generator_c.so[0m
[ 16%] Built target ament_cmake_python_build_docs_turtlesim_egg
[ 16%] Built target docs_turtlesim__rosidl_generator_c
[ 17%] [34m[1mGenerating C type support for eProsima Fast-RTPS[0m
[ 19%] [34m[1mGenerating C introspection for ROS interfaces[0m
[ 21%] [34m[1mGenerating C type support dispatch for ROS interfaces[0m
[ 23%] [32mBuilding CXX object CMakeFiles/docs_turtlesim__rosidl_typesupport_cpp.dir/rosidl_typesupport_cpp/docs_turtlesim/msg/vector3__type_support.cpp.o[0m
[ 25%] [32mBuilding CXX object CMakeFiles/docs_turtlesim__rosidl_typesupport_cpp.dir/rosidl_typesupport_cpp/docs_turtlesim/msg/keyed_twist__type_support.cpp.o[0m
[ 26%] [32mBuilding CXX object CMakeFiles/docs_turtlesim__rosidl_typesupport_cpp.dir/rosidl_typesupport_cpp/docs_turtlesim/msg/keyed_pose__type_support.cpp.o[0m
[ 28%] [32mBuilding CXX object CMakeFiles/docs_turtlesim__rosidl_typesupport_introspection_cpp.dir/rosidl_typesupport_introspection_cpp/docs_turtlesim/msg/detail/vector3__type_support.cpp.o[0m
[ 30%] [32mBuilding CXX object CMakeFiles/docs_turtlesim__rosidl_typesupport_introspection_cpp.dir/rosidl_typesupport_introspection_cpp/docs_turtlesim/msg/detail/keyed_pose__type_support.cpp.o[0m
[ 32%] [32mBuilding CXX object CMakeFiles/docs_turtlesim__rosidl_typesupport_introspection_cpp.dir/rosidl_typesupport_introspection_cpp/docs_turtlesim/msg/detail/keyed_twist__type_support.cpp.o[0m
[ 33%] [32mBuilding C object CMakeFiles/docs_turtlesim__rosidl_typesupport_introspection_c.dir/rosidl_typesupport_introspection_c/docs_turtlesim/msg/detail/vector3__type_support.c.o[0m
[ 37%] [32mBuilding C object CMakeFiles/docs_turtlesim__rosidl_typesupport_introspection_c.dir/rosidl_typesupport_introspection_c/docs_turtlesim/msg/detail/keyed_twist__type_support.c.o[0m
[ 37%] [32mBuilding C object CMakeFiles/docs_turtlesim__rosidl_typesupport_introspection_c.dir/rosidl_typesupport_introspection_c/docs_turtlesim/msg/detail/keyed_pose__type_support.c.o[0m
[ 41%] [32mBuilding CXX object CMakeFiles/docs_turtlesim__rosidl_typesupport_c.dir/rosidl_typesupport_c/docs_turtlesim/msg/keyed_twist__type_support.cpp.o[0m
[ 41%] [32mBuilding CXX object CMakeFiles/docs_turtlesim__rosidl_typesupport_c.dir/rosidl_typesupport_c/docs_turtlesim/msg/vector3__type_support.cpp.o[0m
[ 42%] [32mBuilding CXX object CMakeFiles/docs_turtlesim__rosidl_typesupport_c.dir/rosidl_typesupport_c/docs_turtlesim/msg/keyed_pose__type_support.cpp.o[0m
[ 44%] [32m[1mLinking C shared library libdocs_turtlesim__rosidl_typesupport_introspection_c.so[0m
[ 46%] [32m[1mLinking CXX shared library libdocs_turtlesim__rosidl_typesupport_c.so[0m
[ 48%] [32mBuilding CXX object CMakeFiles/docs_turtlesim__rosidl_typesupport_fastrtps_cpp.dir/rosidl_typesupport_fastrtps_cpp/docs_turtlesim/msg/detail/dds_fastrtps/vector3__type_support.cpp.o[0m
[ 50%] [32mBuilding CXX object CMakeFiles/docs_turtlesim__rosidl_typesupport_fastrtps_cpp.dir/rosidl_typesupport_fastrtps_cpp/docs_turtlesim/msg/detail/dds_fastrtps/keyed_twist__type_support.cpp.o[0m
[ 51%] [32mBuilding CXX object CMakeFiles/docs_turtlesim__rosidl_typesupport_fastrtps_cpp.dir/rosidl_typesupport_fastrtps_cpp/docs_turtlesim/msg/detail/dds_fastrtps/keyed_pose__type_support.cpp.o[0m
[ 53%] [32mBuilding CXX object CMakeFiles/docs_turtlesim__rosidl_typesupport_fastrtps_c.dir/rosidl_typesupport_fastrtps_c/docs_turtlesim/msg/detail/vector3__type_support_c.cpp.o[0m
[ 55%] [32mBuilding CXX object CMakeFiles/docs_turtlesim__rosidl_typesupport_fastrtps_c.dir/rosidl_typesupport_fastrtps_c/docs_turtlesim/msg/detail/keyed_pose__type_support_c.cpp.o[0m
[ 57%] [32mBuilding CXX object CMakeFiles/docs_turtlesim__rosidl_typesupport_fastrtps_c.dir/rosidl_typesupport_fastrtps_c/docs_turtlesim/msg/detail/keyed_twist__type_support_c.cpp.o[0m
[ 57%] Built target docs_turtlesim__rosidl_typesupport_introspection_c
[ 57%] Built target docs_turtlesim__rosidl_typesupport_c
[ 58%] [32m[1mLinking CXX shared library libdocs_turtlesim__rosidl_typesupport_cpp.so[0m
[ 58%] Built target docs_turtlesim__rosidl_typesupport_cpp
[ 60%] [34m[1mGenerating include/docs_turtlesim/moc_QtMultiTurtle.cpp[0m
[ 62%] [32m[1mLinking CXX shared library libdocs_turtlesim__rosidl_typesupport_fastrtps_c.so[0m
[ 64%] [32mBuilding CXX object CMakeFiles/turtlesim_square_move.dir/src/SquareMove.cpp.o[0m
[ 66%] [32mBuilding CXX object CMakeFiles/turtlesim_multi_control.dir/src/controller_keyed_turtle.cpp.o[0m
[ 67%] [32m[1mLinking CXX shared library libdocs_turtlesim__rosidl_typesupport_fastrtps_cpp.so[0m
[ 67%] Built target docs_turtlesim__rosidl_typesupport_fastrtps_c
[ 69%] [32m[1mLinking CXX shared library libdocs_turtlesim__rosidl_typesupport_introspection_cpp.so[0m
[ 71%] [32mBuilding CXX object CMakeFiles/turtlesim_node_keys.dir/src/QtMultiTurtle.cpp.o[0m
[ 75%] [32mBuilding CXX object CMakeFiles/turtlesim_node_keys.dir/src/KeyedTurtle.cpp.o[0m
[ 75%] [32mBuilding CXX object CMakeFiles/turtlesim_node_keys.dir/include/docs_turtlesim/moc_QtMultiTurtle.cpp.o[0m
[ 75%] Built target docs_turtlesim__rosidl_typesupport_fastrtps_cpp
[ 75%] Built target docs_turtlesim__rosidl_typesupport_introspection_cpp
[ 75%] Built target docs_turtlesim
[ 76%] [34m[1mGenerating Python code for ROS interfaces[0m
[ 76%] Built target docs_turtlesim__py
[ 82%] [32mBuilding C object CMakeFiles/docs_turtlesim__rosidl_generator_py.dir/rosidl_generator_py/docs_turtlesim/msg/_vector3_s.c.o[0m
[ 82%] [32mBuilding C object CMakeFiles/docs_turtlesim__rosidl_generator_py.dir/rosidl_generator_py/docs_turtlesim/msg/_keyed_pose_s.c.o[0m
[ 82%] [32mBuilding C object CMakeFiles/docs_turtlesim__rosidl_generator_py.dir/rosidl_generator_py/docs_turtlesim/msg/_keyed_twist_s.c.o[0m
[ 83%] [32m[1mLinking C shared library rosidl_generator_py/docs_turtlesim/libdocs_turtlesim__rosidl_generator_py.so[0m
[ 83%] Built target docs_turtlesim__rosidl_generator_py
[ 87%] [32mBuilding C object CMakeFiles/docs_turtlesim__rosidl_typesupport_fastrtps_c__pyext.dir/rosidl_generator_py/docs_turtlesim/_docs_turtlesim_s.ep.rosidl_typesupport_fastrtps_c.c.o[0m
[ 87%] [32mBuilding C object CMakeFiles/docs_turtlesim__rosidl_typesupport_introspection_c__pyext.dir/rosidl_generator_py/docs_turtlesim/_docs_turtlesim_s.ep.rosidl_typesupport_introspection_c.c.o[0m
[ 89%] [32mBuilding C object CMakeFiles/docs_turtlesim__rosidl_typesupport_c__pyext.dir/rosidl_generator_py/docs_turtlesim/_docs_turtlesim_s.ep.rosidl_typesupport_c.c.o[0m
[ 91%] [32m[1mLinking C shared library rosidl_generator_py/docs_turtlesim/docs_turtlesim_s__rosidl_typesupport_introspection_c.cpython-310-x86_64-linux-gnu.so[0m
[ 92%] [32m[1mLinking C shared library rosidl_generator_py/docs_turtlesim/docs_turtlesim_s__rosidl_typesupport_c.cpython-310-x86_64-linux-gnu.so[0m
[ 92%] Built target docs_turtlesim__rosidl_typesupport_introspection_c__pyext
[ 92%] Built target docs_turtlesim__rosidl_typesupport_c__pyext
[ 94%] [32m[1mLinking C shared library rosidl_generator_py/docs_turtlesim/docs_turtlesim_s__rosidl_typesupport_fastrtps_c.cpython-310-x86_64-linux-gnu.so[0m
[ 94%] Built target docs_turtlesim__rosidl_typesupport_fastrtps_c__pyext
[ 96%] [32m[1mLinking CXX executable turtlesim_multi_control[0m
[ 96%] Built target turtlesim_multi_control
[ 98%] [32m[1mLinking CXX executable turtlesim_square_move[0m
[100%] [32m[1mLinking CXX executable turtlesim_node_keys[0m
[100%] Built target turtlesim_square_move
[100%] Built target turtlesim_node_keys
