[0.203s] Invoking command in '/home/david/yolocpp_ws/build/docs_turtlesim': CMAKE_PREFIX_PATH=${CMAKE_PREFIX_PATH}:/opt/ros/humble PROMPT_COMMAND=echo -n \[$(date +%H:%M:%S)\]\ /home/david/.local/bin/cmake /home/david/yolocpp_ws/vulcanexus/code/turtlesim -DTRT_PATH=/usr -DCMAKE_CUDA_ARCHITECTURES=89 -DCMAKE_CUDA_COMPILER=/usr/local/cuda-12.9/bin/nvcc -DCMAKE_INSTALL_PREFIX=/home/david/yolocpp_ws/install/docs_turtlesim
[0.396s] -- The C compiler identification is GNU 11.4.0
[0.396s] -- The CXX compiler identification is GNU 11.4.0
[0.397s] -- Detecting C compiler ABI info
[0.397s] -- Detecting C compiler ABI info - done
[0.397s] -- Check for working C compiler: /usr/bin/cc - skipped
[0.397s] -- Detecting C compile features
[0.397s] -- Detecting C compile features - done
[0.397s] -- Detecting CXX compiler ABI info
[0.417s] -- Detecting CXX compiler ABI info - done
[0.426s] -- Check for working CXX compiler: /usr/bin/c++ - skipped
[0.427s] -- Detecting CXX compile features
[0.427s] -- Detecting CXX compile features - done
[0.432s] -- Found ament_cmake: 1.3.11 (/opt/ros/humble/share/ament_cmake/cmake)
[0.532s] -- Found Python3: /usr/bin/python3 (found version "3.10.12") found components: Interpreter 
[0.635s] -- Found ament_index_cpp: 1.4.0 (/opt/ros/humble/share/ament_index_cpp/cmake)
[0.635s] -- Found geometry_msgs: 4.8.0 (/opt/ros/humble/share/geometry_msgs/cmake)
[0.666s] -- Found rosidl_generator_c: 3.1.6 (/opt/ros/humble/share/rosidl_generator_c/cmake)
[0.673s] -- Found rosidl_adapter: 3.1.6 (/opt/ros/humble/share/rosidl_adapter/cmake)
[0.680s] -- Found rosidl_generator_cpp: 3.1.6 (/opt/ros/humble/share/rosidl_generator_cpp/cmake)
[0.694s] -- Using all available rosidl_typesupport_c: rosidl_typesupport_fastrtps_c;rosidl_typesupport_introspection_c
[0.712s] -- Using all available rosidl_typesupport_cpp: rosidl_typesupport_fastrtps_cpp;rosidl_typesupport_introspection_cpp
[0.764s] -- Found rclcpp: 16.0.12 (/opt/ros/humble/share/rclcpp/cmake)
[0.799s] -- Found rmw_implementation_cmake: 6.1.2 (/opt/ros/humble/share/rmw_implementation_cmake/cmake)
[0.801s] -- Found rmw_fastrtps_cpp: 6.2.6 (/opt/vulcanexus/humble/share/rmw_fastrtps_cpp/cmake)
[0.863s] -- Found OpenSSL: /usr/lib/x86_64-linux-gnu/libcrypto.so (found version "3.0.2")  
[0.886s] -- Found FastRTPS: /opt/vulcanexus/humble/include  
[0.917s] -- Using RMW implementation 'rmw_fastrtps_cpp' as default
[0.924s] -- Performing Test CMAKE_HAVE_LIBC_PTHREAD
[0.971s] -- Performing Test CMAKE_HAVE_LIBC_PTHREAD - Success
[0.971s] -- Found Threads: TRUE  
[1.004s] -- Found rosidl_default_generators: 1.2.0 (/opt/ros/humble/share/rosidl_default_generators/cmake)
[1.014s] -- Found std_srvs: 4.8.0 (/opt/ros/humble/share/std_srvs/cmake)
[1.024s] -- Found turtlesim: 1.4.2 (/opt/ros/humble/share/turtlesim/cmake)
[1.139s] -- Found ament_cmake_ros: 0.10.0 (/opt/ros/humble/share/ament_cmake_ros/cmake)
[1.256s] -- Using all available rosidl_typesupport_c: rosidl_typesupport_fastrtps_c;rosidl_typesupport_introspection_c
[1.295s] -- Using all available rosidl_typesupport_cpp: rosidl_typesupport_fastrtps_cpp;rosidl_typesupport_introspection_cpp
[1.313s] -- Found PythonInterp: /usr/bin/python3 (found suitable version "3.10.12", minimum required is "3.6") 
[1.316s] -- Found python_cmake_module: 0.10.0 (/opt/ros/humble/share/python_cmake_module/cmake)
[1.338s] -- Found PythonLibs: /usr/lib/x86_64-linux-gnu/libpython3.10.so (found suitable version "3.10.12", minimum required is "3.5") 
[1.338s] -- Using PYTHON_EXECUTABLE: /usr/bin/python3
[1.338s] -- Using PYTHON_INCLUDE_DIRS: /usr/include/python3.10
[1.338s] -- Using PYTHON_LIBRARIES: /usr/lib/x86_64-linux-gnu/libpython3.10.so
[1.358s] -- Found PythonExtra: .so  
[1.389s] -- Configuring done
[1.412s] -- Generating done
[1.414s] [33mCMake Warning:
[1.414s]   Manually-specified variables were not used by the project:
[1.414s] 
[1.414s]     CMAKE_CUDA_COMPILER
[1.414s]     TRT_PATH
[1.414s] 
[1.414s] [0m
[1.421s] -- Build files have been written to: /home/david/yolocpp_ws/build/docs_turtlesim
[1.431s] Invoked command in '/home/david/yolocpp_ws/build/docs_turtlesim' returned '0': CMAKE_PREFIX_PATH=${CMAKE_PREFIX_PATH}:/opt/ros/humble PROMPT_COMMAND=echo -n \[$(date +%H:%M:%S)\]\ /home/david/.local/bin/cmake /home/david/yolocpp_ws/vulcanexus/code/turtlesim -DTRT_PATH=/usr -DCMAKE_CUDA_ARCHITECTURES=89 -DCMAKE_CUDA_COMPILER=/usr/local/cuda-12.9/bin/nvcc -DCMAKE_INSTALL_PREFIX=/home/david/yolocpp_ws/install/docs_turtlesim
[1.432s] Invoking command in '/home/david/yolocpp_ws/build/docs_turtlesim': CMAKE_PREFIX_PATH=${CMAKE_PREFIX_PATH}:/opt/ros/humble PROMPT_COMMAND=echo -n \[$(date +%H:%M:%S)\]\ /home/david/.local/bin/cmake --build /home/david/yolocpp_ws/build/docs_turtlesim -- -j32 -l32
[1.465s] [  1%] [34m[1mGenerating C code for ROS interfaces[0m
[1.468s] [  3%] [34m[1mGenerating C++ code for ROS interfaces[0m
[1.470s] [  3%] Built target ament_cmake_python_copy_docs_turtlesim
[1.627s] [  5%] [32mBuilding C object CMakeFiles/docs_turtlesim__rosidl_generator_c.dir/rosidl_generator_c/docs_turtlesim/msg/detail/keyed_twist__functions.c.o[0m
[1.627s] [  7%] [32mBuilding C object CMakeFiles/docs_turtlesim__rosidl_generator_c.dir/rosidl_generator_c/docs_turtlesim/msg/detail/vector3__functions.c.o[0m
[1.627s] [  8%] [32mBuilding C object CMakeFiles/docs_turtlesim__rosidl_generator_c.dir/rosidl_generator_c/docs_turtlesim/msg/detail/keyed_pose__functions.c.o[0m
[1.645s] running egg_info
[1.645s] creating docs_turtlesim.egg-info
[1.645s] writing docs_turtlesim.egg-info/PKG-INFO
[1.645s] writing dependency_links to docs_turtlesim.egg-info/dependency_links.txt
[1.645s] writing top-level names to docs_turtlesim.egg-info/top_level.txt
[1.646s] writing manifest file 'docs_turtlesim.egg-info/SOURCES.txt'
[1.647s] reading manifest file 'docs_turtlesim.egg-info/SOURCES.txt'
[1.647s] writing manifest file 'docs_turtlesim.egg-info/SOURCES.txt'
[1.652s] [  8%] Built target docs_turtlesim__cpp
[1.656s] [ 10%] [34m[1mGenerating C++ type support dispatch for ROS interfaces[0m
[1.656s] [ 12%] [34m[1mGenerating C++ type support for eProsima Fast-RTPS[0m
[1.656s] [ 14%] [34m[1mGenerating C++ introspection for ROS interfaces[0m
[1.659s] [ 16%] [32m[1mLinking C shared library libdocs_turtlesim__rosidl_generator_c.so[0m
[1.660s] [ 16%] Built target ament_cmake_python_build_docs_turtlesim_egg
[1.679s] [ 16%] Built target docs_turtlesim__rosidl_generator_c
[1.683s] [ 17%] [34m[1mGenerating C type support for eProsima Fast-RTPS[0m
[1.683s] [ 19%] [34m[1mGenerating C introspection for ROS interfaces[0m
[1.683s] [ 21%] [34m[1mGenerating C type support dispatch for ROS interfaces[0m
[1.782s] [ 23%] [32mBuilding CXX object CMakeFiles/docs_turtlesim__rosidl_typesupport_cpp.dir/rosidl_typesupport_cpp/docs_turtlesim/msg/vector3__type_support.cpp.o[0m
[1.782s] [ 25%] [32mBuilding CXX object CMakeFiles/docs_turtlesim__rosidl_typesupport_cpp.dir/rosidl_typesupport_cpp/docs_turtlesim/msg/keyed_twist__type_support.cpp.o[0m
[1.782s] [ 26%] [32mBuilding CXX object CMakeFiles/docs_turtlesim__rosidl_typesupport_cpp.dir/rosidl_typesupport_cpp/docs_turtlesim/msg/keyed_pose__type_support.cpp.o[0m
[1.818s] [ 28%] [32mBuilding CXX object CMakeFiles/docs_turtlesim__rosidl_typesupport_introspection_cpp.dir/rosidl_typesupport_introspection_cpp/docs_turtlesim/msg/detail/vector3__type_support.cpp.o[0m
[1.818s] [ 30%] [32mBuilding CXX object CMakeFiles/docs_turtlesim__rosidl_typesupport_introspection_cpp.dir/rosidl_typesupport_introspection_cpp/docs_turtlesim/msg/detail/keyed_pose__type_support.cpp.o[0m
[1.818s] [ 32%] [32mBuilding CXX object CMakeFiles/docs_turtlesim__rosidl_typesupport_introspection_cpp.dir/rosidl_typesupport_introspection_cpp/docs_turtlesim/msg/detail/keyed_twist__type_support.cpp.o[0m
[1.825s] [ 33%] [32mBuilding C object CMakeFiles/docs_turtlesim__rosidl_typesupport_introspection_c.dir/rosidl_typesupport_introspection_c/docs_turtlesim/msg/detail/vector3__type_support.c.o[0m
[1.826s] [ 37%] [32mBuilding C object CMakeFiles/docs_turtlesim__rosidl_typesupport_introspection_c.dir/rosidl_typesupport_introspection_c/docs_turtlesim/msg/detail/keyed_twist__type_support.c.o[0m
[1.826s] [ 37%] [32mBuilding C object CMakeFiles/docs_turtlesim__rosidl_typesupport_introspection_c.dir/rosidl_typesupport_introspection_c/docs_turtlesim/msg/detail/keyed_pose__type_support.c.o[0m
[1.834s] [ 41%] [32mBuilding CXX object CMakeFiles/docs_turtlesim__rosidl_typesupport_c.dir/rosidl_typesupport_c/docs_turtlesim/msg/keyed_twist__type_support.cpp.o[0m
[1.834s] [ 41%] [32mBuilding CXX object CMakeFiles/docs_turtlesim__rosidl_typesupport_c.dir/rosidl_typesupport_c/docs_turtlesim/msg/vector3__type_support.cpp.o[0m
[1.834s] [ 42%] [32mBuilding CXX object CMakeFiles/docs_turtlesim__rosidl_typesupport_c.dir/rosidl_typesupport_c/docs_turtlesim/msg/keyed_pose__type_support.cpp.o[0m
[1.849s] [ 44%] [32m[1mLinking C shared library libdocs_turtlesim__rosidl_typesupport_introspection_c.so[0m
[1.849s] [ 46%] [32m[1mLinking CXX shared library libdocs_turtlesim__rosidl_typesupport_c.so[0m
[1.851s] [ 48%] [32mBuilding CXX object CMakeFiles/docs_turtlesim__rosidl_typesupport_fastrtps_cpp.dir/rosidl_typesupport_fastrtps_cpp/docs_turtlesim/msg/detail/dds_fastrtps/vector3__type_support.cpp.o[0m
[1.851s] [ 50%] [32mBuilding CXX object CMakeFiles/docs_turtlesim__rosidl_typesupport_fastrtps_cpp.dir/rosidl_typesupport_fastrtps_cpp/docs_turtlesim/msg/detail/dds_fastrtps/keyed_twist__type_support.cpp.o[0m
[1.852s] [ 51%] [32mBuilding CXX object CMakeFiles/docs_turtlesim__rosidl_typesupport_fastrtps_cpp.dir/rosidl_typesupport_fastrtps_cpp/docs_turtlesim/msg/detail/dds_fastrtps/keyed_pose__type_support.cpp.o[0m
[1.856s] [ 53%] [32mBuilding CXX object CMakeFiles/docs_turtlesim__rosidl_typesupport_fastrtps_c.dir/rosidl_typesupport_fastrtps_c/docs_turtlesim/msg/detail/vector3__type_support_c.cpp.o[0m
[1.857s] [ 55%] [32mBuilding CXX object CMakeFiles/docs_turtlesim__rosidl_typesupport_fastrtps_c.dir/rosidl_typesupport_fastrtps_c/docs_turtlesim/msg/detail/keyed_pose__type_support_c.cpp.o[0m
[1.857s] [ 57%] [32mBuilding CXX object CMakeFiles/docs_turtlesim__rosidl_typesupport_fastrtps_c.dir/rosidl_typesupport_fastrtps_c/docs_turtlesim/msg/detail/keyed_twist__type_support_c.cpp.o[0m
[1.864s] [ 57%] Built target docs_turtlesim__rosidl_typesupport_introspection_c
[1.867s] [ 57%] Built target docs_turtlesim__rosidl_typesupport_c
[2.030s] [ 58%] [32m[1mLinking CXX shared library libdocs_turtlesim__rosidl_typesupport_cpp.so[0m
[2.051s] [ 58%] Built target docs_turtlesim__rosidl_typesupport_cpp
[2.056s] [ 60%] [34m[1mGenerating include/docs_turtlesim/moc_QtMultiTurtle.cpp[0m
[2.058s] [ 62%] [32m[1mLinking CXX shared library libdocs_turtlesim__rosidl_typesupport_fastrtps_c.so[0m
[2.059s] [ 64%] [32mBuilding CXX object CMakeFiles/turtlesim_square_move.dir/src/SquareMove.cpp.o[0m
[2.059s] [ 66%] [32mBuilding CXX object CMakeFiles/turtlesim_multi_control.dir/src/controller_keyed_turtle.cpp.o[0m
[2.085s] [ 67%] [32m[1mLinking CXX shared library libdocs_turtlesim__rosidl_typesupport_fastrtps_cpp.so[0m
[2.096s] [ 67%] Built target docs_turtlesim__rosidl_typesupport_fastrtps_c
[2.101s] [ 69%] [32m[1mLinking CXX shared library libdocs_turtlesim__rosidl_typesupport_introspection_cpp.so[0m
[2.112s] [ 71%] [32mBuilding CXX object CMakeFiles/turtlesim_node_keys.dir/src/QtMultiTurtle.cpp.o[0m
[2.112s] [ 75%] [32mBuilding CXX object CMakeFiles/turtlesim_node_keys.dir/src/KeyedTurtle.cpp.o[0m
[2.112s] [ 75%] [32mBuilding CXX object CMakeFiles/turtlesim_node_keys.dir/include/docs_turtlesim/moc_QtMultiTurtle.cpp.o[0m
[2.121s] [ 75%] Built target docs_turtlesim__rosidl_typesupport_fastrtps_cpp
[2.138s] [ 75%] Built target docs_turtlesim__rosidl_typesupport_introspection_cpp
[2.145s] [ 75%] Built target docs_turtlesim
[2.153s] [ 76%] [34m[1mGenerating Python code for ROS interfaces[0m
[2.363s] [ 76%] Built target docs_turtlesim__py
[2.372s] [ 82%] [32mBuilding C object CMakeFiles/docs_turtlesim__rosidl_generator_py.dir/rosidl_generator_py/docs_turtlesim/msg/_vector3_s.c.o[0m
[2.372s] [ 82%] [32mBuilding C object CMakeFiles/docs_turtlesim__rosidl_generator_py.dir/rosidl_generator_py/docs_turtlesim/msg/_keyed_pose_s.c.o[0m
[2.372s] [ 82%] [32mBuilding C object CMakeFiles/docs_turtlesim__rosidl_generator_py.dir/rosidl_generator_py/docs_turtlesim/msg/_keyed_twist_s.c.o[0m
[2.453s] [ 83%] [32m[1mLinking C shared library rosidl_generator_py/docs_turtlesim/libdocs_turtlesim__rosidl_generator_py.so[0m
[2.472s] [ 83%] Built target docs_turtlesim__rosidl_generator_py
[2.481s] [ 87%] [32mBuilding C object CMakeFiles/docs_turtlesim__rosidl_typesupport_fastrtps_c__pyext.dir/rosidl_generator_py/docs_turtlesim/_docs_turtlesim_s.ep.rosidl_typesupport_fastrtps_c.c.o[0m
[2.481s] [ 87%] [32mBuilding C object CMakeFiles/docs_turtlesim__rosidl_typesupport_introspection_c__pyext.dir/rosidl_generator_py/docs_turtlesim/_docs_turtlesim_s.ep.rosidl_typesupport_introspection_c.c.o[0m
[2.482s] [ 89%] [32mBuilding C object CMakeFiles/docs_turtlesim__rosidl_typesupport_c__pyext.dir/rosidl_generator_py/docs_turtlesim/_docs_turtlesim_s.ep.rosidl_typesupport_c.c.o[0m
[2.532s] [ 91%] [32m[1mLinking C shared library rosidl_generator_py/docs_turtlesim/docs_turtlesim_s__rosidl_typesupport_introspection_c.cpython-310-x86_64-linux-gnu.so[0m
[2.535s] [ 92%] [32m[1mLinking C shared library rosidl_generator_py/docs_turtlesim/docs_turtlesim_s__rosidl_typesupport_c.cpython-310-x86_64-linux-gnu.so[0m
[2.550s] [ 92%] Built target docs_turtlesim__rosidl_typesupport_introspection_c__pyext
[2.552s] [ 92%] Built target docs_turtlesim__rosidl_typesupport_c__pyext
[2.554s] [ 94%] [32m[1mLinking C shared library rosidl_generator_py/docs_turtlesim/docs_turtlesim_s__rosidl_typesupport_fastrtps_c.cpython-310-x86_64-linux-gnu.so[0m
[2.571s] [ 94%] Built target docs_turtlesim__rosidl_typesupport_fastrtps_c__pyext
[5.882s] [ 96%] [32m[1mLinking CXX executable turtlesim_multi_control[0m
[6.072s] [ 96%] Built target turtlesim_multi_control
[6.212s] [ 98%] [32m[1mLinking CXX executable turtlesim_square_move[0m
[6.243s] [100%] [32m[1mLinking CXX executable turtlesim_node_keys[0m
[6.455s] [100%] Built target turtlesim_square_move
[6.611s] [100%] Built target turtlesim_node_keys
