[0.184s] [34mcolcon[0m [1;30mDEBUG[0m [32mCommand line arguments: ['/usr/bin/colcon', 'build', '--cmake-args', '-DTRT_PATH=/usr', '-DCMAKE_CUDA_ARCHITECTURES=89', '-DCMAKE_CUDA_COMPILER=/usr/local/cuda-12.9/bin/nvcc'][0m
[0.184s] [34mcolcon[0m [1;30mDEBUG[0m [32mParsed command line arguments: Namespace(log_base=None, log_level=None, verb_name='build', build_base='build', install_base='install', merge_install=False, symlink_install=False, test_result_base=None, continue_on_error=False, executor='parallel', parallel_workers=32, event_handlers=None, ignore_user_meta=False, metas=['./colcon.meta'], base_paths=['.'], packages_ignore=None, packages_ignore_regex=None, paths=None, packages_up_to=None, packages_up_to_regex=None, packages_above=None, packages_above_and_dependencies=None, packages_above_depth=None, packages_select_by_dep=None, packages_skip_by_dep=None, packages_skip_up_to=None, packages_select_build_failed=False, packages_skip_build_finished=False, packages_select_test_failures=False, packages_skip_test_passed=False, packages_select=None, packages_skip=None, packages_select_regex=None, packages_skip_regex=None, packages_start=None, packages_end=None, allow_overriding=[], cmake_args=['-DTRT_PATH=/usr', '-DCMAKE_CUDA_ARCHITECTURES=89', '-DCMAKE_CUDA_COMPILER=/usr/local/cuda-12.9/bin/nvcc'], cmake_target=None, cmake_target_skip_unavailable=False, cmake_clean_cache=False, cmake_clean_first=False, cmake_force_configure=False, ament_cmake_args=None, catkin_cmake_args=None, catkin_skip_building_tests=False, verb_parser=<colcon_defaults.argument_parser.defaults.DefaultArgumentsDecorator object at 0x7911d9056710>, verb_extension=<colcon_core.verb.build.BuildVerb object at 0x7911d9055d80>, main=<bound method BuildVerb.main of <colcon_core.verb.build.BuildVerb object at 0x7911d9055d80>>)[0m
[0.223s] [34mcolcon.colcon_core.package_discovery[0m [1;30mLevel 1[0m discover_packages(colcon_meta) check parameters
[0.223s] [34mcolcon.colcon_core.package_discovery[0m [1;30mLevel 1[0m discover_packages(recursive) check parameters
[0.223s] [34mcolcon.colcon_core.package_discovery[0m [1;30mLevel 1[0m discover_packages(ignore) check parameters
[0.223s] [34mcolcon.colcon_core.package_discovery[0m [1;30mLevel 1[0m discover_packages(path) check parameters
[0.223s] [34mcolcon.colcon_core.package_discovery[0m [1;30mLevel 1[0m discover_packages(colcon_meta) discover
[0.223s] [34mcolcon.colcon_core.package_discovery[0m [1;30mLevel 1[0m discover_packages(recursive) discover
[0.223s] [34mcolcon.colcon_core.package_discovery[0m [1;30mINFO[0m Crawling recursively for packages in '/home/david/yolocpp_ws'
[0.223s] [34mcolcon.colcon_core.package_identification[0m [1;30mLevel 1[0m _identify(.) by extensions ['ignore', 'ignore_ament_install']
[0.223s] [34mcolcon.colcon_core.package_identification[0m [1;30mLevel 1[0m _identify(.) by extension 'ignore'
[0.223s] [34mcolcon.colcon_core.package_identification[0m [1;30mLevel 1[0m _identify(.) by extension 'ignore_ament_install'
[0.223s] [34mcolcon.colcon_core.package_identification[0m [1;30mLevel 1[0m _identify(.) by extensions ['colcon_pkg']
[0.223s] [34mcolcon.colcon_core.package_identification[0m [1;30mLevel 1[0m _identify(.) by extension 'colcon_pkg'
[0.223s] [34mcolcon.colcon_core.package_identification[0m [1;30mLevel 1[0m _identify(.) by extensions ['colcon_meta']
[0.223s] [34mcolcon.colcon_core.package_identification[0m [1;30mLevel 1[0m _identify(.) by extension 'colcon_meta'
[0.223s] [34mcolcon.colcon_core.package_identification[0m [1;30mLevel 1[0m _identify(.) by extensions ['ros']
[0.223s] [34mcolcon.colcon_core.package_identification[0m [1;30mLevel 1[0m _identify(.) by extension 'ros'
[0.235s] [34mcolcon.colcon_core.package_identification[0m [1;30mLevel 1[0m _identify(.) by extensions ['cmake', 'python']
[0.236s] [34mcolcon.colcon_core.package_identification[0m [1;30mLevel 1[0m _identify(.) by extension 'cmake'
[0.236s] [34mcolcon.colcon_core.package_identification[0m [1;30mLevel 1[0m _identify(.) by extension 'python'
[0.236s] [34mcolcon.colcon_core.package_identification[0m [1;30mLevel 1[0m _identify(.) by extensions ['python_setup_py']
[0.236s] [34mcolcon.colcon_core.package_identification[0m [1;30mLevel 1[0m _identify(.) by extension 'python_setup_py'
[0.236s] [34mcolcon.colcon_core.package_identification[0m [1;30mLevel 1[0m _identify(assets) by extensions ['ignore', 'ignore_ament_install']
[0.236s] [34mcolcon.colcon_core.package_identification[0m [1;30mLevel 1[0m _identify(assets) by extension 'ignore'
[0.236s] [34mcolcon.colcon_core.package_identification[0m [1;30mLevel 1[0m _identify(assets) by extension 'ignore_ament_install'
[0.236s] [34mcolcon.colcon_core.package_identification[0m [1;30mLevel 1[0m _identify(assets) by extensions ['colcon_pkg']
[0.236s] [34mcolcon.colcon_core.package_identification[0m [1;30mLevel 1[0m _identify(assets) by extension 'colcon_pkg'
[0.236s] [34mcolcon.colcon_core.package_identification[0m [1;30mLevel 1[0m _identify(assets) by extensions ['colcon_meta']
[0.236s] [34mcolcon.colcon_core.package_identification[0m [1;30mLevel 1[0m _identify(assets) by extension 'colcon_meta'
[0.236s] [34mcolcon.colcon_core.package_identification[0m [1;30mLevel 1[0m _identify(assets) by extensions ['ros']
[0.236s] [34mcolcon.colcon_core.package_identification[0m [1;30mLevel 1[0m _identify(assets) by extension 'ros'
[0.236s] [34mcolcon.colcon_core.package_identification[0m [1;30mLevel 1[0m _identify(assets) by extensions ['cmake', 'python']
[0.236s] [34mcolcon.colcon_core.package_identification[0m [1;30mLevel 1[0m _identify(assets) by extension 'cmake'
[0.236s] [34mcolcon.colcon_core.package_identification[0m [1;30mLevel 1[0m _identify(assets) by extension 'python'
[0.236s] [34mcolcon.colcon_core.package_identification[0m [1;30mLevel 1[0m _identify(assets) by extensions ['python_setup_py']
[0.236s] [34mcolcon.colcon_core.package_identification[0m [1;30mLevel 1[0m _identify(assets) by extension 'python_setup_py'
[0.236s] [34mcolcon.colcon_core.package_identification[0m [1;30mLevel 1[0m _identify(build) by extensions ['ignore', 'ignore_ament_install']
[0.236s] [34mcolcon.colcon_core.package_identification[0m [1;30mLevel 1[0m _identify(build) by extension 'ignore'
[0.236s] [34mcolcon.colcon_core.package_identification[0m [1;30mLevel 1[0m _identify(build) ignored
[0.236s] [34mcolcon.colcon_core.package_identification[0m [1;30mLevel 1[0m _identify(install) by extensions ['ignore', 'ignore_ament_install']
[0.236s] [34mcolcon.colcon_core.package_identification[0m [1;30mLevel 1[0m _identify(install) by extension 'ignore'
[0.236s] [34mcolcon.colcon_core.package_identification[0m [1;30mLevel 1[0m _identify(install) ignored
[0.236s] [34mcolcon.colcon_core.package_identification[0m [1;30mLevel 1[0m _identify(log) by extensions ['ignore', 'ignore_ament_install']
[0.236s] [34mcolcon.colcon_core.package_identification[0m [1;30mLevel 1[0m _identify(log) by extension 'ignore'
[0.236s] [34mcolcon.colcon_core.package_identification[0m [1;30mLevel 1[0m _identify(log) ignored
[0.236s] [34mcolcon.colcon_core.package_identification[0m [1;30mLevel 1[0m _identify(ros_videos) by extensions ['ignore', 'ignore_ament_install']
[0.236s] [34mcolcon.colcon_core.package_identification[0m [1;30mLevel 1[0m _identify(ros_videos) by extension 'ignore'
[0.236s] [34mcolcon.colcon_core.package_identification[0m [1;30mLevel 1[0m _identify(ros_videos) by extension 'ignore_ament_install'
[0.236s] [34mcolcon.colcon_core.package_identification[0m [1;30mLevel 1[0m _identify(ros_videos) by extensions ['colcon_pkg']
[0.236s] [34mcolcon.colcon_core.package_identification[0m [1;30mLevel 1[0m _identify(ros_videos) by extension 'colcon_pkg'
[0.236s] [34mcolcon.colcon_core.package_identification[0m [1;30mLevel 1[0m _identify(ros_videos) by extensions ['colcon_meta']
[0.236s] [34mcolcon.colcon_core.package_identification[0m [1;30mLevel 1[0m _identify(ros_videos) by extension 'colcon_meta'
[0.236s] [34mcolcon.colcon_core.package_identification[0m [1;30mLevel 1[0m _identify(ros_videos) by extensions ['ros']
[0.236s] [34mcolcon.colcon_core.package_identification[0m [1;30mLevel 1[0m _identify(ros_videos) by extension 'ros'
[0.237s] [34mcolcon.colcon_core.package_identification[0m [1;30mLevel 1[0m _identify(ros_videos) by extensions ['cmake', 'python']
[0.237s] [34mcolcon.colcon_core.package_identification[0m [1;30mLevel 1[0m _identify(ros_videos) by extension 'cmake'
[0.237s] [34mcolcon.colcon_core.package_identification[0m [1;30mLevel 1[0m _identify(ros_videos) by extension 'python'
[0.237s] [34mcolcon.colcon_core.package_identification[0m [1;30mLevel 1[0m _identify(ros_videos) by extensions ['python_setup_py']
[0.237s] [34mcolcon.colcon_core.package_identification[0m [1;30mLevel 1[0m _identify(ros_videos) by extension 'python_setup_py'
[0.237s] [34mcolcon.colcon_core.package_identification[0m [1;30mLevel 1[0m _identify(ros_videos/segment_node_3P_out) by extensions ['ignore', 'ignore_ament_install']
[0.237s] [34mcolcon.colcon_core.package_identification[0m [1;30mLevel 1[0m _identify(ros_videos/segment_node_3P_out) by extension 'ignore'
[0.237s] [34mcolcon.colcon_core.package_identification[0m [1;30mLevel 1[0m _identify(ros_videos/segment_node_3P_out) by extension 'ignore_ament_install'
[0.237s] [34mcolcon.colcon_core.package_identification[0m [1;30mLevel 1[0m _identify(ros_videos/segment_node_3P_out) by extensions ['colcon_pkg']
[0.237s] [34mcolcon.colcon_core.package_identification[0m [1;30mLevel 1[0m _identify(ros_videos/segment_node_3P_out) by extension 'colcon_pkg'
[0.237s] [34mcolcon.colcon_core.package_identification[0m [1;30mLevel 1[0m _identify(ros_videos/segment_node_3P_out) by extensions ['colcon_meta']
[0.237s] [34mcolcon.colcon_core.package_identification[0m [1;30mLevel 1[0m _identify(ros_videos/segment_node_3P_out) by extension 'colcon_meta'
[0.237s] [34mcolcon.colcon_core.package_identification[0m [1;30mLevel 1[0m _identify(ros_videos/segment_node_3P_out) by extensions ['ros']
[0.237s] [34mcolcon.colcon_core.package_identification[0m [1;30mLevel 1[0m _identify(ros_videos/segment_node_3P_out) by extension 'ros'
[0.237s] [34mcolcon.colcon_core.package_identification[0m [1;30mLevel 1[0m _identify(ros_videos/segment_node_3P_out) by extensions ['cmake', 'python']
[0.237s] [34mcolcon.colcon_core.package_identification[0m [1;30mLevel 1[0m _identify(ros_videos/segment_node_3P_out) by extension 'cmake'
[0.237s] [34mcolcon.colcon_core.package_identification[0m [1;30mLevel 1[0m _identify(ros_videos/segment_node_3P_out) by extension 'python'
[0.237s] [34mcolcon.colcon_core.package_identification[0m [1;30mLevel 1[0m _identify(ros_videos/segment_node_3P_out) by extensions ['python_setup_py']
[0.237s] [34mcolcon.colcon_core.package_identification[0m [1;30mLevel 1[0m _identify(ros_videos/segment_node_3P_out) by extension 'python_setup_py'
[0.237s] [34mcolcon.colcon_core.package_identification[0m [1;30mLevel 1[0m _identify(scripts) by extensions ['ignore', 'ignore_ament_install']
[0.237s] [34mcolcon.colcon_core.package_identification[0m [1;30mLevel 1[0m _identify(scripts) by extension 'ignore'
[0.237s] [34mcolcon.colcon_core.package_identification[0m [1;30mLevel 1[0m _identify(scripts) by extension 'ignore_ament_install'
[0.237s] [34mcolcon.colcon_core.package_identification[0m [1;30mLevel 1[0m _identify(scripts) by extensions ['colcon_pkg']
[0.237s] [34mcolcon.colcon_core.package_identification[0m [1;30mLevel 1[0m _identify(scripts) by extension 'colcon_pkg'
[0.237s] [34mcolcon.colcon_core.package_identification[0m [1;30mLevel 1[0m _identify(scripts) by extensions ['colcon_meta']
[0.237s] [34mcolcon.colcon_core.package_identification[0m [1;30mLevel 1[0m _identify(scripts) by extension 'colcon_meta'
[0.237s] [34mcolcon.colcon_core.package_identification[0m [1;30mLevel 1[0m _identify(scripts) by extensions ['ros']
[0.237s] [34mcolcon.colcon_core.package_identification[0m [1;30mLevel 1[0m _identify(scripts) by extension 'ros'
[0.237s] [34mcolcon.colcon_core.package_identification[0m [1;30mLevel 1[0m _identify(scripts) by extensions ['cmake', 'python']
[0.237s] [34mcolcon.colcon_core.package_identification[0m [1;30mLevel 1[0m _identify(scripts) by extension 'cmake'
[0.237s] [34mcolcon.colcon_core.package_identification[0m [1;30mLevel 1[0m _identify(scripts) by extension 'python'
[0.237s] [34mcolcon.colcon_core.package_identification[0m [1;30mLevel 1[0m _identify(scripts) by extensions ['python_setup_py']
[0.237s] [34mcolcon.colcon_core.package_identification[0m [1;30mLevel 1[0m _identify(scripts) by extension 'python_setup_py'
[0.237s] [34mcolcon.colcon_core.package_identification[0m [1;30mLevel 1[0m _identify(src) by extensions ['ignore', 'ignore_ament_install']
[0.237s] [34mcolcon.colcon_core.package_identification[0m [1;30mLevel 1[0m _identify(src) by extension 'ignore'
[0.237s] [34mcolcon.colcon_core.package_identification[0m [1;30mLevel 1[0m _identify(src) by extension 'ignore_ament_install'
[0.237s] [34mcolcon.colcon_core.package_identification[0m [1;30mLevel 1[0m _identify(src) by extensions ['colcon_pkg']
[0.237s] [34mcolcon.colcon_core.package_identification[0m [1;30mLevel 1[0m _identify(src) by extension 'colcon_pkg'
[0.237s] [34mcolcon.colcon_core.package_identification[0m [1;30mLevel 1[0m _identify(src) by extensions ['colcon_meta']
[0.237s] [34mcolcon.colcon_core.package_identification[0m [1;30mLevel 1[0m _identify(src) by extension 'colcon_meta'
[0.237s] [34mcolcon.colcon_core.package_identification[0m [1;30mLevel 1[0m _identify(src) by extensions ['ros']
[0.237s] [34mcolcon.colcon_core.package_identification[0m [1;30mLevel 1[0m _identify(src) by extension 'ros'
[0.237s] [34mcolcon.colcon_core.package_identification[0m [1;30mLevel 1[0m _identify(src) by extensions ['cmake', 'python']
[0.237s] [34mcolcon.colcon_core.package_identification[0m [1;30mLevel 1[0m _identify(src) by extension 'cmake'
[0.237s] [34mcolcon.colcon_core.package_identification[0m [1;30mLevel 1[0m _identify(src) by extension 'python'
[0.237s] [34mcolcon.colcon_core.package_identification[0m [1;30mLevel 1[0m _identify(src) by extensions ['python_setup_py']
[0.237s] [34mcolcon.colcon_core.package_identification[0m [1;30mLevel 1[0m _identify(src) by extension 'python_setup_py'
[0.238s] [34mcolcon.colcon_core.package_identification[0m [1;30mLevel 1[0m _identify(src/TensorRT-YOLO) by extensions ['ignore', 'ignore_ament_install']
[0.238s] [34mcolcon.colcon_core.package_identification[0m [1;30mLevel 1[0m _identify(src/TensorRT-YOLO) by extension 'ignore'
[0.238s] [34mcolcon.colcon_core.package_identification[0m [1;30mLevel 1[0m _identify(src/TensorRT-YOLO) by extension 'ignore_ament_install'
[0.238s] [34mcolcon.colcon_core.package_identification[0m [1;30mLevel 1[0m _identify(src/TensorRT-YOLO) by extensions ['colcon_pkg']
[0.238s] [34mcolcon.colcon_core.package_identification[0m [1;30mLevel 1[0m _identify(src/TensorRT-YOLO) by extension 'colcon_pkg'
[0.238s] [34mcolcon.colcon_core.package_identification[0m [1;30mLevel 1[0m _identify(src/TensorRT-YOLO) by extensions ['colcon_meta']
[0.238s] [34mcolcon.colcon_core.package_identification[0m [1;30mLevel 1[0m _identify(src/TensorRT-YOLO) by extension 'colcon_meta'
[0.238s] [34mcolcon.colcon_core.package_identification[0m [1;30mLevel 1[0m _identify(src/TensorRT-YOLO) by extensions ['ros']
[0.238s] [34mcolcon.colcon_core.package_identification[0m [1;30mLevel 1[0m _identify(src/TensorRT-YOLO) by extension 'ros'
[0.240s] [34mcolcon.colcon_core.package_identification[0m [1;30mDEBUG[0m [32mPackage 'src/TensorRT-YOLO' with type 'ros.ament_cmake' and name 'tensorrt_yolo'[0m
[0.240s] [34mcolcon.colcon_core.package_identification[0m [1;30mLevel 1[0m _identify(src/image_directory_publisher) by extensions ['ignore', 'ignore_ament_install']
[0.240s] [34mcolcon.colcon_core.package_identification[0m [1;30mLevel 1[0m _identify(src/image_directory_publisher) by extension 'ignore'
[0.240s] [34mcolcon.colcon_core.package_identification[0m [1;30mLevel 1[0m _identify(src/image_directory_publisher) by extension 'ignore_ament_install'
[0.240s] [34mcolcon.colcon_core.package_identification[0m [1;30mLevel 1[0m _identify(src/image_directory_publisher) by extensions ['colcon_pkg']
[0.240s] [34mcolcon.colcon_core.package_identification[0m [1;30mLevel 1[0m _identify(src/image_directory_publisher) by extension 'colcon_pkg'
[0.240s] [34mcolcon.colcon_core.package_identification[0m [1;30mLevel 1[0m _identify(src/image_directory_publisher) by extensions ['colcon_meta']
[0.240s] [34mcolcon.colcon_core.package_identification[0m [1;30mLevel 1[0m _identify(src/image_directory_publisher) by extension 'colcon_meta'
[0.240s] [34mcolcon.colcon_core.package_identification[0m [1;30mLevel 1[0m _identify(src/image_directory_publisher) by extensions ['ros']
[0.240s] [34mcolcon.colcon_core.package_identification[0m [1;30mLevel 1[0m _identify(src/image_directory_publisher) by extension 'ros'
[0.240s] [34mcolcon.colcon_core.package_identification[0m [1;30mDEBUG[0m [32mPackage 'src/image_directory_publisher' with type 'ros.ament_cmake' and name 'image_directory_publisher'[0m
[0.240s] [34mcolcon.colcon_core.package_identification[0m [1;30mLevel 1[0m _identify(src/pidnet_segmentation_cpp) by extensions ['ignore', 'ignore_ament_install']
[0.240s] [34mcolcon.colcon_core.package_identification[0m [1;30mLevel 1[0m _identify(src/pidnet_segmentation_cpp) by extension 'ignore'
[0.240s] [34mcolcon.colcon_core.package_identification[0m [1;30mLevel 1[0m _identify(src/pidnet_segmentation_cpp) ignored
[0.240s] [34mcolcon.colcon_core.package_identification[0m [1;30mLevel 1[0m _identify(src/pylon_instant_camera-ros2) by extensions ['ignore', 'ignore_ament_install']
[0.241s] [34mcolcon.colcon_core.package_identification[0m [1;30mLevel 1[0m _identify(src/pylon_instant_camera-ros2) by extension 'ignore'
[0.241s] [34mcolcon.colcon_core.package_identification[0m [1;30mLevel 1[0m _identify(src/pylon_instant_camera-ros2) by extension 'ignore_ament_install'
[0.241s] [34mcolcon.colcon_core.package_identification[0m [1;30mLevel 1[0m _identify(src/pylon_instant_camera-ros2) by extensions ['colcon_pkg']
[0.241s] [34mcolcon.colcon_core.package_identification[0m [1;30mLevel 1[0m _identify(src/pylon_instant_camera-ros2) by extension 'colcon_pkg'
[0.241s] [34mcolcon.colcon_core.package_identification[0m [1;30mLevel 1[0m _identify(src/pylon_instant_camera-ros2) by extensions ['colcon_meta']
[0.241s] [34mcolcon.colcon_core.package_identification[0m [1;30mLevel 1[0m _identify(src/pylon_instant_camera-ros2) by extension 'colcon_meta'
[0.241s] [34mcolcon.colcon_core.package_identification[0m [1;30mLevel 1[0m _identify(src/pylon_instant_camera-ros2) by extensions ['ros']
[0.241s] [34mcolcon.colcon_core.package_identification[0m [1;30mLevel 1[0m _identify(src/pylon_instant_camera-ros2) by extension 'ros'
[0.241s] [34mcolcon.colcon_core.package_identification[0m [1;30mDEBUG[0m [32mPackage 'src/pylon_instant_camera-ros2' with type 'ros.ament_cmake' and name 'pylon_instant_camera'[0m
[0.241s] [34mcolcon.colcon_core.package_identification[0m [1;30mLevel 1[0m _identify(src/seg_sub) by extensions ['ignore', 'ignore_ament_install']
[0.241s] [34mcolcon.colcon_core.package_identification[0m [1;30mLevel 1[0m _identify(src/seg_sub) by extension 'ignore'
[0.241s] [34mcolcon.colcon_core.package_identification[0m [1;30mLevel 1[0m _identify(src/seg_sub) by extension 'ignore_ament_install'
[0.241s] [34mcolcon.colcon_core.package_identification[0m [1;30mLevel 1[0m _identify(src/seg_sub) by extensions ['colcon_pkg']
[0.241s] [34mcolcon.colcon_core.package_identification[0m [1;30mLevel 1[0m _identify(src/seg_sub) by extension 'colcon_pkg'
[0.241s] [34mcolcon.colcon_core.package_identification[0m [1;30mLevel 1[0m _identify(src/seg_sub) by extensions ['colcon_meta']
[0.241s] [34mcolcon.colcon_core.package_identification[0m [1;30mLevel 1[0m _identify(src/seg_sub) by extension 'colcon_meta'
[0.241s] [34mcolcon.colcon_core.package_identification[0m [1;30mLevel 1[0m _identify(src/seg_sub) by extensions ['ros']
[0.241s] [34mcolcon.colcon_core.package_identification[0m [1;30mLevel 1[0m _identify(src/seg_sub) by extension 'ros'
[0.242s] [34mcolcon.colcon_core.package_identification[0m [1;30mDEBUG[0m [32mPackage 'src/seg_sub' with type 'ros.ament_cmake' and name 'seg_sub'[0m
[0.242s] [34mcolcon.colcon_core.package_identification[0m [1;30mLevel 1[0m _identify(src/yolo_custom_interfaces) by extensions ['ignore', 'ignore_ament_install']
[0.242s] [34mcolcon.colcon_core.package_identification[0m [1;30mLevel 1[0m _identify(src/yolo_custom_interfaces) by extension 'ignore'
[0.242s] [34mcolcon.colcon_core.package_identification[0m [1;30mLevel 1[0m _identify(src/yolo_custom_interfaces) by extension 'ignore_ament_install'
[0.242s] [34mcolcon.colcon_core.package_identification[0m [1;30mLevel 1[0m _identify(src/yolo_custom_interfaces) by extensions ['colcon_pkg']
[0.242s] [34mcolcon.colcon_core.package_identification[0m [1;30mLevel 1[0m _identify(src/yolo_custom_interfaces) by extension 'colcon_pkg'
[0.242s] [34mcolcon.colcon_core.package_identification[0m [1;30mLevel 1[0m _identify(src/yolo_custom_interfaces) by extensions ['colcon_meta']
[0.242s] [34mcolcon.colcon_core.package_identification[0m [1;30mLevel 1[0m _identify(src/yolo_custom_interfaces) by extension 'colcon_meta'
[0.242s] [34mcolcon.colcon_core.package_identification[0m [1;30mLevel 1[0m _identify(src/yolo_custom_interfaces) by extensions ['ros']
[0.242s] [34mcolcon.colcon_core.package_identification[0m [1;30mLevel 1[0m _identify(src/yolo_custom_interfaces) by extension 'ros'
[0.242s] [34mcolcon.colcon_core.package_identification[0m [1;30mDEBUG[0m [32mPackage 'src/yolo_custom_interfaces' with type 'ros.ament_cmake' and name 'yolo_custom_interfaces'[0m
[0.242s] [34mcolcon.colcon_core.package_discovery[0m [1;30mLevel 1[0m discover_packages(recursive) using defaults
[0.242s] [34mcolcon.colcon_core.package_discovery[0m [1;30mLevel 1[0m discover_packages(ignore) discover
[0.242s] [34mcolcon.colcon_core.package_discovery[0m [1;30mLevel 1[0m discover_packages(ignore) using defaults
[0.242s] [34mcolcon.colcon_core.package_discovery[0m [1;30mLevel 1[0m discover_packages(path) discover
[0.242s] [34mcolcon.colcon_core.package_discovery[0m [1;30mLevel 1[0m discover_packages(path) using defaults
[0.250s] [34mcolcon.colcon_core.package_discovery[0m [1;30mLevel 1[0m discover_packages(prefix_path) check parameters
[0.250s] [34mcolcon.colcon_core.package_discovery[0m [1;30mLevel 1[0m discover_packages(prefix_path) discover
[0.251s] [34mcolcon.colcon_installed_package_information.package_discovery[0m [1;30mDEBUG[0m [32mFound 292 installed packages in /opt/ros/humble[0m
[0.252s] [34mcolcon.colcon_core.package_discovery[0m [1;30mLevel 1[0m discover_packages(prefix_path) using defaults
[0.272s] [34mcolcon.colcon_core.verb[0m [1;30mLevel 5[0m set package 'image_directory_publisher' build argument 'cmake_args' from command line to '['-DTRT_PATH=/usr', '-DCMAKE_CUDA_ARCHITECTURES=89', '-DCMAKE_CUDA_COMPILER=/usr/local/cuda-12.9/bin/nvcc']'
[0.272s] [34mcolcon.colcon_core.verb[0m [1;30mLevel 5[0m set package 'image_directory_publisher' build argument 'cmake_target' from command line to 'None'
[0.272s] [34mcolcon.colcon_core.verb[0m [1;30mLevel 5[0m set package 'image_directory_publisher' build argument 'cmake_target_skip_unavailable' from command line to 'False'
[0.272s] [34mcolcon.colcon_core.verb[0m [1;30mLevel 5[0m set package 'image_directory_publisher' build argument 'cmake_clean_cache' from command line to 'False'
[0.272s] [34mcolcon.colcon_core.verb[0m [1;30mLevel 5[0m set package 'image_directory_publisher' build argument 'cmake_clean_first' from command line to 'False'
[0.272s] [34mcolcon.colcon_core.verb[0m [1;30mLevel 5[0m set package 'image_directory_publisher' build argument 'cmake_force_configure' from command line to 'False'
[0.272s] [34mcolcon.colcon_core.verb[0m [1;30mLevel 5[0m set package 'image_directory_publisher' build argument 'ament_cmake_args' from command line to 'None'
[0.272s] [34mcolcon.colcon_core.verb[0m [1;30mLevel 5[0m set package 'image_directory_publisher' build argument 'catkin_cmake_args' from command line to 'None'
[0.272s] [34mcolcon.colcon_core.verb[0m [1;30mLevel 5[0m set package 'image_directory_publisher' build argument 'catkin_skip_building_tests' from command line to 'False'
[0.272s] [34mcolcon.colcon_core.verb[0m [1;30mDEBUG[0m [32mBuilding package 'image_directory_publisher' with the following arguments: {'ament_cmake_args': None, 'build_base': '/home/david/yolocpp_ws/build/image_directory_publisher', 'catkin_cmake_args': None, 'catkin_skip_building_tests': False, 'cmake_args': ['-DTRT_PATH=/usr', '-DCMAKE_CUDA_ARCHITECTURES=89', '-DCMAKE_CUDA_COMPILER=/usr/local/cuda-12.9/bin/nvcc'], 'cmake_clean_cache': False, 'cmake_clean_first': False, 'cmake_force_configure': False, 'cmake_target': None, 'cmake_target_skip_unavailable': False, 'install_base': '/home/david/yolocpp_ws/install/image_directory_publisher', 'merge_install': False, 'path': '/home/david/yolocpp_ws/src/image_directory_publisher', 'symlink_install': False, 'test_result_base': None}[0m
[0.272s] [34mcolcon.colcon_core.verb[0m [1;30mLevel 5[0m set package 'pylon_instant_camera' build argument 'cmake_args' from command line to '['-DTRT_PATH=/usr', '-DCMAKE_CUDA_ARCHITECTURES=89', '-DCMAKE_CUDA_COMPILER=/usr/local/cuda-12.9/bin/nvcc']'
[0.272s] [34mcolcon.colcon_core.verb[0m [1;30mLevel 5[0m set package 'pylon_instant_camera' build argument 'cmake_target' from command line to 'None'
[0.272s] [34mcolcon.colcon_core.verb[0m [1;30mLevel 5[0m set package 'pylon_instant_camera' build argument 'cmake_target_skip_unavailable' from command line to 'False'
[0.272s] [34mcolcon.colcon_core.verb[0m [1;30mLevel 5[0m set package 'pylon_instant_camera' build argument 'cmake_clean_cache' from command line to 'False'
[0.272s] [34mcolcon.colcon_core.verb[0m [1;30mLevel 5[0m set package 'pylon_instant_camera' build argument 'cmake_clean_first' from command line to 'False'
[0.272s] [34mcolcon.colcon_core.verb[0m [1;30mLevel 5[0m set package 'pylon_instant_camera' build argument 'cmake_force_configure' from command line to 'False'
[0.272s] [34mcolcon.colcon_core.verb[0m [1;30mLevel 5[0m set package 'pylon_instant_camera' build argument 'ament_cmake_args' from command line to 'None'
[0.272s] [34mcolcon.colcon_core.verb[0m [1;30mLevel 5[0m set package 'pylon_instant_camera' build argument 'catkin_cmake_args' from command line to 'None'
[0.272s] [34mcolcon.colcon_core.verb[0m [1;30mLevel 5[0m set package 'pylon_instant_camera' build argument 'catkin_skip_building_tests' from command line to 'False'
[0.272s] [34mcolcon.colcon_core.verb[0m [1;30mDEBUG[0m [32mBuilding package 'pylon_instant_camera' with the following arguments: {'ament_cmake_args': None, 'build_base': '/home/david/yolocpp_ws/build/pylon_instant_camera', 'catkin_cmake_args': None, 'catkin_skip_building_tests': False, 'cmake_args': ['-DTRT_PATH=/usr', '-DCMAKE_CUDA_ARCHITECTURES=89', '-DCMAKE_CUDA_COMPILER=/usr/local/cuda-12.9/bin/nvcc'], 'cmake_clean_cache': False, 'cmake_clean_first': False, 'cmake_force_configure': False, 'cmake_target': None, 'cmake_target_skip_unavailable': False, 'install_base': '/home/david/yolocpp_ws/install/pylon_instant_camera', 'merge_install': False, 'path': '/home/david/yolocpp_ws/src/pylon_instant_camera-ros2', 'symlink_install': False, 'test_result_base': None}[0m
[0.272s] [34mcolcon.colcon_core.verb[0m [1;30mLevel 5[0m set package 'yolo_custom_interfaces' build argument 'cmake_args' from command line to '['-DTRT_PATH=/usr', '-DCMAKE_CUDA_ARCHITECTURES=89', '-DCMAKE_CUDA_COMPILER=/usr/local/cuda-12.9/bin/nvcc']'
[0.272s] [34mcolcon.colcon_core.verb[0m [1;30mLevel 5[0m set package 'yolo_custom_interfaces' build argument 'cmake_target' from command line to 'None'
[0.272s] [34mcolcon.colcon_core.verb[0m [1;30mLevel 5[0m set package 'yolo_custom_interfaces' build argument 'cmake_target_skip_unavailable' from command line to 'False'
[0.272s] [34mcolcon.colcon_core.verb[0m [1;30mLevel 5[0m set package 'yolo_custom_interfaces' build argument 'cmake_clean_cache' from command line to 'False'
[0.272s] [34mcolcon.colcon_core.verb[0m [1;30mLevel 5[0m set package 'yolo_custom_interfaces' build argument 'cmake_clean_first' from command line to 'False'
[0.272s] [34mcolcon.colcon_core.verb[0m [1;30mLevel 5[0m set package 'yolo_custom_interfaces' build argument 'cmake_force_configure' from command line to 'False'
[0.272s] [34mcolcon.colcon_core.verb[0m [1;30mLevel 5[0m set package 'yolo_custom_interfaces' build argument 'ament_cmake_args' from command line to 'None'
[0.272s] [34mcolcon.colcon_core.verb[0m [1;30mLevel 5[0m set package 'yolo_custom_interfaces' build argument 'catkin_cmake_args' from command line to 'None'
[0.272s] [34mcolcon.colcon_core.verb[0m [1;30mLevel 5[0m set package 'yolo_custom_interfaces' build argument 'catkin_skip_building_tests' from command line to 'False'
[0.272s] [34mcolcon.colcon_core.verb[0m [1;30mDEBUG[0m [32mBuilding package 'yolo_custom_interfaces' with the following arguments: {'ament_cmake_args': None, 'build_base': '/home/david/yolocpp_ws/build/yolo_custom_interfaces', 'catkin_cmake_args': None, 'catkin_skip_building_tests': False, 'cmake_args': ['-DTRT_PATH=/usr', '-DCMAKE_CUDA_ARCHITECTURES=89', '-DCMAKE_CUDA_COMPILER=/usr/local/cuda-12.9/bin/nvcc'], 'cmake_clean_cache': False, 'cmake_clean_first': False, 'cmake_force_configure': False, 'cmake_target': None, 'cmake_target_skip_unavailable': False, 'install_base': '/home/david/yolocpp_ws/install/yolo_custom_interfaces', 'merge_install': False, 'path': '/home/david/yolocpp_ws/src/yolo_custom_interfaces', 'symlink_install': False, 'test_result_base': None}[0m
[0.273s] [34mcolcon.colcon_core.verb[0m [1;30mLevel 5[0m set package 'seg_sub' build argument 'cmake_args' from command line to '['-DTRT_PATH=/usr', '-DCMAKE_CUDA_ARCHITECTURES=89', '-DCMAKE_CUDA_COMPILER=/usr/local/cuda-12.9/bin/nvcc']'
[0.273s] [34mcolcon.colcon_core.verb[0m [1;30mLevel 5[0m set package 'seg_sub' build argument 'cmake_target' from command line to 'None'
[0.273s] [34mcolcon.colcon_core.verb[0m [1;30mLevel 5[0m set package 'seg_sub' build argument 'cmake_target_skip_unavailable' from command line to 'False'
[0.273s] [34mcolcon.colcon_core.verb[0m [1;30mLevel 5[0m set package 'seg_sub' build argument 'cmake_clean_cache' from command line to 'False'
[0.273s] [34mcolcon.colcon_core.verb[0m [1;30mLevel 5[0m set package 'seg_sub' build argument 'cmake_clean_first' from command line to 'False'
[0.273s] [34mcolcon.colcon_core.verb[0m [1;30mLevel 5[0m set package 'seg_sub' build argument 'cmake_force_configure' from command line to 'False'
[0.273s] [34mcolcon.colcon_core.verb[0m [1;30mLevel 5[0m set package 'seg_sub' build argument 'ament_cmake_args' from command line to 'None'
[0.273s] [34mcolcon.colcon_core.verb[0m [1;30mLevel 5[0m set package 'seg_sub' build argument 'catkin_cmake_args' from command line to 'None'
[0.273s] [34mcolcon.colcon_core.verb[0m [1;30mLevel 5[0m set package 'seg_sub' build argument 'catkin_skip_building_tests' from command line to 'False'
[0.273s] [34mcolcon.colcon_core.verb[0m [1;30mDEBUG[0m [32mBuilding package 'seg_sub' with the following arguments: {'ament_cmake_args': None, 'build_base': '/home/david/yolocpp_ws/build/seg_sub', 'catkin_cmake_args': None, 'catkin_skip_building_tests': False, 'cmake_args': ['-DTRT_PATH=/usr', '-DCMAKE_CUDA_ARCHITECTURES=89', '-DCMAKE_CUDA_COMPILER=/usr/local/cuda-12.9/bin/nvcc'], 'cmake_clean_cache': False, 'cmake_clean_first': False, 'cmake_force_configure': False, 'cmake_target': None, 'cmake_target_skip_unavailable': False, 'install_base': '/home/david/yolocpp_ws/install/seg_sub', 'merge_install': False, 'path': '/home/david/yolocpp_ws/src/seg_sub', 'symlink_install': False, 'test_result_base': None}[0m
[0.273s] [34mcolcon.colcon_core.verb[0m [1;30mLevel 5[0m set package 'tensorrt_yolo' build argument 'cmake_args' from command line to '['-DTRT_PATH=/usr', '-DCMAKE_CUDA_ARCHITECTURES=89', '-DCMAKE_CUDA_COMPILER=/usr/local/cuda-12.9/bin/nvcc']'
[0.273s] [34mcolcon.colcon_core.verb[0m [1;30mLevel 5[0m set package 'tensorrt_yolo' build argument 'cmake_target' from command line to 'None'
[0.273s] [34mcolcon.colcon_core.verb[0m [1;30mLevel 5[0m set package 'tensorrt_yolo' build argument 'cmake_target_skip_unavailable' from command line to 'False'
[0.273s] [34mcolcon.colcon_core.verb[0m [1;30mLevel 5[0m set package 'tensorrt_yolo' build argument 'cmake_clean_cache' from command line to 'False'
[0.273s] [34mcolcon.colcon_core.verb[0m [1;30mLevel 5[0m set package 'tensorrt_yolo' build argument 'cmake_clean_first' from command line to 'False'
[0.273s] [34mcolcon.colcon_core.verb[0m [1;30mLevel 5[0m set package 'tensorrt_yolo' build argument 'cmake_force_configure' from command line to 'False'
[0.273s] [34mcolcon.colcon_core.verb[0m [1;30mLevel 5[0m set package 'tensorrt_yolo' build argument 'ament_cmake_args' from command line to 'None'
[0.273s] [34mcolcon.colcon_core.verb[0m [1;30mLevel 5[0m set package 'tensorrt_yolo' build argument 'catkin_cmake_args' from command line to 'None'
[0.273s] [34mcolcon.colcon_core.verb[0m [1;30mLevel 5[0m set package 'tensorrt_yolo' build argument 'catkin_skip_building_tests' from command line to 'False'
[0.273s] [34mcolcon.colcon_core.verb[0m [1;30mDEBUG[0m [32mBuilding package 'tensorrt_yolo' with the following arguments: {'ament_cmake_args': None, 'build_base': '/home/david/yolocpp_ws/build/tensorrt_yolo', 'catkin_cmake_args': None, 'catkin_skip_building_tests': False, 'cmake_args': ['-DTRT_PATH=/usr', '-DCMAKE_CUDA_ARCHITECTURES=89', '-DCMAKE_CUDA_COMPILER=/usr/local/cuda-12.9/bin/nvcc'], 'cmake_clean_cache': False, 'cmake_clean_first': False, 'cmake_force_configure': False, 'cmake_target': None, 'cmake_target_skip_unavailable': False, 'install_base': '/home/david/yolocpp_ws/install/tensorrt_yolo', 'merge_install': False, 'path': '/home/david/yolocpp_ws/src/TensorRT-YOLO', 'symlink_install': False, 'test_result_base': None}[0m
[0.273s] [34mcolcon.colcon_core.executor[0m [1;30mINFO[0m Executing jobs using 'parallel' executor
[0.274s] [34mcolcon.colcon_parallel_executor.executor.parallel[0m [1;30mDEBUG[0m [32mrun_until_complete[0m
[0.274s] [34mcolcon.colcon_ros.task.ament_cmake.build[0m [1;30mINFO[0m Building ROS package in '/home/david/yolocpp_ws/src/yolo_custom_interfaces' with build type 'ament_cmake'
[0.275s] [34mcolcon.colcon_cmake.task.cmake.build[0m [1;30mINFO[0m Building CMake package in '/home/david/yolocpp_ws/src/yolo_custom_interfaces'
[0.275s] [34mcolcon.colcon_core.plugin_system[0m [1;30mINFO[0m Skipping extension 'colcon_core.shell.bat': Not used on non-Windows systems
[0.276s] [34mcolcon.colcon_core.shell[0m [1;30mINFO[0m Skip shell extension 'powershell' for command environment: Not usable outside of PowerShell
[0.276s] [34mcolcon.colcon_core.shell[0m [1;30mDEBUG[0m [32mSkip shell extension 'dsv' for command environment[0m
[0.277s] [34mcolcon.colcon_ros.task.ament_cmake.build[0m [1;30mINFO[0m Building ROS package in '/home/david/yolocpp_ws/src/image_directory_publisher' with build type 'ament_cmake'
[0.277s] [34mcolcon.colcon_cmake.task.cmake.build[0m [1;30mINFO[0m Building CMake package in '/home/david/yolocpp_ws/src/image_directory_publisher'
[0.277s] [34mcolcon.colcon_core.shell[0m [1;30mINFO[0m Skip shell extension 'powershell' for command environment: Not usable outside of PowerShell
[0.278s] [34mcolcon.colcon_core.shell[0m [1;30mDEBUG[0m [32mSkip shell extension 'dsv' for command environment[0m
[0.279s] [34mcolcon.colcon_ros.task.ament_cmake.build[0m [1;30mINFO[0m Building ROS package in '/home/david/yolocpp_ws/src/pylon_instant_camera-ros2' with build type 'ament_cmake'
[0.279s] [34mcolcon.colcon_cmake.task.cmake.build[0m [1;30mINFO[0m Building CMake package in '/home/david/yolocpp_ws/src/pylon_instant_camera-ros2'
[0.279s] [34mcolcon.colcon_core.shell[0m [1;30mINFO[0m Skip shell extension 'powershell' for command environment: Not usable outside of PowerShell
[0.279s] [34mcolcon.colcon_core.shell[0m [1;30mDEBUG[0m [32mSkip shell extension 'dsv' for command environment[0m
[0.284s] [34mcolcon.colcon_core.event_handler.log_command[0m [1;30mDEBUG[0m [32mInvoking command in '/home/david/yolocpp_ws/build/yolo_custom_interfaces': CMAKE_PREFIX_PATH=/opt/ros/humble PROMPT_COMMAND=echo -n \[$(date +%H:%M:%S)\]\ /home/david/.local/bin/cmake --build /home/david/yolocpp_ws/build/yolo_custom_interfaces -- -j32 -l32[0m
[0.286s] [34mcolcon.colcon_core.event_handler.log_command[0m [1;30mDEBUG[0m [32mInvoking command in '/home/david/yolocpp_ws/build/image_directory_publisher': CMAKE_PREFIX_PATH=/opt/ros/humble PROMPT_COMMAND=echo -n \[$(date +%H:%M:%S)\]\ /home/david/.local/bin/cmake --build /home/david/yolocpp_ws/build/image_directory_publisher -- -j32 -l32[0m
[0.290s] [34mcolcon.colcon_core.event_handler.log_command[0m [1;30mDEBUG[0m [32mInvoking command in '/home/david/yolocpp_ws/build/pylon_instant_camera': CMAKE_PREFIX_PATH=/opt/ros/humble PROMPT_COMMAND=echo -n \[$(date +%H:%M:%S)\]\ /home/david/.local/bin/cmake --build /home/david/yolocpp_ws/build/pylon_instant_camera -- -j32 -l32[0m
[0.538s] [34mcolcon.colcon_core.event_handler.log_command[0m [1;30mDEBUG[0m [32mInvoked command in '/home/david/yolocpp_ws/build/image_directory_publisher' returned '0': CMAKE_PREFIX_PATH=/opt/ros/humble PROMPT_COMMAND=echo -n \[$(date +%H:%M:%S)\]\ /home/david/.local/bin/cmake --build /home/david/yolocpp_ws/build/image_directory_publisher -- -j32 -l32[0m
[0.622s] [34mcolcon.colcon_core.event_handler.log_command[0m [1;30mDEBUG[0m [32mInvoking command in '/home/david/yolocpp_ws/build/image_directory_publisher': CMAKE_PREFIX_PATH=/opt/ros/humble PROMPT_COMMAND=echo -n \[$(date +%H:%M:%S)\]\ /home/david/.local/bin/cmake --install /home/david/yolocpp_ws/build/image_directory_publisher[0m
[0.624s] [34mcolcon.colcon_core.event_handler.log_command[0m [1;30mDEBUG[0m [32mInvoked command in '/home/david/yolocpp_ws/build/pylon_instant_camera' returned '0': CMAKE_PREFIX_PATH=/opt/ros/humble PROMPT_COMMAND=echo -n \[$(date +%H:%M:%S)\]\ /home/david/.local/bin/cmake --build /home/david/yolocpp_ws/build/pylon_instant_camera -- -j32 -l32[0m
[0.626s] [34mcolcon.colcon_core.event_handler.log_command[0m [1;30mDEBUG[0m [32mInvoking command in '/home/david/yolocpp_ws/build/pylon_instant_camera': CMAKE_PREFIX_PATH=/opt/ros/humble PROMPT_COMMAND=echo -n \[$(date +%H:%M:%S)\]\ /home/david/.local/bin/cmake --install /home/david/yolocpp_ws/build/pylon_instant_camera[0m
[0.654s] [34mcolcon.colcon_core.environment[0m [1;30mLevel 1[0m create_environment_scripts_only(image_directory_publisher)
[0.654s] [34mcolcon.colcon_core.event_handler.log_command[0m [1;30mDEBUG[0m [32mInvoked command in '/home/david/yolocpp_ws/build/image_directory_publisher' returned '0': CMAKE_PREFIX_PATH=/opt/ros/humble PROMPT_COMMAND=echo -n \[$(date +%H:%M:%S)\]\ /home/david/.local/bin/cmake --install /home/david/yolocpp_ws/build/image_directory_publisher[0m
[0.656s] [34mcolcon.colcon_core.environment[0m [1;30mLevel 1[0m checking '/home/david/yolocpp_ws/install/image_directory_publisher' for CMake module files
[0.656s] [34mcolcon.colcon_core.environment[0m [1;30mLevel 1[0m checking '/home/david/yolocpp_ws/install/image_directory_publisher' for CMake config files
[0.657s] [34mcolcon.colcon_core.shell[0m [1;30mLevel 1[0m create_environment_hook('image_directory_publisher', 'cmake_prefix_path')
[0.657s] [34mcolcon.colcon_core.shell[0m [1;30mINFO[0m Creating environment hook '/home/david/yolocpp_ws/install/image_directory_publisher/share/image_directory_publisher/hook/cmake_prefix_path.ps1'
[0.657s] [34mcolcon.colcon_core.shell[0m [1;30mINFO[0m Creating environment descriptor '/home/david/yolocpp_ws/install/image_directory_publisher/share/image_directory_publisher/hook/cmake_prefix_path.dsv'
[0.658s] [34mcolcon.colcon_core.shell[0m [1;30mINFO[0m Creating environment hook '/home/david/yolocpp_ws/install/image_directory_publisher/share/image_directory_publisher/hook/cmake_prefix_path.sh'
[0.658s] [34mcolcon.colcon_core.environment[0m [1;30mLevel 1[0m checking '/home/david/yolocpp_ws/install/image_directory_publisher/lib'
[0.658s] [34mcolcon.colcon_core.shell[0m [1;30mLevel 1[0m create_environment_hook('image_directory_publisher', 'ld_library_path_lib')
[0.658s] [34mcolcon.colcon_core.shell[0m [1;30mINFO[0m Creating environment hook '/home/david/yolocpp_ws/install/image_directory_publisher/share/image_directory_publisher/hook/ld_library_path_lib.ps1'
[0.659s] [34mcolcon.colcon_core.shell[0m [1;30mINFO[0m Creating environment descriptor '/home/david/yolocpp_ws/install/image_directory_publisher/share/image_directory_publisher/hook/ld_library_path_lib.dsv'
[0.659s] [34mcolcon.colcon_core.shell[0m [1;30mINFO[0m Creating environment hook '/home/david/yolocpp_ws/install/image_directory_publisher/share/image_directory_publisher/hook/ld_library_path_lib.sh'
[0.659s] [34mcolcon.colcon_core.environment[0m [1;30mLevel 1[0m checking '/home/david/yolocpp_ws/install/image_directory_publisher/bin'
[0.659s] [34mcolcon.colcon_core.environment[0m [1;30mLevel 1[0m checking '/home/david/yolocpp_ws/install/image_directory_publisher/lib/pkgconfig/image_directory_publisher.pc'
[0.659s] [34mcolcon.colcon_core.environment[0m [1;30mLevel 1[0m checking '/home/david/yolocpp_ws/install/image_directory_publisher/lib/python3.10/site-packages'
[0.659s] [34mcolcon.colcon_core.environment[0m [1;30mLevel 1[0m checking '/home/david/yolocpp_ws/install/image_directory_publisher/bin'
[0.660s] [34mcolcon.colcon_core.shell[0m [1;30mINFO[0m Creating package script '/home/david/yolocpp_ws/install/image_directory_publisher/share/image_directory_publisher/package.ps1'
[0.660s] [34mcolcon.colcon_core.shell[0m [1;30mINFO[0m Creating package descriptor '/home/david/yolocpp_ws/install/image_directory_publisher/share/image_directory_publisher/package.dsv'
[0.660s] [34mcolcon.colcon_core.shell[0m [1;30mINFO[0m Creating package script '/home/david/yolocpp_ws/install/image_directory_publisher/share/image_directory_publisher/package.sh'
[0.661s] [34mcolcon.colcon_core.shell[0m [1;30mINFO[0m Creating package script '/home/david/yolocpp_ws/install/image_directory_publisher/share/image_directory_publisher/package.bash'
[0.661s] [34mcolcon.colcon_core.shell[0m [1;30mINFO[0m Creating package script '/home/david/yolocpp_ws/install/image_directory_publisher/share/image_directory_publisher/package.zsh'
[0.662s] [34mcolcon.colcon_core.environment[0m [1;30mLevel 1[0m create_file_with_runtime_dependencies(/home/david/yolocpp_ws/install/image_directory_publisher/share/colcon-core/packages/image_directory_publisher)
[0.662s] [34mcolcon.colcon_core.environment[0m [1;30mLevel 1[0m create_environment_scripts_only(image_directory_publisher)
[0.662s] [34mcolcon.colcon_core.environment[0m [1;30mLevel 1[0m checking '/home/david/yolocpp_ws/install/image_directory_publisher' for CMake module files
[0.663s] [34mcolcon.colcon_core.environment[0m [1;30mLevel 1[0m checking '/home/david/yolocpp_ws/install/image_directory_publisher' for CMake config files
[0.663s] [34mcolcon.colcon_core.shell[0m [1;30mLevel 1[0m create_environment_hook('image_directory_publisher', 'cmake_prefix_path')
[0.663s] [34mcolcon.colcon_core.shell[0m [1;30mINFO[0m Creating environment hook '/home/david/yolocpp_ws/install/image_directory_publisher/share/image_directory_publisher/hook/cmake_prefix_path.ps1'
[0.663s] [34mcolcon.colcon_core.shell[0m [1;30mINFO[0m Creating environment descriptor '/home/david/yolocpp_ws/install/image_directory_publisher/share/image_directory_publisher/hook/cmake_prefix_path.dsv'
[0.663s] [34mcolcon.colcon_core.shell[0m [1;30mINFO[0m Creating environment hook '/home/david/yolocpp_ws/install/image_directory_publisher/share/image_directory_publisher/hook/cmake_prefix_path.sh'
[0.664s] [34mcolcon.colcon_core.environment[0m [1;30mLevel 1[0m checking '/home/david/yolocpp_ws/install/image_directory_publisher/lib'
[0.664s] [34mcolcon.colcon_core.shell[0m [1;30mLevel 1[0m create_environment_hook('image_directory_publisher', 'ld_library_path_lib')
[0.664s] [34mcolcon.colcon_core.shell[0m [1;30mINFO[0m Creating environment hook '/home/david/yolocpp_ws/install/image_directory_publisher/share/image_directory_publisher/hook/ld_library_path_lib.ps1'
[0.664s] [34mcolcon.colcon_core.shell[0m [1;30mINFO[0m Creating environment descriptor '/home/david/yolocpp_ws/install/image_directory_publisher/share/image_directory_publisher/hook/ld_library_path_lib.dsv'
[0.664s] [34mcolcon.colcon_core.shell[0m [1;30mINFO[0m Creating environment hook '/home/david/yolocpp_ws/install/image_directory_publisher/share/image_directory_publisher/hook/ld_library_path_lib.sh'
[0.665s] [34mcolcon.colcon_core.environment[0m [1;30mLevel 1[0m checking '/home/david/yolocpp_ws/install/image_directory_publisher/bin'
[0.665s] [34mcolcon.colcon_core.environment[0m [1;30mLevel 1[0m checking '/home/david/yolocpp_ws/install/image_directory_publisher/lib/pkgconfig/image_directory_publisher.pc'
[0.665s] [34mcolcon.colcon_core.environment[0m [1;30mLevel 1[0m checking '/home/david/yolocpp_ws/install/image_directory_publisher/lib/python3.10/site-packages'
[0.665s] [34mcolcon.colcon_core.environment[0m [1;30mLevel 1[0m checking '/home/david/yolocpp_ws/install/image_directory_publisher/bin'
[0.665s] [34mcolcon.colcon_core.shell[0m [1;30mINFO[0m Creating package script '/home/david/yolocpp_ws/install/image_directory_publisher/share/image_directory_publisher/package.ps1'
[0.666s] [34mcolcon.colcon_core.shell[0m [1;30mINFO[0m Creating package descriptor '/home/david/yolocpp_ws/install/image_directory_publisher/share/image_directory_publisher/package.dsv'
[0.666s] [34mcolcon.colcon_core.shell[0m [1;30mINFO[0m Creating package script '/home/david/yolocpp_ws/install/image_directory_publisher/share/image_directory_publisher/package.sh'
[0.666s] [34mcolcon.colcon_core.shell[0m [1;30mINFO[0m Creating package script '/home/david/yolocpp_ws/install/image_directory_publisher/share/image_directory_publisher/package.bash'
[0.666s] [34mcolcon.colcon_core.shell[0m [1;30mINFO[0m Creating package script '/home/david/yolocpp_ws/install/image_directory_publisher/share/image_directory_publisher/package.zsh'
[0.667s] [34mcolcon.colcon_core.environment[0m [1;30mLevel 1[0m create_file_with_runtime_dependencies(/home/david/yolocpp_ws/install/image_directory_publisher/share/colcon-core/packages/image_directory_publisher)
[0.668s] [34mcolcon.colcon_core.environment[0m [1;30mLevel 1[0m create_environment_scripts_only(pylon_instant_camera)
[0.668s] [34mcolcon.colcon_core.environment[0m [1;30mLevel 1[0m checking '/home/david/yolocpp_ws/install/pylon_instant_camera' for CMake module files
[0.668s] [34mcolcon.colcon_core.event_handler.log_command[0m [1;30mDEBUG[0m [32mInvoked command in '/home/david/yolocpp_ws/build/pylon_instant_camera' returned '0': CMAKE_PREFIX_PATH=/opt/ros/humble PROMPT_COMMAND=echo -n \[$(date +%H:%M:%S)\]\ /home/david/.local/bin/cmake --install /home/david/yolocpp_ws/build/pylon_instant_camera[0m
[0.669s] [34mcolcon.colcon_core.environment[0m [1;30mLevel 1[0m checking '/home/david/yolocpp_ws/install/pylon_instant_camera' for CMake config files
[0.669s] [34mcolcon.colcon_core.shell[0m [1;30mLevel 1[0m create_environment_hook('pylon_instant_camera', 'cmake_prefix_path')
[0.669s] [34mcolcon.colcon_core.shell[0m [1;30mINFO[0m Creating environment hook '/home/david/yolocpp_ws/install/pylon_instant_camera/share/pylon_instant_camera/hook/cmake_prefix_path.ps1'
[0.670s] [34mcolcon.colcon_core.shell[0m [1;30mINFO[0m Creating environment descriptor '/home/david/yolocpp_ws/install/pylon_instant_camera/share/pylon_instant_camera/hook/cmake_prefix_path.dsv'
[0.671s] [34mcolcon.colcon_core.shell[0m [1;30mINFO[0m Creating environment hook '/home/david/yolocpp_ws/install/pylon_instant_camera/share/pylon_instant_camera/hook/cmake_prefix_path.sh'
[0.672s] [34mcolcon.colcon_core.environment[0m [1;30mLevel 1[0m checking '/home/david/yolocpp_ws/install/pylon_instant_camera/lib'
[0.672s] [34mcolcon.colcon_core.shell[0m [1;30mLevel 1[0m create_environment_hook('pylon_instant_camera', 'ld_library_path_lib')
[0.672s] [34mcolcon.colcon_core.shell[0m [1;30mINFO[0m Creating environment hook '/home/david/yolocpp_ws/install/pylon_instant_camera/share/pylon_instant_camera/hook/ld_library_path_lib.ps1'
[0.673s] [34mcolcon.colcon_core.shell[0m [1;30mINFO[0m Creating environment descriptor '/home/david/yolocpp_ws/install/pylon_instant_camera/share/pylon_instant_camera/hook/ld_library_path_lib.dsv'
[0.674s] [34mcolcon.colcon_core.shell[0m [1;30mINFO[0m Creating environment hook '/home/david/yolocpp_ws/install/pylon_instant_camera/share/pylon_instant_camera/hook/ld_library_path_lib.sh'
[0.675s] [34mcolcon.colcon_core.environment[0m [1;30mLevel 1[0m checking '/home/david/yolocpp_ws/install/pylon_instant_camera/bin'
[0.676s] [34mcolcon.colcon_core.environment[0m [1;30mLevel 1[0m checking '/home/david/yolocpp_ws/install/pylon_instant_camera/lib/pkgconfig/pylon_instant_camera.pc'
[0.676s] [34mcolcon.colcon_core.environment[0m [1;30mLevel 1[0m checking '/home/david/yolocpp_ws/install/pylon_instant_camera/lib/python3.10/site-packages'
[0.677s] [34mcolcon.colcon_core.environment[0m [1;30mLevel 1[0m checking '/home/david/yolocpp_ws/install/pylon_instant_camera/bin'
[0.678s] [34mcolcon.colcon_core.shell[0m [1;30mINFO[0m Creating package script '/home/david/yolocpp_ws/install/pylon_instant_camera/share/pylon_instant_camera/package.ps1'
[0.680s] [34mcolcon.colcon_core.shell[0m [1;30mINFO[0m Creating package descriptor '/home/david/yolocpp_ws/install/pylon_instant_camera/share/pylon_instant_camera/package.dsv'
[0.682s] [34mcolcon.colcon_core.shell[0m [1;30mINFO[0m Creating package script '/home/david/yolocpp_ws/install/pylon_instant_camera/share/pylon_instant_camera/package.sh'
[0.684s] [34mcolcon.colcon_core.shell[0m [1;30mINFO[0m Creating package script '/home/david/yolocpp_ws/install/pylon_instant_camera/share/pylon_instant_camera/package.bash'
[0.685s] [34mcolcon.colcon_core.shell[0m [1;30mINFO[0m Creating package script '/home/david/yolocpp_ws/install/pylon_instant_camera/share/pylon_instant_camera/package.zsh'
[0.686s] [34mcolcon.colcon_core.environment[0m [1;30mLevel 1[0m create_file_with_runtime_dependencies(/home/david/yolocpp_ws/install/pylon_instant_camera/share/colcon-core/packages/pylon_instant_camera)
[0.689s] [34mcolcon.colcon_core.environment[0m [1;30mLevel 1[0m create_environment_scripts_only(pylon_instant_camera)
[0.690s] [34mcolcon.colcon_core.environment[0m [1;30mLevel 1[0m checking '/home/david/yolocpp_ws/install/pylon_instant_camera' for CMake module files
[0.691s] [34mcolcon.colcon_core.environment[0m [1;30mLevel 1[0m checking '/home/david/yolocpp_ws/install/pylon_instant_camera' for CMake config files
[0.692s] [34mcolcon.colcon_core.shell[0m [1;30mLevel 1[0m create_environment_hook('pylon_instant_camera', 'cmake_prefix_path')
[0.693s] [34mcolcon.colcon_core.shell[0m [1;30mINFO[0m Creating environment hook '/home/david/yolocpp_ws/install/pylon_instant_camera/share/pylon_instant_camera/hook/cmake_prefix_path.ps1'
[0.694s] [34mcolcon.colcon_core.shell[0m [1;30mINFO[0m Creating environment descriptor '/home/david/yolocpp_ws/install/pylon_instant_camera/share/pylon_instant_camera/hook/cmake_prefix_path.dsv'
[0.696s] [34mcolcon.colcon_core.shell[0m [1;30mINFO[0m Creating environment hook '/home/david/yolocpp_ws/install/pylon_instant_camera/share/pylon_instant_camera/hook/cmake_prefix_path.sh'
[0.698s] [34mcolcon.colcon_core.environment[0m [1;30mLevel 1[0m checking '/home/david/yolocpp_ws/install/pylon_instant_camera/lib'
[0.698s] [34mcolcon.colcon_core.shell[0m [1;30mLevel 1[0m create_environment_hook('pylon_instant_camera', 'ld_library_path_lib')
[0.699s] [34mcolcon.colcon_core.shell[0m [1;30mINFO[0m Creating environment hook '/home/david/yolocpp_ws/install/pylon_instant_camera/share/pylon_instant_camera/hook/ld_library_path_lib.ps1'
[0.700s] [34mcolcon.colcon_core.shell[0m [1;30mINFO[0m Creating environment descriptor '/home/david/yolocpp_ws/install/pylon_instant_camera/share/pylon_instant_camera/hook/ld_library_path_lib.dsv'
[0.702s] [34mcolcon.colcon_core.shell[0m [1;30mINFO[0m Creating environment hook '/home/david/yolocpp_ws/install/pylon_instant_camera/share/pylon_instant_camera/hook/ld_library_path_lib.sh'
[0.703s] [34mcolcon.colcon_core.environment[0m [1;30mLevel 1[0m checking '/home/david/yolocpp_ws/install/pylon_instant_camera/bin'
[0.704s] [34mcolcon.colcon_core.environment[0m [1;30mLevel 1[0m checking '/home/david/yolocpp_ws/install/pylon_instant_camera/lib/pkgconfig/pylon_instant_camera.pc'
[0.705s] [34mcolcon.colcon_core.environment[0m [1;30mLevel 1[0m checking '/home/david/yolocpp_ws/install/pylon_instant_camera/lib/python3.10/site-packages'
[0.705s] [34mcolcon.colcon_core.environment[0m [1;30mLevel 1[0m checking '/home/david/yolocpp_ws/install/pylon_instant_camera/bin'
[0.707s] [34mcolcon.colcon_core.shell[0m [1;30mINFO[0m Creating package script '/home/david/yolocpp_ws/install/pylon_instant_camera/share/pylon_instant_camera/package.ps1'
[0.709s] [34mcolcon.colcon_core.shell[0m [1;30mINFO[0m Creating package descriptor '/home/david/yolocpp_ws/install/pylon_instant_camera/share/pylon_instant_camera/package.dsv'
[0.711s] [34mcolcon.colcon_core.shell[0m [1;30mINFO[0m Creating package script '/home/david/yolocpp_ws/install/pylon_instant_camera/share/pylon_instant_camera/package.sh'
[0.712s] [34mcolcon.colcon_core.shell[0m [1;30mINFO[0m Creating package script '/home/david/yolocpp_ws/install/pylon_instant_camera/share/pylon_instant_camera/package.bash'
[0.714s] [34mcolcon.colcon_core.shell[0m [1;30mINFO[0m Creating package script '/home/david/yolocpp_ws/install/pylon_instant_camera/share/pylon_instant_camera/package.zsh'
[0.716s] [34mcolcon.colcon_core.environment[0m [1;30mLevel 1[0m create_file_with_runtime_dependencies(/home/david/yolocpp_ws/install/pylon_instant_camera/share/colcon-core/packages/pylon_instant_camera)
[1.017s] [34mcolcon.colcon_core.event_handler.log_command[0m [1;30mDEBUG[0m [32mInvoked command in '/home/david/yolocpp_ws/build/yolo_custom_interfaces' returned '0': CMAKE_PREFIX_PATH=/opt/ros/humble PROMPT_COMMAND=echo -n \[$(date +%H:%M:%S)\]\ /home/david/.local/bin/cmake --build /home/david/yolocpp_ws/build/yolo_custom_interfaces -- -j32 -l32[0m
[1.019s] [34mcolcon.colcon_core.event_handler.log_command[0m [1;30mDEBUG[0m [32mInvoking command in '/home/david/yolocpp_ws/build/yolo_custom_interfaces': CMAKE_PREFIX_PATH=/opt/ros/humble PROMPT_COMMAND=echo -n \[$(date +%H:%M:%S)\]\ /home/david/.local/bin/cmake --install /home/david/yolocpp_ws/build/yolo_custom_interfaces[0m
[1.074s] [34mcolcon.colcon_core.environment[0m [1;30mLevel 1[0m create_environment_scripts_only(yolo_custom_interfaces)
[1.075s] [34mcolcon.colcon_core.environment[0m [1;30mLevel 1[0m checking '/home/david/yolocpp_ws/install/yolo_custom_interfaces' for CMake module files
[1.075s] [34mcolcon.colcon_core.event_handler.log_command[0m [1;30mDEBUG[0m [32mInvoked command in '/home/david/yolocpp_ws/build/yolo_custom_interfaces' returned '0': CMAKE_PREFIX_PATH=/opt/ros/humble PROMPT_COMMAND=echo -n \[$(date +%H:%M:%S)\]\ /home/david/.local/bin/cmake --install /home/david/yolocpp_ws/build/yolo_custom_interfaces[0m
[1.076s] [34mcolcon.colcon_core.environment[0m [1;30mLevel 1[0m checking '/home/david/yolocpp_ws/install/yolo_custom_interfaces' for CMake config files
[1.077s] [34mcolcon.colcon_core.shell[0m [1;30mLevel 1[0m create_environment_hook('yolo_custom_interfaces', 'cmake_prefix_path')
[1.077s] [34mcolcon.colcon_core.shell[0m [1;30mINFO[0m Creating environment hook '/home/david/yolocpp_ws/install/yolo_custom_interfaces/share/yolo_custom_interfaces/hook/cmake_prefix_path.ps1'
[1.077s] [34mcolcon.colcon_core.shell[0m [1;30mINFO[0m Creating environment descriptor '/home/david/yolocpp_ws/install/yolo_custom_interfaces/share/yolo_custom_interfaces/hook/cmake_prefix_path.dsv'
[1.078s] [34mcolcon.colcon_core.shell[0m [1;30mINFO[0m Creating environment hook '/home/david/yolocpp_ws/install/yolo_custom_interfaces/share/yolo_custom_interfaces/hook/cmake_prefix_path.sh'
[1.078s] [34mcolcon.colcon_core.environment[0m [1;30mLevel 1[0m checking '/home/david/yolocpp_ws/install/yolo_custom_interfaces/lib'
[1.078s] [34mcolcon.colcon_core.shell[0m [1;30mLevel 1[0m create_environment_hook('yolo_custom_interfaces', 'ld_library_path_lib')
[1.079s] [34mcolcon.colcon_core.shell[0m [1;30mINFO[0m Creating environment hook '/home/david/yolocpp_ws/install/yolo_custom_interfaces/share/yolo_custom_interfaces/hook/ld_library_path_lib.ps1'
[1.079s] [34mcolcon.colcon_core.shell[0m [1;30mINFO[0m Creating environment descriptor '/home/david/yolocpp_ws/install/yolo_custom_interfaces/share/yolo_custom_interfaces/hook/ld_library_path_lib.dsv'
[1.079s] [34mcolcon.colcon_core.shell[0m [1;30mINFO[0m Creating environment hook '/home/david/yolocpp_ws/install/yolo_custom_interfaces/share/yolo_custom_interfaces/hook/ld_library_path_lib.sh'
[1.079s] [34mcolcon.colcon_core.environment[0m [1;30mLevel 1[0m checking '/home/david/yolocpp_ws/install/yolo_custom_interfaces/bin'
[1.079s] [34mcolcon.colcon_core.environment[0m [1;30mLevel 1[0m checking '/home/david/yolocpp_ws/install/yolo_custom_interfaces/lib/pkgconfig/yolo_custom_interfaces.pc'
[1.080s] [34mcolcon.colcon_core.environment[0m [1;30mLevel 1[0m checking '/home/david/yolocpp_ws/install/yolo_custom_interfaces/lib/python3.10/site-packages'
[1.080s] [34mcolcon.colcon_core.environment[0m [1;30mLevel 1[0m checking '/home/david/yolocpp_ws/install/yolo_custom_interfaces/bin'
[1.080s] [34mcolcon.colcon_core.shell[0m [1;30mINFO[0m Creating package script '/home/david/yolocpp_ws/install/yolo_custom_interfaces/share/yolo_custom_interfaces/package.ps1'
[1.080s] [34mcolcon.colcon_core.shell[0m [1;30mINFO[0m Creating package descriptor '/home/david/yolocpp_ws/install/yolo_custom_interfaces/share/yolo_custom_interfaces/package.dsv'
[1.081s] [34mcolcon.colcon_core.shell[0m [1;30mINFO[0m Creating package script '/home/david/yolocpp_ws/install/yolo_custom_interfaces/share/yolo_custom_interfaces/package.sh'
[1.081s] [34mcolcon.colcon_core.shell[0m [1;30mINFO[0m Creating package script '/home/david/yolocpp_ws/install/yolo_custom_interfaces/share/yolo_custom_interfaces/package.bash'
[1.081s] [34mcolcon.colcon_core.shell[0m [1;30mINFO[0m Creating package script '/home/david/yolocpp_ws/install/yolo_custom_interfaces/share/yolo_custom_interfaces/package.zsh'
[1.081s] [34mcolcon.colcon_core.environment[0m [1;30mLevel 1[0m create_file_with_runtime_dependencies(/home/david/yolocpp_ws/install/yolo_custom_interfaces/share/colcon-core/packages/yolo_custom_interfaces)
[1.082s] [34mcolcon.colcon_core.environment[0m [1;30mLevel 1[0m create_environment_scripts_only(yolo_custom_interfaces)
[1.082s] [34mcolcon.colcon_core.environment[0m [1;30mLevel 1[0m checking '/home/david/yolocpp_ws/install/yolo_custom_interfaces' for CMake module files
[1.082s] [34mcolcon.colcon_core.environment[0m [1;30mLevel 1[0m checking '/home/david/yolocpp_ws/install/yolo_custom_interfaces' for CMake config files
[1.083s] [34mcolcon.colcon_core.shell[0m [1;30mLevel 1[0m create_environment_hook('yolo_custom_interfaces', 'cmake_prefix_path')
[1.083s] [34mcolcon.colcon_core.shell[0m [1;30mINFO[0m Creating environment hook '/home/david/yolocpp_ws/install/yolo_custom_interfaces/share/yolo_custom_interfaces/hook/cmake_prefix_path.ps1'
[1.083s] [34mcolcon.colcon_core.shell[0m [1;30mINFO[0m Creating environment descriptor '/home/david/yolocpp_ws/install/yolo_custom_interfaces/share/yolo_custom_interfaces/hook/cmake_prefix_path.dsv'
[1.083s] [34mcolcon.colcon_core.shell[0m [1;30mINFO[0m Creating environment hook '/home/david/yolocpp_ws/install/yolo_custom_interfaces/share/yolo_custom_interfaces/hook/cmake_prefix_path.sh'
[1.084s] [34mcolcon.colcon_core.environment[0m [1;30mLevel 1[0m checking '/home/david/yolocpp_ws/install/yolo_custom_interfaces/lib'
[1.084s] [34mcolcon.colcon_core.shell[0m [1;30mLevel 1[0m create_environment_hook('yolo_custom_interfaces', 'ld_library_path_lib')
[1.084s] [34mcolcon.colcon_core.shell[0m [1;30mINFO[0m Creating environment hook '/home/david/yolocpp_ws/install/yolo_custom_interfaces/share/yolo_custom_interfaces/hook/ld_library_path_lib.ps1'
[1.084s] [34mcolcon.colcon_core.shell[0m [1;30mINFO[0m Creating environment descriptor '/home/david/yolocpp_ws/install/yolo_custom_interfaces/share/yolo_custom_interfaces/hook/ld_library_path_lib.dsv'
[1.084s] [34mcolcon.colcon_core.shell[0m [1;30mINFO[0m Creating environment hook '/home/david/yolocpp_ws/install/yolo_custom_interfaces/share/yolo_custom_interfaces/hook/ld_library_path_lib.sh'
[1.085s] [34mcolcon.colcon_core.environment[0m [1;30mLevel 1[0m checking '/home/david/yolocpp_ws/install/yolo_custom_interfaces/bin'
[1.085s] [34mcolcon.colcon_core.environment[0m [1;30mLevel 1[0m checking '/home/david/yolocpp_ws/install/yolo_custom_interfaces/lib/pkgconfig/yolo_custom_interfaces.pc'
[1.085s] [34mcolcon.colcon_core.environment[0m [1;30mLevel 1[0m checking '/home/david/yolocpp_ws/install/yolo_custom_interfaces/lib/python3.10/site-packages'
[1.085s] [34mcolcon.colcon_core.environment[0m [1;30mLevel 1[0m checking '/home/david/yolocpp_ws/install/yolo_custom_interfaces/bin'
[1.085s] [34mcolcon.colcon_core.shell[0m [1;30mINFO[0m Creating package script '/home/david/yolocpp_ws/install/yolo_custom_interfaces/share/yolo_custom_interfaces/package.ps1'
[1.085s] [34mcolcon.colcon_core.shell[0m [1;30mINFO[0m Creating package descriptor '/home/david/yolocpp_ws/install/yolo_custom_interfaces/share/yolo_custom_interfaces/package.dsv'
[1.086s] [34mcolcon.colcon_core.shell[0m [1;30mINFO[0m Creating package script '/home/david/yolocpp_ws/install/yolo_custom_interfaces/share/yolo_custom_interfaces/package.sh'
[1.086s] [34mcolcon.colcon_core.shell[0m [1;30mINFO[0m Creating package script '/home/david/yolocpp_ws/install/yolo_custom_interfaces/share/yolo_custom_interfaces/package.bash'
[1.086s] [34mcolcon.colcon_core.shell[0m [1;30mINFO[0m Creating package script '/home/david/yolocpp_ws/install/yolo_custom_interfaces/share/yolo_custom_interfaces/package.zsh'
[1.086s] [34mcolcon.colcon_core.environment[0m [1;30mLevel 1[0m create_file_with_runtime_dependencies(/home/david/yolocpp_ws/install/yolo_custom_interfaces/share/colcon-core/packages/yolo_custom_interfaces)
[1.087s] [34mcolcon.colcon_ros.task.ament_cmake.build[0m [1;30mINFO[0m Building ROS package in '/home/david/yolocpp_ws/src/seg_sub' with build type 'ament_cmake'
[1.087s] [34mcolcon.colcon_cmake.task.cmake.build[0m [1;30mINFO[0m Building CMake package in '/home/david/yolocpp_ws/src/seg_sub'
[1.087s] [34mcolcon.colcon_core.shell[0m [1;30mINFO[0m Skip shell extension 'powershell' for command environment: Not usable outside of PowerShell
[1.087s] [34mcolcon.colcon_core.shell[0m [1;30mDEBUG[0m [32mSkip shell extension 'dsv' for command environment[0m
[1.089s] [34mcolcon.colcon_ros.task.ament_cmake.build[0m [1;30mINFO[0m Building ROS package in '/home/david/yolocpp_ws/src/TensorRT-YOLO' with build type 'ament_cmake'
[1.089s] [34mcolcon.colcon_cmake.task.cmake.build[0m [1;30mINFO[0m Building CMake package in '/home/david/yolocpp_ws/src/TensorRT-YOLO'
[1.090s] [34mcolcon.colcon_core.shell[0m [1;30mINFO[0m Skip shell extension 'powershell' for command environment: Not usable outside of PowerShell
[1.090s] [34mcolcon.colcon_core.shell[0m [1;30mDEBUG[0m [32mSkip shell extension 'dsv' for command environment[0m
[1.097s] [34mcolcon.colcon_core.event_handler.log_command[0m [1;30mDEBUG[0m [32mInvoking command in '/home/david/yolocpp_ws/build/seg_sub': AMENT_PREFIX_PATH=/home/david/yolocpp_ws/install/yolo_custom_interfaces:${AMENT_PREFIX_PATH} CMAKE_PREFIX_PATH=/home/david/yolocpp_ws/install/yolo_custom_interfaces:/opt/ros/humble LD_LIBRARY_PATH=/home/david/yolocpp_ws/install/yolo_custom_interfaces/lib:/usr/local/cuda-12.9/lib64:/usr/local/cuda-12.9/lib64:/opt/pylon/lib:/opt/ros/humble/opt/rviz_ogre_vendor/lib:/opt/ros/humble/lib/x86_64-linux-gnu:/opt/ros/humble/lib:/usr/local/cuda/lib64:/usr/local/cuda-11.2/lib64:/usr/local/cuda-11.2/lib64:/home/david/onnxruntime-linux-x64-gpu-1.22.0/lib PROMPT_COMMAND=echo -n \[$(date +%H:%M:%S)\]\ PYTHONPATH=/home/david/yolocpp_ws/install/yolo_custom_interfaces/local/lib/python3.10/dist-packages:${PYTHONPATH} /home/david/.local/bin/cmake --build /home/david/yolocpp_ws/build/seg_sub -- -j32 -l32[0m
[1.099s] [34mcolcon.colcon_core.event_handler.log_command[0m [1;30mDEBUG[0m [32mInvoking command in '/home/david/yolocpp_ws/build/tensorrt_yolo': AMENT_PREFIX_PATH=/home/david/yolocpp_ws/install/yolo_custom_interfaces:${AMENT_PREFIX_PATH} CMAKE_PREFIX_PATH=/home/david/yolocpp_ws/install/yolo_custom_interfaces:/opt/ros/humble LD_LIBRARY_PATH=/home/david/yolocpp_ws/install/yolo_custom_interfaces/lib:/usr/local/cuda-12.9/lib64:/usr/local/cuda-12.9/lib64:/opt/pylon/lib:/opt/ros/humble/opt/rviz_ogre_vendor/lib:/opt/ros/humble/lib/x86_64-linux-gnu:/opt/ros/humble/lib:/usr/local/cuda/lib64:/usr/local/cuda-11.2/lib64:/usr/local/cuda-11.2/lib64:/home/david/onnxruntime-linux-x64-gpu-1.22.0/lib PROMPT_COMMAND=echo -n \[$(date +%H:%M:%S)\]\ PYTHONPATH=/home/david/yolocpp_ws/install/yolo_custom_interfaces/local/lib/python3.10/dist-packages:${PYTHONPATH} /home/david/.local/bin/cmake --build /home/david/yolocpp_ws/build/tensorrt_yolo -- -j32 -l32[0m
[1.214s] [34mcolcon.colcon_core.event_handler.log_command[0m [1;30mDEBUG[0m [32mInvoked command in '/home/david/yolocpp_ws/build/tensorrt_yolo' returned '0': AMENT_PREFIX_PATH=/home/david/yolocpp_ws/install/yolo_custom_interfaces:${AMENT_PREFIX_PATH} CMAKE_PREFIX_PATH=/home/david/yolocpp_ws/install/yolo_custom_interfaces:/opt/ros/humble LD_LIBRARY_PATH=/home/david/yolocpp_ws/install/yolo_custom_interfaces/lib:/usr/local/cuda-12.9/lib64:/usr/local/cuda-12.9/lib64:/opt/pylon/lib:/opt/ros/humble/opt/rviz_ogre_vendor/lib:/opt/ros/humble/lib/x86_64-linux-gnu:/opt/ros/humble/lib:/usr/local/cuda/lib64:/usr/local/cuda-11.2/lib64:/usr/local/cuda-11.2/lib64:/home/david/onnxruntime-linux-x64-gpu-1.22.0/lib PROMPT_COMMAND=echo -n \[$(date +%H:%M:%S)\]\ PYTHONPATH=/home/david/yolocpp_ws/install/yolo_custom_interfaces/local/lib/python3.10/dist-packages:${PYTHONPATH} /home/david/.local/bin/cmake --build /home/david/yolocpp_ws/build/tensorrt_yolo -- -j32 -l32[0m
[1.217s] [34mcolcon.colcon_core.event_handler.log_command[0m [1;30mDEBUG[0m [32mInvoking command in '/home/david/yolocpp_ws/build/tensorrt_yolo': AMENT_PREFIX_PATH=/home/david/yolocpp_ws/install/yolo_custom_interfaces:${AMENT_PREFIX_PATH} CMAKE_PREFIX_PATH=/home/david/yolocpp_ws/install/yolo_custom_interfaces:/opt/ros/humble LD_LIBRARY_PATH=/home/david/yolocpp_ws/install/yolo_custom_interfaces/lib:/usr/local/cuda-12.9/lib64:/usr/local/cuda-12.9/lib64:/opt/pylon/lib:/opt/ros/humble/opt/rviz_ogre_vendor/lib:/opt/ros/humble/lib/x86_64-linux-gnu:/opt/ros/humble/lib:/usr/local/cuda/lib64:/usr/local/cuda-11.2/lib64:/usr/local/cuda-11.2/lib64:/home/david/onnxruntime-linux-x64-gpu-1.22.0/lib PROMPT_COMMAND=echo -n \[$(date +%H:%M:%S)\]\ PYTHONPATH=/home/david/yolocpp_ws/install/yolo_custom_interfaces/local/lib/python3.10/dist-packages:${PYTHONPATH} /home/david/.local/bin/cmake --install /home/david/yolocpp_ws/build/tensorrt_yolo[0m
[1.245s] [34mcolcon.colcon_core.environment[0m [1;30mLevel 1[0m create_environment_scripts_only(tensorrt_yolo)
[1.245s] [34mcolcon.colcon_core.event_handler.log_command[0m [1;30mDEBUG[0m [32mInvoked command in '/home/david/yolocpp_ws/build/tensorrt_yolo' returned '0': AMENT_PREFIX_PATH=/home/david/yolocpp_ws/install/yolo_custom_interfaces:${AMENT_PREFIX_PATH} CMAKE_PREFIX_PATH=/home/david/yolocpp_ws/install/yolo_custom_interfaces:/opt/ros/humble LD_LIBRARY_PATH=/home/david/yolocpp_ws/install/yolo_custom_interfaces/lib:/usr/local/cuda-12.9/lib64:/usr/local/cuda-12.9/lib64:/opt/pylon/lib:/opt/ros/humble/opt/rviz_ogre_vendor/lib:/opt/ros/humble/lib/x86_64-linux-gnu:/opt/ros/humble/lib:/usr/local/cuda/lib64:/usr/local/cuda-11.2/lib64:/usr/local/cuda-11.2/lib64:/home/david/onnxruntime-linux-x64-gpu-1.22.0/lib PROMPT_COMMAND=echo -n \[$(date +%H:%M:%S)\]\ PYTHONPATH=/home/david/yolocpp_ws/install/yolo_custom_interfaces/local/lib/python3.10/dist-packages:${PYTHONPATH} /home/david/.local/bin/cmake --install /home/david/yolocpp_ws/build/tensorrt_yolo[0m
[1.246s] [34mcolcon.colcon_core.environment[0m [1;30mLevel 1[0m checking '/home/david/yolocpp_ws/install/tensorrt_yolo' for CMake module files
[1.247s] [34mcolcon.colcon_core.environment[0m [1;30mLevel 1[0m checking '/home/david/yolocpp_ws/install/tensorrt_yolo' for CMake config files
[1.248s] [34mcolcon.colcon_core.shell[0m [1;30mLevel 1[0m create_environment_hook('tensorrt_yolo', 'cmake_prefix_path')
[1.248s] [34mcolcon.colcon_core.shell[0m [1;30mINFO[0m Creating environment hook '/home/david/yolocpp_ws/install/tensorrt_yolo/share/tensorrt_yolo/hook/cmake_prefix_path.ps1'
[1.248s] [34mcolcon.colcon_core.shell[0m [1;30mINFO[0m Creating environment descriptor '/home/david/yolocpp_ws/install/tensorrt_yolo/share/tensorrt_yolo/hook/cmake_prefix_path.dsv'
[1.249s] [34mcolcon.colcon_core.shell[0m [1;30mINFO[0m Creating environment hook '/home/david/yolocpp_ws/install/tensorrt_yolo/share/tensorrt_yolo/hook/cmake_prefix_path.sh'
[1.249s] [34mcolcon.colcon_core.environment[0m [1;30mLevel 1[0m checking '/home/david/yolocpp_ws/install/tensorrt_yolo/lib'
[1.249s] [34mcolcon.colcon_core.environment[0m [1;30mLevel 1[0m checking '/home/david/yolocpp_ws/install/tensorrt_yolo/bin'
[1.249s] [34mcolcon.colcon_core.environment[0m [1;30mLevel 1[0m checking '/home/david/yolocpp_ws/install/tensorrt_yolo/lib/pkgconfig/tensorrt_yolo.pc'
[1.250s] [34mcolcon.colcon_core.environment[0m [1;30mLevel 1[0m checking '/home/david/yolocpp_ws/install/tensorrt_yolo/lib/python3.10/site-packages'
[1.250s] [34mcolcon.colcon_core.environment[0m [1;30mLevel 1[0m checking '/home/david/yolocpp_ws/install/tensorrt_yolo/bin'
[1.250s] [34mcolcon.colcon_core.shell[0m [1;30mINFO[0m Creating package script '/home/david/yolocpp_ws/install/tensorrt_yolo/share/tensorrt_yolo/package.ps1'
[1.250s] [34mcolcon.colcon_core.shell[0m [1;30mINFO[0m Creating package descriptor '/home/david/yolocpp_ws/install/tensorrt_yolo/share/tensorrt_yolo/package.dsv'
[1.250s] [34mcolcon.colcon_core.shell[0m [1;30mINFO[0m Creating package script '/home/david/yolocpp_ws/install/tensorrt_yolo/share/tensorrt_yolo/package.sh'
[1.251s] [34mcolcon.colcon_core.shell[0m [1;30mINFO[0m Creating package script '/home/david/yolocpp_ws/install/tensorrt_yolo/share/tensorrt_yolo/package.bash'
[1.251s] [34mcolcon.colcon_core.shell[0m [1;30mINFO[0m Creating package script '/home/david/yolocpp_ws/install/tensorrt_yolo/share/tensorrt_yolo/package.zsh'
[1.251s] [34mcolcon.colcon_core.environment[0m [1;30mLevel 1[0m create_file_with_runtime_dependencies(/home/david/yolocpp_ws/install/tensorrt_yolo/share/colcon-core/packages/tensorrt_yolo)
[1.251s] [34mcolcon.colcon_core.environment[0m [1;30mLevel 1[0m create_environment_scripts_only(tensorrt_yolo)
[1.252s] [34mcolcon.colcon_core.environment[0m [1;30mLevel 1[0m checking '/home/david/yolocpp_ws/install/tensorrt_yolo' for CMake module files
[1.252s] [34mcolcon.colcon_core.environment[0m [1;30mLevel 1[0m checking '/home/david/yolocpp_ws/install/tensorrt_yolo' for CMake config files
[1.252s] [34mcolcon.colcon_core.shell[0m [1;30mLevel 1[0m create_environment_hook('tensorrt_yolo', 'cmake_prefix_path')
[1.252s] [34mcolcon.colcon_core.shell[0m [1;30mINFO[0m Creating environment hook '/home/david/yolocpp_ws/install/tensorrt_yolo/share/tensorrt_yolo/hook/cmake_prefix_path.ps1'
[1.253s] [34mcolcon.colcon_core.shell[0m [1;30mINFO[0m Creating environment descriptor '/home/david/yolocpp_ws/install/tensorrt_yolo/share/tensorrt_yolo/hook/cmake_prefix_path.dsv'
[1.253s] [34mcolcon.colcon_core.shell[0m [1;30mINFO[0m Creating environment hook '/home/david/yolocpp_ws/install/tensorrt_yolo/share/tensorrt_yolo/hook/cmake_prefix_path.sh'
[1.253s] [34mcolcon.colcon_core.environment[0m [1;30mLevel 1[0m checking '/home/david/yolocpp_ws/install/tensorrt_yolo/lib'
[1.253s] [34mcolcon.colcon_core.environment[0m [1;30mLevel 1[0m checking '/home/david/yolocpp_ws/install/tensorrt_yolo/bin'
[1.253s] [34mcolcon.colcon_core.environment[0m [1;30mLevel 1[0m checking '/home/david/yolocpp_ws/install/tensorrt_yolo/lib/pkgconfig/tensorrt_yolo.pc'
[1.253s] [34mcolcon.colcon_core.environment[0m [1;30mLevel 1[0m checking '/home/david/yolocpp_ws/install/tensorrt_yolo/lib/python3.10/site-packages'
[1.254s] [34mcolcon.colcon_core.environment[0m [1;30mLevel 1[0m checking '/home/david/yolocpp_ws/install/tensorrt_yolo/bin'
[1.254s] [34mcolcon.colcon_core.shell[0m [1;30mINFO[0m Creating package script '/home/david/yolocpp_ws/install/tensorrt_yolo/share/tensorrt_yolo/package.ps1'
[1.254s] [34mcolcon.colcon_core.shell[0m [1;30mINFO[0m Creating package descriptor '/home/david/yolocpp_ws/install/tensorrt_yolo/share/tensorrt_yolo/package.dsv'
[1.254s] [34mcolcon.colcon_core.shell[0m [1;30mINFO[0m Creating package script '/home/david/yolocpp_ws/install/tensorrt_yolo/share/tensorrt_yolo/package.sh'
[1.255s] [34mcolcon.colcon_core.shell[0m [1;30mINFO[0m Creating package script '/home/david/yolocpp_ws/install/tensorrt_yolo/share/tensorrt_yolo/package.bash'
[1.255s] [34mcolcon.colcon_core.shell[0m [1;30mINFO[0m Creating package script '/home/david/yolocpp_ws/install/tensorrt_yolo/share/tensorrt_yolo/package.zsh'
[1.255s] [34mcolcon.colcon_core.environment[0m [1;30mLevel 1[0m create_file_with_runtime_dependencies(/home/david/yolocpp_ws/install/tensorrt_yolo/share/colcon-core/packages/tensorrt_yolo)
[4.428s] [34mcolcon.colcon_core.environment[0m [1;30mLevel 1[0m create_environment_scripts_only(seg_sub)
[4.428s] [34mcolcon.colcon_core.environment[0m [1;30mLevel 1[0m checking '/home/david/yolocpp_ws/install/seg_sub' for CMake module files
[4.429s] [34mcolcon.colcon_core.event_handler.log_command[0m [1;30mDEBUG[0m [32mInvoked command in '/home/david/yolocpp_ws/build/seg_sub' returned '2': AMENT_PREFIX_PATH=/home/david/yolocpp_ws/install/yolo_custom_interfaces:${AMENT_PREFIX_PATH} CMAKE_PREFIX_PATH=/home/david/yolocpp_ws/install/yolo_custom_interfaces:/opt/ros/humble LD_LIBRARY_PATH=/home/david/yolocpp_ws/install/yolo_custom_interfaces/lib:/usr/local/cuda-12.9/lib64:/usr/local/cuda-12.9/lib64:/opt/pylon/lib:/opt/ros/humble/opt/rviz_ogre_vendor/lib:/opt/ros/humble/lib/x86_64-linux-gnu:/opt/ros/humble/lib:/usr/local/cuda/lib64:/usr/local/cuda-11.2/lib64:/usr/local/cuda-11.2/lib64:/home/david/onnxruntime-linux-x64-gpu-1.22.0/lib PROMPT_COMMAND=echo -n \[$(date +%H:%M:%S)\]\ PYTHONPATH=/home/david/yolocpp_ws/install/yolo_custom_interfaces/local/lib/python3.10/dist-packages:${PYTHONPATH} /home/david/.local/bin/cmake --build /home/david/yolocpp_ws/build/seg_sub -- -j32 -l32[0m
[4.429s] [34mcolcon.colcon_core.environment[0m [1;30mLevel 1[0m checking '/home/david/yolocpp_ws/install/seg_sub' for CMake config files
[4.429s] [34mcolcon.colcon_core.shell[0m [1;30mLevel 1[0m create_environment_hook('seg_sub', 'cmake_prefix_path')
[4.429s] [34mcolcon.colcon_core.shell[0m [1;30mINFO[0m Creating environment hook '/home/david/yolocpp_ws/install/seg_sub/share/seg_sub/hook/cmake_prefix_path.ps1'
[4.430s] [34mcolcon.colcon_core.shell[0m [1;30mINFO[0m Creating environment descriptor '/home/david/yolocpp_ws/install/seg_sub/share/seg_sub/hook/cmake_prefix_path.dsv'
[4.430s] [34mcolcon.colcon_core.shell[0m [1;30mINFO[0m Creating environment hook '/home/david/yolocpp_ws/install/seg_sub/share/seg_sub/hook/cmake_prefix_path.sh'
[4.430s] [34mcolcon.colcon_core.environment[0m [1;30mLevel 1[0m checking '/home/david/yolocpp_ws/install/seg_sub/lib'
[4.430s] [34mcolcon.colcon_core.environment[0m [1;30mLevel 1[0m checking '/home/david/yolocpp_ws/install/seg_sub/bin'
[4.430s] [34mcolcon.colcon_core.environment[0m [1;30mLevel 1[0m checking '/home/david/yolocpp_ws/install/seg_sub/lib/pkgconfig/seg_sub.pc'
[4.430s] [34mcolcon.colcon_core.environment[0m [1;30mLevel 1[0m checking '/home/david/yolocpp_ws/install/seg_sub/lib/python3.10/site-packages'
[4.430s] [34mcolcon.colcon_core.environment[0m [1;30mLevel 1[0m checking '/home/david/yolocpp_ws/install/seg_sub/bin'
[4.431s] [34mcolcon.colcon_core.shell[0m [1;30mINFO[0m Creating package script '/home/david/yolocpp_ws/install/seg_sub/share/seg_sub/package.ps1'
[4.431s] [34mcolcon.colcon_core.shell[0m [1;30mINFO[0m Creating package descriptor '/home/david/yolocpp_ws/install/seg_sub/share/seg_sub/package.dsv'
[4.431s] [34mcolcon.colcon_core.shell[0m [1;30mINFO[0m Creating package script '/home/david/yolocpp_ws/install/seg_sub/share/seg_sub/package.sh'
[4.431s] [34mcolcon.colcon_core.shell[0m [1;30mINFO[0m Creating package script '/home/david/yolocpp_ws/install/seg_sub/share/seg_sub/package.bash'
[4.432s] [34mcolcon.colcon_core.shell[0m [1;30mINFO[0m Creating package script '/home/david/yolocpp_ws/install/seg_sub/share/seg_sub/package.zsh'
[4.432s] [34mcolcon.colcon_core.environment[0m [1;30mLevel 1[0m create_file_with_runtime_dependencies(/home/david/yolocpp_ws/install/seg_sub/share/colcon-core/packages/seg_sub)
[4.442s] [34mcolcon.colcon_parallel_executor.executor.parallel[0m [1;30mDEBUG[0m [32mclosing loop[0m
[4.442s] [34mcolcon.colcon_parallel_executor.executor.parallel[0m [1;30mDEBUG[0m [32mloop closed[0m
[4.442s] [34mcolcon.colcon_parallel_executor.executor.parallel[0m [1;30mDEBUG[0m [32mrun_until_complete finished with '2'[0m
[4.443s] [34mcolcon.colcon_core.event_reactor[0m [1;30mDEBUG[0m [32mjoining thread[0m
[4.449s] [34mcolcon.colcon_core.plugin_system[0m [1;30mINFO[0m Skipping extension 'colcon_notification.desktop_notification.terminal_notifier': Not used on non-Darwin systems
[4.449s] [34mcolcon.colcon_core.plugin_system[0m [1;30mINFO[0m Skipping extension 'colcon_notification.desktop_notification.win32': Not used on non-Windows systems
[4.449s] [34mcolcon.colcon_notification.desktop_notification[0m [1;30mINFO[0m Sending desktop notification using 'notify2'
[4.472s] [34mcolcon.colcon_core.event_reactor[0m [1;30mDEBUG[0m [32mjoined thread[0m
[4.473s] [34mcolcon.colcon_core.shell[0m [1;30mINFO[0m Creating prefix script '/home/david/yolocpp_ws/install/local_setup.ps1'
[4.476s] [34mcolcon.colcon_core.shell[0m [1;30mINFO[0m Creating prefix util module '/home/david/yolocpp_ws/install/_local_setup_util_ps1.py'
[4.479s] [34mcolcon.colcon_core.shell[0m [1;30mINFO[0m Creating prefix chain script '/home/david/yolocpp_ws/install/setup.ps1'
[4.482s] [34mcolcon.colcon_core.shell[0m [1;30mINFO[0m Creating prefix script '/home/david/yolocpp_ws/install/local_setup.sh'
[4.484s] [34mcolcon.colcon_core.shell[0m [1;30mINFO[0m Creating prefix util module '/home/david/yolocpp_ws/install/_local_setup_util_sh.py'
[4.485s] [34mcolcon.colcon_core.shell[0m [1;30mINFO[0m Creating prefix chain script '/home/david/yolocpp_ws/install/setup.sh'
[4.487s] [34mcolcon.colcon_core.shell[0m [1;30mINFO[0m Creating prefix script '/home/david/yolocpp_ws/install/local_setup.bash'
[4.489s] [34mcolcon.colcon_core.shell[0m [1;30mINFO[0m Creating prefix chain script '/home/david/yolocpp_ws/install/setup.bash'
[4.491s] [34mcolcon.colcon_core.shell[0m [1;30mINFO[0m Creating prefix script '/home/david/yolocpp_ws/install/local_setup.zsh'
[4.492s] [34mcolcon.colcon_core.shell[0m [1;30mINFO[0m Creating prefix chain script '/home/david/yolocpp_ws/install/setup.zsh'
