[0.016s] Invoking command in '/home/david/yolocpp_ws/build/pylon_instant_camera': CMAKE_PREFIX_PATH=${CMAKE_PREFIX_PATH}:/home/david/yolopy_ws/install/yolopy:/opt/ros/humble PROMPT_COMMAND=echo -n \[$(date +%H:%M:%S)\]\ /home/david/.local/bin/cmake /home/david/yolocpp_ws/src/pylon_instant_camera-ros2 -DTRT_PATH=/usr -DCMAKE_CUDA_ARCHITECTURES=89 -DCMAKE_CUDA_COMPILER=/usr/local/cuda-12.9/bin/nvcc -DCMAKE_INSTALL_PREFIX=/home/david/yolocpp_ws/install/pylon_instant_camera
[0.152s] -- The C compiler identification is GNU 11.4.0
[0.222s] -- The CXX compiler identification is GNU 11.4.0
[0.242s] -- Detecting C compiler ABI info
[0.312s] -- Detecting C compiler ABI info - done
[0.324s] -- Check for working C compiler: /usr/bin/cc - skipped
[0.324s] -- Detecting C compile features
[0.325s] -- Detecting C compile features - done
[0.330s] -- Detecting CXX compiler ABI info
[0.445s] -- Detecting CXX compiler ABI info - done
[0.460s] -- Check for working CXX compiler: /usr/bin/c++ - skipped
[0.461s] -- Detecting CXX compile features
[0.462s] -- Detecting CXX compile features - done
[0.464s] -- Found ament_cmake: 1.3.11 (/opt/ros/humble/share/ament_cmake/cmake)
[0.621s] -- Found Python3: /usr/bin/python3 (found version "3.10.12") found components: Interpreter 
[0.747s] -- Found rclcpp: 16.0.12 (/opt/ros/humble/share/rclcpp/cmake)
[0.815s] -- Found rosidl_generator_c: 3.1.6 (/opt/ros/humble/share/rosidl_generator_c/cmake)
[0.822s] -- Found rosidl_adapter: 3.1.6 (/opt/ros/humble/share/rosidl_adapter/cmake)
[0.839s] -- Found rosidl_generator_cpp: 3.1.6 (/opt/ros/humble/share/rosidl_generator_cpp/cmake)
[0.865s] -- Using all available rosidl_typesupport_c: rosidl_typesupport_fastrtps_c;rosidl_typesupport_introspection_c
[0.894s] -- Using all available rosidl_typesupport_cpp: rosidl_typesupport_fastrtps_cpp;rosidl_typesupport_introspection_cpp
[0.981s] -- Found rmw_implementation_cmake: 6.1.2 (/opt/ros/humble/share/rmw_implementation_cmake/cmake)
[0.985s] -- Found rmw_fastrtps_cpp: 6.2.7 (/opt/ros/humble/share/rmw_fastrtps_cpp/cmake)
[1.123s] -- Found OpenSSL: /usr/lib/x86_64-linux-gnu/libcrypto.so (found version "3.0.2")  
[1.159s] -- Found FastRTPS: /opt/ros/humble/include  
[1.208s] -- Using RMW implementation 'rmw_fastrtps_cpp' as default
[1.222s] -- Performing Test CMAKE_HAVE_LIBC_PTHREAD
[1.309s] -- Performing Test CMAKE_HAVE_LIBC_PTHREAD - Success
[1.312s] -- Found Threads: TRUE  
[1.394s] -- Found rclcpp_components: 16.0.12 (/opt/ros/humble/share/rclcpp_components/cmake)
[1.448s] -- Found image_transport: 3.1.11 (/opt/ros/humble/share/image_transport/cmake)
[1.533s] -- Found camera_calibration_parsers: 3.1.11 (/opt/ros/humble/share/camera_calibration_parsers/cmake)
[1.672s] -- Configuring done
[1.698s] -- Generating done
[1.700s] [33mCMake Warning:
[1.701s]   Manually-specified variables were not used by the project:
[1.701s] 
[1.701s]     CMAKE_CUDA_COMPILER
[1.701s]     TRT_PATH
[1.701s] 
[1.701s] [0m
[1.706s] -- Build files have been written to: /home/david/yolocpp_ws/build/pylon_instant_camera
[1.723s] Invoked command in '/home/david/yolocpp_ws/build/pylon_instant_camera' returned '0': CMAKE_PREFIX_PATH=${CMAKE_PREFIX_PATH}:/home/david/yolopy_ws/install/yolopy:/opt/ros/humble PROMPT_COMMAND=echo -n \[$(date +%H:%M:%S)\]\ /home/david/.local/bin/cmake /home/david/yolocpp_ws/src/pylon_instant_camera-ros2 -DTRT_PATH=/usr -DCMAKE_CUDA_ARCHITECTURES=89 -DCMAKE_CUDA_COMPILER=/usr/local/cuda-12.9/bin/nvcc -DCMAKE_INSTALL_PREFIX=/home/david/yolocpp_ws/install/pylon_instant_camera
[1.724s] Invoking command in '/home/david/yolocpp_ws/build/pylon_instant_camera': CMAKE_PREFIX_PATH=${CMAKE_PREFIX_PATH}:/home/david/yolopy_ws/install/yolopy:/opt/ros/humble PROMPT_COMMAND=echo -n \[$(date +%H:%M:%S)\]\ /home/david/.local/bin/cmake --build /home/david/yolocpp_ws/build/pylon_instant_camera -- -j32 -l32
[1.795s] [ 25%] [32mBuilding CXX object CMakeFiles/PylonCameraNode.dir/src/main.cpp.o[0m
[1.796s] [ 50%] [32mBuilding CXX object CMakeFiles/node.dir/rclcpp_components/node_main_node.cpp.o[0m
[5.409s] [ 75%] [32m[1mLinking CXX executable node[0m
[5.535s] [ 75%] Built target node
[5.934s] [100%] [32m[1mLinking CXX shared library libPylonCameraNode.so[0m
[6.099s] [100%] Built target PylonCameraNode
[6.109s] Invoked command in '/home/david/yolocpp_ws/build/pylon_instant_camera' returned '0': CMAKE_PREFIX_PATH=${CMAKE_PREFIX_PATH}:/home/david/yolopy_ws/install/yolopy:/opt/ros/humble PROMPT_COMMAND=echo -n \[$(date +%H:%M:%S)\]\ /home/david/.local/bin/cmake --build /home/david/yolocpp_ws/build/pylon_instant_camera -- -j32 -l32
[6.111s] Invoking command in '/home/david/yolocpp_ws/build/pylon_instant_camera': CMAKE_PREFIX_PATH=${CMAKE_PREFIX_PATH}:/home/david/yolopy_ws/install/yolopy:/opt/ros/humble PROMPT_COMMAND=echo -n \[$(date +%H:%M:%S)\]\ /home/david/.local/bin/cmake --install /home/david/yolocpp_ws/build/pylon_instant_camera
[6.147s] -- Install configuration: ""
[6.147s] -- Installing: /home/david/yolocpp_ws/install/pylon_instant_camera/lib/pylon_instant_camera/node
[6.147s] -- Set runtime path of "/home/david/yolocpp_ws/install/pylon_instant_camera/lib/pylon_instant_camera/node" to ""
[6.147s] -- Installing: /home/david/yolocpp_ws/install/pylon_instant_camera/lib/libPylonCameraNode.so
[6.148s] -- Set runtime path of "/home/david/yolocpp_ws/install/pylon_instant_camera/lib/libPylonCameraNode.so" to ""
[6.148s] -- Installing: /home/david/yolocpp_ws/install/pylon_instant_camera/share/ament_index/resource_index/package_run_dependencies/pylon_instant_camera
[6.148s] -- Installing: /home/david/yolocpp_ws/install/pylon_instant_camera/share/ament_index/resource_index/parent_prefix_path/pylon_instant_camera
[6.148s] -- Installing: /home/david/yolocpp_ws/install/pylon_instant_camera/share/pylon_instant_camera/environment/ament_prefix_path.sh
[6.149s] -- Installing: /home/david/yolocpp_ws/install/pylon_instant_camera/share/pylon_instant_camera/environment/ament_prefix_path.dsv
[6.149s] -- Installing: /home/david/yolocpp_ws/install/pylon_instant_camera/share/pylon_instant_camera/environment/path.sh
[6.149s] -- Installing: /home/david/yolocpp_ws/install/pylon_instant_camera/share/pylon_instant_camera/environment/path.dsv
[6.149s] -- Installing: /home/david/yolocpp_ws/install/pylon_instant_camera/share/pylon_instant_camera/local_setup.bash
[6.150s] -- Installing: /home/david/yolocpp_ws/install/pylon_instant_camera/share/pylon_instant_camera/local_setup.sh
[6.150s] -- Installing: /home/david/yolocpp_ws/install/pylon_instant_camera/share/pylon_instant_camera/local_setup.zsh
[6.150s] -- Installing: /home/david/yolocpp_ws/install/pylon_instant_camera/share/pylon_instant_camera/local_setup.dsv
[6.150s] -- Installing: /home/david/yolocpp_ws/install/pylon_instant_camera/share/pylon_instant_camera/package.dsv
[6.150s] -- Installing: /home/david/yolocpp_ws/install/pylon_instant_camera/share/ament_index/resource_index/packages/pylon_instant_camera
[6.150s] -- Installing: /home/david/yolocpp_ws/install/pylon_instant_camera/share/ament_index/resource_index/rclcpp_components/pylon_instant_camera
[6.150s] -- Installing: /home/david/yolocpp_ws/install/pylon_instant_camera/share/pylon_instant_camera/cmake/pylon_instant_cameraConfig.cmake
[6.150s] -- Installing: /home/david/yolocpp_ws/install/pylon_instant_camera/share/pylon_instant_camera/cmake/pylon_instant_cameraConfig-version.cmake
[6.150s] -- Installing: /home/david/yolocpp_ws/install/pylon_instant_camera/share/pylon_instant_camera/package.xml
[6.157s] Invoked command in '/home/david/yolocpp_ws/build/pylon_instant_camera' returned '0': CMAKE_PREFIX_PATH=${CMAKE_PREFIX_PATH}:/home/david/yolopy_ws/install/yolopy:/opt/ros/humble PROMPT_COMMAND=echo -n \[$(date +%H:%M:%S)\]\ /home/david/.local/bin/cmake --install /home/david/yolocpp_ws/build/pylon_instant_camera
