[0.244s] Invoking command in '/home/david/yolocpp_ws/build/image_directory_publisher': CMAKE_PREFIX_PATH=${CMAKE_PREFIX_PATH}:/home/david/yolocpp_ws/install/microservers_py:/home/david/yolocpp_ws/install/clients_py:/opt/ros/humble PROMPT_COMMAND=echo -n \[$(date +%H:%M:%S)\]\ /home/david/.local/bin/cmake --build /home/david/yolocpp_ws/build/image_directory_publisher -- -j32 -l32
[0.491s] [ 50%] [32mBuilding CXX object CMakeFiles/directory_publisher_node.dir/src/directory_publisher_node.cpp.o[0m
[1.821s] In file included from [01m[K/opt/ros/humble/include/rclcpp/rclcpp/logging.hpp:24[m[K,
[1.822s]                  from [01m[K/opt/ros/humble/include/rclcpp/rclcpp/client.hpp:40[m[K,
[1.822s]                  from [01m[K/opt/ros/humble/include/rclcpp/rclcpp/callback_group.hpp:24[m[K,
[1.822s]                  from [01m[K/opt/ros/humble/include/rclcpp/rclcpp/any_executable.hpp:20[m[K,
[1.822s]                  from [01m[K/opt/ros/humble/include/rclcpp/rclcpp/memory_strategy.hpp:25[m[K,
[1.822s]                  from [01m[K/opt/ros/humble/include/rclcpp/rclcpp/memory_strategies.hpp:18[m[K,
[1.822s]                  from [01m[K/opt/ros/humble/include/rclcpp/rclcpp/executor_options.hpp:20[m[K,
[1.822s]                  from [01m[K/opt/ros/humble/include/rclcpp/rclcpp/executor.hpp:37[m[K,
[1.822s]                  from [01m[K/opt/ros/humble/include/rclcpp/rclcpp/executors/multi_threaded_executor.hpp:25[m[K,
[1.822s]                  from [01m[K/opt/ros/humble/include/rclcpp/rclcpp/executors.hpp:21[m[K,
[1.822s]                  from [01m[K/opt/ros/humble/include/rclcpp/rclcpp/rclcpp.hpp:155[m[K,
[1.822s]                  from [01m[K/home/david/yolocpp_ws/src/image_directory_publisher/src/directory_publisher_node.cpp:1[m[K:
[1.822s] [01m[K/home/david/yolocpp_ws/src/image_directory_publisher/src/directory_publisher_node.cpp:[m[K In member function ‘[01m[Kvoid image_directory_publisher::DirectoryPublisherNode::publish_image_set(const string&, image_transport::Publisher&, const string&, const string&)[m[K’:
[1.822s] [01m[K/home/david/yolocpp_ws/src/image_directory_publisher/src/directory_publisher_node.cpp:146:41:[m[K [01;35m[Kwarning: [m[Kformat ‘[01m[K%ld[m[K’ expects argument of type ‘[01m[Klong int[m[K’, but argument 7 has type ‘[01m[Kbuiltin_interfaces::msg::Time_<std::allocator<void> >::_sec_type[m[K’ {aka ‘[01m[Kint[m[K’} [[01;35m[K]8;;https://gcc.gnu.org/onlinedocs/gcc/Warning-Options.html#index-Wformat=-Wformat=]8;;[m[K]
[1.822s]   146 |         RCLCPP_INFO(this->get_logger(), [01;35m[K"Published %s image: %s with MONOTONIC TS: %ld.%09ld"[m[K,
[1.822s]       |                                         [01;35m[K^~~~~~~~~~~~~~~~~~~~~~~~~~~~~~~~~~~~~~~~~~~~~~~~~~~~~[m[K
[1.822s]   147 |                     camera_name_log.c_str(), image_path.c_str(), [32m[Kheader.stamp.sec[m[K, header.stamp.nanosec);
[1.822s]       |                                                                  [32m[K~~~~~~~~~~~~~~~~[m[K
[1.822s]       |                                                                               [32m[K|[m[K
[1.822s]       |                                                                               [32m[Kbuiltin_interfaces::msg::Time_<std::allocator<void> >::_sec_type {aka int}[m[K
[1.822s] [01m[K/home/david/yolocpp_ws/src/image_directory_publisher/src/directory_publisher_node.cpp:146:86:[m[K [01;36m[Knote: [m[Kformat string is defined here
[1.822s]   146 | , "Published %s image: %s with MONOTONIC TS: [01;36m[K%ld[m[K.%09ld",
[1.822s]       |                                              [01;36m[K~~^[m[K
[1.822s]       |                                                [01;36m[K|[m[K
[1.822s]       |                                                [01;36m[Klong int[m[K
[1.822s]       |                                              [32m[K%d[m[K
[1.822s] In file included from [01m[K/opt/ros/humble/include/rclcpp/rclcpp/logging.hpp:24[m[K,
[1.822s]                  from [01m[K/opt/ros/humble/include/rclcpp/rclcpp/client.hpp:40[m[K,
[1.822s]                  from [01m[K/opt/ros/humble/include/rclcpp/rclcpp/callback_group.hpp:24[m[K,
[1.822s]                  from [01m[K/opt/ros/humble/include/rclcpp/rclcpp/any_executable.hpp:20[m[K,
[1.822s]                  from [01m[K/opt/ros/humble/include/rclcpp/rclcpp/memory_strategy.hpp:25[m[K,
[1.822s]                  from [01m[K/opt/ros/humble/include/rclcpp/rclcpp/memory_strategies.hpp:18[m[K,
[1.822s]                  from [01m[K/opt/ros/humble/include/rclcpp/rclcpp/executor_options.hpp:20[m[K,
[1.822s]                  from [01m[K/opt/ros/humble/include/rclcpp/rclcpp/executor.hpp:37[m[K,
[1.822s]                  from [01m[K/opt/ros/humble/include/rclcpp/rclcpp/executors/multi_threaded_executor.hpp:25[m[K,
[1.822s]                  from [01m[K/opt/ros/humble/include/rclcpp/rclcpp/executors.hpp:21[m[K,
[1.822s]                  from [01m[K/opt/ros/humble/include/rclcpp/rclcpp/rclcpp.hpp:155[m[K,
[1.822s]                  from [01m[K/home/david/yolocpp_ws/src/image_directory_publisher/src/directory_publisher_node.cpp:1[m[K:
[1.822s] [01m[K/home/david/yolocpp_ws/src/image_directory_publisher/src/directory_publisher_node.cpp:146:41:[m[K [01;35m[Kwarning: [m[Kformat ‘[01m[K%ld[m[K’ expects argument of type ‘[01m[Klong int[m[K’, but argument 8 has type ‘[01m[Kbuiltin_interfaces::msg::Time_<std::allocator<void> >::_nanosec_type[m[K’ {aka ‘[01m[Kunsigned int[m[K’} [[01;35m[K]8;;https://gcc.gnu.org/onlinedocs/gcc/Warning-Options.html#index-Wformat=-Wformat=]8;;[m[K]
[1.822s]   146 |         RCLCPP_INFO(this->get_logger(), [01;35m[K"Published %s image: %s with MONOTONIC TS: %ld.%09ld"[m[K,
[1.822s]       |                                         [01;35m[K^~~~~~~~~~~~~~~~~~~~~~~~~~~~~~~~~~~~~~~~~~~~~~~~~~~~~[m[K
[1.822s]   147 |                     camera_name_log.c_str(), image_path.c_str(), header.stamp.sec, [32m[Kheader.stamp.nanosec[m[K);
[1.823s]       |                                                                                    [32m[K~~~~~~~~~~~~~~~~~~~~[m[K
[1.823s]       |                                                                                                 [32m[K|[m[K
[1.823s]       |                                                                                                 [32m[Kbuiltin_interfaces::msg::Time_<std::allocator<void> >::_nanosec_type {aka unsigned int}[m[K
[1.823s] [01m[K/home/david/yolocpp_ws/src/image_directory_publisher/src/directory_publisher_node.cpp:146:92:[m[K [01;36m[Knote: [m[Kformat string is defined here
[1.823s]   146 | , "Published %s image: %s with MONOTONIC TS: %ld.[01;36m[K%09ld[m[K",
[1.823s]       |                                                  [01;36m[K~~~~^[m[K
[1.823s]       |                                                      [01;36m[K|[m[K
[1.823s]       |                                                      [01;36m[Klong int[m[K
[1.823s]       |                                                  [32m[K%09d[m[K
[2.574s] [100%] [32m[1mLinking CXX shared library libdirectory_publisher_node.so[0m
[2.656s] [100%] Built target directory_publisher_node
[2.663s] Invoked command in '/home/david/yolocpp_ws/build/image_directory_publisher' returned '0': CMAKE_PREFIX_PATH=${CMAKE_PREFIX_PATH}:/home/david/yolocpp_ws/install/microservers_py:/home/david/yolocpp_ws/install/clients_py:/opt/ros/humble PROMPT_COMMAND=echo -n \[$(date +%H:%M:%S)\]\ /home/david/.local/bin/cmake --build /home/david/yolocpp_ws/build/image_directory_publisher -- -j32 -l32
[2.664s] Invoking command in '/home/david/yolocpp_ws/build/image_directory_publisher': CMAKE_PREFIX_PATH=${CMAKE_PREFIX_PATH}:/home/david/yolocpp_ws/install/microservers_py:/home/david/yolocpp_ws/install/clients_py:/opt/ros/humble PROMPT_COMMAND=echo -n \[$(date +%H:%M:%S)\]\ /home/david/.local/bin/cmake --install /home/david/yolocpp_ws/build/image_directory_publisher
[2.681s] -- Install configuration: ""
[2.681s] -- Installing: /home/david/yolocpp_ws/install/image_directory_publisher/lib/libdirectory_publisher_node.so
[2.682s] -- Set runtime path of "/home/david/yolocpp_ws/install/image_directory_publisher/lib/libdirectory_publisher_node.so" to ""
[2.682s] -- Up-to-date: /home/david/yolocpp_ws/install/image_directory_publisher/share/image_directory_publisher/launch
[2.682s] -- Up-to-date: /home/david/yolocpp_ws/install/image_directory_publisher/share/image_directory_publisher/launch/directory_publisher.launch.py
[2.682s] -- Up-to-date: /home/david/yolocpp_ws/install/image_directory_publisher/share/image_directory_publisher/include
[2.682s] -- Up-to-date: /home/david/yolocpp_ws/install/image_directory_publisher/share/image_directory_publisher/include/chrono
[2.682s] -- Up-to-date: /home/david/yolocpp_ws/install/image_directory_publisher/share/image_directory_publisher/include/chrono/ChronoTimer.hpp
[2.682s] -- Up-to-date: /home/david/yolocpp_ws/install/image_directory_publisher/share/image_directory_publisher/include/chrono/ChronoTimer.cpp
[2.682s] -- Up-to-date: /home/david/yolocpp_ws/install/image_directory_publisher/share/image_directory_publisher/include/image_directory_publisher
[2.682s] -- Up-to-date: /home/david/yolocpp_ws/install/image_directory_publisher/share/image_directory_publisher/include/image_directory_publisher/directory_publisher_node.hpp
[2.682s] -- Up-to-date: /home/david/yolocpp_ws/install/image_directory_publisher/share/image_directory_publisher/config
[2.682s] -- Up-to-date: /home/david/yolocpp_ws/install/image_directory_publisher/share/image_directory_publisher/config/params.yaml
[2.682s] -- Up-to-date: /home/david/yolocpp_ws/install/image_directory_publisher/share/image_directory_publisher/config/right_camera_info.yaml
[2.682s] -- Up-to-date: /home/david/yolocpp_ws/install/image_directory_publisher/share/image_directory_publisher/config/front_camera_info.yaml
[2.682s] -- Up-to-date: /home/david/yolocpp_ws/install/image_directory_publisher/share/image_directory_publisher/config/config.yaml
[2.682s] -- Up-to-date: /home/david/yolocpp_ws/install/image_directory_publisher/share/image_directory_publisher/config/left_camera_info.yaml
[2.682s] -- Up-to-date: /home/david/yolocpp_ws/install/image_directory_publisher/share/ament_index/resource_index/package_run_dependencies/image_directory_publisher
[2.682s] -- Up-to-date: /home/david/yolocpp_ws/install/image_directory_publisher/share/ament_index/resource_index/parent_prefix_path/image_directory_publisher
[2.682s] -- Up-to-date: /home/david/yolocpp_ws/install/image_directory_publisher/share/image_directory_publisher/environment/ament_prefix_path.sh
[2.682s] -- Up-to-date: /home/david/yolocpp_ws/install/image_directory_publisher/share/image_directory_publisher/environment/ament_prefix_path.dsv
[2.682s] -- Up-to-date: /home/david/yolocpp_ws/install/image_directory_publisher/share/image_directory_publisher/environment/path.sh
[2.682s] -- Up-to-date: /home/david/yolocpp_ws/install/image_directory_publisher/share/image_directory_publisher/environment/path.dsv
[2.682s] -- Up-to-date: /home/david/yolocpp_ws/install/image_directory_publisher/share/image_directory_publisher/local_setup.bash
[2.682s] -- Up-to-date: /home/david/yolocpp_ws/install/image_directory_publisher/share/image_directory_publisher/local_setup.sh
[2.682s] -- Up-to-date: /home/david/yolocpp_ws/install/image_directory_publisher/share/image_directory_publisher/local_setup.zsh
[2.682s] -- Up-to-date: /home/david/yolocpp_ws/install/image_directory_publisher/share/image_directory_publisher/local_setup.dsv
[2.682s] -- Installing: /home/david/yolocpp_ws/install/image_directory_publisher/share/image_directory_publisher/package.dsv
[2.682s] -- Up-to-date: /home/david/yolocpp_ws/install/image_directory_publisher/share/ament_index/resource_index/packages/image_directory_publisher
[2.682s] -- Up-to-date: /home/david/yolocpp_ws/install/image_directory_publisher/share/ament_index/resource_index/rclcpp_components/image_directory_publisher
[2.682s] -- Up-to-date: /home/david/yolocpp_ws/install/image_directory_publisher/share/image_directory_publisher/cmake/image_directory_publisherConfig.cmake
[2.682s] -- Up-to-date: /home/david/yolocpp_ws/install/image_directory_publisher/share/image_directory_publisher/cmake/image_directory_publisherConfig-version.cmake
[2.682s] -- Up-to-date: /home/david/yolocpp_ws/install/image_directory_publisher/share/image_directory_publisher/package.xml
[2.685s] Invoked command in '/home/david/yolocpp_ws/build/image_directory_publisher' returned '0': CMAKE_PREFIX_PATH=${CMAKE_PREFIX_PATH}:/home/david/yolocpp_ws/install/microservers_py:/home/david/yolocpp_ws/install/clients_py:/opt/ros/humble PROMPT_COMMAND=echo -n \[$(date +%H:%M:%S)\]\ /home/david/.local/bin/cmake --install /home/david/yolocpp_ws/build/image_directory_publisher
