[0.053s] [34mcolcon[0m [1;30mDEBUG[0m [32mCommand line arguments: ['/usr/bin/colcon', 'build', '--cmake-args', '-DTRT_PATH=/usr', '-DCMAKE_CUDA_ARCHITECTURES=89', '-DCMAKE_CUDA_COMPILER=/usr/local/cuda-12.9/bin/nvcc'][0m
[0.053s] [34mcolcon[0m [1;30mDEBUG[0m [32mParsed command line arguments: Namespace(log_base=None, log_level=None, verb_name='build', build_base='build', install_base='install', merge_install=False, symlink_install=False, test_result_base=None, continue_on_error=False, executor='parallel', parallel_workers=32, event_handlers=None, ignore_user_meta=False, metas=['./colcon.meta'], base_paths=['.'], packages_ignore=None, packages_ignore_regex=None, paths=None, packages_up_to=None, packages_up_to_regex=None, packages_above=None, packages_above_and_dependencies=None, packages_above_depth=None, packages_select_by_dep=None, packages_skip_by_dep=None, packages_skip_up_to=None, packages_select_build_failed=False, packages_skip_build_finished=False, packages_select_test_failures=False, packages_skip_test_passed=False, packages_select=None, packages_skip=None, packages_select_regex=None, packages_skip_regex=None, packages_start=None, packages_end=None, allow_overriding=[], cmake_args=['-DTRT_PATH=/usr', '-DCMAKE_CUDA_ARCHITECTURES=89', '-DCMAKE_CUDA_COMPILER=/usr/local/cuda-12.9/bin/nvcc'], cmake_target=None, cmake_target_skip_unavailable=False, cmake_clean_cache=False, cmake_clean_first=False, cmake_force_configure=False, ament_cmake_args=None, catkin_cmake_args=None, catkin_skip_building_tests=False, verb_parser=<colcon_defaults.argument_parser.defaults.DefaultArgumentsDecorator object at 0x7aeff8f5a6b0>, verb_extension=<colcon_core.verb.build.BuildVerb object at 0x7aeff8f59d20>, main=<bound method BuildVerb.main of <colcon_core.verb.build.BuildVerb object at 0x7aeff8f59d20>>)[0m
[0.071s] [34mcolcon.colcon_core.package_discovery[0m [1;30mLevel 1[0m discover_packages(colcon_meta) check parameters
[0.071s] [34mcolcon.colcon_core.package_discovery[0m [1;30mLevel 1[0m discover_packages(recursive) check parameters
[0.071s] [34mcolcon.colcon_core.package_discovery[0m [1;30mLevel 1[0m discover_packages(ignore) check parameters
[0.071s] [34mcolcon.colcon_core.package_discovery[0m [1;30mLevel 1[0m discover_packages(path) check parameters
[0.071s] [34mcolcon.colcon_core.package_discovery[0m [1;30mLevel 1[0m discover_packages(colcon_meta) discover
[0.071s] [34mcolcon.colcon_core.package_discovery[0m [1;30mLevel 1[0m discover_packages(recursive) discover
[0.071s] [34mcolcon.colcon_core.package_discovery[0m [1;30mINFO[0m Crawling recursively for packages in '/home/david/yolocpp_ws'
[0.071s] [34mcolcon.colcon_core.package_identification[0m [1;30mLevel 1[0m _identify(.) by extensions ['ignore', 'ignore_ament_install']
[0.071s] [34mcolcon.colcon_core.package_identification[0m [1;30mLevel 1[0m _identify(.) by extension 'ignore'
[0.071s] [34mcolcon.colcon_core.package_identification[0m [1;30mLevel 1[0m _identify(.) by extension 'ignore_ament_install'
[0.071s] [34mcolcon.colcon_core.package_identification[0m [1;30mLevel 1[0m _identify(.) by extensions ['colcon_pkg']
[0.071s] [34mcolcon.colcon_core.package_identification[0m [1;30mLevel 1[0m _identify(.) by extension 'colcon_pkg'
[0.071s] [34mcolcon.colcon_core.package_identification[0m [1;30mLevel 1[0m _identify(.) by extensions ['colcon_meta']
[0.071s] [34mcolcon.colcon_core.package_identification[0m [1;30mLevel 1[0m _identify(.) by extension 'colcon_meta'
[0.071s] [34mcolcon.colcon_core.package_identification[0m [1;30mLevel 1[0m _identify(.) by extensions ['ros']
[0.071s] [34mcolcon.colcon_core.package_identification[0m [1;30mLevel 1[0m _identify(.) by extension 'ros'
[0.082s] [34mcolcon.colcon_core.package_identification[0m [1;30mLevel 1[0m _identify(.) by extensions ['cmake', 'python']
[0.082s] [34mcolcon.colcon_core.package_identification[0m [1;30mLevel 1[0m _identify(.) by extension 'cmake'
[0.082s] [34mcolcon.colcon_core.package_identification[0m [1;30mLevel 1[0m _identify(.) by extension 'python'
[0.082s] [34mcolcon.colcon_core.package_identification[0m [1;30mLevel 1[0m _identify(.) by extensions ['python_setup_py']
[0.082s] [34mcolcon.colcon_core.package_identification[0m [1;30mLevel 1[0m _identify(.) by extension 'python_setup_py'
[0.082s] [34mcolcon.colcon_core.package_identification[0m [1;30mLevel 1[0m _identify(build) by extensions ['ignore', 'ignore_ament_install']
[0.082s] [34mcolcon.colcon_core.package_identification[0m [1;30mLevel 1[0m _identify(build) by extension 'ignore'
[0.082s] [34mcolcon.colcon_core.package_identification[0m [1;30mLevel 1[0m _identify(build) ignored
[0.083s] [34mcolcon.colcon_core.package_identification[0m [1;30mLevel 1[0m _identify(install) by extensions ['ignore', 'ignore_ament_install']
[0.083s] [34mcolcon.colcon_core.package_identification[0m [1;30mLevel 1[0m _identify(install) by extension 'ignore'
[0.083s] [34mcolcon.colcon_core.package_identification[0m [1;30mLevel 1[0m _identify(install) ignored
[0.083s] [34mcolcon.colcon_core.package_identification[0m [1;30mLevel 1[0m _identify(log) by extensions ['ignore', 'ignore_ament_install']
[0.083s] [34mcolcon.colcon_core.package_identification[0m [1;30mLevel 1[0m _identify(log) by extension 'ignore'
[0.083s] [34mcolcon.colcon_core.package_identification[0m [1;30mLevel 1[0m _identify(log) ignored
[0.083s] [34mcolcon.colcon_core.package_identification[0m [1;30mLevel 1[0m _identify(src) by extensions ['ignore', 'ignore_ament_install']
[0.083s] [34mcolcon.colcon_core.package_identification[0m [1;30mLevel 1[0m _identify(src) by extension 'ignore'
[0.083s] [34mcolcon.colcon_core.package_identification[0m [1;30mLevel 1[0m _identify(src) by extension 'ignore_ament_install'
[0.083s] [34mcolcon.colcon_core.package_identification[0m [1;30mLevel 1[0m _identify(src) by extensions ['colcon_pkg']
[0.083s] [34mcolcon.colcon_core.package_identification[0m [1;30mLevel 1[0m _identify(src) by extension 'colcon_pkg'
[0.083s] [34mcolcon.colcon_core.package_identification[0m [1;30mLevel 1[0m _identify(src) by extensions ['colcon_meta']
[0.083s] [34mcolcon.colcon_core.package_identification[0m [1;30mLevel 1[0m _identify(src) by extension 'colcon_meta'
[0.083s] [34mcolcon.colcon_core.package_identification[0m [1;30mLevel 1[0m _identify(src) by extensions ['ros']
[0.083s] [34mcolcon.colcon_core.package_identification[0m [1;30mLevel 1[0m _identify(src) by extension 'ros'
[0.083s] [34mcolcon.colcon_core.package_identification[0m [1;30mLevel 1[0m _identify(src) by extensions ['cmake', 'python']
[0.083s] [34mcolcon.colcon_core.package_identification[0m [1;30mLevel 1[0m _identify(src) by extension 'cmake'
[0.083s] [34mcolcon.colcon_core.package_identification[0m [1;30mLevel 1[0m _identify(src) by extension 'python'
[0.083s] [34mcolcon.colcon_core.package_identification[0m [1;30mLevel 1[0m _identify(src) by extensions ['python_setup_py']
[0.083s] [34mcolcon.colcon_core.package_identification[0m [1;30mLevel 1[0m _identify(src) by extension 'python_setup_py'
[0.083s] [34mcolcon.colcon_core.package_identification[0m [1;30mLevel 1[0m _identify(src/TensorRT-YOLO) by extensions ['ignore', 'ignore_ament_install']
[0.083s] [34mcolcon.colcon_core.package_identification[0m [1;30mLevel 1[0m _identify(src/TensorRT-YOLO) by extension 'ignore'
[0.083s] [34mcolcon.colcon_core.package_identification[0m [1;30mLevel 1[0m _identify(src/TensorRT-YOLO) by extension 'ignore_ament_install'
[0.083s] [34mcolcon.colcon_core.package_identification[0m [1;30mLevel 1[0m _identify(src/TensorRT-YOLO) by extensions ['colcon_pkg']
[0.083s] [34mcolcon.colcon_core.package_identification[0m [1;30mLevel 1[0m _identify(src/TensorRT-YOLO) by extension 'colcon_pkg'
[0.083s] [34mcolcon.colcon_core.package_identification[0m [1;30mLevel 1[0m _identify(src/TensorRT-YOLO) by extensions ['colcon_meta']
[0.083s] [34mcolcon.colcon_core.package_identification[0m [1;30mLevel 1[0m _identify(src/TensorRT-YOLO) by extension 'colcon_meta'
[0.083s] [34mcolcon.colcon_core.package_identification[0m [1;30mLevel 1[0m _identify(src/TensorRT-YOLO) by extensions ['ros']
[0.083s] [34mcolcon.colcon_core.package_identification[0m [1;30mLevel 1[0m _identify(src/TensorRT-YOLO) by extension 'ros'
[0.085s] [34mcolcon.colcon_core.package_identification[0m [1;30mDEBUG[0m [32mPackage 'src/TensorRT-YOLO' with type 'ros.ament_cmake' and name 'tensorrt_yolo'[0m
[0.085s] [34mcolcon.colcon_core.package_identification[0m [1;30mLevel 1[0m _identify(src/bbox_ex_msgs) by extensions ['ignore', 'ignore_ament_install']
[0.085s] [34mcolcon.colcon_core.package_identification[0m [1;30mLevel 1[0m _identify(src/bbox_ex_msgs) by extension 'ignore'
[0.085s] [34mcolcon.colcon_core.package_identification[0m [1;30mLevel 1[0m _identify(src/bbox_ex_msgs) by extension 'ignore_ament_install'
[0.085s] [34mcolcon.colcon_core.package_identification[0m [1;30mLevel 1[0m _identify(src/bbox_ex_msgs) by extensions ['colcon_pkg']
[0.085s] [34mcolcon.colcon_core.package_identification[0m [1;30mLevel 1[0m _identify(src/bbox_ex_msgs) by extension 'colcon_pkg'
[0.085s] [34mcolcon.colcon_core.package_identification[0m [1;30mLevel 1[0m _identify(src/bbox_ex_msgs) by extensions ['colcon_meta']
[0.085s] [34mcolcon.colcon_core.package_identification[0m [1;30mLevel 1[0m _identify(src/bbox_ex_msgs) by extension 'colcon_meta'
[0.085s] [34mcolcon.colcon_core.package_identification[0m [1;30mLevel 1[0m _identify(src/bbox_ex_msgs) by extensions ['ros']
[0.085s] [34mcolcon.colcon_core.package_identification[0m [1;30mLevel 1[0m _identify(src/bbox_ex_msgs) by extension 'ros'
[0.086s] [34mcolcon.colcon_core.package_identification[0m [1;30mDEBUG[0m [32mPackage 'src/bbox_ex_msgs' with type 'ros.ament_cmake' and name 'bboxes_ex_msgs'[0m
[0.086s] [34mcolcon.colcon_core.package_identification[0m [1;30mLevel 1[0m _identify(src/yolocpp) by extensions ['ignore', 'ignore_ament_install']
[0.086s] [34mcolcon.colcon_core.package_identification[0m [1;30mLevel 1[0m _identify(src/yolocpp) by extension 'ignore'
[0.086s] [34mcolcon.colcon_core.package_identification[0m [1;30mLevel 1[0m _identify(src/yolocpp) by extension 'ignore_ament_install'
[0.086s] [34mcolcon.colcon_core.package_identification[0m [1;30mLevel 1[0m _identify(src/yolocpp) by extensions ['colcon_pkg']
[0.086s] [34mcolcon.colcon_core.package_identification[0m [1;30mLevel 1[0m _identify(src/yolocpp) by extension 'colcon_pkg'
[0.086s] [34mcolcon.colcon_core.package_identification[0m [1;30mLevel 1[0m _identify(src/yolocpp) by extensions ['colcon_meta']
[0.086s] [34mcolcon.colcon_core.package_identification[0m [1;30mLevel 1[0m _identify(src/yolocpp) by extension 'colcon_meta'
[0.086s] [34mcolcon.colcon_core.package_identification[0m [1;30mLevel 1[0m _identify(src/yolocpp) by extensions ['ros']
[0.086s] [34mcolcon.colcon_core.package_identification[0m [1;30mLevel 1[0m _identify(src/yolocpp) by extension 'ros'
[0.087s] [34mcolcon.colcon_core.package_identification[0m [1;30mDEBUG[0m [32mPackage 'src/yolocpp' with type 'ros.ament_cmake' and name 'yolocpp'[0m
[0.087s] [34mcolcon.colcon_core.package_discovery[0m [1;30mLevel 1[0m discover_packages(recursive) using defaults
[0.087s] [34mcolcon.colcon_core.package_discovery[0m [1;30mLevel 1[0m discover_packages(ignore) discover
[0.087s] [34mcolcon.colcon_core.package_discovery[0m [1;30mLevel 1[0m discover_packages(ignore) using defaults
[0.087s] [34mcolcon.colcon_core.package_discovery[0m [1;30mLevel 1[0m discover_packages(path) discover
[0.087s] [34mcolcon.colcon_core.package_discovery[0m [1;30mLevel 1[0m discover_packages(path) using defaults
[0.095s] [34mcolcon.colcon_core.package_discovery[0m [1;30mLevel 1[0m discover_packages(prefix_path) check parameters
[0.095s] [34mcolcon.colcon_core.package_discovery[0m [1;30mLevel 1[0m discover_packages(prefix_path) discover
[0.095s] [34mcolcon.colcon_installed_package_information.package_discovery[0m [1;30mDEBUG[0m [32mFound 1 installed packages in /home/david/yolopy_ws/install[0m
[0.096s] [34mcolcon.colcon_installed_package_information.package_discovery[0m [1;30mDEBUG[0m [32mFound 272 installed packages in /opt/ros/humble[0m
[0.097s] [34mcolcon.colcon_core.package_discovery[0m [1;30mLevel 1[0m discover_packages(prefix_path) using defaults
[0.111s] [34mcolcon.colcon_core.verb[0m [1;30mLevel 5[0m set package 'bboxes_ex_msgs' build argument 'cmake_args' from command line to '['-DTRT_PATH=/usr', '-DCMAKE_CUDA_ARCHITECTURES=89', '-DCMAKE_CUDA_COMPILER=/usr/local/cuda-12.9/bin/nvcc']'
[0.111s] [34mcolcon.colcon_core.verb[0m [1;30mLevel 5[0m set package 'bboxes_ex_msgs' build argument 'cmake_target' from command line to 'None'
[0.111s] [34mcolcon.colcon_core.verb[0m [1;30mLevel 5[0m set package 'bboxes_ex_msgs' build argument 'cmake_target_skip_unavailable' from command line to 'False'
[0.111s] [34mcolcon.colcon_core.verb[0m [1;30mLevel 5[0m set package 'bboxes_ex_msgs' build argument 'cmake_clean_cache' from command line to 'False'
[0.111s] [34mcolcon.colcon_core.verb[0m [1;30mLevel 5[0m set package 'bboxes_ex_msgs' build argument 'cmake_clean_first' from command line to 'False'
[0.111s] [34mcolcon.colcon_core.verb[0m [1;30mLevel 5[0m set package 'bboxes_ex_msgs' build argument 'cmake_force_configure' from command line to 'False'
[0.111s] [34mcolcon.colcon_core.verb[0m [1;30mLevel 5[0m set package 'bboxes_ex_msgs' build argument 'ament_cmake_args' from command line to 'None'
[0.111s] [34mcolcon.colcon_core.verb[0m [1;30mLevel 5[0m set package 'bboxes_ex_msgs' build argument 'catkin_cmake_args' from command line to 'None'
[0.111s] [34mcolcon.colcon_core.verb[0m [1;30mLevel 5[0m set package 'bboxes_ex_msgs' build argument 'catkin_skip_building_tests' from command line to 'False'
[0.111s] [34mcolcon.colcon_core.verb[0m [1;30mDEBUG[0m [32mBuilding package 'bboxes_ex_msgs' with the following arguments: {'ament_cmake_args': None, 'build_base': '/home/david/yolocpp_ws/build/bboxes_ex_msgs', 'catkin_cmake_args': None, 'catkin_skip_building_tests': False, 'cmake_args': ['-DTRT_PATH=/usr', '-DCMAKE_CUDA_ARCHITECTURES=89', '-DCMAKE_CUDA_COMPILER=/usr/local/cuda-12.9/bin/nvcc'], 'cmake_clean_cache': False, 'cmake_clean_first': False, 'cmake_force_configure': False, 'cmake_target': None, 'cmake_target_skip_unavailable': False, 'install_base': '/home/david/yolocpp_ws/install/bboxes_ex_msgs', 'merge_install': False, 'path': '/home/david/yolocpp_ws/src/bbox_ex_msgs', 'symlink_install': False, 'test_result_base': None}[0m
[0.111s] [34mcolcon.colcon_core.verb[0m [1;30mLevel 5[0m set package 'tensorrt_yolo' build argument 'cmake_args' from command line to '['-DTRT_PATH=/usr', '-DCMAKE_CUDA_ARCHITECTURES=89', '-DCMAKE_CUDA_COMPILER=/usr/local/cuda-12.9/bin/nvcc']'
[0.111s] [34mcolcon.colcon_core.verb[0m [1;30mLevel 5[0m set package 'tensorrt_yolo' build argument 'cmake_target' from command line to 'None'
[0.111s] [34mcolcon.colcon_core.verb[0m [1;30mLevel 5[0m set package 'tensorrt_yolo' build argument 'cmake_target_skip_unavailable' from command line to 'False'
[0.111s] [34mcolcon.colcon_core.verb[0m [1;30mLevel 5[0m set package 'tensorrt_yolo' build argument 'cmake_clean_cache' from command line to 'False'
[0.111s] [34mcolcon.colcon_core.verb[0m [1;30mLevel 5[0m set package 'tensorrt_yolo' build argument 'cmake_clean_first' from command line to 'False'
[0.111s] [34mcolcon.colcon_core.verb[0m [1;30mLevel 5[0m set package 'tensorrt_yolo' build argument 'cmake_force_configure' from command line to 'False'
[0.111s] [34mcolcon.colcon_core.verb[0m [1;30mLevel 5[0m set package 'tensorrt_yolo' build argument 'ament_cmake_args' from command line to 'None'
[0.111s] [34mcolcon.colcon_core.verb[0m [1;30mLevel 5[0m set package 'tensorrt_yolo' build argument 'catkin_cmake_args' from command line to 'None'
[0.111s] [34mcolcon.colcon_core.verb[0m [1;30mLevel 5[0m set package 'tensorrt_yolo' build argument 'catkin_skip_building_tests' from command line to 'False'
[0.111s] [34mcolcon.colcon_core.verb[0m [1;30mDEBUG[0m [32mBuilding package 'tensorrt_yolo' with the following arguments: {'ament_cmake_args': None, 'build_base': '/home/david/yolocpp_ws/build/tensorrt_yolo', 'catkin_cmake_args': None, 'catkin_skip_building_tests': False, 'cmake_args': ['-DTRT_PATH=/usr', '-DCMAKE_CUDA_ARCHITECTURES=89', '-DCMAKE_CUDA_COMPILER=/usr/local/cuda-12.9/bin/nvcc'], 'cmake_clean_cache': False, 'cmake_clean_first': False, 'cmake_force_configure': False, 'cmake_target': None, 'cmake_target_skip_unavailable': False, 'install_base': '/home/david/yolocpp_ws/install/tensorrt_yolo', 'merge_install': False, 'path': '/home/david/yolocpp_ws/src/TensorRT-YOLO', 'symlink_install': False, 'test_result_base': None}[0m
[0.112s] [34mcolcon.colcon_core.verb[0m [1;30mLevel 5[0m set package 'yolocpp' build argument 'cmake_args' from command line to '['-DTRT_PATH=/usr', '-DCMAKE_CUDA_ARCHITECTURES=89', '-DCMAKE_CUDA_COMPILER=/usr/local/cuda-12.9/bin/nvcc']'
[0.112s] [34mcolcon.colcon_core.verb[0m [1;30mLevel 5[0m set package 'yolocpp' build argument 'cmake_target' from command line to 'None'
[0.112s] [34mcolcon.colcon_core.verb[0m [1;30mLevel 5[0m set package 'yolocpp' build argument 'cmake_target_skip_unavailable' from command line to 'False'
[0.112s] [34mcolcon.colcon_core.verb[0m [1;30mLevel 5[0m set package 'yolocpp' build argument 'cmake_clean_cache' from command line to 'False'
[0.112s] [34mcolcon.colcon_core.verb[0m [1;30mLevel 5[0m set package 'yolocpp' build argument 'cmake_clean_first' from command line to 'False'
[0.112s] [34mcolcon.colcon_core.verb[0m [1;30mLevel 5[0m set package 'yolocpp' build argument 'cmake_force_configure' from command line to 'False'
[0.112s] [34mcolcon.colcon_core.verb[0m [1;30mLevel 5[0m set package 'yolocpp' build argument 'ament_cmake_args' from command line to 'None'
[0.112s] [34mcolcon.colcon_core.verb[0m [1;30mLevel 5[0m set package 'yolocpp' build argument 'catkin_cmake_args' from command line to 'None'
[0.112s] [34mcolcon.colcon_core.verb[0m [1;30mLevel 5[0m set package 'yolocpp' build argument 'catkin_skip_building_tests' from command line to 'False'
[0.112s] [34mcolcon.colcon_core.verb[0m [1;30mDEBUG[0m [32mBuilding package 'yolocpp' with the following arguments: {'ament_cmake_args': None, 'build_base': '/home/david/yolocpp_ws/build/yolocpp', 'catkin_cmake_args': None, 'catkin_skip_building_tests': False, 'cmake_args': ['-DTRT_PATH=/usr', '-DCMAKE_CUDA_ARCHITECTURES=89', '-DCMAKE_CUDA_COMPILER=/usr/local/cuda-12.9/bin/nvcc'], 'cmake_clean_cache': False, 'cmake_clean_first': False, 'cmake_force_configure': False, 'cmake_target': None, 'cmake_target_skip_unavailable': False, 'install_base': '/home/david/yolocpp_ws/install/yolocpp', 'merge_install': False, 'path': '/home/david/yolocpp_ws/src/yolocpp', 'symlink_install': False, 'test_result_base': None}[0m
[0.112s] [34mcolcon.colcon_core.executor[0m [1;30mINFO[0m Executing jobs using 'parallel' executor
[0.112s] [34mcolcon.colcon_parallel_executor.executor.parallel[0m [1;30mDEBUG[0m [32mrun_until_complete[0m
[0.112s] [34mcolcon.colcon_ros.task.ament_cmake.build[0m [1;30mINFO[0m Building ROS package in '/home/david/yolocpp_ws/src/bbox_ex_msgs' with build type 'ament_cmake'
[0.113s] [34mcolcon.colcon_cmake.task.cmake.build[0m [1;30mINFO[0m Building CMake package in '/home/david/yolocpp_ws/src/bbox_ex_msgs'
[0.114s] [34mcolcon.colcon_core.plugin_system[0m [1;30mINFO[0m Skipping extension 'colcon_core.shell.bat': Not used on non-Windows systems
[0.114s] [34mcolcon.colcon_core.shell[0m [1;30mINFO[0m Skip shell extension 'powershell' for command environment: Not usable outside of PowerShell
[0.114s] [34mcolcon.colcon_core.shell[0m [1;30mDEBUG[0m [32mSkip shell extension 'dsv' for command environment[0m
[0.119s] [34mcolcon.colcon_ros.task.ament_cmake.build[0m [1;30mINFO[0m Building ROS package in '/home/david/yolocpp_ws/src/TensorRT-YOLO' with build type 'ament_cmake'
[0.119s] [34mcolcon.colcon_cmake.task.cmake.build[0m [1;30mINFO[0m Building CMake package in '/home/david/yolocpp_ws/src/TensorRT-YOLO'
[0.119s] [34mcolcon.colcon_core.shell[0m [1;30mINFO[0m Skip shell extension 'powershell' for command environment: Not usable outside of PowerShell
[0.119s] [34mcolcon.colcon_core.shell[0m [1;30mDEBUG[0m [32mSkip shell extension 'dsv' for command environment[0m
[0.124s] [34mcolcon.colcon_core.event_handler.log_command[0m [1;30mDEBUG[0m [32mInvoking command in '/home/david/yolocpp_ws/build/bboxes_ex_msgs': CMAKE_PREFIX_PATH=/home/david/yolopy_ws/install/yolopy:/opt/ros/humble PROMPT_COMMAND=echo -n \[$(date +%H:%M:%S)\]\ /home/david/.local/bin/cmake --build /home/david/yolocpp_ws/build/bboxes_ex_msgs -- -j32 -l32[0m
[0.125s] [34mcolcon.colcon_core.event_handler.log_command[0m [1;30mDEBUG[0m [32mInvoking command in '/home/david/yolocpp_ws/build/tensorrt_yolo': CMAKE_PREFIX_PATH=/home/david/yolopy_ws/install/yolopy:/opt/ros/humble PROMPT_COMMAND=echo -n \[$(date +%H:%M:%S)\]\ /home/david/.local/bin/cmake --build /home/david/yolocpp_ws/build/tensorrt_yolo -- -j32 -l32[0m
[0.342s] [34mcolcon.colcon_core.event_handler.log_command[0m [1;30mDEBUG[0m [32mInvoked command in '/home/david/yolocpp_ws/build/bboxes_ex_msgs' returned '0': CMAKE_PREFIX_PATH=/home/david/yolopy_ws/install/yolopy:/opt/ros/humble PROMPT_COMMAND=echo -n \[$(date +%H:%M:%S)\]\ /home/david/.local/bin/cmake --build /home/david/yolocpp_ws/build/bboxes_ex_msgs -- -j32 -l32[0m
[0.367s] [34mcolcon.colcon_core.event_handler.log_command[0m [1;30mDEBUG[0m [32mInvoking command in '/home/david/yolocpp_ws/build/bboxes_ex_msgs': CMAKE_PREFIX_PATH=/home/david/yolopy_ws/install/yolopy:/opt/ros/humble PROMPT_COMMAND=echo -n \[$(date +%H:%M:%S)\]\ /home/david/.local/bin/cmake --install /home/david/yolocpp_ws/build/bboxes_ex_msgs[0m
[0.417s] [34mcolcon.colcon_core.environment[0m [1;30mLevel 1[0m create_environment_scripts_only(bboxes_ex_msgs)
[0.417s] [34mcolcon.colcon_core.event_handler.log_command[0m [1;30mDEBUG[0m [32mInvoked command in '/home/david/yolocpp_ws/build/bboxes_ex_msgs' returned '0': CMAKE_PREFIX_PATH=/home/david/yolopy_ws/install/yolopy:/opt/ros/humble PROMPT_COMMAND=echo -n \[$(date +%H:%M:%S)\]\ /home/david/.local/bin/cmake --install /home/david/yolocpp_ws/build/bboxes_ex_msgs[0m
[0.419s] [34mcolcon.colcon_core.environment[0m [1;30mLevel 1[0m checking '/home/david/yolocpp_ws/install/bboxes_ex_msgs' for CMake module files
[0.420s] [34mcolcon.colcon_core.environment[0m [1;30mLevel 1[0m checking '/home/david/yolocpp_ws/install/bboxes_ex_msgs' for CMake config files
[0.420s] [34mcolcon.colcon_core.shell[0m [1;30mLevel 1[0m create_environment_hook('bboxes_ex_msgs', 'cmake_prefix_path')
[0.421s] [34mcolcon.colcon_core.shell[0m [1;30mINFO[0m Creating environment hook '/home/david/yolocpp_ws/install/bboxes_ex_msgs/share/bboxes_ex_msgs/hook/cmake_prefix_path.ps1'
[0.421s] [34mcolcon.colcon_core.shell[0m [1;30mINFO[0m Creating environment descriptor '/home/david/yolocpp_ws/install/bboxes_ex_msgs/share/bboxes_ex_msgs/hook/cmake_prefix_path.dsv'
[0.422s] [34mcolcon.colcon_core.shell[0m [1;30mINFO[0m Creating environment hook '/home/david/yolocpp_ws/install/bboxes_ex_msgs/share/bboxes_ex_msgs/hook/cmake_prefix_path.sh'
[0.422s] [34mcolcon.colcon_core.environment[0m [1;30mLevel 1[0m checking '/home/david/yolocpp_ws/install/bboxes_ex_msgs/lib'
[0.423s] [34mcolcon.colcon_core.shell[0m [1;30mLevel 1[0m create_environment_hook('bboxes_ex_msgs', 'ld_library_path_lib')
[0.423s] [34mcolcon.colcon_core.shell[0m [1;30mINFO[0m Creating environment hook '/home/david/yolocpp_ws/install/bboxes_ex_msgs/share/bboxes_ex_msgs/hook/ld_library_path_lib.ps1'
[0.423s] [34mcolcon.colcon_core.shell[0m [1;30mINFO[0m Creating environment descriptor '/home/david/yolocpp_ws/install/bboxes_ex_msgs/share/bboxes_ex_msgs/hook/ld_library_path_lib.dsv'
[0.423s] [34mcolcon.colcon_core.shell[0m [1;30mINFO[0m Creating environment hook '/home/david/yolocpp_ws/install/bboxes_ex_msgs/share/bboxes_ex_msgs/hook/ld_library_path_lib.sh'
[0.424s] [34mcolcon.colcon_core.environment[0m [1;30mLevel 1[0m checking '/home/david/yolocpp_ws/install/bboxes_ex_msgs/bin'
[0.424s] [34mcolcon.colcon_core.environment[0m [1;30mLevel 1[0m checking '/home/david/yolocpp_ws/install/bboxes_ex_msgs/lib/pkgconfig/bboxes_ex_msgs.pc'
[0.424s] [34mcolcon.colcon_core.environment[0m [1;30mLevel 1[0m checking '/home/david/yolocpp_ws/install/bboxes_ex_msgs/lib/python3.10/site-packages'
[0.424s] [34mcolcon.colcon_core.environment[0m [1;30mLevel 1[0m checking '/home/david/yolocpp_ws/install/bboxes_ex_msgs/bin'
[0.424s] [34mcolcon.colcon_core.shell[0m [1;30mINFO[0m Creating package script '/home/david/yolocpp_ws/install/bboxes_ex_msgs/share/bboxes_ex_msgs/package.ps1'
[0.424s] [34mcolcon.colcon_core.shell[0m [1;30mINFO[0m Creating package descriptor '/home/david/yolocpp_ws/install/bboxes_ex_msgs/share/bboxes_ex_msgs/package.dsv'
[0.425s] [34mcolcon.colcon_core.shell[0m [1;30mINFO[0m Creating package script '/home/david/yolocpp_ws/install/bboxes_ex_msgs/share/bboxes_ex_msgs/package.sh'
[0.425s] [34mcolcon.colcon_core.shell[0m [1;30mINFO[0m Creating package script '/home/david/yolocpp_ws/install/bboxes_ex_msgs/share/bboxes_ex_msgs/package.bash'
[0.425s] [34mcolcon.colcon_core.shell[0m [1;30mINFO[0m Creating package script '/home/david/yolocpp_ws/install/bboxes_ex_msgs/share/bboxes_ex_msgs/package.zsh'
[0.426s] [34mcolcon.colcon_core.environment[0m [1;30mLevel 1[0m create_file_with_runtime_dependencies(/home/david/yolocpp_ws/install/bboxes_ex_msgs/share/colcon-core/packages/bboxes_ex_msgs)
[0.426s] [34mcolcon.colcon_core.environment[0m [1;30mLevel 1[0m create_environment_scripts_only(bboxes_ex_msgs)
[0.426s] [34mcolcon.colcon_core.environment[0m [1;30mLevel 1[0m checking '/home/david/yolocpp_ws/install/bboxes_ex_msgs' for CMake module files
[0.426s] [34mcolcon.colcon_core.environment[0m [1;30mLevel 1[0m checking '/home/david/yolocpp_ws/install/bboxes_ex_msgs' for CMake config files
[0.427s] [34mcolcon.colcon_core.shell[0m [1;30mLevel 1[0m create_environment_hook('bboxes_ex_msgs', 'cmake_prefix_path')
[0.427s] [34mcolcon.colcon_core.shell[0m [1;30mINFO[0m Creating environment hook '/home/david/yolocpp_ws/install/bboxes_ex_msgs/share/bboxes_ex_msgs/hook/cmake_prefix_path.ps1'
[0.427s] [34mcolcon.colcon_core.shell[0m [1;30mINFO[0m Creating environment descriptor '/home/david/yolocpp_ws/install/bboxes_ex_msgs/share/bboxes_ex_msgs/hook/cmake_prefix_path.dsv'
[0.427s] [34mcolcon.colcon_core.shell[0m [1;30mINFO[0m Creating environment hook '/home/david/yolocpp_ws/install/bboxes_ex_msgs/share/bboxes_ex_msgs/hook/cmake_prefix_path.sh'
[0.427s] [34mcolcon.colcon_core.environment[0m [1;30mLevel 1[0m checking '/home/david/yolocpp_ws/install/bboxes_ex_msgs/lib'
[0.427s] [34mcolcon.colcon_core.shell[0m [1;30mLevel 1[0m create_environment_hook('bboxes_ex_msgs', 'ld_library_path_lib')
[0.427s] [34mcolcon.colcon_core.shell[0m [1;30mINFO[0m Creating environment hook '/home/david/yolocpp_ws/install/bboxes_ex_msgs/share/bboxes_ex_msgs/hook/ld_library_path_lib.ps1'
[0.428s] [34mcolcon.colcon_core.shell[0m [1;30mINFO[0m Creating environment descriptor '/home/david/yolocpp_ws/install/bboxes_ex_msgs/share/bboxes_ex_msgs/hook/ld_library_path_lib.dsv'
[0.428s] [34mcolcon.colcon_core.shell[0m [1;30mINFO[0m Creating environment hook '/home/david/yolocpp_ws/install/bboxes_ex_msgs/share/bboxes_ex_msgs/hook/ld_library_path_lib.sh'
[0.428s] [34mcolcon.colcon_core.environment[0m [1;30mLevel 1[0m checking '/home/david/yolocpp_ws/install/bboxes_ex_msgs/bin'
[0.428s] [34mcolcon.colcon_core.environment[0m [1;30mLevel 1[0m checking '/home/david/yolocpp_ws/install/bboxes_ex_msgs/lib/pkgconfig/bboxes_ex_msgs.pc'
[0.428s] [34mcolcon.colcon_core.environment[0m [1;30mLevel 1[0m checking '/home/david/yolocpp_ws/install/bboxes_ex_msgs/lib/python3.10/site-packages'
[0.428s] [34mcolcon.colcon_core.environment[0m [1;30mLevel 1[0m checking '/home/david/yolocpp_ws/install/bboxes_ex_msgs/bin'
[0.428s] [34mcolcon.colcon_core.shell[0m [1;30mINFO[0m Creating package script '/home/david/yolocpp_ws/install/bboxes_ex_msgs/share/bboxes_ex_msgs/package.ps1'
[0.429s] [34mcolcon.colcon_core.shell[0m [1;30mINFO[0m Creating package descriptor '/home/david/yolocpp_ws/install/bboxes_ex_msgs/share/bboxes_ex_msgs/package.dsv'
[0.429s] [34mcolcon.colcon_core.shell[0m [1;30mINFO[0m Creating package script '/home/david/yolocpp_ws/install/bboxes_ex_msgs/share/bboxes_ex_msgs/package.sh'
[0.429s] [34mcolcon.colcon_core.shell[0m [1;30mINFO[0m Creating package script '/home/david/yolocpp_ws/install/bboxes_ex_msgs/share/bboxes_ex_msgs/package.bash'
[0.429s] [34mcolcon.colcon_core.shell[0m [1;30mINFO[0m Creating package script '/home/david/yolocpp_ws/install/bboxes_ex_msgs/share/bboxes_ex_msgs/package.zsh'
[0.429s] [34mcolcon.colcon_core.environment[0m [1;30mLevel 1[0m create_file_with_runtime_dependencies(/home/david/yolocpp_ws/install/bboxes_ex_msgs/share/colcon-core/packages/bboxes_ex_msgs)
[0.430s] [34mcolcon.colcon_ros.task.ament_cmake.build[0m [1;30mINFO[0m Building ROS package in '/home/david/yolocpp_ws/src/yolocpp' with build type 'ament_cmake'
[0.430s] [34mcolcon.colcon_cmake.task.cmake.build[0m [1;30mINFO[0m Building CMake package in '/home/david/yolocpp_ws/src/yolocpp'
[0.430s] [34mcolcon.colcon_core.shell[0m [1;30mINFO[0m Skip shell extension 'powershell' for command environment: Not usable outside of PowerShell
[0.430s] [34mcolcon.colcon_core.shell[0m [1;30mDEBUG[0m [32mSkip shell extension 'dsv' for command environment[0m
[0.436s] [34mcolcon.colcon_core.event_handler.log_command[0m [1;30mDEBUG[0m [32mInvoking command in '/home/david/yolocpp_ws/build/yolocpp': AMENT_PREFIX_PATH=/home/david/yolocpp_ws/install/bboxes_ex_msgs:${AMENT_PREFIX_PATH} CMAKE_PREFIX_PATH=/home/david/yolocpp_ws/install/bboxes_ex_msgs:/home/david/yolopy_ws/install/yolopy:/opt/ros/humble LD_LIBRARY_PATH=/home/david/yolocpp_ws/install/bboxes_ex_msgs/lib:/opt/ros/humble/opt/rviz_ogre_vendor/lib:/opt/ros/humble/lib/x86_64-linux-gnu:/opt/ros/humble/lib:/usr/local/cuda/lib64:/usr/local/cuda-11.2/lib64:/usr/local/cuda-11.2/lib64:/home/david/onnxruntime-linux-x64-gpu-1.22.0/lib PROMPT_COMMAND=echo -n \[$(date +%H:%M:%S)\]\ PYTHONPATH=/home/david/yolocpp_ws/install/bboxes_ex_msgs/local/lib/python3.10/dist-packages:${PYTHONPATH} /home/david/.local/bin/cmake --build /home/david/yolocpp_ws/build/yolocpp -- -j32 -l32[0m
[0.480s] [34mcolcon.colcon_core.event_handler.log_command[0m [1;30mDEBUG[0m [32mInvoked command in '/home/david/yolocpp_ws/build/yolocpp' returned '0': AMENT_PREFIX_PATH=/home/david/yolocpp_ws/install/bboxes_ex_msgs:${AMENT_PREFIX_PATH} CMAKE_PREFIX_PATH=/home/david/yolocpp_ws/install/bboxes_ex_msgs:/home/david/yolopy_ws/install/yolopy:/opt/ros/humble LD_LIBRARY_PATH=/home/david/yolocpp_ws/install/bboxes_ex_msgs/lib:/opt/ros/humble/opt/rviz_ogre_vendor/lib:/opt/ros/humble/lib/x86_64-linux-gnu:/opt/ros/humble/lib:/usr/local/cuda/lib64:/usr/local/cuda-11.2/lib64:/usr/local/cuda-11.2/lib64:/home/david/onnxruntime-linux-x64-gpu-1.22.0/lib PROMPT_COMMAND=echo -n \[$(date +%H:%M:%S)\]\ PYTHONPATH=/home/david/yolocpp_ws/install/bboxes_ex_msgs/local/lib/python3.10/dist-packages:${PYTHONPATH} /home/david/.local/bin/cmake --build /home/david/yolocpp_ws/build/yolocpp -- -j32 -l32[0m
[0.481s] [34mcolcon.colcon_core.event_handler.log_command[0m [1;30mDEBUG[0m [32mInvoking command in '/home/david/yolocpp_ws/build/yolocpp': AMENT_PREFIX_PATH=/home/david/yolocpp_ws/install/bboxes_ex_msgs:${AMENT_PREFIX_PATH} CMAKE_PREFIX_PATH=/home/david/yolocpp_ws/install/bboxes_ex_msgs:/home/david/yolopy_ws/install/yolopy:/opt/ros/humble LD_LIBRARY_PATH=/home/david/yolocpp_ws/install/bboxes_ex_msgs/lib:/opt/ros/humble/opt/rviz_ogre_vendor/lib:/opt/ros/humble/lib/x86_64-linux-gnu:/opt/ros/humble/lib:/usr/local/cuda/lib64:/usr/local/cuda-11.2/lib64:/usr/local/cuda-11.2/lib64:/home/david/onnxruntime-linux-x64-gpu-1.22.0/lib PROMPT_COMMAND=echo -n \[$(date +%H:%M:%S)\]\ PYTHONPATH=/home/david/yolocpp_ws/install/bboxes_ex_msgs/local/lib/python3.10/dist-packages:${PYTHONPATH} /home/david/.local/bin/cmake --install /home/david/yolocpp_ws/build/yolocpp[0m
[0.503s] [34mcolcon.colcon_core.environment[0m [1;30mLevel 1[0m create_environment_scripts_only(yolocpp)
[0.503s] [34mcolcon.colcon_core.environment[0m [1;30mLevel 1[0m checking '/home/david/yolocpp_ws/install/yolocpp' for CMake module files
[0.503s] [34mcolcon.colcon_core.event_handler.log_command[0m [1;30mDEBUG[0m [32mInvoked command in '/home/david/yolocpp_ws/build/yolocpp' returned '0': AMENT_PREFIX_PATH=/home/david/yolocpp_ws/install/bboxes_ex_msgs:${AMENT_PREFIX_PATH} CMAKE_PREFIX_PATH=/home/david/yolocpp_ws/install/bboxes_ex_msgs:/home/david/yolopy_ws/install/yolopy:/opt/ros/humble LD_LIBRARY_PATH=/home/david/yolocpp_ws/install/bboxes_ex_msgs/lib:/opt/ros/humble/opt/rviz_ogre_vendor/lib:/opt/ros/humble/lib/x86_64-linux-gnu:/opt/ros/humble/lib:/usr/local/cuda/lib64:/usr/local/cuda-11.2/lib64:/usr/local/cuda-11.2/lib64:/home/david/onnxruntime-linux-x64-gpu-1.22.0/lib PROMPT_COMMAND=echo -n \[$(date +%H:%M:%S)\]\ PYTHONPATH=/home/david/yolocpp_ws/install/bboxes_ex_msgs/local/lib/python3.10/dist-packages:${PYTHONPATH} /home/david/.local/bin/cmake --install /home/david/yolocpp_ws/build/yolocpp[0m
[0.504s] [34mcolcon.colcon_core.environment[0m [1;30mLevel 1[0m checking '/home/david/yolocpp_ws/install/yolocpp' for CMake config files
[0.504s] [34mcolcon.colcon_core.shell[0m [1;30mLevel 1[0m create_environment_hook('yolocpp', 'cmake_prefix_path')
[0.504s] [34mcolcon.colcon_core.shell[0m [1;30mINFO[0m Creating environment hook '/home/david/yolocpp_ws/install/yolocpp/share/yolocpp/hook/cmake_prefix_path.ps1'
[0.504s] [34mcolcon.colcon_core.shell[0m [1;30mINFO[0m Creating environment descriptor '/home/david/yolocpp_ws/install/yolocpp/share/yolocpp/hook/cmake_prefix_path.dsv'
[0.504s] [34mcolcon.colcon_core.shell[0m [1;30mINFO[0m Creating environment hook '/home/david/yolocpp_ws/install/yolocpp/share/yolocpp/hook/cmake_prefix_path.sh'
[0.505s] [34mcolcon.colcon_core.environment[0m [1;30mLevel 1[0m checking '/home/david/yolocpp_ws/install/yolocpp/lib'
[0.505s] [34mcolcon.colcon_core.environment[0m [1;30mLevel 1[0m checking '/home/david/yolocpp_ws/install/yolocpp/bin'
[0.505s] [34mcolcon.colcon_core.environment[0m [1;30mLevel 1[0m checking '/home/david/yolocpp_ws/install/yolocpp/lib/pkgconfig/yolocpp.pc'
[0.505s] [34mcolcon.colcon_core.environment[0m [1;30mLevel 1[0m checking '/home/david/yolocpp_ws/install/yolocpp/lib/python3.10/site-packages'
[0.505s] [34mcolcon.colcon_core.environment[0m [1;30mLevel 1[0m checking '/home/david/yolocpp_ws/install/yolocpp/bin'
[0.505s] [34mcolcon.colcon_core.shell[0m [1;30mINFO[0m Creating package script '/home/david/yolocpp_ws/install/yolocpp/share/yolocpp/package.ps1'
[0.505s] [34mcolcon.colcon_core.shell[0m [1;30mINFO[0m Creating package descriptor '/home/david/yolocpp_ws/install/yolocpp/share/yolocpp/package.dsv'
[0.505s] [34mcolcon.colcon_core.shell[0m [1;30mINFO[0m Creating package script '/home/david/yolocpp_ws/install/yolocpp/share/yolocpp/package.sh'
[0.506s] [34mcolcon.colcon_core.shell[0m [1;30mINFO[0m Creating package script '/home/david/yolocpp_ws/install/yolocpp/share/yolocpp/package.bash'
[0.506s] [34mcolcon.colcon_core.shell[0m [1;30mINFO[0m Creating package script '/home/david/yolocpp_ws/install/yolocpp/share/yolocpp/package.zsh'
[0.506s] [34mcolcon.colcon_core.environment[0m [1;30mLevel 1[0m create_file_with_runtime_dependencies(/home/david/yolocpp_ws/install/yolocpp/share/colcon-core/packages/yolocpp)
[0.506s] [34mcolcon.colcon_core.environment[0m [1;30mLevel 1[0m create_environment_scripts_only(yolocpp)
[0.506s] [34mcolcon.colcon_core.environment[0m [1;30mLevel 1[0m checking '/home/david/yolocpp_ws/install/yolocpp' for CMake module files
[0.506s] [34mcolcon.colcon_core.environment[0m [1;30mLevel 1[0m checking '/home/david/yolocpp_ws/install/yolocpp' for CMake config files
[0.506s] [34mcolcon.colcon_core.shell[0m [1;30mLevel 1[0m create_environment_hook('yolocpp', 'cmake_prefix_path')
[0.507s] [34mcolcon.colcon_core.shell[0m [1;30mINFO[0m Creating environment hook '/home/david/yolocpp_ws/install/yolocpp/share/yolocpp/hook/cmake_prefix_path.ps1'
[0.507s] [34mcolcon.colcon_core.shell[0m [1;30mINFO[0m Creating environment descriptor '/home/david/yolocpp_ws/install/yolocpp/share/yolocpp/hook/cmake_prefix_path.dsv'
[0.507s] [34mcolcon.colcon_core.shell[0m [1;30mINFO[0m Creating environment hook '/home/david/yolocpp_ws/install/yolocpp/share/yolocpp/hook/cmake_prefix_path.sh'
[0.507s] [34mcolcon.colcon_core.environment[0m [1;30mLevel 1[0m checking '/home/david/yolocpp_ws/install/yolocpp/lib'
[0.507s] [34mcolcon.colcon_core.environment[0m [1;30mLevel 1[0m checking '/home/david/yolocpp_ws/install/yolocpp/bin'
[0.507s] [34mcolcon.colcon_core.environment[0m [1;30mLevel 1[0m checking '/home/david/yolocpp_ws/install/yolocpp/lib/pkgconfig/yolocpp.pc'
[0.507s] [34mcolcon.colcon_core.environment[0m [1;30mLevel 1[0m checking '/home/david/yolocpp_ws/install/yolocpp/lib/python3.10/site-packages'
[0.507s] [34mcolcon.colcon_core.environment[0m [1;30mLevel 1[0m checking '/home/david/yolocpp_ws/install/yolocpp/bin'
[0.507s] [34mcolcon.colcon_core.shell[0m [1;30mINFO[0m Creating package script '/home/david/yolocpp_ws/install/yolocpp/share/yolocpp/package.ps1'
[0.508s] [34mcolcon.colcon_core.shell[0m [1;30mINFO[0m Creating package descriptor '/home/david/yolocpp_ws/install/yolocpp/share/yolocpp/package.dsv'
[0.508s] [34mcolcon.colcon_core.shell[0m [1;30mINFO[0m Creating package script '/home/david/yolocpp_ws/install/yolocpp/share/yolocpp/package.sh'
[0.508s] [34mcolcon.colcon_core.shell[0m [1;30mINFO[0m Creating package script '/home/david/yolocpp_ws/install/yolocpp/share/yolocpp/package.bash'
[0.508s] [34mcolcon.colcon_core.shell[0m [1;30mINFO[0m Creating package script '/home/david/yolocpp_ws/install/yolocpp/share/yolocpp/package.zsh'
[0.508s] [34mcolcon.colcon_core.environment[0m [1;30mLevel 1[0m create_file_with_runtime_dependencies(/home/david/yolocpp_ws/install/yolocpp/share/colcon-core/packages/yolocpp)
[2.262s] [34mcolcon.colcon_core.event_handler.log_command[0m [1;30mDEBUG[0m [32mInvoked command in '/home/david/yolocpp_ws/build/tensorrt_yolo' returned '2': CMAKE_PREFIX_PATH=/home/david/yolopy_ws/install/yolopy:/opt/ros/humble PROMPT_COMMAND=echo -n \[$(date +%H:%M:%S)\]\ /home/david/.local/bin/cmake --build /home/david/yolocpp_ws/build/tensorrt_yolo -- -j32 -l32[0m
[2.262s] [34mcolcon.colcon_core.environment[0m [1;30mLevel 1[0m create_environment_scripts_only(tensorrt_yolo)
[2.262s] [34mcolcon.colcon_core.environment[0m [1;30mLevel 1[0m checking '/home/david/yolocpp_ws/install/tensorrt_yolo' for CMake module files
[2.263s] [34mcolcon.colcon_core.environment[0m [1;30mLevel 1[0m checking '/home/david/yolocpp_ws/install/tensorrt_yolo' for CMake config files
[2.263s] [34mcolcon.colcon_core.environment[0m [1;30mLevel 1[0m checking '/home/david/yolocpp_ws/install/tensorrt_yolo/bin'
[2.263s] [34mcolcon.colcon_core.environment[0m [1;30mLevel 1[0m checking '/home/david/yolocpp_ws/install/tensorrt_yolo/lib/pkgconfig/tensorrt_yolo.pc'
[2.263s] [34mcolcon.colcon_core.environment[0m [1;30mLevel 1[0m checking '/home/david/yolocpp_ws/install/tensorrt_yolo/lib/python3.10/site-packages'
[2.263s] [34mcolcon.colcon_core.environment[0m [1;30mLevel 1[0m checking '/home/david/yolocpp_ws/install/tensorrt_yolo/bin'
[2.263s] [34mcolcon.colcon_core.shell[0m [1;30mINFO[0m Creating package script '/home/david/yolocpp_ws/install/tensorrt_yolo/share/tensorrt_yolo/package.ps1'
[2.263s] [34mcolcon.colcon_core.shell[0m [1;30mINFO[0m Creating package descriptor '/home/david/yolocpp_ws/install/tensorrt_yolo/share/tensorrt_yolo/package.dsv'
[2.263s] [34mcolcon.colcon_core.shell[0m [1;30mINFO[0m Creating package script '/home/david/yolocpp_ws/install/tensorrt_yolo/share/tensorrt_yolo/package.sh'
[2.264s] [34mcolcon.colcon_core.shell[0m [1;30mINFO[0m Creating package script '/home/david/yolocpp_ws/install/tensorrt_yolo/share/tensorrt_yolo/package.bash'
[2.264s] [34mcolcon.colcon_core.shell[0m [1;30mINFO[0m Creating package script '/home/david/yolocpp_ws/install/tensorrt_yolo/share/tensorrt_yolo/package.zsh'
[2.264s] [34mcolcon.colcon_core.environment[0m [1;30mLevel 1[0m create_file_with_runtime_dependencies(/home/david/yolocpp_ws/install/tensorrt_yolo/share/colcon-core/packages/tensorrt_yolo)
[2.274s] [34mcolcon.colcon_parallel_executor.executor.parallel[0m [1;30mDEBUG[0m [32mclosing loop[0m
[2.274s] [34mcolcon.colcon_parallel_executor.executor.parallel[0m [1;30mDEBUG[0m [32mloop closed[0m
[2.274s] [34mcolcon.colcon_parallel_executor.executor.parallel[0m [1;30mDEBUG[0m [32mrun_until_complete finished with '2'[0m
[2.274s] [34mcolcon.colcon_core.event_reactor[0m [1;30mDEBUG[0m [32mjoining thread[0m
[2.277s] [34mcolcon.colcon_core.plugin_system[0m [1;30mINFO[0m Skipping extension 'colcon_notification.desktop_notification.terminal_notifier': Not used on non-Darwin systems
[2.277s] [34mcolcon.colcon_core.plugin_system[0m [1;30mINFO[0m Skipping extension 'colcon_notification.desktop_notification.win32': Not used on non-Windows systems
[2.277s] [34mcolcon.colcon_notification.desktop_notification[0m [1;30mINFO[0m Sending desktop notification using 'notify2'
[2.283s] [34mcolcon.colcon_core.event_reactor[0m [1;30mDEBUG[0m [32mjoined thread[0m
[2.284s] [34mcolcon.colcon_core.shell[0m [1;30mINFO[0m Creating prefix script '/home/david/yolocpp_ws/install/local_setup.ps1'
[2.284s] [34mcolcon.colcon_core.shell[0m [1;30mINFO[0m Creating prefix util module '/home/david/yolocpp_ws/install/_local_setup_util_ps1.py'
[2.285s] [34mcolcon.colcon_core.shell[0m [1;30mINFO[0m Creating prefix chain script '/home/david/yolocpp_ws/install/setup.ps1'
[2.285s] [34mcolcon.colcon_core.shell[0m [1;30mINFO[0m Creating prefix script '/home/david/yolocpp_ws/install/local_setup.sh'
[2.285s] [34mcolcon.colcon_core.shell[0m [1;30mINFO[0m Creating prefix util module '/home/david/yolocpp_ws/install/_local_setup_util_sh.py'
[2.285s] [34mcolcon.colcon_core.shell[0m [1;30mINFO[0m Creating prefix chain script '/home/david/yolocpp_ws/install/setup.sh'
[2.286s] [34mcolcon.colcon_core.shell[0m [1;30mINFO[0m Creating prefix script '/home/david/yolocpp_ws/install/local_setup.bash'
[2.286s] [34mcolcon.colcon_core.shell[0m [1;30mINFO[0m Creating prefix chain script '/home/david/yolocpp_ws/install/setup.bash'
[2.287s] [34mcolcon.colcon_core.shell[0m [1;30mINFO[0m Creating prefix script '/home/david/yolocpp_ws/install/local_setup.zsh'
[2.287s] [34mcolcon.colcon_core.shell[0m [1;30mINFO[0m Creating prefix chain script '/home/david/yolocpp_ws/install/setup.zsh'
