[0.010s] Invoking command in '/home/david/yolocpp_ws/build/bboxes_ex_msgs': CMAKE_PREFIX_PATH=/home/david/yolopy_ws/install/yolopy:/opt/ros/humble PROMPT_COMMAND=echo -n \[$(date +%H:%M:%S)\]\ /home/david/.local/bin/cmake /home/david/yolocpp_ws/src/bbox_ex_msgs -DTRT_PATH=/usr -DCMAKE_CUDA_ARCHITECTURES=89 -DCMAKE_CUDA_COMPILER=/usr/local/cuda-12.9/bin/nvcc -DCMAKE_INSTALL_PREFIX=/home/david/yolocpp_ws/install/bboxes_ex_msgs
[0.059s] -- The C compiler identification is GNU 11.4.0
[0.094s] -- The CXX compiler identification is GNU 11.4.0
[0.100s] -- Detecting C compiler ABI info
[0.135s] -- Detecting C compiler ABI info - done
[0.140s] -- Check for working C compiler: /usr/bin/cc - skipped
[0.140s] -- Detecting C compile features
[0.141s] -- Detecting C compile features - done
[0.142s] -- Detecting CXX compiler ABI info
[0.188s] -- Detecting CXX compiler ABI info - done
[0.193s] -- Check for working CXX compiler: /usr/bin/c++ - skipped
[0.193s] -- Detecting CXX compile features
[0.193s] -- Detecting CXX compile features - done
[0.194s] -- Found ament_cmake: 1.3.11 (/opt/ros/humble/share/ament_cmake/cmake)
[0.378s] -- Found Python3: /usr/bin/python3 (found version "3.10.12") found components: Interpreter 
[0.429s] -- Found builtin_interfaces: 1.2.1 (/opt/ros/humble/share/builtin_interfaces/cmake)
[0.447s] -- Found rosidl_generator_c: 3.1.6 (/opt/ros/humble/share/rosidl_generator_c/cmake)
[0.450s] -- Found rosidl_adapter: 3.1.6 (/opt/ros/humble/share/rosidl_adapter/cmake)
[0.455s] -- Found rosidl_generator_cpp: 3.1.6 (/opt/ros/humble/share/rosidl_generator_cpp/cmake)
[0.462s] -- Using all available rosidl_typesupport_c: rosidl_typesupport_fastrtps_c;rosidl_typesupport_introspection_c
[0.472s] -- Using all available rosidl_typesupport_cpp: rosidl_typesupport_fastrtps_cpp;rosidl_typesupport_introspection_cpp
[0.481s] -- Found std_msgs: 4.8.0 (/opt/ros/humble/share/std_msgs/cmake)
[0.489s] -- Found rosidl_default_generators: 1.2.0 (/opt/ros/humble/share/rosidl_default_generators/cmake)
[0.639s] -- Found ament_cmake_ros: 0.10.0 (/opt/ros/humble/share/ament_cmake_ros/cmake)
[0.783s] -- Using all available rosidl_typesupport_c: rosidl_typesupport_fastrtps_c;rosidl_typesupport_introspection_c
[0.842s] -- Using all available rosidl_typesupport_cpp: rosidl_typesupport_fastrtps_cpp;rosidl_typesupport_introspection_cpp
[0.860s] -- Found PythonInterp: /usr/bin/python3 (found suitable version "3.10.12", minimum required is "3.6") 
[0.861s] -- Found python_cmake_module: 0.10.0 (/opt/ros/humble/share/python_cmake_module/cmake)
[0.879s] -- Found PythonLibs: /usr/lib/x86_64-linux-gnu/libpython3.10.so (found suitable version "3.10.12", minimum required is "3.5") 
[0.879s] -- Using PYTHON_EXECUTABLE: /usr/bin/python3
[0.879s] -- Using PYTHON_INCLUDE_DIRS: /usr/include/python3.10
[0.879s] -- Using PYTHON_LIBRARIES: /usr/lib/x86_64-linux-gnu/libpython3.10.so
[0.893s] -- Found PythonExtra: .so  
[0.925s] -- Configuring done
[0.943s] -- Generating done
[0.944s] [33mCMake Warning:
[0.944s]   Manually-specified variables were not used by the project:
[0.944s] 
[0.944s]     CMAKE_CUDA_COMPILER
[0.944s]     TRT_PATH
[0.944s] 
[0.944s] [0m
[0.950s] -- Build files have been written to: /home/david/yolocpp_ws/build/bboxes_ex_msgs
[0.956s] Invoked command in '/home/david/yolocpp_ws/build/bboxes_ex_msgs' returned '0': CMAKE_PREFIX_PATH=/home/david/yolopy_ws/install/yolopy:/opt/ros/humble PROMPT_COMMAND=echo -n \[$(date +%H:%M:%S)\]\ /home/david/.local/bin/cmake /home/david/yolocpp_ws/src/bbox_ex_msgs -DTRT_PATH=/usr -DCMAKE_CUDA_ARCHITECTURES=89 -DCMAKE_CUDA_COMPILER=/usr/local/cuda-12.9/bin/nvcc -DCMAKE_INSTALL_PREFIX=/home/david/yolocpp_ws/install/bboxes_ex_msgs
[0.957s] Invoking command in '/home/david/yolocpp_ws/build/bboxes_ex_msgs': CMAKE_PREFIX_PATH=/home/david/yolopy_ws/install/yolopy:/opt/ros/humble PROMPT_COMMAND=echo -n \[$(date +%H:%M:%S)\]\ /home/david/.local/bin/cmake --build /home/david/yolocpp_ws/build/bboxes_ex_msgs -- -j32 -l32
[0.992s] [  2%] [34m[1mGenerating C code for ROS interfaces[0m
[0.996s] [  5%] [34m[1mGenerating C++ code for ROS interfaces[0m
[0.997s] [  5%] Built target ament_cmake_python_copy_bboxes_ex_msgs
[1.140s] running egg_info
[1.154s] creating bboxes_ex_msgs.egg-info
[1.154s] writing bboxes_ex_msgs.egg-info/PKG-INFO
[1.154s] writing dependency_links to bboxes_ex_msgs.egg-info/dependency_links.txt
[1.154s] writing top-level names to bboxes_ex_msgs.egg-info/top_level.txt
[1.154s] writing manifest file 'bboxes_ex_msgs.egg-info/SOURCES.txt'
[1.172s] [  5%] Built target bboxes_ex_msgs__cpp
[1.174s] [  7%] [32mBuilding C object CMakeFiles/bboxes_ex_msgs__rosidl_generator_c.dir/rosidl_generator_c/bboxes_ex_msgs/msg/detail/bounding_box__functions.c.o[0m
[1.174s] [ 10%] [32mBuilding C object CMakeFiles/bboxes_ex_msgs__rosidl_generator_c.dir/rosidl_generator_c/bboxes_ex_msgs/msg/detail/bounding_boxes__functions.c.o[0m
[1.176s] [ 15%] [34m[1mGenerating C++ type support for eProsima Fast-RTPS[0m
[1.176s] [ 15%] [34m[1mGenerating C++ introspection for ROS interfaces[0m
[1.176s] [ 17%] [34m[1mGenerating C++ type support dispatch for ROS interfaces[0m
[1.195s] reading manifest file 'bboxes_ex_msgs.egg-info/SOURCES.txt'
[1.196s] writing manifest file 'bboxes_ex_msgs.egg-info/SOURCES.txt'
[1.206s] [ 20%] [32m[1mLinking C shared library libbboxes_ex_msgs__rosidl_generator_c.so[0m
[1.213s] [ 20%] Built target ament_cmake_python_build_bboxes_ex_msgs_egg
[1.230s] [ 20%] Built target bboxes_ex_msgs__rosidl_generator_c
[1.235s] [ 25%] [34m[1mGenerating C introspection for ROS interfaces[0m
[1.235s] [ 25%] [34m[1mGenerating C type support dispatch for ROS interfaces[0m
[1.235s] [ 28%] [34m[1mGenerating C type support for eProsima Fast-RTPS[0m
[1.345s] [ 30%] [32mBuilding CXX object CMakeFiles/bboxes_ex_msgs__rosidl_typesupport_cpp.dir/rosidl_typesupport_cpp/bboxes_ex_msgs/msg/bounding_box__type_support.cpp.o[0m
[1.346s] [ 33%] [32mBuilding CXX object CMakeFiles/bboxes_ex_msgs__rosidl_typesupport_cpp.dir/rosidl_typesupport_cpp/bboxes_ex_msgs/msg/bounding_boxes__type_support.cpp.o[0m
[1.357s] [ 35%] [32mBuilding CXX object CMakeFiles/bboxes_ex_msgs__rosidl_typesupport_introspection_cpp.dir/rosidl_typesupport_introspection_cpp/bboxes_ex_msgs/msg/detail/bounding_box__type_support.cpp.o[0m
[1.357s] [ 38%] [32mBuilding CXX object CMakeFiles/bboxes_ex_msgs__rosidl_typesupport_introspection_cpp.dir/rosidl_typesupport_introspection_cpp/bboxes_ex_msgs/msg/detail/bounding_boxes__type_support.cpp.o[0m
[1.369s] [ 41%] [32mBuilding CXX object CMakeFiles/bboxes_ex_msgs__rosidl_typesupport_fastrtps_cpp.dir/rosidl_typesupport_fastrtps_cpp/bboxes_ex_msgs/msg/detail/dds_fastrtps/bounding_box__type_support.cpp.o[0m
[1.369s] [ 43%] [32mBuilding CXX object CMakeFiles/bboxes_ex_msgs__rosidl_typesupport_fastrtps_cpp.dir/rosidl_typesupport_fastrtps_cpp/bboxes_ex_msgs/msg/detail/dds_fastrtps/bounding_boxes__type_support.cpp.o[0m
[1.414s] [ 46%] [32mBuilding CXX object CMakeFiles/bboxes_ex_msgs__rosidl_typesupport_c.dir/rosidl_typesupport_c/bboxes_ex_msgs/msg/bounding_box__type_support.cpp.o[0m
[1.414s] [ 48%] [32mBuilding CXX object CMakeFiles/bboxes_ex_msgs__rosidl_typesupport_c.dir/rosidl_typesupport_c/bboxes_ex_msgs/msg/bounding_boxes__type_support.cpp.o[0m
[1.430s] [ 51%] [32mBuilding C object CMakeFiles/bboxes_ex_msgs__rosidl_typesupport_introspection_c.dir/rosidl_typesupport_introspection_c/bboxes_ex_msgs/msg/detail/bounding_box__type_support.c.o[0m
[1.431s] [ 53%] [32mBuilding C object CMakeFiles/bboxes_ex_msgs__rosidl_typesupport_introspection_c.dir/rosidl_typesupport_introspection_c/bboxes_ex_msgs/msg/detail/bounding_boxes__type_support.c.o[0m
[1.434s] [ 56%] [32mBuilding CXX object CMakeFiles/bboxes_ex_msgs__rosidl_typesupport_fastrtps_c.dir/rosidl_typesupport_fastrtps_c/bboxes_ex_msgs/msg/detail/bounding_box__type_support_c.cpp.o[0m
[1.434s] [ 58%] [32mBuilding CXX object CMakeFiles/bboxes_ex_msgs__rosidl_typesupport_fastrtps_c.dir/rosidl_typesupport_fastrtps_c/bboxes_ex_msgs/msg/detail/bounding_boxes__type_support_c.cpp.o[0m
[1.441s] [ 61%] [32m[1mLinking CXX shared library libbboxes_ex_msgs__rosidl_typesupport_c.so[0m
[1.467s] [ 64%] [32m[1mLinking C shared library libbboxes_ex_msgs__rosidl_typesupport_introspection_c.so[0m
[1.468s] [ 64%] Built target bboxes_ex_msgs__rosidl_typesupport_c
[1.490s] [ 64%] Built target bboxes_ex_msgs__rosidl_typesupport_introspection_c
[1.527s] [ 66%] [32m[1mLinking CXX shared library libbboxes_ex_msgs__rosidl_typesupport_cpp.so[0m
[1.551s] [ 66%] Built target bboxes_ex_msgs__rosidl_typesupport_cpp
[1.651s] [ 69%] [32m[1mLinking CXX shared library libbboxes_ex_msgs__rosidl_typesupport_fastrtps_c.so[0m
[1.666s] [ 71%] [32m[1mLinking CXX shared library libbboxes_ex_msgs__rosidl_typesupport_introspection_cpp.so[0m
[1.692s] [ 74%] [32m[1mLinking CXX shared library libbboxes_ex_msgs__rosidl_typesupport_fastrtps_cpp.so[0m
[1.695s] [ 74%] Built target bboxes_ex_msgs__rosidl_typesupport_fastrtps_c
[1.712s] [ 74%] Built target bboxes_ex_msgs__rosidl_typesupport_introspection_cpp
[1.735s] [ 74%] Built target bboxes_ex_msgs__rosidl_typesupport_fastrtps_cpp
[1.742s] [ 74%] Built target bboxes_ex_msgs
[1.749s] [ 76%] [34m[1mGenerating Python code for ROS interfaces[0m
[1.938s] [ 76%] Built target bboxes_ex_msgs__py
[1.944s] [ 79%] [32mBuilding C object CMakeFiles/bboxes_ex_msgs__rosidl_generator_py.dir/rosidl_generator_py/bboxes_ex_msgs/msg/_bounding_box_s.c.o[0m
[1.944s] [ 82%] [32mBuilding C object CMakeFiles/bboxes_ex_msgs__rosidl_generator_py.dir/rosidl_generator_py/bboxes_ex_msgs/msg/_bounding_boxes_s.c.o[0m
[1.994s] [ 84%] [32m[1mLinking C shared library rosidl_generator_py/bboxes_ex_msgs/libbboxes_ex_msgs__rosidl_generator_py.so[0m
[2.010s] [ 84%] Built target bboxes_ex_msgs__rosidl_generator_py
[2.016s] [ 87%] [32mBuilding C object CMakeFiles/bboxes_ex_msgs__rosidl_typesupport_fastrtps_c__pyext.dir/rosidl_generator_py/bboxes_ex_msgs/_bboxes_ex_msgs_s.ep.rosidl_typesupport_fastrtps_c.c.o[0m
[2.017s] [ 89%] [32mBuilding C object CMakeFiles/bboxes_ex_msgs__rosidl_typesupport_c__pyext.dir/rosidl_generator_py/bboxes_ex_msgs/_bboxes_ex_msgs_s.ep.rosidl_typesupport_c.c.o[0m
[2.017s] [ 92%] [32mBuilding C object CMakeFiles/bboxes_ex_msgs__rosidl_typesupport_introspection_c__pyext.dir/rosidl_generator_py/bboxes_ex_msgs/_bboxes_ex_msgs_s.ep.rosidl_typesupport_introspection_c.c.o[0m
[2.066s] [100%] [32m[1mLinking C shared library rosidl_generator_py/bboxes_ex_msgs/bboxes_ex_msgs_s__rosidl_typesupport_introspection_c.cpython-310-x86_64-linux-gnu.so[0m
[2.066s] [100%] [32m[1mLinking C shared library rosidl_generator_py/bboxes_ex_msgs/bboxes_ex_msgs_s__rosidl_typesupport_c.cpython-310-x86_64-linux-gnu.so[0m
[2.066s] [100%] [32m[1mLinking C shared library rosidl_generator_py/bboxes_ex_msgs/bboxes_ex_msgs_s__rosidl_typesupport_fastrtps_c.cpython-310-x86_64-linux-gnu.so[0m
[2.082s] [100%] Built target bboxes_ex_msgs__rosidl_typesupport_fastrtps_c__pyext
[2.082s] [100%] Built target bboxes_ex_msgs__rosidl_typesupport_introspection_c__pyext
[2.082s] [100%] Built target bboxes_ex_msgs__rosidl_typesupport_c__pyext
[2.088s] Invoked command in '/home/david/yolocpp_ws/build/bboxes_ex_msgs' returned '0': CMAKE_PREFIX_PATH=/home/david/yolopy_ws/install/yolopy:/opt/ros/humble PROMPT_COMMAND=echo -n \[$(date +%H:%M:%S)\]\ /home/david/.local/bin/cmake --build /home/david/yolocpp_ws/build/bboxes_ex_msgs -- -j32 -l32
[2.109s] Invoking command in '/home/david/yolocpp_ws/build/bboxes_ex_msgs': CMAKE_PREFIX_PATH=/home/david/yolopy_ws/install/yolopy:/opt/ros/humble PROMPT_COMMAND=echo -n \[$(date +%H:%M:%S)\]\ /home/david/.local/bin/cmake --install /home/david/yolocpp_ws/build/bboxes_ex_msgs
[2.127s] -- Install configuration: ""
[2.127s] -- Installing: /home/david/yolocpp_ws/install/bboxes_ex_msgs/share/ament_index/resource_index/rosidl_interfaces/bboxes_ex_msgs
[2.127s] -- Installing: /home/david/yolocpp_ws/install/bboxes_ex_msgs/include/bboxes_ex_msgs/bboxes_ex_msgs
[2.127s] -- Installing: /home/david/yolocpp_ws/install/bboxes_ex_msgs/include/bboxes_ex_msgs/bboxes_ex_msgs/msg
[2.127s] -- Installing: /home/david/yolocpp_ws/install/bboxes_ex_msgs/include/bboxes_ex_msgs/bboxes_ex_msgs/msg/bounding_box.h
[2.127s] -- Installing: /home/david/yolocpp_ws/install/bboxes_ex_msgs/include/bboxes_ex_msgs/bboxes_ex_msgs/msg/rosidl_generator_c__visibility_control.h
[2.127s] -- Installing: /home/david/yolocpp_ws/install/bboxes_ex_msgs/include/bboxes_ex_msgs/bboxes_ex_msgs/msg/detail
[2.127s] -- Installing: /home/david/yolocpp_ws/install/bboxes_ex_msgs/include/bboxes_ex_msgs/bboxes_ex_msgs/msg/detail/bounding_boxes__functions.c
[2.127s] -- Installing: /home/david/yolocpp_ws/install/bboxes_ex_msgs/include/bboxes_ex_msgs/bboxes_ex_msgs/msg/detail/bounding_boxes__functions.h
[2.127s] -- Installing: /home/david/yolocpp_ws/install/bboxes_ex_msgs/include/bboxes_ex_msgs/bboxes_ex_msgs/msg/detail/bounding_boxes__struct.h
[2.127s] -- Installing: /home/david/yolocpp_ws/install/bboxes_ex_msgs/include/bboxes_ex_msgs/bboxes_ex_msgs/msg/detail/bounding_box__functions.h
[2.127s] -- Installing: /home/david/yolocpp_ws/install/bboxes_ex_msgs/include/bboxes_ex_msgs/bboxes_ex_msgs/msg/detail/bounding_box__struct.h
[2.127s] -- Installing: /home/david/yolocpp_ws/install/bboxes_ex_msgs/include/bboxes_ex_msgs/bboxes_ex_msgs/msg/detail/bounding_box__type_support.h
[2.127s] -- Installing: /home/david/yolocpp_ws/install/bboxes_ex_msgs/include/bboxes_ex_msgs/bboxes_ex_msgs/msg/detail/bounding_box__functions.c
[2.128s] -- Installing: /home/david/yolocpp_ws/install/bboxes_ex_msgs/include/bboxes_ex_msgs/bboxes_ex_msgs/msg/detail/bounding_boxes__type_support.h
[2.128s] -- Installing: /home/david/yolocpp_ws/install/bboxes_ex_msgs/include/bboxes_ex_msgs/bboxes_ex_msgs/msg/bounding_boxes.h
[2.128s] -- Installing: /home/david/yolocpp_ws/install/bboxes_ex_msgs/share/bboxes_ex_msgs/environment/library_path.sh
[2.128s] -- Installing: /home/david/yolocpp_ws/install/bboxes_ex_msgs/share/bboxes_ex_msgs/environment/library_path.dsv
[2.128s] -- Installing: /home/david/yolocpp_ws/install/bboxes_ex_msgs/lib/libbboxes_ex_msgs__rosidl_generator_c.so
[2.128s] -- Set runtime path of "/home/david/yolocpp_ws/install/bboxes_ex_msgs/lib/libbboxes_ex_msgs__rosidl_generator_c.so" to ""
[2.128s] -- Up-to-date: /home/david/yolocpp_ws/install/bboxes_ex_msgs/include/bboxes_ex_msgs/bboxes_ex_msgs
[2.128s] -- Up-to-date: /home/david/yolocpp_ws/install/bboxes_ex_msgs/include/bboxes_ex_msgs/bboxes_ex_msgs/msg
[2.128s] -- Installing: /home/david/yolocpp_ws/install/bboxes_ex_msgs/include/bboxes_ex_msgs/bboxes_ex_msgs/msg/rosidl_typesupport_fastrtps_c__visibility_control.h
[2.128s] -- Up-to-date: /home/david/yolocpp_ws/install/bboxes_ex_msgs/include/bboxes_ex_msgs/bboxes_ex_msgs/msg/detail
[2.128s] -- Installing: /home/david/yolocpp_ws/install/bboxes_ex_msgs/include/bboxes_ex_msgs/bboxes_ex_msgs/msg/detail/bounding_boxes__rosidl_typesupport_fastrtps_c.h
[2.128s] -- Installing: /home/david/yolocpp_ws/install/bboxes_ex_msgs/include/bboxes_ex_msgs/bboxes_ex_msgs/msg/detail/bounding_box__rosidl_typesupport_fastrtps_c.h
[2.128s] -- Installing: /home/david/yolocpp_ws/install/bboxes_ex_msgs/lib/libbboxes_ex_msgs__rosidl_typesupport_fastrtps_c.so
[2.128s] -- Set runtime path of "/home/david/yolocpp_ws/install/bboxes_ex_msgs/lib/libbboxes_ex_msgs__rosidl_typesupport_fastrtps_c.so" to ""
[2.128s] -- Up-to-date: /home/david/yolocpp_ws/install/bboxes_ex_msgs/include/bboxes_ex_msgs/bboxes_ex_msgs
[2.128s] -- Up-to-date: /home/david/yolocpp_ws/install/bboxes_ex_msgs/include/bboxes_ex_msgs/bboxes_ex_msgs/msg
[2.128s] -- Up-to-date: /home/david/yolocpp_ws/install/bboxes_ex_msgs/include/bboxes_ex_msgs/bboxes_ex_msgs/msg/detail
[2.128s] -- Installing: /home/david/yolocpp_ws/install/bboxes_ex_msgs/include/bboxes_ex_msgs/bboxes_ex_msgs/msg/detail/bounding_box__builder.hpp
[2.128s] -- Installing: /home/david/yolocpp_ws/install/bboxes_ex_msgs/include/bboxes_ex_msgs/bboxes_ex_msgs/msg/detail/bounding_box__traits.hpp
[2.128s] -- Installing: /home/david/yolocpp_ws/install/bboxes_ex_msgs/include/bboxes_ex_msgs/bboxes_ex_msgs/msg/detail/bounding_boxes__builder.hpp
[2.128s] -- Installing: /home/david/yolocpp_ws/install/bboxes_ex_msgs/include/bboxes_ex_msgs/bboxes_ex_msgs/msg/detail/bounding_box__struct.hpp
[2.129s] -- Installing: /home/david/yolocpp_ws/install/bboxes_ex_msgs/include/bboxes_ex_msgs/bboxes_ex_msgs/msg/detail/bounding_boxes__struct.hpp
[2.129s] -- Installing: /home/david/yolocpp_ws/install/bboxes_ex_msgs/include/bboxes_ex_msgs/bboxes_ex_msgs/msg/detail/bounding_boxes__type_support.hpp
[2.129s] -- Installing: /home/david/yolocpp_ws/install/bboxes_ex_msgs/include/bboxes_ex_msgs/bboxes_ex_msgs/msg/detail/bounding_box__type_support.hpp
[2.129s] -- Installing: /home/david/yolocpp_ws/install/bboxes_ex_msgs/include/bboxes_ex_msgs/bboxes_ex_msgs/msg/detail/bounding_boxes__traits.hpp
[2.129s] -- Installing: /home/david/yolocpp_ws/install/bboxes_ex_msgs/include/bboxes_ex_msgs/bboxes_ex_msgs/msg/rosidl_generator_cpp__visibility_control.hpp
[2.129s] -- Installing: /home/david/yolocpp_ws/install/bboxes_ex_msgs/include/bboxes_ex_msgs/bboxes_ex_msgs/msg/bounding_box.hpp
[2.129s] -- Installing: /home/david/yolocpp_ws/install/bboxes_ex_msgs/include/bboxes_ex_msgs/bboxes_ex_msgs/msg/bounding_boxes.hpp
[2.129s] -- Up-to-date: /home/david/yolocpp_ws/install/bboxes_ex_msgs/include/bboxes_ex_msgs/bboxes_ex_msgs
[2.129s] -- Up-to-date: /home/david/yolocpp_ws/install/bboxes_ex_msgs/include/bboxes_ex_msgs/bboxes_ex_msgs/msg
[2.129s] -- Up-to-date: /home/david/yolocpp_ws/install/bboxes_ex_msgs/include/bboxes_ex_msgs/bboxes_ex_msgs/msg/detail
[2.129s] -- Installing: /home/david/yolocpp_ws/install/bboxes_ex_msgs/include/bboxes_ex_msgs/bboxes_ex_msgs/msg/detail/bounding_boxes__rosidl_typesupport_fastrtps_cpp.hpp
[2.129s] -- Installing: /home/david/yolocpp_ws/install/bboxes_ex_msgs/include/bboxes_ex_msgs/bboxes_ex_msgs/msg/detail/dds_fastrtps
[2.129s] -- Installing: /home/david/yolocpp_ws/install/bboxes_ex_msgs/include/bboxes_ex_msgs/bboxes_ex_msgs/msg/detail/bounding_box__rosidl_typesupport_fastrtps_cpp.hpp
[2.129s] -- Installing: /home/david/yolocpp_ws/install/bboxes_ex_msgs/include/bboxes_ex_msgs/bboxes_ex_msgs/msg/rosidl_typesupport_fastrtps_cpp__visibility_control.h
[2.129s] -- Installing: /home/david/yolocpp_ws/install/bboxes_ex_msgs/lib/libbboxes_ex_msgs__rosidl_typesupport_fastrtps_cpp.so
[2.129s] -- Set runtime path of "/home/david/yolocpp_ws/install/bboxes_ex_msgs/lib/libbboxes_ex_msgs__rosidl_typesupport_fastrtps_cpp.so" to ""
[2.129s] -- Up-to-date: /home/david/yolocpp_ws/install/bboxes_ex_msgs/include/bboxes_ex_msgs/bboxes_ex_msgs
[2.129s] -- Up-to-date: /home/david/yolocpp_ws/install/bboxes_ex_msgs/include/bboxes_ex_msgs/bboxes_ex_msgs/msg
[2.129s] -- Installing: /home/david/yolocpp_ws/install/bboxes_ex_msgs/include/bboxes_ex_msgs/bboxes_ex_msgs/msg/rosidl_typesupport_introspection_c__visibility_control.h
[2.129s] -- Up-to-date: /home/david/yolocpp_ws/install/bboxes_ex_msgs/include/bboxes_ex_msgs/bboxes_ex_msgs/msg/detail
[2.129s] -- Installing: /home/david/yolocpp_ws/install/bboxes_ex_msgs/include/bboxes_ex_msgs/bboxes_ex_msgs/msg/detail/bounding_box__type_support.c
[2.129s] -- Installing: /home/david/yolocpp_ws/install/bboxes_ex_msgs/include/bboxes_ex_msgs/bboxes_ex_msgs/msg/detail/bounding_boxes__rosidl_typesupport_introspection_c.h
[2.130s] -- Installing: /home/david/yolocpp_ws/install/bboxes_ex_msgs/include/bboxes_ex_msgs/bboxes_ex_msgs/msg/detail/bounding_boxes__type_support.c
[2.130s] -- Installing: /home/david/yolocpp_ws/install/bboxes_ex_msgs/include/bboxes_ex_msgs/bboxes_ex_msgs/msg/detail/bounding_box__rosidl_typesupport_introspection_c.h
[2.130s] -- Installing: /home/david/yolocpp_ws/install/bboxes_ex_msgs/lib/libbboxes_ex_msgs__rosidl_typesupport_introspection_c.so
[2.130s] -- Set runtime path of "/home/david/yolocpp_ws/install/bboxes_ex_msgs/lib/libbboxes_ex_msgs__rosidl_typesupport_introspection_c.so" to ""
[2.130s] -- Installing: /home/david/yolocpp_ws/install/bboxes_ex_msgs/lib/libbboxes_ex_msgs__rosidl_typesupport_c.so
[2.130s] -- Set runtime path of "/home/david/yolocpp_ws/install/bboxes_ex_msgs/lib/libbboxes_ex_msgs__rosidl_typesupport_c.so" to ""
[2.130s] -- Up-to-date: /home/david/yolocpp_ws/install/bboxes_ex_msgs/include/bboxes_ex_msgs/bboxes_ex_msgs
[2.130s] -- Up-to-date: /home/david/yolocpp_ws/install/bboxes_ex_msgs/include/bboxes_ex_msgs/bboxes_ex_msgs/msg
[2.130s] -- Up-to-date: /home/david/yolocpp_ws/install/bboxes_ex_msgs/include/bboxes_ex_msgs/bboxes_ex_msgs/msg/detail
[2.130s] -- Installing: /home/david/yolocpp_ws/install/bboxes_ex_msgs/include/bboxes_ex_msgs/bboxes_ex_msgs/msg/detail/bounding_boxes__rosidl_typesupport_introspection_cpp.hpp
[2.130s] -- Installing: /home/david/yolocpp_ws/install/bboxes_ex_msgs/include/bboxes_ex_msgs/bboxes_ex_msgs/msg/detail/bounding_box__type_support.cpp
[2.130s] -- Installing: /home/david/yolocpp_ws/install/bboxes_ex_msgs/include/bboxes_ex_msgs/bboxes_ex_msgs/msg/detail/bounding_box__rosidl_typesupport_introspection_cpp.hpp
[2.130s] -- Installing: /home/david/yolocpp_ws/install/bboxes_ex_msgs/include/bboxes_ex_msgs/bboxes_ex_msgs/msg/detail/bounding_boxes__type_support.cpp
[2.130s] -- Installing: /home/david/yolocpp_ws/install/bboxes_ex_msgs/lib/libbboxes_ex_msgs__rosidl_typesupport_introspection_cpp.so
[2.130s] -- Set runtime path of "/home/david/yolocpp_ws/install/bboxes_ex_msgs/lib/libbboxes_ex_msgs__rosidl_typesupport_introspection_cpp.so" to ""
[2.130s] -- Installing: /home/david/yolocpp_ws/install/bboxes_ex_msgs/lib/libbboxes_ex_msgs__rosidl_typesupport_cpp.so
[2.130s] -- Set runtime path of "/home/david/yolocpp_ws/install/bboxes_ex_msgs/lib/libbboxes_ex_msgs__rosidl_typesupport_cpp.so" to ""
[2.130s] -- Installing: /home/david/yolocpp_ws/install/bboxes_ex_msgs/share/bboxes_ex_msgs/environment/pythonpath.sh
[2.130s] -- Installing: /home/david/yolocpp_ws/install/bboxes_ex_msgs/share/bboxes_ex_msgs/environment/pythonpath.dsv
[2.130s] -- Installing: /home/david/yolocpp_ws/install/bboxes_ex_msgs/local/lib/python3.10/dist-packages/bboxes_ex_msgs-0.0.0-py3.10.egg-info
[2.130s] -- Installing: /home/david/yolocpp_ws/install/bboxes_ex_msgs/local/lib/python3.10/dist-packages/bboxes_ex_msgs-0.0.0-py3.10.egg-info/PKG-INFO
[2.130s] -- Installing: /home/david/yolocpp_ws/install/bboxes_ex_msgs/local/lib/python3.10/dist-packages/bboxes_ex_msgs-0.0.0-py3.10.egg-info/SOURCES.txt
[2.130s] -- Installing: /home/david/yolocpp_ws/install/bboxes_ex_msgs/local/lib/python3.10/dist-packages/bboxes_ex_msgs-0.0.0-py3.10.egg-info/dependency_links.txt
[2.130s] -- Installing: /home/david/yolocpp_ws/install/bboxes_ex_msgs/local/lib/python3.10/dist-packages/bboxes_ex_msgs-0.0.0-py3.10.egg-info/top_level.txt
[2.130s] -- Installing: /home/david/yolocpp_ws/install/bboxes_ex_msgs/local/lib/python3.10/dist-packages/bboxes_ex_msgs
[2.130s] -- Installing: /home/david/yolocpp_ws/install/bboxes_ex_msgs/local/lib/python3.10/dist-packages/bboxes_ex_msgs/_bboxes_ex_msgs_s.ep.rosidl_typesupport_introspection_c.c
[2.130s] -- Installing: /home/david/yolocpp_ws/install/bboxes_ex_msgs/local/lib/python3.10/dist-packages/bboxes_ex_msgs/bboxes_ex_msgs_s__rosidl_typesupport_introspection_c.cpython-310-x86_64-linux-gnu.so
[2.131s] -- Installing: /home/david/yolocpp_ws/install/bboxes_ex_msgs/local/lib/python3.10/dist-packages/bboxes_ex_msgs/bboxes_ex_msgs_s__rosidl_typesupport_fastrtps_c.cpython-310-x86_64-linux-gnu.so
[2.131s] -- Installing: /home/david/yolocpp_ws/install/bboxes_ex_msgs/local/lib/python3.10/dist-packages/bboxes_ex_msgs/bboxes_ex_msgs_s__rosidl_typesupport_c.cpython-310-x86_64-linux-gnu.so
[2.131s] -- Installing: /home/david/yolocpp_ws/install/bboxes_ex_msgs/local/lib/python3.10/dist-packages/bboxes_ex_msgs/_bboxes_ex_msgs_s.ep.rosidl_typesupport_c.c
[2.131s] -- Installing: /home/david/yolocpp_ws/install/bboxes_ex_msgs/local/lib/python3.10/dist-packages/bboxes_ex_msgs/_bboxes_ex_msgs_s.ep.rosidl_typesupport_fastrtps_c.c
[2.131s] -- Installing: /home/david/yolocpp_ws/install/bboxes_ex_msgs/local/lib/python3.10/dist-packages/bboxes_ex_msgs/libbboxes_ex_msgs__rosidl_generator_py.so
[2.131s] -- Installing: /home/david/yolocpp_ws/install/bboxes_ex_msgs/local/lib/python3.10/dist-packages/bboxes_ex_msgs/__init__.py
[2.131s] -- Installing: /home/david/yolocpp_ws/install/bboxes_ex_msgs/local/lib/python3.10/dist-packages/bboxes_ex_msgs/msg
[2.131s] -- Installing: /home/david/yolocpp_ws/install/bboxes_ex_msgs/local/lib/python3.10/dist-packages/bboxes_ex_msgs/msg/_bounding_boxes_s.c
[2.131s] -- Installing: /home/david/yolocpp_ws/install/bboxes_ex_msgs/local/lib/python3.10/dist-packages/bboxes_ex_msgs/msg/_bounding_boxes.py
[2.131s] -- Installing: /home/david/yolocpp_ws/install/bboxes_ex_msgs/local/lib/python3.10/dist-packages/bboxes_ex_msgs/msg/_bounding_box_s.c
[2.131s] -- Installing: /home/david/yolocpp_ws/install/bboxes_ex_msgs/local/lib/python3.10/dist-packages/bboxes_ex_msgs/msg/__init__.py
[2.131s] -- Installing: /home/david/yolocpp_ws/install/bboxes_ex_msgs/local/lib/python3.10/dist-packages/bboxes_ex_msgs/msg/_bounding_box.py
[2.153s] Listing '/home/david/yolocpp_ws/install/bboxes_ex_msgs/local/lib/python3.10/dist-packages/bboxes_ex_msgs'...
[2.153s] Compiling '/home/david/yolocpp_ws/install/bboxes_ex_msgs/local/lib/python3.10/dist-packages/bboxes_ex_msgs/__init__.py'...
[2.153s] Listing '/home/david/yolocpp_ws/install/bboxes_ex_msgs/local/lib/python3.10/dist-packages/bboxes_ex_msgs/msg'...
[2.153s] Compiling '/home/david/yolocpp_ws/install/bboxes_ex_msgs/local/lib/python3.10/dist-packages/bboxes_ex_msgs/msg/__init__.py'...
[2.153s] Compiling '/home/david/yolocpp_ws/install/bboxes_ex_msgs/local/lib/python3.10/dist-packages/bboxes_ex_msgs/msg/_bounding_box.py'...
[2.153s] Compiling '/home/david/yolocpp_ws/install/bboxes_ex_msgs/local/lib/python3.10/dist-packages/bboxes_ex_msgs/msg/_bounding_boxes.py'...
[2.156s] -- Installing: /home/david/yolocpp_ws/install/bboxes_ex_msgs/local/lib/python3.10/dist-packages/bboxes_ex_msgs/bboxes_ex_msgs_s__rosidl_typesupport_fastrtps_c.cpython-310-x86_64-linux-gnu.so
[2.156s] -- Set runtime path of "/home/david/yolocpp_ws/install/bboxes_ex_msgs/local/lib/python3.10/dist-packages/bboxes_ex_msgs/bboxes_ex_msgs_s__rosidl_typesupport_fastrtps_c.cpython-310-x86_64-linux-gnu.so" to ""
[2.156s] -- Installing: /home/david/yolocpp_ws/install/bboxes_ex_msgs/local/lib/python3.10/dist-packages/bboxes_ex_msgs/bboxes_ex_msgs_s__rosidl_typesupport_introspection_c.cpython-310-x86_64-linux-gnu.so
[2.156s] -- Set runtime path of "/home/david/yolocpp_ws/install/bboxes_ex_msgs/local/lib/python3.10/dist-packages/bboxes_ex_msgs/bboxes_ex_msgs_s__rosidl_typesupport_introspection_c.cpython-310-x86_64-linux-gnu.so" to ""
[2.156s] -- Installing: /home/david/yolocpp_ws/install/bboxes_ex_msgs/local/lib/python3.10/dist-packages/bboxes_ex_msgs/bboxes_ex_msgs_s__rosidl_typesupport_c.cpython-310-x86_64-linux-gnu.so
[2.156s] -- Set runtime path of "/home/david/yolocpp_ws/install/bboxes_ex_msgs/local/lib/python3.10/dist-packages/bboxes_ex_msgs/bboxes_ex_msgs_s__rosidl_typesupport_c.cpython-310-x86_64-linux-gnu.so" to ""
[2.157s] -- Installing: /home/david/yolocpp_ws/install/bboxes_ex_msgs/lib/libbboxes_ex_msgs__rosidl_generator_py.so
[2.157s] -- Set runtime path of "/home/david/yolocpp_ws/install/bboxes_ex_msgs/lib/libbboxes_ex_msgs__rosidl_generator_py.so" to ""
[2.157s] -- Installing: /home/david/yolocpp_ws/install/bboxes_ex_msgs/share/bboxes_ex_msgs/msg/BoundingBox.idl
[2.157s] -- Installing: /home/david/yolocpp_ws/install/bboxes_ex_msgs/share/bboxes_ex_msgs/msg/BoundingBoxes.idl
[2.157s] -- Installing: /home/david/yolocpp_ws/install/bboxes_ex_msgs/share/bboxes_ex_msgs/msg/BoundingBox.msg
[2.157s] -- Installing: /home/david/yolocpp_ws/install/bboxes_ex_msgs/share/bboxes_ex_msgs/msg/BoundingBoxes.msg
[2.157s] -- Installing: /home/david/yolocpp_ws/install/bboxes_ex_msgs/share/ament_index/resource_index/package_run_dependencies/bboxes_ex_msgs
[2.157s] -- Installing: /home/david/yolocpp_ws/install/bboxes_ex_msgs/share/ament_index/resource_index/parent_prefix_path/bboxes_ex_msgs
[2.157s] -- Installing: /home/david/yolocpp_ws/install/bboxes_ex_msgs/share/bboxes_ex_msgs/environment/ament_prefix_path.sh
[2.157s] -- Installing: /home/david/yolocpp_ws/install/bboxes_ex_msgs/share/bboxes_ex_msgs/environment/ament_prefix_path.dsv
[2.157s] -- Installing: /home/david/yolocpp_ws/install/bboxes_ex_msgs/share/bboxes_ex_msgs/environment/path.sh
[2.157s] -- Installing: /home/david/yolocpp_ws/install/bboxes_ex_msgs/share/bboxes_ex_msgs/environment/path.dsv
[2.157s] -- Installing: /home/david/yolocpp_ws/install/bboxes_ex_msgs/share/bboxes_ex_msgs/local_setup.bash
[2.157s] -- Installing: /home/david/yolocpp_ws/install/bboxes_ex_msgs/share/bboxes_ex_msgs/local_setup.sh
[2.157s] -- Installing: /home/david/yolocpp_ws/install/bboxes_ex_msgs/share/bboxes_ex_msgs/local_setup.zsh
[2.157s] -- Installing: /home/david/yolocpp_ws/install/bboxes_ex_msgs/share/bboxes_ex_msgs/local_setup.dsv
[2.157s] -- Installing: /home/david/yolocpp_ws/install/bboxes_ex_msgs/share/bboxes_ex_msgs/package.dsv
[2.157s] -- Installing: /home/david/yolocpp_ws/install/bboxes_ex_msgs/share/ament_index/resource_index/packages/bboxes_ex_msgs
[2.157s] -- Installing: /home/david/yolocpp_ws/install/bboxes_ex_msgs/share/bboxes_ex_msgs/cmake/export_bboxes_ex_msgs__rosidl_generator_cExport.cmake
[2.157s] -- Installing: /home/david/yolocpp_ws/install/bboxes_ex_msgs/share/bboxes_ex_msgs/cmake/export_bboxes_ex_msgs__rosidl_generator_cExport-noconfig.cmake
[2.157s] -- Installing: /home/david/yolocpp_ws/install/bboxes_ex_msgs/share/bboxes_ex_msgs/cmake/export_bboxes_ex_msgs__rosidl_typesupport_fastrtps_cExport.cmake
[2.157s] -- Installing: /home/david/yolocpp_ws/install/bboxes_ex_msgs/share/bboxes_ex_msgs/cmake/export_bboxes_ex_msgs__rosidl_typesupport_fastrtps_cExport-noconfig.cmake
[2.158s] -- Installing: /home/david/yolocpp_ws/install/bboxes_ex_msgs/share/bboxes_ex_msgs/cmake/export_bboxes_ex_msgs__rosidl_generator_cppExport.cmake
[2.158s] -- Installing: /home/david/yolocpp_ws/install/bboxes_ex_msgs/share/bboxes_ex_msgs/cmake/export_bboxes_ex_msgs__rosidl_typesupport_fastrtps_cppExport.cmake
[2.158s] -- Installing: /home/david/yolocpp_ws/install/bboxes_ex_msgs/share/bboxes_ex_msgs/cmake/export_bboxes_ex_msgs__rosidl_typesupport_fastrtps_cppExport-noconfig.cmake
[2.158s] -- Installing: /home/david/yolocpp_ws/install/bboxes_ex_msgs/share/bboxes_ex_msgs/cmake/bboxes_ex_msgs__rosidl_typesupport_introspection_cExport.cmake
[2.158s] -- Installing: /home/david/yolocpp_ws/install/bboxes_ex_msgs/share/bboxes_ex_msgs/cmake/bboxes_ex_msgs__rosidl_typesupport_introspection_cExport-noconfig.cmake
[2.158s] -- Installing: /home/david/yolocpp_ws/install/bboxes_ex_msgs/share/bboxes_ex_msgs/cmake/bboxes_ex_msgs__rosidl_typesupport_cExport.cmake
[2.158s] -- Installing: /home/david/yolocpp_ws/install/bboxes_ex_msgs/share/bboxes_ex_msgs/cmake/bboxes_ex_msgs__rosidl_typesupport_cExport-noconfig.cmake
[2.158s] -- Installing: /home/david/yolocpp_ws/install/bboxes_ex_msgs/share/bboxes_ex_msgs/cmake/bboxes_ex_msgs__rosidl_typesupport_introspection_cppExport.cmake
[2.158s] -- Installing: /home/david/yolocpp_ws/install/bboxes_ex_msgs/share/bboxes_ex_msgs/cmake/bboxes_ex_msgs__rosidl_typesupport_introspection_cppExport-noconfig.cmake
[2.158s] -- Installing: /home/david/yolocpp_ws/install/bboxes_ex_msgs/share/bboxes_ex_msgs/cmake/bboxes_ex_msgs__rosidl_typesupport_cppExport.cmake
[2.158s] -- Installing: /home/david/yolocpp_ws/install/bboxes_ex_msgs/share/bboxes_ex_msgs/cmake/bboxes_ex_msgs__rosidl_typesupport_cppExport-noconfig.cmake
[2.158s] -- Installing: /home/david/yolocpp_ws/install/bboxes_ex_msgs/share/bboxes_ex_msgs/cmake/export_bboxes_ex_msgs__rosidl_generator_pyExport.cmake
[2.158s] -- Installing: /home/david/yolocpp_ws/install/bboxes_ex_msgs/share/bboxes_ex_msgs/cmake/export_bboxes_ex_msgs__rosidl_generator_pyExport-noconfig.cmake
[2.158s] -- Installing: /home/david/yolocpp_ws/install/bboxes_ex_msgs/share/bboxes_ex_msgs/cmake/rosidl_cmake-extras.cmake
[2.158s] -- Installing: /home/david/yolocpp_ws/install/bboxes_ex_msgs/share/bboxes_ex_msgs/cmake/ament_cmake_export_dependencies-extras.cmake
[2.158s] -- Installing: /home/david/yolocpp_ws/install/bboxes_ex_msgs/share/bboxes_ex_msgs/cmake/ament_cmake_export_include_directories-extras.cmake
[2.158s] -- Installing: /home/david/yolocpp_ws/install/bboxes_ex_msgs/share/bboxes_ex_msgs/cmake/ament_cmake_export_libraries-extras.cmake
[2.158s] -- Installing: /home/david/yolocpp_ws/install/bboxes_ex_msgs/share/bboxes_ex_msgs/cmake/ament_cmake_export_targets-extras.cmake
[2.159s] -- Installing: /home/david/yolocpp_ws/install/bboxes_ex_msgs/share/bboxes_ex_msgs/cmake/rosidl_cmake_export_typesupport_targets-extras.cmake
[2.159s] -- Installing: /home/david/yolocpp_ws/install/bboxes_ex_msgs/share/bboxes_ex_msgs/cmake/rosidl_cmake_export_typesupport_libraries-extras.cmake
[2.159s] -- Installing: /home/david/yolocpp_ws/install/bboxes_ex_msgs/share/bboxes_ex_msgs/cmake/bboxes_ex_msgsConfig.cmake
[2.159s] -- Installing: /home/david/yolocpp_ws/install/bboxes_ex_msgs/share/bboxes_ex_msgs/cmake/bboxes_ex_msgsConfig-version.cmake
[2.159s] -- Installing: /home/david/yolocpp_ws/install/bboxes_ex_msgs/share/bboxes_ex_msgs/package.xml
[2.162s] Invoked command in '/home/david/yolocpp_ws/build/bboxes_ex_msgs' returned '0': CMAKE_PREFIX_PATH=/home/david/yolopy_ws/install/yolopy:/opt/ros/humble PROMPT_COMMAND=echo -n \[$(date +%H:%M:%S)\]\ /home/david/.local/bin/cmake --install /home/david/yolocpp_ws/build/bboxes_ex_msgs
