[0.022s] Invoking command in '/home/david/yolocpp_ws/build/yolo_custom_interfaces': CMAKE_PREFIX_PATH=${CMAKE_PREFIX_PATH}:/home/david/yolopy_ws/install/yolopy:/opt/ros/humble PROMPT_COMMAND=echo -n \[$(date +%H:%M:%S)\]\ /home/david/.local/bin/cmake --build /home/david/yolocpp_ws/build/yolo_custom_interfaces -- -j32 -l32
[0.107s] [  3%] Built target yolo_custom_interfaces__cpp
[0.108s] [ 12%] Built target yolo_custom_interfaces__rosidl_generator_c
[0.115s] [ 12%] Built target ament_cmake_python_copy_yolo_custom_interfaces
[0.136s] [ 22%] Built target yolo_custom_interfaces__rosidl_typesupport_introspection_cpp
[0.138s] [ 32%] Built target yolo_custom_interfaces__rosidl_typesupport_cpp
[0.140s] [ 41%] Built target yolo_custom_interfaces__rosidl_typesupport_introspection_c
[0.141s] [ 51%] Built target yolo_custom_interfaces__rosidl_typesupport_fastrtps_cpp
[0.144s] [ 61%] Built target yolo_custom_interfaces__rosidl_typesupport_fastrtps_c
[0.146s] [ 70%] Built target yolo_custom_interfaces__rosidl_typesupport_c
[0.164s] [ 70%] Built target yolo_custom_interfaces
[0.183s] [ 74%] Built target yolo_custom_interfaces__py
[0.205s] [ 80%] Built target yolo_custom_interfaces__rosidl_generator_py
[0.239s] [ 87%] Built target yolo_custom_interfaces__rosidl_typesupport_fastrtps_c__pyext
[0.239s] [ 93%] Built target yolo_custom_interfaces__rosidl_typesupport_c__pyext
[0.239s] [100%] Built target yolo_custom_interfaces__rosidl_typesupport_introspection_c__pyext
[0.470s] running egg_info
[0.470s] writing yolo_custom_interfaces.egg-info/PKG-INFO
[0.471s] writing dependency_links to yolo_custom_interfaces.egg-info/dependency_links.txt
[0.471s] writing top-level names to yolo_custom_interfaces.egg-info/top_level.txt
[0.473s] reading manifest file 'yolo_custom_interfaces.egg-info/SOURCES.txt'
[0.473s] writing manifest file 'yolo_custom_interfaces.egg-info/SOURCES.txt'
[0.490s] [100%] Built target ament_cmake_python_build_yolo_custom_interfaces_egg
[0.505s] Invoked command in '/home/david/yolocpp_ws/build/yolo_custom_interfaces' returned '0': CMAKE_PREFIX_PATH=${CMAKE_PREFIX_PATH}:/home/david/yolopy_ws/install/yolopy:/opt/ros/humble PROMPT_COMMAND=echo -n \[$(date +%H:%M:%S)\]\ /home/david/.local/bin/cmake --build /home/david/yolocpp_ws/build/yolo_custom_interfaces -- -j32 -l32
[0.506s] Invoking command in '/home/david/yolocpp_ws/build/yolo_custom_interfaces': CMAKE_PREFIX_PATH=${CMAKE_PREFIX_PATH}:/home/david/yolopy_ws/install/yolopy:/opt/ros/humble PROMPT_COMMAND=echo -n \[$(date +%H:%M:%S)\]\ /home/david/.local/bin/cmake --install /home/david/yolocpp_ws/build/yolo_custom_interfaces
[0.543s] -- Install configuration: ""
[0.543s] -- Up-to-date: /home/david/yolocpp_ws/install/yolo_custom_interfaces/share/ament_index/resource_index/rosidl_interfaces/yolo_custom_interfaces
[0.543s] -- Up-to-date: /home/david/yolocpp_ws/install/yolo_custom_interfaces/include/yolo_custom_interfaces/yolo_custom_interfaces
[0.543s] -- Up-to-date: /home/david/yolocpp_ws/install/yolo_custom_interfaces/include/yolo_custom_interfaces/yolo_custom_interfaces/msg
[0.544s] -- Up-to-date: /home/david/yolocpp_ws/install/yolo_custom_interfaces/include/yolo_custom_interfaces/yolo_custom_interfaces/msg/rosidl_generator_c__visibility_control.h
[0.544s] -- Up-to-date: /home/david/yolocpp_ws/install/yolo_custom_interfaces/include/yolo_custom_interfaces/yolo_custom_interfaces/msg/instance_segmentation_info.h
[0.544s] -- Up-to-date: /home/david/yolocpp_ws/install/yolo_custom_interfaces/include/yolo_custom_interfaces/yolo_custom_interfaces/msg/detail
[0.544s] -- Up-to-date: /home/david/yolocpp_ws/install/yolo_custom_interfaces/include/yolo_custom_interfaces/yolo_custom_interfaces/msg/detail/instance_segmentation_info__functions.h
[0.544s] -- Up-to-date: /home/david/yolocpp_ws/install/yolo_custom_interfaces/include/yolo_custom_interfaces/yolo_custom_interfaces/msg/detail/instance_segmentation_info__struct.h
[0.544s] -- Up-to-date: /home/david/yolocpp_ws/install/yolo_custom_interfaces/include/yolo_custom_interfaces/yolo_custom_interfaces/msg/detail/instance_segmentation_info__functions.c
[0.544s] -- Up-to-date: /home/david/yolocpp_ws/install/yolo_custom_interfaces/include/yolo_custom_interfaces/yolo_custom_interfaces/msg/detail/instance_segmentation_info__type_support.h
[0.545s] -- Up-to-date: /home/david/yolocpp_ws/install/yolo_custom_interfaces/share/yolo_custom_interfaces/environment/library_path.sh
[0.545s] -- Up-to-date: /home/david/yolocpp_ws/install/yolo_custom_interfaces/share/yolo_custom_interfaces/environment/library_path.dsv
[0.545s] -- Up-to-date: /home/david/yolocpp_ws/install/yolo_custom_interfaces/lib/libyolo_custom_interfaces__rosidl_generator_c.so
[0.545s] -- Up-to-date: /home/david/yolocpp_ws/install/yolo_custom_interfaces/include/yolo_custom_interfaces/yolo_custom_interfaces
[0.545s] -- Up-to-date: /home/david/yolocpp_ws/install/yolo_custom_interfaces/include/yolo_custom_interfaces/yolo_custom_interfaces/msg
[0.545s] -- Up-to-date: /home/david/yolocpp_ws/install/yolo_custom_interfaces/include/yolo_custom_interfaces/yolo_custom_interfaces/msg/rosidl_typesupport_fastrtps_c__visibility_control.h
[0.545s] -- Up-to-date: /home/david/yolocpp_ws/install/yolo_custom_interfaces/include/yolo_custom_interfaces/yolo_custom_interfaces/msg/detail
[0.546s] -- Up-to-date: /home/david/yolocpp_ws/install/yolo_custom_interfaces/include/yolo_custom_interfaces/yolo_custom_interfaces/msg/detail/instance_segmentation_info__rosidl_typesupport_fastrtps_c.h
[0.546s] -- Up-to-date: /home/david/yolocpp_ws/install/yolo_custom_interfaces/lib/libyolo_custom_interfaces__rosidl_typesupport_fastrtps_c.so
[0.546s] -- Up-to-date: /home/david/yolocpp_ws/install/yolo_custom_interfaces/include/yolo_custom_interfaces/yolo_custom_interfaces
[0.546s] -- Up-to-date: /home/david/yolocpp_ws/install/yolo_custom_interfaces/include/yolo_custom_interfaces/yolo_custom_interfaces/msg
[0.546s] -- Up-to-date: /home/david/yolocpp_ws/install/yolo_custom_interfaces/include/yolo_custom_interfaces/yolo_custom_interfaces/msg/instance_segmentation_info.hpp
[0.546s] -- Up-to-date: /home/david/yolocpp_ws/install/yolo_custom_interfaces/include/yolo_custom_interfaces/yolo_custom_interfaces/msg/detail
[0.546s] -- Up-to-date: /home/david/yolocpp_ws/install/yolo_custom_interfaces/include/yolo_custom_interfaces/yolo_custom_interfaces/msg/detail/instance_segmentation_info__struct.hpp
[0.546s] -- Up-to-date: /home/david/yolocpp_ws/install/yolo_custom_interfaces/include/yolo_custom_interfaces/yolo_custom_interfaces/msg/detail/instance_segmentation_info__traits.hpp
[0.546s] -- Up-to-date: /home/david/yolocpp_ws/install/yolo_custom_interfaces/include/yolo_custom_interfaces/yolo_custom_interfaces/msg/detail/instance_segmentation_info__type_support.hpp
[0.547s] -- Up-to-date: /home/david/yolocpp_ws/install/yolo_custom_interfaces/include/yolo_custom_interfaces/yolo_custom_interfaces/msg/detail/instance_segmentation_info__builder.hpp
[0.547s] -- Up-to-date: /home/david/yolocpp_ws/install/yolo_custom_interfaces/include/yolo_custom_interfaces/yolo_custom_interfaces/msg/rosidl_generator_cpp__visibility_control.hpp
[0.547s] -- Up-to-date: /home/david/yolocpp_ws/install/yolo_custom_interfaces/include/yolo_custom_interfaces/yolo_custom_interfaces
[0.547s] -- Up-to-date: /home/david/yolocpp_ws/install/yolo_custom_interfaces/include/yolo_custom_interfaces/yolo_custom_interfaces/msg
[0.547s] -- Up-to-date: /home/david/yolocpp_ws/install/yolo_custom_interfaces/include/yolo_custom_interfaces/yolo_custom_interfaces/msg/detail
[0.547s] -- Up-to-date: /home/david/yolocpp_ws/install/yolo_custom_interfaces/include/yolo_custom_interfaces/yolo_custom_interfaces/msg/detail/instance_segmentation_info__rosidl_typesupport_fastrtps_cpp.hpp
[0.547s] -- Up-to-date: /home/david/yolocpp_ws/install/yolo_custom_interfaces/include/yolo_custom_interfaces/yolo_custom_interfaces/msg/detail/dds_fastrtps
[0.547s] -- Up-to-date: /home/david/yolocpp_ws/install/yolo_custom_interfaces/include/yolo_custom_interfaces/yolo_custom_interfaces/msg/rosidl_typesupport_fastrtps_cpp__visibility_control.h
[0.547s] -- Up-to-date: /home/david/yolocpp_ws/install/yolo_custom_interfaces/lib/libyolo_custom_interfaces__rosidl_typesupport_fastrtps_cpp.so
[0.547s] -- Up-to-date: /home/david/yolocpp_ws/install/yolo_custom_interfaces/include/yolo_custom_interfaces/yolo_custom_interfaces
[0.548s] -- Up-to-date: /home/david/yolocpp_ws/install/yolo_custom_interfaces/include/yolo_custom_interfaces/yolo_custom_interfaces/msg
[0.548s] -- Up-to-date: /home/david/yolocpp_ws/install/yolo_custom_interfaces/include/yolo_custom_interfaces/yolo_custom_interfaces/msg/rosidl_typesupport_introspection_c__visibility_control.h
[0.548s] -- Up-to-date: /home/david/yolocpp_ws/install/yolo_custom_interfaces/include/yolo_custom_interfaces/yolo_custom_interfaces/msg/detail
[0.548s] -- Up-to-date: /home/david/yolocpp_ws/install/yolo_custom_interfaces/include/yolo_custom_interfaces/yolo_custom_interfaces/msg/detail/instance_segmentation_info__rosidl_typesupport_introspection_c.h
[0.548s] -- Up-to-date: /home/david/yolocpp_ws/install/yolo_custom_interfaces/include/yolo_custom_interfaces/yolo_custom_interfaces/msg/detail/instance_segmentation_info__type_support.c
[0.548s] -- Up-to-date: /home/david/yolocpp_ws/install/yolo_custom_interfaces/lib/libyolo_custom_interfaces__rosidl_typesupport_introspection_c.so
[0.548s] -- Up-to-date: /home/david/yolocpp_ws/install/yolo_custom_interfaces/lib/libyolo_custom_interfaces__rosidl_typesupport_c.so
[0.548s] -- Up-to-date: /home/david/yolocpp_ws/install/yolo_custom_interfaces/include/yolo_custom_interfaces/yolo_custom_interfaces
[0.548s] -- Up-to-date: /home/david/yolocpp_ws/install/yolo_custom_interfaces/include/yolo_custom_interfaces/yolo_custom_interfaces/msg
[0.548s] -- Up-to-date: /home/david/yolocpp_ws/install/yolo_custom_interfaces/include/yolo_custom_interfaces/yolo_custom_interfaces/msg/detail
[0.549s] -- Up-to-date: /home/david/yolocpp_ws/install/yolo_custom_interfaces/include/yolo_custom_interfaces/yolo_custom_interfaces/msg/detail/instance_segmentation_info__type_support.cpp
[0.549s] -- Up-to-date: /home/david/yolocpp_ws/install/yolo_custom_interfaces/include/yolo_custom_interfaces/yolo_custom_interfaces/msg/detail/instance_segmentation_info__rosidl_typesupport_introspection_cpp.hpp
[0.549s] -- Up-to-date: /home/david/yolocpp_ws/install/yolo_custom_interfaces/lib/libyolo_custom_interfaces__rosidl_typesupport_introspection_cpp.so
[0.549s] -- Up-to-date: /home/david/yolocpp_ws/install/yolo_custom_interfaces/lib/libyolo_custom_interfaces__rosidl_typesupport_cpp.so
[0.549s] -- Up-to-date: /home/david/yolocpp_ws/install/yolo_custom_interfaces/share/yolo_custom_interfaces/environment/pythonpath.sh
[0.549s] -- Up-to-date: /home/david/yolocpp_ws/install/yolo_custom_interfaces/share/yolo_custom_interfaces/environment/pythonpath.dsv
[0.549s] -- Up-to-date: /home/david/yolocpp_ws/install/yolo_custom_interfaces/local/lib/python3.10/dist-packages/yolo_custom_interfaces-0.0.0-py3.10.egg-info
[0.549s] -- Installing: /home/david/yolocpp_ws/install/yolo_custom_interfaces/local/lib/python3.10/dist-packages/yolo_custom_interfaces-0.0.0-py3.10.egg-info/PKG-INFO
[0.550s] -- Installing: /home/david/yolocpp_ws/install/yolo_custom_interfaces/local/lib/python3.10/dist-packages/yolo_custom_interfaces-0.0.0-py3.10.egg-info/SOURCES.txt
[0.550s] -- Installing: /home/david/yolocpp_ws/install/yolo_custom_interfaces/local/lib/python3.10/dist-packages/yolo_custom_interfaces-0.0.0-py3.10.egg-info/dependency_links.txt
[0.550s] -- Installing: /home/david/yolocpp_ws/install/yolo_custom_interfaces/local/lib/python3.10/dist-packages/yolo_custom_interfaces-0.0.0-py3.10.egg-info/top_level.txt
[0.550s] -- Up-to-date: /home/david/yolocpp_ws/install/yolo_custom_interfaces/local/lib/python3.10/dist-packages/yolo_custom_interfaces
[0.550s] -- Up-to-date: /home/david/yolocpp_ws/install/yolo_custom_interfaces/local/lib/python3.10/dist-packages/yolo_custom_interfaces/_yolo_custom_interfaces_s.ep.rosidl_typesupport_fastrtps_c.c
[0.550s] -- Up-to-date: /home/david/yolocpp_ws/install/yolo_custom_interfaces/local/lib/python3.10/dist-packages/yolo_custom_interfaces/_yolo_custom_interfaces_s.ep.rosidl_typesupport_c.c
[0.550s] -- Up-to-date: /home/david/yolocpp_ws/install/yolo_custom_interfaces/local/lib/python3.10/dist-packages/yolo_custom_interfaces/yolo_custom_interfaces_s__rosidl_typesupport_c.cpython-310-x86_64-linux-gnu.so
[0.550s] -- Up-to-date: /home/david/yolocpp_ws/install/yolo_custom_interfaces/local/lib/python3.10/dist-packages/yolo_custom_interfaces/libyolo_custom_interfaces__rosidl_generator_py.so
[0.550s] -- Up-to-date: /home/david/yolocpp_ws/install/yolo_custom_interfaces/local/lib/python3.10/dist-packages/yolo_custom_interfaces/yolo_custom_interfaces_s__rosidl_typesupport_fastrtps_c.cpython-310-x86_64-linux-gnu.so
[0.550s] -- Up-to-date: /home/david/yolocpp_ws/install/yolo_custom_interfaces/local/lib/python3.10/dist-packages/yolo_custom_interfaces/__init__.py
[0.550s] -- Up-to-date: /home/david/yolocpp_ws/install/yolo_custom_interfaces/local/lib/python3.10/dist-packages/yolo_custom_interfaces/msg
[0.550s] -- Up-to-date: /home/david/yolocpp_ws/install/yolo_custom_interfaces/local/lib/python3.10/dist-packages/yolo_custom_interfaces/msg/_instance_segmentation_info.py
[0.550s] -- Up-to-date: /home/david/yolocpp_ws/install/yolo_custom_interfaces/local/lib/python3.10/dist-packages/yolo_custom_interfaces/msg/__init__.py
[0.550s] -- Up-to-date: /home/david/yolocpp_ws/install/yolo_custom_interfaces/local/lib/python3.10/dist-packages/yolo_custom_interfaces/msg/_instance_segmentation_info_s.c
[0.550s] -- Up-to-date: /home/david/yolocpp_ws/install/yolo_custom_interfaces/local/lib/python3.10/dist-packages/yolo_custom_interfaces/yolo_custom_interfaces_s__rosidl_typesupport_introspection_c.cpython-310-x86_64-linux-gnu.so
[0.550s] -- Up-to-date: /home/david/yolocpp_ws/install/yolo_custom_interfaces/local/lib/python3.10/dist-packages/yolo_custom_interfaces/_yolo_custom_interfaces_s.ep.rosidl_typesupport_introspection_c.c
[0.581s] Listing '/home/david/yolocpp_ws/install/yolo_custom_interfaces/local/lib/python3.10/dist-packages/yolo_custom_interfaces'...
[0.582s] Listing '/home/david/yolocpp_ws/install/yolo_custom_interfaces/local/lib/python3.10/dist-packages/yolo_custom_interfaces/msg'...
[0.586s] -- Up-to-date: /home/david/yolocpp_ws/install/yolo_custom_interfaces/local/lib/python3.10/dist-packages/yolo_custom_interfaces/yolo_custom_interfaces_s__rosidl_typesupport_fastrtps_c.cpython-310-x86_64-linux-gnu.so
[0.586s] -- Up-to-date: /home/david/yolocpp_ws/install/yolo_custom_interfaces/local/lib/python3.10/dist-packages/yolo_custom_interfaces/yolo_custom_interfaces_s__rosidl_typesupport_introspection_c.cpython-310-x86_64-linux-gnu.so
[0.587s] -- Up-to-date: /home/david/yolocpp_ws/install/yolo_custom_interfaces/local/lib/python3.10/dist-packages/yolo_custom_interfaces/yolo_custom_interfaces_s__rosidl_typesupport_c.cpython-310-x86_64-linux-gnu.so
[0.587s] -- Up-to-date: /home/david/yolocpp_ws/install/yolo_custom_interfaces/lib/libyolo_custom_interfaces__rosidl_generator_py.so
[0.587s] -- Up-to-date: /home/david/yolocpp_ws/install/yolo_custom_interfaces/share/yolo_custom_interfaces/msg/InstanceSegmentationInfo.idl
[0.587s] -- Up-to-date: /home/david/yolocpp_ws/install/yolo_custom_interfaces/share/yolo_custom_interfaces/msg/InstanceSegmentationInfo.msg
[0.587s] -- Up-to-date: /home/david/yolocpp_ws/install/yolo_custom_interfaces/share/ament_index/resource_index/package_run_dependencies/yolo_custom_interfaces
[0.587s] -- Up-to-date: /home/david/yolocpp_ws/install/yolo_custom_interfaces/share/ament_index/resource_index/parent_prefix_path/yolo_custom_interfaces
[0.587s] -- Up-to-date: /home/david/yolocpp_ws/install/yolo_custom_interfaces/share/yolo_custom_interfaces/environment/ament_prefix_path.sh
[0.588s] -- Up-to-date: /home/david/yolocpp_ws/install/yolo_custom_interfaces/share/yolo_custom_interfaces/environment/ament_prefix_path.dsv
[0.588s] -- Up-to-date: /home/david/yolocpp_ws/install/yolo_custom_interfaces/share/yolo_custom_interfaces/environment/path.sh
[0.588s] -- Up-to-date: /home/david/yolocpp_ws/install/yolo_custom_interfaces/share/yolo_custom_interfaces/environment/path.dsv
[0.588s] -- Up-to-date: /home/david/yolocpp_ws/install/yolo_custom_interfaces/share/yolo_custom_interfaces/local_setup.bash
[0.588s] -- Up-to-date: /home/david/yolocpp_ws/install/yolo_custom_interfaces/share/yolo_custom_interfaces/local_setup.sh
[0.588s] -- Up-to-date: /home/david/yolocpp_ws/install/yolo_custom_interfaces/share/yolo_custom_interfaces/local_setup.zsh
[0.588s] -- Up-to-date: /home/david/yolocpp_ws/install/yolo_custom_interfaces/share/yolo_custom_interfaces/local_setup.dsv
[0.588s] -- Installing: /home/david/yolocpp_ws/install/yolo_custom_interfaces/share/yolo_custom_interfaces/package.dsv
[0.588s] -- Up-to-date: /home/david/yolocpp_ws/install/yolo_custom_interfaces/share/ament_index/resource_index/packages/yolo_custom_interfaces
[0.588s] -- Up-to-date: /home/david/yolocpp_ws/install/yolo_custom_interfaces/share/yolo_custom_interfaces/cmake/export_yolo_custom_interfaces__rosidl_generator_cExport.cmake
[0.588s] -- Up-to-date: /home/david/yolocpp_ws/install/yolo_custom_interfaces/share/yolo_custom_interfaces/cmake/export_yolo_custom_interfaces__rosidl_generator_cExport-noconfig.cmake
[0.588s] -- Up-to-date: /home/david/yolocpp_ws/install/yolo_custom_interfaces/share/yolo_custom_interfaces/cmake/export_yolo_custom_interfaces__rosidl_typesupport_fastrtps_cExport.cmake
[0.588s] -- Up-to-date: /home/david/yolocpp_ws/install/yolo_custom_interfaces/share/yolo_custom_interfaces/cmake/export_yolo_custom_interfaces__rosidl_typesupport_fastrtps_cExport-noconfig.cmake
[0.588s] -- Up-to-date: /home/david/yolocpp_ws/install/yolo_custom_interfaces/share/yolo_custom_interfaces/cmake/export_yolo_custom_interfaces__rosidl_generator_cppExport.cmake
[0.588s] -- Up-to-date: /home/david/yolocpp_ws/install/yolo_custom_interfaces/share/yolo_custom_interfaces/cmake/export_yolo_custom_interfaces__rosidl_typesupport_fastrtps_cppExport.cmake
[0.589s] -- Up-to-date: /home/david/yolocpp_ws/install/yolo_custom_interfaces/share/yolo_custom_interfaces/cmake/export_yolo_custom_interfaces__rosidl_typesupport_fastrtps_cppExport-noconfig.cmake
[0.589s] -- Up-to-date: /home/david/yolocpp_ws/install/yolo_custom_interfaces/share/yolo_custom_interfaces/cmake/yolo_custom_interfaces__rosidl_typesupport_introspection_cExport.cmake
[0.589s] -- Up-to-date: /home/david/yolocpp_ws/install/yolo_custom_interfaces/share/yolo_custom_interfaces/cmake/yolo_custom_interfaces__rosidl_typesupport_introspection_cExport-noconfig.cmake
[0.589s] -- Up-to-date: /home/david/yolocpp_ws/install/yolo_custom_interfaces/share/yolo_custom_interfaces/cmake/yolo_custom_interfaces__rosidl_typesupport_cExport.cmake
[0.589s] -- Up-to-date: /home/david/yolocpp_ws/install/yolo_custom_interfaces/share/yolo_custom_interfaces/cmake/yolo_custom_interfaces__rosidl_typesupport_cExport-noconfig.cmake
[0.589s] -- Up-to-date: /home/david/yolocpp_ws/install/yolo_custom_interfaces/share/yolo_custom_interfaces/cmake/yolo_custom_interfaces__rosidl_typesupport_introspection_cppExport.cmake
[0.589s] -- Up-to-date: /home/david/yolocpp_ws/install/yolo_custom_interfaces/share/yolo_custom_interfaces/cmake/yolo_custom_interfaces__rosidl_typesupport_introspection_cppExport-noconfig.cmake
[0.589s] -- Up-to-date: /home/david/yolocpp_ws/install/yolo_custom_interfaces/share/yolo_custom_interfaces/cmake/yolo_custom_interfaces__rosidl_typesupport_cppExport.cmake
[0.589s] -- Up-to-date: /home/david/yolocpp_ws/install/yolo_custom_interfaces/share/yolo_custom_interfaces/cmake/yolo_custom_interfaces__rosidl_typesupport_cppExport-noconfig.cmake
[0.589s] -- Up-to-date: /home/david/yolocpp_ws/install/yolo_custom_interfaces/share/yolo_custom_interfaces/cmake/export_yolo_custom_interfaces__rosidl_generator_pyExport.cmake
[0.589s] -- Up-to-date: /home/david/yolocpp_ws/install/yolo_custom_interfaces/share/yolo_custom_interfaces/cmake/export_yolo_custom_interfaces__rosidl_generator_pyExport-noconfig.cmake
[0.589s] -- Up-to-date: /home/david/yolocpp_ws/install/yolo_custom_interfaces/share/yolo_custom_interfaces/cmake/rosidl_cmake-extras.cmake
[0.589s] -- Up-to-date: /home/david/yolocpp_ws/install/yolo_custom_interfaces/share/yolo_custom_interfaces/cmake/ament_cmake_export_dependencies-extras.cmake
[0.589s] -- Up-to-date: /home/david/yolocpp_ws/install/yolo_custom_interfaces/share/yolo_custom_interfaces/cmake/ament_cmake_export_include_directories-extras.cmake
[0.589s] -- Up-to-date: /home/david/yolocpp_ws/install/yolo_custom_interfaces/share/yolo_custom_interfaces/cmake/ament_cmake_export_libraries-extras.cmake
[0.589s] -- Up-to-date: /home/david/yolocpp_ws/install/yolo_custom_interfaces/share/yolo_custom_interfaces/cmake/ament_cmake_export_targets-extras.cmake
[0.589s] -- Up-to-date: /home/david/yolocpp_ws/install/yolo_custom_interfaces/share/yolo_custom_interfaces/cmake/rosidl_cmake_export_typesupport_targets-extras.cmake
[0.589s] -- Up-to-date: /home/david/yolocpp_ws/install/yolo_custom_interfaces/share/yolo_custom_interfaces/cmake/rosidl_cmake_export_typesupport_libraries-extras.cmake
[0.590s] -- Up-to-date: /home/david/yolocpp_ws/install/yolo_custom_interfaces/share/yolo_custom_interfaces/cmake/yolo_custom_interfacesConfig.cmake
[0.590s] -- Up-to-date: /home/david/yolocpp_ws/install/yolo_custom_interfaces/share/yolo_custom_interfaces/cmake/yolo_custom_interfacesConfig-version.cmake
[0.590s] -- Up-to-date: /home/david/yolocpp_ws/install/yolo_custom_interfaces/share/yolo_custom_interfaces/package.xml
[0.611s] Invoked command in '/home/david/yolocpp_ws/build/yolo_custom_interfaces' returned '0': CMAKE_PREFIX_PATH=${CMAKE_PREFIX_PATH}:/home/david/yolopy_ws/install/yolopy:/opt/ros/humble PROMPT_COMMAND=echo -n \[$(date +%H:%M:%S)\]\ /home/david/.local/bin/cmake --install /home/david/yolocpp_ws/build/yolo_custom_interfaces
