[0.174s] [34mcolcon[0m [1;30mDEBUG[0m [32mCommand line arguments: ['/usr/bin/colcon', 'build', '--cmake-args', '-DTRT_PATH=/usr', '-DCMAKE_CUDA_ARCHITECTURES=89', '-DCMAKE_CUDA_COMPILER=/usr/local/cuda-12.9/bin/nvcc'][0m
[0.174s] [34mcolcon[0m [1;30mDEBUG[0m [32mParsed command line arguments: Namespace(log_base=None, log_level=None, verb_name='build', build_base='build', install_base='install', merge_install=False, symlink_install=False, test_result_base=None, continue_on_error=False, executor='parallel', parallel_workers=32, event_handlers=None, ignore_user_meta=False, metas=['./colcon.meta'], base_paths=['.'], packages_ignore=None, packages_ignore_regex=None, paths=None, packages_up_to=None, packages_up_to_regex=None, packages_above=None, packages_above_and_dependencies=None, packages_above_depth=None, packages_select_by_dep=None, packages_skip_by_dep=None, packages_skip_up_to=None, packages_select_build_failed=False, packages_skip_build_finished=False, packages_select_test_failures=False, packages_skip_test_passed=False, packages_select=None, packages_skip=None, packages_select_regex=None, packages_skip_regex=None, packages_start=None, packages_end=None, allow_overriding=[], cmake_args=['-DTRT_PATH=/usr', '-DCMAKE_CUDA_ARCHITECTURES=89', '-DCMAKE_CUDA_COMPILER=/usr/local/cuda-12.9/bin/nvcc'], cmake_target=None, cmake_target_skip_unavailable=False, cmake_clean_cache=False, cmake_clean_first=False, cmake_force_configure=False, ament_cmake_args=None, catkin_cmake_args=None, catkin_skip_building_tests=False, verb_parser=<colcon_defaults.argument_parser.defaults.DefaultArgumentsDecorator object at 0x707ef304b100>, verb_extension=<colcon_core.verb.build.BuildVerb object at 0x707ef304a770>, main=<bound method BuildVerb.main of <colcon_core.verb.build.BuildVerb object at 0x707ef304a770>>)[0m
[0.528s] [34mcolcon.colcon_core.package_discovery[0m [1;30mLevel 1[0m discover_packages(colcon_meta) check parameters
[0.528s] [34mcolcon.colcon_core.package_discovery[0m [1;30mLevel 1[0m discover_packages(recursive) check parameters
[0.529s] [34mcolcon.colcon_core.package_discovery[0m [1;30mLevel 1[0m discover_packages(ignore) check parameters
[0.529s] [34mcolcon.colcon_core.package_discovery[0m [1;30mLevel 1[0m discover_packages(path) check parameters
[0.529s] [34mcolcon.colcon_core.package_discovery[0m [1;30mLevel 1[0m discover_packages(colcon_meta) discover
[0.529s] [34mcolcon.colcon_core.package_discovery[0m [1;30mLevel 1[0m discover_packages(recursive) discover
[0.529s] [34mcolcon.colcon_core.package_discovery[0m [1;30mINFO[0m Crawling recursively for packages in '/home/david/yolocpp_ws'
[0.529s] [34mcolcon.colcon_core.package_identification[0m [1;30mLevel 1[0m _identify(.) by extensions ['ignore', 'ignore_ament_install']
[0.529s] [34mcolcon.colcon_core.package_identification[0m [1;30mLevel 1[0m _identify(.) by extension 'ignore'
[0.529s] [34mcolcon.colcon_core.package_identification[0m [1;30mLevel 1[0m _identify(.) by extension 'ignore_ament_install'
[0.529s] [34mcolcon.colcon_core.package_identification[0m [1;30mLevel 1[0m _identify(.) by extensions ['colcon_pkg']
[0.529s] [34mcolcon.colcon_core.package_identification[0m [1;30mLevel 1[0m _identify(.) by extension 'colcon_pkg'
[0.529s] [34mcolcon.colcon_core.package_identification[0m [1;30mLevel 1[0m _identify(.) by extensions ['colcon_meta']
[0.529s] [34mcolcon.colcon_core.package_identification[0m [1;30mLevel 1[0m _identify(.) by extension 'colcon_meta'
[0.529s] [34mcolcon.colcon_core.package_identification[0m [1;30mLevel 1[0m _identify(.) by extensions ['ros']
[0.529s] [34mcolcon.colcon_core.package_identification[0m [1;30mLevel 1[0m _identify(.) by extension 'ros'
[0.568s] [34mcolcon.colcon_core.package_identification[0m [1;30mLevel 1[0m _identify(.) by extensions ['cmake', 'python']
[0.568s] [34mcolcon.colcon_core.package_identification[0m [1;30mLevel 1[0m _identify(.) by extension 'cmake'
[0.568s] [34mcolcon.colcon_core.package_identification[0m [1;30mLevel 1[0m _identify(.) by extension 'python'
[0.568s] [34mcolcon.colcon_core.package_identification[0m [1;30mLevel 1[0m _identify(.) by extensions ['python_setup_py']
[0.568s] [34mcolcon.colcon_core.package_identification[0m [1;30mLevel 1[0m _identify(.) by extension 'python_setup_py'
[0.568s] [34mcolcon.colcon_core.package_identification[0m [1;30mLevel 1[0m _identify(build) by extensions ['ignore', 'ignore_ament_install']
[0.568s] [34mcolcon.colcon_core.package_identification[0m [1;30mLevel 1[0m _identify(build) by extension 'ignore'
[0.568s] [34mcolcon.colcon_core.package_identification[0m [1;30mLevel 1[0m _identify(build) ignored
[0.568s] [34mcolcon.colcon_core.package_identification[0m [1;30mLevel 1[0m _identify(install) by extensions ['ignore', 'ignore_ament_install']
[0.569s] [34mcolcon.colcon_core.package_identification[0m [1;30mLevel 1[0m _identify(install) by extension 'ignore'
[0.569s] [34mcolcon.colcon_core.package_identification[0m [1;30mLevel 1[0m _identify(install) ignored
[0.569s] [34mcolcon.colcon_core.package_identification[0m [1;30mLevel 1[0m _identify(log) by extensions ['ignore', 'ignore_ament_install']
[0.569s] [34mcolcon.colcon_core.package_identification[0m [1;30mLevel 1[0m _identify(log) by extension 'ignore'
[0.569s] [34mcolcon.colcon_core.package_identification[0m [1;30mLevel 1[0m _identify(log) ignored
[0.569s] [34mcolcon.colcon_core.package_identification[0m [1;30mLevel 1[0m _identify(src) by extensions ['ignore', 'ignore_ament_install']
[0.569s] [34mcolcon.colcon_core.package_identification[0m [1;30mLevel 1[0m _identify(src) by extension 'ignore'
[0.569s] [34mcolcon.colcon_core.package_identification[0m [1;30mLevel 1[0m _identify(src) by extension 'ignore_ament_install'
[0.569s] [34mcolcon.colcon_core.package_identification[0m [1;30mLevel 1[0m _identify(src) by extensions ['colcon_pkg']
[0.569s] [34mcolcon.colcon_core.package_identification[0m [1;30mLevel 1[0m _identify(src) by extension 'colcon_pkg'
[0.569s] [34mcolcon.colcon_core.package_identification[0m [1;30mLevel 1[0m _identify(src) by extensions ['colcon_meta']
[0.569s] [34mcolcon.colcon_core.package_identification[0m [1;30mLevel 1[0m _identify(src) by extension 'colcon_meta'
[0.569s] [34mcolcon.colcon_core.package_identification[0m [1;30mLevel 1[0m _identify(src) by extensions ['ros']
[0.569s] [34mcolcon.colcon_core.package_identification[0m [1;30mLevel 1[0m _identify(src) by extension 'ros'
[0.570s] [34mcolcon.colcon_core.package_identification[0m [1;30mLevel 1[0m _identify(src) by extensions ['cmake', 'python']
[0.570s] [34mcolcon.colcon_core.package_identification[0m [1;30mLevel 1[0m _identify(src) by extension 'cmake'
[0.570s] [34mcolcon.colcon_core.package_identification[0m [1;30mLevel 1[0m _identify(src) by extension 'python'
[0.570s] [34mcolcon.colcon_core.package_identification[0m [1;30mLevel 1[0m _identify(src) by extensions ['python_setup_py']
[0.570s] [34mcolcon.colcon_core.package_identification[0m [1;30mLevel 1[0m _identify(src) by extension 'python_setup_py'
[0.570s] [34mcolcon.colcon_core.package_identification[0m [1;30mLevel 1[0m _identify(src/TensorRT-YOLO) by extensions ['ignore', 'ignore_ament_install']
[0.570s] [34mcolcon.colcon_core.package_identification[0m [1;30mLevel 1[0m _identify(src/TensorRT-YOLO) by extension 'ignore'
[0.570s] [34mcolcon.colcon_core.package_identification[0m [1;30mLevel 1[0m _identify(src/TensorRT-YOLO) by extension 'ignore_ament_install'
[0.570s] [34mcolcon.colcon_core.package_identification[0m [1;30mLevel 1[0m _identify(src/TensorRT-YOLO) by extensions ['colcon_pkg']
[0.570s] [34mcolcon.colcon_core.package_identification[0m [1;30mLevel 1[0m _identify(src/TensorRT-YOLO) by extension 'colcon_pkg'
[0.570s] [34mcolcon.colcon_core.package_identification[0m [1;30mLevel 1[0m _identify(src/TensorRT-YOLO) by extensions ['colcon_meta']
[0.570s] [34mcolcon.colcon_core.package_identification[0m [1;30mLevel 1[0m _identify(src/TensorRT-YOLO) by extension 'colcon_meta'
[0.570s] [34mcolcon.colcon_core.package_identification[0m [1;30mLevel 1[0m _identify(src/TensorRT-YOLO) by extensions ['ros']
[0.570s] [34mcolcon.colcon_core.package_identification[0m [1;30mLevel 1[0m _identify(src/TensorRT-YOLO) by extension 'ros'
[0.575s] [34mcolcon.colcon_core.package_identification[0m [1;30mDEBUG[0m [32mPackage 'src/TensorRT-YOLO' with type 'ros.ament_cmake' and name 'tensorrt_yolo'[0m
[0.576s] [34mcolcon.colcon_core.package_identification[0m [1;30mLevel 1[0m _identify(src/bbox_ex_msgs) by extensions ['ignore', 'ignore_ament_install']
[0.576s] [34mcolcon.colcon_core.package_identification[0m [1;30mLevel 1[0m _identify(src/bbox_ex_msgs) by extension 'ignore'
[0.576s] [34mcolcon.colcon_core.package_identification[0m [1;30mLevel 1[0m _identify(src/bbox_ex_msgs) by extension 'ignore_ament_install'
[0.576s] [34mcolcon.colcon_core.package_identification[0m [1;30mLevel 1[0m _identify(src/bbox_ex_msgs) by extensions ['colcon_pkg']
[0.576s] [34mcolcon.colcon_core.package_identification[0m [1;30mLevel 1[0m _identify(src/bbox_ex_msgs) by extension 'colcon_pkg'
[0.577s] [34mcolcon.colcon_core.package_identification[0m [1;30mLevel 1[0m _identify(src/bbox_ex_msgs) by extensions ['colcon_meta']
[0.577s] [34mcolcon.colcon_core.package_identification[0m [1;30mLevel 1[0m _identify(src/bbox_ex_msgs) by extension 'colcon_meta'
[0.577s] [34mcolcon.colcon_core.package_identification[0m [1;30mLevel 1[0m _identify(src/bbox_ex_msgs) by extensions ['ros']
[0.577s] [34mcolcon.colcon_core.package_identification[0m [1;30mLevel 1[0m _identify(src/bbox_ex_msgs) by extension 'ros'
[0.578s] [34mcolcon.colcon_core.package_identification[0m [1;30mDEBUG[0m [32mPackage 'src/bbox_ex_msgs' with type 'ros.ament_cmake' and name 'bboxes_ex_msgs'[0m
[0.578s] [34mcolcon.colcon_core.package_identification[0m [1;30mLevel 1[0m _identify(src/pylon_instant_camera-ros2) by extensions ['ignore', 'ignore_ament_install']
[0.578s] [34mcolcon.colcon_core.package_identification[0m [1;30mLevel 1[0m _identify(src/pylon_instant_camera-ros2) by extension 'ignore'
[0.578s] [34mcolcon.colcon_core.package_identification[0m [1;30mLevel 1[0m _identify(src/pylon_instant_camera-ros2) by extension 'ignore_ament_install'
[0.578s] [34mcolcon.colcon_core.package_identification[0m [1;30mLevel 1[0m _identify(src/pylon_instant_camera-ros2) by extensions ['colcon_pkg']
[0.578s] [34mcolcon.colcon_core.package_identification[0m [1;30mLevel 1[0m _identify(src/pylon_instant_camera-ros2) by extension 'colcon_pkg'
[0.578s] [34mcolcon.colcon_core.package_identification[0m [1;30mLevel 1[0m _identify(src/pylon_instant_camera-ros2) by extensions ['colcon_meta']
[0.578s] [34mcolcon.colcon_core.package_identification[0m [1;30mLevel 1[0m _identify(src/pylon_instant_camera-ros2) by extension 'colcon_meta'
[0.578s] [34mcolcon.colcon_core.package_identification[0m [1;30mLevel 1[0m _identify(src/pylon_instant_camera-ros2) by extensions ['ros']
[0.578s] [34mcolcon.colcon_core.package_identification[0m [1;30mLevel 1[0m _identify(src/pylon_instant_camera-ros2) by extension 'ros'
[0.580s] [34mcolcon.colcon_core.package_identification[0m [1;30mDEBUG[0m [32mPackage 'src/pylon_instant_camera-ros2' with type 'ros.ament_cmake' and name 'pylon_instant_camera'[0m
[0.580s] [34mcolcon.colcon_core.package_identification[0m [1;30mLevel 1[0m _identify(src/yolo_custom_interfaces) by extensions ['ignore', 'ignore_ament_install']
[0.580s] [34mcolcon.colcon_core.package_identification[0m [1;30mLevel 1[0m _identify(src/yolo_custom_interfaces) by extension 'ignore'
[0.580s] [34mcolcon.colcon_core.package_identification[0m [1;30mLevel 1[0m _identify(src/yolo_custom_interfaces) by extension 'ignore_ament_install'
[0.580s] [34mcolcon.colcon_core.package_identification[0m [1;30mLevel 1[0m _identify(src/yolo_custom_interfaces) by extensions ['colcon_pkg']
[0.580s] [34mcolcon.colcon_core.package_identification[0m [1;30mLevel 1[0m _identify(src/yolo_custom_interfaces) by extension 'colcon_pkg'
[0.580s] [34mcolcon.colcon_core.package_identification[0m [1;30mLevel 1[0m _identify(src/yolo_custom_interfaces) by extensions ['colcon_meta']
[0.580s] [34mcolcon.colcon_core.package_identification[0m [1;30mLevel 1[0m _identify(src/yolo_custom_interfaces) by extension 'colcon_meta'
[0.580s] [34mcolcon.colcon_core.package_identification[0m [1;30mLevel 1[0m _identify(src/yolo_custom_interfaces) by extensions ['ros']
[0.580s] [34mcolcon.colcon_core.package_identification[0m [1;30mLevel 1[0m _identify(src/yolo_custom_interfaces) by extension 'ros'
[0.581s] [34mcolcon.colcon_core.package_identification[0m [1;30mDEBUG[0m [32mPackage 'src/yolo_custom_interfaces' with type 'ros.ament_cmake' and name 'yolo_custom_interfaces'[0m
[0.582s] [34mcolcon.colcon_core.package_identification[0m [1;30mLevel 1[0m _identify(src/yolocpp) by extensions ['ignore', 'ignore_ament_install']
[0.582s] [34mcolcon.colcon_core.package_identification[0m [1;30mLevel 1[0m _identify(src/yolocpp) by extension 'ignore'
[0.582s] [34mcolcon.colcon_core.package_identification[0m [1;30mLevel 1[0m _identify(src/yolocpp) by extension 'ignore_ament_install'
[0.582s] [34mcolcon.colcon_core.package_identification[0m [1;30mLevel 1[0m _identify(src/yolocpp) by extensions ['colcon_pkg']
[0.582s] [34mcolcon.colcon_core.package_identification[0m [1;30mLevel 1[0m _identify(src/yolocpp) by extension 'colcon_pkg'
[0.582s] [34mcolcon.colcon_core.package_identification[0m [1;30mLevel 1[0m _identify(src/yolocpp) by extensions ['colcon_meta']
[0.582s] [34mcolcon.colcon_core.package_identification[0m [1;30mLevel 1[0m _identify(src/yolocpp) by extension 'colcon_meta'
[0.583s] [34mcolcon.colcon_core.package_identification[0m [1;30mLevel 1[0m _identify(src/yolocpp) by extensions ['ros']
[0.583s] [34mcolcon.colcon_core.package_identification[0m [1;30mLevel 1[0m _identify(src/yolocpp) by extension 'ros'
[0.584s] [34mcolcon.colcon_core.package_identification[0m [1;30mDEBUG[0m [32mPackage 'src/yolocpp' with type 'ros.ament_cmake' and name 'yolocpp'[0m
[0.585s] [34mcolcon.colcon_core.package_identification[0m [1;30mLevel 1[0m _identify(src/zoe_bringup-main) by extensions ['ignore', 'ignore_ament_install']
[0.585s] [34mcolcon.colcon_core.package_identification[0m [1;30mLevel 1[0m _identify(src/zoe_bringup-main) by extension 'ignore'
[0.585s] [34mcolcon.colcon_core.package_identification[0m [1;30mLevel 1[0m _identify(src/zoe_bringup-main) by extension 'ignore_ament_install'
[0.585s] [34mcolcon.colcon_core.package_identification[0m [1;30mLevel 1[0m _identify(src/zoe_bringup-main) by extensions ['colcon_pkg']
[0.585s] [34mcolcon.colcon_core.package_identification[0m [1;30mLevel 1[0m _identify(src/zoe_bringup-main) by extension 'colcon_pkg'
[0.585s] [34mcolcon.colcon_core.package_identification[0m [1;30mLevel 1[0m _identify(src/zoe_bringup-main) by extensions ['colcon_meta']
[0.585s] [34mcolcon.colcon_core.package_identification[0m [1;30mLevel 1[0m _identify(src/zoe_bringup-main) by extension 'colcon_meta'
[0.585s] [34mcolcon.colcon_core.package_identification[0m [1;30mLevel 1[0m _identify(src/zoe_bringup-main) by extensions ['ros']
[0.585s] [34mcolcon.colcon_core.package_identification[0m [1;30mLevel 1[0m _identify(src/zoe_bringup-main) by extension 'ros'
[0.586s] [34mcolcon.colcon_core.package_identification[0m [1;30mDEBUG[0m [32mPackage 'src/zoe_bringup-main' with type 'ros.ament_cmake' and name 'zoe_bringup'[0m
[0.586s] [34mcolcon.colcon_core.package_discovery[0m [1;30mLevel 1[0m discover_packages(recursive) using defaults
[0.586s] [34mcolcon.colcon_core.package_discovery[0m [1;30mLevel 1[0m discover_packages(ignore) discover
[0.586s] [34mcolcon.colcon_core.package_discovery[0m [1;30mLevel 1[0m discover_packages(ignore) using defaults
[0.586s] [34mcolcon.colcon_core.package_discovery[0m [1;30mLevel 1[0m discover_packages(path) discover
[0.586s] [34mcolcon.colcon_core.package_discovery[0m [1;30mLevel 1[0m discover_packages(path) using defaults
[0.620s] [34mcolcon.colcon_core.package_discovery[0m [1;30mLevel 1[0m discover_packages(prefix_path) check parameters
[0.621s] [34mcolcon.colcon_core.package_discovery[0m [1;30mLevel 1[0m discover_packages(prefix_path) discover
[0.624s] [34mcolcon.colcon_installed_package_information.package_discovery[0m [1;30mDEBUG[0m [32mFound 6 installed packages in /home/david/yolocpp_ws/install[0m
[0.626s] [34mcolcon.colcon_installed_package_information.package_discovery[0m [1;30mDEBUG[0m [32mFound 2 installed packages in /home/david/yolopy_ws/install[0m
[0.628s] [34mcolcon.colcon_installed_package_information.package_discovery[0m [1;30mDEBUG[0m [32mFound 311 installed packages in /opt/ros/humble[0m
[0.631s] [34mcolcon.colcon_core.package_discovery[0m [1;30mLevel 1[0m discover_packages(prefix_path) using defaults
[0.697s] [34mcolcon.colcon_core.verb[0m [1;30mLevel 5[0m set package 'bboxes_ex_msgs' build argument 'cmake_args' from command line to '['-DTRT_PATH=/usr', '-DCMAKE_CUDA_ARCHITECTURES=89', '-DCMAKE_CUDA_COMPILER=/usr/local/cuda-12.9/bin/nvcc']'
[0.697s] [34mcolcon.colcon_core.verb[0m [1;30mLevel 5[0m set package 'bboxes_ex_msgs' build argument 'cmake_target' from command line to 'None'
[0.697s] [34mcolcon.colcon_core.verb[0m [1;30mLevel 5[0m set package 'bboxes_ex_msgs' build argument 'cmake_target_skip_unavailable' from command line to 'False'
[0.697s] [34mcolcon.colcon_core.verb[0m [1;30mLevel 5[0m set package 'bboxes_ex_msgs' build argument 'cmake_clean_cache' from command line to 'False'
[0.697s] [34mcolcon.colcon_core.verb[0m [1;30mLevel 5[0m set package 'bboxes_ex_msgs' build argument 'cmake_clean_first' from command line to 'False'
[0.697s] [34mcolcon.colcon_core.verb[0m [1;30mLevel 5[0m set package 'bboxes_ex_msgs' build argument 'cmake_force_configure' from command line to 'False'
[0.697s] [34mcolcon.colcon_core.verb[0m [1;30mLevel 5[0m set package 'bboxes_ex_msgs' build argument 'ament_cmake_args' from command line to 'None'
[0.697s] [34mcolcon.colcon_core.verb[0m [1;30mLevel 5[0m set package 'bboxes_ex_msgs' build argument 'catkin_cmake_args' from command line to 'None'
[0.697s] [34mcolcon.colcon_core.verb[0m [1;30mLevel 5[0m set package 'bboxes_ex_msgs' build argument 'catkin_skip_building_tests' from command line to 'False'
[0.698s] [34mcolcon.colcon_core.verb[0m [1;30mDEBUG[0m [32mBuilding package 'bboxes_ex_msgs' with the following arguments: {'ament_cmake_args': None, 'build_base': '/home/david/yolocpp_ws/build/bboxes_ex_msgs', 'catkin_cmake_args': None, 'catkin_skip_building_tests': False, 'cmake_args': ['-DTRT_PATH=/usr', '-DCMAKE_CUDA_ARCHITECTURES=89', '-DCMAKE_CUDA_COMPILER=/usr/local/cuda-12.9/bin/nvcc'], 'cmake_clean_cache': False, 'cmake_clean_first': False, 'cmake_force_configure': False, 'cmake_target': None, 'cmake_target_skip_unavailable': False, 'install_base': '/home/david/yolocpp_ws/install/bboxes_ex_msgs', 'merge_install': False, 'path': '/home/david/yolocpp_ws/src/bbox_ex_msgs', 'symlink_install': False, 'test_result_base': None}[0m
[0.698s] [34mcolcon.colcon_core.verb[0m [1;30mLevel 5[0m set package 'pylon_instant_camera' build argument 'cmake_args' from command line to '['-DTRT_PATH=/usr', '-DCMAKE_CUDA_ARCHITECTURES=89', '-DCMAKE_CUDA_COMPILER=/usr/local/cuda-12.9/bin/nvcc']'
[0.698s] [34mcolcon.colcon_core.verb[0m [1;30mLevel 5[0m set package 'pylon_instant_camera' build argument 'cmake_target' from command line to 'None'
[0.698s] [34mcolcon.colcon_core.verb[0m [1;30mLevel 5[0m set package 'pylon_instant_camera' build argument 'cmake_target_skip_unavailable' from command line to 'False'
[0.698s] [34mcolcon.colcon_core.verb[0m [1;30mLevel 5[0m set package 'pylon_instant_camera' build argument 'cmake_clean_cache' from command line to 'False'
[0.698s] [34mcolcon.colcon_core.verb[0m [1;30mLevel 5[0m set package 'pylon_instant_camera' build argument 'cmake_clean_first' from command line to 'False'
[0.698s] [34mcolcon.colcon_core.verb[0m [1;30mLevel 5[0m set package 'pylon_instant_camera' build argument 'cmake_force_configure' from command line to 'False'
[0.699s] [34mcolcon.colcon_core.verb[0m [1;30mLevel 5[0m set package 'pylon_instant_camera' build argument 'ament_cmake_args' from command line to 'None'
[0.699s] [34mcolcon.colcon_core.verb[0m [1;30mLevel 5[0m set package 'pylon_instant_camera' build argument 'catkin_cmake_args' from command line to 'None'
[0.699s] [34mcolcon.colcon_core.verb[0m [1;30mLevel 5[0m set package 'pylon_instant_camera' build argument 'catkin_skip_building_tests' from command line to 'False'
[0.699s] [34mcolcon.colcon_core.verb[0m [1;30mDEBUG[0m [32mBuilding package 'pylon_instant_camera' with the following arguments: {'ament_cmake_args': None, 'build_base': '/home/david/yolocpp_ws/build/pylon_instant_camera', 'catkin_cmake_args': None, 'catkin_skip_building_tests': False, 'cmake_args': ['-DTRT_PATH=/usr', '-DCMAKE_CUDA_ARCHITECTURES=89', '-DCMAKE_CUDA_COMPILER=/usr/local/cuda-12.9/bin/nvcc'], 'cmake_clean_cache': False, 'cmake_clean_first': False, 'cmake_force_configure': False, 'cmake_target': None, 'cmake_target_skip_unavailable': False, 'install_base': '/home/david/yolocpp_ws/install/pylon_instant_camera', 'merge_install': False, 'path': '/home/david/yolocpp_ws/src/pylon_instant_camera-ros2', 'symlink_install': False, 'test_result_base': None}[0m
[0.699s] [34mcolcon.colcon_core.verb[0m [1;30mLevel 5[0m set package 'yolo_custom_interfaces' build argument 'cmake_args' from command line to '['-DTRT_PATH=/usr', '-DCMAKE_CUDA_ARCHITECTURES=89', '-DCMAKE_CUDA_COMPILER=/usr/local/cuda-12.9/bin/nvcc']'
[0.699s] [34mcolcon.colcon_core.verb[0m [1;30mLevel 5[0m set package 'yolo_custom_interfaces' build argument 'cmake_target' from command line to 'None'
[0.699s] [34mcolcon.colcon_core.verb[0m [1;30mLevel 5[0m set package 'yolo_custom_interfaces' build argument 'cmake_target_skip_unavailable' from command line to 'False'
[0.699s] [34mcolcon.colcon_core.verb[0m [1;30mLevel 5[0m set package 'yolo_custom_interfaces' build argument 'cmake_clean_cache' from command line to 'False'
[0.699s] [34mcolcon.colcon_core.verb[0m [1;30mLevel 5[0m set package 'yolo_custom_interfaces' build argument 'cmake_clean_first' from command line to 'False'
[0.699s] [34mcolcon.colcon_core.verb[0m [1;30mLevel 5[0m set package 'yolo_custom_interfaces' build argument 'cmake_force_configure' from command line to 'False'
[0.700s] [34mcolcon.colcon_core.verb[0m [1;30mLevel 5[0m set package 'yolo_custom_interfaces' build argument 'ament_cmake_args' from command line to 'None'
[0.700s] [34mcolcon.colcon_core.verb[0m [1;30mLevel 5[0m set package 'yolo_custom_interfaces' build argument 'catkin_cmake_args' from command line to 'None'
[0.700s] [34mcolcon.colcon_core.verb[0m [1;30mLevel 5[0m set package 'yolo_custom_interfaces' build argument 'catkin_skip_building_tests' from command line to 'False'
[0.700s] [34mcolcon.colcon_core.verb[0m [1;30mDEBUG[0m [32mBuilding package 'yolo_custom_interfaces' with the following arguments: {'ament_cmake_args': None, 'build_base': '/home/david/yolocpp_ws/build/yolo_custom_interfaces', 'catkin_cmake_args': None, 'catkin_skip_building_tests': False, 'cmake_args': ['-DTRT_PATH=/usr', '-DCMAKE_CUDA_ARCHITECTURES=89', '-DCMAKE_CUDA_COMPILER=/usr/local/cuda-12.9/bin/nvcc'], 'cmake_clean_cache': False, 'cmake_clean_first': False, 'cmake_force_configure': False, 'cmake_target': None, 'cmake_target_skip_unavailable': False, 'install_base': '/home/david/yolocpp_ws/install/yolo_custom_interfaces', 'merge_install': False, 'path': '/home/david/yolocpp_ws/src/yolo_custom_interfaces', 'symlink_install': False, 'test_result_base': None}[0m
[0.700s] [34mcolcon.colcon_core.verb[0m [1;30mLevel 5[0m set package 'zoe_bringup' build argument 'cmake_args' from command line to '['-DTRT_PATH=/usr', '-DCMAKE_CUDA_ARCHITECTURES=89', '-DCMAKE_CUDA_COMPILER=/usr/local/cuda-12.9/bin/nvcc']'
[0.700s] [34mcolcon.colcon_core.verb[0m [1;30mLevel 5[0m set package 'zoe_bringup' build argument 'cmake_target' from command line to 'None'
[0.700s] [34mcolcon.colcon_core.verb[0m [1;30mLevel 5[0m set package 'zoe_bringup' build argument 'cmake_target_skip_unavailable' from command line to 'False'
[0.700s] [34mcolcon.colcon_core.verb[0m [1;30mLevel 5[0m set package 'zoe_bringup' build argument 'cmake_clean_cache' from command line to 'False'
[0.700s] [34mcolcon.colcon_core.verb[0m [1;30mLevel 5[0m set package 'zoe_bringup' build argument 'cmake_clean_first' from command line to 'False'
[0.700s] [34mcolcon.colcon_core.verb[0m [1;30mLevel 5[0m set package 'zoe_bringup' build argument 'cmake_force_configure' from command line to 'False'
[0.700s] [34mcolcon.colcon_core.verb[0m [1;30mLevel 5[0m set package 'zoe_bringup' build argument 'ament_cmake_args' from command line to 'None'
[0.700s] [34mcolcon.colcon_core.verb[0m [1;30mLevel 5[0m set package 'zoe_bringup' build argument 'catkin_cmake_args' from command line to 'None'
[0.700s] [34mcolcon.colcon_core.verb[0m [1;30mLevel 5[0m set package 'zoe_bringup' build argument 'catkin_skip_building_tests' from command line to 'False'
[0.701s] [34mcolcon.colcon_core.verb[0m [1;30mDEBUG[0m [32mBuilding package 'zoe_bringup' with the following arguments: {'ament_cmake_args': None, 'build_base': '/home/david/yolocpp_ws/build/zoe_bringup', 'catkin_cmake_args': None, 'catkin_skip_building_tests': False, 'cmake_args': ['-DTRT_PATH=/usr', '-DCMAKE_CUDA_ARCHITECTURES=89', '-DCMAKE_CUDA_COMPILER=/usr/local/cuda-12.9/bin/nvcc'], 'cmake_clean_cache': False, 'cmake_clean_first': False, 'cmake_force_configure': False, 'cmake_target': None, 'cmake_target_skip_unavailable': False, 'install_base': '/home/david/yolocpp_ws/install/zoe_bringup', 'merge_install': False, 'path': '/home/david/yolocpp_ws/src/zoe_bringup-main', 'symlink_install': False, 'test_result_base': None}[0m
[0.701s] [34mcolcon.colcon_core.verb[0m [1;30mLevel 5[0m set package 'tensorrt_yolo' build argument 'cmake_args' from command line to '['-DTRT_PATH=/usr', '-DCMAKE_CUDA_ARCHITECTURES=89', '-DCMAKE_CUDA_COMPILER=/usr/local/cuda-12.9/bin/nvcc']'
[0.701s] [34mcolcon.colcon_core.verb[0m [1;30mLevel 5[0m set package 'tensorrt_yolo' build argument 'cmake_target' from command line to 'None'
[0.701s] [34mcolcon.colcon_core.verb[0m [1;30mLevel 5[0m set package 'tensorrt_yolo' build argument 'cmake_target_skip_unavailable' from command line to 'False'
[0.701s] [34mcolcon.colcon_core.verb[0m [1;30mLevel 5[0m set package 'tensorrt_yolo' build argument 'cmake_clean_cache' from command line to 'False'
[0.701s] [34mcolcon.colcon_core.verb[0m [1;30mLevel 5[0m set package 'tensorrt_yolo' build argument 'cmake_clean_first' from command line to 'False'
[0.701s] [34mcolcon.colcon_core.verb[0m [1;30mLevel 5[0m set package 'tensorrt_yolo' build argument 'cmake_force_configure' from command line to 'False'
[0.701s] [34mcolcon.colcon_core.verb[0m [1;30mLevel 5[0m set package 'tensorrt_yolo' build argument 'ament_cmake_args' from command line to 'None'
[0.701s] [34mcolcon.colcon_core.verb[0m [1;30mLevel 5[0m set package 'tensorrt_yolo' build argument 'catkin_cmake_args' from command line to 'None'
[0.701s] [34mcolcon.colcon_core.verb[0m [1;30mLevel 5[0m set package 'tensorrt_yolo' build argument 'catkin_skip_building_tests' from command line to 'False'
[0.701s] [34mcolcon.colcon_core.verb[0m [1;30mDEBUG[0m [32mBuilding package 'tensorrt_yolo' with the following arguments: {'ament_cmake_args': None, 'build_base': '/home/david/yolocpp_ws/build/tensorrt_yolo', 'catkin_cmake_args': None, 'catkin_skip_building_tests': False, 'cmake_args': ['-DTRT_PATH=/usr', '-DCMAKE_CUDA_ARCHITECTURES=89', '-DCMAKE_CUDA_COMPILER=/usr/local/cuda-12.9/bin/nvcc'], 'cmake_clean_cache': False, 'cmake_clean_first': False, 'cmake_force_configure': False, 'cmake_target': None, 'cmake_target_skip_unavailable': False, 'install_base': '/home/david/yolocpp_ws/install/tensorrt_yolo', 'merge_install': False, 'path': '/home/david/yolocpp_ws/src/TensorRT-YOLO', 'symlink_install': False, 'test_result_base': None}[0m
[0.702s] [34mcolcon.colcon_core.verb[0m [1;30mLevel 5[0m set package 'yolocpp' build argument 'cmake_args' from command line to '['-DTRT_PATH=/usr', '-DCMAKE_CUDA_ARCHITECTURES=89', '-DCMAKE_CUDA_COMPILER=/usr/local/cuda-12.9/bin/nvcc']'
[0.702s] [34mcolcon.colcon_core.verb[0m [1;30mLevel 5[0m set package 'yolocpp' build argument 'cmake_target' from command line to 'None'
[0.702s] [34mcolcon.colcon_core.verb[0m [1;30mLevel 5[0m set package 'yolocpp' build argument 'cmake_target_skip_unavailable' from command line to 'False'
[0.702s] [34mcolcon.colcon_core.verb[0m [1;30mLevel 5[0m set package 'yolocpp' build argument 'cmake_clean_cache' from command line to 'False'
[0.702s] [34mcolcon.colcon_core.verb[0m [1;30mLevel 5[0m set package 'yolocpp' build argument 'cmake_clean_first' from command line to 'False'
[0.702s] [34mcolcon.colcon_core.verb[0m [1;30mLevel 5[0m set package 'yolocpp' build argument 'cmake_force_configure' from command line to 'False'
[0.702s] [34mcolcon.colcon_core.verb[0m [1;30mLevel 5[0m set package 'yolocpp' build argument 'ament_cmake_args' from command line to 'None'
[0.702s] [34mcolcon.colcon_core.verb[0m [1;30mLevel 5[0m set package 'yolocpp' build argument 'catkin_cmake_args' from command line to 'None'
[0.702s] [34mcolcon.colcon_core.verb[0m [1;30mLevel 5[0m set package 'yolocpp' build argument 'catkin_skip_building_tests' from command line to 'False'
[0.702s] [34mcolcon.colcon_core.verb[0m [1;30mDEBUG[0m [32mBuilding package 'yolocpp' with the following arguments: {'ament_cmake_args': None, 'build_base': '/home/david/yolocpp_ws/build/yolocpp', 'catkin_cmake_args': None, 'catkin_skip_building_tests': False, 'cmake_args': ['-DTRT_PATH=/usr', '-DCMAKE_CUDA_ARCHITECTURES=89', '-DCMAKE_CUDA_COMPILER=/usr/local/cuda-12.9/bin/nvcc'], 'cmake_clean_cache': False, 'cmake_clean_first': False, 'cmake_force_configure': False, 'cmake_target': None, 'cmake_target_skip_unavailable': False, 'install_base': '/home/david/yolocpp_ws/install/yolocpp', 'merge_install': False, 'path': '/home/david/yolocpp_ws/src/yolocpp', 'symlink_install': False, 'test_result_base': None}[0m
[0.703s] [34mcolcon.colcon_core.executor[0m [1;30mINFO[0m Executing jobs using 'parallel' executor
[0.704s] [34mcolcon.colcon_parallel_executor.executor.parallel[0m [1;30mDEBUG[0m [32mrun_until_complete[0m
[0.705s] [34mcolcon.colcon_ros.task.ament_cmake.build[0m [1;30mINFO[0m Building ROS package in '/home/david/yolocpp_ws/src/bbox_ex_msgs' with build type 'ament_cmake'
[0.705s] [34mcolcon.colcon_cmake.task.cmake.build[0m [1;30mINFO[0m Building CMake package in '/home/david/yolocpp_ws/src/bbox_ex_msgs'
[0.709s] [34mcolcon.colcon_core.plugin_system[0m [1;30mINFO[0m Skipping extension 'colcon_core.shell.bat': Not used on non-Windows systems
[0.709s] [34mcolcon.colcon_core.shell[0m [1;30mINFO[0m Skip shell extension 'powershell' for command environment: Not usable outside of PowerShell
[0.709s] [34mcolcon.colcon_core.shell[0m [1;30mDEBUG[0m [32mSkip shell extension 'dsv' for command environment[0m
[0.718s] [34mcolcon.colcon_ros.task.ament_cmake.build[0m [1;30mINFO[0m Building ROS package in '/home/david/yolocpp_ws/src/yolo_custom_interfaces' with build type 'ament_cmake'
[0.718s] [34mcolcon.colcon_cmake.task.cmake.build[0m [1;30mINFO[0m Building CMake package in '/home/david/yolocpp_ws/src/yolo_custom_interfaces'
[0.718s] [34mcolcon.colcon_core.shell[0m [1;30mINFO[0m Skip shell extension 'powershell' for command environment: Not usable outside of PowerShell
[0.718s] [34mcolcon.colcon_core.shell[0m [1;30mDEBUG[0m [32mSkip shell extension 'dsv' for command environment[0m
[0.724s] [34mcolcon.colcon_ros.task.ament_cmake.build[0m [1;30mINFO[0m Building ROS package in '/home/david/yolocpp_ws/src/pylon_instant_camera-ros2' with build type 'ament_cmake'
[0.725s] [34mcolcon.colcon_cmake.task.cmake.build[0m [1;30mINFO[0m Building CMake package in '/home/david/yolocpp_ws/src/pylon_instant_camera-ros2'
[0.725s] [34mcolcon.colcon_core.shell[0m [1;30mINFO[0m Skip shell extension 'powershell' for command environment: Not usable outside of PowerShell
[0.725s] [34mcolcon.colcon_core.shell[0m [1;30mDEBUG[0m [32mSkip shell extension 'dsv' for command environment[0m
[0.732s] [34mcolcon.colcon_ros.task.ament_cmake.build[0m [1;30mINFO[0m Building ROS package in '/home/david/yolocpp_ws/src/zoe_bringup-main' with build type 'ament_cmake'
[0.733s] [34mcolcon.colcon_cmake.task.cmake.build[0m [1;30mINFO[0m Building CMake package in '/home/david/yolocpp_ws/src/zoe_bringup-main'
[0.733s] [34mcolcon.colcon_core.shell[0m [1;30mINFO[0m Skip shell extension 'powershell' for command environment: Not usable outside of PowerShell
[0.733s] [34mcolcon.colcon_core.shell[0m [1;30mDEBUG[0m [32mSkip shell extension 'dsv' for command environment[0m
[0.754s] [34mcolcon.colcon_core.event_handler.log_command[0m [1;30mDEBUG[0m [32mInvoking command in '/home/david/yolocpp_ws/build/bboxes_ex_msgs': CMAKE_PREFIX_PATH=${CMAKE_PREFIX_PATH}:/home/david/yolopy_ws/install/yolopy:/opt/ros/humble PROMPT_COMMAND=echo -n \[$(date +%H:%M:%S)\]\ /home/david/.local/bin/cmake --build /home/david/yolocpp_ws/build/bboxes_ex_msgs -- -j32 -l32[0m
[0.763s] [34mcolcon.colcon_core.event_handler.log_command[0m [1;30mDEBUG[0m [32mInvoking command in '/home/david/yolocpp_ws/build/yolo_custom_interfaces': CMAKE_PREFIX_PATH=${CMAKE_PREFIX_PATH}:/home/david/yolopy_ws/install/yolopy:/opt/ros/humble PROMPT_COMMAND=echo -n \[$(date +%H:%M:%S)\]\ /home/david/.local/bin/cmake --build /home/david/yolocpp_ws/build/yolo_custom_interfaces -- -j32 -l32[0m
[0.772s] [34mcolcon.colcon_core.event_handler.log_command[0m [1;30mDEBUG[0m [32mInvoking command in '/home/david/yolocpp_ws/build/pylon_instant_camera': CMAKE_PREFIX_PATH=${CMAKE_PREFIX_PATH}:/home/david/yolopy_ws/install/yolopy:/opt/ros/humble PROMPT_COMMAND=echo -n \[$(date +%H:%M:%S)\]\ /home/david/.local/bin/cmake --build /home/david/yolocpp_ws/build/pylon_instant_camera -- -j32 -l32[0m
[0.787s] [34mcolcon.colcon_core.event_handler.log_command[0m [1;30mDEBUG[0m [32mInvoking command in '/home/david/yolocpp_ws/build/zoe_bringup': CMAKE_PREFIX_PATH=${CMAKE_PREFIX_PATH}:/home/david/yolopy_ws/install/yolopy:/opt/ros/humble PROMPT_COMMAND=echo -n \[$(date +%H:%M:%S)\]\ /home/david/.local/bin/cmake --build /home/david/yolocpp_ws/build/zoe_bringup -- -j32 -l32[0m
[0.923s] [34mcolcon.colcon_core.event_handler.log_command[0m [1;30mDEBUG[0m [32mInvoked command in '/home/david/yolocpp_ws/build/zoe_bringup' returned '0': CMAKE_PREFIX_PATH=${CMAKE_PREFIX_PATH}:/home/david/yolopy_ws/install/yolopy:/opt/ros/humble PROMPT_COMMAND=echo -n \[$(date +%H:%M:%S)\]\ /home/david/.local/bin/cmake --build /home/david/yolocpp_ws/build/zoe_bringup -- -j32 -l32[0m
[1.041s] [34mcolcon.colcon_core.event_handler.log_command[0m [1;30mDEBUG[0m [32mInvoking command in '/home/david/yolocpp_ws/build/zoe_bringup': CMAKE_PREFIX_PATH=${CMAKE_PREFIX_PATH}:/home/david/yolopy_ws/install/yolopy:/opt/ros/humble PROMPT_COMMAND=echo -n \[$(date +%H:%M:%S)\]\ /home/david/.local/bin/cmake --install /home/david/yolocpp_ws/build/zoe_bringup[0m
[1.047s] [34mcolcon.colcon_core.event_handler.log_command[0m [1;30mDEBUG[0m [32mInvoked command in '/home/david/yolocpp_ws/build/pylon_instant_camera' returned '0': CMAKE_PREFIX_PATH=${CMAKE_PREFIX_PATH}:/home/david/yolopy_ws/install/yolopy:/opt/ros/humble PROMPT_COMMAND=echo -n \[$(date +%H:%M:%S)\]\ /home/david/.local/bin/cmake --build /home/david/yolocpp_ws/build/pylon_instant_camera -- -j32 -l32[0m
[1.054s] [34mcolcon.colcon_core.event_handler.log_command[0m [1;30mDEBUG[0m [32mInvoking command in '/home/david/yolocpp_ws/build/pylon_instant_camera': CMAKE_PREFIX_PATH=${CMAKE_PREFIX_PATH}:/home/david/yolopy_ws/install/yolopy:/opt/ros/humble PROMPT_COMMAND=echo -n \[$(date +%H:%M:%S)\]\ /home/david/.local/bin/cmake --install /home/david/yolocpp_ws/build/pylon_instant_camera[0m
[1.136s] [34mcolcon.colcon_core.environment[0m [1;30mLevel 1[0m create_environment_scripts_only(zoe_bringup)
[1.141s] [34mcolcon.colcon_core.event_handler.log_command[0m [1;30mDEBUG[0m [32mInvoked command in '/home/david/yolocpp_ws/build/zoe_bringup' returned '0': CMAKE_PREFIX_PATH=${CMAKE_PREFIX_PATH}:/home/david/yolopy_ws/install/yolopy:/opt/ros/humble PROMPT_COMMAND=echo -n \[$(date +%H:%M:%S)\]\ /home/david/.local/bin/cmake --install /home/david/yolocpp_ws/build/zoe_bringup[0m
[1.148s] [34mcolcon.colcon_core.environment[0m [1;30mLevel 1[0m checking '/home/david/yolocpp_ws/install/zoe_bringup' for CMake module files
[1.149s] [34mcolcon.colcon_core.environment[0m [1;30mLevel 1[0m checking '/home/david/yolocpp_ws/install/zoe_bringup' for CMake config files
[1.149s] [34mcolcon.colcon_core.shell[0m [1;30mLevel 1[0m create_environment_hook('zoe_bringup', 'cmake_prefix_path')
[1.149s] [34mcolcon.colcon_core.shell[0m [1;30mINFO[0m Creating environment hook '/home/david/yolocpp_ws/install/zoe_bringup/share/zoe_bringup/hook/cmake_prefix_path.ps1'
[1.152s] [34mcolcon.colcon_core.shell[0m [1;30mINFO[0m Creating environment descriptor '/home/david/yolocpp_ws/install/zoe_bringup/share/zoe_bringup/hook/cmake_prefix_path.dsv'
[1.153s] [34mcolcon.colcon_core.shell[0m [1;30mINFO[0m Creating environment hook '/home/david/yolocpp_ws/install/zoe_bringup/share/zoe_bringup/hook/cmake_prefix_path.sh'
[1.155s] [34mcolcon.colcon_core.environment[0m [1;30mLevel 1[0m checking '/home/david/yolocpp_ws/install/zoe_bringup/bin'
[1.155s] [34mcolcon.colcon_core.environment[0m [1;30mLevel 1[0m checking '/home/david/yolocpp_ws/install/zoe_bringup/lib/pkgconfig/zoe_bringup.pc'
[1.156s] [34mcolcon.colcon_core.environment[0m [1;30mLevel 1[0m checking '/home/david/yolocpp_ws/install/zoe_bringup/lib/python3.10/site-packages'
[1.157s] [34mcolcon.colcon_core.environment[0m [1;30mLevel 1[0m checking '/home/david/yolocpp_ws/install/zoe_bringup/bin'
[1.157s] [34mcolcon.colcon_core.shell[0m [1;30mINFO[0m Creating package script '/home/david/yolocpp_ws/install/zoe_bringup/share/zoe_bringup/package.ps1'
[1.159s] [34mcolcon.colcon_core.shell[0m [1;30mINFO[0m Creating package descriptor '/home/david/yolocpp_ws/install/zoe_bringup/share/zoe_bringup/package.dsv'
[1.160s] [34mcolcon.colcon_core.shell[0m [1;30mINFO[0m Creating package script '/home/david/yolocpp_ws/install/zoe_bringup/share/zoe_bringup/package.sh'
[1.162s] [34mcolcon.colcon_core.shell[0m [1;30mINFO[0m Creating package script '/home/david/yolocpp_ws/install/zoe_bringup/share/zoe_bringup/package.bash'
[1.164s] [34mcolcon.colcon_core.shell[0m [1;30mINFO[0m Creating package script '/home/david/yolocpp_ws/install/zoe_bringup/share/zoe_bringup/package.zsh'
[1.166s] [34mcolcon.colcon_core.environment[0m [1;30mLevel 1[0m create_file_with_runtime_dependencies(/home/david/yolocpp_ws/install/zoe_bringup/share/colcon-core/packages/zoe_bringup)
[1.167s] [34mcolcon.colcon_core.environment[0m [1;30mLevel 1[0m create_environment_scripts_only(zoe_bringup)
[1.168s] [34mcolcon.colcon_core.environment[0m [1;30mLevel 1[0m checking '/home/david/yolocpp_ws/install/zoe_bringup' for CMake module files
[1.168s] [34mcolcon.colcon_core.environment[0m [1;30mLevel 1[0m checking '/home/david/yolocpp_ws/install/zoe_bringup' for CMake config files
[1.169s] [34mcolcon.colcon_core.shell[0m [1;30mLevel 1[0m create_environment_hook('zoe_bringup', 'cmake_prefix_path')
[1.169s] [34mcolcon.colcon_core.shell[0m [1;30mINFO[0m Creating environment hook '/home/david/yolocpp_ws/install/zoe_bringup/share/zoe_bringup/hook/cmake_prefix_path.ps1'
[1.171s] [34mcolcon.colcon_core.shell[0m [1;30mINFO[0m Creating environment descriptor '/home/david/yolocpp_ws/install/zoe_bringup/share/zoe_bringup/hook/cmake_prefix_path.dsv'
[1.172s] [34mcolcon.colcon_core.shell[0m [1;30mINFO[0m Creating environment hook '/home/david/yolocpp_ws/install/zoe_bringup/share/zoe_bringup/hook/cmake_prefix_path.sh'
[1.173s] [34mcolcon.colcon_core.environment[0m [1;30mLevel 1[0m checking '/home/david/yolocpp_ws/install/zoe_bringup/bin'
[1.173s] [34mcolcon.colcon_core.environment[0m [1;30mLevel 1[0m checking '/home/david/yolocpp_ws/install/zoe_bringup/lib/pkgconfig/zoe_bringup.pc'
[1.174s] [34mcolcon.colcon_core.environment[0m [1;30mLevel 1[0m checking '/home/david/yolocpp_ws/install/zoe_bringup/lib/python3.10/site-packages'
[1.174s] [34mcolcon.colcon_core.environment[0m [1;30mLevel 1[0m checking '/home/david/yolocpp_ws/install/zoe_bringup/bin'
[1.174s] [34mcolcon.colcon_core.shell[0m [1;30mINFO[0m Creating package script '/home/david/yolocpp_ws/install/zoe_bringup/share/zoe_bringup/package.ps1'
[1.175s] [34mcolcon.colcon_core.shell[0m [1;30mINFO[0m Creating package descriptor '/home/david/yolocpp_ws/install/zoe_bringup/share/zoe_bringup/package.dsv'
[1.176s] [34mcolcon.colcon_core.shell[0m [1;30mINFO[0m Creating package script '/home/david/yolocpp_ws/install/zoe_bringup/share/zoe_bringup/package.sh'
[1.177s] [34mcolcon.colcon_core.shell[0m [1;30mINFO[0m Creating package script '/home/david/yolocpp_ws/install/zoe_bringup/share/zoe_bringup/package.bash'
[1.177s] [34mcolcon.colcon_core.shell[0m [1;30mINFO[0m Creating package script '/home/david/yolocpp_ws/install/zoe_bringup/share/zoe_bringup/package.zsh'
[1.178s] [34mcolcon.colcon_core.environment[0m [1;30mLevel 1[0m create_file_with_runtime_dependencies(/home/david/yolocpp_ws/install/zoe_bringup/share/colcon-core/packages/zoe_bringup)
[1.180s] [34mcolcon.colcon_core.environment[0m [1;30mLevel 1[0m create_environment_scripts_only(pylon_instant_camera)
[1.181s] [34mcolcon.colcon_core.environment[0m [1;30mLevel 1[0m checking '/home/david/yolocpp_ws/install/pylon_instant_camera' for CMake module files
[1.184s] [34mcolcon.colcon_core.environment[0m [1;30mLevel 1[0m checking '/home/david/yolocpp_ws/install/pylon_instant_camera' for CMake config files
[1.185s] [34mcolcon.colcon_core.event_handler.log_command[0m [1;30mDEBUG[0m [32mInvoked command in '/home/david/yolocpp_ws/build/pylon_instant_camera' returned '0': CMAKE_PREFIX_PATH=${CMAKE_PREFIX_PATH}:/home/david/yolopy_ws/install/yolopy:/opt/ros/humble PROMPT_COMMAND=echo -n \[$(date +%H:%M:%S)\]\ /home/david/.local/bin/cmake --install /home/david/yolocpp_ws/build/pylon_instant_camera[0m
[1.185s] [34mcolcon.colcon_core.shell[0m [1;30mLevel 1[0m create_environment_hook('pylon_instant_camera', 'cmake_prefix_path')
[1.186s] [34mcolcon.colcon_core.shell[0m [1;30mINFO[0m Creating environment hook '/home/david/yolocpp_ws/install/pylon_instant_camera/share/pylon_instant_camera/hook/cmake_prefix_path.ps1'
[1.187s] [34mcolcon.colcon_core.shell[0m [1;30mINFO[0m Creating environment descriptor '/home/david/yolocpp_ws/install/pylon_instant_camera/share/pylon_instant_camera/hook/cmake_prefix_path.dsv'
[1.188s] [34mcolcon.colcon_core.shell[0m [1;30mINFO[0m Creating environment hook '/home/david/yolocpp_ws/install/pylon_instant_camera/share/pylon_instant_camera/hook/cmake_prefix_path.sh'
[1.189s] [34mcolcon.colcon_core.environment[0m [1;30mLevel 1[0m checking '/home/david/yolocpp_ws/install/pylon_instant_camera/lib'
[1.190s] [34mcolcon.colcon_core.shell[0m [1;30mLevel 1[0m create_environment_hook('pylon_instant_camera', 'ld_library_path_lib')
[1.190s] [34mcolcon.colcon_core.shell[0m [1;30mINFO[0m Creating environment hook '/home/david/yolocpp_ws/install/pylon_instant_camera/share/pylon_instant_camera/hook/ld_library_path_lib.ps1'
[1.191s] [34mcolcon.colcon_core.shell[0m [1;30mINFO[0m Creating environment descriptor '/home/david/yolocpp_ws/install/pylon_instant_camera/share/pylon_instant_camera/hook/ld_library_path_lib.dsv'
[1.192s] [34mcolcon.colcon_core.shell[0m [1;30mINFO[0m Creating environment hook '/home/david/yolocpp_ws/install/pylon_instant_camera/share/pylon_instant_camera/hook/ld_library_path_lib.sh'
[1.193s] [34mcolcon.colcon_core.environment[0m [1;30mLevel 1[0m checking '/home/david/yolocpp_ws/install/pylon_instant_camera/bin'
[1.194s] [34mcolcon.colcon_core.environment[0m [1;30mLevel 1[0m checking '/home/david/yolocpp_ws/install/pylon_instant_camera/lib/pkgconfig/pylon_instant_camera.pc'
[1.194s] [34mcolcon.colcon_core.environment[0m [1;30mLevel 1[0m checking '/home/david/yolocpp_ws/install/pylon_instant_camera/lib/python3.10/site-packages'
[1.195s] [34mcolcon.colcon_core.environment[0m [1;30mLevel 1[0m checking '/home/david/yolocpp_ws/install/pylon_instant_camera/bin'
[1.196s] [34mcolcon.colcon_core.shell[0m [1;30mINFO[0m Creating package script '/home/david/yolocpp_ws/install/pylon_instant_camera/share/pylon_instant_camera/package.ps1'
[1.197s] [34mcolcon.colcon_core.shell[0m [1;30mINFO[0m Creating package descriptor '/home/david/yolocpp_ws/install/pylon_instant_camera/share/pylon_instant_camera/package.dsv'
[1.199s] [34mcolcon.colcon_core.shell[0m [1;30mINFO[0m Creating package script '/home/david/yolocpp_ws/install/pylon_instant_camera/share/pylon_instant_camera/package.sh'
[1.200s] [34mcolcon.colcon_core.shell[0m [1;30mINFO[0m Creating package script '/home/david/yolocpp_ws/install/pylon_instant_camera/share/pylon_instant_camera/package.bash'
[1.201s] [34mcolcon.colcon_core.shell[0m [1;30mINFO[0m Creating package script '/home/david/yolocpp_ws/install/pylon_instant_camera/share/pylon_instant_camera/package.zsh'
[1.202s] [34mcolcon.colcon_core.environment[0m [1;30mLevel 1[0m create_file_with_runtime_dependencies(/home/david/yolocpp_ws/install/pylon_instant_camera/share/colcon-core/packages/pylon_instant_camera)
[1.204s] [34mcolcon.colcon_core.environment[0m [1;30mLevel 1[0m create_environment_scripts_only(pylon_instant_camera)
[1.204s] [34mcolcon.colcon_core.environment[0m [1;30mLevel 1[0m checking '/home/david/yolocpp_ws/install/pylon_instant_camera' for CMake module files
[1.206s] [34mcolcon.colcon_core.environment[0m [1;30mLevel 1[0m checking '/home/david/yolocpp_ws/install/pylon_instant_camera' for CMake config files
[1.207s] [34mcolcon.colcon_core.shell[0m [1;30mLevel 1[0m create_environment_hook('pylon_instant_camera', 'cmake_prefix_path')
[1.207s] [34mcolcon.colcon_core.shell[0m [1;30mINFO[0m Creating environment hook '/home/david/yolocpp_ws/install/pylon_instant_camera/share/pylon_instant_camera/hook/cmake_prefix_path.ps1'
[1.208s] [34mcolcon.colcon_core.shell[0m [1;30mINFO[0m Creating environment descriptor '/home/david/yolocpp_ws/install/pylon_instant_camera/share/pylon_instant_camera/hook/cmake_prefix_path.dsv'
[1.209s] [34mcolcon.colcon_core.shell[0m [1;30mINFO[0m Creating environment hook '/home/david/yolocpp_ws/install/pylon_instant_camera/share/pylon_instant_camera/hook/cmake_prefix_path.sh'
[1.210s] [34mcolcon.colcon_core.environment[0m [1;30mLevel 1[0m checking '/home/david/yolocpp_ws/install/pylon_instant_camera/lib'
[1.210s] [34mcolcon.colcon_core.shell[0m [1;30mLevel 1[0m create_environment_hook('pylon_instant_camera', 'ld_library_path_lib')
[1.211s] [34mcolcon.colcon_core.shell[0m [1;30mINFO[0m Creating environment hook '/home/david/yolocpp_ws/install/pylon_instant_camera/share/pylon_instant_camera/hook/ld_library_path_lib.ps1'
[1.212s] [34mcolcon.colcon_core.shell[0m [1;30mINFO[0m Creating environment descriptor '/home/david/yolocpp_ws/install/pylon_instant_camera/share/pylon_instant_camera/hook/ld_library_path_lib.dsv'
[1.213s] [34mcolcon.colcon_core.shell[0m [1;30mINFO[0m Creating environment hook '/home/david/yolocpp_ws/install/pylon_instant_camera/share/pylon_instant_camera/hook/ld_library_path_lib.sh'
[1.214s] [34mcolcon.colcon_core.environment[0m [1;30mLevel 1[0m checking '/home/david/yolocpp_ws/install/pylon_instant_camera/bin'
[1.214s] [34mcolcon.colcon_core.environment[0m [1;30mLevel 1[0m checking '/home/david/yolocpp_ws/install/pylon_instant_camera/lib/pkgconfig/pylon_instant_camera.pc'
[1.214s] [34mcolcon.colcon_core.environment[0m [1;30mLevel 1[0m checking '/home/david/yolocpp_ws/install/pylon_instant_camera/lib/python3.10/site-packages'
[1.214s] [34mcolcon.colcon_core.environment[0m [1;30mLevel 1[0m checking '/home/david/yolocpp_ws/install/pylon_instant_camera/bin'
[1.215s] [34mcolcon.colcon_core.shell[0m [1;30mINFO[0m Creating package script '/home/david/yolocpp_ws/install/pylon_instant_camera/share/pylon_instant_camera/package.ps1'
[1.216s] [34mcolcon.colcon_core.shell[0m [1;30mINFO[0m Creating package descriptor '/home/david/yolocpp_ws/install/pylon_instant_camera/share/pylon_instant_camera/package.dsv'
[1.216s] [34mcolcon.colcon_core.shell[0m [1;30mINFO[0m Creating package script '/home/david/yolocpp_ws/install/pylon_instant_camera/share/pylon_instant_camera/package.sh'
[1.218s] [34mcolcon.colcon_core.shell[0m [1;30mINFO[0m Creating package script '/home/david/yolocpp_ws/install/pylon_instant_camera/share/pylon_instant_camera/package.bash'
[1.219s] [34mcolcon.colcon_core.shell[0m [1;30mINFO[0m Creating package script '/home/david/yolocpp_ws/install/pylon_instant_camera/share/pylon_instant_camera/package.zsh'
[1.221s] [34mcolcon.colcon_core.environment[0m [1;30mLevel 1[0m create_file_with_runtime_dependencies(/home/david/yolocpp_ws/install/pylon_instant_camera/share/colcon-core/packages/pylon_instant_camera)
[1.636s] [34mcolcon.colcon_core.event_handler.log_command[0m [1;30mDEBUG[0m [32mInvoked command in '/home/david/yolocpp_ws/build/yolo_custom_interfaces' returned '0': CMAKE_PREFIX_PATH=${CMAKE_PREFIX_PATH}:/home/david/yolopy_ws/install/yolopy:/opt/ros/humble PROMPT_COMMAND=echo -n \[$(date +%H:%M:%S)\]\ /home/david/.local/bin/cmake --build /home/david/yolocpp_ws/build/yolo_custom_interfaces -- -j32 -l32[0m
[1.642s] [34mcolcon.colcon_core.event_handler.log_command[0m [1;30mDEBUG[0m [32mInvoking command in '/home/david/yolocpp_ws/build/yolo_custom_interfaces': CMAKE_PREFIX_PATH=${CMAKE_PREFIX_PATH}:/home/david/yolopy_ws/install/yolopy:/opt/ros/humble PROMPT_COMMAND=echo -n \[$(date +%H:%M:%S)\]\ /home/david/.local/bin/cmake --install /home/david/yolocpp_ws/build/yolo_custom_interfaces[0m
[1.665s] [34mcolcon.colcon_core.event_handler.log_command[0m [1;30mDEBUG[0m [32mInvoked command in '/home/david/yolocpp_ws/build/bboxes_ex_msgs' returned '0': CMAKE_PREFIX_PATH=${CMAKE_PREFIX_PATH}:/home/david/yolopy_ws/install/yolopy:/opt/ros/humble PROMPT_COMMAND=echo -n \[$(date +%H:%M:%S)\]\ /home/david/.local/bin/cmake --build /home/david/yolocpp_ws/build/bboxes_ex_msgs -- -j32 -l32[0m
[1.668s] [34mcolcon.colcon_core.event_handler.log_command[0m [1;30mDEBUG[0m [32mInvoking command in '/home/david/yolocpp_ws/build/bboxes_ex_msgs': CMAKE_PREFIX_PATH=${CMAKE_PREFIX_PATH}:/home/david/yolopy_ws/install/yolopy:/opt/ros/humble PROMPT_COMMAND=echo -n \[$(date +%H:%M:%S)\]\ /home/david/.local/bin/cmake --install /home/david/yolocpp_ws/build/bboxes_ex_msgs[0m
[1.808s] [34mcolcon.colcon_core.environment[0m [1;30mLevel 1[0m create_environment_scripts_only(yolo_custom_interfaces)
[1.809s] [34mcolcon.colcon_core.event_handler.log_command[0m [1;30mDEBUG[0m [32mInvoked command in '/home/david/yolocpp_ws/build/yolo_custom_interfaces' returned '0': CMAKE_PREFIX_PATH=${CMAKE_PREFIX_PATH}:/home/david/yolopy_ws/install/yolopy:/opt/ros/humble PROMPT_COMMAND=echo -n \[$(date +%H:%M:%S)\]\ /home/david/.local/bin/cmake --install /home/david/yolocpp_ws/build/yolo_custom_interfaces[0m
[1.810s] [34mcolcon.colcon_core.environment[0m [1;30mLevel 1[0m checking '/home/david/yolocpp_ws/install/yolo_custom_interfaces' for CMake module files
[1.815s] [34mcolcon.colcon_core.environment[0m [1;30mLevel 1[0m checking '/home/david/yolocpp_ws/install/yolo_custom_interfaces' for CMake config files
[1.823s] [34mcolcon.colcon_core.shell[0m [1;30mLevel 1[0m create_environment_hook('yolo_custom_interfaces', 'cmake_prefix_path')
[1.824s] [34mcolcon.colcon_core.shell[0m [1;30mINFO[0m Creating environment hook '/home/david/yolocpp_ws/install/yolo_custom_interfaces/share/yolo_custom_interfaces/hook/cmake_prefix_path.ps1'
[1.825s] [34mcolcon.colcon_core.shell[0m [1;30mINFO[0m Creating environment descriptor '/home/david/yolocpp_ws/install/yolo_custom_interfaces/share/yolo_custom_interfaces/hook/cmake_prefix_path.dsv'
[1.826s] [34mcolcon.colcon_core.shell[0m [1;30mINFO[0m Creating environment hook '/home/david/yolocpp_ws/install/yolo_custom_interfaces/share/yolo_custom_interfaces/hook/cmake_prefix_path.sh'
[1.827s] [34mcolcon.colcon_core.environment[0m [1;30mLevel 1[0m checking '/home/david/yolocpp_ws/install/yolo_custom_interfaces/lib'
[1.827s] [34mcolcon.colcon_core.shell[0m [1;30mLevel 1[0m create_environment_hook('yolo_custom_interfaces', 'ld_library_path_lib')
[1.828s] [34mcolcon.colcon_core.shell[0m [1;30mINFO[0m Creating environment hook '/home/david/yolocpp_ws/install/yolo_custom_interfaces/share/yolo_custom_interfaces/hook/ld_library_path_lib.ps1'
[1.829s] [34mcolcon.colcon_core.shell[0m [1;30mINFO[0m Creating environment descriptor '/home/david/yolocpp_ws/install/yolo_custom_interfaces/share/yolo_custom_interfaces/hook/ld_library_path_lib.dsv'
[1.830s] [34mcolcon.colcon_core.shell[0m [1;30mINFO[0m Creating environment hook '/home/david/yolocpp_ws/install/yolo_custom_interfaces/share/yolo_custom_interfaces/hook/ld_library_path_lib.sh'
[1.831s] [34mcolcon.colcon_core.environment[0m [1;30mLevel 1[0m checking '/home/david/yolocpp_ws/install/yolo_custom_interfaces/bin'
[1.831s] [34mcolcon.colcon_core.environment[0m [1;30mLevel 1[0m checking '/home/david/yolocpp_ws/install/yolo_custom_interfaces/lib/pkgconfig/yolo_custom_interfaces.pc'
[1.831s] [34mcolcon.colcon_core.environment[0m [1;30mLevel 1[0m checking '/home/david/yolocpp_ws/install/yolo_custom_interfaces/lib/python3.10/site-packages'
[1.832s] [34mcolcon.colcon_core.environment[0m [1;30mLevel 1[0m checking '/home/david/yolocpp_ws/install/yolo_custom_interfaces/bin'
[1.833s] [34mcolcon.colcon_core.shell[0m [1;30mINFO[0m Creating package script '/home/david/yolocpp_ws/install/yolo_custom_interfaces/share/yolo_custom_interfaces/package.ps1'
[1.834s] [34mcolcon.colcon_core.shell[0m [1;30mINFO[0m Creating package descriptor '/home/david/yolocpp_ws/install/yolo_custom_interfaces/share/yolo_custom_interfaces/package.dsv'
[1.835s] [34mcolcon.colcon_core.shell[0m [1;30mINFO[0m Creating package script '/home/david/yolocpp_ws/install/yolo_custom_interfaces/share/yolo_custom_interfaces/package.sh'
[1.837s] [34mcolcon.colcon_core.shell[0m [1;30mINFO[0m Creating package script '/home/david/yolocpp_ws/install/yolo_custom_interfaces/share/yolo_custom_interfaces/package.bash'
[1.837s] [34mcolcon.colcon_core.shell[0m [1;30mINFO[0m Creating package script '/home/david/yolocpp_ws/install/yolo_custom_interfaces/share/yolo_custom_interfaces/package.zsh'
[1.838s] [34mcolcon.colcon_core.environment[0m [1;30mLevel 1[0m create_file_with_runtime_dependencies(/home/david/yolocpp_ws/install/yolo_custom_interfaces/share/colcon-core/packages/yolo_custom_interfaces)
[1.839s] [34mcolcon.colcon_core.environment[0m [1;30mLevel 1[0m create_environment_scripts_only(yolo_custom_interfaces)
[1.840s] [34mcolcon.colcon_core.environment[0m [1;30mLevel 1[0m checking '/home/david/yolocpp_ws/install/yolo_custom_interfaces' for CMake module files
[1.842s] [34mcolcon.colcon_core.environment[0m [1;30mLevel 1[0m checking '/home/david/yolocpp_ws/install/yolo_custom_interfaces' for CMake config files
[1.843s] [34mcolcon.colcon_core.shell[0m [1;30mLevel 1[0m create_environment_hook('yolo_custom_interfaces', 'cmake_prefix_path')
[1.844s] [34mcolcon.colcon_core.shell[0m [1;30mINFO[0m Creating environment hook '/home/david/yolocpp_ws/install/yolo_custom_interfaces/share/yolo_custom_interfaces/hook/cmake_prefix_path.ps1'
[1.846s] [34mcolcon.colcon_core.shell[0m [1;30mINFO[0m Creating environment descriptor '/home/david/yolocpp_ws/install/yolo_custom_interfaces/share/yolo_custom_interfaces/hook/cmake_prefix_path.dsv'
[1.846s] [34mcolcon.colcon_core.shell[0m [1;30mINFO[0m Creating environment hook '/home/david/yolocpp_ws/install/yolo_custom_interfaces/share/yolo_custom_interfaces/hook/cmake_prefix_path.sh'
[1.847s] [34mcolcon.colcon_core.environment[0m [1;30mLevel 1[0m checking '/home/david/yolocpp_ws/install/yolo_custom_interfaces/lib'
[1.847s] [34mcolcon.colcon_core.shell[0m [1;30mLevel 1[0m create_environment_hook('yolo_custom_interfaces', 'ld_library_path_lib')
[1.848s] [34mcolcon.colcon_core.shell[0m [1;30mINFO[0m Creating environment hook '/home/david/yolocpp_ws/install/yolo_custom_interfaces/share/yolo_custom_interfaces/hook/ld_library_path_lib.ps1'
[1.848s] [34mcolcon.colcon_core.shell[0m [1;30mINFO[0m Creating environment descriptor '/home/david/yolocpp_ws/install/yolo_custom_interfaces/share/yolo_custom_interfaces/hook/ld_library_path_lib.dsv'
[1.849s] [34mcolcon.colcon_core.shell[0m [1;30mINFO[0m Creating environment hook '/home/david/yolocpp_ws/install/yolo_custom_interfaces/share/yolo_custom_interfaces/hook/ld_library_path_lib.sh'
[1.850s] [34mcolcon.colcon_core.environment[0m [1;30mLevel 1[0m checking '/home/david/yolocpp_ws/install/yolo_custom_interfaces/bin'
[1.850s] [34mcolcon.colcon_core.environment[0m [1;30mLevel 1[0m checking '/home/david/yolocpp_ws/install/yolo_custom_interfaces/lib/pkgconfig/yolo_custom_interfaces.pc'
[1.850s] [34mcolcon.colcon_core.environment[0m [1;30mLevel 1[0m checking '/home/david/yolocpp_ws/install/yolo_custom_interfaces/lib/python3.10/site-packages'
[1.851s] [34mcolcon.colcon_core.environment[0m [1;30mLevel 1[0m checking '/home/david/yolocpp_ws/install/yolo_custom_interfaces/bin'
[1.851s] [34mcolcon.colcon_core.shell[0m [1;30mINFO[0m Creating package script '/home/david/yolocpp_ws/install/yolo_custom_interfaces/share/yolo_custom_interfaces/package.ps1'
[1.852s] [34mcolcon.colcon_core.shell[0m [1;30mINFO[0m Creating package descriptor '/home/david/yolocpp_ws/install/yolo_custom_interfaces/share/yolo_custom_interfaces/package.dsv'
[1.853s] [34mcolcon.colcon_core.shell[0m [1;30mINFO[0m Creating package script '/home/david/yolocpp_ws/install/yolo_custom_interfaces/share/yolo_custom_interfaces/package.sh'
[1.854s] [34mcolcon.colcon_core.shell[0m [1;30mINFO[0m Creating package script '/home/david/yolocpp_ws/install/yolo_custom_interfaces/share/yolo_custom_interfaces/package.bash'
[1.854s] [34mcolcon.colcon_core.shell[0m [1;30mINFO[0m Creating package script '/home/david/yolocpp_ws/install/yolo_custom_interfaces/share/yolo_custom_interfaces/package.zsh'
[1.855s] [34mcolcon.colcon_core.environment[0m [1;30mLevel 1[0m create_file_with_runtime_dependencies(/home/david/yolocpp_ws/install/yolo_custom_interfaces/share/colcon-core/packages/yolo_custom_interfaces)
[1.856s] [34mcolcon.colcon_ros.task.ament_cmake.build[0m [1;30mINFO[0m Building ROS package in '/home/david/yolocpp_ws/src/TensorRT-YOLO' with build type 'ament_cmake'
[1.856s] [34mcolcon.colcon_cmake.task.cmake.build[0m [1;30mINFO[0m Building CMake package in '/home/david/yolocpp_ws/src/TensorRT-YOLO'
[1.858s] [34mcolcon.colcon_core.shell[0m [1;30mINFO[0m Skip shell extension 'powershell' for command environment: Not usable outside of PowerShell
[1.858s] [34mcolcon.colcon_core.shell[0m [1;30mDEBUG[0m [32mSkip shell extension 'dsv' for command environment[0m
[1.869s] [34mcolcon.colcon_core.environment[0m [1;30mLevel 1[0m create_environment_scripts_only(bboxes_ex_msgs)
[1.870s] [34mcolcon.colcon_core.environment[0m [1;30mLevel 1[0m checking '/home/david/yolocpp_ws/install/bboxes_ex_msgs' for CMake module files
[1.871s] [34mcolcon.colcon_core.event_handler.log_command[0m [1;30mDEBUG[0m [32mInvoked command in '/home/david/yolocpp_ws/build/bboxes_ex_msgs' returned '0': CMAKE_PREFIX_PATH=${CMAKE_PREFIX_PATH}:/home/david/yolopy_ws/install/yolopy:/opt/ros/humble PROMPT_COMMAND=echo -n \[$(date +%H:%M:%S)\]\ /home/david/.local/bin/cmake --install /home/david/yolocpp_ws/build/bboxes_ex_msgs[0m
[1.872s] [34mcolcon.colcon_core.environment[0m [1;30mLevel 1[0m checking '/home/david/yolocpp_ws/install/bboxes_ex_msgs' for CMake config files
[1.873s] [34mcolcon.colcon_core.shell[0m [1;30mLevel 1[0m create_environment_hook('bboxes_ex_msgs', 'cmake_prefix_path')
[1.874s] [34mcolcon.colcon_core.shell[0m [1;30mINFO[0m Creating environment hook '/home/david/yolocpp_ws/install/bboxes_ex_msgs/share/bboxes_ex_msgs/hook/cmake_prefix_path.ps1'
[1.875s] [34mcolcon.colcon_core.shell[0m [1;30mINFO[0m Creating environment descriptor '/home/david/yolocpp_ws/install/bboxes_ex_msgs/share/bboxes_ex_msgs/hook/cmake_prefix_path.dsv'
[1.876s] [34mcolcon.colcon_core.shell[0m [1;30mINFO[0m Creating environment hook '/home/david/yolocpp_ws/install/bboxes_ex_msgs/share/bboxes_ex_msgs/hook/cmake_prefix_path.sh'
[1.877s] [34mcolcon.colcon_core.environment[0m [1;30mLevel 1[0m checking '/home/david/yolocpp_ws/install/bboxes_ex_msgs/lib'
[1.877s] [34mcolcon.colcon_core.shell[0m [1;30mLevel 1[0m create_environment_hook('bboxes_ex_msgs', 'ld_library_path_lib')
[1.878s] [34mcolcon.colcon_core.shell[0m [1;30mINFO[0m Creating environment hook '/home/david/yolocpp_ws/install/bboxes_ex_msgs/share/bboxes_ex_msgs/hook/ld_library_path_lib.ps1'
[1.879s] [34mcolcon.colcon_core.shell[0m [1;30mINFO[0m Creating environment descriptor '/home/david/yolocpp_ws/install/bboxes_ex_msgs/share/bboxes_ex_msgs/hook/ld_library_path_lib.dsv'
[1.879s] [34mcolcon.colcon_core.shell[0m [1;30mINFO[0m Creating environment hook '/home/david/yolocpp_ws/install/bboxes_ex_msgs/share/bboxes_ex_msgs/hook/ld_library_path_lib.sh'
[1.880s] [34mcolcon.colcon_core.environment[0m [1;30mLevel 1[0m checking '/home/david/yolocpp_ws/install/bboxes_ex_msgs/bin'
[1.880s] [34mcolcon.colcon_core.environment[0m [1;30mLevel 1[0m checking '/home/david/yolocpp_ws/install/bboxes_ex_msgs/lib/pkgconfig/bboxes_ex_msgs.pc'
[1.881s] [34mcolcon.colcon_core.environment[0m [1;30mLevel 1[0m checking '/home/david/yolocpp_ws/install/bboxes_ex_msgs/lib/python3.10/site-packages'
[1.881s] [34mcolcon.colcon_core.environment[0m [1;30mLevel 1[0m checking '/home/david/yolocpp_ws/install/bboxes_ex_msgs/bin'
[1.881s] [34mcolcon.colcon_core.shell[0m [1;30mINFO[0m Creating package script '/home/david/yolocpp_ws/install/bboxes_ex_msgs/share/bboxes_ex_msgs/package.ps1'
[1.883s] [34mcolcon.colcon_core.shell[0m [1;30mINFO[0m Creating package descriptor '/home/david/yolocpp_ws/install/bboxes_ex_msgs/share/bboxes_ex_msgs/package.dsv'
[1.884s] [34mcolcon.colcon_core.shell[0m [1;30mINFO[0m Creating package script '/home/david/yolocpp_ws/install/bboxes_ex_msgs/share/bboxes_ex_msgs/package.sh'
[1.885s] [34mcolcon.colcon_core.shell[0m [1;30mINFO[0m Creating package script '/home/david/yolocpp_ws/install/bboxes_ex_msgs/share/bboxes_ex_msgs/package.bash'
[1.886s] [34mcolcon.colcon_core.shell[0m [1;30mINFO[0m Creating package script '/home/david/yolocpp_ws/install/bboxes_ex_msgs/share/bboxes_ex_msgs/package.zsh'
[1.886s] [34mcolcon.colcon_core.environment[0m [1;30mLevel 1[0m create_file_with_runtime_dependencies(/home/david/yolocpp_ws/install/bboxes_ex_msgs/share/colcon-core/packages/bboxes_ex_msgs)
[1.887s] [34mcolcon.colcon_core.environment[0m [1;30mLevel 1[0m create_environment_scripts_only(bboxes_ex_msgs)
[1.888s] [34mcolcon.colcon_core.environment[0m [1;30mLevel 1[0m checking '/home/david/yolocpp_ws/install/bboxes_ex_msgs' for CMake module files
[1.889s] [34mcolcon.colcon_core.environment[0m [1;30mLevel 1[0m checking '/home/david/yolocpp_ws/install/bboxes_ex_msgs' for CMake config files
[1.890s] [34mcolcon.colcon_core.shell[0m [1;30mLevel 1[0m create_environment_hook('bboxes_ex_msgs', 'cmake_prefix_path')
[1.890s] [34mcolcon.colcon_core.shell[0m [1;30mINFO[0m Creating environment hook '/home/david/yolocpp_ws/install/bboxes_ex_msgs/share/bboxes_ex_msgs/hook/cmake_prefix_path.ps1'
[1.892s] [34mcolcon.colcon_core.shell[0m [1;30mINFO[0m Creating environment descriptor '/home/david/yolocpp_ws/install/bboxes_ex_msgs/share/bboxes_ex_msgs/hook/cmake_prefix_path.dsv'
[1.892s] [34mcolcon.colcon_core.shell[0m [1;30mINFO[0m Creating environment hook '/home/david/yolocpp_ws/install/bboxes_ex_msgs/share/bboxes_ex_msgs/hook/cmake_prefix_path.sh'
[1.893s] [34mcolcon.colcon_core.environment[0m [1;30mLevel 1[0m checking '/home/david/yolocpp_ws/install/bboxes_ex_msgs/lib'
[1.894s] [34mcolcon.colcon_core.shell[0m [1;30mLevel 1[0m create_environment_hook('bboxes_ex_msgs', 'ld_library_path_lib')
[1.894s] [34mcolcon.colcon_core.shell[0m [1;30mINFO[0m Creating environment hook '/home/david/yolocpp_ws/install/bboxes_ex_msgs/share/bboxes_ex_msgs/hook/ld_library_path_lib.ps1'
[1.895s] [34mcolcon.colcon_core.shell[0m [1;30mINFO[0m Creating environment descriptor '/home/david/yolocpp_ws/install/bboxes_ex_msgs/share/bboxes_ex_msgs/hook/ld_library_path_lib.dsv'
[1.895s] [34mcolcon.colcon_core.shell[0m [1;30mINFO[0m Creating environment hook '/home/david/yolocpp_ws/install/bboxes_ex_msgs/share/bboxes_ex_msgs/hook/ld_library_path_lib.sh'
[1.896s] [34mcolcon.colcon_core.environment[0m [1;30mLevel 1[0m checking '/home/david/yolocpp_ws/install/bboxes_ex_msgs/bin'
[1.896s] [34mcolcon.colcon_core.environment[0m [1;30mLevel 1[0m checking '/home/david/yolocpp_ws/install/bboxes_ex_msgs/lib/pkgconfig/bboxes_ex_msgs.pc'
[1.896s] [34mcolcon.colcon_core.environment[0m [1;30mLevel 1[0m checking '/home/david/yolocpp_ws/install/bboxes_ex_msgs/lib/python3.10/site-packages'
[1.897s] [34mcolcon.colcon_core.environment[0m [1;30mLevel 1[0m checking '/home/david/yolocpp_ws/install/bboxes_ex_msgs/bin'
[1.897s] [34mcolcon.colcon_core.shell[0m [1;30mINFO[0m Creating package script '/home/david/yolocpp_ws/install/bboxes_ex_msgs/share/bboxes_ex_msgs/package.ps1'
[1.898s] [34mcolcon.colcon_core.shell[0m [1;30mINFO[0m Creating package descriptor '/home/david/yolocpp_ws/install/bboxes_ex_msgs/share/bboxes_ex_msgs/package.dsv'
[1.899s] [34mcolcon.colcon_core.shell[0m [1;30mINFO[0m Creating package script '/home/david/yolocpp_ws/install/bboxes_ex_msgs/share/bboxes_ex_msgs/package.sh'
[1.900s] [34mcolcon.colcon_core.shell[0m [1;30mINFO[0m Creating package script '/home/david/yolocpp_ws/install/bboxes_ex_msgs/share/bboxes_ex_msgs/package.bash'
[1.900s] [34mcolcon.colcon_core.shell[0m [1;30mINFO[0m Creating package script '/home/david/yolocpp_ws/install/bboxes_ex_msgs/share/bboxes_ex_msgs/package.zsh'
[1.901s] [34mcolcon.colcon_core.environment[0m [1;30mLevel 1[0m create_file_with_runtime_dependencies(/home/david/yolocpp_ws/install/bboxes_ex_msgs/share/colcon-core/packages/bboxes_ex_msgs)
[1.902s] [34mcolcon.colcon_ros.task.ament_cmake.build[0m [1;30mINFO[0m Building ROS package in '/home/david/yolocpp_ws/src/yolocpp' with build type 'ament_cmake'
[1.902s] [34mcolcon.colcon_cmake.task.cmake.build[0m [1;30mINFO[0m Building CMake package in '/home/david/yolocpp_ws/src/yolocpp'
[1.902s] [34mcolcon.colcon_core.shell[0m [1;30mINFO[0m Skip shell extension 'powershell' for command environment: Not usable outside of PowerShell
[1.902s] [34mcolcon.colcon_core.shell[0m [1;30mDEBUG[0m [32mSkip shell extension 'dsv' for command environment[0m
[1.919s] [34mcolcon.colcon_core.event_handler.log_command[0m [1;30mDEBUG[0m [32mInvoking command in '/home/david/yolocpp_ws/build/tensorrt_yolo': CMAKE_PREFIX_PATH=/home/david/yolocpp_ws/install/yolo_custom_interfaces:/home/david/yolopy_ws/install/image_directory_publisher:/home/david/yolocpp_ws/install/zoe_bringup:/home/david/yolocpp_ws/install/yolocpp:/home/david/yolocpp_ws/install/tensorrt_yolo:/home/david/yolocpp_ws/install/pylon_instant_camera:/home/david/yolocpp_ws/install/bboxes_ex_msgs:/home/david/yolopy_ws/install/yolopy:/opt/ros/humble LD_LIBRARY_PATH=/home/david/yolocpp_ws/install/yolo_custom_interfaces/lib:/home/david/yolopy_ws/install/image_directory_publisher/lib:/home/david/yolocpp_ws/install/pylon_instant_camera/lib:/home/david/yolocpp_ws/install/bboxes_ex_msgs/lib:/opt/ros/humble/opt/rviz_ogre_vendor/lib:/opt/ros/humble/lib/x86_64-linux-gnu:/opt/ros/humble/lib:/usr/local/cuda/lib64:/usr/local/cuda-11.2/lib64:/usr/local/cuda-11.2/lib64:/home/david/onnxruntime-linux-x64-gpu-1.22.0/lib PROMPT_COMMAND=echo -n \[$(date +%H:%M:%S)\]\ /home/david/.local/bin/cmake --build /home/david/yolocpp_ws/build/tensorrt_yolo -- -j32 -l32[0m
[1.929s] [34mcolcon.colcon_core.event_handler.log_command[0m [1;30mDEBUG[0m [32mInvoking command in '/home/david/yolocpp_ws/build/yolocpp': CMAKE_PREFIX_PATH=/home/david/yolocpp_ws/install/bboxes_ex_msgs:/home/david/yolopy_ws/install/image_directory_publisher:/home/david/yolocpp_ws/install/zoe_bringup:/home/david/yolocpp_ws/install/yolocpp:/home/david/yolocpp_ws/install/tensorrt_yolo:/home/david/yolocpp_ws/install/yolo_custom_interfaces:/home/david/yolocpp_ws/install/pylon_instant_camera:/home/david/yolopy_ws/install/yolopy:/opt/ros/humble LD_LIBRARY_PATH=/home/david/yolocpp_ws/install/bboxes_ex_msgs/lib:/home/david/yolopy_ws/install/image_directory_publisher/lib:/home/david/yolocpp_ws/install/yolo_custom_interfaces/lib:/home/david/yolocpp_ws/install/pylon_instant_camera/lib:/opt/ros/humble/opt/rviz_ogre_vendor/lib:/opt/ros/humble/lib/x86_64-linux-gnu:/opt/ros/humble/lib:/usr/local/cuda/lib64:/usr/local/cuda-11.2/lib64:/usr/local/cuda-11.2/lib64:/home/david/onnxruntime-linux-x64-gpu-1.22.0/lib PROMPT_COMMAND=echo -n \[$(date +%H:%M:%S)\]\ /home/david/.local/bin/cmake --build /home/david/yolocpp_ws/build/yolocpp -- -j32 -l32[0m
[2.072s] [34mcolcon.colcon_core.event_handler.log_command[0m [1;30mDEBUG[0m [32mInvoked command in '/home/david/yolocpp_ws/build/yolocpp' returned '0': CMAKE_PREFIX_PATH=/home/david/yolocpp_ws/install/bboxes_ex_msgs:/home/david/yolopy_ws/install/image_directory_publisher:/home/david/yolocpp_ws/install/zoe_bringup:/home/david/yolocpp_ws/install/yolocpp:/home/david/yolocpp_ws/install/tensorrt_yolo:/home/david/yolocpp_ws/install/yolo_custom_interfaces:/home/david/yolocpp_ws/install/pylon_instant_camera:/home/david/yolopy_ws/install/yolopy:/opt/ros/humble LD_LIBRARY_PATH=/home/david/yolocpp_ws/install/bboxes_ex_msgs/lib:/home/david/yolopy_ws/install/image_directory_publisher/lib:/home/david/yolocpp_ws/install/yolo_custom_interfaces/lib:/home/david/yolocpp_ws/install/pylon_instant_camera/lib:/opt/ros/humble/opt/rviz_ogre_vendor/lib:/opt/ros/humble/lib/x86_64-linux-gnu:/opt/ros/humble/lib:/usr/local/cuda/lib64:/usr/local/cuda-11.2/lib64:/usr/local/cuda-11.2/lib64:/home/david/onnxruntime-linux-x64-gpu-1.22.0/lib PROMPT_COMMAND=echo -n \[$(date +%H:%M:%S)\]\ /home/david/.local/bin/cmake --build /home/david/yolocpp_ws/build/yolocpp -- -j32 -l32[0m
[2.079s] [34mcolcon.colcon_core.event_handler.log_command[0m [1;30mDEBUG[0m [32mInvoking command in '/home/david/yolocpp_ws/build/yolocpp': CMAKE_PREFIX_PATH=/home/david/yolocpp_ws/install/bboxes_ex_msgs:/home/david/yolopy_ws/install/image_directory_publisher:/home/david/yolocpp_ws/install/zoe_bringup:/home/david/yolocpp_ws/install/yolocpp:/home/david/yolocpp_ws/install/tensorrt_yolo:/home/david/yolocpp_ws/install/yolo_custom_interfaces:/home/david/yolocpp_ws/install/pylon_instant_camera:/home/david/yolopy_ws/install/yolopy:/opt/ros/humble LD_LIBRARY_PATH=/home/david/yolocpp_ws/install/bboxes_ex_msgs/lib:/home/david/yolopy_ws/install/image_directory_publisher/lib:/home/david/yolocpp_ws/install/yolo_custom_interfaces/lib:/home/david/yolocpp_ws/install/pylon_instant_camera/lib:/opt/ros/humble/opt/rviz_ogre_vendor/lib:/opt/ros/humble/lib/x86_64-linux-gnu:/opt/ros/humble/lib:/usr/local/cuda/lib64:/usr/local/cuda-11.2/lib64:/usr/local/cuda-11.2/lib64:/home/david/onnxruntime-linux-x64-gpu-1.22.0/lib PROMPT_COMMAND=echo -n \[$(date +%H:%M:%S)\]\ /home/david/.local/bin/cmake --install /home/david/yolocpp_ws/build/yolocpp[0m
[2.103s] [34mcolcon.colcon_core.event_handler.log_command[0m [1;30mDEBUG[0m [32mInvoked command in '/home/david/yolocpp_ws/build/tensorrt_yolo' returned '0': CMAKE_PREFIX_PATH=/home/david/yolocpp_ws/install/yolo_custom_interfaces:/home/david/yolopy_ws/install/image_directory_publisher:/home/david/yolocpp_ws/install/zoe_bringup:/home/david/yolocpp_ws/install/yolocpp:/home/david/yolocpp_ws/install/tensorrt_yolo:/home/david/yolocpp_ws/install/pylon_instant_camera:/home/david/yolocpp_ws/install/bboxes_ex_msgs:/home/david/yolopy_ws/install/yolopy:/opt/ros/humble LD_LIBRARY_PATH=/home/david/yolocpp_ws/install/yolo_custom_interfaces/lib:/home/david/yolopy_ws/install/image_directory_publisher/lib:/home/david/yolocpp_ws/install/pylon_instant_camera/lib:/home/david/yolocpp_ws/install/bboxes_ex_msgs/lib:/opt/ros/humble/opt/rviz_ogre_vendor/lib:/opt/ros/humble/lib/x86_64-linux-gnu:/opt/ros/humble/lib:/usr/local/cuda/lib64:/usr/local/cuda-11.2/lib64:/usr/local/cuda-11.2/lib64:/home/david/onnxruntime-linux-x64-gpu-1.22.0/lib PROMPT_COMMAND=echo -n \[$(date +%H:%M:%S)\]\ /home/david/.local/bin/cmake --build /home/david/yolocpp_ws/build/tensorrt_yolo -- -j32 -l32[0m
[2.108s] [34mcolcon.colcon_core.event_handler.log_command[0m [1;30mDEBUG[0m [32mInvoking command in '/home/david/yolocpp_ws/build/tensorrt_yolo': CMAKE_PREFIX_PATH=/home/david/yolocpp_ws/install/yolo_custom_interfaces:/home/david/yolopy_ws/install/image_directory_publisher:/home/david/yolocpp_ws/install/zoe_bringup:/home/david/yolocpp_ws/install/yolocpp:/home/david/yolocpp_ws/install/tensorrt_yolo:/home/david/yolocpp_ws/install/pylon_instant_camera:/home/david/yolocpp_ws/install/bboxes_ex_msgs:/home/david/yolopy_ws/install/yolopy:/opt/ros/humble LD_LIBRARY_PATH=/home/david/yolocpp_ws/install/yolo_custom_interfaces/lib:/home/david/yolopy_ws/install/image_directory_publisher/lib:/home/david/yolocpp_ws/install/pylon_instant_camera/lib:/home/david/yolocpp_ws/install/bboxes_ex_msgs/lib:/opt/ros/humble/opt/rviz_ogre_vendor/lib:/opt/ros/humble/lib/x86_64-linux-gnu:/opt/ros/humble/lib:/usr/local/cuda/lib64:/usr/local/cuda-11.2/lib64:/usr/local/cuda-11.2/lib64:/home/david/onnxruntime-linux-x64-gpu-1.22.0/lib PROMPT_COMMAND=echo -n \[$(date +%H:%M:%S)\]\ /home/david/.local/bin/cmake --install /home/david/yolocpp_ws/build/tensorrt_yolo[0m
[2.158s] [34mcolcon.colcon_core.environment[0m [1;30mLevel 1[0m create_environment_scripts_only(yolocpp)
[2.160s] [34mcolcon.colcon_core.environment[0m [1;30mLevel 1[0m checking '/home/david/yolocpp_ws/install/yolocpp' for CMake module files
[2.161s] [34mcolcon.colcon_core.event_handler.log_command[0m [1;30mDEBUG[0m [32mInvoked command in '/home/david/yolocpp_ws/build/yolocpp' returned '0': CMAKE_PREFIX_PATH=/home/david/yolocpp_ws/install/bboxes_ex_msgs:/home/david/yolopy_ws/install/image_directory_publisher:/home/david/yolocpp_ws/install/zoe_bringup:/home/david/yolocpp_ws/install/yolocpp:/home/david/yolocpp_ws/install/tensorrt_yolo:/home/david/yolocpp_ws/install/yolo_custom_interfaces:/home/david/yolocpp_ws/install/pylon_instant_camera:/home/david/yolopy_ws/install/yolopy:/opt/ros/humble LD_LIBRARY_PATH=/home/david/yolocpp_ws/install/bboxes_ex_msgs/lib:/home/david/yolopy_ws/install/image_directory_publisher/lib:/home/david/yolocpp_ws/install/yolo_custom_interfaces/lib:/home/david/yolocpp_ws/install/pylon_instant_camera/lib:/opt/ros/humble/opt/rviz_ogre_vendor/lib:/opt/ros/humble/lib/x86_64-linux-gnu:/opt/ros/humble/lib:/usr/local/cuda/lib64:/usr/local/cuda-11.2/lib64:/usr/local/cuda-11.2/lib64:/home/david/onnxruntime-linux-x64-gpu-1.22.0/lib PROMPT_COMMAND=echo -n \[$(date +%H:%M:%S)\]\ /home/david/.local/bin/cmake --install /home/david/yolocpp_ws/build/yolocpp[0m
[2.162s] [34mcolcon.colcon_core.environment[0m [1;30mLevel 1[0m checking '/home/david/yolocpp_ws/install/yolocpp' for CMake config files
[2.163s] [34mcolcon.colcon_core.shell[0m [1;30mLevel 1[0m create_environment_hook('yolocpp', 'cmake_prefix_path')
[2.163s] [34mcolcon.colcon_core.shell[0m [1;30mINFO[0m Creating environment hook '/home/david/yolocpp_ws/install/yolocpp/share/yolocpp/hook/cmake_prefix_path.ps1'
[2.165s] [34mcolcon.colcon_core.shell[0m [1;30mINFO[0m Creating environment descriptor '/home/david/yolocpp_ws/install/yolocpp/share/yolocpp/hook/cmake_prefix_path.dsv'
[2.165s] [34mcolcon.colcon_core.shell[0m [1;30mINFO[0m Creating environment hook '/home/david/yolocpp_ws/install/yolocpp/share/yolocpp/hook/cmake_prefix_path.sh'
[2.166s] [34mcolcon.colcon_core.environment[0m [1;30mLevel 1[0m checking '/home/david/yolocpp_ws/install/yolocpp/lib'
[2.166s] [34mcolcon.colcon_core.environment[0m [1;30mLevel 1[0m checking '/home/david/yolocpp_ws/install/yolocpp/bin'
[2.166s] [34mcolcon.colcon_core.environment[0m [1;30mLevel 1[0m checking '/home/david/yolocpp_ws/install/yolocpp/lib/pkgconfig/yolocpp.pc'
[2.167s] [34mcolcon.colcon_core.environment[0m [1;30mLevel 1[0m checking '/home/david/yolocpp_ws/install/yolocpp/lib/python3.10/site-packages'
[2.167s] [34mcolcon.colcon_core.environment[0m [1;30mLevel 1[0m checking '/home/david/yolocpp_ws/install/yolocpp/bin'
[2.168s] [34mcolcon.colcon_core.shell[0m [1;30mINFO[0m Creating package script '/home/david/yolocpp_ws/install/yolocpp/share/yolocpp/package.ps1'
[2.169s] [34mcolcon.colcon_core.shell[0m [1;30mINFO[0m Creating package descriptor '/home/david/yolocpp_ws/install/yolocpp/share/yolocpp/package.dsv'
[2.170s] [34mcolcon.colcon_core.shell[0m [1;30mINFO[0m Creating package script '/home/david/yolocpp_ws/install/yolocpp/share/yolocpp/package.sh'
[2.170s] [34mcolcon.colcon_core.shell[0m [1;30mINFO[0m Creating package script '/home/david/yolocpp_ws/install/yolocpp/share/yolocpp/package.bash'
[2.171s] [34mcolcon.colcon_core.shell[0m [1;30mINFO[0m Creating package script '/home/david/yolocpp_ws/install/yolocpp/share/yolocpp/package.zsh'
[2.171s] [34mcolcon.colcon_core.environment[0m [1;30mLevel 1[0m create_file_with_runtime_dependencies(/home/david/yolocpp_ws/install/yolocpp/share/colcon-core/packages/yolocpp)
[2.172s] [34mcolcon.colcon_core.environment[0m [1;30mLevel 1[0m create_environment_scripts_only(yolocpp)
[2.174s] [34mcolcon.colcon_core.environment[0m [1;30mLevel 1[0m checking '/home/david/yolocpp_ws/install/yolocpp' for CMake module files
[2.189s] [34mcolcon.colcon_core.environment[0m [1;30mLevel 1[0m checking '/home/david/yolocpp_ws/install/yolocpp' for CMake config files
[2.195s] [34mcolcon.colcon_core.shell[0m [1;30mLevel 1[0m create_environment_hook('yolocpp', 'cmake_prefix_path')
[2.196s] [34mcolcon.colcon_core.shell[0m [1;30mINFO[0m Creating environment hook '/home/david/yolocpp_ws/install/yolocpp/share/yolocpp/hook/cmake_prefix_path.ps1'
[2.197s] [34mcolcon.colcon_core.shell[0m [1;30mINFO[0m Creating environment descriptor '/home/david/yolocpp_ws/install/yolocpp/share/yolocpp/hook/cmake_prefix_path.dsv'
[2.198s] [34mcolcon.colcon_core.shell[0m [1;30mINFO[0m Creating environment hook '/home/david/yolocpp_ws/install/yolocpp/share/yolocpp/hook/cmake_prefix_path.sh'
[2.200s] [34mcolcon.colcon_core.environment[0m [1;30mLevel 1[0m checking '/home/david/yolocpp_ws/install/yolocpp/lib'
[2.200s] [34mcolcon.colcon_core.environment[0m [1;30mLevel 1[0m checking '/home/david/yolocpp_ws/install/yolocpp/bin'
[2.200s] [34mcolcon.colcon_core.environment[0m [1;30mLevel 1[0m checking '/home/david/yolocpp_ws/install/yolocpp/lib/pkgconfig/yolocpp.pc'
[2.201s] [34mcolcon.colcon_core.environment[0m [1;30mLevel 1[0m checking '/home/david/yolocpp_ws/install/yolocpp/lib/python3.10/site-packages'
[2.201s] [34mcolcon.colcon_core.environment[0m [1;30mLevel 1[0m checking '/home/david/yolocpp_ws/install/yolocpp/bin'
[2.202s] [34mcolcon.colcon_core.shell[0m [1;30mINFO[0m Creating package script '/home/david/yolocpp_ws/install/yolocpp/share/yolocpp/package.ps1'
[2.203s] [34mcolcon.colcon_core.shell[0m [1;30mINFO[0m Creating package descriptor '/home/david/yolocpp_ws/install/yolocpp/share/yolocpp/package.dsv'
[2.204s] [34mcolcon.colcon_core.shell[0m [1;30mINFO[0m Creating package script '/home/david/yolocpp_ws/install/yolocpp/share/yolocpp/package.sh'
[2.205s] [34mcolcon.colcon_core.shell[0m [1;30mINFO[0m Creating package script '/home/david/yolocpp_ws/install/yolocpp/share/yolocpp/package.bash'
[2.206s] [34mcolcon.colcon_core.shell[0m [1;30mINFO[0m Creating package script '/home/david/yolocpp_ws/install/yolocpp/share/yolocpp/package.zsh'
[2.207s] [34mcolcon.colcon_core.environment[0m [1;30mLevel 1[0m create_file_with_runtime_dependencies(/home/david/yolocpp_ws/install/yolocpp/share/colcon-core/packages/yolocpp)
[2.211s] [34mcolcon.colcon_core.environment[0m [1;30mLevel 1[0m create_environment_scripts_only(tensorrt_yolo)
[2.212s] [34mcolcon.colcon_core.environment[0m [1;30mLevel 1[0m checking '/home/david/yolocpp_ws/install/tensorrt_yolo' for CMake module files
[2.213s] [34mcolcon.colcon_core.event_handler.log_command[0m [1;30mDEBUG[0m [32mInvoked command in '/home/david/yolocpp_ws/build/tensorrt_yolo' returned '0': CMAKE_PREFIX_PATH=/home/david/yolocpp_ws/install/yolo_custom_interfaces:/home/david/yolopy_ws/install/image_directory_publisher:/home/david/yolocpp_ws/install/zoe_bringup:/home/david/yolocpp_ws/install/yolocpp:/home/david/yolocpp_ws/install/tensorrt_yolo:/home/david/yolocpp_ws/install/pylon_instant_camera:/home/david/yolocpp_ws/install/bboxes_ex_msgs:/home/david/yolopy_ws/install/yolopy:/opt/ros/humble LD_LIBRARY_PATH=/home/david/yolocpp_ws/install/yolo_custom_interfaces/lib:/home/david/yolopy_ws/install/image_directory_publisher/lib:/home/david/yolocpp_ws/install/pylon_instant_camera/lib:/home/david/yolocpp_ws/install/bboxes_ex_msgs/lib:/opt/ros/humble/opt/rviz_ogre_vendor/lib:/opt/ros/humble/lib/x86_64-linux-gnu:/opt/ros/humble/lib:/usr/local/cuda/lib64:/usr/local/cuda-11.2/lib64:/usr/local/cuda-11.2/lib64:/home/david/onnxruntime-linux-x64-gpu-1.22.0/lib PROMPT_COMMAND=echo -n \[$(date +%H:%M:%S)\]\ /home/david/.local/bin/cmake --install /home/david/yolocpp_ws/build/tensorrt_yolo[0m
[2.215s] [34mcolcon.colcon_core.environment[0m [1;30mLevel 1[0m checking '/home/david/yolocpp_ws/install/tensorrt_yolo' for CMake config files
[2.216s] [34mcolcon.colcon_core.shell[0m [1;30mLevel 1[0m create_environment_hook('tensorrt_yolo', 'cmake_prefix_path')
[2.217s] [34mcolcon.colcon_core.shell[0m [1;30mINFO[0m Creating environment hook '/home/david/yolocpp_ws/install/tensorrt_yolo/share/tensorrt_yolo/hook/cmake_prefix_path.ps1'
[2.219s] [34mcolcon.colcon_core.shell[0m [1;30mINFO[0m Creating environment descriptor '/home/david/yolocpp_ws/install/tensorrt_yolo/share/tensorrt_yolo/hook/cmake_prefix_path.dsv'
[2.220s] [34mcolcon.colcon_core.shell[0m [1;30mINFO[0m Creating environment hook '/home/david/yolocpp_ws/install/tensorrt_yolo/share/tensorrt_yolo/hook/cmake_prefix_path.sh'
[2.221s] [34mcolcon.colcon_core.environment[0m [1;30mLevel 1[0m checking '/home/david/yolocpp_ws/install/tensorrt_yolo/lib'
[2.221s] [34mcolcon.colcon_core.environment[0m [1;30mLevel 1[0m checking '/home/david/yolocpp_ws/install/tensorrt_yolo/bin'
[2.222s] [34mcolcon.colcon_core.environment[0m [1;30mLevel 1[0m checking '/home/david/yolocpp_ws/install/tensorrt_yolo/lib/pkgconfig/tensorrt_yolo.pc'
[2.222s] [34mcolcon.colcon_core.environment[0m [1;30mLevel 1[0m checking '/home/david/yolocpp_ws/install/tensorrt_yolo/lib/python3.10/site-packages'
[2.223s] [34mcolcon.colcon_core.environment[0m [1;30mLevel 1[0m checking '/home/david/yolocpp_ws/install/tensorrt_yolo/bin'
[2.223s] [34mcolcon.colcon_core.shell[0m [1;30mINFO[0m Creating package script '/home/david/yolocpp_ws/install/tensorrt_yolo/share/tensorrt_yolo/package.ps1'
[2.225s] [34mcolcon.colcon_core.shell[0m [1;30mINFO[0m Creating package descriptor '/home/david/yolocpp_ws/install/tensorrt_yolo/share/tensorrt_yolo/package.dsv'
[2.225s] [34mcolcon.colcon_core.shell[0m [1;30mINFO[0m Creating package script '/home/david/yolocpp_ws/install/tensorrt_yolo/share/tensorrt_yolo/package.sh'
[2.226s] [34mcolcon.colcon_core.shell[0m [1;30mINFO[0m Creating package script '/home/david/yolocpp_ws/install/tensorrt_yolo/share/tensorrt_yolo/package.bash'
[2.227s] [34mcolcon.colcon_core.shell[0m [1;30mINFO[0m Creating package script '/home/david/yolocpp_ws/install/tensorrt_yolo/share/tensorrt_yolo/package.zsh'
[2.227s] [34mcolcon.colcon_core.environment[0m [1;30mLevel 1[0m create_file_with_runtime_dependencies(/home/david/yolocpp_ws/install/tensorrt_yolo/share/colcon-core/packages/tensorrt_yolo)
[2.228s] [34mcolcon.colcon_core.environment[0m [1;30mLevel 1[0m create_environment_scripts_only(tensorrt_yolo)
[2.228s] [34mcolcon.colcon_core.environment[0m [1;30mLevel 1[0m checking '/home/david/yolocpp_ws/install/tensorrt_yolo' for CMake module files
[2.229s] [34mcolcon.colcon_core.environment[0m [1;30mLevel 1[0m checking '/home/david/yolocpp_ws/install/tensorrt_yolo' for CMake config files
[2.230s] [34mcolcon.colcon_core.shell[0m [1;30mLevel 1[0m create_environment_hook('tensorrt_yolo', 'cmake_prefix_path')
[2.230s] [34mcolcon.colcon_core.shell[0m [1;30mINFO[0m Creating environment hook '/home/david/yolocpp_ws/install/tensorrt_yolo/share/tensorrt_yolo/hook/cmake_prefix_path.ps1'
[2.231s] [34mcolcon.colcon_core.shell[0m [1;30mINFO[0m Creating environment descriptor '/home/david/yolocpp_ws/install/tensorrt_yolo/share/tensorrt_yolo/hook/cmake_prefix_path.dsv'
[2.231s] [34mcolcon.colcon_core.shell[0m [1;30mINFO[0m Creating environment hook '/home/david/yolocpp_ws/install/tensorrt_yolo/share/tensorrt_yolo/hook/cmake_prefix_path.sh'
[2.232s] [34mcolcon.colcon_core.environment[0m [1;30mLevel 1[0m checking '/home/david/yolocpp_ws/install/tensorrt_yolo/lib'
[2.233s] [34mcolcon.colcon_core.environment[0m [1;30mLevel 1[0m checking '/home/david/yolocpp_ws/install/tensorrt_yolo/bin'
[2.233s] [34mcolcon.colcon_core.environment[0m [1;30mLevel 1[0m checking '/home/david/yolocpp_ws/install/tensorrt_yolo/lib/pkgconfig/tensorrt_yolo.pc'
[2.233s] [34mcolcon.colcon_core.environment[0m [1;30mLevel 1[0m checking '/home/david/yolocpp_ws/install/tensorrt_yolo/lib/python3.10/site-packages'
[2.233s] [34mcolcon.colcon_core.environment[0m [1;30mLevel 1[0m checking '/home/david/yolocpp_ws/install/tensorrt_yolo/bin'
[2.234s] [34mcolcon.colcon_core.shell[0m [1;30mINFO[0m Creating package script '/home/david/yolocpp_ws/install/tensorrt_yolo/share/tensorrt_yolo/package.ps1'
[2.235s] [34mcolcon.colcon_core.shell[0m [1;30mINFO[0m Creating package descriptor '/home/david/yolocpp_ws/install/tensorrt_yolo/share/tensorrt_yolo/package.dsv'
[2.235s] [34mcolcon.colcon_core.shell[0m [1;30mINFO[0m Creating package script '/home/david/yolocpp_ws/install/tensorrt_yolo/share/tensorrt_yolo/package.sh'
[2.236s] [34mcolcon.colcon_core.shell[0m [1;30mINFO[0m Creating package script '/home/david/yolocpp_ws/install/tensorrt_yolo/share/tensorrt_yolo/package.bash'
[2.237s] [34mcolcon.colcon_core.shell[0m [1;30mINFO[0m Creating package script '/home/david/yolocpp_ws/install/tensorrt_yolo/share/tensorrt_yolo/package.zsh'
[2.238s] [34mcolcon.colcon_core.environment[0m [1;30mLevel 1[0m create_file_with_runtime_dependencies(/home/david/yolocpp_ws/install/tensorrt_yolo/share/colcon-core/packages/tensorrt_yolo)
[2.238s] [34mcolcon.colcon_parallel_executor.executor.parallel[0m [1;30mDEBUG[0m [32mclosing loop[0m
[2.239s] [34mcolcon.colcon_parallel_executor.executor.parallel[0m [1;30mDEBUG[0m [32mloop closed[0m
[2.240s] [34mcolcon.colcon_parallel_executor.executor.parallel[0m [1;30mDEBUG[0m [32mrun_until_complete finished with '0'[0m
[2.240s] [34mcolcon.colcon_core.event_reactor[0m [1;30mDEBUG[0m [32mjoining thread[0m
[2.250s] [34mcolcon.colcon_core.plugin_system[0m [1;30mINFO[0m Skipping extension 'colcon_notification.desktop_notification.terminal_notifier': Not used on non-Darwin systems
[2.250s] [34mcolcon.colcon_core.plugin_system[0m [1;30mINFO[0m Skipping extension 'colcon_notification.desktop_notification.win32': Not used on non-Windows systems
[2.251s] [34mcolcon.colcon_notification.desktop_notification[0m [1;30mINFO[0m Sending desktop notification using 'notify2'
[2.267s] [34mcolcon.colcon_core.event_reactor[0m [1;30mDEBUG[0m [32mjoined thread[0m
[2.267s] [34mcolcon.colcon_core.shell[0m [1;30mINFO[0m Creating prefix script '/home/david/yolocpp_ws/install/local_setup.ps1'
[2.269s] [34mcolcon.colcon_core.shell[0m [1;30mINFO[0m Creating prefix util module '/home/david/yolocpp_ws/install/_local_setup_util_ps1.py'
[2.270s] [34mcolcon.colcon_core.shell[0m [1;30mINFO[0m Creating prefix chain script '/home/david/yolocpp_ws/install/setup.ps1'
[2.272s] [34mcolcon.colcon_core.shell[0m [1;30mINFO[0m Creating prefix script '/home/david/yolocpp_ws/install/local_setup.sh'
[2.273s] [34mcolcon.colcon_core.shell[0m [1;30mINFO[0m Creating prefix util module '/home/david/yolocpp_ws/install/_local_setup_util_sh.py'
[2.274s] [34mcolcon.colcon_core.shell[0m [1;30mINFO[0m Creating prefix chain script '/home/david/yolocpp_ws/install/setup.sh'
[2.275s] [34mcolcon.colcon_core.shell[0m [1;30mINFO[0m Creating prefix script '/home/david/yolocpp_ws/install/local_setup.bash'
[2.276s] [34mcolcon.colcon_core.shell[0m [1;30mINFO[0m Creating prefix chain script '/home/david/yolocpp_ws/install/setup.bash'
[2.278s] [34mcolcon.colcon_core.shell[0m [1;30mINFO[0m Creating prefix script '/home/david/yolocpp_ws/install/local_setup.zsh'
[2.278s] [34mcolcon.colcon_core.shell[0m [1;30mINFO[0m Creating prefix chain script '/home/david/yolocpp_ws/install/setup.zsh'
