[  2%] Built target tensorrt_yolo__cpp
[  9%] Built target tensorrt_yolo__rosidl_generator_c
[  9%] Built target ament_cmake_python_copy_tensorrt_yolo
[ 17%] Built target tensorrt_yolo__rosidl_typesupport_cpp
[ 36%] Built target deploy
[ 43%] Built target tensorrt_yolo__rosidl_typesupport_introspection_c
[ 58%] Built target tensorrt_yolo__rosidl_typesupport_fastrtps_cpp
[ 58%] Built target tensorrt_yolo__rosidl_typesupport_introspection_cpp
[ 65%] Built target tensorrt_yolo__rosidl_typesupport_c
[ 73%] Built target tensorrt_yolo__rosidl_typesupport_fastrtps_c
[ 73%] Built target tensorrt_yolo
[ 78%] Built target tensorrt_yolo__py
[ 78%] [32mBuilding CXX object CMakeFiles/segment_node.dir/src/segment_node.cpp.o[0m
[ 82%] Built target tensorrt_yolo__rosidl_generator_py
[ 87%] Built target tensorrt_yolo__rosidl_typesupport_fastrtps_c__pyext
[ 92%] Built target tensorrt_yolo__rosidl_typesupport_introspection_c__pyext
[ 97%] Built target tensorrt_yolo__rosidl_typesupport_c__pyext
running egg_info
writing tensorrt_yolo.egg-info/PKG-INFO
writing dependency_links to tensorrt_yolo.egg-info/dependency_links.txt
writing top-level names to tensorrt_yolo.egg-info/top_level.txt
reading manifest file 'tensorrt_yolo.egg-info/SOURCES.txt'
writing manifest file 'tensorrt_yolo.egg-info/SOURCES.txt'
[ 97%] Built target ament_cmake_python_build_tensorrt_yolo_egg
