In file included from [01m[K/opt/ros/humble/include/rclcpp/rclcpp/logging.hpp:24[m[K,
                 from [01m[K/opt/ros/humble/include/rclcpp/rclcpp/client.hpp:40[m[K,
                 from [01m[K/opt/ros/humble/include/rclcpp/rclcpp/callback_group.hpp:24[m[K,
                 from [01m[K/opt/ros/humble/include/rclcpp/rclcpp/any_executable.hpp:20[m[K,
                 from [01m[K/opt/ros/humble/include/rclcpp/rclcpp/memory_strategy.hpp:25[m[K,
                 from [01m[K/opt/ros/humble/include/rclcpp/rclcpp/memory_strategies.hpp:18[m[K,
                 from [01m[K/opt/ros/humble/include/rclcpp/rclcpp/executor_options.hpp:20[m[K,
                 from [01m[K/opt/ros/humble/include/rclcpp/rclcpp/executor.hpp:37[m[K,
                 from [01m[K/opt/ros/humble/include/rclcpp/rclcpp/executors/multi_threaded_executor.hpp:25[m[K,
                 from [01m[K/opt/ros/humble/include/rclcpp/rclcpp/executors.hpp:21[m[K,
                 from [01m[K/opt/ros/humble/include/rclcpp/rclcpp/rclcpp.hpp:155[m[K,
                 from [01m[K/home/david/yolocpp_ws/src/seg_sub/src/seg_sub.cpp:1[m[K:
[01m[K/home/david/yolocpp_ws/src/seg_sub/src/seg_sub.cpp:[m[K In lambda function:
[01m[K/home/david/yolocpp_ws/src/seg_sub/src/seg_sub.cpp:121:25:[m[K [01;35m[Kwarning: [m[Kformat ‘[01m[K%ld[m[K’ expects argument of type ‘[01m[Klong int[m[K’, but argument 6 has type ‘[01m[Kbuiltin_interfaces::msg::Time_<std::allocator<void> >::_sec_type[m[K’ {aka ‘[01m[Kint[m[K’} [[01;35m[K]8;;https://gcc.gnu.org/onlinedocs/gcc/Warning-Options.html#index-Wformat=-Wformat=]8;;[m[K]
  121 |                         [01;35m[K"[%s] Latency Breakdown (ms) ImgPub OriginalTS: %ld.%09ld\n"[m[K
      |                         [01;35m[K^~~~~~~~~~~~~~~~~~~~~~~~~~~~~~~~~~~~~~~~~~~~~~~~~~~~~~~~~~~~[m[K
  122 | [01;35m[K                        "  T0_ImgPubTime ....................: %ld.%09ld\n"[m[K
      |                         [01;35m[K~~~~~~~~~~~~~~~~~~~~~~~~~~~~~~~~~~~~~~~~~~~~~~~~~~~[m[K
  123 | [01;35m[K                        "  T1_SegNode_CBCallTime ............: %ld.%09ld  |  T0->T1 (ImgPub to CB): %.3f ms\n"[m[K
      |                         [01;35m[K~~~~~~~~~~~~~~~~~~~~~~~~~~~~~~~~~~~~~~~~~~~~~~~~~~~~~~~~~~~~~~~~~~~~~~~~~~~~~~~~~~~~~~[m[K
  124 | [01;35m[K                        "  T2_SegNode_BatchProcStartTime ....: %ld.%09ld  |  T1->T2 (CB to BatchStart): %.3f ms\n"[m[K
      |                         [01;35m[K~~~~~~~~~~~~~~~~~~~~~~~~~~~~~~~~~~~~~~~~~~~~~~~~~~~~~~~~~~~~~~~~~~~~~~~~~~~~~~~~~~~~~~~~~~[m[K
  125 | [01;35m[K                        "  T3_SegNode_ResultPubTime .........: %ld.%09ld  |  T2->T3 (BatchStart to ResPub): %.3f ms\n"[m[K
      |                         [01;35m[K~~~~~~~~~~~~~~~~~~~~~~~~~~~~~~~~~~~~~~~~~~~~~~~~~~~~~~~~~~~~~~~~~~~~~~~~~~~~~~~~~~~~~~~~~~~~~~[m[K
  126 | [01;35m[K                        "  T4_SegSub_ResultRecvTime .........: %ld.%09ld  |  T3->T4 (ResPub to SegSubRecv): %.3f ms\n"[m[K
      |                         [01;35m[K~~~~~~~~~~~~~~~~~~~~~~~~~~~~~~~~~~~~~~~~~~~~~~~~~~~~~~~~~~~~~~~~~~~~~~~~~~~~~~~~~~~~~~~~~~~~~~[m[K
  127 | [01;35m[K                        "  --------------------------------------------------------------------------------------\n"[m[K
      |                         [01;35m[K~~~~~~~~~~~~~~~~~~~~~~~~~~~~~~~~~~~~~~~~~~~~~~~~~~~~~~~~~~~~~~~~~~~~~~~~~~~~~~~~~~~~~~~~~~~~[m[K
  128 | [01;35m[K                        "  Cumulative T1->T4 (SegNodeCB to SegSubRecv): %.3f ms\n"[m[K
      |                         [01;35m[K~~~~~~~~~~~~~~~~~~~~~~~~~~~~~~~~~~~~~~~~~~~~~~~~~~~~~~~~~~[m[K
  129 | [01;35m[K                        "  TOTAL E2E  T0->T4 (ImgPub to SegSubRecv)   : %.3f ms"[m[K,
      |                         [01;35m[K~~~~~~~~~~~~~~~~~~~~~~~~~~~~~~~~~~~~~~~~~~~~~~~~~~~~~~~~[m[K
  130 |                         camera_id.c_str(), [32m[Kmsg->header.stamp.sec[m[K, msg->header.stamp.nanosec, // Using original image pub TS for context
      |                                            [32m[K~~~~~~~~~~~~~~~~~~~~~[m[K
      |                                                              [32m[K|[m[K
      |                                                              [32m[Kbuiltin_interfaces::msg::Time_<std::allocator<void> >::_sec_type {aka int}[m[K
[01m[K/home/david/yolocpp_ws/src/seg_sub/src/seg_sub.cpp:121:75:[m[K [01;36m[Knote: [m[Kformat string is defined here
  121 |                         "[%s] Latency Breakdown (ms) ImgPub OriginalTS: [01;36m[K%ld[m[K.%09ld\n"
      |                                                                         [01;36m[K~~^[m[K
      |                                                                           [01;36m[K|[m[K
      |                                                                           [01;36m[Klong int[m[K
      |                                                                         [32m[K%d[m[K
In file included from [01m[K/opt/ros/humble/include/rclcpp/rclcpp/logging.hpp:24[m[K,
                 from [01m[K/opt/ros/humble/include/rclcpp/rclcpp/client.hpp:40[m[K,
                 from [01m[K/opt/ros/humble/include/rclcpp/rclcpp/callback_group.hpp:24[m[K,
                 from [01m[K/opt/ros/humble/include/rclcpp/rclcpp/any_executable.hpp:20[m[K,
                 from [01m[K/opt/ros/humble/include/rclcpp/rclcpp/memory_strategy.hpp:25[m[K,
                 from [01m[K/opt/ros/humble/include/rclcpp/rclcpp/memory_strategies.hpp:18[m[K,
                 from [01m[K/opt/ros/humble/include/rclcpp/rclcpp/executor_options.hpp:20[m[K,
                 from [01m[K/opt/ros/humble/include/rclcpp/rclcpp/executor.hpp:37[m[K,
                 from [01m[K/opt/ros/humble/include/rclcpp/rclcpp/executors/multi_threaded_executor.hpp:25[m[K,
                 from [01m[K/opt/ros/humble/include/rclcpp/rclcpp/executors.hpp:21[m[K,
                 from [01m[K/opt/ros/humble/include/rclcpp/rclcpp/rclcpp.hpp:155[m[K,
                 from [01m[K/home/david/yolocpp_ws/src/seg_sub/src/seg_sub.cpp:1[m[K:
[01m[K/home/david/yolocpp_ws/src/seg_sub/src/seg_sub.cpp:121:25:[m[K [01;35m[Kwarning: [m[Kformat ‘[01m[K%ld[m[K’ expects argument of type ‘[01m[Klong int[m[K’, but argument 7 has type ‘[01m[Kbuiltin_interfaces::msg::Time_<std::allocator<void> >::_nanosec_type[m[K’ {aka ‘[01m[Kunsigned int[m[K’} [[01;35m[K]8;;https://gcc.gnu.org/onlinedocs/gcc/Warning-Options.html#index-Wformat=-Wformat=]8;;[m[K]
  121 |                         [01;35m[K"[%s] Latency Breakdown (ms) ImgPub OriginalTS: %ld.%09ld\n"[m[K
      |                         [01;35m[K^~~~~~~~~~~~~~~~~~~~~~~~~~~~~~~~~~~~~~~~~~~~~~~~~~~~~~~~~~~~[m[K
  122 | [01;35m[K                        "  T0_ImgPubTime ....................: %ld.%09ld\n"[m[K
      |                         [01;35m[K~~~~~~~~~~~~~~~~~~~~~~~~~~~~~~~~~~~~~~~~~~~~~~~~~~~[m[K
  123 | [01;35m[K                        "  T1_SegNode_CBCallTime ............: %ld.%09ld  |  T0->T1 (ImgPub to CB): %.3f ms\n"[m[K
      |                         [01;35m[K~~~~~~~~~~~~~~~~~~~~~~~~~~~~~~~~~~~~~~~~~~~~~~~~~~~~~~~~~~~~~~~~~~~~~~~~~~~~~~~~~~~~~~[m[K
  124 | [01;35m[K                        "  T2_SegNode_BatchProcStartTime ....: %ld.%09ld  |  T1->T2 (CB to BatchStart): %.3f ms\n"[m[K
      |                         [01;35m[K~~~~~~~~~~~~~~~~~~~~~~~~~~~~~~~~~~~~~~~~~~~~~~~~~~~~~~~~~~~~~~~~~~~~~~~~~~~~~~~~~~~~~~~~~~[m[K
  125 | [01;35m[K                        "  T3_SegNode_ResultPubTime .........: %ld.%09ld  |  T2->T3 (BatchStart to ResPub): %.3f ms\n"[m[K
      |                         [01;35m[K~~~~~~~~~~~~~~~~~~~~~~~~~~~~~~~~~~~~~~~~~~~~~~~~~~~~~~~~~~~~~~~~~~~~~~~~~~~~~~~~~~~~~~~~~~~~~~[m[K
  126 | [01;35m[K                        "  T4_SegSub_ResultRecvTime .........: %ld.%09ld  |  T3->T4 (ResPub to SegSubRecv): %.3f ms\n"[m[K
      |                         [01;35m[K~~~~~~~~~~~~~~~~~~~~~~~~~~~~~~~~~~~~~~~~~~~~~~~~~~~~~~~~~~~~~~~~~~~~~~~~~~~~~~~~~~~~~~~~~~~~~~[m[K
  127 | [01;35m[K                        "  --------------------------------------------------------------------------------------\n"[m[K
      |                         [01;35m[K~~~~~~~~~~~~~~~~~~~~~~~~~~~~~~~~~~~~~~~~~~~~~~~~~~~~~~~~~~~~~~~~~~~~~~~~~~~~~~~~~~~~~~~~~~~~[m[K
  128 | [01;35m[K                        "  Cumulative T1->T4 (SegNodeCB to SegSubRecv): %.3f ms\n"[m[K
      |                         [01;35m[K~~~~~~~~~~~~~~~~~~~~~~~~~~~~~~~~~~~~~~~~~~~~~~~~~~~~~~~~~~[m[K
  129 | [01;35m[K                        "  TOTAL E2E  T0->T4 (ImgPub to SegSubRecv)   : %.3f ms"[m[K,
      |                         [01;35m[K~~~~~~~~~~~~~~~~~~~~~~~~~~~~~~~~~~~~~~~~~~~~~~~~~~~~~~~~[m[K
  130 |                         camera_id.c_str(), msg->header.stamp.sec, [32m[Kmsg->header.stamp.nanosec[m[K, // Using original image pub TS for context
      |                                                                   [32m[K~~~~~~~~~~~~~~~~~~~~~~~~~[m[K
      |                                                                                     [32m[K|[m[K
      |                                                                                     [32m[Kbuiltin_interfaces::msg::Time_<std::allocator<void> >::_nanosec_type {aka unsigned int}[m[K
[01m[K/home/david/yolocpp_ws/src/seg_sub/src/seg_sub.cpp:121:81:[m[K [01;36m[Knote: [m[Kformat string is defined here
  121 |                         "[%s] Latency Breakdown (ms) ImgPub OriginalTS: %ld.[01;36m[K%09ld[m[K\n"
      |                                                                             [01;36m[K~~~~^[m[K
      |                                                                                 [01;36m[K|[m[K
      |                                                                                 [01;36m[Klong int[m[K
      |                                                                             [32m[K%09d[m[K
