[0.006s] Invoking command in '/home/david/yolocpp_ws/build/seg_sub': AMENT_PREFIX_PATH=/home/david/yolocpp_ws/install/yolo_custom_interfaces:${AMENT_PREFIX_PATH} CMAKE_PREFIX_PATH=/home/david/yolocpp_ws/install/yolo_custom_interfaces:/opt/ros/humble LD_LIBRARY_PATH=/home/david/yolocpp_ws/install/yolo_custom_interfaces/lib:/usr/local/cuda-12.9/lib64:/usr/local/cuda-12.9/lib64:/opt/pylon/lib:/opt/ros/humble/opt/rviz_ogre_vendor/lib:/opt/ros/humble/lib/x86_64-linux-gnu:/opt/ros/humble/lib:/usr/local/cuda/lib64:/usr/local/cuda-11.2/lib64:/usr/local/cuda-11.2/lib64:/home/david/onnxruntime-linux-x64-gpu-1.22.0/lib PROMPT_COMMAND=echo -n \[$(date +%H:%M:%S)\]\ PYTHONPATH=/home/david/yolocpp_ws/install/yolo_custom_interfaces/local/lib/python3.10/dist-packages:${PYTHONPATH} /home/david/.local/bin/cmake --build /home/david/yolocpp_ws/build/seg_sub -- -j32 -l32
[0.051s] [ 33%] Built target chrono
[0.060s] [35m[1mConsolidate compiler generated dependencies of target seg_sub_yolo_node[0m
[0.069s] [ 66%] Built target seg_sub_pid_node
[0.070s] [ 83%] [32mBuilding CXX object CMakeFiles/seg_sub_yolo_node.dir/src/seg_sub_yolo.cpp.o[0m
[1.406s] In file included from [01m[K/opt/ros/humble/include/rclcpp/rclcpp/client.hpp:40[m[K,
[1.406s]                  from [01m[K/opt/ros/humble/include/rclcpp/rclcpp/callback_group.hpp:24[m[K,
[1.406s]                  from [01m[K/opt/ros/humble/include/rclcpp/rclcpp/any_executable.hpp:20[m[K,
[1.406s]                  from [01m[K/opt/ros/humble/include/rclcpp/rclcpp/memory_strategy.hpp:25[m[K,
[1.406s]                  from [01m[K/opt/ros/humble/include/rclcpp/rclcpp/memory_strategies.hpp:18[m[K,
[1.406s]                  from [01m[K/opt/ros/humble/include/rclcpp/rclcpp/executor_options.hpp:20[m[K,
[1.406s]                  from [01m[K/opt/ros/humble/include/rclcpp/rclcpp/executor.hpp:37[m[K,
[1.406s]                  from [01m[K/opt/ros/humble/include/rclcpp/rclcpp/executors/multi_threaded_executor.hpp:25[m[K,
[1.406s]                  from [01m[K/opt/ros/humble/include/rclcpp/rclcpp/executors.hpp:21[m[K,
[1.406s]                  from [01m[K/opt/ros/humble/include/rclcpp/rclcpp/rclcpp.hpp:155[m[K,
[1.406s]                  from [01m[K/home/david/yolocpp_ws/src/seg_sub/src/seg_sub_yolo.cpp:1[m[K:
[1.406s] [01m[K/home/david/yolocpp_ws/src/seg_sub/src/seg_sub_yolo.cpp:[m[K In function ‘[01m[Kcv::Mat arrayToMat(const std::vector<unsigned char, std::allocator<unsigned char> >&, int, int)[m[K’:
[1.406s] [01m[K/home/david/yolocpp_ws/src/seg_sub/src/seg_sub_yolo.cpp:78:21:[m[K [01;31m[Kerror: [m[Kinvalid use of ‘[01m[Kthis[m[K’ in non-member function
[1.406s]    78 |         RCLCPP_WARN([01;31m[Kthis[m[K->get_logger(), "arrayToMat: Datos vacíos o dimensiones inválidas.");
[1.406s]       |                     [01;31m[K^~~~[m[K
[1.406s] [01m[K/home/david/yolocpp_ws/src/seg_sub/src/seg_sub_yolo.cpp:78:21:[m[K [01;31m[Kerror: [m[Kinvalid use of ‘[01m[Kthis[m[K’ in non-member function
[1.406s] [01m[K/home/david/yolocpp_ws/src/seg_sub/src/seg_sub_yolo.cpp:78:9:[m[K [01;31m[Kerror: [m[Ktemplate argument 1 is invalid
[1.406s]    78 |         [01;31m[KRCLCPP_WARN[m[K(this->get_logger(), "arrayToMat: Datos vacíos o dimensiones inválidas.");
[1.406s]       |         [01;31m[K^~~~~~~~~~~[m[K
[1.406s] [01m[K/home/david/yolocpp_ws/src/seg_sub/src/seg_sub_yolo.cpp:78:9:[m[K [01;31m[Kerror: [m[Ktemplate argument 1 is invalid
[1.406s]    78 |         [01;31m[KRCLCPP_WARN[m[K(this->get_logger(), "arrayToMat: Datos vacíos o dimensiones inválidas.");
[1.406s]       |         [01;31m[K^~~~~~~~~~~[m[K
[1.406s] [01m[K/home/david/yolocpp_ws/src/seg_sub/src/seg_sub_yolo.cpp:78:9:[m[K [01;31m[Kerror: [m[Ktemplate argument 1 is invalid
[1.406s]    78 |         [01;31m[KRCLCPP_WARN[m[K(this->get_logger(), "arrayToMat: Datos vacíos o dimensiones inválidas.");
[1.406s]       |         [01;31m[K^~~~~~~~~~~[m[K
[1.406s] In file included from [01m[K/opt/ros/humble/include/rclcpp/rclcpp/logging.hpp:24[m[K,
[1.406s]                  from [01m[K/opt/ros/humble/include/rclcpp/rclcpp/client.hpp:40[m[K,
[1.406s]                  from [01m[K/opt/ros/humble/include/rclcpp/rclcpp/callback_group.hpp:24[m[K,
[1.406s]                  from [01m[K/opt/ros/humble/include/rclcpp/rclcpp/any_executable.hpp:20[m[K,
[1.406s]                  from [01m[K/opt/ros/humble/include/rclcpp/rclcpp/memory_strategy.hpp:25[m[K,
[1.406s]                  from [01m[K/opt/ros/humble/include/rclcpp/rclcpp/memory_strategies.hpp:18[m[K,
[1.406s]                  from [01m[K/opt/ros/humble/include/rclcpp/rclcpp/executor_options.hpp:20[m[K,
[1.406s]                  from [01m[K/opt/ros/humble/include/rclcpp/rclcpp/executor.hpp:37[m[K,
[1.406s]                  from [01m[K/opt/ros/humble/include/rclcpp/rclcpp/executors/multi_threaded_executor.hpp:25[m[K,
[1.406s]                  from [01m[K/opt/ros/humble/include/rclcpp/rclcpp/executors.hpp:21[m[K,
[1.407s]                  from [01m[K/opt/ros/humble/include/rclcpp/rclcpp/rclcpp.hpp:155[m[K,
[1.407s]                  from [01m[K/home/david/yolocpp_ws/src/seg_sub/src/seg_sub_yolo.cpp:1[m[K:
[1.407s] [01m[K/home/david/yolocpp_ws/src/seg_sub/src/seg_sub_yolo.cpp:78:21:[m[K [01;31m[Kerror: [m[Kinvalid use of ‘[01m[Kthis[m[K’ in non-member function
[1.407s]    78 |         RCLCPP_WARN([01;31m[Kthis[m[K->get_logger(), "arrayToMat: Datos vacíos o dimensiones inválidas.");
[1.407s]       |                     [01;31m[K^~~~[m[K
[1.407s] [01m[K/home/david/yolocpp_ws/src/seg_sub/src/seg_sub_yolo.cpp:78:21:[m[K [01;31m[Kerror: [m[Kinvalid use of ‘[01m[Kthis[m[K’ in non-member function
[1.407s]    78 |         RCLCPP_WARN([01;31m[Kthis[m[K->get_logger(), "arrayToMat: Datos vacíos o dimensiones inválidas.");
[1.407s]       |                     [01;31m[K^~~~[m[K
[1.463s] [01m[K/home/david/yolocpp_ws/src/seg_sub/src/seg_sub_yolo.cpp:[m[K In lambda function:
[1.463s] [01m[K/home/david/yolocpp_ws/src/seg_sub/src/seg_sub_yolo.cpp:447:61:[m[K [01;31m[Kerror: [m[Kno matching function for call to ‘[01m[KFrequencySubscriber::create_colored_mask(const SharedPtr&, const string&)[m[K’
[1.463s]   447 |             cv::Mat colored_mask = [01;31m[Kthis->create_colored_mask(msg, camera_id)[m[K;
[1.463s]       |                                    [01;31m[K~~~~~~~~~~~~~~~~~~~~~~~~~^~~~~~~~~~~~~~~~[m[K
[1.463s] [01m[K/home/david/yolocpp_ws/src/seg_sub/src/seg_sub_yolo.cpp:844:13:[m[K [01;36m[Knote: [m[Kcandidate: ‘[01m[Kcv::Mat FrequencySubscriber::create_colored_mask(const cv::Mat&, const std::vector<float>&, const std::vector<unsigned char, std::allocator<unsigned char> >&, const string&)[m[K’
[1.463s]   844 |     cv::Mat [01;36m[Kcreate_colored_mask[m[K(const cv::Mat& instance_id_mask, const std::vector<float_t>& scores, const std::vector<uint8_t>& classes, const std::string &camera_id)
[1.463s]       |             [01;36m[K^~~~~~~~~~~~~~~~~~~[m[K
[1.463s] [01m[K/home/david/yolocpp_ws/src/seg_sub/src/seg_sub_yolo.cpp:844:13:[m[K [01;36m[Knote: [m[K  candidate expects 4 arguments, 2 provided
[1.482s] [01m[K/home/david/yolocpp_ws/src/seg_sub/src/seg_sub_yolo.cpp:[m[K In member function ‘[01m[Kvoid FrequencySubscriber::save_anomalous_frame_and_log(const cv::Mat&, const std::vector<unsigned char, std::allocator<unsigned char> >&, const std::vector<float>&, const string&)[m[K’:
[1.482s] [01m[K/home/david/yolocpp_ws/src/seg_sub/src/seg_sub_yolo.cpp:740:78:[m[K [01;31m[Kerror: [m[Kcannot convert ‘[01m[Kconst std::vector<unsigned char, std::allocator<unsigned char> >[m[K’ to ‘[01m[Kconst std::vector<float>&[m[K’
[1.482s]   740 |         cv::Mat colored_mask_display = create_colored_mask(instance_id_mask, [01;31m[Kclasses[m[K, scores, camera_id);
[1.482s]       |                                                                              [01;31m[K^~~~~~~[m[K
[1.482s]       |                                                                              [01;31m[K|[m[K
[1.482s]       |                                                                              [01;31m[Kconst std::vector<unsigned char, std::allocator<unsigned char> >[m[K
[1.482s] [01m[K/home/david/yolocpp_ws/src/seg_sub/src/seg_sub_yolo.cpp:844:94:[m[K [01;36m[Knote: [m[K  initializing argument 2 of ‘[01m[Kcv::Mat FrequencySubscriber::create_colored_mask(const cv::Mat&, const std::vector<float>&, const std::vector<unsigned char, std::allocator<unsigned char> >&, const string&)[m[K’
[1.482s]   844 | Mat create_colored_mask(const cv::Mat& instance_id_mask, [01;36m[Kconst std::vector<float_t>& scores[m[K, const std::vector<uint8_t>& classes, const std::string &camera_id)
[1.482s]       |                                                          [01;36m[K~~~~~~~~~~~~~~~~~~~~~~~~~~~~^~~~~~[m[K
[1.482s] 
[1.488s] [01m[K/home/david/yolocpp_ws/src/seg_sub/src/seg_sub_yolo.cpp:745:71:[m[K [01;31m[Kerror: [m[K‘[01m[Kpacket_seq_num[m[K’ was not declared in this scope
[1.488s]   745 |                                      camera_id + "_" + std::to_string([01;31m[Kpacket_seq_num[m[K) + ".png";
[1.488s]       |                                                                       [01;31m[K^~~~~~~~~~~~~~[m[K
[1.489s] In file included from [01m[K/opt/ros/humble/include/rclcpp/rclcpp/logging.hpp:24[m[K,
[1.489s]                  from [01m[K/opt/ros/humble/include/rclcpp/rclcpp/client.hpp:40[m[K,
[1.489s]                  from [01m[K/opt/ros/humble/include/rclcpp/rclcpp/callback_group.hpp:24[m[K,
[1.489s]                  from [01m[K/opt/ros/humble/include/rclcpp/rclcpp/any_executable.hpp:20[m[K,
[1.489s]                  from [01m[K/opt/ros/humble/include/rclcpp/rclcpp/memory_strategy.hpp:25[m[K,
[1.489s]                  from [01m[K/opt/ros/humble/include/rclcpp/rclcpp/memory_strategies.hpp:18[m[K,
[1.489s]                  from [01m[K/opt/ros/humble/include/rclcpp/rclcpp/executor_options.hpp:20[m[K,
[1.489s]                  from [01m[K/opt/ros/humble/include/rclcpp/rclcpp/executor.hpp:37[m[K,
[1.489s]                  from [01m[K/opt/ros/humble/include/rclcpp/rclcpp/executors/multi_threaded_executor.hpp:25[m[K,
[1.489s]                  from [01m[K/opt/ros/humble/include/rclcpp/rclcpp/executors.hpp:21[m[K,
[1.489s]                  from [01m[K/opt/ros/humble/include/rclcpp/rclcpp/rclcpp.hpp:155[m[K,
[1.489s]                  from [01m[K/home/david/yolocpp_ws/src/seg_sub/src/seg_sub_yolo.cpp:1[m[K:
[1.489s] [01m[K/home/david/yolocpp_ws/src/seg_sub/src/seg_sub_yolo.cpp:748:69:[m[K [01;31m[Kerror: [m[K‘[01m[Kmsg[m[K’ was not declared in this scope
[1.489s]   748 |                          camera_id.c_str(), image_filename.c_str(), [01;31m[Kmsg[m[K->header.stamp.sec, msg->header.stamp.nanosec);
[1.489s]       |                                                                     [01;31m[K^~~[m[K
[1.489s] [01m[K/home/david/yolocpp_ws/src/seg_sub/src/seg_sub_yolo.cpp:748:69:[m[K [01;36m[Knote: [m[Ksuggested alternatives:
[1.489s] In file included from [01m[K/opt/ros/humble/include/builtin_interfaces/builtin_interfaces/msg/duration.hpp:7[m[K,
[1.489s]                  from [01m[K/opt/ros/humble/include/rclcpp/rclcpp/duration.hpp:20[m[K,
[1.489s]                  from [01m[K/opt/ros/humble/include/rclcpp/rclcpp/qos.hpp:20[m[K,
[1.489s]                  from [01m[K/opt/ros/humble/include/rclcpp/rclcpp/node_interfaces/node_graph_interface.hpp:32[m[K,
[1.489s]                  from [01m[K/opt/ros/humble/include/rclcpp/rclcpp/client.hpp:42[m[K,
[1.489s]                  from [01m[K/opt/ros/humble/include/rclcpp/rclcpp/callback_group.hpp:24[m[K,
[1.489s]                  from [01m[K/opt/ros/humble/include/rclcpp/rclcpp/any_executable.hpp:20[m[K,
[1.489s]                  from [01m[K/opt/ros/humble/include/rclcpp/rclcpp/memory_strategy.hpp:25[m[K,
[1.489s]                  from [01m[K/opt/ros/humble/include/rclcpp/rclcpp/memory_strategies.hpp:18[m[K,
[1.489s]                  from [01m[K/opt/ros/humble/include/rclcpp/rclcpp/executor_options.hpp:20[m[K,
[1.489s]                  from [01m[K/opt/ros/humble/include/rclcpp/rclcpp/executor.hpp:37[m[K,
[1.489s]                  from [01m[K/opt/ros/humble/include/rclcpp/rclcpp/executors/multi_threaded_executor.hpp:25[m[K,
[1.489s]                  from [01m[K/opt/ros/humble/include/rclcpp/rclcpp/executors.hpp:21[m[K,
[1.489s]                  from [01m[K/opt/ros/humble/include/rclcpp/rclcpp/rclcpp.hpp:155[m[K,
[1.489s]                  from [01m[K/home/david/yolocpp_ws/src/seg_sub/src/seg_sub_yolo.cpp:1[m[K:
[1.489s] [01m[K/opt/ros/humble/include/builtin_interfaces/builtin_interfaces/msg/detail/duration__struct.hpp:27:11:[m[K [01;36m[Knote: [m[K  ‘[01m[Kbuiltin_interfaces::msg[m[K’
[1.489s]    27 | namespace [01;36m[Kmsg[m[K
[1.489s]       |           [01;36m[K^~~[m[K
[1.489s] In file included from [01m[K/opt/ros/humble/include/rcl_interfaces/rcl_interfaces/msg/set_parameters_result.hpp:7[m[K,
[1.489s]                  from [01m[K/opt/ros/humble/include/rclcpp/rclcpp/qos_overriding_options.hpp:28[m[K,
[1.489s]                  from [01m[K/opt/ros/humble/include/rclcpp/rclcpp/subscription_options.hpp:30[m[K,
[1.489s]                  from [01m[K/opt/ros/humble/include/rclcpp/rclcpp/subscription.hpp:45[m[K,
[1.490s]                  from [01m[K/opt/ros/humble/include/rclcpp/rclcpp/any_executable.hpp:25[m[K,
[1.490s]                  from [01m[K/opt/ros/humble/include/rclcpp/rclcpp/memory_strategy.hpp:25[m[K,
[1.490s]                  from [01m[K/opt/ros/humble/include/rclcpp/rclcpp/memory_strategies.hpp:18[m[K,
[1.490s]                  from [01m[K/opt/ros/humble/include/rclcpp/rclcpp/executor_options.hpp:20[m[K,
[1.490s]                  from [01m[K/opt/ros/humble/include/rclcpp/rclcpp/executor.hpp:37[m[K,
[1.490s]                  from [01m[K/opt/ros/humble/include/rclcpp/rclcpp/executors/multi_threaded_executor.hpp:25[m[K,
[1.490s]                  from [01m[K/opt/ros/humble/include/rclcpp/rclcpp/executors.hpp:21[m[K,
[1.490s]                  from [01m[K/opt/ros/humble/include/rclcpp/rclcpp/rclcpp.hpp:155[m[K,
[1.490s]                  from [01m[K/home/david/yolocpp_ws/src/seg_sub/src/seg_sub_yolo.cpp:1[m[K:
[1.490s] [01m[K/opt/ros/humble/include/rcl_interfaces/rcl_interfaces/msg/detail/set_parameters_result__struct.hpp:27:11:[m[K [01;36m[Knote: [m[K  ‘[01m[Krcl_interfaces::msg[m[K’
[1.490s]    27 | namespace [01;36m[Kmsg[m[K
[1.490s]       |           [01;36m[K^~~[m[K
[1.490s] In file included from [01m[K/opt/ros/humble/include/statistics_msgs/statistics_msgs/msg/detail/metrics_message__struct.hpp:23[m[K,
[1.490s]                  from [01m[K/opt/ros/humble/include/statistics_msgs/statistics_msgs/msg/metrics_message.hpp:7[m[K,
[1.490s]                  from [01m[K/opt/ros/humble/include/libstatistics_collector/libstatistics_collector/collector/generate_statistics_message.hpp:21[m[K,
[1.490s]                  from [01m[K/opt/ros/humble/include/rclcpp/rclcpp/topic_statistics/subscription_topic_statistics.hpp:23[m[K,
[1.490s]                  from [01m[K/opt/ros/humble/include/rclcpp/rclcpp/subscription.hpp:50[m[K,
[1.490s]                  from [01m[K/opt/ros/humble/include/rclcpp/rclcpp/any_executable.hpp:25[m[K,
[1.490s]                  from [01m[K/opt/ros/humble/include/rclcpp/rclcpp/memory_strategy.hpp:25[m[K,
[1.490s]                  from [01m[K/opt/ros/humble/include/rclcpp/rclcpp/memory_strategies.hpp:18[m[K,
[1.490s]                  from [01m[K/opt/ros/humble/include/rclcpp/rclcpp/executor_options.hpp:20[m[K,
[1.490s]                  from [01m[K/opt/ros/humble/include/rclcpp/rclcpp/executor.hpp:37[m[K,
[1.490s]                  from [01m[K/opt/ros/humble/include/rclcpp/rclcpp/executors/multi_threaded_executor.hpp:25[m[K,
[1.490s]                  from [01m[K/opt/ros/humble/include/rclcpp/rclcpp/executors.hpp:21[m[K,
[1.490s]                  from [01m[K/opt/ros/humble/include/rclcpp/rclcpp/rclcpp.hpp:155[m[K,
[1.490s]                  from [01m[K/home/david/yolocpp_ws/src/seg_sub/src/seg_sub_yolo.cpp:1[m[K:
[1.490s] [01m[K/opt/ros/humble/include/statistics_msgs/statistics_msgs/msg/detail/statistic_data_point__struct.hpp:27:11:[m[K [01;36m[Knote: [m[K  ‘[01m[Kstatistics_msgs::msg[m[K’
[1.490s]    27 | namespace [01;36m[Kmsg[m[K
[1.490s]       |           [01;36m[K^~~[m[K
[1.490s] In file included from [01m[K/home/david/yolocpp_ws/install/yolo_custom_interfaces/include/yolo_custom_interfaces/yolo_custom_interfaces/msg/detail/instance_segmentation_info__struct.hpp:20[m[K,
[1.490s]                  from [01m[K/home/david/yolocpp_ws/install/yolo_custom_interfaces/include/yolo_custom_interfaces/yolo_custom_interfaces/msg/instance_segmentation_info.hpp:7[m[K,
[1.490s]                  from [01m[K/home/david/yolocpp_ws/src/seg_sub/src/seg_sub_yolo.cpp:2[m[K:
[1.490s] [01m[K/opt/ros/humble/include/std_msgs/std_msgs/msg/detail/header__struct.hpp:31:11:[m[K [01;36m[Knote: [m[K  ‘[01m[Kstd_msgs::msg[m[K’
[1.490s]    31 | namespace [01;36m[Kmsg[m[K
[1.490s]       |           [01;36m[K^~~[m[K
[1.490s] In file included from [01m[K/home/david/yolocpp_ws/install/yolo_custom_interfaces/include/yolo_custom_interfaces/yolo_custom_interfaces/msg/instance_segmentation_info.hpp:7[m[K,
[1.490s]                  from [01m[K/home/david/yolocpp_ws/src/seg_sub/src/seg_sub_yolo.cpp:2[m[K:
[1.490s] [01m[K/home/david/yolocpp_ws/install/yolo_custom_interfaces/include/yolo_custom_interfaces/yolo_custom_interfaces/msg/detail/instance_segmentation_info__struct.hpp:37:11:[m[K [01;36m[Knote: [m[K  ‘[01m[Kyolo_custom_interfaces::msg[m[K’
[1.490s]    37 | namespace [01;36m[Kmsg[m[K
[1.490s]       |           [01;36m[K^~~[m[K
[1.490s] In file included from [01m[K/opt/ros/humble/include/sensor_msgs/sensor_msgs/msg/image.hpp:7[m[K,
[1.490s]                  from [01m[K/opt/ros/humble/include/cv_bridge/cv_bridge/cv_bridge.h:40[m[K,
[1.490s]                  from [01m[K/home/david/yolocpp_ws/src/seg_sub/src/seg_sub_yolo.cpp:14[m[K:
[1.490s] [01m[K/opt/ros/humble/include/sensor_msgs/sensor_msgs/msg/detail/image__struct.hpp:31:11:[m[K [01;36m[Knote: [m[K  ‘[01m[Ksensor_msgs::msg[m[K’
[1.490s]    31 | namespace [01;36m[Kmsg[m[K
[1.490s]       |           [01;36m[K^~~[m[K
[1.494s] [01m[K/home/david/yolocpp_ws/src/seg_sub/src/seg_sub_yolo.cpp:[m[K In member function ‘[01m[Kcv::Mat FrequencySubscriber::create_colored_mask(const cv::Mat&, const std::vector<float>&, const std::vector<unsigned char, std::allocator<unsigned char> >&, const string&)[m[K’:
[1.494s] [01m[K/home/david/yolocpp_ws/src/seg_sub/src/seg_sub_yolo.cpp:844:94:[m[K [01;35m[Kwarning: [m[Kunused parameter ‘[01m[Kscores[m[K’ [[01;35m[K]8;;https://gcc.gnu.org/onlinedocs/gcc/Warning-Options.html#index-Wunused-parameter-Wunused-parameter]8;;[m[K]
[1.494s]   844 | Mat create_colored_mask(const cv::Mat& instance_id_mask, [01;35m[Kconst std::vector<float_t>& scores[m[K, const std::vector<uint8_t>& classes, const std::string &camera_id)
[1.494s]       |                                                          [01;35m[K~~~~~~~~~~~~~~~~~~~~~~~~~~~~^~~~~~[m[K
[1.494s] 
[2.866s] gmake[2]: *** [CMakeFiles/seg_sub_yolo_node.dir/build.make:76: CMakeFiles/seg_sub_yolo_node.dir/src/seg_sub_yolo.cpp.o] Error 1
[2.866s] gmake[1]: *** [CMakeFiles/Makefile2:167: CMakeFiles/seg_sub_yolo_node.dir/all] Error 2
[2.866s] gmake: *** [Makefile:146: all] Error 2
[2.870s] Invoked command in '/home/david/yolocpp_ws/build/seg_sub' returned '2': AMENT_PREFIX_PATH=/home/david/yolocpp_ws/install/yolo_custom_interfaces:${AMENT_PREFIX_PATH} CMAKE_PREFIX_PATH=/home/david/yolocpp_ws/install/yolo_custom_interfaces:/opt/ros/humble LD_LIBRARY_PATH=/home/david/yolocpp_ws/install/yolo_custom_interfaces/lib:/usr/local/cuda-12.9/lib64:/usr/local/cuda-12.9/lib64:/opt/pylon/lib:/opt/ros/humble/opt/rviz_ogre_vendor/lib:/opt/ros/humble/lib/x86_64-linux-gnu:/opt/ros/humble/lib:/usr/local/cuda/lib64:/usr/local/cuda-11.2/lib64:/usr/local/cuda-11.2/lib64:/home/david/onnxruntime-linux-x64-gpu-1.22.0/lib PROMPT_COMMAND=echo -n \[$(date +%H:%M:%S)\]\ PYTHONPATH=/home/david/yolocpp_ws/install/yolo_custom_interfaces/local/lib/python3.10/dist-packages:${PYTHONPATH} /home/david/.local/bin/cmake --build /home/david/yolocpp_ws/build/seg_sub -- -j32 -l32
