[0.377s] Invoking command in '/home/david/yolocpp_ws/build/vulcanexus_base': PROMPT_COMMAND=echo -n \[$(date +%H:%M:%S)\]\ /home/david/.local/bin/cmake /home/david/yolocpp_ws/vulcanexus/vulcanexus_base -DTRT_PATH=/usr -DCMAKE_CUDA_ARCHITECTURES=89 -DCMAKE_CUDA_COMPILER=/usr/local/cuda-12.9/bin/nvcc -DCMAKE_INSTALL_PREFIX=/home/david/yolocpp_ws/install/vulcanexus_base
[0.422s] -- The C compiler identification is GNU 11.4.0
[0.456s] -- The CXX compiler identification is GNU 11.4.0
[0.463s] -- Detecting C compiler ABI info
[0.500s] -- Detecting C compiler ABI info - done
[0.505s] -- Check for working C compiler: /usr/bin/cc - skipped
[0.505s] -- Detecting C compile features
[0.505s] -- Detecting C compile features - done
[0.507s] -- Detecting CXX compiler ABI info
[0.547s] -- Detecting CXX compiler ABI info - done
[0.553s] -- Check for working CXX compiler: /usr/bin/c++ - skipped
[0.553s] -- Detecting CXX compile features
[0.553s] -- Detecting CXX compile features - done
[0.554s] -- Configuring done
[0.554s] -- Generating done
[0.555s] [33mCMake Warning:
[0.555s]   Manually-specified variables were not used by the project:
[0.555s] 
[0.555s]     CMAKE_CUDA_COMPILER
[0.555s]     TRT_PATH
[0.555s] 
[0.555s] [0m
[0.555s] -- Build files have been written to: /home/david/yolocpp_ws/build/vulcanexus_base
[0.559s] Invoked command in '/home/david/yolocpp_ws/build/vulcanexus_base' returned '0': PROMPT_COMMAND=echo -n \[$(date +%H:%M:%S)\]\ /home/david/.local/bin/cmake /home/david/yolocpp_ws/vulcanexus/vulcanexus_base -DTRT_PATH=/usr -DCMAKE_CUDA_ARCHITECTURES=89 -DCMAKE_CUDA_COMPILER=/usr/local/cuda-12.9/bin/nvcc -DCMAKE_INSTALL_PREFIX=/home/david/yolocpp_ws/install/vulcanexus_base
[0.559s] Invoking command in '/home/david/yolocpp_ws/build/vulcanexus_base': PROMPT_COMMAND=echo -n \[$(date +%H:%M:%S)\]\ /home/david/.local/bin/cmake --build /home/david/yolocpp_ws/build/vulcanexus_base -- -j32 -l32
[0.587s] Invoked command in '/home/david/yolocpp_ws/build/vulcanexus_base' returned '0': PROMPT_COMMAND=echo -n \[$(date +%H:%M:%S)\]\ /home/david/.local/bin/cmake --build /home/david/yolocpp_ws/build/vulcanexus_base -- -j32 -l32
[0.588s] Invoking command in '/home/david/yolocpp_ws/build/vulcanexus_base': PROMPT_COMMAND=echo -n \[$(date +%H:%M:%S)\]\ /home/david/.local/bin/cmake --install /home/david/yolocpp_ws/build/vulcanexus_base
[0.607s] -- Install configuration: ""
[0.607s] -- Installing: /home/david/yolocpp_ws/install/vulcanexus_base/share/ament_index/resource_index/packages/vulcanexus_base
[0.607s] -- Installing: /home/david/yolocpp_ws/install/vulcanexus_base/share/vulcanexus_base/package.dsv
[0.622s] Invoked command in '/home/david/yolocpp_ws/build/vulcanexus_base' returned '0': PROMPT_COMMAND=echo -n \[$(date +%H:%M:%S)\]\ /home/david/.local/bin/cmake --install /home/david/yolocpp_ws/build/vulcanexus_base
