[0.007s] Invoking command in '/home/david/yolocpp_ws/build/yolocpp': AMENT_PREFIX_PATH=/home/david/yolocpp_ws/install/bboxes_ex_msgs:${AMENT_PREFIX_PATH} CMAKE_PREFIX_PATH=/home/david/yolocpp_ws/install/bboxes_ex_msgs:/home/david/yolopy_ws/install/yolopy:/opt/ros/humble LD_LIBRARY_PATH=/home/david/yolocpp_ws/install/bboxes_ex_msgs/lib:/opt/ros/humble/opt/rviz_ogre_vendor/lib:/opt/ros/humble/lib/x86_64-linux-gnu:/opt/ros/humble/lib:/usr/local/cuda/lib64:/usr/local/cuda-11.2/lib64:/usr/local/cuda-11.2/lib64:/home/david/onnxruntime-linux-x64-gpu-1.22.0/lib PROMPT_COMMAND=echo -n \[$(date +%H:%M:%S)\]\ PYTHONPATH=/home/david/yolocpp_ws/install/bboxes_ex_msgs/local/lib/python3.10/dist-packages:${PYTHONPATH} /home/david/.local/bin/cmake --build /home/david/yolocpp_ws/build/yolocpp -- -j32 -l32
[0.050s] [100%] Built target yolocpp
[0.056s] Invoked command in '/home/david/yolocpp_ws/build/yolocpp' returned '0': AMENT_PREFIX_PATH=/home/david/yolocpp_ws/install/bboxes_ex_msgs:${AMENT_PREFIX_PATH} CMAKE_PREFIX_PATH=/home/david/yolocpp_ws/install/bboxes_ex_msgs:/home/david/yolopy_ws/install/yolopy:/opt/ros/humble LD_LIBRARY_PATH=/home/david/yolocpp_ws/install/bboxes_ex_msgs/lib:/opt/ros/humble/opt/rviz_ogre_vendor/lib:/opt/ros/humble/lib/x86_64-linux-gnu:/opt/ros/humble/lib:/usr/local/cuda/lib64:/usr/local/cuda-11.2/lib64:/usr/local/cuda-11.2/lib64:/home/david/onnxruntime-linux-x64-gpu-1.22.0/lib PROMPT_COMMAND=echo -n \[$(date +%H:%M:%S)\]\ PYTHONPATH=/home/david/yolocpp_ws/install/bboxes_ex_msgs/local/lib/python3.10/dist-packages:${PYTHONPATH} /home/david/.local/bin/cmake --build /home/david/yolocpp_ws/build/yolocpp -- -j32 -l32
[0.058s] Invoking command in '/home/david/yolocpp_ws/build/yolocpp': AMENT_PREFIX_PATH=/home/david/yolocpp_ws/install/bboxes_ex_msgs:${AMENT_PREFIX_PATH} CMAKE_PREFIX_PATH=/home/david/yolocpp_ws/install/bboxes_ex_msgs:/home/david/yolopy_ws/install/yolopy:/opt/ros/humble LD_LIBRARY_PATH=/home/david/yolocpp_ws/install/bboxes_ex_msgs/lib:/opt/ros/humble/opt/rviz_ogre_vendor/lib:/opt/ros/humble/lib/x86_64-linux-gnu:/opt/ros/humble/lib:/usr/local/cuda/lib64:/usr/local/cuda-11.2/lib64:/usr/local/cuda-11.2/lib64:/home/david/onnxruntime-linux-x64-gpu-1.22.0/lib PROMPT_COMMAND=echo -n \[$(date +%H:%M:%S)\]\ PYTHONPATH=/home/david/yolocpp_ws/install/bboxes_ex_msgs/local/lib/python3.10/dist-packages:${PYTHONPATH} /home/david/.local/bin/cmake --install /home/david/yolocpp_ws/build/yolocpp
[0.076s] -- Install configuration: ""
[0.076s] -- Installing: /home/david/yolocpp_ws/install/yolocpp/share/yolocpp/launch
[0.076s] -- Installing: /home/david/yolocpp_ws/install/yolocpp/share/yolocpp/launch/yolocpp_tensorrt.launch.py
[0.076s] -- Installing: /home/david/yolocpp_ws/install/yolocpp/share/yolocpp/launch/__pycache__
[0.076s] -- Installing: /home/david/yolocpp_ws/install/yolocpp/share/yolocpp/launch/__pycache__/yolocpp_onnx.launch.cpython-310.pyc
[0.076s] -- Installing: /home/david/yolocpp_ws/install/yolocpp/share/yolocpp/launch/yolocpp_onnx.launch.py
[0.077s] -- Installing: /home/david/yolocpp_ws/install/yolocpp/share/yolocpp/include
[0.077s] -- Installing: /home/david/yolocpp_ws/install/yolocpp/share/yolocpp/include/tensor_files
[0.077s] -- Installing: /home/david/yolocpp_ws/install/yolocpp/share/yolocpp/include/onnx_files
[0.077s] -- Installing: /home/david/yolocpp_ws/install/yolocpp/share/yolocpp/include/onnx_files/tools
[0.077s] -- Installing: /home/david/yolocpp_ws/install/yolocpp/share/yolocpp/include/onnx_files/tools/Config.hpp
[0.077s] -- Installing: /home/david/yolocpp_ws/install/yolocpp/share/yolocpp/include/onnx_files/tools/BoundedThreadSafeQueue.hpp
[0.077s] -- Installing: /home/david/yolocpp_ws/install/yolocpp/share/yolocpp/include/onnx_files/tools/ScopedTimer.hpp
[0.077s] -- Installing: /home/david/yolocpp_ws/install/yolocpp/share/yolocpp/include/onnx_files/tools/Debug.hpp
[0.077s] -- Installing: /home/david/yolocpp_ws/install/yolocpp/share/yolocpp/include/onnx_files/det
[0.077s] -- Installing: /home/david/yolocpp_ws/install/yolocpp/share/yolocpp/include/onnx_files/det/YOLO9.hpp
[0.077s] -- Installing: /home/david/yolocpp_ws/install/yolocpp/share/yolocpp/include/onnx_files/det/YOLO12.hpp
[0.077s] -- Installing: /home/david/yolocpp_ws/install/yolocpp/share/yolocpp/include/onnx_files/det/YOLO5.hpp
[0.077s] -- Installing: /home/david/yolocpp_ws/install/yolocpp/share/yolocpp/include/onnx_files/det/YOLO7.hpp
[0.077s] -- Installing: /home/david/yolocpp_ws/install/yolocpp/share/yolocpp/include/onnx_files/det/YOLO10.hpp
[0.077s] -- Installing: /home/david/yolocpp_ws/install/yolocpp/share/yolocpp/include/onnx_files/det/YOLO8.hpp
[0.077s] -- Installing: /home/david/yolocpp_ws/install/yolocpp/share/yolocpp/include/onnx_files/det/YOLO11.hpp
[0.077s] -- Installing: /home/david/yolocpp_ws/install/yolocpp/share/yolocpp/include/onnx_files/pose
[0.077s] -- Installing: /home/david/yolocpp_ws/install/yolocpp/share/yolocpp/include/onnx_files/pose/YOLO8-POSE.hpp
[0.078s] -- Installing: /home/david/yolocpp_ws/install/yolocpp/share/yolocpp/include/onnx_files/pose/YOLO11-POSE.hpp
[0.078s] -- Installing: /home/david/yolocpp_ws/install/yolocpp/share/yolocpp/include/onnx_files/quantized_models
[0.078s] -- Installing: /home/david/yolocpp_ws/install/yolocpp/share/yolocpp/include/onnx_files/quantized_models/coco.names
[0.078s] -- Installing: /home/david/yolocpp_ws/install/yolocpp/share/yolocpp/include/onnx_files/quantized_models/yolos_quantization.py
[0.078s] -- Installing: /home/david/yolocpp_ws/install/yolocpp/share/yolocpp/include/onnx_files/quantized_models/your_model.onnx.file
[0.078s] -- Installing: /home/david/yolocpp_ws/install/yolocpp/share/yolocpp/include/onnx_files/obb
[0.078s] -- Installing: /home/david/yolocpp_ws/install/yolocpp/share/yolocpp/include/onnx_files/obb/YOLO8-OBB.hpp
[0.078s] -- Installing: /home/david/yolocpp_ws/install/yolocpp/share/yolocpp/include/onnx_files/obb/YOLO11-OBB.hpp
[0.078s] -- Installing: /home/david/yolocpp_ws/install/yolocpp/share/yolocpp/include/onnx_files/class
[0.078s] -- Installing: /home/david/yolocpp_ws/install/yolocpp/share/yolocpp/include/onnx_files/class/YOLO11CLASS.hpp
[0.078s] -- Installing: /home/david/yolocpp_ws/install/yolocpp/share/yolocpp/include/onnx_files/seg
[0.078s] -- Installing: /home/david/yolocpp_ws/install/yolocpp/share/yolocpp/include/onnx_files/seg/YOLO11Seg.hpp
[0.078s] -- Installing: /home/david/yolocpp_ws/install/yolocpp/share/yolocpp/include/onnx_files/seg/YOLO9Seg.hpp
[0.078s] -- Installing: /home/david/yolocpp_ws/install/yolocpp/share/yolocpp/include/onnx_files/seg/YOLO8Seg.hpp
[0.078s] -- Installing: /home/david/yolocpp_ws/install/yolocpp/share/yolocpp/models
[0.078s] -- Installing: /home/david/yolocpp_ws/install/yolocpp/share/yolocpp/models/coco.names
[0.078s] -- Installing: /home/david/yolocpp_ws/install/yolocpp/share/yolocpp/models/build
[0.078s] -- Installing: /home/david/yolocpp_ws/install/yolocpp/share/yolocpp/models/build/COLCON_IGNORE
[0.078s] -- Installing: /home/david/yolocpp_ws/install/yolocpp/share/yolocpp/models/build/.built_by
[0.078s] -- Installing: /home/david/yolocpp_ws/install/yolocpp/share/yolocpp/models/log
[0.078s] -- Installing: /home/david/yolocpp_ws/install/yolocpp/share/yolocpp/models/log/latest
[0.078s] -- Installing: /home/david/yolocpp_ws/install/yolocpp/share/yolocpp/models/log/COLCON_IGNORE
[0.078s] -- Installing: /home/david/yolocpp_ws/install/yolocpp/share/yolocpp/models/log/latest_build
[0.078s] -- Installing: /home/david/yolocpp_ws/install/yolocpp/share/yolocpp/models/log/build_2025-05-20_09-51-52
[0.078s] -- Installing: /home/david/yolocpp_ws/install/yolocpp/share/yolocpp/models/log/build_2025-05-20_09-51-52/logger_all.log
[0.078s] -- Installing: /home/david/yolocpp_ws/install/yolocpp/share/yolocpp/models/log/build_2025-05-20_09-51-52/events.log
[0.079s] -- Installing: /home/david/yolocpp_ws/install/yolocpp/share/yolocpp/models/log/build_2025-05-20_09-51-42
[0.079s] -- Installing: /home/david/yolocpp_ws/install/yolocpp/share/yolocpp/models/log/build_2025-05-20_09-51-42/logger_all.log
[0.079s] -- Installing: /home/david/yolocpp_ws/install/yolocpp/share/yolocpp/models/log/build_2025-05-20_09-51-42/events.log
[0.079s] -- Installing: /home/david/yolocpp_ws/install/yolocpp/share/yolocpp/models/testonnx.py
[0.079s] -- Installing: /home/david/yolocpp_ws/install/yolocpp/share/yolocpp/models/yolo11m-seg.onnx
[0.116s] -- Installing: /home/david/yolocpp_ws/install/yolocpp/share/yolocpp/models/export_onnx.py
[0.116s] -- Installing: /home/david/yolocpp_ws/install/yolocpp/share/yolocpp/models/install
[0.116s] -- Installing: /home/david/yolocpp_ws/install/yolocpp/share/yolocpp/models/install/COLCON_IGNORE
[0.116s] -- Installing: /home/david/yolocpp_ws/install/yolocpp/share/yolocpp/models/install/local_setup.zsh
[0.116s] -- Installing: /home/david/yolocpp_ws/install/yolocpp/share/yolocpp/models/install/_local_setup_util_sh.py
[0.116s] -- Installing: /home/david/yolocpp_ws/install/yolocpp/share/yolocpp/models/install/setup.sh
[0.116s] -- Installing: /home/david/yolocpp_ws/install/yolocpp/share/yolocpp/models/install/local_setup.bash
[0.116s] -- Installing: /home/david/yolocpp_ws/install/yolocpp/share/yolocpp/models/install/setup.bash
[0.116s] -- Installing: /home/david/yolocpp_ws/install/yolocpp/share/yolocpp/models/install/local_setup.ps1
[0.116s] -- Installing: /home/david/yolocpp_ws/install/yolocpp/share/yolocpp/models/install/setup.ps1
[0.116s] -- Installing: /home/david/yolocpp_ws/install/yolocpp/share/yolocpp/models/install/.colcon_install_layout
[0.116s] -- Installing: /home/david/yolocpp_ws/install/yolocpp/share/yolocpp/models/install/_local_setup_util_ps1.py
[0.116s] -- Installing: /home/david/yolocpp_ws/install/yolocpp/share/yolocpp/models/install/setup.zsh
[0.116s] -- Installing: /home/david/yolocpp_ws/install/yolocpp/share/yolocpp/models/install/local_setup.sh
[0.116s] -- Installing: /home/david/yolocpp_ws/install/yolocpp/share/yolocpp/models/Dota.names
[0.117s] -- Installing: /home/david/yolocpp_ws/install/yolocpp/share/yolocpp/data
[0.117s] -- Installing: /home/david/yolocpp_ws/install/yolocpp/share/yolocpp/data/panoramic_02.avi
[1.135s] -- Installing: /home/david/yolocpp_ws/install/yolocpp/share/yolocpp/data/test.jpg
[1.136s] -- Installing: /home/david/yolocpp_ws/install/yolocpp/lib/yolocpp/yolocpp
[1.137s] -- Set runtime path of "/home/david/yolocpp_ws/install/yolocpp/lib/yolocpp/yolocpp" to ""
[1.137s] -- Installing: /home/david/yolocpp_ws/install/yolocpp/share/ament_index/resource_index/package_run_dependencies/yolocpp
[1.137s] -- Installing: /home/david/yolocpp_ws/install/yolocpp/share/ament_index/resource_index/parent_prefix_path/yolocpp
[1.137s] -- Installing: /home/david/yolocpp_ws/install/yolocpp/share/yolocpp/environment/ament_prefix_path.sh
[1.137s] -- Installing: /home/david/yolocpp_ws/install/yolocpp/share/yolocpp/environment/ament_prefix_path.dsv
[1.137s] -- Installing: /home/david/yolocpp_ws/install/yolocpp/share/yolocpp/environment/path.sh
[1.137s] -- Installing: /home/david/yolocpp_ws/install/yolocpp/share/yolocpp/environment/path.dsv
[1.137s] -- Installing: /home/david/yolocpp_ws/install/yolocpp/share/yolocpp/local_setup.bash
[1.137s] -- Installing: /home/david/yolocpp_ws/install/yolocpp/share/yolocpp/local_setup.sh
[1.137s] -- Installing: /home/david/yolocpp_ws/install/yolocpp/share/yolocpp/local_setup.zsh
[1.137s] -- Installing: /home/david/yolocpp_ws/install/yolocpp/share/yolocpp/local_setup.dsv
[1.137s] -- Installing: /home/david/yolocpp_ws/install/yolocpp/share/yolocpp/package.dsv
[1.137s] -- Installing: /home/david/yolocpp_ws/install/yolocpp/share/ament_index/resource_index/packages/yolocpp
[1.137s] -- Installing: /home/david/yolocpp_ws/install/yolocpp/share/yolocpp/cmake/yolocppConfig.cmake
[1.138s] -- Installing: /home/david/yolocpp_ws/install/yolocpp/share/yolocpp/cmake/yolocppConfig-version.cmake
[1.138s] -- Installing: /home/david/yolocpp_ws/install/yolocpp/share/yolocpp/package.xml
[1.141s] Invoked command in '/home/david/yolocpp_ws/build/yolocpp' returned '0': AMENT_PREFIX_PATH=/home/david/yolocpp_ws/install/bboxes_ex_msgs:${AMENT_PREFIX_PATH} CMAKE_PREFIX_PATH=/home/david/yolocpp_ws/install/bboxes_ex_msgs:/home/david/yolopy_ws/install/yolopy:/opt/ros/humble LD_LIBRARY_PATH=/home/david/yolocpp_ws/install/bboxes_ex_msgs/lib:/opt/ros/humble/opt/rviz_ogre_vendor/lib:/opt/ros/humble/lib/x86_64-linux-gnu:/opt/ros/humble/lib:/usr/local/cuda/lib64:/usr/local/cuda-11.2/lib64:/usr/local/cuda-11.2/lib64:/home/david/onnxruntime-linux-x64-gpu-1.22.0/lib PROMPT_COMMAND=echo -n \[$(date +%H:%M:%S)\]\ PYTHONPATH=/home/david/yolocpp_ws/install/bboxes_ex_msgs/local/lib/python3.10/dist-packages:${PYTHONPATH} /home/david/.local/bin/cmake --install /home/david/yolocpp_ws/build/yolocpp
