[0.010s] Invoking command in '/home/david/yolocpp_ws/build/image_directory_publisher': CMAKE_PREFIX_PATH=${CMAKE_PREFIX_PATH}:/home/david/yolopy_ws/install/yolopy:/opt/ros/humble PROMPT_COMMAND=echo -n \[$(date +%H:%M:%S)\]\ /home/david/.local/bin/cmake /home/david/yolocpp_ws/src/image_directory_publisher -DTRT_PATH=/usr -DCMAKE_CUDA_ARCHITECTURES=89 -DCMAKE_CUDA_COMPILER=/usr/local/cuda-12.9/bin/nvcc -DCMAKE_INSTALL_PREFIX=/home/david/yolocpp_ws/install/image_directory_publisher
[0.063s] -- The C compiler identification is GNU 11.4.0
[0.103s] -- The CXX compiler identification is GNU 11.4.0
[0.109s] -- Detecting C compiler ABI info
[0.149s] -- Detecting C compiler ABI info - done
[0.155s] -- Check for working C compiler: /usr/bin/cc - skipped
[0.155s] -- Detecting C compile features
[0.156s] -- Detecting C compile features - done
[0.158s] -- Detecting CXX compiler ABI info
[0.206s] -- Detecting CXX compiler ABI info - done
[0.212s] -- Check for working CXX compiler: /usr/bin/c++ - skipped
[0.212s] -- Detecting CXX compile features
[0.212s] -- Detecting CXX compile features - done
[0.214s] -- Found ament_cmake: 1.3.11 (/opt/ros/humble/share/ament_cmake/cmake)
[0.299s] -- Found Python3: /usr/bin/python3 (found version "3.10.12") found components: Interpreter 
[0.354s] -- Found rclcpp: 16.0.12 (/opt/ros/humble/share/rclcpp/cmake)
[0.381s] -- Found rosidl_generator_c: 3.1.6 (/opt/ros/humble/share/rosidl_generator_c/cmake)
[0.384s] -- Found rosidl_adapter: 3.1.6 (/opt/ros/humble/share/rosidl_adapter/cmake)
[0.389s] -- Found rosidl_generator_cpp: 3.1.6 (/opt/ros/humble/share/rosidl_generator_cpp/cmake)
[0.398s] -- Using all available rosidl_typesupport_c: rosidl_typesupport_fastrtps_c;rosidl_typesupport_introspection_c
[0.409s] -- Using all available rosidl_typesupport_cpp: rosidl_typesupport_fastrtps_cpp;rosidl_typesupport_introspection_cpp
[0.438s] -- Found rmw_implementation_cmake: 6.1.2 (/opt/ros/humble/share/rmw_implementation_cmake/cmake)
[0.440s] -- Found rmw_fastrtps_cpp: 6.2.7 (/opt/ros/humble/share/rmw_fastrtps_cpp/cmake)
[0.500s] -- Found OpenSSL: /usr/lib/x86_64-linux-gnu/libcrypto.so (found version "3.0.2")  
[0.520s] -- Found FastRTPS: /opt/ros/humble/include  
[0.547s] -- Using RMW implementation 'rmw_fastrtps_cpp' as default
[0.552s] -- Performing Test CMAKE_HAVE_LIBC_PTHREAD
[0.598s] -- Performing Test CMAKE_HAVE_LIBC_PTHREAD - Success
[0.598s] -- Found Threads: TRUE  
[0.634s] -- Found image_transport: 3.1.11 (/opt/ros/humble/share/image_transport/cmake)
[0.674s] -- Found cv_bridge: 3.2.1 (/opt/ros/humble/share/cv_bridge/cmake)
[0.681s] -- Found rclcpp_components: 16.0.12 (/opt/ros/humble/share/rclcpp_components/cmake)
[0.743s] -- Configuring done
[0.749s] -- Generating done
[0.751s] [33mCMake Warning:
[0.751s]   Manually-specified variables were not used by the project:
[0.751s] 
[0.751s]     CMAKE_CUDA_COMPILER
[0.751s]     TRT_PATH
[0.751s] 
[0.751s] [0m
[0.754s] -- Build files have been written to: /home/david/yolocpp_ws/build/image_directory_publisher
[0.765s] Invoked command in '/home/david/yolocpp_ws/build/image_directory_publisher' returned '0': CMAKE_PREFIX_PATH=${CMAKE_PREFIX_PATH}:/home/david/yolopy_ws/install/yolopy:/opt/ros/humble PROMPT_COMMAND=echo -n \[$(date +%H:%M:%S)\]\ /home/david/.local/bin/cmake /home/david/yolocpp_ws/src/image_directory_publisher -DTRT_PATH=/usr -DCMAKE_CUDA_ARCHITECTURES=89 -DCMAKE_CUDA_COMPILER=/usr/local/cuda-12.9/bin/nvcc -DCMAKE_INSTALL_PREFIX=/home/david/yolocpp_ws/install/image_directory_publisher
[0.767s] Invoking command in '/home/david/yolocpp_ws/build/image_directory_publisher': CMAKE_PREFIX_PATH=${CMAKE_PREFIX_PATH}:/home/david/yolopy_ws/install/yolopy:/opt/ros/humble PROMPT_COMMAND=echo -n \[$(date +%H:%M:%S)\]\ /home/david/.local/bin/cmake --build /home/david/yolocpp_ws/build/image_directory_publisher -- -j32 -l32
[0.806s] [ 50%] [32mBuilding CXX object CMakeFiles/directory_publisher_node.dir/src/directory_publisher_node.cpp.o[0m
[2.606s] In file included from [01m[K/opt/ros/humble/include/rclcpp/rclcpp/logging.hpp:24[m[K,
[2.606s]                  from [01m[K/opt/ros/humble/include/rclcpp/rclcpp/client.hpp:40[m[K,
[2.606s]                  from [01m[K/opt/ros/humble/include/rclcpp/rclcpp/callback_group.hpp:24[m[K,
[2.606s]                  from [01m[K/opt/ros/humble/include/rclcpp/rclcpp/any_executable.hpp:20[m[K,
[2.607s]                  from [01m[K/opt/ros/humble/include/rclcpp/rclcpp/memory_strategy.hpp:25[m[K,
[2.607s]                  from [01m[K/opt/ros/humble/include/rclcpp/rclcpp/memory_strategies.hpp:18[m[K,
[2.607s]                  from [01m[K/opt/ros/humble/include/rclcpp/rclcpp/executor_options.hpp:20[m[K,
[2.607s]                  from [01m[K/opt/ros/humble/include/rclcpp/rclcpp/executor.hpp:37[m[K,
[2.607s]                  from [01m[K/opt/ros/humble/include/rclcpp/rclcpp/executors/multi_threaded_executor.hpp:25[m[K,
[2.607s]                  from [01m[K/opt/ros/humble/include/rclcpp/rclcpp/executors.hpp:21[m[K,
[2.607s]                  from [01m[K/opt/ros/humble/include/rclcpp/rclcpp/rclcpp.hpp:155[m[K,
[2.607s]                  from [01m[K/home/david/yolocpp_ws/src/image_directory_publisher/src/directory_publisher_node.cpp:1[m[K:
[2.607s] [01m[K/home/david/yolocpp_ws/src/image_directory_publisher/src/directory_publisher_node.cpp:[m[K In member function ‘[01m[Kvoid image_directory_publisher::DirectoryPublisherNode::publish_image_set(const string&, image_transport::Publisher&, const string&, const string&)[m[K’:
[2.607s] [01m[K/home/david/yolocpp_ws/src/image_directory_publisher/src/directory_publisher_node.cpp:137:41:[m[K [01;35m[Kwarning: [m[Kformat ‘[01m[K%ld[m[K’ expects argument of type ‘[01m[Klong int[m[K’, but argument 7 has type ‘[01m[Kbuiltin_interfaces::msg::Time_<std::allocator<void> >::_sec_type[m[K’ {aka ‘[01m[Kint[m[K’} [[01;35m[K]8;;https://gcc.gnu.org/onlinedocs/gcc/Warning-Options.html#index-Wformat=-Wformat=]8;;[m[K]
[2.607s]   137 |         RCLCPP_INFO(this->get_logger(), [01;35m[K"Published %s image: %s with MONOTONIC TS: %ld.%09ld"[m[K,
[2.607s]       |                                         [01;35m[K^~~~~~~~~~~~~~~~~~~~~~~~~~~~~~~~~~~~~~~~~~~~~~~~~~~~~[m[K
[2.607s]   138 |                     camera_name_log.c_str(), image_path.c_str(), [32m[Kheader.stamp.sec[m[K, header.stamp.nanosec);
[2.607s]       |                                                                  [32m[K~~~~~~~~~~~~~~~~[m[K
[2.607s]       |                                                                               [32m[K|[m[K
[2.607s]       |                                                                               [32m[Kbuiltin_interfaces::msg::Time_<std::allocator<void> >::_sec_type {aka int}[m[K
[2.608s] [01m[K/home/david/yolocpp_ws/src/image_directory_publisher/src/directory_publisher_node.cpp:137:86:[m[K [01;36m[Knote: [m[Kformat string is defined here
[2.608s]   137 |         RCLCPP_INFO(this->get_logger(), "Published %s image: %s with MONOTONIC TS: [01;36m[K%ld[m[K.%09ld",
[2.608s]       |                                                                                    [01;36m[K~~^[m[K
[2.608s]       |                                                                                      [01;36m[K|[m[K
[2.608s]       |                                                                                      [01;36m[Klong int[m[K
[2.608s]       |                                                                                    [32m[K%d[m[K
[2.608s] In file included from [01m[K/opt/ros/humble/include/rclcpp/rclcpp/logging.hpp:24[m[K,
[2.608s]                  from [01m[K/opt/ros/humble/include/rclcpp/rclcpp/client.hpp:40[m[K,
[2.608s]                  from [01m[K/opt/ros/humble/include/rclcpp/rclcpp/callback_group.hpp:24[m[K,
[2.608s]                  from [01m[K/opt/ros/humble/include/rclcpp/rclcpp/any_executable.hpp:20[m[K,
[2.608s]                  from [01m[K/opt/ros/humble/include/rclcpp/rclcpp/memory_strategy.hpp:25[m[K,
[2.608s]                  from [01m[K/opt/ros/humble/include/rclcpp/rclcpp/memory_strategies.hpp:18[m[K,
[2.608s]                  from [01m[K/opt/ros/humble/include/rclcpp/rclcpp/executor_options.hpp:20[m[K,
[2.608s]                  from [01m[K/opt/ros/humble/include/rclcpp/rclcpp/executor.hpp:37[m[K,
[2.608s]                  from [01m[K/opt/ros/humble/include/rclcpp/rclcpp/executors/multi_threaded_executor.hpp:25[m[K,
[2.608s]                  from [01m[K/opt/ros/humble/include/rclcpp/rclcpp/executors.hpp:21[m[K,
[2.608s]                  from [01m[K/opt/ros/humble/include/rclcpp/rclcpp/rclcpp.hpp:155[m[K,
[2.608s]                  from [01m[K/home/david/yolocpp_ws/src/image_directory_publisher/src/directory_publisher_node.cpp:1[m[K:
[2.608s] [01m[K/home/david/yolocpp_ws/src/image_directory_publisher/src/directory_publisher_node.cpp:137:41:[m[K [01;35m[Kwarning: [m[Kformat ‘[01m[K%ld[m[K’ expects argument of type ‘[01m[Klong int[m[K’, but argument 8 has type ‘[01m[Kbuiltin_interfaces::msg::Time_<std::allocator<void> >::_nanosec_type[m[K’ {aka ‘[01m[Kunsigned int[m[K’} [[01;35m[K]8;;https://gcc.gnu.org/onlinedocs/gcc/Warning-Options.html#index-Wformat=-Wformat=]8;;[m[K]
[2.608s]   137 |         RCLCPP_INFO(this->get_logger(), [01;35m[K"Published %s image: %s with MONOTONIC TS: %ld.%09ld"[m[K,
[2.608s]       |                                         [01;35m[K^~~~~~~~~~~~~~~~~~~~~~~~~~~~~~~~~~~~~~~~~~~~~~~~~~~~~[m[K
[2.608s]   138 |                     camera_name_log.c_str(), image_path.c_str(), header.stamp.sec, [32m[Kheader.stamp.nanosec[m[K);
[2.608s]       |                                                                                    [32m[K~~~~~~~~~~~~~~~~~~~~[m[K
[2.608s]       |                                                                                                 [32m[K|[m[K
[2.608s]       |                                                                                                 [32m[Kbuiltin_interfaces::msg::Time_<std::allocator<void> >::_nanosec_type {aka unsigned int}[m[K
[2.608s] [01m[K/home/david/yolocpp_ws/src/image_directory_publisher/src/directory_publisher_node.cpp:137:92:[m[K [01;36m[Knote: [m[Kformat string is defined here
[2.608s]   137 |         RCLCPP_INFO(this->get_logger(), "Published %s image: %s with MONOTONIC TS: %ld.[01;36m[K%09ld[m[K",
[2.608s]       |                                                                                        [01;36m[K~~~~^[m[K
[2.608s]       |                                                                                            [01;36m[K|[m[K
[2.608s]       |                                                                                            [01;36m[Klong int[m[K
[2.608s]       |                                                                                        [32m[K%09d[m[K
[3.693s] [100%] [32m[1mLinking CXX shared library libdirectory_publisher_node.so[0m
[3.781s] [100%] Built target directory_publisher_node
[3.788s] Invoked command in '/home/david/yolocpp_ws/build/image_directory_publisher' returned '0': CMAKE_PREFIX_PATH=${CMAKE_PREFIX_PATH}:/home/david/yolopy_ws/install/yolopy:/opt/ros/humble PROMPT_COMMAND=echo -n \[$(date +%H:%M:%S)\]\ /home/david/.local/bin/cmake --build /home/david/yolocpp_ws/build/image_directory_publisher -- -j32 -l32
[3.790s] Invoking command in '/home/david/yolocpp_ws/build/image_directory_publisher': CMAKE_PREFIX_PATH=${CMAKE_PREFIX_PATH}:/home/david/yolopy_ws/install/yolopy:/opt/ros/humble PROMPT_COMMAND=echo -n \[$(date +%H:%M:%S)\]\ /home/david/.local/bin/cmake --install /home/david/yolocpp_ws/build/image_directory_publisher
[3.808s] -- Install configuration: ""
[3.808s] -- Installing: /home/david/yolocpp_ws/install/image_directory_publisher/lib/libdirectory_publisher_node.so
[3.809s] -- Set runtime path of "/home/david/yolocpp_ws/install/image_directory_publisher/lib/libdirectory_publisher_node.so" to ""
[3.809s] -- Installing: /home/david/yolocpp_ws/install/image_directory_publisher/share/image_directory_publisher/launch
[3.809s] -- Installing: /home/david/yolocpp_ws/install/image_directory_publisher/share/image_directory_publisher/launch/directory_publisher.launch.py
[3.809s] -- Installing: /home/david/yolocpp_ws/install/image_directory_publisher/share/image_directory_publisher/include
[3.809s] -- Installing: /home/david/yolocpp_ws/install/image_directory_publisher/share/image_directory_publisher/include/chrono
[3.809s] -- Installing: /home/david/yolocpp_ws/install/image_directory_publisher/share/image_directory_publisher/include/chrono/ChronoTimer.hpp
[3.809s] -- Installing: /home/david/yolocpp_ws/install/image_directory_publisher/share/image_directory_publisher/include/chrono/ChronoTimer.cpp
[3.809s] -- Installing: /home/david/yolocpp_ws/install/image_directory_publisher/share/image_directory_publisher/include/image_directory_publisher
[3.809s] -- Installing: /home/david/yolocpp_ws/install/image_directory_publisher/share/image_directory_publisher/include/image_directory_publisher/directory_publisher_node.hpp
[3.809s] -- Installing: /home/david/yolocpp_ws/install/image_directory_publisher/share/image_directory_publisher/config
[3.809s] -- Installing: /home/david/yolocpp_ws/install/image_directory_publisher/share/image_directory_publisher/config/params.yaml
[3.809s] -- Installing: /home/david/yolocpp_ws/install/image_directory_publisher/share/image_directory_publisher/config/right_camera_info.yaml
[3.809s] -- Installing: /home/david/yolocpp_ws/install/image_directory_publisher/share/image_directory_publisher/config/front_camera_info.yaml
[3.809s] -- Installing: /home/david/yolocpp_ws/install/image_directory_publisher/share/image_directory_publisher/config/config.yaml
[3.809s] -- Installing: /home/david/yolocpp_ws/install/image_directory_publisher/share/image_directory_publisher/config/left_camera_info.yaml
[3.809s] -- Installing: /home/david/yolocpp_ws/install/image_directory_publisher/share/ament_index/resource_index/package_run_dependencies/image_directory_publisher
[3.809s] -- Installing: /home/david/yolocpp_ws/install/image_directory_publisher/share/ament_index/resource_index/parent_prefix_path/image_directory_publisher
[3.809s] -- Installing: /home/david/yolocpp_ws/install/image_directory_publisher/share/image_directory_publisher/environment/ament_prefix_path.sh
[3.810s] -- Installing: /home/david/yolocpp_ws/install/image_directory_publisher/share/image_directory_publisher/environment/ament_prefix_path.dsv
[3.810s] -- Installing: /home/david/yolocpp_ws/install/image_directory_publisher/share/image_directory_publisher/environment/path.sh
[3.810s] -- Installing: /home/david/yolocpp_ws/install/image_directory_publisher/share/image_directory_publisher/environment/path.dsv
[3.810s] -- Installing: /home/david/yolocpp_ws/install/image_directory_publisher/share/image_directory_publisher/local_setup.bash
[3.810s] -- Installing: /home/david/yolocpp_ws/install/image_directory_publisher/share/image_directory_publisher/local_setup.sh
[3.810s] -- Installing: /home/david/yolocpp_ws/install/image_directory_publisher/share/image_directory_publisher/local_setup.zsh
[3.810s] -- Installing: /home/david/yolocpp_ws/install/image_directory_publisher/share/image_directory_publisher/local_setup.dsv
[3.810s] -- Installing: /home/david/yolocpp_ws/install/image_directory_publisher/share/image_directory_publisher/package.dsv
[3.810s] -- Installing: /home/david/yolocpp_ws/install/image_directory_publisher/share/ament_index/resource_index/packages/image_directory_publisher
[3.810s] -- Installing: /home/david/yolocpp_ws/install/image_directory_publisher/share/ament_index/resource_index/rclcpp_components/image_directory_publisher
[3.810s] -- Installing: /home/david/yolocpp_ws/install/image_directory_publisher/share/image_directory_publisher/cmake/image_directory_publisherConfig.cmake
[3.810s] -- Installing: /home/david/yolocpp_ws/install/image_directory_publisher/share/image_directory_publisher/cmake/image_directory_publisherConfig-version.cmake
[3.810s] -- Installing: /home/david/yolocpp_ws/install/image_directory_publisher/share/image_directory_publisher/package.xml
[3.814s] Invoked command in '/home/david/yolocpp_ws/build/image_directory_publisher' returned '0': CMAKE_PREFIX_PATH=${CMAKE_PREFIX_PATH}:/home/david/yolopy_ws/install/yolopy:/opt/ros/humble PROMPT_COMMAND=echo -n \[$(date +%H:%M:%S)\]\ /home/david/.local/bin/cmake --install /home/david/yolocpp_ws/build/image_directory_publisher
