[0.368s] Invoking command in '/home/david/yolocpp_ws/build/monitor_sql_tutorial': CMAKE_PREFIX_PATH=${CMAKE_PREFIX_PATH}:/opt/ros/humble PROMPT_COMMAND=echo -n \[$(date +%H:%M:%S)\]\ /home/david/.local/bin/cmake --build /home/david/yolocpp_ws/build/monitor_sql_tutorial -- -j32 -l32
[0.400s] [100%] Built target monitor_sql_tutorial
[0.423s] Invoked command in '/home/david/yolocpp_ws/build/monitor_sql_tutorial' returned '0': CMAKE_PREFIX_PATH=${CMAKE_PREFIX_PATH}:/opt/ros/humble PROMPT_COMMAND=echo -n \[$(date +%H:%M:%S)\]\ /home/david/.local/bin/cmake --build /home/david/yolocpp_ws/build/monitor_sql_tutorial -- -j32 -l32
[0.424s] Invoking command in '/home/david/yolocpp_ws/build/monitor_sql_tutorial': CMAKE_PREFIX_PATH=${CMAKE_PREFIX_PATH}:/opt/ros/humble PROMPT_COMMAND=echo -n \[$(date +%H:%M:%S)\]\ /home/david/.local/bin/cmake --install /home/david/yolocpp_ws/build/monitor_sql_tutorial
[0.455s] -- Install configuration: ""
[0.456s] -- Up-to-date: /home/david/yolocpp_ws/install/monitor_sql_tutorial/lib/monitor_sql_tutorial/monitor_sql_tutorial
[0.456s] -- Up-to-date: /home/david/yolocpp_ws/install/monitor_sql_tutorial/share/ament_index/resource_index/package_run_dependencies/monitor_sql_tutorial
[0.456s] -- Up-to-date: /home/david/yolocpp_ws/install/monitor_sql_tutorial/share/ament_index/resource_index/parent_prefix_path/monitor_sql_tutorial
[0.456s] -- Up-to-date: /home/david/yolocpp_ws/install/monitor_sql_tutorial/share/monitor_sql_tutorial/environment/ament_prefix_path.sh
[0.457s] -- Up-to-date: /home/david/yolocpp_ws/install/monitor_sql_tutorial/share/monitor_sql_tutorial/environment/ament_prefix_path.dsv
[0.457s] -- Up-to-date: /home/david/yolocpp_ws/install/monitor_sql_tutorial/share/monitor_sql_tutorial/environment/path.sh
[0.457s] -- Up-to-date: /home/david/yolocpp_ws/install/monitor_sql_tutorial/share/monitor_sql_tutorial/environment/path.dsv
[0.457s] -- Up-to-date: /home/david/yolocpp_ws/install/monitor_sql_tutorial/share/monitor_sql_tutorial/local_setup.bash
[0.457s] -- Up-to-date: /home/david/yolocpp_ws/install/monitor_sql_tutorial/share/monitor_sql_tutorial/local_setup.sh
[0.457s] -- Up-to-date: /home/david/yolocpp_ws/install/monitor_sql_tutorial/share/monitor_sql_tutorial/local_setup.zsh
[0.457s] -- Up-to-date: /home/david/yolocpp_ws/install/monitor_sql_tutorial/share/monitor_sql_tutorial/local_setup.dsv
[0.457s] -- Installing: /home/david/yolocpp_ws/install/monitor_sql_tutorial/share/monitor_sql_tutorial/package.dsv
[0.457s] -- Up-to-date: /home/david/yolocpp_ws/install/monitor_sql_tutorial/share/ament_index/resource_index/packages/monitor_sql_tutorial
[0.457s] -- Up-to-date: /home/david/yolocpp_ws/install/monitor_sql_tutorial/share/monitor_sql_tutorial/cmake/monitor_sql_tutorialConfig.cmake
[0.457s] -- Up-to-date: /home/david/yolocpp_ws/install/monitor_sql_tutorial/share/monitor_sql_tutorial/cmake/monitor_sql_tutorialConfig-version.cmake
[0.457s] -- Up-to-date: /home/david/yolocpp_ws/install/monitor_sql_tutorial/share/monitor_sql_tutorial/package.xml
[0.523s] Invoked command in '/home/david/yolocpp_ws/build/monitor_sql_tutorial' returned '0': CMAKE_PREFIX_PATH=${CMAKE_PREFIX_PATH}:/opt/ros/humble PROMPT_COMMAND=echo -n \[$(date +%H:%M:%S)\]\ /home/david/.local/bin/cmake --install /home/david/yolocpp_ws/build/monitor_sql_tutorial
