-- Found ament_cmake: 1.3.11 (/opt/ros/humble/share/ament_cmake/cmake)
-- Configuring done
-- Generating done
-- Build files have been written to: /home/david/yolocpp_ws/build/zoe_bringup
-- Install configuration: ""
-- Up-to-date: /home/david/yolocpp_ws/install/zoe_bringup/share/zoe_bringup/launch
-- Up-to-date: /home/david/yolocpp_ws/install/zoe_bringup/share/zoe_bringup/launch/robosense_ruby_plus.launch.py
-- Up-to-date: /home/david/yolocpp_ws/install/zoe_bringup/share/zoe_bringup/launch/camera_front_right.launch.py
-- Up-to-date: /home/david/yolocpp_ws/install/zoe_bringup/share/zoe_bringup/launch/pylon_instant_camera.launch.py
-- Up-to-date: /home/david/yolocpp_ws/install/zoe_bringup/share/zoe_bringup/launch/camera_front.launch.py
-- Up-to-date: /home/david/yolocpp_ws/install/zoe_bringup/share/zoe_bringup/launch/zed_f9p_lite.launch.py
-- Up-to-date: /home/david/yolocpp_ws/install/zoe_bringup/share/zoe_bringup/launch/camera_front_left.launch.py
-- Up-to-date: /home/david/yolocpp_ws/install/zoe_bringup/share/zoe_bringup/launch/all_sensors.launch.py
-- Up-to-date: /home/david/yolocpp_ws/install/zoe_bringup/share/zoe_bringup/launch/gps.launch.py
-- Up-to-date: /home/david/yolocpp_ws/install/zoe_bringup/share/zoe_bringup/launch/xsense_mti.launch.py
-- Up-to-date: /home/david/yolocpp_ws/install/zoe_bringup/share/zoe_bringup/launch/rosbag_record_gps.launch.py
-- Up-to-date: /home/david/yolocpp_ws/install/zoe_bringup/share/zoe_bringup/launch/opencv_cameras.launch.py
-- Up-to-date: /home/david/yolocpp_ws/install/zoe_bringup/share/zoe_bringup/launch/zoe_ntrip_client.launch.py
-- Up-to-date: /home/david/yolocpp_ws/install/zoe_bringup/share/zoe_bringup/launch/pylon_ros2_camera.launch.py
-- Up-to-date: /home/david/yolocpp_ws/install/zoe_bringup/share/zoe_bringup/launch/robosense_helios_right.launch.py
-- Up-to-date: /home/david/yolocpp_ws/install/zoe_bringup/share/zoe_bringup/launch/static_transform.launch.py
-- Up-to-date: /home/david/yolocpp_ws/install/zoe_bringup/share/zoe_bringup/launch/sensors.launch.py
-- Up-to-date: /home/david/yolocpp_ws/install/zoe_bringup/share/zoe_bringup/launch/robosense_helios_left.launch.py
-- Up-to-date: /home/david/yolocpp_ws/install/zoe_bringup/share/zoe_bringup/launch/gps_imu.launch.py
-- Up-to-date: /home/david/yolocpp_ws/install/zoe_bringup/share/zoe_bringup/launch/zed_f9p.launch.py
-- Up-to-date: /home/david/yolocpp_ws/install/zoe_bringup/share/zoe_bringup/launch/rosbag_record.launch.py
-- Up-to-date: /home/david/yolocpp_ws/install/zoe_bringup/share/zoe_bringup/launch/bringup.launch.py
-- Up-to-date: /home/david/yolocpp_ws/install/zoe_bringup/share/zoe_bringup/config
-- Up-to-date: /home/david/yolocpp_ws/install/zoe_bringup/share/zoe_bringup/config/robosense_helios_right.yaml
-- Up-to-date: /home/david/yolocpp_ws/install/zoe_bringup/share/zoe_bringup/config/ublox
-- Up-to-date: /home/david/yolocpp_ws/install/zoe_bringup/share/zoe_bringup/config/ublox/simpleRTK2B_FW113_5Hz_Heading.txt
-- Up-to-date: /home/david/yolocpp_ws/install/zoe_bringup/share/zoe_bringup/config/ublox/simpleRTK2BLite_FW113_1Hz_Heading.txt
-- Up-to-date: /home/david/yolocpp_ws/install/zoe_bringup/share/zoe_bringup/config/ublox/simpleRTK2BLite_FW113_5Hz_Heading.txt
-- Up-to-date: /home/david/yolocpp_ws/install/zoe_bringup/share/zoe_bringup/config/ublox/simpleRTK2BLite_FW113_10Hz_Heading.txt
-- Up-to-date: /home/david/yolocpp_ws/install/zoe_bringup/share/zoe_bringup/config/ublox/simpleRTK2BLite_FW113_10Hz_Heading_NMEA.txt
-- Up-to-date: /home/david/yolocpp_ws/install/zoe_bringup/share/zoe_bringup/config/ublox/simpleRTK2B_FW113_1Hz_Heading.txt
-- Up-to-date: /home/david/yolocpp_ws/install/zoe_bringup/share/zoe_bringup/config/ublox/simpleRTK2B_FW113_10Hz_Heading.txt
-- Up-to-date: /home/david/yolocpp_ws/install/zoe_bringup/share/zoe_bringup/config/zed_f9p.yaml
-- Up-to-date: /home/david/yolocpp_ws/install/zoe_bringup/share/zoe_bringup/config/cameras
-- Up-to-date: /home/david/yolocpp_ws/install/zoe_bringup/share/zoe_bringup/config/cameras/camera_front_calibration.yaml
-- Up-to-date: /home/david/yolocpp_ws/install/zoe_bringup/share/zoe_bringup/config/cameras/camera_front_right_calibration.yaml
-- Up-to-date: /home/david/yolocpp_ws/install/zoe_bringup/share/zoe_bringup/config/cameras/camera_front_left_calibration.yaml
-- Up-to-date: /home/david/yolocpp_ws/install/zoe_bringup/share/zoe_bringup/config/cameras/a2A1920-51gcPRO.pfs
-- Up-to-date: /home/david/yolocpp_ws/install/zoe_bringup/share/zoe_bringup/config/zed_f9p_lite.yaml
-- Up-to-date: /home/david/yolocpp_ws/install/zoe_bringup/share/zoe_bringup/config/robosense_ruby_plus.yaml
-- Up-to-date: /home/david/yolocpp_ws/install/zoe_bringup/share/zoe_bringup/config/mcap_writer_options.yaml
-- Up-to-date: /home/david/yolocpp_ws/install/zoe_bringup/share/zoe_bringup/config/robosense_helios_left.yaml
-- Up-to-date: /home/david/yolocpp_ws/install/zoe_bringup/share/zoe_bringup/rviz
-- Up-to-date: /home/david/yolocpp_ws/install/zoe_bringup/share/zoe_bringup/rviz/zoe.rviz
-- Up-to-date: /home/david/yolocpp_ws/install/zoe_bringup/share/ament_index/resource_index/package_run_dependencies/zoe_bringup
-- Up-to-date: /home/david/yolocpp_ws/install/zoe_bringup/share/ament_index/resource_index/parent_prefix_path/zoe_bringup
-- Up-to-date: /home/david/yolocpp_ws/install/zoe_bringup/share/zoe_bringup/environment/ament_prefix_path.sh
-- Installing: /home/david/yolocpp_ws/install/zoe_bringup/share/zoe_bringup/environment/ament_prefix_path.dsv
-- Up-to-date: /home/david/yolocpp_ws/install/zoe_bringup/share/zoe_bringup/environment/path.sh
-- Installing: /home/david/yolocpp_ws/install/zoe_bringup/share/zoe_bringup/environment/path.dsv
-- Up-to-date: /home/david/yolocpp_ws/install/zoe_bringup/share/zoe_bringup/local_setup.bash
-- Up-to-date: /home/david/yolocpp_ws/install/zoe_bringup/share/zoe_bringup/local_setup.sh
-- Up-to-date: /home/david/yolocpp_ws/install/zoe_bringup/share/zoe_bringup/local_setup.zsh
-- Installing: /home/david/yolocpp_ws/install/zoe_bringup/share/zoe_bringup/local_setup.dsv
-- Installing: /home/david/yolocpp_ws/install/zoe_bringup/share/zoe_bringup/package.dsv
-- Up-to-date: /home/david/yolocpp_ws/install/zoe_bringup/share/ament_index/resource_index/packages/zoe_bringup
-- Up-to-date: /home/david/yolocpp_ws/install/zoe_bringup/share/zoe_bringup/cmake/zoe_bringupConfig.cmake
-- Up-to-date: /home/david/yolocpp_ws/install/zoe_bringup/share/zoe_bringup/cmake/zoe_bringupConfig-version.cmake
-- Up-to-date: /home/david/yolocpp_ws/install/zoe_bringup/share/zoe_bringup/package.xml
