[0.017s] Invoking command in '/home/david/yolocpp_ws/build/tensorrt_yolo': CMAKE_PREFIX_PATH=/home/david/yolocpp_ws/install/yolo_custom_interfaces:/home/david/yolocpp_ws/install/zoe_bringup:/home/david/yolocpp_ws/install/yolocpp:/home/david/yolocpp_ws/install/tensorrt_yolo:/home/david/yolocpp_ws/install/seg_sub:/home/david/yolocpp_ws/install/pylon_instant_camera:/home/david/yolocpp_ws/install/monitor_tutorial:/home/david/yolocpp_ws/install/monitor_sql_tutorial:/home/david/yolocpp_ws/install/image_directory_publisher:/home/david/yolocpp_ws/install/docs_turtlesim:/home/david/yolocpp_ws/install/bboxes_ex_msgs:/opt/vulcanexus/humble:/home/david/yolocpp_ws/install/microservers_py:/home/david/yolocpp_ws/install/clients_py:/opt/ros/humble LD_LIBRARY_PATH=/home/david/yolocpp_ws/install/yolo_custom_interfaces/lib:/home/david/yolocpp_ws/install/pylon_instant_camera/lib:/home/david/yolocpp_ws/install/image_directory_publisher/lib:/home/david/yolocpp_ws/install/docs_turtlesim/lib:/home/david/yolocpp_ws/install/bboxes_ex_msgs/lib:/opt/vulcanexus/humble/lib:/opt/pylon/lib:/opt/ros/humble/opt/rviz_ogre_vendor/lib:/opt/ros/humble/lib/x86_64-linux-gnu:/opt/ros/humble/lib:/usr/local/cuda/lib64:/usr/local/cuda-11.2/lib64:/usr/local/cuda-11.2/lib64:/home/david/onnxruntime-linux-x64-gpu-1.22.0/lib PROMPT_COMMAND=echo -n \[$(date +%H:%M:%S)\]\ /home/david/.local/bin/cmake --build /home/david/yolocpp_ws/build/tensorrt_yolo -- -j32 -l32
[0.070s] [ 14%] Built target chrono
[0.072s] [ 71%] Built target deploy
[0.088s] [ 85%] Built target segment_node
[0.089s] [100%] Built target segment_node_3P
[0.097s] Invoked command in '/home/david/yolocpp_ws/build/tensorrt_yolo' returned '0': CMAKE_PREFIX_PATH=/home/david/yolocpp_ws/install/yolo_custom_interfaces:/home/david/yolocpp_ws/install/zoe_bringup:/home/david/yolocpp_ws/install/yolocpp:/home/david/yolocpp_ws/install/tensorrt_yolo:/home/david/yolocpp_ws/install/seg_sub:/home/david/yolocpp_ws/install/pylon_instant_camera:/home/david/yolocpp_ws/install/monitor_tutorial:/home/david/yolocpp_ws/install/monitor_sql_tutorial:/home/david/yolocpp_ws/install/image_directory_publisher:/home/david/yolocpp_ws/install/docs_turtlesim:/home/david/yolocpp_ws/install/bboxes_ex_msgs:/opt/vulcanexus/humble:/home/david/yolocpp_ws/install/microservers_py:/home/david/yolocpp_ws/install/clients_py:/opt/ros/humble LD_LIBRARY_PATH=/home/david/yolocpp_ws/install/yolo_custom_interfaces/lib:/home/david/yolocpp_ws/install/pylon_instant_camera/lib:/home/david/yolocpp_ws/install/image_directory_publisher/lib:/home/david/yolocpp_ws/install/docs_turtlesim/lib:/home/david/yolocpp_ws/install/bboxes_ex_msgs/lib:/opt/vulcanexus/humble/lib:/opt/pylon/lib:/opt/ros/humble/opt/rviz_ogre_vendor/lib:/opt/ros/humble/lib/x86_64-linux-gnu:/opt/ros/humble/lib:/usr/local/cuda/lib64:/usr/local/cuda-11.2/lib64:/usr/local/cuda-11.2/lib64:/home/david/onnxruntime-linux-x64-gpu-1.22.0/lib PROMPT_COMMAND=echo -n \[$(date +%H:%M:%S)\]\ /home/david/.local/bin/cmake --build /home/david/yolocpp_ws/build/tensorrt_yolo -- -j32 -l32
[0.099s] Invoking command in '/home/david/yolocpp_ws/build/tensorrt_yolo': CMAKE_PREFIX_PATH=/home/david/yolocpp_ws/install/yolo_custom_interfaces:/home/david/yolocpp_ws/install/zoe_bringup:/home/david/yolocpp_ws/install/yolocpp:/home/david/yolocpp_ws/install/tensorrt_yolo:/home/david/yolocpp_ws/install/seg_sub:/home/david/yolocpp_ws/install/pylon_instant_camera:/home/david/yolocpp_ws/install/monitor_tutorial:/home/david/yolocpp_ws/install/monitor_sql_tutorial:/home/david/yolocpp_ws/install/image_directory_publisher:/home/david/yolocpp_ws/install/docs_turtlesim:/home/david/yolocpp_ws/install/bboxes_ex_msgs:/opt/vulcanexus/humble:/home/david/yolocpp_ws/install/microservers_py:/home/david/yolocpp_ws/install/clients_py:/opt/ros/humble LD_LIBRARY_PATH=/home/david/yolocpp_ws/install/yolo_custom_interfaces/lib:/home/david/yolocpp_ws/install/pylon_instant_camera/lib:/home/david/yolocpp_ws/install/image_directory_publisher/lib:/home/david/yolocpp_ws/install/docs_turtlesim/lib:/home/david/yolocpp_ws/install/bboxes_ex_msgs/lib:/opt/vulcanexus/humble/lib:/opt/pylon/lib:/opt/ros/humble/opt/rviz_ogre_vendor/lib:/opt/ros/humble/lib/x86_64-linux-gnu:/opt/ros/humble/lib:/usr/local/cuda/lib64:/usr/local/cuda-11.2/lib64:/usr/local/cuda-11.2/lib64:/home/david/onnxruntime-linux-x64-gpu-1.22.0/lib PROMPT_COMMAND=echo -n \[$(date +%H:%M:%S)\]\ /home/david/.local/bin/cmake --install /home/david/yolocpp_ws/build/tensorrt_yolo
[0.122s] -- Install configuration: ""
[0.122s] -- Up-to-date: /home/david/yolocpp_ws/install/tensorrt_yolo/lib/tensorrt_yolo/libdeploy.so
[0.123s] -- Up-to-date: /home/david/yolocpp_ws/install/tensorrt_yolo/lib/tensorrt_yolo/libchrono.so
[0.123s] -- Up-to-date: /home/david/yolocpp_ws/install/tensorrt_yolo/lib/tensorrt_yolo/segment_node
[0.123s] -- Up-to-date: /home/david/yolocpp_ws/install/tensorrt_yolo/lib/tensorrt_yolo/libdeploy.so
[0.123s] -- Up-to-date: /home/david/yolocpp_ws/install/tensorrt_yolo/lib/tensorrt_yolo/libchrono.so
[0.123s] -- Up-to-date: /home/david/yolocpp_ws/install/tensorrt_yolo/lib/tensorrt_yolo/segment_node_3P
[0.123s] -- Up-to-date: /home/david/yolocpp_ws/install/tensorrt_yolo/include/deploy
[0.123s] -- Up-to-date: /home/david/yolocpp_ws/install/tensorrt_yolo/include/deploy/result.hpp
[0.123s] -- Up-to-date: /home/david/yolocpp_ws/install/tensorrt_yolo/include/deploy/pybind.cpp
[0.123s] -- Up-to-date: /home/david/yolocpp_ws/install/tensorrt_yolo/include/deploy/model.hpp
[0.123s] -- Up-to-date: /home/david/yolocpp_ws/install/tensorrt_yolo/include/deploy/option.hpp
[0.123s] -- Up-to-date: /home/david/yolocpp_ws/install/tensorrt_yolo/include/deploy/core
[0.123s] -- Up-to-date: /home/david/yolocpp_ws/install/tensorrt_yolo/include/deploy/core/buffer.cpp
[0.123s] -- Up-to-date: /home/david/yolocpp_ws/install/tensorrt_yolo/include/deploy/core/macro.hpp
[0.123s] -- Up-to-date: /home/david/yolocpp_ws/install/tensorrt_yolo/include/deploy/core/core.cpp
[0.124s] -- Up-to-date: /home/david/yolocpp_ws/install/tensorrt_yolo/include/deploy/core/core.hpp
[0.124s] -- Up-to-date: /home/david/yolocpp_ws/install/tensorrt_yolo/include/deploy/core/buffer.hpp
[0.124s] -- Up-to-date: /home/david/yolocpp_ws/install/tensorrt_yolo/include/deploy/infer
[0.124s] -- Up-to-date: /home/david/yolocpp_ws/install/tensorrt_yolo/include/deploy/infer/warpaffine.hpp
[0.124s] -- Up-to-date: /home/david/yolocpp_ws/install/tensorrt_yolo/include/deploy/infer/backend.cpp
[0.124s] -- Up-to-date: /home/david/yolocpp_ws/install/tensorrt_yolo/include/deploy/infer/warpaffine.cu
[0.124s] -- Up-to-date: /home/david/yolocpp_ws/install/tensorrt_yolo/include/deploy/infer/backend.hpp
[0.124s] -- Up-to-date: /home/david/yolocpp_ws/install/tensorrt_yolo/include/deploy/utils
[0.124s] -- Up-to-date: /home/david/yolocpp_ws/install/tensorrt_yolo/include/deploy/utils/utils.hpp
[0.124s] -- Up-to-date: /home/david/yolocpp_ws/install/tensorrt_yolo/include/deploy/utils/utils.cpp
[0.124s] -- Up-to-date: /home/david/yolocpp_ws/install/tensorrt_yolo/include/deploy/model.cpp
[0.124s] -- Up-to-date: /home/david/yolocpp_ws/install/tensorrt_yolo/include/plugin
[0.124s] -- Up-to-date: /home/david/yolocpp_ws/install/tensorrt_yolo/include/plugin/common
[0.124s] -- Up-to-date: /home/david/yolocpp_ws/install/tensorrt_yolo/include/plugin/common/checkMacrosPlugin.h
[0.124s] -- Up-to-date: /home/david/yolocpp_ws/install/tensorrt_yolo/include/plugin/common/plugin.h
[0.124s] -- Up-to-date: /home/david/yolocpp_ws/install/tensorrt_yolo/include/plugin/common/vfcCommon.h
[0.124s] -- Up-to-date: /home/david/yolocpp_ws/install/tensorrt_yolo/include/plugin/common/bboxUtils.h
[0.124s] -- Up-to-date: /home/david/yolocpp_ws/install/tensorrt_yolo/include/plugin/efficientRotatedNMSPlugin
[0.124s] -- Up-to-date: /home/david/yolocpp_ws/install/tensorrt_yolo/include/plugin/efficientRotatedNMSPlugin/efficientRotatedNMSInference.h
[0.124s] -- Up-to-date: /home/david/yolocpp_ws/install/tensorrt_yolo/include/plugin/efficientRotatedNMSPlugin/efficientRotatedNMSParameters.h
[0.124s] -- Up-to-date: /home/david/yolocpp_ws/install/tensorrt_yolo/include/plugin/efficientRotatedNMSPlugin/efficientRotatedNMSPlugin.h
[0.124s] -- Up-to-date: /home/david/yolocpp_ws/install/tensorrt_yolo/include/plugin/efficientIdxNMSPlugin
[0.124s] -- Up-to-date: /home/david/yolocpp_ws/install/tensorrt_yolo/include/plugin/efficientIdxNMSPlugin/efficientIdxNMSInference.h
[0.124s] -- Up-to-date: /home/david/yolocpp_ws/install/tensorrt_yolo/include/plugin/efficientIdxNMSPlugin/efficientIdxNMSPlugin.h
[0.125s] -- Up-to-date: /home/david/yolocpp_ws/install/tensorrt_yolo/include/plugin/efficientIdxNMSPlugin/efficientIdxNMSParameters.h
[0.125s] -- Up-to-date: /home/david/yolocpp_ws/install/tensorrt_yolo/share/tensorrt_yolo/launch
[0.125s] -- Up-to-date: /home/david/yolocpp_ws/install/tensorrt_yolo/share/tensorrt_yolo/launch/tensort_yolo.launch.py
[0.125s] -- Up-to-date: /home/david/yolocpp_ws/install/tensorrt_yolo/share/tensorrt_yolo/launch/tensort_yolo_3P.launch.py
[0.125s] -- Up-to-date: /home/david/yolocpp_ws/install/tensorrt_yolo/share/tensorrt_yolo/include
[0.125s] -- Up-to-date: /home/david/yolocpp_ws/install/tensorrt_yolo/share/tensorrt_yolo/include/chrono
[0.125s] -- Up-to-date: /home/david/yolocpp_ws/install/tensorrt_yolo/share/tensorrt_yolo/include/chrono/ChronoTimer.hpp
[0.125s] -- Up-to-date: /home/david/yolocpp_ws/install/tensorrt_yolo/share/tensorrt_yolo/include/chrono/ChronoTimer.cpp
[0.125s] -- Up-to-date: /home/david/yolocpp_ws/install/tensorrt_yolo/share/tensorrt_yolo/include/deploy
[0.125s] -- Up-to-date: /home/david/yolocpp_ws/install/tensorrt_yolo/share/tensorrt_yolo/include/deploy/result.hpp
[0.125s] -- Up-to-date: /home/david/yolocpp_ws/install/tensorrt_yolo/share/tensorrt_yolo/include/deploy/pybind.cpp
[0.125s] -- Up-to-date: /home/david/yolocpp_ws/install/tensorrt_yolo/share/tensorrt_yolo/include/deploy/model.hpp
[0.125s] -- Up-to-date: /home/david/yolocpp_ws/install/tensorrt_yolo/share/tensorrt_yolo/include/deploy/option.hpp
[0.125s] -- Up-to-date: /home/david/yolocpp_ws/install/tensorrt_yolo/share/tensorrt_yolo/include/deploy/core
[0.125s] -- Up-to-date: /home/david/yolocpp_ws/install/tensorrt_yolo/share/tensorrt_yolo/include/deploy/core/buffer.cpp
[0.125s] -- Up-to-date: /home/david/yolocpp_ws/install/tensorrt_yolo/share/tensorrt_yolo/include/deploy/core/macro.hpp
[0.125s] -- Up-to-date: /home/david/yolocpp_ws/install/tensorrt_yolo/share/tensorrt_yolo/include/deploy/core/core.cpp
[0.125s] -- Up-to-date: /home/david/yolocpp_ws/install/tensorrt_yolo/share/tensorrt_yolo/include/deploy/core/core.hpp
[0.125s] -- Up-to-date: /home/david/yolocpp_ws/install/tensorrt_yolo/share/tensorrt_yolo/include/deploy/core/buffer.hpp
[0.125s] -- Up-to-date: /home/david/yolocpp_ws/install/tensorrt_yolo/share/tensorrt_yolo/include/deploy/infer
[0.125s] -- Up-to-date: /home/david/yolocpp_ws/install/tensorrt_yolo/share/tensorrt_yolo/include/deploy/infer/warpaffine.hpp
[0.125s] -- Up-to-date: /home/david/yolocpp_ws/install/tensorrt_yolo/share/tensorrt_yolo/include/deploy/infer/backend.cpp
[0.125s] -- Up-to-date: /home/david/yolocpp_ws/install/tensorrt_yolo/share/tensorrt_yolo/include/deploy/infer/warpaffine.cu
[0.125s] -- Up-to-date: /home/david/yolocpp_ws/install/tensorrt_yolo/share/tensorrt_yolo/include/deploy/infer/backend.hpp
[0.125s] -- Up-to-date: /home/david/yolocpp_ws/install/tensorrt_yolo/share/tensorrt_yolo/include/deploy/utils
[0.125s] -- Up-to-date: /home/david/yolocpp_ws/install/tensorrt_yolo/share/tensorrt_yolo/include/deploy/utils/utils.hpp
[0.126s] -- Up-to-date: /home/david/yolocpp_ws/install/tensorrt_yolo/share/tensorrt_yolo/include/deploy/utils/utils.cpp
[0.126s] -- Up-to-date: /home/david/yolocpp_ws/install/tensorrt_yolo/share/tensorrt_yolo/include/deploy/model.cpp
[0.126s] -- Up-to-date: /home/david/yolocpp_ws/install/tensorrt_yolo/share/tensorrt_yolo/include/TensorRT-YOLO
[0.126s] -- Up-to-date: /home/david/yolocpp_ws/install/tensorrt_yolo/share/tensorrt_yolo/include/plugin
[0.126s] -- Up-to-date: /home/david/yolocpp_ws/install/tensorrt_yolo/share/tensorrt_yolo/include/plugin/common
[0.126s] -- Up-to-date: /home/david/yolocpp_ws/install/tensorrt_yolo/share/tensorrt_yolo/include/plugin/common/checkMacrosPlugin.h
[0.126s] -- Up-to-date: /home/david/yolocpp_ws/install/tensorrt_yolo/share/tensorrt_yolo/include/plugin/common/vfcCommon.cpp
[0.126s] -- Up-to-date: /home/david/yolocpp_ws/install/tensorrt_yolo/share/tensorrt_yolo/include/plugin/common/plugin.h
[0.126s] -- Up-to-date: /home/david/yolocpp_ws/install/tensorrt_yolo/share/tensorrt_yolo/include/plugin/common/plugin.cpp
[0.126s] -- Up-to-date: /home/david/yolocpp_ws/install/tensorrt_yolo/share/tensorrt_yolo/include/plugin/common/vfcCommon.h
[0.126s] -- Up-to-date: /home/david/yolocpp_ws/install/tensorrt_yolo/share/tensorrt_yolo/include/plugin/common/checkMacrosPlugin.cpp
[0.126s] -- Up-to-date: /home/david/yolocpp_ws/install/tensorrt_yolo/share/tensorrt_yolo/include/plugin/common/common.cu
[0.126s] -- Up-to-date: /home/david/yolocpp_ws/install/tensorrt_yolo/share/tensorrt_yolo/include/plugin/common/bboxUtils.h
[0.126s] -- Up-to-date: /home/david/yolocpp_ws/install/tensorrt_yolo/share/tensorrt_yolo/include/plugin/efficientRotatedNMSPlugin
[0.126s] -- Up-to-date: /home/david/yolocpp_ws/install/tensorrt_yolo/share/tensorrt_yolo/include/plugin/efficientRotatedNMSPlugin/efficientRotatedNMSInference.cu
[0.126s] -- Up-to-date: /home/david/yolocpp_ws/install/tensorrt_yolo/share/tensorrt_yolo/include/plugin/efficientRotatedNMSPlugin/efficientRotatedNMSInference.h
[0.126s] -- Up-to-date: /home/david/yolocpp_ws/install/tensorrt_yolo/share/tensorrt_yolo/include/plugin/efficientRotatedNMSPlugin/README.md
[0.126s] -- Up-to-date: /home/david/yolocpp_ws/install/tensorrt_yolo/share/tensorrt_yolo/include/plugin/efficientRotatedNMSPlugin/efficientRotatedNMSPlugin.cpp
[0.126s] -- Up-to-date: /home/david/yolocpp_ws/install/tensorrt_yolo/share/tensorrt_yolo/include/plugin/efficientRotatedNMSPlugin/efficientRotatedNMSInference.cuh
[0.126s] -- Up-to-date: /home/david/yolocpp_ws/install/tensorrt_yolo/share/tensorrt_yolo/include/plugin/efficientRotatedNMSPlugin/efficientRotatedNMSParameters.h
[0.126s] -- Up-to-date: /home/david/yolocpp_ws/install/tensorrt_yolo/share/tensorrt_yolo/include/plugin/efficientRotatedNMSPlugin/efficientRotatedNMSPlugin.h
[0.126s] -- Up-to-date: /home/david/yolocpp_ws/install/tensorrt_yolo/share/tensorrt_yolo/include/plugin/efficientIdxNMSPlugin
[0.126s] -- Up-to-date: /home/david/yolocpp_ws/install/tensorrt_yolo/share/tensorrt_yolo/include/plugin/efficientIdxNMSPlugin/README.md
[0.126s] -- Up-to-date: /home/david/yolocpp_ws/install/tensorrt_yolo/share/tensorrt_yolo/include/plugin/efficientIdxNMSPlugin/efficientIdxNMSPlugin.cpp
[0.126s] -- Up-to-date: /home/david/yolocpp_ws/install/tensorrt_yolo/share/tensorrt_yolo/include/plugin/efficientIdxNMSPlugin/efficientIdxNMSInference.cuh
[0.126s] -- Up-to-date: /home/david/yolocpp_ws/install/tensorrt_yolo/share/tensorrt_yolo/include/plugin/efficientIdxNMSPlugin/efficientIdxNMSInference.h
[0.126s] -- Up-to-date: /home/david/yolocpp_ws/install/tensorrt_yolo/share/tensorrt_yolo/include/plugin/efficientIdxNMSPlugin/efficientIdxNMSPlugin.h
[0.126s] -- Up-to-date: /home/david/yolocpp_ws/install/tensorrt_yolo/share/tensorrt_yolo/include/plugin/efficientIdxNMSPlugin/efficientIdxNMSInference.cu
[0.126s] -- Up-to-date: /home/david/yolocpp_ws/install/tensorrt_yolo/share/tensorrt_yolo/include/plugin/efficientIdxNMSPlugin/efficientIdxNMSParameters.h
[0.127s] -- Up-to-date: /home/david/yolocpp_ws/install/tensorrt_yolo/share/tensorrt_yolo/models
[0.127s] -- Up-to-date: /home/david/yolocpp_ws/install/tensorrt_yolo/share/tensorrt_yolo/models/.keep
[0.127s] -- Up-to-date: /home/david/yolocpp_ws/install/tensorrt_yolo/share/tensorrt_yolo/models/yolo11s-seg.engine
[0.127s] -- Up-to-date: /home/david/yolocpp_ws/install/tensorrt_yolo/share/tensorrt_yolo/models/yolo11s-seg_03_b1.engine
[0.127s] -- Up-to-date: /home/david/yolocpp_ws/install/tensorrt_yolo/share/tensorrt_yolo/models/yolo11n-seg.engine
[0.127s] -- Up-to-date: /home/david/yolocpp_ws/install/tensorrt_yolo/share/tensorrt_yolo/models/labels.txt
[0.127s] -- Up-to-date: /home/david/yolocpp_ws/install/tensorrt_yolo/share/tensorrt_yolo/data
[0.127s] -- Up-to-date: /home/david/yolocpp_ws/install/tensorrt_yolo/share/tensorrt_yolo/data/panoramic_02.avi
[0.127s] -- Up-to-date: /home/david/yolocpp_ws/install/tensorrt_yolo/share/tensorrt_yolo/data/test.jpg
[0.127s] -- Up-to-date: /home/david/yolocpp_ws/install/tensorrt_yolo/share/tensorrt_yolo/data/test1.jpg
[0.127s] -- Up-to-date: /home/david/yolocpp_ws/install/tensorrt_yolo/share/tensorrt_yolo/data/.gitignore
[0.127s] -- Up-to-date: /home/david/yolocpp_ws/install/tensorrt_yolo/share/tensorrt_yolo/config
[0.127s] -- Up-to-date: /home/david/yolocpp_ws/install/tensorrt_yolo/share/tensorrt_yolo/config/config.yaml
[0.127s] -- Up-to-date: /home/david/yolocpp_ws/install/tensorrt_yolo/share/ament_index/resource_index/package_run_dependencies/tensorrt_yolo
[0.127s] -- Up-to-date: /home/david/yolocpp_ws/install/tensorrt_yolo/share/ament_index/resource_index/parent_prefix_path/tensorrt_yolo
[0.127s] -- Up-to-date: /home/david/yolocpp_ws/install/tensorrt_yolo/share/tensorrt_yolo/environment/ament_prefix_path.sh
[0.127s] -- Up-to-date: /home/david/yolocpp_ws/install/tensorrt_yolo/share/tensorrt_yolo/environment/ament_prefix_path.dsv
[0.127s] -- Up-to-date: /home/david/yolocpp_ws/install/tensorrt_yolo/share/tensorrt_yolo/environment/path.sh
[0.127s] -- Up-to-date: /home/david/yolocpp_ws/install/tensorrt_yolo/share/tensorrt_yolo/environment/path.dsv
[0.127s] -- Up-to-date: /home/david/yolocpp_ws/install/tensorrt_yolo/share/tensorrt_yolo/local_setup.bash
[0.127s] -- Up-to-date: /home/david/yolocpp_ws/install/tensorrt_yolo/share/tensorrt_yolo/local_setup.sh
[0.127s] -- Up-to-date: /home/david/yolocpp_ws/install/tensorrt_yolo/share/tensorrt_yolo/local_setup.zsh
[0.127s] -- Up-to-date: /home/david/yolocpp_ws/install/tensorrt_yolo/share/tensorrt_yolo/local_setup.dsv
[0.127s] -- Installing: /home/david/yolocpp_ws/install/tensorrt_yolo/share/tensorrt_yolo/package.dsv
[0.127s] -- Up-to-date: /home/david/yolocpp_ws/install/tensorrt_yolo/share/ament_index/resource_index/packages/tensorrt_yolo
[0.127s] -- Up-to-date: /home/david/yolocpp_ws/install/tensorrt_yolo/share/tensorrt_yolo/cmake/tensorrt_yoloConfig.cmake
[0.127s] -- Up-to-date: /home/david/yolocpp_ws/install/tensorrt_yolo/share/tensorrt_yolo/cmake/tensorrt_yoloConfig-version.cmake
[0.127s] -- Up-to-date: /home/david/yolocpp_ws/install/tensorrt_yolo/share/tensorrt_yolo/package.xml
[0.144s] Invoked command in '/home/david/yolocpp_ws/build/tensorrt_yolo' returned '0': CMAKE_PREFIX_PATH=/home/david/yolocpp_ws/install/yolo_custom_interfaces:/home/david/yolocpp_ws/install/zoe_bringup:/home/david/yolocpp_ws/install/yolocpp:/home/david/yolocpp_ws/install/tensorrt_yolo:/home/david/yolocpp_ws/install/seg_sub:/home/david/yolocpp_ws/install/pylon_instant_camera:/home/david/yolocpp_ws/install/monitor_tutorial:/home/david/yolocpp_ws/install/monitor_sql_tutorial:/home/david/yolocpp_ws/install/image_directory_publisher:/home/david/yolocpp_ws/install/docs_turtlesim:/home/david/yolocpp_ws/install/bboxes_ex_msgs:/opt/vulcanexus/humble:/home/david/yolocpp_ws/install/microservers_py:/home/david/yolocpp_ws/install/clients_py:/opt/ros/humble LD_LIBRARY_PATH=/home/david/yolocpp_ws/install/yolo_custom_interfaces/lib:/home/david/yolocpp_ws/install/pylon_instant_camera/lib:/home/david/yolocpp_ws/install/image_directory_publisher/lib:/home/david/yolocpp_ws/install/docs_turtlesim/lib:/home/david/yolocpp_ws/install/bboxes_ex_msgs/lib:/opt/vulcanexus/humble/lib:/opt/pylon/lib:/opt/ros/humble/opt/rviz_ogre_vendor/lib:/opt/ros/humble/lib/x86_64-linux-gnu:/opt/ros/humble/lib:/usr/local/cuda/lib64:/usr/local/cuda-11.2/lib64:/usr/local/cuda-11.2/lib64:/home/david/onnxruntime-linux-x64-gpu-1.22.0/lib PROMPT_COMMAND=echo -n \[$(date +%H:%M:%S)\]\ /home/david/.local/bin/cmake --install /home/david/yolocpp_ws/build/tensorrt_yolo
