[0.012s] Invoking command in '/home/david/yolocpp_ws/build/pidnet_segmentation_cpp': CMAKE_PREFIX_PATH=${CMAKE_PREFIX_PATH}:/opt/ros/humble PROMPT_COMMAND=echo -n \[$(date +%H:%M:%S)\]\ /bin/cmake /home/david/yolocpp_ws/src/pidnet_segmentation_cpp -DTRT_PATH=/usr -DCMAKE_CUDA_ARCHITECTURES=89 -DCMAKE_CUDA_COMPILER=/usr/local/cuda-12.9/bin/nvcc -DCMAKE_INSTALL_PREFIX=/home/david/yolocpp_ws/install/pidnet_segmentation_cpp
[0.058s] -- The CXX compiler identification is GNU 11.4.0
[0.683s] -- The CUDA compiler identification is NVIDIA 12.9.86
[0.688s] -- Detecting CXX compiler ABI info
[0.749s] -- Detecting CXX compiler ABI info - done
[0.756s] -- Check for working CXX compiler: /bin/c++ - skipped
[0.756s] -- Detecting CXX compile features
[0.756s] -- Detecting CXX compile features - done
[0.758s] -- Detecting CUDA compiler ABI info
[1.391s] -- Detecting CUDA compiler ABI info - done
[1.413s] -- Check for working CUDA compiler: /usr/local/cuda-12.9/bin/nvcc - skipped
[1.413s] -- Detecting CUDA compile features
[1.413s] -- Detecting CUDA compile features - done
[1.415s] -- Found ament_cmake: 1.3.11 (/opt/ros/humble/share/ament_cmake/cmake)
[1.744s] -- Found Python3: /bin/python3 (found version "3.10.12") found components: Interpreter 
[1.842s] -- Found rclcpp: 16.0.12 (/opt/ros/humble/share/rclcpp/cmake)
[1.878s] -- Found rosidl_generator_c: 3.1.6 (/opt/ros/humble/share/rosidl_generator_c/cmake)
[1.882s] -- Found rosidl_adapter: 3.1.6 (/opt/ros/humble/share/rosidl_adapter/cmake)
[1.889s] -- Found rosidl_generator_cpp: 3.1.6 (/opt/ros/humble/share/rosidl_generator_cpp/cmake)
[1.899s] -- Using all available rosidl_typesupport_c: rosidl_typesupport_fastrtps_c;rosidl_typesupport_introspection_c
[1.914s] -- Using all available rosidl_typesupport_cpp: rosidl_typesupport_fastrtps_cpp;rosidl_typesupport_introspection_cpp
[1.967s] -- Found rmw_implementation_cmake: 6.1.2 (/opt/ros/humble/share/rmw_implementation_cmake/cmake)
[1.970s] -- Found rmw_fastrtps_cpp: 6.2.7 (/opt/ros/humble/share/rmw_fastrtps_cpp/cmake)
[2.074s] -- Found OpenSSL: /usr/lib/x86_64-linux-gnu/libcrypto.so (found version "3.0.2")  
[2.114s] -- Found FastRTPS: /opt/ros/humble/include  
[2.172s] -- Using RMW implementation 'rmw_fastrtps_cpp' as default
[2.179s] -- Looking for C++ include pthread.h
[2.280s] -- Looking for C++ include pthread.h - found
[2.281s] -- Performing Test CMAKE_HAVE_LIBC_PTHREAD
[2.391s] -- Performing Test CMAKE_HAVE_LIBC_PTHREAD - Success
[2.393s] -- Found Threads: TRUE  
[2.465s] -- Found sensor_msgs: 4.9.0 (/opt/ros/humble/share/sensor_msgs/cmake)
[2.507s] -- Found rclcpp_components: 16.0.12 (/opt/ros/humble/share/rclcpp_components/cmake)
[2.544s] -- Found cv_bridge: 3.2.1 (/opt/ros/humble/share/cv_bridge/cmake)
[2.559s] -- Found image_transport: 3.1.12 (/opt/ros/humble/share/image_transport/cmake)
[2.598s] -- Found OpenCV: /usr (found version "4.5.4") 
[2.627s] -- Found CUDA: /usr/local/cuda (found version "12.9") 
[2.825s] -- Found OpenMP_CXX: -fopenmp (found version "4.5") 
[2.825s] -- Found OpenMP: TRUE (found version "4.5")  
[2.834s] [31mCMake Error at CMakeLists.txt:19 (find_package):
[2.835s]   By not providing "Findyolo_custom_interfaces.cmake" in CMAKE_MODULE_PATH
[2.835s]   this project has asked CMake to find a package configuration file provided
[2.835s]   by "yolo_custom_interfaces", but CMake did not find one.
[2.835s] 
[2.835s]   Could not find a package configuration file provided by
[2.835s]   "yolo_custom_interfaces" with any of the following names:
[2.835s] 
[2.835s]     yolo_custom_interfacesConfig.cmake
[2.835s]     yolo_custom_interfaces-config.cmake
[2.835s] 
[2.835s]   Add the installation prefix of "yolo_custom_interfaces" to
[2.835s]   CMAKE_PREFIX_PATH or set "yolo_custom_interfaces_DIR" to a directory
[2.835s]   containing one of the above files.  If "yolo_custom_interfaces" provides a
[2.836s]   separate development package or SDK, be sure it has been installed.
[2.836s] 
[2.836s] [0m
[2.836s] -- Configuring incomplete, errors occurred!
[2.836s] See also "/home/david/yolocpp_ws/build/pidnet_segmentation_cpp/CMakeFiles/CMakeOutput.log".
[2.843s] Invoked command in '/home/david/yolocpp_ws/build/pidnet_segmentation_cpp' returned '1': CMAKE_PREFIX_PATH=${CMAKE_PREFIX_PATH}:/opt/ros/humble PROMPT_COMMAND=echo -n \[$(date +%H:%M:%S)\]\ /bin/cmake /home/david/yolocpp_ws/src/pidnet_segmentation_cpp -DTRT_PATH=/usr -DCMAKE_CUDA_ARCHITECTURES=89 -DCMAKE_CUDA_COMPILER=/usr/local/cuda-12.9/bin/nvcc -DCMAKE_INSTALL_PREFIX=/home/david/yolocpp_ws/install/pidnet_segmentation_cpp
