[0.901s] Invoking command in '/home/david/yolocpp_ws/vulcanexus/code/microservices/microservers_py': PROMPT_COMMAND=echo -n \[$(date +%H:%M:%S)\]\ PYTHONPATH=/home/david/yolocpp_ws/build/microservers_py/prefix_override:/usr/lib/python3/dist-packages/colcon_core/task/python/colcon_distutils_commands:/home/david/yolocpp_ws/install/microservers_py/lib/python3.10/site-packages:${PYTHONPATH} /usr/bin/python3 -W ignore:setup.py install is deprecated -W ignore:easy_install command is deprecated setup.py egg_info --egg-base ../../../../build/microservers_py build --build-base /home/david/yolocpp_ws/build/microservers_py/build install --record /home/david/yolocpp_ws/build/microservers_py/install.log --single-version-externally-managed install_data
[1.077s] running egg_info
[1.077s] writing ../../../../build/microservers_py/microservers_py.egg-info/PKG-INFO
[1.077s] writing dependency_links to ../../../../build/microservers_py/microservers_py.egg-info/dependency_links.txt
[1.077s] writing entry points to ../../../../build/microservers_py/microservers_py.egg-info/entry_points.txt
[1.077s] writing requirements to ../../../../build/microservers_py/microservers_py.egg-info/requires.txt
[1.077s] writing top-level names to ../../../../build/microservers_py/microservers_py.egg-info/top_level.txt
[1.078s] reading manifest file '../../../../build/microservers_py/microservers_py.egg-info/SOURCES.txt'
[1.078s] adding license file 'LICENSE'
[1.079s] writing manifest file '../../../../build/microservers_py/microservers_py.egg-info/SOURCES.txt'
[1.079s] running build
[1.079s] running build_py
[1.079s] running install
[1.079s] running install_lib
[1.080s] running install_data
[1.080s] running install_egg_info
[1.081s] removing '/home/david/yolocpp_ws/install/microservers_py/lib/python3.10/site-packages/microservers_py-0.0.0-py3.10.egg-info' (and everything under it)
[1.081s] Copying ../../../../build/microservers_py/microservers_py.egg-info to /home/david/yolocpp_ws/install/microservers_py/lib/python3.10/site-packages/microservers_py-0.0.0-py3.10.egg-info
[1.081s] running install_scripts
[1.091s] Installing server_addition script to /home/david/yolocpp_ws/install/microservers_py/lib/microservers_py
[1.091s] Installing server_subtraction script to /home/david/yolocpp_ws/install/microservers_py/lib/microservers_py
[1.092s] writing list of installed files to '/home/david/yolocpp_ws/build/microservers_py/install.log'
[1.104s] Invoked command in '/home/david/yolocpp_ws/vulcanexus/code/microservices/microservers_py' returned '0': PROMPT_COMMAND=echo -n \[$(date +%H:%M:%S)\]\ PYTHONPATH=/home/david/yolocpp_ws/build/microservers_py/prefix_override:/usr/lib/python3/dist-packages/colcon_core/task/python/colcon_distutils_commands:/home/david/yolocpp_ws/install/microservers_py/lib/python3.10/site-packages:${PYTHONPATH} /usr/bin/python3 -W ignore:setup.py install is deprecated -W ignore:easy_install command is deprecated setup.py egg_info --egg-base ../../../../build/microservers_py build --build-base /home/david/yolocpp_ws/build/microservers_py/build install --record /home/david/yolocpp_ws/build/microservers_py/install.log --single-version-externally-managed install_data
