-- The C compiler identification is GNU 11.4.0
-- The CXX compiler identification is GNU 11.4.0
-- Detecting C compiler ABI info
-- Detecting C compiler ABI info - done
-- Check for working C compiler: /bin/cc - skipped
-- Detecting C compile features
-- Detecting C compile features - done
-- Detecting CXX compiler ABI info
-- Detecting CXX compiler ABI info - done
-- Check for working CXX compiler: /bin/c++ - skipped
-- Detecting CXX compile features
-- Detecting CXX compile features - done
-- Found ament_cmake: 1.3.11 (/opt/ros/humble/share/ament_cmake/cmake)
-- Found Python3: /bin/python3 (found version "3.10.12") found components: Interpreter 
-- Found rclcpp: 16.0.12 (/opt/ros/humble/share/rclcpp/cmake)
-- Found rosidl_generator_c: 3.1.6 (/opt/ros/humble/share/rosidl_generator_c/cmake)
-- Found rosidl_adapter: 3.1.6 (/opt/ros/humble/share/rosidl_adapter/cmake)
-- Found rosidl_generator_cpp: 3.1.6 (/opt/ros/humble/share/rosidl_generator_cpp/cmake)
-- Using all available rosidl_typesupport_c: rosidl_typesupport_fastrtps_c;rosidl_typesupport_introspection_c
-- Using all available rosidl_typesupport_cpp: rosidl_typesupport_fastrtps_cpp;rosidl_typesupport_introspection_cpp
-- Found rmw_implementation_cmake: 6.1.2 (/opt/ros/humble/share/rmw_implementation_cmake/cmake)
-- Found rmw_fastrtps_cpp: 6.2.7 (/opt/ros/humble/share/rmw_fastrtps_cpp/cmake)
-- Found OpenSSL: /usr/lib/x86_64-linux-gnu/libcrypto.so (found version "3.0.2")  
-- Found FastRTPS: /opt/ros/humble/include  
-- Using RMW implementation 'rmw_fastrtps_cpp' as default
-- Looking for pthread.h
-- Looking for pthread.h - found
-- Performing Test CMAKE_HAVE_LIBC_PTHREAD
-- Performing Test CMAKE_HAVE_LIBC_PTHREAD - Success
-- Found Threads: TRUE  
-- Found image_transport: 3.1.12 (/opt/ros/humble/share/image_transport/cmake)
-- Found cv_bridge: 3.2.1 (/opt/ros/humble/share/cv_bridge/cmake)
-- Found rclcpp_components: 16.0.12 (/opt/ros/humble/share/rclcpp_components/cmake)
-- Configuring done
-- Generating done
[33mCMake Warning:
  Manually-specified variables were not used by the project:

    CMAKE_CUDA_COMPILER
    TRT_PATH

[0m
-- Build files have been written to: /home/david/yolocpp_ws/build/image_directory_publisher
[ 50%] [32mBuilding CXX object CMakeFiles/directory_publisher_node.dir/src/directory_publisher_node.cpp.o[0m
In file included from [01m[K/opt/ros/humble/include/rclcpp/rclcpp/logging.hpp:24[m[K,
                 from [01m[K/opt/ros/humble/include/rclcpp/rclcpp/client.hpp:40[m[K,
                 from [01m[K/opt/ros/humble/include/rclcpp/rclcpp/callback_group.hpp:24[m[K,
                 from [01m[K/opt/ros/humble/include/rclcpp/rclcpp/any_executable.hpp:20[m[K,
                 from [01m[K/opt/ros/humble/include/rclcpp/rclcpp/memory_strategy.hpp:25[m[K,
                 from [01m[K/opt/ros/humble/include/rclcpp/rclcpp/memory_strategies.hpp:18[m[K,
                 from [01m[K/opt/ros/humble/include/rclcpp/rclcpp/executor_options.hpp:20[m[K,
                 from [01m[K/opt/ros/humble/include/rclcpp/rclcpp/executor.hpp:37[m[K,
                 from [01m[K/opt/ros/humble/include/rclcpp/rclcpp/executors/multi_threaded_executor.hpp:25[m[K,
                 from [01m[K/opt/ros/humble/include/rclcpp/rclcpp/executors.hpp:21[m[K,
                 from [01m[K/opt/ros/humble/include/rclcpp/rclcpp/rclcpp.hpp:155[m[K,
                 from [01m[K/home/david/yolocpp_ws/src/image_directory_publisher/src/directory_publisher_node.cpp:1[m[K:
[01m[K/home/david/yolocpp_ws/src/image_directory_publisher/src/directory_publisher_node.cpp:[m[K In member function ‘[01m[Kvoid image_directory_publisher::DirectoryPublisherNode::publish_image_set(const string&, image_transport::Publisher&, const string&, const string&)[m[K’:
[01m[K/home/david/yolocpp_ws/src/image_directory_publisher/src/directory_publisher_node.cpp:162:41:[m[K [01;35m[Kwarning: [m[Kformat ‘[01m[K%ld[m[K’ expects argument of type ‘[01m[Klong int[m[K’, but argument 7 has type ‘[01m[Kbuiltin_interfaces::msg::Time_<std::allocator<void> >::_sec_type[m[K’ {aka ‘[01m[Kint[m[K’} [[01;35m[K]8;;https://gcc.gnu.org/onlinedocs/gcc/Warning-Options.html#index-Wformat=-Wformat=]8;;[m[K]
  162 |         RCLCPP_INFO(this->get_logger(), [01;35m[K"Published %s image: %s with MONOTONIC TS: %ld.%09ld"[m[K,
      |                                         [01;35m[K^~~~~~~~~~~~~~~~~~~~~~~~~~~~~~~~~~~~~~~~~~~~~~~~~~~~~[m[K
  163 |                     camera_name_log.c_str(), image_path.c_str(), [32m[Kheader.stamp.sec[m[K, header.stamp.nanosec);
      |                                                                  [32m[K~~~~~~~~~~~~~~~~[m[K
      |                                                                               [32m[K|[m[K
      |                                                                               [32m[Kbuiltin_interfaces::msg::Time_<std::allocator<void> >::_sec_type {aka int}[m[K
[01m[K/home/david/yolocpp_ws/src/image_directory_publisher/src/directory_publisher_node.cpp:162:86:[m[K [01;36m[Knote: [m[Kformat string is defined here
  162 |         RCLCPP_INFO(this->get_logger(), "Published %s image: %s with MONOTONIC TS: [01;36m[K%ld[m[K.%09ld",
      |                                                                                    [01;36m[K~~^[m[K
      |                                                                                      [01;36m[K|[m[K
      |                                                                                      [01;36m[Klong int[m[K
      |                                                                                    [32m[K%d[m[K
In file included from [01m[K/opt/ros/humble/include/rclcpp/rclcpp/logging.hpp:24[m[K,
                 from [01m[K/opt/ros/humble/include/rclcpp/rclcpp/client.hpp:40[m[K,
                 from [01m[K/opt/ros/humble/include/rclcpp/rclcpp/callback_group.hpp:24[m[K,
                 from [01m[K/opt/ros/humble/include/rclcpp/rclcpp/any_executable.hpp:20[m[K,
                 from [01m[K/opt/ros/humble/include/rclcpp/rclcpp/memory_strategy.hpp:25[m[K,
                 from [01m[K/opt/ros/humble/include/rclcpp/rclcpp/memory_strategies.hpp:18[m[K,
                 from [01m[K/opt/ros/humble/include/rclcpp/rclcpp/executor_options.hpp:20[m[K,
                 from [01m[K/opt/ros/humble/include/rclcpp/rclcpp/executor.hpp:37[m[K,
                 from [01m[K/opt/ros/humble/include/rclcpp/rclcpp/executors/multi_threaded_executor.hpp:25[m[K,
                 from [01m[K/opt/ros/humble/include/rclcpp/rclcpp/executors.hpp:21[m[K,
                 from [01m[K/opt/ros/humble/include/rclcpp/rclcpp/rclcpp.hpp:155[m[K,
                 from [01m[K/home/david/yolocpp_ws/src/image_directory_publisher/src/directory_publisher_node.cpp:1[m[K:
[01m[K/home/david/yolocpp_ws/src/image_directory_publisher/src/directory_publisher_node.cpp:162:41:[m[K [01;35m[Kwarning: [m[Kformat ‘[01m[K%ld[m[K’ expects argument of type ‘[01m[Klong int[m[K’, but argument 8 has type ‘[01m[Kbuiltin_interfaces::msg::Time_<std::allocator<void> >::_nanosec_type[m[K’ {aka ‘[01m[Kunsigned int[m[K’} [[01;35m[K]8;;https://gcc.gnu.org/onlinedocs/gcc/Warning-Options.html#index-Wformat=-Wformat=]8;;[m[K]
  162 |         RCLCPP_INFO(this->get_logger(), [01;35m[K"Published %s image: %s with MONOTONIC TS: %ld.%09ld"[m[K,
      |                                         [01;35m[K^~~~~~~~~~~~~~~~~~~~~~~~~~~~~~~~~~~~~~~~~~~~~~~~~~~~~[m[K
  163 |                     camera_name_log.c_str(), image_path.c_str(), header.stamp.sec, [32m[Kheader.stamp.nanosec[m[K);
      |                                                                                    [32m[K~~~~~~~~~~~~~~~~~~~~[m[K
      |                                                                                                 [32m[K|[m[K
      |                                                                                                 [32m[Kbuiltin_interfaces::msg::Time_<std::allocator<void> >::_nanosec_type {aka unsigned int}[m[K
[01m[K/home/david/yolocpp_ws/src/image_directory_publisher/src/directory_publisher_node.cpp:162:92:[m[K [01;36m[Knote: [m[Kformat string is defined here
  162 |         RCLCPP_INFO(this->get_logger(), "Published %s image: %s with MONOTONIC TS: %ld.[01;36m[K%09ld[m[K",
      |                                                                                        [01;36m[K~~~~^[m[K
      |                                                                                            [01;36m[K|[m[K
      |                                                                                            [01;36m[Klong int[m[K
      |                                                                                        [32m[K%09d[m[K
[100%] [32m[1mLinking CXX shared library libdirectory_publisher_node.so[0m
[100%] Built target directory_publisher_node
