[0.010s] Invoking command in '/home/david/yolocpp_ws/build/tensorrt_yolo': AMENT_PREFIX_PATH=/home/david/yolocpp_ws/install/yolo_custom_interfaces:${AMENT_PREFIX_PATH} CMAKE_PREFIX_PATH=/home/david/yolocpp_ws/install/yolo_custom_interfaces:/opt/ros/humble LD_LIBRARY_PATH=/home/david/yolocpp_ws/install/yolo_custom_interfaces/lib:/usr/local/cuda-12.9/lib64:/usr/local/cuda-12.9/lib64:/opt/pylon/lib:/opt/ros/humble/opt/rviz_ogre_vendor/lib:/opt/ros/humble/lib/x86_64-linux-gnu:/opt/ros/humble/lib:/usr/local/cuda/lib64:/usr/local/cuda-11.2/lib64:/usr/local/cuda-11.2/lib64:/home/david/onnxruntime-linux-x64-gpu-1.22.0/lib PROMPT_COMMAND=echo -n \[$(date +%H:%M:%S)\]\ PYTHONPATH=/home/david/yolocpp_ws/install/yolo_custom_interfaces/local/lib/python3.10/dist-packages:${PYTHONPATH} /home/david/.local/bin/cmake --build /home/david/yolocpp_ws/build/tensorrt_yolo -- -j32 -l32
[0.104s] [ 16%] Built target chrono
[0.107s] [ 83%] Built target deploy
[0.135s] [100%] Built target segment_node_3P
[0.148s] Invoked command in '/home/david/yolocpp_ws/build/tensorrt_yolo' returned '0': AMENT_PREFIX_PATH=/home/david/yolocpp_ws/install/yolo_custom_interfaces:${AMENT_PREFIX_PATH} CMAKE_PREFIX_PATH=/home/david/yolocpp_ws/install/yolo_custom_interfaces:/opt/ros/humble LD_LIBRARY_PATH=/home/david/yolocpp_ws/install/yolo_custom_interfaces/lib:/usr/local/cuda-12.9/lib64:/usr/local/cuda-12.9/lib64:/opt/pylon/lib:/opt/ros/humble/opt/rviz_ogre_vendor/lib:/opt/ros/humble/lib/x86_64-linux-gnu:/opt/ros/humble/lib:/usr/local/cuda/lib64:/usr/local/cuda-11.2/lib64:/usr/local/cuda-11.2/lib64:/home/david/onnxruntime-linux-x64-gpu-1.22.0/lib PROMPT_COMMAND=echo -n \[$(date +%H:%M:%S)\]\ PYTHONPATH=/home/david/yolocpp_ws/install/yolo_custom_interfaces/local/lib/python3.10/dist-packages:${PYTHONPATH} /home/david/.local/bin/cmake --build /home/david/yolocpp_ws/build/tensorrt_yolo -- -j32 -l32
[0.149s] Invoking command in '/home/david/yolocpp_ws/build/tensorrt_yolo': AMENT_PREFIX_PATH=/home/david/yolocpp_ws/install/yolo_custom_interfaces:${AMENT_PREFIX_PATH} CMAKE_PREFIX_PATH=/home/david/yolocpp_ws/install/yolo_custom_interfaces:/opt/ros/humble LD_LIBRARY_PATH=/home/david/yolocpp_ws/install/yolo_custom_interfaces/lib:/usr/local/cuda-12.9/lib64:/usr/local/cuda-12.9/lib64:/opt/pylon/lib:/opt/ros/humble/opt/rviz_ogre_vendor/lib:/opt/ros/humble/lib/x86_64-linux-gnu:/opt/ros/humble/lib:/usr/local/cuda/lib64:/usr/local/cuda-11.2/lib64:/usr/local/cuda-11.2/lib64:/home/david/onnxruntime-linux-x64-gpu-1.22.0/lib PROMPT_COMMAND=echo -n \[$(date +%H:%M:%S)\]\ PYTHONPATH=/home/david/yolocpp_ws/install/yolo_custom_interfaces/local/lib/python3.10/dist-packages:${PYTHONPATH} /home/david/.local/bin/cmake --install /home/david/yolocpp_ws/build/tensorrt_yolo
[0.172s] -- Install configuration: ""
[0.172s] -- Up-to-date: /home/david/yolocpp_ws/install/tensorrt_yolo/lib/tensorrt_yolo/libdeploy.so
[0.172s] -- Up-to-date: /home/david/yolocpp_ws/install/tensorrt_yolo/lib/tensorrt_yolo/libchrono.so
[0.172s] -- Up-to-date: /home/david/yolocpp_ws/install/tensorrt_yolo/lib/tensorrt_yolo/segment_node_3P
[0.173s] -- Up-to-date: /home/david/yolocpp_ws/install/tensorrt_yolo/include/deploy
[0.173s] -- Up-to-date: /home/david/yolocpp_ws/install/tensorrt_yolo/include/deploy/result.hpp
[0.173s] -- Up-to-date: /home/david/yolocpp_ws/install/tensorrt_yolo/include/deploy/pybind.cpp
[0.173s] -- Up-to-date: /home/david/yolocpp_ws/install/tensorrt_yolo/include/deploy/model.hpp
[0.173s] -- Up-to-date: /home/david/yolocpp_ws/install/tensorrt_yolo/include/deploy/option.hpp
[0.173s] -- Up-to-date: /home/david/yolocpp_ws/install/tensorrt_yolo/include/deploy/core
[0.173s] -- Up-to-date: /home/david/yolocpp_ws/install/tensorrt_yolo/include/deploy/core/buffer.cpp
[0.174s] -- Up-to-date: /home/david/yolocpp_ws/install/tensorrt_yolo/include/deploy/core/macro.hpp
[0.174s] -- Up-to-date: /home/david/yolocpp_ws/install/tensorrt_yolo/include/deploy/core/core.cpp
[0.174s] -- Up-to-date: /home/david/yolocpp_ws/install/tensorrt_yolo/include/deploy/core/core.hpp
[0.174s] -- Up-to-date: /home/david/yolocpp_ws/install/tensorrt_yolo/include/deploy/core/buffer.hpp
[0.174s] -- Up-to-date: /home/david/yolocpp_ws/install/tensorrt_yolo/include/deploy/infer
[0.174s] -- Up-to-date: /home/david/yolocpp_ws/install/tensorrt_yolo/include/deploy/infer/warpaffine.hpp
[0.174s] -- Up-to-date: /home/david/yolocpp_ws/install/tensorrt_yolo/include/deploy/infer/backend.cpp
[0.174s] -- Up-to-date: /home/david/yolocpp_ws/install/tensorrt_yolo/include/deploy/infer/warpaffine.cu
[0.174s] -- Up-to-date: /home/david/yolocpp_ws/install/tensorrt_yolo/include/deploy/infer/backend.hpp
[0.174s] -- Up-to-date: /home/david/yolocpp_ws/install/tensorrt_yolo/include/deploy/utils
[0.174s] -- Up-to-date: /home/david/yolocpp_ws/install/tensorrt_yolo/include/deploy/utils/utils.hpp
[0.174s] -- Up-to-date: /home/david/yolocpp_ws/install/tensorrt_yolo/include/deploy/utils/utils.cpp
[0.175s] -- Up-to-date: /home/david/yolocpp_ws/install/tensorrt_yolo/include/deploy/model.cpp
[0.175s] -- Up-to-date: /home/david/yolocpp_ws/install/tensorrt_yolo/include/plugin
[0.175s] -- Up-to-date: /home/david/yolocpp_ws/install/tensorrt_yolo/include/plugin/common
[0.175s] -- Up-to-date: /home/david/yolocpp_ws/install/tensorrt_yolo/include/plugin/common/checkMacrosPlugin.h
[0.175s] -- Up-to-date: /home/david/yolocpp_ws/install/tensorrt_yolo/include/plugin/common/plugin.h
[0.175s] -- Up-to-date: /home/david/yolocpp_ws/install/tensorrt_yolo/include/plugin/common/vfcCommon.h
[0.175s] -- Up-to-date: /home/david/yolocpp_ws/install/tensorrt_yolo/include/plugin/common/bboxUtils.h
[0.175s] -- Up-to-date: /home/david/yolocpp_ws/install/tensorrt_yolo/include/plugin/efficientRotatedNMSPlugin
[0.175s] -- Up-to-date: /home/david/yolocpp_ws/install/tensorrt_yolo/include/plugin/efficientRotatedNMSPlugin/efficientRotatedNMSInference.h
[0.175s] -- Up-to-date: /home/david/yolocpp_ws/install/tensorrt_yolo/include/plugin/efficientRotatedNMSPlugin/efficientRotatedNMSParameters.h
[0.175s] -- Up-to-date: /home/david/yolocpp_ws/install/tensorrt_yolo/include/plugin/efficientRotatedNMSPlugin/efficientRotatedNMSPlugin.h
[0.175s] -- Up-to-date: /home/david/yolocpp_ws/install/tensorrt_yolo/include/plugin/efficientIdxNMSPlugin
[0.175s] -- Up-to-date: /home/david/yolocpp_ws/install/tensorrt_yolo/include/plugin/efficientIdxNMSPlugin/efficientIdxNMSInference.h
[0.175s] -- Up-to-date: /home/david/yolocpp_ws/install/tensorrt_yolo/include/plugin/efficientIdxNMSPlugin/efficientIdxNMSPlugin.h
[0.175s] -- Up-to-date: /home/david/yolocpp_ws/install/tensorrt_yolo/include/plugin/efficientIdxNMSPlugin/efficientIdxNMSParameters.h
[0.175s] -- Up-to-date: /home/david/yolocpp_ws/install/tensorrt_yolo/share/tensorrt_yolo/launch
[0.175s] -- Up-to-date: /home/david/yolocpp_ws/install/tensorrt_yolo/share/tensorrt_yolo/launch/tensort_yolo_3P.launch.py
[0.175s] -- Up-to-date: /home/david/yolocpp_ws/install/tensorrt_yolo/share/tensorrt_yolo/include
[0.175s] -- Up-to-date: /home/david/yolocpp_ws/install/tensorrt_yolo/share/tensorrt_yolo/include/chrono
[0.175s] -- Up-to-date: /home/david/yolocpp_ws/install/tensorrt_yolo/share/tensorrt_yolo/include/chrono/ChronoTimer.hpp
[0.175s] -- Up-to-date: /home/david/yolocpp_ws/install/tensorrt_yolo/share/tensorrt_yolo/include/chrono/ChronoTimer.cpp
[0.175s] -- Up-to-date: /home/david/yolocpp_ws/install/tensorrt_yolo/share/tensorrt_yolo/include/deploy
[0.175s] -- Up-to-date: /home/david/yolocpp_ws/install/tensorrt_yolo/share/tensorrt_yolo/include/deploy/result.hpp
[0.176s] -- Up-to-date: /home/david/yolocpp_ws/install/tensorrt_yolo/share/tensorrt_yolo/include/deploy/pybind.cpp
[0.176s] -- Up-to-date: /home/david/yolocpp_ws/install/tensorrt_yolo/share/tensorrt_yolo/include/deploy/model.hpp
[0.176s] -- Up-to-date: /home/david/yolocpp_ws/install/tensorrt_yolo/share/tensorrt_yolo/include/deploy/option.hpp
[0.176s] -- Up-to-date: /home/david/yolocpp_ws/install/tensorrt_yolo/share/tensorrt_yolo/include/deploy/core
[0.176s] -- Up-to-date: /home/david/yolocpp_ws/install/tensorrt_yolo/share/tensorrt_yolo/include/deploy/core/buffer.cpp
[0.176s] -- Up-to-date: /home/david/yolocpp_ws/install/tensorrt_yolo/share/tensorrt_yolo/include/deploy/core/macro.hpp
[0.176s] -- Up-to-date: /home/david/yolocpp_ws/install/tensorrt_yolo/share/tensorrt_yolo/include/deploy/core/core.cpp
[0.176s] -- Up-to-date: /home/david/yolocpp_ws/install/tensorrt_yolo/share/tensorrt_yolo/include/deploy/core/core.hpp
[0.176s] -- Up-to-date: /home/david/yolocpp_ws/install/tensorrt_yolo/share/tensorrt_yolo/include/deploy/core/buffer.hpp
[0.176s] -- Up-to-date: /home/david/yolocpp_ws/install/tensorrt_yolo/share/tensorrt_yolo/include/deploy/infer
[0.176s] -- Up-to-date: /home/david/yolocpp_ws/install/tensorrt_yolo/share/tensorrt_yolo/include/deploy/infer/warpaffine.hpp
[0.176s] -- Up-to-date: /home/david/yolocpp_ws/install/tensorrt_yolo/share/tensorrt_yolo/include/deploy/infer/backend.cpp
[0.176s] -- Up-to-date: /home/david/yolocpp_ws/install/tensorrt_yolo/share/tensorrt_yolo/include/deploy/infer/warpaffine.cu
[0.176s] -- Up-to-date: /home/david/yolocpp_ws/install/tensorrt_yolo/share/tensorrt_yolo/include/deploy/infer/backend.hpp
[0.176s] -- Up-to-date: /home/david/yolocpp_ws/install/tensorrt_yolo/share/tensorrt_yolo/include/deploy/utils
[0.176s] -- Up-to-date: /home/david/yolocpp_ws/install/tensorrt_yolo/share/tensorrt_yolo/include/deploy/utils/utils.hpp
[0.176s] -- Up-to-date: /home/david/yolocpp_ws/install/tensorrt_yolo/share/tensorrt_yolo/include/deploy/utils/utils.cpp
[0.176s] -- Up-to-date: /home/david/yolocpp_ws/install/tensorrt_yolo/share/tensorrt_yolo/include/deploy/model.cpp
[0.176s] -- Up-to-date: /home/david/yolocpp_ws/install/tensorrt_yolo/share/tensorrt_yolo/include/TensorRT-YOLO
[0.176s] -- Up-to-date: /home/david/yolocpp_ws/install/tensorrt_yolo/share/tensorrt_yolo/include/plugin
[0.176s] -- Up-to-date: /home/david/yolocpp_ws/install/tensorrt_yolo/share/tensorrt_yolo/include/plugin/common
[0.176s] -- Up-to-date: /home/david/yolocpp_ws/install/tensorrt_yolo/share/tensorrt_yolo/include/plugin/common/checkMacrosPlugin.h
[0.176s] -- Up-to-date: /home/david/yolocpp_ws/install/tensorrt_yolo/share/tensorrt_yolo/include/plugin/common/vfcCommon.cpp
[0.176s] -- Up-to-date: /home/david/yolocpp_ws/install/tensorrt_yolo/share/tensorrt_yolo/include/plugin/common/plugin.h
[0.176s] -- Up-to-date: /home/david/yolocpp_ws/install/tensorrt_yolo/share/tensorrt_yolo/include/plugin/common/plugin.cpp
[0.176s] -- Up-to-date: /home/david/yolocpp_ws/install/tensorrt_yolo/share/tensorrt_yolo/include/plugin/common/vfcCommon.h
[0.176s] -- Up-to-date: /home/david/yolocpp_ws/install/tensorrt_yolo/share/tensorrt_yolo/include/plugin/common/checkMacrosPlugin.cpp
[0.176s] -- Up-to-date: /home/david/yolocpp_ws/install/tensorrt_yolo/share/tensorrt_yolo/include/plugin/common/common.cu
[0.177s] -- Up-to-date: /home/david/yolocpp_ws/install/tensorrt_yolo/share/tensorrt_yolo/include/plugin/common/bboxUtils.h
[0.177s] -- Up-to-date: /home/david/yolocpp_ws/install/tensorrt_yolo/share/tensorrt_yolo/include/plugin/efficientRotatedNMSPlugin
[0.177s] -- Up-to-date: /home/david/yolocpp_ws/install/tensorrt_yolo/share/tensorrt_yolo/include/plugin/efficientRotatedNMSPlugin/efficientRotatedNMSInference.cu
[0.177s] -- Up-to-date: /home/david/yolocpp_ws/install/tensorrt_yolo/share/tensorrt_yolo/include/plugin/efficientRotatedNMSPlugin/efficientRotatedNMSInference.h
[0.177s] -- Up-to-date: /home/david/yolocpp_ws/install/tensorrt_yolo/share/tensorrt_yolo/include/plugin/efficientRotatedNMSPlugin/README.md
[0.177s] -- Up-to-date: /home/david/yolocpp_ws/install/tensorrt_yolo/share/tensorrt_yolo/include/plugin/efficientRotatedNMSPlugin/efficientRotatedNMSPlugin.cpp
[0.177s] -- Up-to-date: /home/david/yolocpp_ws/install/tensorrt_yolo/share/tensorrt_yolo/include/plugin/efficientRotatedNMSPlugin/efficientRotatedNMSInference.cuh
[0.177s] -- Up-to-date: /home/david/yolocpp_ws/install/tensorrt_yolo/share/tensorrt_yolo/include/plugin/efficientRotatedNMSPlugin/efficientRotatedNMSParameters.h
[0.177s] -- Up-to-date: /home/david/yolocpp_ws/install/tensorrt_yolo/share/tensorrt_yolo/include/plugin/efficientRotatedNMSPlugin/efficientRotatedNMSPlugin.h
[0.177s] -- Up-to-date: /home/david/yolocpp_ws/install/tensorrt_yolo/share/tensorrt_yolo/include/plugin/efficientIdxNMSPlugin
[0.177s] -- Up-to-date: /home/david/yolocpp_ws/install/tensorrt_yolo/share/tensorrt_yolo/include/plugin/efficientIdxNMSPlugin/README.md
[0.177s] -- Up-to-date: /home/david/yolocpp_ws/install/tensorrt_yolo/share/tensorrt_yolo/include/plugin/efficientIdxNMSPlugin/efficientIdxNMSPlugin.cpp
[0.177s] -- Up-to-date: /home/david/yolocpp_ws/install/tensorrt_yolo/share/tensorrt_yolo/include/plugin/efficientIdxNMSPlugin/efficientIdxNMSInference.cuh
[0.177s] -- Up-to-date: /home/david/yolocpp_ws/install/tensorrt_yolo/share/tensorrt_yolo/include/plugin/efficientIdxNMSPlugin/efficientIdxNMSInference.h
[0.177s] -- Up-to-date: /home/david/yolocpp_ws/install/tensorrt_yolo/share/tensorrt_yolo/include/plugin/efficientIdxNMSPlugin/efficientIdxNMSPlugin.h
[0.177s] -- Up-to-date: /home/david/yolocpp_ws/install/tensorrt_yolo/share/tensorrt_yolo/include/plugin/efficientIdxNMSPlugin/efficientIdxNMSInference.cu
[0.177s] -- Up-to-date: /home/david/yolocpp_ws/install/tensorrt_yolo/share/tensorrt_yolo/include/plugin/efficientIdxNMSPlugin/efficientIdxNMSParameters.h
[0.177s] -- Up-to-date: /home/david/yolocpp_ws/install/tensorrt_yolo/share/tensorrt_yolo/models
[0.177s] -- Up-to-date: /home/david/yolocpp_ws/install/tensorrt_yolo/share/tensorrt_yolo/models/.keep
[0.177s] -- Up-to-date: /home/david/yolocpp_ws/install/tensorrt_yolo/share/tensorrt_yolo/models/yolo11s-seg_02_b1_v2.engine
[0.177s] -- Up-to-date: /home/david/yolocpp_ws/install/tensorrt_yolo/share/tensorrt_yolo/models/yolo11s_640_408_gray.engine
[0.177s] -- Up-to-date: /home/david/yolocpp_ws/install/tensorrt_yolo/share/tensorrt_yolo/models/yolo11s-seg_03_b3_v2.engine
[0.177s] -- Up-to-date: /home/david/yolocpp_ws/install/tensorrt_yolo/share/tensorrt_yolo/models/yolo11s-seg_960_608_rect_road.engine
[0.177s] -- Up-to-date: /home/david/yolocpp_ws/install/tensorrt_yolo/share/tensorrt_yolo/models/yolo11s-seg_03_b1_v2.engine
[0.177s] -- Up-to-date: /home/david/yolocpp_ws/install/tensorrt_yolo/share/tensorrt_yolo/models/labels.txt
[0.177s] -- Up-to-date: /home/david/yolocpp_ws/install/tensorrt_yolo/share/tensorrt_yolo/models/yolo11s-seg_640_416_rect_road.engine
[0.177s] -- Up-to-date: /home/david/yolocpp_ws/install/tensorrt_yolo/share/tensorrt_yolo/data
[0.177s] -- Up-to-date: /home/david/yolocpp_ws/install/tensorrt_yolo/share/tensorrt_yolo/data/panoramic_02.avi
[0.177s] -- Up-to-date: /home/david/yolocpp_ws/install/tensorrt_yolo/share/tensorrt_yolo/data/test.jpg
[0.178s] -- Up-to-date: /home/david/yolocpp_ws/install/tensorrt_yolo/share/tensorrt_yolo/data/test1.jpg
[0.178s] -- Up-to-date: /home/david/yolocpp_ws/install/tensorrt_yolo/share/tensorrt_yolo/data/.gitignore
[0.178s] -- Up-to-date: /home/david/yolocpp_ws/install/tensorrt_yolo/share/tensorrt_yolo/config
[0.178s] -- Up-to-date: /home/david/yolocpp_ws/install/tensorrt_yolo/share/tensorrt_yolo/config/config.yaml
[0.178s] -- Up-to-date: /home/david/yolocpp_ws/install/tensorrt_yolo/share/ament_index/resource_index/package_run_dependencies/tensorrt_yolo
[0.178s] -- Up-to-date: /home/david/yolocpp_ws/install/tensorrt_yolo/share/ament_index/resource_index/parent_prefix_path/tensorrt_yolo
[0.178s] -- Up-to-date: /home/david/yolocpp_ws/install/tensorrt_yolo/share/tensorrt_yolo/environment/ament_prefix_path.sh
[0.178s] -- Up-to-date: /home/david/yolocpp_ws/install/tensorrt_yolo/share/tensorrt_yolo/environment/ament_prefix_path.dsv
[0.178s] -- Up-to-date: /home/david/yolocpp_ws/install/tensorrt_yolo/share/tensorrt_yolo/environment/path.sh
[0.178s] -- Up-to-date: /home/david/yolocpp_ws/install/tensorrt_yolo/share/tensorrt_yolo/environment/path.dsv
[0.178s] -- Up-to-date: /home/david/yolocpp_ws/install/tensorrt_yolo/share/tensorrt_yolo/local_setup.bash
[0.178s] -- Up-to-date: /home/david/yolocpp_ws/install/tensorrt_yolo/share/tensorrt_yolo/local_setup.sh
[0.178s] -- Up-to-date: /home/david/yolocpp_ws/install/tensorrt_yolo/share/tensorrt_yolo/local_setup.zsh
[0.178s] -- Up-to-date: /home/david/yolocpp_ws/install/tensorrt_yolo/share/tensorrt_yolo/local_setup.dsv
[0.178s] -- Installing: /home/david/yolocpp_ws/install/tensorrt_yolo/share/tensorrt_yolo/package.dsv
[0.178s] -- Up-to-date: /home/david/yolocpp_ws/install/tensorrt_yolo/share/ament_index/resource_index/packages/tensorrt_yolo
[0.178s] -- Up-to-date: /home/david/yolocpp_ws/install/tensorrt_yolo/share/tensorrt_yolo/cmake/tensorrt_yoloConfig.cmake
[0.178s] -- Up-to-date: /home/david/yolocpp_ws/install/tensorrt_yolo/share/tensorrt_yolo/cmake/tensorrt_yoloConfig-version.cmake
[0.178s] -- Up-to-date: /home/david/yolocpp_ws/install/tensorrt_yolo/share/tensorrt_yolo/package.xml
[0.179s] Invoked command in '/home/david/yolocpp_ws/build/tensorrt_yolo' returned '0': AMENT_PREFIX_PATH=/home/david/yolocpp_ws/install/yolo_custom_interfaces:${AMENT_PREFIX_PATH} CMAKE_PREFIX_PATH=/home/david/yolocpp_ws/install/yolo_custom_interfaces:/opt/ros/humble LD_LIBRARY_PATH=/home/david/yolocpp_ws/install/yolo_custom_interfaces/lib:/usr/local/cuda-12.9/lib64:/usr/local/cuda-12.9/lib64:/opt/pylon/lib:/opt/ros/humble/opt/rviz_ogre_vendor/lib:/opt/ros/humble/lib/x86_64-linux-gnu:/opt/ros/humble/lib:/usr/local/cuda/lib64:/usr/local/cuda-11.2/lib64:/usr/local/cuda-11.2/lib64:/home/david/onnxruntime-linux-x64-gpu-1.22.0/lib PROMPT_COMMAND=echo -n \[$(date +%H:%M:%S)\]\ PYTHONPATH=/home/david/yolocpp_ws/install/yolo_custom_interfaces/local/lib/python3.10/dist-packages:${PYTHONPATH} /home/david/.local/bin/cmake --install /home/david/yolocpp_ws/build/tensorrt_yolo
