[0.009s] Invoking command in '/home/david/yolocpp_ws/build/zoe_bringup': CMAKE_PREFIX_PATH=${CMAKE_PREFIX_PATH}:/home/david/yolopy_ws/install/yolopy:/opt/ros/humble PROMPT_COMMAND=echo -n \[$(date +%H:%M:%S)\]\ /home/david/.local/bin/cmake /home/david/yolocpp_ws/src/zoe_bringup-main -DTRT_PATH=/usr -DCMAKE_CUDA_ARCHITECTURES=89 -DCMAKE_CUDA_COMPILER=/usr/local/cuda-12.9/bin/nvcc -DCMAKE_INSTALL_PREFIX=/home/david/yolocpp_ws/install/zoe_bringup
[0.055s] -- The C compiler identification is GNU 11.4.0
[0.092s] -- The CXX compiler identification is GNU 11.4.0
[0.099s] -- Detecting C compiler ABI info
[0.133s] -- Detecting C compiler ABI info - done
[0.139s] -- Check for working C compiler: /usr/bin/cc - skipped
[0.140s] -- Detecting C compile features
[0.140s] -- Detecting C compile features - done
[0.142s] -- Detecting CXX compiler ABI info
[0.185s] -- Detecting CXX compiler ABI info - done
[0.190s] -- Check for working CXX compiler: /usr/bin/c++ - skipped
[0.190s] -- Detecting CXX compile features
[0.191s] -- Detecting CXX compile features - done
[0.192s] -- Found ament_cmake: 1.3.11 (/opt/ros/humble/share/ament_cmake/cmake)
[0.272s] -- Found Python3: /usr/bin/python3 (found version "3.10.12") found components: Interpreter 
[0.373s] -- Configuring done
[0.374s] -- Generating done
[0.375s] [33mCMake Warning:
[0.375s]   Manually-specified variables were not used by the project:
[0.375s] 
[0.375s]     CMAKE_CUDA_COMPILER
[0.375s]     TRT_PATH
[0.375s] 
[0.375s] [0m
[0.375s] -- Build files have been written to: /home/david/yolocpp_ws/build/zoe_bringup
[0.380s] Invoked command in '/home/david/yolocpp_ws/build/zoe_bringup' returned '0': CMAKE_PREFIX_PATH=${CMAKE_PREFIX_PATH}:/home/david/yolopy_ws/install/yolopy:/opt/ros/humble PROMPT_COMMAND=echo -n \[$(date +%H:%M:%S)\]\ /home/david/.local/bin/cmake /home/david/yolocpp_ws/src/zoe_bringup-main -DTRT_PATH=/usr -DCMAKE_CUDA_ARCHITECTURES=89 -DCMAKE_CUDA_COMPILER=/usr/local/cuda-12.9/bin/nvcc -DCMAKE_INSTALL_PREFIX=/home/david/yolocpp_ws/install/zoe_bringup
[0.381s] Invoking command in '/home/david/yolocpp_ws/build/zoe_bringup': CMAKE_PREFIX_PATH=${CMAKE_PREFIX_PATH}:/home/david/yolopy_ws/install/yolopy:/opt/ros/humble PROMPT_COMMAND=echo -n \[$(date +%H:%M:%S)\]\ /home/david/.local/bin/cmake --build /home/david/yolocpp_ws/build/zoe_bringup -- -j32 -l32
[0.409s] Invoked command in '/home/david/yolocpp_ws/build/zoe_bringup' returned '0': CMAKE_PREFIX_PATH=${CMAKE_PREFIX_PATH}:/home/david/yolopy_ws/install/yolopy:/opt/ros/humble PROMPT_COMMAND=echo -n \[$(date +%H:%M:%S)\]\ /home/david/.local/bin/cmake --build /home/david/yolocpp_ws/build/zoe_bringup -- -j32 -l32
[0.429s] Invoking command in '/home/david/yolocpp_ws/build/zoe_bringup': CMAKE_PREFIX_PATH=${CMAKE_PREFIX_PATH}:/home/david/yolopy_ws/install/yolopy:/opt/ros/humble PROMPT_COMMAND=echo -n \[$(date +%H:%M:%S)\]\ /home/david/.local/bin/cmake --install /home/david/yolocpp_ws/build/zoe_bringup
[0.449s] -- Install configuration: ""
[0.449s] -- Installing: /home/david/yolocpp_ws/install/zoe_bringup/share/zoe_bringup/launch
[0.449s] -- Installing: /home/david/yolocpp_ws/install/zoe_bringup/share/zoe_bringup/launch/robosense_ruby_plus.launch.py
[0.449s] -- Installing: /home/david/yolocpp_ws/install/zoe_bringup/share/zoe_bringup/launch/camera_front_right.launch.py
[0.449s] -- Installing: /home/david/yolocpp_ws/install/zoe_bringup/share/zoe_bringup/launch/pylon_instant_camera.launch.py
[0.449s] -- Installing: /home/david/yolocpp_ws/install/zoe_bringup/share/zoe_bringup/launch/camera_front.launch.py
[0.449s] -- Installing: /home/david/yolocpp_ws/install/zoe_bringup/share/zoe_bringup/launch/zed_f9p_lite.launch.py
[0.449s] -- Installing: /home/david/yolocpp_ws/install/zoe_bringup/share/zoe_bringup/launch/camera_front_left.launch.py
[0.449s] -- Installing: /home/david/yolocpp_ws/install/zoe_bringup/share/zoe_bringup/launch/all_sensors.launch.py
[0.449s] -- Installing: /home/david/yolocpp_ws/install/zoe_bringup/share/zoe_bringup/launch/gps.launch.py
[0.449s] -- Installing: /home/david/yolocpp_ws/install/zoe_bringup/share/zoe_bringup/launch/xsense_mti.launch.py
[0.449s] -- Installing: /home/david/yolocpp_ws/install/zoe_bringup/share/zoe_bringup/launch/rosbag_record_gps.launch.py
[0.449s] -- Installing: /home/david/yolocpp_ws/install/zoe_bringup/share/zoe_bringup/launch/opencv_cameras.launch.py
[0.449s] -- Installing: /home/david/yolocpp_ws/install/zoe_bringup/share/zoe_bringup/launch/zoe_ntrip_client.launch.py
[0.449s] -- Installing: /home/david/yolocpp_ws/install/zoe_bringup/share/zoe_bringup/launch/pylon_ros2_camera.launch.py
[0.449s] -- Installing: /home/david/yolocpp_ws/install/zoe_bringup/share/zoe_bringup/launch/robosense_helios_right.launch.py
[0.449s] -- Installing: /home/david/yolocpp_ws/install/zoe_bringup/share/zoe_bringup/launch/static_transform.launch.py
[0.449s] -- Installing: /home/david/yolocpp_ws/install/zoe_bringup/share/zoe_bringup/launch/sensors.launch.py
[0.449s] -- Installing: /home/david/yolocpp_ws/install/zoe_bringup/share/zoe_bringup/launch/robosense_helios_left.launch.py
[0.449s] -- Installing: /home/david/yolocpp_ws/install/zoe_bringup/share/zoe_bringup/launch/gps_imu.launch.py
[0.450s] -- Installing: /home/david/yolocpp_ws/install/zoe_bringup/share/zoe_bringup/launch/zed_f9p.launch.py
[0.450s] -- Installing: /home/david/yolocpp_ws/install/zoe_bringup/share/zoe_bringup/launch/rosbag_record.launch.py
[0.450s] -- Installing: /home/david/yolocpp_ws/install/zoe_bringup/share/zoe_bringup/launch/bringup.launch.py
[0.450s] -- Installing: /home/david/yolocpp_ws/install/zoe_bringup/share/zoe_bringup/config
[0.450s] -- Installing: /home/david/yolocpp_ws/install/zoe_bringup/share/zoe_bringup/config/robosense_helios_right.yaml
[0.450s] -- Installing: /home/david/yolocpp_ws/install/zoe_bringup/share/zoe_bringup/config/ublox
[0.450s] -- Installing: /home/david/yolocpp_ws/install/zoe_bringup/share/zoe_bringup/config/ublox/simpleRTK2B_FW113_5Hz_Heading.txt
[0.450s] -- Installing: /home/david/yolocpp_ws/install/zoe_bringup/share/zoe_bringup/config/ublox/simpleRTK2BLite_FW113_1Hz_Heading.txt
[0.450s] -- Installing: /home/david/yolocpp_ws/install/zoe_bringup/share/zoe_bringup/config/ublox/simpleRTK2BLite_FW113_5Hz_Heading.txt
[0.450s] -- Installing: /home/david/yolocpp_ws/install/zoe_bringup/share/zoe_bringup/config/ublox/simpleRTK2BLite_FW113_10Hz_Heading.txt
[0.450s] -- Installing: /home/david/yolocpp_ws/install/zoe_bringup/share/zoe_bringup/config/ublox/simpleRTK2BLite_FW113_10Hz_Heading_NMEA.txt
[0.450s] -- Installing: /home/david/yolocpp_ws/install/zoe_bringup/share/zoe_bringup/config/ublox/simpleRTK2B_FW113_1Hz_Heading.txt
[0.450s] -- Installing: /home/david/yolocpp_ws/install/zoe_bringup/share/zoe_bringup/config/ublox/simpleRTK2B_FW113_10Hz_Heading.txt
[0.450s] -- Installing: /home/david/yolocpp_ws/install/zoe_bringup/share/zoe_bringup/config/zed_f9p.yaml
[0.450s] -- Installing: /home/david/yolocpp_ws/install/zoe_bringup/share/zoe_bringup/config/cameras
[0.450s] -- Installing: /home/david/yolocpp_ws/install/zoe_bringup/share/zoe_bringup/config/cameras/camera_front_calibration.yaml
[0.450s] -- Installing: /home/david/yolocpp_ws/install/zoe_bringup/share/zoe_bringup/config/cameras/camera_front_right_calibration.yaml
[0.450s] -- Installing: /home/david/yolocpp_ws/install/zoe_bringup/share/zoe_bringup/config/cameras/camera_front_left_calibration.yaml
[0.450s] -- Installing: /home/david/yolocpp_ws/install/zoe_bringup/share/zoe_bringup/config/cameras/a2A1920-51gcPRO.pfs
[0.450s] -- Installing: /home/david/yolocpp_ws/install/zoe_bringup/share/zoe_bringup/config/zed_f9p_lite.yaml
[0.451s] -- Installing: /home/david/yolocpp_ws/install/zoe_bringup/share/zoe_bringup/config/robosense_ruby_plus.yaml
[0.451s] -- Installing: /home/david/yolocpp_ws/install/zoe_bringup/share/zoe_bringup/config/mcap_writer_options.yaml
[0.451s] -- Installing: /home/david/yolocpp_ws/install/zoe_bringup/share/zoe_bringup/config/robosense_helios_left.yaml
[0.451s] -- Installing: /home/david/yolocpp_ws/install/zoe_bringup/share/zoe_bringup/rviz
[0.451s] -- Installing: /home/david/yolocpp_ws/install/zoe_bringup/share/zoe_bringup/rviz/zoe.rviz
[0.451s] -- Installing: /home/david/yolocpp_ws/install/zoe_bringup/share/ament_index/resource_index/package_run_dependencies/zoe_bringup
[0.451s] -- Installing: /home/david/yolocpp_ws/install/zoe_bringup/share/ament_index/resource_index/parent_prefix_path/zoe_bringup
[0.451s] -- Installing: /home/david/yolocpp_ws/install/zoe_bringup/share/zoe_bringup/environment/ament_prefix_path.sh
[0.451s] -- Installing: /home/david/yolocpp_ws/install/zoe_bringup/share/zoe_bringup/environment/ament_prefix_path.dsv
[0.451s] -- Installing: /home/david/yolocpp_ws/install/zoe_bringup/share/zoe_bringup/environment/path.sh
[0.451s] -- Installing: /home/david/yolocpp_ws/install/zoe_bringup/share/zoe_bringup/environment/path.dsv
[0.451s] -- Installing: /home/david/yolocpp_ws/install/zoe_bringup/share/zoe_bringup/local_setup.bash
[0.451s] -- Installing: /home/david/yolocpp_ws/install/zoe_bringup/share/zoe_bringup/local_setup.sh
[0.451s] -- Installing: /home/david/yolocpp_ws/install/zoe_bringup/share/zoe_bringup/local_setup.zsh
[0.451s] -- Installing: /home/david/yolocpp_ws/install/zoe_bringup/share/zoe_bringup/local_setup.dsv
[0.451s] -- Installing: /home/david/yolocpp_ws/install/zoe_bringup/share/zoe_bringup/package.dsv
[0.451s] -- Installing: /home/david/yolocpp_ws/install/zoe_bringup/share/ament_index/resource_index/packages/zoe_bringup
[0.451s] -- Installing: /home/david/yolocpp_ws/install/zoe_bringup/share/zoe_bringup/cmake/zoe_bringupConfig.cmake
[0.451s] -- Installing: /home/david/yolocpp_ws/install/zoe_bringup/share/zoe_bringup/cmake/zoe_bringupConfig-version.cmake
[0.452s] -- Installing: /home/david/yolocpp_ws/install/zoe_bringup/share/zoe_bringup/package.xml
[0.454s] Invoked command in '/home/david/yolocpp_ws/build/zoe_bringup' returned '0': CMAKE_PREFIX_PATH=${CMAKE_PREFIX_PATH}:/home/david/yolopy_ws/install/yolopy:/opt/ros/humble PROMPT_COMMAND=echo -n \[$(date +%H:%M:%S)\]\ /home/david/.local/bin/cmake --install /home/david/yolocpp_ws/build/zoe_bringup
