[0.016s] Invoking command in '/home/david/yolocpp_ws/build/seg_sub': CMAKE_PREFIX_PATH=/home/david/yolocpp_ws/install/yolo_custom_interfaces:/home/david/yolocpp_ws/install/yolocpp:/home/david/yolocpp_ws/install/tensorrt_yolo:/home/david/yolocpp_ws/install/seg_sub:/home/david/yolocpp_ws/install/sensor_sync_pkg:/home/david/yolocpp_ws/install/pylon_instant_camera:/home/david/yolocpp_ws/install/pidnet_segmentation_cpp:/home/david/yolocpp_ws/install/image_directory_publisher:/home/david/yolocpp_ws/install/bboxes_ex_msgs:/opt/ros/humble LD_LIBRARY_PATH=/home/david/yolocpp_ws/install/yolo_custom_interfaces/lib:/home/david/yolocpp_ws/install/tensorrt_yolo/lib:/home/david/yolocpp_ws/install/pylon_instant_camera/lib:/home/david/yolocpp_ws/install/image_directory_publisher/lib:/home/david/yolocpp_ws/install/bboxes_ex_msgs/lib:/usr/local/cuda/lib64:/usr/local/cuda-12.9/lib64:/usr/local/cuda-12.9/lib64:/usr/local/cuda-12.9/lib64:/usr/local/cuda-12.9/lib64:/usr/local/cuda-12.9/lib64:/opt/pylon/lib:/opt/ros/humble/opt/rviz_ogre_vendor/lib:/opt/ros/humble/lib/x86_64-linux-gnu:/opt/ros/humble/lib:/usr/local/cuda/lib64:/usr/local/cuda-11.2/lib64:/usr/local/cuda-11.2/lib64:/home/david/onnxruntime-linux-x64-gpu-1.22.0/lib PROMPT_COMMAND=echo -n \[$(date +%H:%M:%S)\]\ /bin/cmake /home/david/yolocpp_ws/src/seg_sub -DTRT_PATH=/usr -DCMAKE_CUDA_ARCHITECTURES=89 -DCMAKE_CUDA_COMPILER=/usr/local/cuda-12.9/bin/nvcc -DCMAKE_INSTALL_PREFIX=/home/david/yolocpp_ws/install/seg_sub
[0.060s] -- The C compiler identification is GNU 11.4.0
[0.098s] -- The CXX compiler identification is GNU 11.4.0
[0.103s] -- Detecting C compiler ABI info
[0.161s] -- Detecting C compiler ABI info - done
[0.166s] -- Check for working C compiler: /bin/cc - skipped
[0.166s] -- Detecting C compile features
[0.166s] -- Detecting C compile features - done
[0.168s] -- Detecting CXX compiler ABI info
[0.229s] -- Detecting CXX compiler ABI info - done
[0.236s] -- Check for working CXX compiler: /bin/c++ - skipped
[0.237s] -- Detecting CXX compile features
[0.237s] -- Detecting CXX compile features - done
[0.239s] -- Found ament_cmake: 1.3.11 (/opt/ros/humble/share/ament_cmake/cmake)
[0.510s] -- Found Python3: /bin/python3 (found version "3.10.12") found components: Interpreter 
[0.574s] -- Found rclcpp: 16.0.12 (/opt/ros/humble/share/rclcpp/cmake)
[0.603s] -- Found rosidl_generator_c: 3.1.6 (/opt/ros/humble/share/rosidl_generator_c/cmake)
[0.606s] -- Found rosidl_adapter: 3.1.6 (/opt/ros/humble/share/rosidl_adapter/cmake)
[0.612s] -- Found rosidl_generator_cpp: 3.1.6 (/opt/ros/humble/share/rosidl_generator_cpp/cmake)
[0.621s] -- Using all available rosidl_typesupport_c: rosidl_typesupport_fastrtps_c;rosidl_typesupport_introspection_c
[0.632s] -- Using all available rosidl_typesupport_cpp: rosidl_typesupport_fastrtps_cpp;rosidl_typesupport_introspection_cpp
[0.663s] -- Found rmw_implementation_cmake: 6.1.2 (/opt/ros/humble/share/rmw_implementation_cmake/cmake)
[0.665s] -- Found rmw_fastrtps_cpp: 6.2.7 (/opt/ros/humble/share/rmw_fastrtps_cpp/cmake)
[0.735s] -- Found OpenSSL: /usr/lib/x86_64-linux-gnu/libcrypto.so (found version "3.0.2")  
[0.757s] -- Found FastRTPS: /opt/ros/humble/include  
[0.785s] -- Using RMW implementation 'rmw_fastrtps_cpp' as default
[0.791s] -- Looking for pthread.h
[0.850s] -- Looking for pthread.h - found
[0.850s] -- Performing Test CMAKE_HAVE_LIBC_PTHREAD
[0.914s] -- Performing Test CMAKE_HAVE_LIBC_PTHREAD - Success
[0.915s] -- Found Threads: TRUE  
[0.948s] -- Found yolo_custom_interfaces: 0.0.0 (/home/david/yolocpp_ws/install/yolo_custom_interfaces/share/yolo_custom_interfaces/cmake)
[0.981s] -- Found cv_bridge: 3.2.1 (/opt/ros/humble/share/cv_bridge/cmake)
[0.990s] -- Found OpenCV: /usr (found version "4.5.4") 
[1.046s] -- Configuring done
[1.057s] -- Generating done
[1.058s] [33mCMake Warning:
[1.058s]   Manually-specified variables were not used by the project:
[1.058s] 
[1.058s]     CMAKE_CUDA_COMPILER
[1.058s]     TRT_PATH
[1.058s] 
[1.058s] [0m
[1.061s] -- Build files have been written to: /home/david/yolocpp_ws/build/seg_sub
[1.068s] Invoked command in '/home/david/yolocpp_ws/build/seg_sub' returned '0': CMAKE_PREFIX_PATH=/home/david/yolocpp_ws/install/yolo_custom_interfaces:/home/david/yolocpp_ws/install/yolocpp:/home/david/yolocpp_ws/install/tensorrt_yolo:/home/david/yolocpp_ws/install/seg_sub:/home/david/yolocpp_ws/install/sensor_sync_pkg:/home/david/yolocpp_ws/install/pylon_instant_camera:/home/david/yolocpp_ws/install/pidnet_segmentation_cpp:/home/david/yolocpp_ws/install/image_directory_publisher:/home/david/yolocpp_ws/install/bboxes_ex_msgs:/opt/ros/humble LD_LIBRARY_PATH=/home/david/yolocpp_ws/install/yolo_custom_interfaces/lib:/home/david/yolocpp_ws/install/tensorrt_yolo/lib:/home/david/yolocpp_ws/install/pylon_instant_camera/lib:/home/david/yolocpp_ws/install/image_directory_publisher/lib:/home/david/yolocpp_ws/install/bboxes_ex_msgs/lib:/usr/local/cuda/lib64:/usr/local/cuda-12.9/lib64:/usr/local/cuda-12.9/lib64:/usr/local/cuda-12.9/lib64:/usr/local/cuda-12.9/lib64:/usr/local/cuda-12.9/lib64:/opt/pylon/lib:/opt/ros/humble/opt/rviz_ogre_vendor/lib:/opt/ros/humble/lib/x86_64-linux-gnu:/opt/ros/humble/lib:/usr/local/cuda/lib64:/usr/local/cuda-11.2/lib64:/usr/local/cuda-11.2/lib64:/home/david/onnxruntime-linux-x64-gpu-1.22.0/lib PROMPT_COMMAND=echo -n \[$(date +%H:%M:%S)\]\ /bin/cmake /home/david/yolocpp_ws/src/seg_sub -DTRT_PATH=/usr -DCMAKE_CUDA_ARCHITECTURES=89 -DCMAKE_CUDA_COMPILER=/usr/local/cuda-12.9/bin/nvcc -DCMAKE_INSTALL_PREFIX=/home/david/yolocpp_ws/install/seg_sub
[1.069s] Invoking command in '/home/david/yolocpp_ws/build/seg_sub': CMAKE_PREFIX_PATH=/home/david/yolocpp_ws/install/yolo_custom_interfaces:/home/david/yolocpp_ws/install/yolocpp:/home/david/yolocpp_ws/install/tensorrt_yolo:/home/david/yolocpp_ws/install/seg_sub:/home/david/yolocpp_ws/install/sensor_sync_pkg:/home/david/yolocpp_ws/install/pylon_instant_camera:/home/david/yolocpp_ws/install/pidnet_segmentation_cpp:/home/david/yolocpp_ws/install/image_directory_publisher:/home/david/yolocpp_ws/install/bboxes_ex_msgs:/opt/ros/humble LD_LIBRARY_PATH=/home/david/yolocpp_ws/install/yolo_custom_interfaces/lib:/home/david/yolocpp_ws/install/tensorrt_yolo/lib:/home/david/yolocpp_ws/install/pylon_instant_camera/lib:/home/david/yolocpp_ws/install/image_directory_publisher/lib:/home/david/yolocpp_ws/install/bboxes_ex_msgs/lib:/usr/local/cuda/lib64:/usr/local/cuda-12.9/lib64:/usr/local/cuda-12.9/lib64:/usr/local/cuda-12.9/lib64:/usr/local/cuda-12.9/lib64:/usr/local/cuda-12.9/lib64:/opt/pylon/lib:/opt/ros/humble/opt/rviz_ogre_vendor/lib:/opt/ros/humble/lib/x86_64-linux-gnu:/opt/ros/humble/lib:/usr/local/cuda/lib64:/usr/local/cuda-11.2/lib64:/usr/local/cuda-11.2/lib64:/home/david/onnxruntime-linux-x64-gpu-1.22.0/lib PROMPT_COMMAND=echo -n \[$(date +%H:%M:%S)\]\ /bin/cmake --build /home/david/yolocpp_ws/build/seg_sub -- -j32 -l32
[1.106s] [ 16%] [32mBuilding CXX object CMakeFiles/chrono.dir/include/chrono/ChronoTimer.cpp.o[0m
[1.301s] [ 33%] [32m[1mLinking CXX shared library libchrono.so[0m
[1.349s] [ 33%] Built target chrono
[1.367s] [ 50%] [32mBuilding CXX object CMakeFiles/seg_sub_yolo_node.dir/src/seg_sub_yolo.cpp.o[0m
[1.367s] [ 66%] [32mBuilding CXX object CMakeFiles/seg_sub_pid_node.dir/src/seg_sub_pid.cpp.o[0m
[6.836s] [ 83%] [32m[1mLinking CXX executable seg_sub_pid_node[0m
[7.271s] [ 83%] Built target seg_sub_pid_node
[7.568s] [100%] [32m[1mLinking CXX executable seg_sub_yolo_node[0m
[7.964s] [100%] Built target seg_sub_yolo_node
[7.972s] Invoked command in '/home/david/yolocpp_ws/build/seg_sub' returned '0': CMAKE_PREFIX_PATH=/home/david/yolocpp_ws/install/yolo_custom_interfaces:/home/david/yolocpp_ws/install/yolocpp:/home/david/yolocpp_ws/install/tensorrt_yolo:/home/david/yolocpp_ws/install/seg_sub:/home/david/yolocpp_ws/install/sensor_sync_pkg:/home/david/yolocpp_ws/install/pylon_instant_camera:/home/david/yolocpp_ws/install/pidnet_segmentation_cpp:/home/david/yolocpp_ws/install/image_directory_publisher:/home/david/yolocpp_ws/install/bboxes_ex_msgs:/opt/ros/humble LD_LIBRARY_PATH=/home/david/yolocpp_ws/install/yolo_custom_interfaces/lib:/home/david/yolocpp_ws/install/tensorrt_yolo/lib:/home/david/yolocpp_ws/install/pylon_instant_camera/lib:/home/david/yolocpp_ws/install/image_directory_publisher/lib:/home/david/yolocpp_ws/install/bboxes_ex_msgs/lib:/usr/local/cuda/lib64:/usr/local/cuda-12.9/lib64:/usr/local/cuda-12.9/lib64:/usr/local/cuda-12.9/lib64:/usr/local/cuda-12.9/lib64:/usr/local/cuda-12.9/lib64:/opt/pylon/lib:/opt/ros/humble/opt/rviz_ogre_vendor/lib:/opt/ros/humble/lib/x86_64-linux-gnu:/opt/ros/humble/lib:/usr/local/cuda/lib64:/usr/local/cuda-11.2/lib64:/usr/local/cuda-11.2/lib64:/home/david/onnxruntime-linux-x64-gpu-1.22.0/lib PROMPT_COMMAND=echo -n \[$(date +%H:%M:%S)\]\ /bin/cmake --build /home/david/yolocpp_ws/build/seg_sub -- -j32 -l32
[7.973s] Invoking command in '/home/david/yolocpp_ws/build/seg_sub': CMAKE_PREFIX_PATH=/home/david/yolocpp_ws/install/yolo_custom_interfaces:/home/david/yolocpp_ws/install/yolocpp:/home/david/yolocpp_ws/install/tensorrt_yolo:/home/david/yolocpp_ws/install/seg_sub:/home/david/yolocpp_ws/install/sensor_sync_pkg:/home/david/yolocpp_ws/install/pylon_instant_camera:/home/david/yolocpp_ws/install/pidnet_segmentation_cpp:/home/david/yolocpp_ws/install/image_directory_publisher:/home/david/yolocpp_ws/install/bboxes_ex_msgs:/opt/ros/humble LD_LIBRARY_PATH=/home/david/yolocpp_ws/install/yolo_custom_interfaces/lib:/home/david/yolocpp_ws/install/tensorrt_yolo/lib:/home/david/yolocpp_ws/install/pylon_instant_camera/lib:/home/david/yolocpp_ws/install/image_directory_publisher/lib:/home/david/yolocpp_ws/install/bboxes_ex_msgs/lib:/usr/local/cuda/lib64:/usr/local/cuda-12.9/lib64:/usr/local/cuda-12.9/lib64:/usr/local/cuda-12.9/lib64:/usr/local/cuda-12.9/lib64:/usr/local/cuda-12.9/lib64:/opt/pylon/lib:/opt/ros/humble/opt/rviz_ogre_vendor/lib:/opt/ros/humble/lib/x86_64-linux-gnu:/opt/ros/humble/lib:/usr/local/cuda/lib64:/usr/local/cuda-11.2/lib64:/usr/local/cuda-11.2/lib64:/home/david/onnxruntime-linux-x64-gpu-1.22.0/lib PROMPT_COMMAND=echo -n \[$(date +%H:%M:%S)\]\ /bin/cmake --install /home/david/yolocpp_ws/build/seg_sub
[7.979s] -- Install configuration: ""
[7.979s] -- Installing: /home/david/yolocpp_ws/install/seg_sub/lib/seg_sub/libchrono.so
[7.980s] -- Installing: /home/david/yolocpp_ws/install/seg_sub/lib/seg_sub/seg_sub_yolo_node
[7.982s] -- Set runtime path of "/home/david/yolocpp_ws/install/seg_sub/lib/seg_sub/seg_sub_yolo_node" to ""
[7.982s] -- Installing: /home/david/yolocpp_ws/install/seg_sub/lib/seg_sub/seg_sub_pid_node
[7.984s] -- Set runtime path of "/home/david/yolocpp_ws/install/seg_sub/lib/seg_sub/seg_sub_pid_node" to ""
[7.984s] -- Installing: /home/david/yolocpp_ws/install/seg_sub/share/seg_sub/launch
[7.984s] -- Installing: /home/david/yolocpp_ws/install/seg_sub/share/seg_sub/launch/seg_sub_pid.launch.py
[7.985s] -- Installing: /home/david/yolocpp_ws/install/seg_sub/share/seg_sub/launch/seg_sub_yolo.launch.py
[7.985s] -- Installing: /home/david/yolocpp_ws/install/seg_sub/share/seg_sub/include
[7.985s] -- Installing: /home/david/yolocpp_ws/install/seg_sub/share/seg_sub/include/chrono
[7.985s] -- Installing: /home/david/yolocpp_ws/install/seg_sub/share/seg_sub/include/chrono/ChronoTimer.hpp
[7.985s] -- Installing: /home/david/yolocpp_ws/install/seg_sub/share/seg_sub/include/chrono/ChronoTimer.cpp
[7.985s] -- Installing: /home/david/yolocpp_ws/install/seg_sub/share/ament_index/resource_index/package_run_dependencies/seg_sub
[7.985s] -- Installing: /home/david/yolocpp_ws/install/seg_sub/share/ament_index/resource_index/parent_prefix_path/seg_sub
[7.985s] -- Installing: /home/david/yolocpp_ws/install/seg_sub/share/seg_sub/environment/ament_prefix_path.sh
[7.986s] -- Installing: /home/david/yolocpp_ws/install/seg_sub/share/seg_sub/environment/ament_prefix_path.dsv
[7.986s] -- Installing: /home/david/yolocpp_ws/install/seg_sub/share/seg_sub/environment/path.sh
[7.986s] -- Installing: /home/david/yolocpp_ws/install/seg_sub/share/seg_sub/environment/path.dsv
[7.986s] -- Installing: /home/david/yolocpp_ws/install/seg_sub/share/seg_sub/local_setup.bash
[7.986s] -- Installing: /home/david/yolocpp_ws/install/seg_sub/share/seg_sub/local_setup.sh
[7.986s] -- Installing: /home/david/yolocpp_ws/install/seg_sub/share/seg_sub/local_setup.zsh
[7.986s] -- Installing: /home/david/yolocpp_ws/install/seg_sub/share/seg_sub/local_setup.dsv
[7.986s] -- Installing: /home/david/yolocpp_ws/install/seg_sub/share/seg_sub/package.dsv
[7.986s] -- Installing: /home/david/yolocpp_ws/install/seg_sub/share/ament_index/resource_index/packages/seg_sub
[7.986s] -- Installing: /home/david/yolocpp_ws/install/seg_sub/share/seg_sub/cmake/seg_subConfig.cmake
[7.986s] -- Installing: /home/david/yolocpp_ws/install/seg_sub/share/seg_sub/cmake/seg_subConfig-version.cmake
[7.986s] -- Installing: /home/david/yolocpp_ws/install/seg_sub/share/seg_sub/package.xml
[7.988s] Invoked command in '/home/david/yolocpp_ws/build/seg_sub' returned '0': CMAKE_PREFIX_PATH=/home/david/yolocpp_ws/install/yolo_custom_interfaces:/home/david/yolocpp_ws/install/yolocpp:/home/david/yolocpp_ws/install/tensorrt_yolo:/home/david/yolocpp_ws/install/seg_sub:/home/david/yolocpp_ws/install/sensor_sync_pkg:/home/david/yolocpp_ws/install/pylon_instant_camera:/home/david/yolocpp_ws/install/pidnet_segmentation_cpp:/home/david/yolocpp_ws/install/image_directory_publisher:/home/david/yolocpp_ws/install/bboxes_ex_msgs:/opt/ros/humble LD_LIBRARY_PATH=/home/david/yolocpp_ws/install/yolo_custom_interfaces/lib:/home/david/yolocpp_ws/install/tensorrt_yolo/lib:/home/david/yolocpp_ws/install/pylon_instant_camera/lib:/home/david/yolocpp_ws/install/image_directory_publisher/lib:/home/david/yolocpp_ws/install/bboxes_ex_msgs/lib:/usr/local/cuda/lib64:/usr/local/cuda-12.9/lib64:/usr/local/cuda-12.9/lib64:/usr/local/cuda-12.9/lib64:/usr/local/cuda-12.9/lib64:/usr/local/cuda-12.9/lib64:/opt/pylon/lib:/opt/ros/humble/opt/rviz_ogre_vendor/lib:/opt/ros/humble/lib/x86_64-linux-gnu:/opt/ros/humble/lib:/usr/local/cuda/lib64:/usr/local/cuda-11.2/lib64:/usr/local/cuda-11.2/lib64:/home/david/onnxruntime-linux-x64-gpu-1.22.0/lib PROMPT_COMMAND=echo -n \[$(date +%H:%M:%S)\]\ /bin/cmake --install /home/david/yolocpp_ws/build/seg_sub
