running egg_info
writing ../../../../build/clients_py/clients_py.egg-info/PKG-INFO
writing dependency_links to ../../../../build/clients_py/clients_py.egg-info/dependency_links.txt
writing entry points to ../../../../build/clients_py/clients_py.egg-info/entry_points.txt
writing requirements to ../../../../build/clients_py/clients_py.egg-info/requires.txt
writing top-level names to ../../../../build/clients_py/clients_py.egg-info/top_level.txt
reading manifest file '../../../../build/clients_py/clients_py.egg-info/SOURCES.txt'
adding license file 'LICENSE'
writing manifest file '../../../../build/clients_py/clients_py.egg-info/SOURCES.txt'
running build
running build_py
running install
running install_lib
running install_data
running install_egg_info
removing '/home/david/yolocpp_ws/install/clients_py/lib/python3.10/site-packages/clients_py-0.0.0-py3.10.egg-info' (and everything under it)
Copying ../../../../build/clients_py/clients_py.egg-info to /home/david/yolocpp_ws/install/clients_py/lib/python3.10/site-packages/clients_py-0.0.0-py3.10.egg-info
running install_scripts
Installing client_addition script to /home/david/yolocpp_ws/install/clients_py/lib/clients_py
Installing client_subtraction script to /home/david/yolocpp_ws/install/clients_py/lib/clients_py
writing list of installed files to '/home/david/yolocpp_ws/build/clients_py/install.log'
