-- Found rclcpp: 16.0.12 (/opt/ros/humble/share/rclcpp/cmake)
-- Found rosidl_generator_c: 3.1.6 (/opt/ros/humble/share/rosidl_generator_c/cmake)
-- Found rosidl_adapter: 3.1.6 (/opt/ros/humble/share/rosidl_adapter/cmake)
-- Found rosidl_generator_cpp: 3.1.6 (/opt/ros/humble/share/rosidl_generator_cpp/cmake)
-- Using all available rosidl_typesupport_c: rosidl_typesupport_fastrtps_c;rosidl_typesupport_introspection_c
-- Using all available rosidl_typesupport_cpp: rosidl_typesupport_fastrtps_cpp;rosidl_typesupport_introspection_cpp
-- Found rmw_implementation_cmake: 6.1.2 (/opt/ros/humble/share/rmw_implementation_cmake/cmake)
-- Found rmw_fastrtps_cpp: 6.2.7 (/opt/ros/humble/share/rmw_fastrtps_cpp/cmake)
-- Using RMW implementation 'rmw_fastrtps_cpp' as default
-- Found sensor_msgs: 4.9.0 (/opt/ros/humble/share/sensor_msgs/cmake)
-- Configuring done
-- Generating done
-- Build files have been written to: /home/david/yolocpp_ws/build/sensor_sync_pkg
[35m[1mConsolidate compiler generated dependencies of target sync_node[0m
[ 50%] [32mBuilding CXX object CMakeFiles/sync_node.dir/src/sync_node.cpp.o[0m
[100%] [32m[1mLinking CXX executable sync_node[0m
[100%] Built target sync_node
-- Install configuration: ""
-- Installing: /home/david/yolocpp_ws/install/sensor_sync_pkg/lib/sensor_sync_pkg/sync_node
-- Set runtime path of "/home/david/yolocpp_ws/install/sensor_sync_pkg/lib/sensor_sync_pkg/sync_node" to ""
-- Up-to-date: /home/david/yolocpp_ws/install/sensor_sync_pkg/share/sensor_sync_pkg/launch
-- Installing: /home/david/yolocpp_ws/install/sensor_sync_pkg/share/sensor_sync_pkg/launch/sync.launch.py
-- Up-to-date: /home/david/yolocpp_ws/install/sensor_sync_pkg/share/ament_index/resource_index/package_run_dependencies/sensor_sync_pkg
-- Installing: /home/david/yolocpp_ws/install/sensor_sync_pkg/share/ament_index/resource_index/parent_prefix_path/sensor_sync_pkg
-- Up-to-date: /home/david/yolocpp_ws/install/sensor_sync_pkg/share/sensor_sync_pkg/environment/ament_prefix_path.sh
-- Installing: /home/david/yolocpp_ws/install/sensor_sync_pkg/share/sensor_sync_pkg/environment/ament_prefix_path.dsv
-- Up-to-date: /home/david/yolocpp_ws/install/sensor_sync_pkg/share/sensor_sync_pkg/environment/path.sh
-- Installing: /home/david/yolocpp_ws/install/sensor_sync_pkg/share/sensor_sync_pkg/environment/path.dsv
-- Up-to-date: /home/david/yolocpp_ws/install/sensor_sync_pkg/share/sensor_sync_pkg/local_setup.bash
-- Up-to-date: /home/david/yolocpp_ws/install/sensor_sync_pkg/share/sensor_sync_pkg/local_setup.sh
-- Up-to-date: /home/david/yolocpp_ws/install/sensor_sync_pkg/share/sensor_sync_pkg/local_setup.zsh
-- Installing: /home/david/yolocpp_ws/install/sensor_sync_pkg/share/sensor_sync_pkg/local_setup.dsv
-- Installing: /home/david/yolocpp_ws/install/sensor_sync_pkg/share/sensor_sync_pkg/package.dsv
-- Up-to-date: /home/david/yolocpp_ws/install/sensor_sync_pkg/share/ament_index/resource_index/packages/sensor_sync_pkg
-- Up-to-date: /home/david/yolocpp_ws/install/sensor_sync_pkg/share/sensor_sync_pkg/cmake/sensor_sync_pkgConfig.cmake
-- Up-to-date: /home/david/yolocpp_ws/install/sensor_sync_pkg/share/sensor_sync_pkg/cmake/sensor_sync_pkgConfig-version.cmake
-- Installing: /home/david/yolocpp_ws/install/sensor_sync_pkg/share/sensor_sync_pkg/package.xml
