[0.031s] Invoking command in '/home/david/yolocpp_ws/build/sensor_sync_pkg': CMAKE_PREFIX_PATH=/opt/ros/humble PROMPT_COMMAND=echo -n \[$(date +%H:%M:%S)\]\ /home/david/.local/bin/cmake --build /home/david/yolocpp_ws/build/sensor_sync_pkg -- -j32 -l32
[0.195s] -- Found rclcpp: 16.0.12 (/opt/ros/humble/share/rclcpp/cmake)
[0.512s] -- Found rosidl_generator_c: 3.1.6 (/opt/ros/humble/share/rosidl_generator_c/cmake)
[0.515s] -- Found rosidl_adapter: 3.1.6 (/opt/ros/humble/share/rosidl_adapter/cmake)
[0.523s] -- Found rosidl_generator_cpp: 3.1.6 (/opt/ros/humble/share/rosidl_generator_cpp/cmake)
[0.539s] -- Using all available rosidl_typesupport_c: rosidl_typesupport_fastrtps_c;rosidl_typesupport_introspection_c
[0.564s] -- Using all available rosidl_typesupport_cpp: rosidl_typesupport_fastrtps_cpp;rosidl_typesupport_introspection_cpp
[0.678s] -- Found rmw_implementation_cmake: 6.1.2 (/opt/ros/humble/share/rmw_implementation_cmake/cmake)
[0.685s] -- Found rmw_fastrtps_cpp: 6.2.7 (/opt/ros/humble/share/rmw_fastrtps_cpp/cmake)
[0.919s] -- Using RMW implementation 'rmw_fastrtps_cpp' as default
[1.040s] -- Found sensor_msgs: 4.9.0 (/opt/ros/humble/share/sensor_msgs/cmake)
[1.212s] -- Configuring done
[1.219s] -- Generating done
[1.221s] -- Build files have been written to: /home/david/yolocpp_ws/build/sensor_sync_pkg
[1.252s] [35m[1mConsolidate compiler generated dependencies of target sync_node[0m
[1.286s] [ 50%] [32mBuilding CXX object CMakeFiles/sync_node.dir/src/sync_node.cpp.o[0m
[6.940s] [100%] [32m[1mLinking CXX executable sync_node[0m
[7.278s] [100%] Built target sync_node
[7.288s] Invoked command in '/home/david/yolocpp_ws/build/sensor_sync_pkg' returned '0': CMAKE_PREFIX_PATH=/opt/ros/humble PROMPT_COMMAND=echo -n \[$(date +%H:%M:%S)\]\ /home/david/.local/bin/cmake --build /home/david/yolocpp_ws/build/sensor_sync_pkg -- -j32 -l32
[7.290s] Invoking command in '/home/david/yolocpp_ws/build/sensor_sync_pkg': CMAKE_PREFIX_PATH=/opt/ros/humble PROMPT_COMMAND=echo -n \[$(date +%H:%M:%S)\]\ /home/david/.local/bin/cmake --install /home/david/yolocpp_ws/build/sensor_sync_pkg
[7.313s] -- Install configuration: ""
[7.313s] -- Installing: /home/david/yolocpp_ws/install/sensor_sync_pkg/lib/sensor_sync_pkg/sync_node
[7.316s] -- Set runtime path of "/home/david/yolocpp_ws/install/sensor_sync_pkg/lib/sensor_sync_pkg/sync_node" to ""
[7.316s] -- Up-to-date: /home/david/yolocpp_ws/install/sensor_sync_pkg/share/sensor_sync_pkg/launch
[7.316s] -- Installing: /home/david/yolocpp_ws/install/sensor_sync_pkg/share/sensor_sync_pkg/launch/sync.launch.py
[7.316s] -- Up-to-date: /home/david/yolocpp_ws/install/sensor_sync_pkg/share/ament_index/resource_index/package_run_dependencies/sensor_sync_pkg
[7.316s] -- Installing: /home/david/yolocpp_ws/install/sensor_sync_pkg/share/ament_index/resource_index/parent_prefix_path/sensor_sync_pkg
[7.317s] -- Up-to-date: /home/david/yolocpp_ws/install/sensor_sync_pkg/share/sensor_sync_pkg/environment/ament_prefix_path.sh
[7.317s] -- Installing: /home/david/yolocpp_ws/install/sensor_sync_pkg/share/sensor_sync_pkg/environment/ament_prefix_path.dsv
[7.317s] -- Up-to-date: /home/david/yolocpp_ws/install/sensor_sync_pkg/share/sensor_sync_pkg/environment/path.sh
[7.317s] -- Installing: /home/david/yolocpp_ws/install/sensor_sync_pkg/share/sensor_sync_pkg/environment/path.dsv
[7.317s] -- Up-to-date: /home/david/yolocpp_ws/install/sensor_sync_pkg/share/sensor_sync_pkg/local_setup.bash
[7.317s] -- Up-to-date: /home/david/yolocpp_ws/install/sensor_sync_pkg/share/sensor_sync_pkg/local_setup.sh
[7.317s] -- Up-to-date: /home/david/yolocpp_ws/install/sensor_sync_pkg/share/sensor_sync_pkg/local_setup.zsh
[7.317s] -- Installing: /home/david/yolocpp_ws/install/sensor_sync_pkg/share/sensor_sync_pkg/local_setup.dsv
[7.317s] -- Installing: /home/david/yolocpp_ws/install/sensor_sync_pkg/share/sensor_sync_pkg/package.dsv
[7.317s] -- Up-to-date: /home/david/yolocpp_ws/install/sensor_sync_pkg/share/ament_index/resource_index/packages/sensor_sync_pkg
[7.317s] -- Up-to-date: /home/david/yolocpp_ws/install/sensor_sync_pkg/share/sensor_sync_pkg/cmake/sensor_sync_pkgConfig.cmake
[7.317s] -- Up-to-date: /home/david/yolocpp_ws/install/sensor_sync_pkg/share/sensor_sync_pkg/cmake/sensor_sync_pkgConfig-version.cmake
[7.317s] -- Installing: /home/david/yolocpp_ws/install/sensor_sync_pkg/share/sensor_sync_pkg/package.xml
[7.321s] Invoked command in '/home/david/yolocpp_ws/build/sensor_sync_pkg' returned '0': CMAKE_PREFIX_PATH=/opt/ros/humble PROMPT_COMMAND=echo -n \[$(date +%H:%M:%S)\]\ /home/david/.local/bin/cmake --install /home/david/yolocpp_ws/build/sensor_sync_pkg
