[100%] Built target yolocpp
-- Install configuration: ""
-- Up-to-date: /home/david/yolocpp_ws/install/yolocpp/share/yolocpp/launch
-- Up-to-date: /home/david/yolocpp_ws/install/yolocpp/share/yolocpp/launch/yolocpp_tensorrt.launch.py
-- Up-to-date: /home/david/yolocpp_ws/install/yolocpp/share/yolocpp/launch/__pycache__
-- Up-to-date: /home/david/yolocpp_ws/install/yolocpp/share/yolocpp/launch/__pycache__/yolocpp_onnx.launch.cpython-310.pyc
-- Up-to-date: /home/david/yolocpp_ws/install/yolocpp/share/yolocpp/launch/yolocpp_onnx.launch.py
-- Up-to-date: /home/david/yolocpp_ws/install/yolocpp/share/yolocpp/include
-- Up-to-date: /home/david/yolocpp_ws/install/yolocpp/share/yolocpp/include/tensor_files
-- Up-to-date: /home/david/yolocpp_ws/install/yolocpp/share/yolocpp/include/onnx_files
-- Up-to-date: /home/david/yolocpp_ws/install/yolocpp/share/yolocpp/include/onnx_files/tools
-- Up-to-date: /home/david/yolocpp_ws/install/yolocpp/share/yolocpp/include/onnx_files/tools/Config.hpp
-- Up-to-date: /home/david/yolocpp_ws/install/yolocpp/share/yolocpp/include/onnx_files/tools/BoundedThreadSafeQueue.hpp
-- Up-to-date: /home/david/yolocpp_ws/install/yolocpp/share/yolocpp/include/onnx_files/tools/ScopedTimer.hpp
-- Up-to-date: /home/david/yolocpp_ws/install/yolocpp/share/yolocpp/include/onnx_files/tools/Debug.hpp
-- Up-to-date: /home/david/yolocpp_ws/install/yolocpp/share/yolocpp/include/onnx_files/det
-- Up-to-date: /home/david/yolocpp_ws/install/yolocpp/share/yolocpp/include/onnx_files/det/YOLO9.hpp
-- Up-to-date: /home/david/yolocpp_ws/install/yolocpp/share/yolocpp/include/onnx_files/det/YOLO12.hpp
-- Up-to-date: /home/david/yolocpp_ws/install/yolocpp/share/yolocpp/include/onnx_files/det/YOLO5.hpp
-- Up-to-date: /home/david/yolocpp_ws/install/yolocpp/share/yolocpp/include/onnx_files/det/YOLO7.hpp
-- Up-to-date: /home/david/yolocpp_ws/install/yolocpp/share/yolocpp/include/onnx_files/det/YOLO10.hpp
-- Up-to-date: /home/david/yolocpp_ws/install/yolocpp/share/yolocpp/include/onnx_files/det/YOLO8.hpp
-- Up-to-date: /home/david/yolocpp_ws/install/yolocpp/share/yolocpp/include/onnx_files/det/YOLO11.hpp
-- Up-to-date: /home/david/yolocpp_ws/install/yolocpp/share/yolocpp/include/onnx_files/pose
-- Up-to-date: /home/david/yolocpp_ws/install/yolocpp/share/yolocpp/include/onnx_files/pose/YOLO8-POSE.hpp
-- Up-to-date: /home/david/yolocpp_ws/install/yolocpp/share/yolocpp/include/onnx_files/pose/YOLO11-POSE.hpp
-- Up-to-date: /home/david/yolocpp_ws/install/yolocpp/share/yolocpp/include/onnx_files/quantized_models
-- Up-to-date: /home/david/yolocpp_ws/install/yolocpp/share/yolocpp/include/onnx_files/quantized_models/coco.names
-- Up-to-date: /home/david/yolocpp_ws/install/yolocpp/share/yolocpp/include/onnx_files/quantized_models/yolos_quantization.py
-- Up-to-date: /home/david/yolocpp_ws/install/yolocpp/share/yolocpp/include/onnx_files/quantized_models/your_model.onnx.file
-- Up-to-date: /home/david/yolocpp_ws/install/yolocpp/share/yolocpp/include/onnx_files/obb
-- Up-to-date: /home/david/yolocpp_ws/install/yolocpp/share/yolocpp/include/onnx_files/obb/YOLO8-OBB.hpp
-- Up-to-date: /home/david/yolocpp_ws/install/yolocpp/share/yolocpp/include/onnx_files/obb/YOLO11-OBB.hpp
-- Up-to-date: /home/david/yolocpp_ws/install/yolocpp/share/yolocpp/include/onnx_files/class
-- Up-to-date: /home/david/yolocpp_ws/install/yolocpp/share/yolocpp/include/onnx_files/class/YOLO11CLASS.hpp
-- Up-to-date: /home/david/yolocpp_ws/install/yolocpp/share/yolocpp/include/onnx_files/seg
-- Up-to-date: /home/david/yolocpp_ws/install/yolocpp/share/yolocpp/include/onnx_files/seg/YOLO11Seg.hpp
-- Up-to-date: /home/david/yolocpp_ws/install/yolocpp/share/yolocpp/include/onnx_files/seg/YOLO9Seg.hpp
-- Up-to-date: /home/david/yolocpp_ws/install/yolocpp/share/yolocpp/include/onnx_files/seg/YOLO8Seg.hpp
-- Up-to-date: /home/david/yolocpp_ws/install/yolocpp/share/yolocpp/models
-- Up-to-date: /home/david/yolocpp_ws/install/yolocpp/share/yolocpp/models/coco.names
-- Up-to-date: /home/david/yolocpp_ws/install/yolocpp/share/yolocpp/models/build
-- Up-to-date: /home/david/yolocpp_ws/install/yolocpp/share/yolocpp/models/build/COLCON_IGNORE
-- Up-to-date: /home/david/yolocpp_ws/install/yolocpp/share/yolocpp/models/build/.built_by
-- Up-to-date: /home/david/yolocpp_ws/install/yolocpp/share/yolocpp/models/log
-- Up-to-date: /home/david/yolocpp_ws/install/yolocpp/share/yolocpp/models/log/latest
-- Up-to-date: /home/david/yolocpp_ws/install/yolocpp/share/yolocpp/models/log/COLCON_IGNORE
-- Up-to-date: /home/david/yolocpp_ws/install/yolocpp/share/yolocpp/models/log/latest_build
-- Up-to-date: /home/david/yolocpp_ws/install/yolocpp/share/yolocpp/models/log/build_2025-05-20_09-51-52
-- Up-to-date: /home/david/yolocpp_ws/install/yolocpp/share/yolocpp/models/log/build_2025-05-20_09-51-52/logger_all.log
-- Up-to-date: /home/david/yolocpp_ws/install/yolocpp/share/yolocpp/models/log/build_2025-05-20_09-51-52/events.log
-- Up-to-date: /home/david/yolocpp_ws/install/yolocpp/share/yolocpp/models/log/build_2025-05-20_09-51-42
-- Up-to-date: /home/david/yolocpp_ws/install/yolocpp/share/yolocpp/models/log/build_2025-05-20_09-51-42/logger_all.log
-- Up-to-date: /home/david/yolocpp_ws/install/yolocpp/share/yolocpp/models/log/build_2025-05-20_09-51-42/events.log
-- Up-to-date: /home/david/yolocpp_ws/install/yolocpp/share/yolocpp/models/testonnx.py
-- Up-to-date: /home/david/yolocpp_ws/install/yolocpp/share/yolocpp/models/yolo11m-seg.onnx
-- Up-to-date: /home/david/yolocpp_ws/install/yolocpp/share/yolocpp/models/export_onnx.py
-- Up-to-date: /home/david/yolocpp_ws/install/yolocpp/share/yolocpp/models/install
-- Up-to-date: /home/david/yolocpp_ws/install/yolocpp/share/yolocpp/models/install/COLCON_IGNORE
-- Up-to-date: /home/david/yolocpp_ws/install/yolocpp/share/yolocpp/models/install/local_setup.zsh
-- Up-to-date: /home/david/yolocpp_ws/install/yolocpp/share/yolocpp/models/install/_local_setup_util_sh.py
-- Up-to-date: /home/david/yolocpp_ws/install/yolocpp/share/yolocpp/models/install/setup.sh
-- Up-to-date: /home/david/yolocpp_ws/install/yolocpp/share/yolocpp/models/install/local_setup.bash
-- Up-to-date: /home/david/yolocpp_ws/install/yolocpp/share/yolocpp/models/install/setup.bash
-- Up-to-date: /home/david/yolocpp_ws/install/yolocpp/share/yolocpp/models/install/local_setup.ps1
-- Up-to-date: /home/david/yolocpp_ws/install/yolocpp/share/yolocpp/models/install/setup.ps1
-- Up-to-date: /home/david/yolocpp_ws/install/yolocpp/share/yolocpp/models/install/.colcon_install_layout
-- Up-to-date: /home/david/yolocpp_ws/install/yolocpp/share/yolocpp/models/install/_local_setup_util_ps1.py
-- Up-to-date: /home/david/yolocpp_ws/install/yolocpp/share/yolocpp/models/install/setup.zsh
-- Up-to-date: /home/david/yolocpp_ws/install/yolocpp/share/yolocpp/models/install/local_setup.sh
-- Up-to-date: /home/david/yolocpp_ws/install/yolocpp/share/yolocpp/models/Dota.names
-- Up-to-date: /home/david/yolocpp_ws/install/yolocpp/share/yolocpp/data
-- Up-to-date: /home/david/yolocpp_ws/install/yolocpp/share/yolocpp/data/panoramic_02.avi
-- Up-to-date: /home/david/yolocpp_ws/install/yolocpp/share/yolocpp/data/test.jpg
-- Up-to-date: /home/david/yolocpp_ws/install/yolocpp/lib/yolocpp/yolocpp
-- Up-to-date: /home/david/yolocpp_ws/install/yolocpp/share/ament_index/resource_index/package_run_dependencies/yolocpp
-- Up-to-date: /home/david/yolocpp_ws/install/yolocpp/share/ament_index/resource_index/parent_prefix_path/yolocpp
-- Up-to-date: /home/david/yolocpp_ws/install/yolocpp/share/yolocpp/environment/ament_prefix_path.sh
-- Up-to-date: /home/david/yolocpp_ws/install/yolocpp/share/yolocpp/environment/ament_prefix_path.dsv
-- Up-to-date: /home/david/yolocpp_ws/install/yolocpp/share/yolocpp/environment/path.sh
-- Up-to-date: /home/david/yolocpp_ws/install/yolocpp/share/yolocpp/environment/path.dsv
-- Up-to-date: /home/david/yolocpp_ws/install/yolocpp/share/yolocpp/local_setup.bash
-- Up-to-date: /home/david/yolocpp_ws/install/yolocpp/share/yolocpp/local_setup.sh
-- Up-to-date: /home/david/yolocpp_ws/install/yolocpp/share/yolocpp/local_setup.zsh
-- Up-to-date: /home/david/yolocpp_ws/install/yolocpp/share/yolocpp/local_setup.dsv
-- Installing: /home/david/yolocpp_ws/install/yolocpp/share/yolocpp/package.dsv
-- Up-to-date: /home/david/yolocpp_ws/install/yolocpp/share/ament_index/resource_index/packages/yolocpp
-- Up-to-date: /home/david/yolocpp_ws/install/yolocpp/share/yolocpp/cmake/yolocppConfig.cmake
-- Up-to-date: /home/david/yolocpp_ws/install/yolocpp/share/yolocpp/cmake/yolocppConfig-version.cmake
-- Up-to-date: /home/david/yolocpp_ws/install/yolocpp/share/yolocpp/package.xml
