[01m[K/tmp/tmpxft_000919f8_00000000-6_warpaffine.cudafe1.cpp:1:3:[m[K [01;35m[Kwarning: [m[Kstyle of line directive is a GCC extension
    1 | # [01;35m[K1[m[K "/home/david/yolocpp_ws/src/TensorRT-YOLO/include/deploy/infer/warpaffine.cu"
      |   [01;35m[K^[m[K
[01m[K/home/david/yolocpp_ws/src/TensorRT-YOLO/include/deploy/infer/warpaffine.cu:2:3:[m[K [01;35m[Kwarning: [m[Kstyle of line directive is a GCC extension
    2 |  *[01;35m[K [m[K@file warpaffine.cu
      |   [01;35m[K^[m[K
[01m[K/home/david/yolocpp_ws/src/TensorRT-YOLO/include/deploy/infer/warpaffine.cu:2:3:[m[K [01;35m[Kwarning: [m[Kstyle of line directive is a GCC extension
    2 |  *[01;35m[K [m[K@file warpaffine.cu
      |   [01;35m[K^[m[K
[01m[K/home/david/yolocpp_ws/src/TensorRT-YOLO/include/deploy/infer/warpaffine.cu:2:3:[m[K [01;35m[Kwarning: [m[Kstyle of line directive is a GCC extension
    2 |  *[01;35m[K [m[K@file warpaffine.cu
      |   [01;35m[K^[m[K
[01m[K/home/david/yolocpp_ws/src/TensorRT-YOLO/include/deploy/infer/warpaffine.cu:2:3:[m[K [01;35m[Kwarning: [m[Kstyle of line directive is a GCC extension
    2 |  *[01;35m[K [m[K@file warpaffine.cu
      |   [01;35m[K^[m[K
[01m[K/home/david/yolocpp_ws/src/TensorRT-YOLO/include/deploy/infer/warpaffine.cu:2:3:[m[K [01;35m[Kwarning: [m[Kstyle of line directive is a GCC extension
    2 |  *[01;35m[K [m[K@file warpaffine.cu
      |   [01;35m[K^[m[K
[01m[K/home/david/yolocpp_ws/src/TensorRT-YOLO/include/deploy/infer/warpaffine.cu:2:3:[m[K [01;35m[Kwarning: [m[Kstyle of line directive is a GCC extension
    2 |  *[01;35m[K [m[K@file warpaffine.cu
      |   [01;35m[K^[m[K
[01m[K/home/david/yolocpp_ws/src/TensorRT-YOLO/include/deploy/infer/warpaffine.cu:3:3:[m[K [01;35m[Kwarning: [m[Kstyle of line directive is a GCC extension
    3 |  *[01;35m[K [m[K@author laugh12321 (laugh12321@vip.qq.com)
      |   [01;35m[K^[m[K
[01m[K/home/david/yolocpp_ws/src/TensorRT-YOLO/include/deploy/infer/warpaffine.cu:7:3:[m[K [01;35m[Kwarning: [m[Kstyle of line directive is a GCC extension
    7 |  *[01;35m[K [m[K@copyright Copyright (c) 2025 laugh12321. All Rights Reserved.
      |   [01;35m[K^[m[K
[01m[K/home/david/yolocpp_ws/src/TensorRT-YOLO/include/deploy/infer/warpaffine.cu:1:3:[m[K [01;35m[Kwarning: [m[Kstyle of line directive is a GCC extension
    1 | /*[01;35m[K*[m[K
      |   [01;35m[K^[m[K 
[01m[K/home/david/yolocpp_ws/src/TensorRT-YOLO/include/deploy/core/macro.hpp:24:3:[m[K [01;35m[Kwarning: [m[Kstyle of line directive is a GCC extension
   24 | 
      |   [01;35m[K^[m[K 
[01m[K/home/david/yolocpp_ws/src/TensorRT-YOLO/include/deploy/core/macro.hpp:36:3:[m[K [01;35m[Kwarning: [m[Kstyle of line directive is a GCC extension
   36 |   [01;35m[K  [m[Kif (code != cudaSuccess) {
      |   [01;35m[K^[m[K 
[01m[K/home/david/yolocpp_ws/src/TensorRT-YOLO/include/deploy/core/macro.hpp:37:3:[m[K [01;35m[Kwarning: [m[Kstyle of line directive is a GCC extension
   37 |   [01;35m[K  [m[K    std::cerr << "CUDA Failure at " << file << ":" << line << ": "
      |   [01;35m[K^[m[K 
[01m[K/home/david/yolocpp_ws/src/TensorRT-YOLO/include/deploy/core/macro.hpp:38:3:[m[K [01;35m[Kwarning: [m[Kstyle of line directive is a GCC extension
   38 |   [01;35m[K  [m[K              << cudaGetErrorString(code) << std::endl;
      |   [01;35m[K^[m[K 
[01m[K/home/david/yolocpp_ws/src/TensorRT-YOLO/include/deploy/core/macro.hpp:40:3:[m[K [01;35m[Kwarning: [m[Kstyle of line directive is a GCC extension
   40 |   [01;35m[K  [m[K}
      |   [01;35m[K^[m[K 
[01m[K/home/david/yolocpp_ws/src/TensorRT-YOLO/include/deploy/core/macro.hpp:41:3:[m[K [01;35m[Kwarning: [m[Kstyle of line directive is a GCC extension
   41 | }
      |   [01;35m[K^[m[K 
[01m[K/home/david/yolocpp_ws/src/TensorRT-YOLO/include/deploy/core/macro.hpp:42:3:[m[K [01;35m[Kwarning: [m[Kstyle of line directive is a GCC extension
   42 | 
      |   [01;35m[K^[m[K 
[01m[K/home/david/yolocpp_ws/src/TensorRT-YOLO/include/deploy/core/macro.hpp:63:3:[m[K [01;35m[Kwarning: [m[Kstyle of line directive is a GCC extension
[01m[K/home/david/yolocpp_ws/src/TensorRT-YOLO/include/deploy/option.hpp:21:3:[m[K [01;35m[Kwarning: [m[Kstyle of line directive is a GCC extension
   21 | 
      |   [01;35m[K^[m[K 
[01m[K/home/david/yolocpp_ws/src/TensorRT-YOLO/include/deploy/option.hpp:27:3:[m[K [01;35m[Kwarning: [m[Kstyle of line directive is a GCC extension
   27 |   [01;35m[K  [m[Kbool   swap_rb      = false;                                                  // < æ˜¯å¦äº¤æ¢ R å’Œ B é€šé“
      |   [01;35m[K^[m[K 
[01m[K/home/david/yolocpp_ws/src/TensorRT-YOLO/include/deploy/option.hpp:28:3:[m[K [01;35m[Kwarning: [m[Kstyle of line directive is a GCC extension
   28 |   [01;35m[K  [m[Kfloat  border_value = 114.0f;                                                 // < è¾¹ç•Œå€¼ï¼Œç”¨äºŽå¡«å……
      |   [01;35m[K^[m[K 
[01m[K/home/david/yolocpp_ws/src/TensorRT-YOLO/include/deploy/option.hpp:29:3:[m[K [01;35m[Kwarning: [m[Kstyle of line directive is a GCC extension
   29 |   [01;35m[K  [m[Kfloat3 alpha        = make_float3(1.0 / 255.0f, 1.0 / 255.0f, 1.0 / 255.0f);  // < å½’ä¸€åŒ–ç³»æ•°
      |   [01;35m[K^[m[K 
[01m[K/home/david/yolocpp_ws/src/TensorRT-YOLO/include/deploy/option.hpp:30:3:[m[K [01;35m[Kwarning: [m[Kstyle of line directive is a GCC extension
   30 |   [01;35m[K  [m[Kfloat3 beta         = make_float3(0.0f, 0.0f, 0.0f);                          // < åç§»é‡
      |   [01;35m[K^[m[K 
[01m[K/home/david/yolocpp_ws/src/TensorRT-YOLO/include/deploy/option.hpp:31:3:[m[K [01;35m[Kwarning: [m[Kstyle of line directive is a GCC extension
   31 | 
      |   [01;35m[K^[m[K 
[01m[K/home/david/yolocpp_ws/src/TensorRT-YOLO/include/deploy/option.hpp:38:3:[m[K [01;35m[Kwarning: [m[Kstyle of line directive is a GCC extension
   38 |   [01;35m[K  [m[K    this->swap_rb = true;
      |   [01;35m[K^[m[K 
[01m[K/home/david/yolocpp_ws/src/TensorRT-YOLO/include/deploy/option.hpp:39:3:[m[K [01;35m[Kwarning: [m[Kstyle of line directive is a GCC extension
   39 |   [01;35m[K  [m[K}
      |   [01;35m[K^[m[K 
[01m[K/home/david/yolocpp_ws/src/TensorRT-YOLO/include/deploy/option.hpp:40:3:[m[K [01;35m[Kwarning: [m[Kstyle of line directive is a GCC extension
   40 | 
      |   [01;35m[K^[m[K 
[01m[K/home/david/yolocpp_ws/src/TensorRT-YOLO/include/deploy/option.hpp:47:3:[m[K [01;35m[Kwarning: [m[Kstyle of line directive is a GCC extension
   47 |   [01;35m[K  [m[K    this->border_value = border_value;
      |   [01;35m[K^[m[K 
[01m[K/home/david/yolocpp_ws/src/TensorRT-YOLO/include/deploy/option.hpp:48:3:[m[K [01;35m[Kwarning: [m[Kstyle of line directive is a GCC extension
   48 |   [01;35m[K  [m[K}
      |   [01;35m[K^[m[K 
[01m[K/home/david/yolocpp_ws/src/TensorRT-YOLO/include/deploy/option.hpp:49:3:[m[K [01;35m[Kwarning: [m[Kstyle of line directive is a GCC extension
   49 | 
      |   [01;35m[K^[m[K 
[01m[K/home/david/yolocpp_ws/src/TensorRT-YOLO/include/deploy/option.hpp:57:3:[m[K [01;35m[Kwarning: [m[Kstyle of line directive is a GCC extension
   57 |   [01;35m[K  [m[K    assert(mean.size() == 3 && std.size() == 3 && "ProcessConfig: requires the size of mean and std to be 3.");
      |   [01;35m[K^[m[K 
[01m[K/home/david/yolocpp_ws/src/TensorRT-YOLO/include/deploy/option.hpp:60:3:[m[K [01;35m[Kwarning: [m[Kstyle of line directive is a GCC extension
   60 |   [01;35m[K  [m[K    alpha.y = 1.0 / 255.0f / std[1];
      |   [01;35m[K^[m[K 
[01m[K/home/david/yolocpp_ws/src/TensorRT-YOLO/include/deploy/option.hpp:61:3:[m[K [01;35m[Kwarning: [m[Kstyle of line directive is a GCC extension
   61 |   [01;35m[K  [m[K    alpha.z = 1.0 / 255.0f / std[2];
      |   [01;35m[K^[m[K 
[01m[K/home/david/yolocpp_ws/src/TensorRT-YOLO/include/deploy/option.hpp:62:3:[m[K [01;35m[Kwarning: [m[Kstyle of line directive is a GCC extension
   62 |   [01;35m[K  [m[K    beta.x  = -mean[0] / std[0];
      |   [01;35m[K^[m[K 
[01m[K/home/david/yolocpp_ws/src/TensorRT-YOLO/include/deploy/option.hpp:63:3:[m[K [01;35m[Kwarning: [m[Kstyle of line directive is a GCC extension
   63 |   [01;35m[K  [m[K    beta.y  = -mean[1] / std[1];
      |   [01;35m[K^[m[K 
[01m[K/home/david/yolocpp_ws/src/TensorRT-YOLO/include/deploy/option.hpp:64:3:[m[K [01;35m[Kwarning: [m[Kstyle of line directive is a GCC extension
   64 |   [01;35m[K  [m[K    beta.z  = -mean[2] / std[2];
      |   [01;35m[K^[m[K 
[01m[K/home/david/yolocpp_ws/src/TensorRT-YOLO/include/deploy/option.hpp:65:3:[m[K [01;35m[Kwarning: [m[Kstyle of line directive is a GCC extension
   65 |   [01;35m[K  [m[K}
      |   [01;35m[K^[m[K 
[01m[K/home/david/yolocpp_ws/src/TensorRT-YOLO/include/deploy/option.hpp:66:3:[m[K [01;35m[Kwarning: [m[Kstyle of line directive is a GCC extension
   66 | };
      |   [01;35m[K^[m[K 
[01m[K/home/david/yolocpp_ws/src/TensorRT-YOLO/include/deploy/option.hpp:67:3:[m[K [01;35m[Kwarning: [m[Kstyle of line directive is a GCC extension
   67 | 
      |   [01;35m[K^[m[K 
[01m[K/home/david/yolocpp_ws/src/TensorRT-YOLO/include/deploy/option.hpp:73:3:[m[K [01;35m[Kwarning: [m[Kstyle of line directive is a GCC extension
   73 |   [01;35m[K  [m[Kint                 device_id                 = 0;      // < GPU ID
      |   [01;35m[K^[m[K 
[01m[K/home/david/yolocpp_ws/src/TensorRT-YOLO/include/deploy/option.hpp:74:3:[m[K [01;35m[Kwarning: [m[Kstyle of line directive is a GCC extension
   74 |   [01;35m[K  [m[Kbool                cuda_mem                  = false;  // < æŽ¨ç†æ•°æ®æ˜¯å¦å·²ç»åœ¨ CUDA æ˜¾å­˜ä¸­
      |   [01;35m[K^[m[K 
[01m[K/home/david/yolocpp_ws/src/TensorRT-YOLO/include/deploy/option.hpp:75:3:[m[K [01;35m[Kwarning: [m[Kstyle of line directive is a GCC extension
   75 |   [01;35m[K  [m[Kbool                enable_managed_memory     = false;  // < æ˜¯å¦å¯ç”¨ç»Ÿä¸€å†…å­˜
      |   [01;35m[K^[m[K 
[01m[K/home/david/yolocpp_ws/src/TensorRT-YOLO/include/deploy/option.hpp:76:3:[m[K [01;35m[Kwarning: [m[Kstyle of line directive is a GCC extension
   76 |   [01;35m[K  [m[Kbool                enable_performance_report = false;  // < æ˜¯å¦å¯ç”¨æ€§èƒ½æŠ¥å‘Š
      |   [01;35m[K^[m[K 
[01m[K/home/david/yolocpp_ws/src/TensorRT-YOLO/include/deploy/option.hpp:77:3:[m[K [01;35m[Kwarning: [m[Kstyle of line directive is a GCC extension
   77 |   [01;35m[K  [m[Kstd::optional<int2> input_shape;                        // < è¾“å…¥æ•°æ®çš„é«˜ã€å®½ï¼Œæœªè®¾ç½®æ—¶è¡¨ç¤ºå®½åº¦å¯å˜ï¼ˆç”¨äºŽè¾“å…¥æ•°æ®å®½é«˜ç¡®å®šçš„ä»»åŠ¡åœºæ™¯ï¼šç›‘æŽ§è§†é¢‘åˆ†æžï¼ŒAIå¤–æŒ‚ç­‰ï¼‰
      |   [01;35m[K^[m[K 
[01m[K/home/david/yolocpp_ws/src/TensorRT-YOLO/include/deploy/option.hpp:78:3:[m[K [01;35m[Kwarning: [m[Kstyle of line directive is a GCC extension
   78 |   [01;35m[K  [m[KProcessConfig       config;                             // < å›¾åƒé¢„å¤„ç†é…ç½®
      |   [01;35m[K^[m[K 
[01m[K/home/david/yolocpp_ws/src/TensorRT-YOLO/include/deploy/option.hpp:79:3:[m[K [01;35m[Kwarning: [m[Kstyle of line directive is a GCC extension
   79 | 
      |   [01;35m[K^[m[K 
[01m[K/home/david/yolocpp_ws/src/TensorRT-YOLO/include/deploy/option.hpp:86:3:[m[K [01;35m[Kwarning: [m[Kstyle of line directive is a GCC extension
   86 |   [01;35m[K  [m[K    device_id = id;
      |   [01;35m[K^[m[K 
[01m[K/home/david/yolocpp_ws/src/TensorRT-YOLO/include/deploy/option.hpp:87:3:[m[K [01;35m[Kwarning: [m[Kstyle of line directive is a GCC extension
   87 |   [01;35m[K  [m[K}
      |   [01;35m[K^[m[K 
[01m[K/home/david/yolocpp_ws/src/TensorRT-YOLO/include/deploy/option.hpp:88:3:[m[K [01;35m[Kwarning: [m[Kstyle of line directive is a GCC extension
   88 | 
      |   [01;35m[K^[m[K 
[01m[K/home/david/yolocpp_ws/src/TensorRT-YOLO/include/deploy/option.hpp:94:3:[m[K [01;35m[Kwarning: [m[Kstyle of line directive is a GCC extension
   94 |   [01;35m[K  [m[K    cuda_mem = true;
      |   [01;35m[K^[m[K 
[01m[K/home/david/yolocpp_ws/src/TensorRT-YOLO/include/deploy/option.hpp:95:3:[m[K [01;35m[Kwarning: [m[Kstyle of line directive is a GCC extension
   95 |   [01;35m[K  [m[K}
      |   [01;35m[K^[m[K 
[01m[K/home/david/yolocpp_ws/src/TensorRT-YOLO/include/deploy/option.hpp:96:3:[m[K [01;35m[Kwarning: [m[Kstyle of line directive is a GCC extension
   96 | 
      |   [01;35m[K^[m[K  
[01m[K/home/david/yolocpp_ws/src/TensorRT-YOLO/include/deploy/option.hpp:102:3:[m[K [01;35m[Kwarning: [m[Kstyle of line directive is a GCC extension
  102 |   [01;35m[K   [m[K   enable_managed_memory = true;
      |   [01;35m[K^[m[K  
[01m[K/home/david/yolocpp_ws/src/TensorRT-YOLO/include/deploy/option.hpp:103:3:[m[K [01;35m[Kwarning: [m[Kstyle of line directive is a GCC extension
  103 |   [01;35m[K  }[m[K
      |   [01;35m[K^[m[K [01;35m[K~[m[K
[01m[K/home/david/yolocpp_ws/src/TensorRT-YOLO/include/deploy/option.hpp:104:3:[m[K [01;35m[Kwarning: [m[Kstyle of line directive is a GCC extension
  104 | 
      |   [01;35m[K^[m[K  
[01m[K/home/david/yolocpp_ws/src/TensorRT-YOLO/include/deploy/option.hpp:110:3:[m[K [01;35m[Kwarning: [m[Kstyle of line directive is a GCC extension
  110 |   [01;35m[K   [m[K   enable_performance_report = true;
      |   [01;35m[K^[m[K  
[01m[K/home/david/yolocpp_ws/src/TensorRT-YOLO/include/deploy/option.hpp:111:3:[m[K [01;35m[Kwarning: [m[Kstyle of line directive is a GCC extension
  111 |   [01;35m[K  }[m[K
      |   [01;35m[K^[m[K [01;35m[K~[m[K
[01m[K/home/david/yolocpp_ws/src/TensorRT-YOLO/include/deploy/option.hpp:112:3:[m[K [01;35m[Kwarning: [m[Kstyle of line directive is a GCC extension
  112 | 
      |   [01;35m[K^[m[K  
[01m[K/home/david/yolocpp_ws/src/TensorRT-YOLO/include/deploy/option.hpp:119:3:[m[K [01;35m[Kwarning: [m[Kstyle of line directive is a GCC extension
  119 |   [01;35m[K   [m[K   config.enableSwapRB();
      |   [01;35m[K^[m[K  
[01m[K/home/david/yolocpp_ws/src/TensorRT-YOLO/include/deploy/option.hpp:120:3:[m[K [01;35m[Kwarning: [m[Kstyle of line directive is a GCC extension
  120 |   [01;35m[K  }[m[K
      |   [01;35m[K^[m[K [01;35m[K~[m[K
[01m[K/home/david/yolocpp_ws/src/TensorRT-YOLO/include/deploy/option.hpp:121:3:[m[K [01;35m[Kwarning: [m[Kstyle of line directive is a GCC extension
  121 | 
      |   [01;35m[K^[m[K  
[01m[K/home/david/yolocpp_ws/src/TensorRT-YOLO/include/deploy/option.hpp:128:3:[m[K [01;35m[Kwarning: [m[Kstyle of line directive is a GCC extension
  128 |   [01;35m[K   [m[K   config.setBorderValue(border_value);
      |   [01;35m[K^[m[K  
[01m[K/home/david/yolocpp_ws/src/TensorRT-YOLO/include/deploy/option.hpp:129:3:[m[K [01;35m[Kwarning: [m[Kstyle of line directive is a GCC extension
  129 |   [01;35m[K  }[m[K
      |   [01;35m[K^[m[K [01;35m[K~[m[K
[01m[K/home/david/yolocpp_ws/src/TensorRT-YOLO/include/deploy/option.hpp:130:3:[m[K [01;35m[Kwarning: [m[Kstyle of line directive is a GCC extension
  130 | 
      |   [01;35m[K^[m[K  
[01m[K/home/david/yolocpp_ws/src/TensorRT-YOLO/include/deploy/option.hpp:138:3:[m[K [01;35m[Kwarning: [m[Kstyle of line directive is a GCC extension
  138 |   [01;35m[K   [m[K   config.setNormalizeParams(mean, std);
      |   [01;35m[K^[m[K  
[01m[K/home/david/yolocpp_ws/src/TensorRT-YOLO/include/deploy/option.hpp:139:3:[m[K [01;35m[Kwarning: [m[Kstyle of line directive is a GCC extension
  139 |   [01;35m[K  }[m[K
      |   [01;35m[K^[m[K [01;35m[K~[m[K
[01m[K/home/david/yolocpp_ws/src/TensorRT-YOLO/include/deploy/option.hpp:140:3:[m[K [01;35m[Kwarning: [m[Kstyle of line directive is a GCC extension
  140 | 
      |   [01;35m[K^[m[K  
[01m[K/home/david/yolocpp_ws/src/TensorRT-YOLO/include/deploy/option.hpp:148:3:[m[K [01;35m[Kwarning: [m[Kstyle of line directive is a GCC extension
  148 |   [01;35m[K   [m[K   input_shape = make_int2(height, width);
      |   [01;35m[K^[m[K  
[01m[K/home/david/yolocpp_ws/src/TensorRT-YOLO/include/deploy/option.hpp:149:3:[m[K [01;35m[Kwarning: [m[Kstyle of line directive is a GCC extension
  149 |   [01;35m[K  }[m[K
      |   [01;35m[K^[m[K [01;35m[K~[m[K
[01m[K/home/david/yolocpp_ws/src/TensorRT-YOLO/include/deploy/option.hpp:150:3:[m[K [01;35m[Kwarning: [m[Kstyle of line directive is a GCC extension
  150 | };
      |   [01;35m[K^[m[K  
[01m[K/home/david/yolocpp_ws/src/TensorRT-YOLO/include/deploy/option.hpp:151:3:[m[K [01;35m[Kwarning: [m[Kstyle of line directive is a GCC extension
  151 | 
      |   [01;35m[K^[m[K  
[01m[K/home/david/yolocpp_ws/src/TensorRT-YOLO/include/deploy/option.hpp:153:3:[m[K [01;35m[Kwarning: [m[Kstyle of line directive is a GCC extension
[01m[K/home/david/yolocpp_ws/src/TensorRT-YOLO/include/deploy/infer/warpaffine.hpp:18:3:[m[K [01;35m[Kwarning: [m[Kstyle of line directive is a GCC extension
   18 | 
      |   [01;35m[K^[m[K 
[01m[K/home/david/yolocpp_ws/src/TensorRT-YOLO/include/deploy/infer/warpaffine.hpp:24:3:[m[K [01;35m[Kwarning: [m[Kstyle of line directive is a GCC extension
   24 |   [01;35m[K  [m[Kfloat3 matrix[2];         // < ç”¨äºŽä»¿å°„å˜æ¢çš„ 2x3 å˜æ¢çŸ©é˜µ
      |   [01;35m[K^[m[K 
[01m[K/home/david/yolocpp_ws/src/TensorRT-YOLO/include/deploy/infer/warpaffine.hpp:25:3:[m[K [01;35m[Kwarning: [m[Kstyle of line directive is a GCC extension
   25 |   [01;35m[K  [m[Kint    dst_offset_x;      // < å˜æ¢åŽç›®æ ‡å›¾åƒçš„ X è½´åç§»é‡ã€‚
      |   [01;35m[K^[m[K 
[01m[K/home/david/yolocpp_ws/src/TensorRT-YOLO/include/deploy/infer/warpaffine.hpp:26:3:[m[K [01;35m[Kwarning: [m[Kstyle of line directive is a GCC extension
   26 |   [01;35m[K  [m[Kint    dst_offset_y;      // < å˜æ¢åŽç›®æ ‡å›¾åƒçš„ Y è½´åç§»é‡ã€‚
      |   [01;35m[K^[m[K 
[01m[K/home/david/yolocpp_ws/src/TensorRT-YOLO/include/deploy/infer/warpaffine.hpp:27:3:[m[K [01;35m[Kwarning: [m[Kstyle of line directive is a GCC extension
   27 |   [01;35m[K  [m[Kint    last_src_width_;   // < ä¸Šä¸€æ¬¡å¤„ç†çš„æºå›¾åƒçš„å®½åº¦ã€‚
      |   [01;35m[K^[m[K 
[01m[K/home/david/yolocpp_ws/src/TensorRT-YOLO/include/deploy/infer/warpaffine.hpp:28:3:[m[K [01;35m[Kwarning: [m[Kstyle of line directive is a GCC extension
   28 |   [01;35m[K  [m[Kint    last_src_height_;  // < ä¸Šä¸€æ¬¡å¤„ç†çš„æºå›¾åƒçš„é«˜åº¦ã€‚
      |   [01;35m[K^[m[K 
[01m[K/home/david/yolocpp_ws/src/TensorRT-YOLO/include/deploy/infer/warpaffine.hpp:29:3:[m[K [01;35m[Kwarning: [m[Kstyle of line directive is a GCC extension
   29 | 
      |   [01;35m[K^[m[K 
[01m[K/home/david/yolocpp_ws/src/TensorRT-YOLO/include/deploy/infer/warpaffine.hpp:39:3:[m[K [01;35m[Kwarning: [m[Kstyle of line directive is a GCC extension
   39 | 
      |   [01;35m[K^[m[K 
[01m[K/home/david/yolocpp_ws/src/TensorRT-YOLO/include/deploy/infer/warpaffine.hpp:49:3:[m[K [01;35m[Kwarning: [m[Kstyle of line directive is a GCC extension
   49 | };
      |   [01;35m[K^[m[K 
[01m[K/home/david/yolocpp_ws/src/TensorRT-YOLO/include/deploy/infer/warpaffine.hpp:50:3:[m[K [01;35m[Kwarning: [m[Kstyle of line directive is a GCC extension
   50 | 
      |   [01;35m[K^[m[K 
[01m[K/home/david/yolocpp_ws/src/TensorRT-YOLO/include/deploy/infer/warpaffine.hpp:66:3:[m[K [01;35m[Kwarning: [m[Kstyle of line directive is a GCC extension
   66 |   [01;35m[K  [m[K                void* dst, const int dst_cols, const int dst_rows,
      |   [01;35m[K^[m[K 
[01m[K/home/david/yolocpp_ws/src/TensorRT-YOLO/include/deploy/infer/warpaffine.hpp:88:3:[m[K [01;35m[Kwarning: [m[Kstyle of line directive is a GCC extension
   88 |   [01;35m[K  [m[K                     void* dst, const int dst_cols, const int dst_rows,
      |   [01;35m[K^[m[K 
[01m[K/home/david/yolocpp_ws/src/TensorRT-YOLO/include/deploy/infer/warpaffine.hpp:92:3:[m[K [01;35m[Kwarning: [m[Kstyle of line directive is a GCC extension
[01m[K/home/david/yolocpp_ws/src/TensorRT-YOLO/include/deploy/infer/warpaffine.cu:16:3:[m[K [01;35m[Kwarning: [m[Kstyle of line directive is a GCC extension
   16 | 
      |   [01;35m[K^[m[K 
[01m[K/home/david/yolocpp_ws/src/TensorRT-YOLO/include/deploy/infer/warpaffine.cu:18:3:[m[K [01;35m[Kwarning: [m[Kstyle of line directive is a GCC extension
   18 |   [01;35m[K  [m[Kreturn (a % b != 0) ? (a / b + 1) : (a / b);
      |   [01;35m[K^[m[K 
[01m[K/home/david/yolocpp_ws/src/TensorRT-YOLO/include/deploy/infer/warpaffine.cu:19:3:[m[K [01;35m[Kwarning: [m[Kstyle of line directive is a GCC extension
   19 | }
      |   [01;35m[K^[m[K 
[01m[K/home/david/yolocpp_ws/src/TensorRT-YOLO/include/deploy/infer/warpaffine.cu:20:3:[m[K [01;35m[Kwarning: [m[Kstyle of line directive is a GCC extension
   20 | 
      |   [01;35m[K^[m[K 
[01m[K/home/david/yolocpp_ws/src/TensorRT-YOLO/include/deploy/infer/warpaffine.cu:22:3:[m[K [01;35m[Kwarning: [m[Kstyle of line directive is a GCC extension
   22 |   [01;35m[K  [m[Kfloat3 result;
      |   [01;35m[K^[m[K 
[01m[K/home/david/yolocpp_ws/src/TensorRT-YOLO/include/deploy/infer/warpaffine.cu:45:3:[m[K [01;35m[Kwarning: [m[Kstyle of line directive is a GCC extension
   45 | __[01;35m[Kde[m[Kvice__ float3 operator+=(float3& value0, const float3& value1) {
      |   [01;35m[K^~[m[K
[01m[K/home/david/yolocpp_ws/src/TensorRT-YOLO/include/deploy/infer/warpaffine.cu:31:3:[m[K [01;35m[Kwarning: [m[Kstyle of line directive is a GCC extension
   31 |   [01;35m[K  [m[Kfloat3 result;
      |   [01;35m[K^[m[K 
[01m[K/home/david/yolocpp_ws/src/TensorRT-YOLO/include/deploy/infer/warpaffine.cu:54:3:[m[K [01;35m[Kwarning: [m[Kstyle of line directive is a GCC extension
   54 | }
      |   [01;35m[K^[m[K 
[01m[K/home/david/yolocpp_ws/src/TensorRT-YOLO/include/deploy/infer/warpaffine.cu:40:3:[m[K [01;35m[Kwarning: [m[Kstyle of line directive is a GCC extension
   40 |   [01;35m[K  [m[Kresult.x += value.x;
      |   [01;35m[K^[m[K 
[01m[K/home/david/yolocpp_ws/src/TensorRT-YOLO/include/deploy/infer/warpaffine.cu:56:3:[m[K [01;35m[Kwarning: [m[Kstyle of line directive is a GCC extension
   56 | __[01;35m[Kde[m[Kvice__ bool in_bounds(int x, int y, int cols, int rows) {
      |   [01;35m[K^~[m[K
[01m[K/home/david/yolocpp_ws/src/TensorRT-YOLO/include/deploy/infer/warpaffine.cu:46:3:[m[K [01;35m[Kwarning: [m[Kstyle of line directive is a GCC extension
   46 |   [01;35m[K  [m[Kvalue0.x += value1.x;
      |   [01;35m[K^[m[K 
[01m[K/home/david/yolocpp_ws/src/TensorRT-YOLO/include/deploy/infer/warpaffine.cu:65:3:[m[K [01;35m[Kwarning: [m[Kstyle of line directive is a GCC extension
   65 | //[01;35m[K  [m[K   }
      |   [01;35m[K^~[m[K
[01m[K/home/david/yolocpp_ws/src/TensorRT-YOLO/include/deploy/infer/warpaffine.cu:53:3:[m[K [01;35m[Kwarning: [m[Kstyle of line directive is a GCC extension
   53 |   [01;35m[K  [m[Kreturn make_float3(v.x, v.y, v.z);
      |   [01;35m[K^[m[K 
[01m[K/home/david/yolocpp_ws/src/TensorRT-YOLO/include/deploy/infer/warpaffine.cu:63:3:[m[K [01;35m[Kwarning: [m[Kstyle of line directive is a GCC extension
   63 | //[01;35m[K  [m[K   if (element_x >= dst_cols || element_y >= dst_rows) {
      |   [01;35m[K^~[m[K
[01m[K/home/david/yolocpp_ws/src/TensorRT-YOLO/include/deploy/infer/warpaffine.cu:57:3:[m[K [01;35m[Kwarning: [m[Kstyle of line directive is a GCC extension
   57 |   [01;35m[K  [m[Kreturn (x >= 0 && x < cols && y >= 0 && y < rows);
      |   [01;35m[K^[m[K 
[01m[K/home/david/yolocpp_ws/src/TensorRT-YOLO/include/deploy/infer/warpaffine.cu:67:3:[m[K [01;35m[Kwarning: [m[Kstyle of line directive is a GCC extension
   67 | //[01;35m[K   [m[K  float2 src_xy = make_float2(
      |   [01;35m[K^~~[m[K
[01m[K/home/david/yolocpp_ws/src/TensorRT-YOLO/include/deploy/infer/warpaffine.cu:127:3:[m[K [01;35m[Kwarning: [m[Kstyle of line directive is a GCC extension
  127 |   [01;35m[K   [m[K                                float* dst, const int dst_cols, const int dst_rows,
      |   [01;35m[K^[m[K  
[01m[K/home/david/yolocpp_ws/src/TensorRT-YOLO/include/deploy/infer/warpaffine.cu:128:3:[m[K [01;35m[Kwarning: [m[Kstyle of line directive is a GCC extension
  128 |   [01;35m[K   [m[K                                const float3 m0, const float3 m1, const ProcessConfig config, int element_x, int element_y, int channels) {
      |   [01;35m[K^[m[K  
[01m[K/home/david/yolocpp_ws/src/TensorRT-YOLO/include/deploy/infer/warpaffine.cu:129:3:[m[K [01;35m[Kwarning: [m[Kstyle of line directive is a GCC extension
  129 |   [01;35m[K  i[m[Kf (element_x >= dst_cols || element_y >= dst_rows) {
      |   [01;35m[K^[m[K [01;35m[K~[m[K
[01m[K/home/david/yolocpp_ws/src/TensorRT-YOLO/include/deploy/infer/warpaffine.cu:312:3:[m[K [01;35m[Kwarning: [m[Kstyle of line directive is a GCC extension
[01m[K/home/david/yolocpp_ws/src/TensorRT-YOLO/include/deploy/infer/warpaffine.cu:200:3:[m[K [01;35m[Kwarning: [m[Kstyle of line directive is a GCC extension
  200 |   [01;35m[K   [m[K                                 void* dst, const int dst_cols, const int dst_rows,
      |   [01;35m[K^[m[K  
[01m[K/home/david/yolocpp_ws/src/TensorRT-YOLO/include/deploy/infer/warpaffine.cu:201:3:[m[K [01;35m[Kwarning: [m[Kstyle of line directive is a GCC extension
  201 |   [01;35m[K   [m[K                                 const float3 m0, const float3 m1, const ProcessConfig config, int channels) {
      |   [01;35m[K^[m[K  
[01m[K/home/david/yolocpp_ws/src/TensorRT-YOLO/include/deploy/infer/warpaffine.cu:214:3:[m[K [01;35m[Kwarning: [m[Kstyle of line directive is a GCC extension
  214 |   [01;35m[K   [m[K                                      int num_images, int channels) {
      |   [01;35m[K^[m[K  
[01m[K/home/david/yolocpp_ws/src/TensorRT-YOLO/include/deploy/infer/warpaffine.cu:212:3:[m[K [01;35m[Kwarning: [m[Kstyle of line directive is a GCC extension
  212 |   [01;35m[K   [m[K                                      void* dst, const int dst_cols, const int dst_rows,
      |   [01;35m[K^[m[K  
[01m[K/home/david/yolocpp_ws/src/TensorRT-YOLO/include/deploy/infer/warpaffine.cu:213:3:[m[K [01;35m[Kwarning: [m[Kstyle of line directive is a GCC extension
  213 |   [01;35m[K   [m[K                                      const float3 m0, const float3 m1, const ProcessConfig config,
      |   [01;35m[K^[m[K  
[01m[K/home/david/yolocpp_ws/src/TensorRT-YOLO/include/deploy/infer/warpaffine.cu:214:3:[m[K [01;35m[Kwarning: [m[Kstyle of line directive is a GCC extension
  214 |   [01;35m[K   [m[K                                      int num_images, int channels) {
      |   [01;35m[K^[m[K  
[01m[K/home/david/yolocpp_ws/src/TensorRT-YOLO/include/deploy/infer/warpaffine.cu:239:3:[m[K [01;35m[Kwarning: [m[Kstyle of line directive is a GCC extension
  239 |   [01;35m[K  d[m[Kouble scale  = std::min(static_cast<double>(dst_width) / src_width, static_cast<double>(dst_height) / src_height);
      |   [01;35m[K^[m[K [01;35m[K~[m[K
[01m[K/home/david/yolocpp_ws/src/TensorRT-YOLO/include/deploy/infer/warpaffine.cu:235:3:[m[K [01;35m[Kwarning: [m[Kstyle of line directive is a GCC extension
  235 |   [01;35m[K  i[m[Kf (src_width == last_src_width_ && src_height == last_src_height_) return;
      |   [01;35m[K^[m[K [01;35m[K~[m[K
[01m[K/home/david/yolocpp_ws/src/TensorRT-YOLO/include/deploy/infer/warpaffine.cu:236:3:[m[K [01;35m[Kwarning: [m[Kstyle of line directive is a GCC extension
  236 |   [01;35m[K  l[m[Kast_src_width_  = src_width;
      |   [01;35m[K^[m[K [01;35m[K~[m[K
[01m[K/home/david/yolocpp_ws/src/TensorRT-YOLO/include/deploy/infer/warpaffine.cu:237:3:[m[K [01;35m[Kwarning: [m[Kstyle of line directive is a GCC extension
  237 |   [01;35m[K  l[m[Kast_src_height_ = src_height;
      |   [01;35m[K^[m[K [01;35m[K~[m[K
[01m[K/home/david/yolocpp_ws/src/TensorRT-YOLO/include/deploy/infer/warpaffine.cu:238:3:[m[K [01;35m[Kwarning: [m[Kstyle of line directive is a GCC extension
  238 | 
      |   [01;35m[K^[m[K  
[01m[K/home/david/yolocpp_ws/src/TensorRT-YOLO/include/deploy/infer/warpaffine.cu:240:3:[m[K [01;35m[Kwarning: [m[Kstyle of line directive is a GCC extension
  240 |   [01;35m[K  d[m[Kouble offset = 0.5 * scale - 0.5;
      |   [01;35m[K^[m[K [01;35m[K~[m[K
[01m[K/home/david/yolocpp_ws/src/TensorRT-YOLO/include/deploy/infer/warpaffine.cu:241:3:[m[K [01;35m[Kwarning: [m[Kstyle of line directive is a GCC extension
  241 | 
      |   [01;35m[K^[m[K  
[01m[K/home/david/yolocpp_ws/src/TensorRT-YOLO/include/deploy/infer/warpaffine.cu:243:3:[m[K [01;35m[Kwarning: [m[Kstyle of line directive is a GCC extension
  243 |   [01;35m[K  d[m[Kouble scale_from_height = -0.5 * scale * src_height;
      |   [01;35m[K^[m[K [01;35m[K~[m[K
[01m[K/home/david/yolocpp_ws/src/TensorRT-YOLO/include/deploy/infer/warpaffine.cu:244:3:[m[K [01;35m[Kwarning: [m[Kstyle of line directive is a GCC extension
  244 |   [01;35m[K  d[m[Kouble half_dst_width    = 0.5 * dst_width;
      |   [01;35m[K^[m[K [01;35m[K~[m[K
[01m[K/home/david/yolocpp_ws/src/TensorRT-YOLO/include/deploy/infer/warpaffine.cu:245:3:[m[K [01;35m[Kwarning: [m[Kstyle of line directive is a GCC extension
  245 |   [01;35m[K  d[m[Kouble half_dst_height   = 0.5 * dst_height;
      |   [01;35m[K^[m[K [01;35m[K~[m[K
[01m[K/home/david/yolocpp_ws/src/TensorRT-YOLO/include/deploy/infer/warpaffine.cu:246:3:[m[K [01;35m[Kwarning: [m[Kstyle of line directive is a GCC extension
  246 | 
      |   [01;35m[K^[m[K  
[01m[K/home/david/yolocpp_ws/src/TensorRT-YOLO/include/deploy/infer/warpaffine.cu:248:3:[m[K [01;35m[Kwarning: [m[Kstyle of line directive is a GCC extension
  248 |   [01;35m[K  d[m[Kouble a     = scale * inv_d;
      |   [01;35m[K^[m[K [01;35m[K~[m[K
[01m[K/home/david/yolocpp_ws/src/TensorRT-YOLO/include/deploy/infer/warpaffine.cu:249:3:[m[K [01;35m[Kwarning: [m[Kstyle of line directive is a GCC extension
  249 | 
      |   [01;35m[K^[m[K  
[01m[K/home/david/yolocpp_ws/src/TensorRT-YOLO/include/deploy/infer/warpaffine.cu:251:3:[m[K [01;35m[Kwarning: [m[Kstyle of line directive is a GCC extension
  251 |   [01;35m[K  m[m[Katrix[1] = make_float3(0.0, a, -a * (scale_from_height + half_dst_height + offset));
      |   [01;35m[K^[m[K [01;35m[K~[m[K
[01m[K/home/david/yolocpp_ws/src/TensorRT-YOLO/include/deploy/infer/warpaffine.cu:252:3:[m[K [01;35m[Kwarning: [m[Kstyle of line directive is a GCC extension
  252 | 
      |   [01;35m[K^[m[K  
[01m[K/home/david/yolocpp_ws/src/TensorRT-YOLO/include/deploy/infer/warpaffine.cu:254:3:[m[K [01;35m[Kwarning: [m[Kstyle of line directive is a GCC extension
  254 |   [01;35m[K  d[m[Kst_offset_y = int(dst_height * 0.5 + scale_from_height);
      |   [01;35m[K^[m[K [01;35m[K~[m[K
[01m[K/home/david/yolocpp_ws/src/TensorRT-YOLO/include/deploy/infer/warpaffine.cu:255:3:[m[K [01;35m[Kwarning: [m[Kstyle of line directive is a GCC extension
  255 | }
      |   [01;35m[K^[m[K  
[01m[K/home/david/yolocpp_ws/src/TensorRT-YOLO/include/deploy/infer/warpaffine.cu:256:3:[m[K [01;35m[Kwarning: [m[Kstyle of line directive is a GCC extension
  256 | 
      |   [01;35m[K^[m[K  
[01m[K/home/david/yolocpp_ws/src/TensorRT-YOLO/include/deploy/infer/warpaffine.cu:258:3:[m[K [01;35m[Kwarning: [m[Kstyle of line directive is a GCC extension
  258 |   [01;35m[K  *[m[Ktransformed_x = matrix[0].x * x + matrix[0].y * y + matrix[0].z;
      |   [01;35m[K^[m[K [01;35m[K~[m[K
[01m[K/home/david/yolocpp_ws/src/TensorRT-YOLO/include/deploy/infer/warpaffine.cu:259:3:[m[K [01;35m[Kwarning: [m[Kstyle of line directive is a GCC extension
  259 |   [01;35m[K  *[m[Ktransformed_y = matrix[1].x * x + matrix[1].y * y + matrix[1].z;
      |   [01;35m[K^[m[K [01;35m[K~[m[K
[01m[K/home/david/yolocpp_ws/src/TensorRT-YOLO/include/deploy/infer/warpaffine.cu:260:3:[m[K [01;35m[Kwarning: [m[Kstyle of line directive is a GCC extension
  260 | }
      |   [01;35m[K^[m[K  
[01m[K/home/david/yolocpp_ws/src/TensorRT-YOLO/include/deploy/infer/warpaffine.cu:261:3:[m[K [01;35m[Kwarning: [m[Kstyle of line directive is a GCC extension
  261 | 
      |   [01;35m[K^[m[K  
[01m[K/home/david/yolocpp_ws/src/TensorRT-YOLO/include/deploy/infer/warpaffine.cu:273:3:[m[K [01;35m[Kwarning: [m[Kstyle of line directive is a GCC extension
  273 |   [01;35m[K   [m[K               void* dst, const int dst_cols, const int dst_rows,
      |   [01;35m[K^[m[K  
[01m[K/home/david/yolocpp_ws/src/TensorRT-YOLO/include/deploy/infer/warpaffine.cu:274:3:[m[K [01;35m[Kwarning: [m[Kstyle of line directive is a GCC extension
  274 |   [01;35m[K   [m[K               const float3 matrix[2], const ProcessConfig config, cudaStream_t stream) {
      |   [01;35m[K^[m[K  
[01m[K/home/david/yolocpp_ws/src/TensorRT-YOLO/include/deploy/infer/warpaffine.cu:275:3:[m[K [01;35m[Kwarning: [m[Kstyle of line directive is a GCC extension
  275 |   [01;35m[K  c[m[Konst dim3 blockDim(16, 16);
      |   [01;35m[K^[m[K [01;35m[K~[m[K
[01m[K/home/david/yolocpp_ws/src/TensorRT-YOLO/include/deploy/infer/warpaffine.cu:276:3:[m[K [01;35m[Kwarning: [m[Kstyle of line directive is a GCC extension
  276 |   [01;35m[K  c[m[Konst dim3 gridDim(iDivUp(dst_cols, blockDim.x), iDivUp(dst_rows, blockDim.y));
      |   [01;35m[K^[m[K [01;35m[K~[m[K
[01m[K/home/david/yolocpp_ws/src/TensorRT-YOLO/include/deploy/infer/warpaffine.cu:277:3:[m[K [01;35m[Kwarning: [m[Kstyle of line directive is a GCC extension
  277 |   [01;35m[K  g[m[KpuBilinearWarpAffine<<<gridDim, blockDim, 0, stream>>>(src, src_cols, src_rows, dst, dst_cols, dst_rows, matrix[0], matrix[1], config, 3);
      |   [01;35m[K^[m[K [01;35m[K~[m[K
[01m[K/home/david/yolocpp_ws/src/TensorRT-YOLO/include/deploy/infer/warpaffine.cu:278:3:[m[K [01;35m[Kwarning: [m[Kstyle of line directive is a GCC extension
  278 | }
      |   [01;35m[K^[m[K  
[01m[K/home/david/yolocpp_ws/src/TensorRT-YOLO/include/deploy/infer/warpaffine.cu:279:3:[m[K [01;35m[Kwarning: [m[Kstyle of line directive is a GCC extension
  279 | 
      |   [01;35m[K^[m[K  
[01m[K/home/david/yolocpp_ws/src/TensorRT-YOLO/include/deploy/infer/warpaffine.cu:281:3:[m[K [01;35m[Kwarning: [m[Kstyle of line directive is a GCC extension
  281 |   [01;35m[K   [m[K                    void* dst, const int dst_cols, const int dst_rows,
      |   [01;35m[K^[m[K  
[01m[K/home/david/yolocpp_ws/src/TensorRT-YOLO/include/deploy/infer/warpaffine.cu:282:3:[m[K [01;35m[Kwarning: [m[Kstyle of line directive is a GCC extension
  282 |   [01;35m[K   [m[K                    const float3 matrix[2], const ProcessConfig config, int num_images, cudaStream_t stream) {
      |   [01;35m[K^[m[K  
[01m[K/home/david/yolocpp_ws/src/TensorRT-YOLO/include/deploy/infer/warpaffine.cu:283:3:[m[K [01;35m[Kwarning: [m[Kstyle of line directive is a GCC extension
  283 |   [01;35m[K  c[m[Konst dim3 blockDim(16, 16);
      |   [01;35m[K^[m[K [01;35m[K~[m[K
[01m[K/home/david/yolocpp_ws/src/TensorRT-YOLO/include/deploy/infer/warpaffine.cu:284:3:[m[K [01;35m[Kwarning: [m[Kstyle of line directive is a GCC extension
  284 |   [01;35m[K  c[m[Konst dim3 gridDim(iDivUp(dst_cols, blockDim.x), iDivUp(dst_rows, blockDim.y), num_images);
      |   [01;35m[K^[m[K [01;35m[K~[m[K
[01m[K/home/david/yolocpp_ws/src/TensorRT-YOLO/include/deploy/infer/warpaffine.cu:285:3:[m[K [01;35m[Kwarning: [m[Kstyle of line directive is a GCC extension
  285 |   [01;35m[K  g[m[KpuMutliBilinearWarpAffine<<<gridDim, blockDim, 0, stream>>>(
      |   [01;35m[K^[m[K [01;35m[K~[m[K
[01m[K/home/david/yolocpp_ws/src/TensorRT-YOLO/include/deploy/infer/warpaffine.cu:286:3:[m[K [01;35m[Kwarning: [m[Kstyle of line directive is a GCC extension
  286 |   [01;35m[K   [m[K   src, src_cols, src_rows, dst, dst_cols, dst_rows, matrix[0], matrix[1], config, num_images, 3);
      |   [01;35m[K^[m[K  
[01m[K/home/david/yolocpp_ws/src/TensorRT-YOLO/include/deploy/infer/warpaffine.cu:288:3:[m[K [01;35m[Kwarning: [m[Kstyle of line directive is a GCC extension
  288 | 
      |   [01;35m[K^[m[K  
[01m[K/home/david/yolocpp_ws/src/TensorRT-YOLO/include/deploy/infer/warpaffine.cu:291:3:[m[K [01;35m[Kwarning: [m[Kstyle of line directive is a GCC extension
[01m[Ktmpxft_000919f8_00000000-6_warpaffine.cudafe1.stub.c:4:3:[m[K [01;35m[Kwarning: [m[Kstyle of line directive is a GCC extension
In file included from [01m[Ktmpxft_000919f8_00000000-6_warpaffine.cudafe1.stub.c:1[m[K:
[01m[K/home/david/yolocpp_ws/src/TensorRT-YOLO/include/deploy/infer/warpaffine.cu:200:3:[m[K [01;35m[Kwarning: [m[Kstyle of line directive is a GCC extension
  200 |   [01;35m[K   [m[K                                 void* dst, const int dst_cols, const int dst_rows,
      |   [01;35m[K^[m[K  
In file included from [01m[Ktmpxft_000919f8_00000000-6_warpaffine.cudafe1.stub.c:1[m[K:
[01m[K/home/david/yolocpp_ws/src/TensorRT-YOLO/include/deploy/infer/warpaffine.cu:202:3:[m[K [01;35m[Kwarning: [m[Kstyle of line directive is a GCC extension
  202 |   [01;35m[K  i[m[Knt element_x = blockDim.x * blockIdx.x + threadIdx.x;
      |   [01;35m[K^[m[K [01;35m[K~[m[K
In file included from [01m[Ktmpxft_000919f8_00000000-6_warpaffine.cudafe1.stub.c:1[m[K:
[01m[K/home/david/yolocpp_ws/src/TensorRT-YOLO/include/deploy/infer/warpaffine.cu:210:3:[m[K [01;35m[Kwarning: [m[Kstyle of line directive is a GCC extension
  210 | 
      |   [01;35m[K^[m[K
In file included from [01m[Ktmpxft_000919f8_00000000-6_warpaffine.cudafe1.stub.c:1[m[K:
[01m[K/tmp/tmpxft_000919f8_00000000-6_warpaffine.cudafe1.stub.c:2:3:[m[K [01;35m[Kwarning: [m[Kstyle of line directive is a GCC extension
    2 | #p[01;35m[Krag[m[Kma GCC diagnostic ignored "-Wunused-function"
      |   [01;35m[K^~~[m[K
In file included from [01m[Ktmpxft_000919f8_00000000-6_warpaffine.cudafe1.stub.c:1[m[K:
[01m[K/home/david/yolocpp_ws/src/TensorRT-YOLO/include/deploy/infer/warpaffine.cu:212:3:[m[K [01;35m[Kwarning: [m[Kstyle of line directive is a GCC extension
  212 |   [01;35m[K   [m[K                                      void* dst, const int dst_cols, const int dst_rows,
      |   [01;35m[K^[m[K  
In file included from [01m[Ktmpxft_000919f8_00000000-6_warpaffine.cudafe1.stub.c:1[m[K:
[01m[K/home/david/yolocpp_ws/src/TensorRT-YOLO/include/deploy/infer/warpaffine.cu:215:3:[m[K [01;35m[Kwarning: [m[Kstyle of line directive is a GCC extension
  215 |   [01;35m[K  i[m[Knt image_idx = blockIdx.z;
      |   [01;35m[K^[m[K [01;35m[K~[m[K
In file included from [01m[Ktmpxft_000919f8_00000000-6_warpaffine.cudafe1.stub.c:1[m[K:
[01m[K/home/david/yolocpp_ws/src/TensorRT-YOLO/include/deploy/infer/warpaffine.cu:232:3:[m[K [01;35m[Kwarning: [m[Kstyle of line directive is a GCC extension
  232 | 
      |   [01;35m[K^[m[K
[01m[Ktmpxft_000919f8_00000000-6_warpaffine.cudafe1.stub.c:2:3:[m[K [01;35m[Kwarning: [m[Kstyle of line directive is a GCC extension
nvlink warning : Skipping incompatible '/usr/lib/x86_64-linux-gnu/librt.a' when searching for -lrt
nvlink warning : Skipping incompatible '/lib/x86_64-linux-gnu/librt.a' when searching for -lrt
nvlink warning : Skipping incompatible '/usr/lib/x86_64-linux-gnu/libpthread.a' when searching for -lpthread
nvlink warning : Skipping incompatible '/lib/x86_64-linux-gnu/libpthread.a' when searching for -lpthread
nvlink warning : Skipping incompatible '/usr/lib/x86_64-linux-gnu/libdl.a' when searching for -ldl
nvlink warning : Skipping incompatible '/lib/x86_64-linux-gnu/libdl.a' when searching for -ldl
