-- The C compiler identification is GNU 11.4.0
-- The CXX compiler identification is GNU 11.4.0
-- The CUDA compiler identification is NVIDIA 12.9.41
-- Detecting C compiler ABI info
-- Detecting C compiler ABI info - done
-- Check for working C compiler: /usr/bin/cc - skipped
-- Detecting C compile features
-- Detecting C compile features - done
-- Detecting CXX compiler ABI info
-- Detecting CXX compiler ABI info - done
-- Check for working CXX compiler: /usr/bin/c++ - skipped
-- Detecting CXX compile features
-- Detecting CXX compile features - done
-- Detecting CUDA compiler ABI info
-- Detecting CUDA compiler ABI info - done
-- Check for working CUDA compiler: /usr/local/cuda-12.9/bin/nvcc - skipped
-- Detecting CUDA compile features
-- Detecting CUDA compile features - done
-- Found ament_cmake: 1.3.11 (/opt/ros/humble/share/ament_cmake/cmake)
-- Found Python3: /usr/bin/python3 (found version "3.10.12") found components: Interpreter 
-- Found rclcpp: 16.0.12 (/opt/ros/humble/share/rclcpp/cmake)
-- Found rosidl_generator_c: 3.1.6 (/opt/ros/humble/share/rosidl_generator_c/cmake)
-- Found rosidl_adapter: 3.1.6 (/opt/ros/humble/share/rosidl_adapter/cmake)
-- Found rosidl_generator_cpp: 3.1.6 (/opt/ros/humble/share/rosidl_generator_cpp/cmake)
-- Using all available rosidl_typesupport_c: rosidl_typesupport_fastrtps_c;rosidl_typesupport_introspection_c
-- Using all available rosidl_typesupport_cpp: rosidl_typesupport_fastrtps_cpp;rosidl_typesupport_introspection_cpp
-- Found rmw_implementation_cmake: 6.1.2 (/opt/ros/humble/share/rmw_implementation_cmake/cmake)
-- Found rmw_fastrtps_cpp: 6.2.7 (/opt/ros/humble/share/rmw_fastrtps_cpp/cmake)
-- Found OpenSSL: /usr/lib/x86_64-linux-gnu/libcrypto.so (found version "3.0.2")  
-- Found FastRTPS: /opt/ros/humble/include  
-- Using RMW implementation 'rmw_fastrtps_cpp' as default
-- Performing Test CMAKE_HAVE_LIBC_PTHREAD
-- Performing Test CMAKE_HAVE_LIBC_PTHREAD - Success
-- Found Threads: TRUE  
-- Found OpenCV: /usr (found version "4.5.4") 
-- Found CUDAToolkit: /usr/local/cuda-12.9/include (found version "12.9.41") 
-- Found rosidl_default_generators: 1.2.0 (/opt/ros/humble/share/rosidl_default_generators/cmake)
-- Found sensor_msgs: 4.8.0 (/opt/ros/humble/share/sensor_msgs/cmake)
-- Using TRT_PATH: /usr
-- TensorRT libraries to link: nvinfer;nvinfer_plugin;nvonnxparser
-- Source files for 'deploy': /home/david/yolocpp_ws/src/TensorRT-YOLO/include/deploy/core/buffer.cpp;/home/david/yolocpp_ws/src/TensorRT-YOLO/include/deploy/core/core.cpp;/home/david/yolocpp_ws/src/TensorRT-YOLO/include/deploy/infer/backend.cpp;/home/david/yolocpp_ws/src/TensorRT-YOLO/include/deploy/infer/warpaffine.cu;/home/david/yolocpp_ws/src/TensorRT-YOLO/include/deploy/model.cpp;/home/david/yolocpp_ws/src/TensorRT-YOLO/include/deploy/utils/utils.cpp
-- Plugin directory or its CMakeLists.txt not found at /home/david/yolocpp_ws/src/TensorRT-YOLO/include/plugin, skipping custom_plugins build.
-- Found ament_cmake_ros: 0.10.0 (/opt/ros/humble/share/ament_cmake_ros/cmake)
-- Using all available rosidl_typesupport_c: rosidl_typesupport_fastrtps_c;rosidl_typesupport_introspection_c
-- Using all available rosidl_typesupport_cpp: rosidl_typesupport_fastrtps_cpp;rosidl_typesupport_introspection_cpp
-- Found PythonInterp: /usr/bin/python3 (found suitable version "3.10.12", minimum required is "3.6") 
-- Found python_cmake_module: 0.10.0 (/opt/ros/humble/share/python_cmake_module/cmake)
-- Found PythonLibs: /usr/lib/x86_64-linux-gnu/libpython3.10.so (found suitable version "3.10.12", minimum required is "3.5") 
-- Using PYTHON_EXECUTABLE: /usr/bin/python3
-- Using PYTHON_INCLUDE_DIRS: /usr/include/python3.10
-- Using PYTHON_LIBRARIES: /usr/lib/x86_64-linux-gnu/libpython3.10.so
-- Found PythonExtra: .so  
-- Configuring done
-- Generating done
-- Build files have been written to: /home/david/yolocpp_ws/build/tensorrt_yolo
[  2%] [34m[1mGenerating C code for ROS interfaces[0m
[  4%] [32mBuilding CXX object CMakeFiles/deploy.dir/include/deploy/core/core.cpp.o[0m
[  7%] [32mBuilding CXX object CMakeFiles/deploy.dir/include/deploy/core/buffer.cpp.o[0m
[  9%] [34m[1mGenerating C++ code for ROS interfaces[0m
[ 12%] [32mBuilding CUDA object CMakeFiles/deploy.dir/include/deploy/infer/warpaffine.cu.o[0m
[ 14%] [32mBuilding CXX object CMakeFiles/deploy.dir/include/deploy/infer/backend.cpp.o[0m
[ 17%] [32mBuilding CXX object CMakeFiles/deploy.dir/include/deploy/model.cpp.o[0m
[ 19%] [32mBuilding CXX object CMakeFiles/deploy.dir/include/deploy/utils/utils.cpp.o[0m
[ 19%] Built target ament_cmake_python_copy_tensorrt_yolo
running egg_info
creating tensorrt_yolo.egg-info
writing tensorrt_yolo.egg-info/PKG-INFO
writing dependency_links to tensorrt_yolo.egg-info/dependency_links.txt
writing top-level names to tensorrt_yolo.egg-info/top_level.txt
writing manifest file 'tensorrt_yolo.egg-info/SOURCES.txt'
[ 19%] Built target tensorrt_yolo__cpp
[ 21%] [34m[1mGenerating C++ type support dispatch for ROS interfaces[0m
[ 26%] [34m[1mGenerating C++ introspection for ROS interfaces[0m
[ 26%] [34m[1mGenerating C++ type support for eProsima Fast-RTPS[0m
reading manifest file 'tensorrt_yolo.egg-info/SOURCES.txt'
writing manifest file 'tensorrt_yolo.egg-info/SOURCES.txt'
[ 26%] Built target ament_cmake_python_build_tensorrt_yolo_egg
[ 29%] [32mBuilding C object CMakeFiles/tensorrt_yolo__rosidl_generator_c.dir/rosidl_generator_c/tensorrt_yolo/msg/detail/segmentation_output__functions.c.o[0m
[ 31%] [32m[1mLinking C shared library libtensorrt_yolo__rosidl_generator_c.so[0m
[ 31%] Built target tensorrt_yolo__rosidl_generator_c
[ 36%] [34m[1mGenerating C type support for eProsima Fast-RTPS[0m
[ 36%] [34m[1mGenerating C introspection for ROS interfaces[0m
[ 39%] [34m[1mGenerating C type support dispatch for ROS interfaces[0m
[ 41%] [32mBuilding CXX object CMakeFiles/tensorrt_yolo__rosidl_typesupport_introspection_cpp.dir/rosidl_typesupport_introspection_cpp/tensorrt_yolo/msg/detail/segmentation_output__type_support.cpp.o[0m
[ 43%] [32mBuilding CXX object CMakeFiles/tensorrt_yolo__rosidl_typesupport_fastrtps_cpp.dir/rosidl_typesupport_fastrtps_cpp/tensorrt_yolo/msg/detail/dds_fastrtps/segmentation_output__type_support.cpp.o[0m
[ 46%] [32mBuilding CXX object CMakeFiles/tensorrt_yolo__rosidl_typesupport_cpp.dir/rosidl_typesupport_cpp/tensorrt_yolo/msg/segmentation_output__type_support.cpp.o[0m
[ 48%] [32mBuilding CXX object CMakeFiles/tensorrt_yolo__rosidl_typesupport_c.dir/rosidl_typesupport_c/tensorrt_yolo/msg/segmentation_output__type_support.cpp.o[0m
[ 51%] [32mBuilding CXX object CMakeFiles/tensorrt_yolo__rosidl_typesupport_fastrtps_c.dir/rosidl_typesupport_fastrtps_c/tensorrt_yolo/msg/detail/segmentation_output__type_support_c.cpp.o[0m
[ 53%] [32mBuilding C object CMakeFiles/tensorrt_yolo__rosidl_typesupport_introspection_c.dir/rosidl_typesupport_introspection_c/tensorrt_yolo/msg/detail/segmentation_output__type_support.c.o[0m
[ 56%] [32m[1mLinking CXX shared library libtensorrt_yolo__rosidl_typesupport_c.so[0m
[ 58%] [32m[1mLinking C shared library libtensorrt_yolo__rosidl_typesupport_introspection_c.so[0m
[ 58%] Built target tensorrt_yolo__rosidl_typesupport_c
[ 58%] Built target tensorrt_yolo__rosidl_typesupport_introspection_c
[ 60%] [32m[1mLinking CXX shared library libtensorrt_yolo__rosidl_typesupport_introspection_cpp.so[0m
[ 63%] [32m[1mLinking CXX shared library libtensorrt_yolo__rosidl_typesupport_cpp.so[0m
[ 63%] Built target tensorrt_yolo__rosidl_typesupport_introspection_cpp
[ 65%] [32m[1mLinking CXX shared library libtensorrt_yolo__rosidl_typesupport_fastrtps_cpp.so[0m
[ 65%] Built target tensorrt_yolo__rosidl_typesupport_cpp
[ 65%] Built target tensorrt_yolo__rosidl_typesupport_fastrtps_cpp
[ 68%] [32m[1mLinking CXX shared library libtensorrt_yolo__rosidl_typesupport_fastrtps_c.so[0m
[ 68%] Built target tensorrt_yolo__rosidl_typesupport_fastrtps_c
[ 68%] Built target tensorrt_yolo
[ 70%] [34m[1mGenerating Python code for ROS interfaces[0m
[ 73%] [32m[1mLinking CUDA device code CMakeFiles/deploy.dir/cmake_device_link.o[0m
[ 75%] [32m[1mLinking CXX shared library libdeploy.so[0m
[ 75%] Built target tensorrt_yolo__py
[ 78%] [32mBuilding C object CMakeFiles/tensorrt_yolo__rosidl_generator_py.dir/rosidl_generator_py/tensorrt_yolo/msg/_segmentation_output_s.c.o[0m
[ 78%] Built target deploy
[ 80%] [32mBuilding CXX object CMakeFiles/segment_node.dir/src/segment_node.cpp.o[0m
[ 82%] [32m[1mLinking C shared library rosidl_generator_py/tensorrt_yolo/libtensorrt_yolo__rosidl_generator_py.so[0m
[ 82%] Built target tensorrt_yolo__rosidl_generator_py
[ 87%] [32mBuilding C object CMakeFiles/tensorrt_yolo__rosidl_typesupport_fastrtps_c__pyext.dir/rosidl_generator_py/tensorrt_yolo/_tensorrt_yolo_s.ep.rosidl_typesupport_fastrtps_c.c.o[0m
[ 90%] [32mBuilding C object CMakeFiles/tensorrt_yolo__rosidl_typesupport_introspection_c__pyext.dir/rosidl_generator_py/tensorrt_yolo/_tensorrt_yolo_s.ep.rosidl_typesupport_introspection_c.c.o[0m
[ 90%] [32mBuilding C object CMakeFiles/tensorrt_yolo__rosidl_typesupport_c__pyext.dir/rosidl_generator_py/tensorrt_yolo/_tensorrt_yolo_s.ep.rosidl_typesupport_c.c.o[0m
[ 92%] [32m[1mLinking C shared library rosidl_generator_py/tensorrt_yolo/tensorrt_yolo_s__rosidl_typesupport_introspection_c.cpython-310-x86_64-linux-gnu.so[0m
[ 97%] [32m[1mLinking C shared library rosidl_generator_py/tensorrt_yolo/tensorrt_yolo_s__rosidl_typesupport_c.cpython-310-x86_64-linux-gnu.so[0m
[ 97%] [32m[1mLinking C shared library rosidl_generator_py/tensorrt_yolo/tensorrt_yolo_s__rosidl_typesupport_fastrtps_c.cpython-310-x86_64-linux-gnu.so[0m
[ 97%] Built target tensorrt_yolo__rosidl_typesupport_c__pyext
[ 97%] Built target tensorrt_yolo__rosidl_typesupport_fastrtps_c__pyext
[ 97%] Built target tensorrt_yolo__rosidl_typesupport_introspection_c__pyext
