[0.021s] Invoking command in '/home/david/yolocpp_ws/build/zoe_bringup': CMAKE_PREFIX_PATH=${CMAKE_PREFIX_PATH}:/home/david/yolopy_ws/install/yolopy:/opt/ros/humble PROMPT_COMMAND=echo -n \[$(date +%H:%M:%S)\]\ /home/david/.local/bin/cmake /home/david/yolocpp_ws/src/zoe_bringup-main -DTRT_PATH=/usr -DCMAKE_CUDA_ARCHITECTURES=89 -DCMAKE_CUDA_COMPILER=/usr/local/cuda-12.9/bin/nvcc -DCMAKE_INSTALL_PREFIX=/home/david/yolocpp_ws/install/zoe_bringup
[0.147s] -- The C compiler identification is GNU 11.4.0
[0.220s] -- The CXX compiler identification is GNU 11.4.0
[0.238s] -- Detecting C compiler ABI info
[0.310s] -- Detecting C compiler ABI info - done
[0.320s] -- Check for working C compiler: /usr/bin/cc - skipped
[0.321s] -- Detecting C compile features
[0.321s] -- Detecting C compile features - done
[0.327s] -- Detecting CXX compiler ABI info
[0.433s] -- Detecting CXX compiler ABI info - done
[0.448s] -- Check for working CXX compiler: /usr/bin/c++ - skipped
[0.449s] -- Detecting CXX compile features
[0.449s] -- Detecting CXX compile features - done
[0.453s] -- Found ament_cmake: 1.3.11 (/opt/ros/humble/share/ament_cmake/cmake)
[0.619s] -- Found Python3: /usr/bin/python3 (found version "3.10.12") found components: Interpreter 
[0.854s] -- Configuring done
[0.857s] -- Generating done
[0.858s] [33mCMake Warning:
[0.858s]   Manually-specified variables were not used by the project:
[0.858s] 
[0.858s]     CMAKE_CUDA_COMPILER
[0.858s]     TRT_PATH
[0.858s] 
[0.859s] [0m
[0.859s] -- Build files have been written to: /home/david/yolocpp_ws/build/zoe_bringup
[0.871s] Invoked command in '/home/david/yolocpp_ws/build/zoe_bringup' returned '0': CMAKE_PREFIX_PATH=${CMAKE_PREFIX_PATH}:/home/david/yolopy_ws/install/yolopy:/opt/ros/humble PROMPT_COMMAND=echo -n \[$(date +%H:%M:%S)\]\ /home/david/.local/bin/cmake /home/david/yolocpp_ws/src/zoe_bringup-main -DTRT_PATH=/usr -DCMAKE_CUDA_ARCHITECTURES=89 -DCMAKE_CUDA_COMPILER=/usr/local/cuda-12.9/bin/nvcc -DCMAKE_INSTALL_PREFIX=/home/david/yolocpp_ws/install/zoe_bringup
[0.871s] Invoking command in '/home/david/yolocpp_ws/build/zoe_bringup': CMAKE_PREFIX_PATH=${CMAKE_PREFIX_PATH}:/home/david/yolopy_ws/install/yolopy:/opt/ros/humble PROMPT_COMMAND=echo -n \[$(date +%H:%M:%S)\]\ /home/david/.local/bin/cmake --build /home/david/yolocpp_ws/build/zoe_bringup -- -j32 -l32
[0.946s] Invoked command in '/home/david/yolocpp_ws/build/zoe_bringup' returned '0': CMAKE_PREFIX_PATH=${CMAKE_PREFIX_PATH}:/home/david/yolopy_ws/install/yolopy:/opt/ros/humble PROMPT_COMMAND=echo -n \[$(date +%H:%M:%S)\]\ /home/david/.local/bin/cmake --build /home/david/yolocpp_ws/build/zoe_bringup -- -j32 -l32
[0.995s] Invoking command in '/home/david/yolocpp_ws/build/zoe_bringup': CMAKE_PREFIX_PATH=${CMAKE_PREFIX_PATH}:/home/david/yolopy_ws/install/yolopy:/opt/ros/humble PROMPT_COMMAND=echo -n \[$(date +%H:%M:%S)\]\ /home/david/.local/bin/cmake --install /home/david/yolocpp_ws/build/zoe_bringup
[1.031s] -- Install configuration: ""
[1.032s] -- Installing: /home/david/yolocpp_ws/install/zoe_bringup/share/zoe_bringup/launch
[1.032s] -- Installing: /home/david/yolocpp_ws/install/zoe_bringup/share/zoe_bringup/launch/robosense_ruby_plus.launch.py
[1.032s] -- Installing: /home/david/yolocpp_ws/install/zoe_bringup/share/zoe_bringup/launch/camera_front_right.launch.py
[1.032s] -- Installing: /home/david/yolocpp_ws/install/zoe_bringup/share/zoe_bringup/launch/pylon_instant_camera.launch.py
[1.033s] -- Installing: /home/david/yolocpp_ws/install/zoe_bringup/share/zoe_bringup/launch/camera_front.launch.py
[1.033s] -- Installing: /home/david/yolocpp_ws/install/zoe_bringup/share/zoe_bringup/launch/zed_f9p_lite.launch.py
[1.033s] -- Installing: /home/david/yolocpp_ws/install/zoe_bringup/share/zoe_bringup/launch/camera_front_left.launch.py
[1.033s] -- Installing: /home/david/yolocpp_ws/install/zoe_bringup/share/zoe_bringup/launch/all_sensors.launch.py
[1.033s] -- Installing: /home/david/yolocpp_ws/install/zoe_bringup/share/zoe_bringup/launch/gps.launch.py
[1.033s] -- Installing: /home/david/yolocpp_ws/install/zoe_bringup/share/zoe_bringup/launch/xsense_mti.launch.py
[1.033s] -- Installing: /home/david/yolocpp_ws/install/zoe_bringup/share/zoe_bringup/launch/rosbag_record_gps.launch.py
[1.033s] -- Installing: /home/david/yolocpp_ws/install/zoe_bringup/share/zoe_bringup/launch/opencv_cameras.launch.py
[1.033s] -- Installing: /home/david/yolocpp_ws/install/zoe_bringup/share/zoe_bringup/launch/zoe_ntrip_client.launch.py
[1.034s] -- Installing: /home/david/yolocpp_ws/install/zoe_bringup/share/zoe_bringup/launch/pylon_ros2_camera.launch.py
[1.034s] -- Installing: /home/david/yolocpp_ws/install/zoe_bringup/share/zoe_bringup/launch/robosense_helios_right.launch.py
[1.034s] -- Installing: /home/david/yolocpp_ws/install/zoe_bringup/share/zoe_bringup/launch/static_transform.launch.py
[1.034s] -- Installing: /home/david/yolocpp_ws/install/zoe_bringup/share/zoe_bringup/launch/sensors.launch.py
[1.034s] -- Installing: /home/david/yolocpp_ws/install/zoe_bringup/share/zoe_bringup/launch/robosense_helios_left.launch.py
[1.034s] -- Installing: /home/david/yolocpp_ws/install/zoe_bringup/share/zoe_bringup/launch/gps_imu.launch.py
[1.034s] -- Installing: /home/david/yolocpp_ws/install/zoe_bringup/share/zoe_bringup/launch/zed_f9p.launch.py
[1.035s] -- Installing: /home/david/yolocpp_ws/install/zoe_bringup/share/zoe_bringup/launch/rosbag_record.launch.py
[1.035s] -- Installing: /home/david/yolocpp_ws/install/zoe_bringup/share/zoe_bringup/launch/bringup.launch.py
[1.035s] -- Installing: /home/david/yolocpp_ws/install/zoe_bringup/share/zoe_bringup/config
[1.035s] -- Installing: /home/david/yolocpp_ws/install/zoe_bringup/share/zoe_bringup/config/robosense_helios_right.yaml
[1.035s] -- Installing: /home/david/yolocpp_ws/install/zoe_bringup/share/zoe_bringup/config/ublox
[1.035s] -- Installing: /home/david/yolocpp_ws/install/zoe_bringup/share/zoe_bringup/config/ublox/simpleRTK2B_FW113_5Hz_Heading.txt
[1.035s] -- Installing: /home/david/yolocpp_ws/install/zoe_bringup/share/zoe_bringup/config/ublox/simpleRTK2BLite_FW113_1Hz_Heading.txt
[1.036s] -- Installing: /home/david/yolocpp_ws/install/zoe_bringup/share/zoe_bringup/config/ublox/simpleRTK2BLite_FW113_5Hz_Heading.txt
[1.036s] -- Installing: /home/david/yolocpp_ws/install/zoe_bringup/share/zoe_bringup/config/ublox/simpleRTK2BLite_FW113_10Hz_Heading.txt
[1.037s] -- Installing: /home/david/yolocpp_ws/install/zoe_bringup/share/zoe_bringup/config/ublox/simpleRTK2BLite_FW113_10Hz_Heading_NMEA.txt
[1.037s] -- Installing: /home/david/yolocpp_ws/install/zoe_bringup/share/zoe_bringup/config/ublox/simpleRTK2B_FW113_1Hz_Heading.txt
[1.037s] -- Installing: /home/david/yolocpp_ws/install/zoe_bringup/share/zoe_bringup/config/ublox/simpleRTK2B_FW113_10Hz_Heading.txt
[1.038s] -- Installing: /home/david/yolocpp_ws/install/zoe_bringup/share/zoe_bringup/config/zed_f9p.yaml
[1.038s] -- Installing: /home/david/yolocpp_ws/install/zoe_bringup/share/zoe_bringup/config/cameras
[1.038s] -- Installing: /home/david/yolocpp_ws/install/zoe_bringup/share/zoe_bringup/config/cameras/camera_front_calibration.yaml
[1.038s] -- Installing: /home/david/yolocpp_ws/install/zoe_bringup/share/zoe_bringup/config/cameras/camera_front_right_calibration.yaml
[1.038s] -- Installing: /home/david/yolocpp_ws/install/zoe_bringup/share/zoe_bringup/config/cameras/camera_front_left_calibration.yaml
[1.038s] -- Installing: /home/david/yolocpp_ws/install/zoe_bringup/share/zoe_bringup/config/cameras/a2A1920-51gcPRO.pfs
[1.038s] -- Installing: /home/david/yolocpp_ws/install/zoe_bringup/share/zoe_bringup/config/zed_f9p_lite.yaml
[1.039s] -- Installing: /home/david/yolocpp_ws/install/zoe_bringup/share/zoe_bringup/config/robosense_ruby_plus.yaml
[1.039s] -- Installing: /home/david/yolocpp_ws/install/zoe_bringup/share/zoe_bringup/config/mcap_writer_options.yaml
[1.039s] -- Installing: /home/david/yolocpp_ws/install/zoe_bringup/share/zoe_bringup/config/robosense_helios_left.yaml
[1.039s] -- Installing: /home/david/yolocpp_ws/install/zoe_bringup/share/zoe_bringup/rviz
[1.039s] -- Installing: /home/david/yolocpp_ws/install/zoe_bringup/share/zoe_bringup/rviz/zoe.rviz
[1.039s] -- Installing: /home/david/yolocpp_ws/install/zoe_bringup/share/ament_index/resource_index/package_run_dependencies/zoe_bringup
[1.040s] -- Installing: /home/david/yolocpp_ws/install/zoe_bringup/share/ament_index/resource_index/parent_prefix_path/zoe_bringup
[1.040s] -- Installing: /home/david/yolocpp_ws/install/zoe_bringup/share/zoe_bringup/environment/ament_prefix_path.sh
[1.040s] -- Installing: /home/david/yolocpp_ws/install/zoe_bringup/share/zoe_bringup/environment/ament_prefix_path.dsv
[1.040s] -- Installing: /home/david/yolocpp_ws/install/zoe_bringup/share/zoe_bringup/environment/path.sh
[1.040s] -- Installing: /home/david/yolocpp_ws/install/zoe_bringup/share/zoe_bringup/environment/path.dsv
[1.040s] -- Installing: /home/david/yolocpp_ws/install/zoe_bringup/share/zoe_bringup/local_setup.bash
[1.040s] -- Installing: /home/david/yolocpp_ws/install/zoe_bringup/share/zoe_bringup/local_setup.sh
[1.040s] -- Installing: /home/david/yolocpp_ws/install/zoe_bringup/share/zoe_bringup/local_setup.zsh
[1.041s] -- Installing: /home/david/yolocpp_ws/install/zoe_bringup/share/zoe_bringup/local_setup.dsv
[1.041s] -- Installing: /home/david/yolocpp_ws/install/zoe_bringup/share/zoe_bringup/package.dsv
[1.041s] -- Installing: /home/david/yolocpp_ws/install/zoe_bringup/share/ament_index/resource_index/packages/zoe_bringup
[1.041s] -- Installing: /home/david/yolocpp_ws/install/zoe_bringup/share/zoe_bringup/cmake/zoe_bringupConfig.cmake
[1.041s] -- Installing: /home/david/yolocpp_ws/install/zoe_bringup/share/zoe_bringup/cmake/zoe_bringupConfig-version.cmake
[1.041s] -- Installing: /home/david/yolocpp_ws/install/zoe_bringup/share/zoe_bringup/package.xml
[1.048s] Invoked command in '/home/david/yolocpp_ws/build/zoe_bringup' returned '0': CMAKE_PREFIX_PATH=${CMAKE_PREFIX_PATH}:/home/david/yolopy_ws/install/yolopy:/opt/ros/humble PROMPT_COMMAND=echo -n \[$(date +%H:%M:%S)\]\ /home/david/.local/bin/cmake --install /home/david/yolocpp_ws/build/zoe_bringup
