[0.007s] Invoking command in '/home/david/yolocpp_ws/build/yolocpp': CMAKE_PREFIX_PATH=/home/david/yolocpp_ws/install/bboxes_ex_msgs:/home/david/yolocpp_ws/install/yolocpp:/home/david/yolocpp_ws/install/tensorrt_yolo:/home/david/yolocpp_ws/install/seg_sub:/home/david/yolocpp_ws/install/yolo_custom_interfaces:/home/david/yolocpp_ws/install/sensor_sync_pkg:/home/david/yolocpp_ws/install/pylon_instant_camera:/home/david/yolocpp_ws/install/pidnet_segmentation_cpp:/home/david/yolocpp_ws/install/image_directory_publisher:/opt/ros/humble LD_LIBRARY_PATH=/home/david/yolocpp_ws/install/bboxes_ex_msgs/lib:/home/david/yolocpp_ws/install/tensorrt_yolo/lib:/home/david/yolocpp_ws/install/yolo_custom_interfaces/lib:/home/david/yolocpp_ws/install/pylon_instant_camera/lib:/home/david/yolocpp_ws/install/image_directory_publisher/lib:/usr/local/cuda/lib64:/usr/local/cuda-12.9/lib64:/usr/local/cuda-12.9/lib64:/usr/local/cuda-12.9/lib64:/usr/local/cuda-12.9/lib64:/usr/local/cuda-12.9/lib64:/opt/pylon/lib:/opt/ros/humble/opt/rviz_ogre_vendor/lib:/opt/ros/humble/lib/x86_64-linux-gnu:/opt/ros/humble/lib:/usr/local/cuda/lib64:/usr/local/cuda-11.2/lib64:/usr/local/cuda-11.2/lib64:/home/david/onnxruntime-linux-x64-gpu-1.22.0/lib PROMPT_COMMAND=echo -n \[$(date +%H:%M:%S)\]\ /bin/cmake /home/david/yolocpp_ws/src/yolocpp -DTRT_PATH=/usr -DCMAKE_CUDA_ARCHITECTURES=89 -DCMAKE_CUDA_COMPILER=/usr/local/cuda-12.9/bin/nvcc -DCMAKE_INSTALL_PREFIX=/home/david/yolocpp_ws/install/yolocpp
[0.047s] -- The C compiler identification is GNU 11.4.0
[0.086s] -- The CXX compiler identification is GNU 11.4.0
[0.092s] -- Detecting C compiler ABI info
[0.145s] -- Detecting C compiler ABI info - done
[0.149s] -- Check for working C compiler: /bin/cc - skipped
[0.149s] -- Detecting C compile features
[0.149s] -- Detecting C compile features - done
[0.151s] -- Detecting CXX compiler ABI info
[0.216s] -- Detecting CXX compiler ABI info - done
[0.224s] -- Check for working CXX compiler: /bin/c++ - skipped
[0.224s] -- Detecting CXX compile features
[0.225s] -- Detecting CXX compile features - done
[0.226s] -- Found ament_cmake: 1.3.11 (/opt/ros/humble/share/ament_cmake/cmake)
[0.501s] -- Found Python3: /bin/python3 (found version "3.10.12") found components: Interpreter 
[0.565s] -- Found rclcpp: 16.0.12 (/opt/ros/humble/share/rclcpp/cmake)
[0.596s] -- Found rosidl_generator_c: 3.1.6 (/opt/ros/humble/share/rosidl_generator_c/cmake)
[0.599s] -- Found rosidl_adapter: 3.1.6 (/opt/ros/humble/share/rosidl_adapter/cmake)
[0.605s] -- Found rosidl_generator_cpp: 3.1.6 (/opt/ros/humble/share/rosidl_generator_cpp/cmake)
[0.613s] -- Using all available rosidl_typesupport_c: rosidl_typesupport_fastrtps_c;rosidl_typesupport_introspection_c
[0.625s] -- Using all available rosidl_typesupport_cpp: rosidl_typesupport_fastrtps_cpp;rosidl_typesupport_introspection_cpp
[0.655s] -- Found rmw_implementation_cmake: 6.1.2 (/opt/ros/humble/share/rmw_implementation_cmake/cmake)
[0.657s] -- Found rmw_fastrtps_cpp: 6.2.7 (/opt/ros/humble/share/rmw_fastrtps_cpp/cmake)
[0.726s] -- Found OpenSSL: /usr/lib/x86_64-linux-gnu/libcrypto.so (found version "3.0.2")  
[0.748s] -- Found FastRTPS: /opt/ros/humble/include  
[0.779s] -- Using RMW implementation 'rmw_fastrtps_cpp' as default
[0.785s] -- Looking for pthread.h
[0.843s] -- Looking for pthread.h - found
[0.843s] -- Performing Test CMAKE_HAVE_LIBC_PTHREAD
[0.902s] -- Performing Test CMAKE_HAVE_LIBC_PTHREAD - Success
[0.902s] -- Found Threads: TRUE  
[0.936s] -- Found rclcpp_components: 16.0.12 (/opt/ros/humble/share/rclcpp_components/cmake)
[0.953s] -- Found sensor_msgs: 4.9.0 (/opt/ros/humble/share/sensor_msgs/cmake)
[0.975s] -- Found vision_msgs: 4.1.1 (/opt/ros/humble/share/vision_msgs/cmake)
[0.991s] -- Found OpenCV: /usr (found version "4.5.4") 
[0.992s] -- Found image_transport: 3.1.12 (/opt/ros/humble/share/image_transport/cmake)
[1.007s] -- Found cv_bridge: 3.2.1 (/opt/ros/humble/share/cv_bridge/cmake)
[1.009s] -- Found bboxes_ex_msgs: 0.0.0 (/home/david/yolocpp_ws/install/bboxes_ex_msgs/share/bboxes_ex_msgs/cmake)
[1.022s] -- Found ament_lint_auto: 0.12.12 (/opt/ros/humble/share/ament_lint_auto/cmake)
[1.092s] -- Added test 'cppcheck' to perform static code analysis on C / C++ code
[1.092s] -- Configured cppcheck include dirs: $<BUILD_INTERFACE:/home/david/yolocpp_ws/src/yolocpp/include>
[1.092s] -- Configured cppcheck exclude dirs and/or files: 
[1.093s] -- Added test 'flake8' to check Python code syntax and style conventions
[1.093s] -- Added test 'lint_cmake' to check CMake code style
[1.094s] -- Added test 'pep257' to check Python code against some of the docstring style conventions in PEP 257
[1.095s] -- Added test 'uncrustify' to check C / C++ code style
[1.095s] -- Configured uncrustify additional arguments: 
[1.095s] -- Added test 'xmllint' to check XML markup files
[1.096s] -- Configuring done
[1.105s] -- Generating done
[1.105s] [33mCMake Warning:
[1.105s]   Manually-specified variables were not used by the project:
[1.105s] 
[1.105s]     CMAKE_CUDA_COMPILER
[1.105s]     TRT_PATH
[1.105s] 
[1.105s] [0m
[1.107s] -- Build files have been written to: /home/david/yolocpp_ws/build/yolocpp
[1.114s] Invoked command in '/home/david/yolocpp_ws/build/yolocpp' returned '0': CMAKE_PREFIX_PATH=/home/david/yolocpp_ws/install/bboxes_ex_msgs:/home/david/yolocpp_ws/install/yolocpp:/home/david/yolocpp_ws/install/tensorrt_yolo:/home/david/yolocpp_ws/install/seg_sub:/home/david/yolocpp_ws/install/yolo_custom_interfaces:/home/david/yolocpp_ws/install/sensor_sync_pkg:/home/david/yolocpp_ws/install/pylon_instant_camera:/home/david/yolocpp_ws/install/pidnet_segmentation_cpp:/home/david/yolocpp_ws/install/image_directory_publisher:/opt/ros/humble LD_LIBRARY_PATH=/home/david/yolocpp_ws/install/bboxes_ex_msgs/lib:/home/david/yolocpp_ws/install/tensorrt_yolo/lib:/home/david/yolocpp_ws/install/yolo_custom_interfaces/lib:/home/david/yolocpp_ws/install/pylon_instant_camera/lib:/home/david/yolocpp_ws/install/image_directory_publisher/lib:/usr/local/cuda/lib64:/usr/local/cuda-12.9/lib64:/usr/local/cuda-12.9/lib64:/usr/local/cuda-12.9/lib64:/usr/local/cuda-12.9/lib64:/usr/local/cuda-12.9/lib64:/opt/pylon/lib:/opt/ros/humble/opt/rviz_ogre_vendor/lib:/opt/ros/humble/lib/x86_64-linux-gnu:/opt/ros/humble/lib:/usr/local/cuda/lib64:/usr/local/cuda-11.2/lib64:/usr/local/cuda-11.2/lib64:/home/david/onnxruntime-linux-x64-gpu-1.22.0/lib PROMPT_COMMAND=echo -n \[$(date +%H:%M:%S)\]\ /bin/cmake /home/david/yolocpp_ws/src/yolocpp -DTRT_PATH=/usr -DCMAKE_CUDA_ARCHITECTURES=89 -DCMAKE_CUDA_COMPILER=/usr/local/cuda-12.9/bin/nvcc -DCMAKE_INSTALL_PREFIX=/home/david/yolocpp_ws/install/yolocpp
[1.115s] Invoking command in '/home/david/yolocpp_ws/build/yolocpp': CMAKE_PREFIX_PATH=/home/david/yolocpp_ws/install/bboxes_ex_msgs:/home/david/yolocpp_ws/install/yolocpp:/home/david/yolocpp_ws/install/tensorrt_yolo:/home/david/yolocpp_ws/install/seg_sub:/home/david/yolocpp_ws/install/yolo_custom_interfaces:/home/david/yolocpp_ws/install/sensor_sync_pkg:/home/david/yolocpp_ws/install/pylon_instant_camera:/home/david/yolocpp_ws/install/pidnet_segmentation_cpp:/home/david/yolocpp_ws/install/image_directory_publisher:/opt/ros/humble LD_LIBRARY_PATH=/home/david/yolocpp_ws/install/bboxes_ex_msgs/lib:/home/david/yolocpp_ws/install/tensorrt_yolo/lib:/home/david/yolocpp_ws/install/yolo_custom_interfaces/lib:/home/david/yolocpp_ws/install/pylon_instant_camera/lib:/home/david/yolocpp_ws/install/image_directory_publisher/lib:/usr/local/cuda/lib64:/usr/local/cuda-12.9/lib64:/usr/local/cuda-12.9/lib64:/usr/local/cuda-12.9/lib64:/usr/local/cuda-12.9/lib64:/usr/local/cuda-12.9/lib64:/opt/pylon/lib:/opt/ros/humble/opt/rviz_ogre_vendor/lib:/opt/ros/humble/lib/x86_64-linux-gnu:/opt/ros/humble/lib:/usr/local/cuda/lib64:/usr/local/cuda-11.2/lib64:/usr/local/cuda-11.2/lib64:/home/david/onnxruntime-linux-x64-gpu-1.22.0/lib PROMPT_COMMAND=echo -n \[$(date +%H:%M:%S)\]\ /bin/cmake --build /home/david/yolocpp_ws/build/yolocpp -- -j32 -l32
[1.156s] [ 50%] [32mBuilding CXX object CMakeFiles/yolocpp.dir/src/yolocpp.cpp.o[0m
[7.033s] [100%] [32m[1mLinking CXX executable yolocpp[0m
[7.509s] [100%] Built target yolocpp
[7.518s] Invoked command in '/home/david/yolocpp_ws/build/yolocpp' returned '0': CMAKE_PREFIX_PATH=/home/david/yolocpp_ws/install/bboxes_ex_msgs:/home/david/yolocpp_ws/install/yolocpp:/home/david/yolocpp_ws/install/tensorrt_yolo:/home/david/yolocpp_ws/install/seg_sub:/home/david/yolocpp_ws/install/yolo_custom_interfaces:/home/david/yolocpp_ws/install/sensor_sync_pkg:/home/david/yolocpp_ws/install/pylon_instant_camera:/home/david/yolocpp_ws/install/pidnet_segmentation_cpp:/home/david/yolocpp_ws/install/image_directory_publisher:/opt/ros/humble LD_LIBRARY_PATH=/home/david/yolocpp_ws/install/bboxes_ex_msgs/lib:/home/david/yolocpp_ws/install/tensorrt_yolo/lib:/home/david/yolocpp_ws/install/yolo_custom_interfaces/lib:/home/david/yolocpp_ws/install/pylon_instant_camera/lib:/home/david/yolocpp_ws/install/image_directory_publisher/lib:/usr/local/cuda/lib64:/usr/local/cuda-12.9/lib64:/usr/local/cuda-12.9/lib64:/usr/local/cuda-12.9/lib64:/usr/local/cuda-12.9/lib64:/usr/local/cuda-12.9/lib64:/opt/pylon/lib:/opt/ros/humble/opt/rviz_ogre_vendor/lib:/opt/ros/humble/lib/x86_64-linux-gnu:/opt/ros/humble/lib:/usr/local/cuda/lib64:/usr/local/cuda-11.2/lib64:/usr/local/cuda-11.2/lib64:/home/david/onnxruntime-linux-x64-gpu-1.22.0/lib PROMPT_COMMAND=echo -n \[$(date +%H:%M:%S)\]\ /bin/cmake --build /home/david/yolocpp_ws/build/yolocpp -- -j32 -l32
[7.519s] Invoking command in '/home/david/yolocpp_ws/build/yolocpp': CMAKE_PREFIX_PATH=/home/david/yolocpp_ws/install/bboxes_ex_msgs:/home/david/yolocpp_ws/install/yolocpp:/home/david/yolocpp_ws/install/tensorrt_yolo:/home/david/yolocpp_ws/install/seg_sub:/home/david/yolocpp_ws/install/yolo_custom_interfaces:/home/david/yolocpp_ws/install/sensor_sync_pkg:/home/david/yolocpp_ws/install/pylon_instant_camera:/home/david/yolocpp_ws/install/pidnet_segmentation_cpp:/home/david/yolocpp_ws/install/image_directory_publisher:/opt/ros/humble LD_LIBRARY_PATH=/home/david/yolocpp_ws/install/bboxes_ex_msgs/lib:/home/david/yolocpp_ws/install/tensorrt_yolo/lib:/home/david/yolocpp_ws/install/yolo_custom_interfaces/lib:/home/david/yolocpp_ws/install/pylon_instant_camera/lib:/home/david/yolocpp_ws/install/image_directory_publisher/lib:/usr/local/cuda/lib64:/usr/local/cuda-12.9/lib64:/usr/local/cuda-12.9/lib64:/usr/local/cuda-12.9/lib64:/usr/local/cuda-12.9/lib64:/usr/local/cuda-12.9/lib64:/opt/pylon/lib:/opt/ros/humble/opt/rviz_ogre_vendor/lib:/opt/ros/humble/lib/x86_64-linux-gnu:/opt/ros/humble/lib:/usr/local/cuda/lib64:/usr/local/cuda-11.2/lib64:/usr/local/cuda-11.2/lib64:/home/david/onnxruntime-linux-x64-gpu-1.22.0/lib PROMPT_COMMAND=echo -n \[$(date +%H:%M:%S)\]\ /bin/cmake --install /home/david/yolocpp_ws/build/yolocpp
[7.525s] -- Install configuration: ""
[7.525s] -- Installing: /home/david/yolocpp_ws/install/yolocpp/share/yolocpp/launch
[7.525s] -- Installing: /home/david/yolocpp_ws/install/yolocpp/share/yolocpp/launch/__pycache__
[7.525s] -- Installing: /home/david/yolocpp_ws/install/yolocpp/share/yolocpp/launch/__pycache__/yolocpp_onnx.launch.cpython-310.pyc
[7.527s] -- Installing: /home/david/yolocpp_ws/install/yolocpp/share/yolocpp/launch/yolocpp_onnx.launch.py
[7.527s] -- Installing: /home/david/yolocpp_ws/install/yolocpp/share/yolocpp/include
[7.527s] -- Installing: /home/david/yolocpp_ws/install/yolocpp/share/yolocpp/include/onnx_files
[7.527s] -- Installing: /home/david/yolocpp_ws/install/yolocpp/share/yolocpp/include/onnx_files/tools
[7.527s] -- Installing: /home/david/yolocpp_ws/install/yolocpp/share/yolocpp/include/onnx_files/tools/Config.hpp
[7.527s] -- Installing: /home/david/yolocpp_ws/install/yolocpp/share/yolocpp/include/onnx_files/tools/BoundedThreadSafeQueue.hpp
[7.527s] -- Installing: /home/david/yolocpp_ws/install/yolocpp/share/yolocpp/include/onnx_files/tools/ScopedTimer.hpp
[7.528s] -- Installing: /home/david/yolocpp_ws/install/yolocpp/share/yolocpp/include/onnx_files/tools/Debug.hpp
[7.528s] -- Installing: /home/david/yolocpp_ws/install/yolocpp/share/yolocpp/include/onnx_files/det
[7.528s] -- Installing: /home/david/yolocpp_ws/install/yolocpp/share/yolocpp/include/onnx_files/det/YOLO9.hpp
[7.528s] -- Installing: /home/david/yolocpp_ws/install/yolocpp/share/yolocpp/include/onnx_files/det/YOLO12.hpp
[7.529s] -- Installing: /home/david/yolocpp_ws/install/yolocpp/share/yolocpp/include/onnx_files/det/YOLO5.hpp
[7.529s] -- Installing: /home/david/yolocpp_ws/install/yolocpp/share/yolocpp/include/onnx_files/det/YOLO7.hpp
[7.529s] -- Installing: /home/david/yolocpp_ws/install/yolocpp/share/yolocpp/include/onnx_files/det/YOLO10.hpp
[7.530s] -- Installing: /home/david/yolocpp_ws/install/yolocpp/share/yolocpp/include/onnx_files/det/YOLO8.hpp
[7.530s] -- Installing: /home/david/yolocpp_ws/install/yolocpp/share/yolocpp/include/onnx_files/det/YOLO11.hpp
[7.530s] -- Installing: /home/david/yolocpp_ws/install/yolocpp/share/yolocpp/include/onnx_files/pose
[7.530s] -- Installing: /home/david/yolocpp_ws/install/yolocpp/share/yolocpp/include/onnx_files/pose/YOLO8-POSE.hpp
[7.531s] -- Installing: /home/david/yolocpp_ws/install/yolocpp/share/yolocpp/include/onnx_files/pose/YOLO11-POSE.hpp
[7.531s] -- Installing: /home/david/yolocpp_ws/install/yolocpp/share/yolocpp/include/onnx_files/quantized_models
[7.531s] -- Installing: /home/david/yolocpp_ws/install/yolocpp/share/yolocpp/include/onnx_files/quantized_models/coco.names
[7.532s] -- Installing: /home/david/yolocpp_ws/install/yolocpp/share/yolocpp/include/onnx_files/quantized_models/yolos_quantization.py
[7.532s] -- Installing: /home/david/yolocpp_ws/install/yolocpp/share/yolocpp/include/onnx_files/quantized_models/your_model.onnx.file
[7.532s] -- Installing: /home/david/yolocpp_ws/install/yolocpp/share/yolocpp/include/onnx_files/obb
[7.532s] -- Installing: /home/david/yolocpp_ws/install/yolocpp/share/yolocpp/include/onnx_files/obb/YOLO8-OBB.hpp
[7.532s] -- Installing: /home/david/yolocpp_ws/install/yolocpp/share/yolocpp/include/onnx_files/obb/YOLO11-OBB.hpp
[7.533s] -- Installing: /home/david/yolocpp_ws/install/yolocpp/share/yolocpp/include/onnx_files/class
[7.533s] -- Installing: /home/david/yolocpp_ws/install/yolocpp/share/yolocpp/include/onnx_files/class/YOLO11CLASS.hpp
[7.533s] -- Installing: /home/david/yolocpp_ws/install/yolocpp/share/yolocpp/include/onnx_files/seg
[7.533s] -- Installing: /home/david/yolocpp_ws/install/yolocpp/share/yolocpp/include/onnx_files/seg/YOLO11Seg.hpp
[7.534s] -- Installing: /home/david/yolocpp_ws/install/yolocpp/share/yolocpp/include/onnx_files/seg/YOLO9Seg.hpp
[7.534s] -- Installing: /home/david/yolocpp_ws/install/yolocpp/share/yolocpp/include/onnx_files/seg/YOLO8Seg.hpp
[7.534s] -- Installing: /home/david/yolocpp_ws/install/yolocpp/share/yolocpp/models
[7.534s] -- Installing: /home/david/yolocpp_ws/install/yolocpp/share/yolocpp/models/coco.names
[7.535s] -- Installing: /home/david/yolocpp_ws/install/yolocpp/share/yolocpp/models/testonnx.py
[7.535s] -- Installing: /home/david/yolocpp_ws/install/yolocpp/share/yolocpp/models/yolo11m-seg.onnx
[7.672s] -- Installing: /home/david/yolocpp_ws/install/yolocpp/share/yolocpp/models/export_onnx.py
[7.672s] -- Installing: /home/david/yolocpp_ws/install/yolocpp/share/yolocpp/models/Dota.names
[7.672s] -- Installing: /home/david/yolocpp_ws/install/yolocpp/share/yolocpp/data
[7.672s] -- Installing: /home/david/yolocpp_ws/install/yolocpp/share/yolocpp/data/panoramic_02.avi
[9.475s] -- Installing: /home/david/yolocpp_ws/install/yolocpp/share/yolocpp/data/test.jpg
[9.475s] -- Installing: /home/david/yolocpp_ws/install/yolocpp/lib/yolocpp/yolocpp
[9.477s] -- Set runtime path of "/home/david/yolocpp_ws/install/yolocpp/lib/yolocpp/yolocpp" to ""
[9.477s] -- Installing: /home/david/yolocpp_ws/install/yolocpp/share/ament_index/resource_index/package_run_dependencies/yolocpp
[9.477s] -- Installing: /home/david/yolocpp_ws/install/yolocpp/share/ament_index/resource_index/parent_prefix_path/yolocpp
[9.477s] -- Installing: /home/david/yolocpp_ws/install/yolocpp/share/yolocpp/environment/ament_prefix_path.sh
[9.477s] -- Installing: /home/david/yolocpp_ws/install/yolocpp/share/yolocpp/environment/ament_prefix_path.dsv
[9.477s] -- Installing: /home/david/yolocpp_ws/install/yolocpp/share/yolocpp/environment/path.sh
[9.477s] -- Installing: /home/david/yolocpp_ws/install/yolocpp/share/yolocpp/environment/path.dsv
[9.477s] -- Installing: /home/david/yolocpp_ws/install/yolocpp/share/yolocpp/local_setup.bash
[9.477s] -- Installing: /home/david/yolocpp_ws/install/yolocpp/share/yolocpp/local_setup.sh
[9.477s] -- Installing: /home/david/yolocpp_ws/install/yolocpp/share/yolocpp/local_setup.zsh
[9.477s] -- Installing: /home/david/yolocpp_ws/install/yolocpp/share/yolocpp/local_setup.dsv
[9.478s] -- Installing: /home/david/yolocpp_ws/install/yolocpp/share/yolocpp/package.dsv
[9.478s] -- Installing: /home/david/yolocpp_ws/install/yolocpp/share/ament_index/resource_index/packages/yolocpp
[9.478s] -- Installing: /home/david/yolocpp_ws/install/yolocpp/share/yolocpp/cmake/yolocppConfig.cmake
[9.478s] -- Installing: /home/david/yolocpp_ws/install/yolocpp/share/yolocpp/cmake/yolocppConfig-version.cmake
[9.478s] -- Installing: /home/david/yolocpp_ws/install/yolocpp/share/yolocpp/package.xml
[9.479s] Invoked command in '/home/david/yolocpp_ws/build/yolocpp' returned '0': CMAKE_PREFIX_PATH=/home/david/yolocpp_ws/install/bboxes_ex_msgs:/home/david/yolocpp_ws/install/yolocpp:/home/david/yolocpp_ws/install/tensorrt_yolo:/home/david/yolocpp_ws/install/seg_sub:/home/david/yolocpp_ws/install/yolo_custom_interfaces:/home/david/yolocpp_ws/install/sensor_sync_pkg:/home/david/yolocpp_ws/install/pylon_instant_camera:/home/david/yolocpp_ws/install/pidnet_segmentation_cpp:/home/david/yolocpp_ws/install/image_directory_publisher:/opt/ros/humble LD_LIBRARY_PATH=/home/david/yolocpp_ws/install/bboxes_ex_msgs/lib:/home/david/yolocpp_ws/install/tensorrt_yolo/lib:/home/david/yolocpp_ws/install/yolo_custom_interfaces/lib:/home/david/yolocpp_ws/install/pylon_instant_camera/lib:/home/david/yolocpp_ws/install/image_directory_publisher/lib:/usr/local/cuda/lib64:/usr/local/cuda-12.9/lib64:/usr/local/cuda-12.9/lib64:/usr/local/cuda-12.9/lib64:/usr/local/cuda-12.9/lib64:/usr/local/cuda-12.9/lib64:/opt/pylon/lib:/opt/ros/humble/opt/rviz_ogre_vendor/lib:/opt/ros/humble/lib/x86_64-linux-gnu:/opt/ros/humble/lib:/usr/local/cuda/lib64:/usr/local/cuda-11.2/lib64:/usr/local/cuda-11.2/lib64:/home/david/onnxruntime-linux-x64-gpu-1.22.0/lib PROMPT_COMMAND=echo -n \[$(date +%H:%M:%S)\]\ /bin/cmake --install /home/david/yolocpp_ws/build/yolocpp
