[0.007s] Invoking command in '/home/david/yolocpp_ws/build/seg_sub': AMENT_PREFIX_PATH=/home/david/yolocpp_ws/install/yolo_custom_interfaces:${AMENT_PREFIX_PATH} CMAKE_PREFIX_PATH=/home/david/yolocpp_ws/install/yolo_custom_interfaces:/opt/ros/humble LD_LIBRARY_PATH=/home/david/yolocpp_ws/install/yolo_custom_interfaces/lib:/usr/local/cuda-12.9/lib64:/usr/local/cuda-12.9/lib64:/opt/pylon/lib:/opt/ros/humble/opt/rviz_ogre_vendor/lib:/opt/ros/humble/lib/x86_64-linux-gnu:/opt/ros/humble/lib:/usr/local/cuda/lib64:/usr/local/cuda-11.2/lib64:/usr/local/cuda-11.2/lib64:/home/david/onnxruntime-linux-x64-gpu-1.22.0/lib PROMPT_COMMAND=echo -n \[$(date +%H:%M:%S)\]\ PYTHONPATH=/home/david/yolocpp_ws/install/yolo_custom_interfaces/local/lib/python3.10/dist-packages:${PYTHONPATH} /home/david/.local/bin/cmake --build /home/david/yolocpp_ws/build/seg_sub -- -j32 -l32
[0.057s] [ 33%] Built target chrono
[0.066s] [35m[1mConsolidate compiler generated dependencies of target seg_sub_yolo_node[0m
[0.077s] [ 50%] [32mBuilding CXX object CMakeFiles/seg_sub_yolo_node.dir/src/seg_sub_yolo.cpp.o[0m
[0.077s] [ 66%] [32mBuilding CXX object CMakeFiles/seg_sub_pid_node.dir/src/seg_sub_pid.cpp.o[0m
[1.470s] [01m[K/home/david/yolocpp_ws/src/seg_sub/src/seg_sub_yolo.cpp:[m[K In lambda function:
[1.470s] [01m[K/home/david/yolocpp_ws/src/seg_sub/src/seg_sub_yolo.cpp:99:56:[m[K [01;31m[Kerror: [m[K‘[01m[Kusing element_type = struct yolo_custom_interfaces::msg::InstanceSegmentationInfo_<std::allocator<void> >[m[K’ {aka ‘[01m[Kstruct yolo_custom_interfaces::msg::InstanceSegmentationInfo_<std::allocator<void> >[m[K’} has no member named ‘[01m[Kmask[m[K’
[1.470s]    99 |                 cv_ptr_mask = cv_bridge::toCvCopy(msg->[01;31m[Kmask[m[K, msg->mask.encoding);
[1.470s]       |                                                        [01;31m[K^~~~[m[K
[1.470s] [01m[K/home/david/yolocpp_ws/src/seg_sub/src/seg_sub_yolo.cpp:99:67:[m[K [01;31m[Kerror: [m[K‘[01m[Kusing element_type = struct yolo_custom_interfaces::msg::InstanceSegmentationInfo_<std::allocator<void> >[m[K’ {aka ‘[01m[Kstruct yolo_custom_interfaces::msg::InstanceSegmentationInfo_<std::allocator<void> >[m[K’} has no member named ‘[01m[Kmask[m[K’
[1.470s]    99 |                 cv_ptr_mask = cv_bridge::toCvCopy(msg->mask, msg->[01;31m[Kmask[m[K.encoding);
[1.470s]       |                                                                   [01;31m[K^~~~[m[K
[1.502s] [01m[K/home/david/yolocpp_ws/src/seg_sub/src/seg_sub_yolo.cpp:[m[K In member function ‘[01m[Kvoid FrequencySubscriber::save_anomalous_frame_and_log(const SharedPtr&, const string&, const timespec&, const timespec&, double)[m[K’:
[1.502s] [01m[K/home/david/yolocpp_ws/src/seg_sub/src/seg_sub_yolo.cpp:767:52:[m[K [01;31m[Kerror: [m[K‘[01m[Kusing element_type = struct yolo_custom_interfaces::msg::InstanceSegmentationInfo_<std::allocator<void> >[m[K’ {aka ‘[01m[Kstruct yolo_custom_interfaces::msg::InstanceSegmentationInfo_<std::allocator<void> >[m[K’} has no member named ‘[01m[Kmask[m[K’
[1.502s]   767 |             cv_ptr_mask = cv_bridge::toCvCopy(msg->[01;31m[Kmask[m[K, msg->mask.encoding);
[1.502s]       |                                                    [01;31m[K^~~~[m[K
[1.502s] [01m[K/home/david/yolocpp_ws/src/seg_sub/src/seg_sub_yolo.cpp:767:63:[m[K [01;31m[Kerror: [m[K‘[01m[Kusing element_type = struct yolo_custom_interfaces::msg::InstanceSegmentationInfo_<std::allocator<void> >[m[K’ {aka ‘[01m[Kstruct yolo_custom_interfaces::msg::InstanceSegmentationInfo_<std::allocator<void> >[m[K’} has no member named ‘[01m[Kmask[m[K’
[1.502s]   767 |             cv_ptr_mask = cv_bridge::toCvCopy(msg->mask, msg->[01;31m[Kmask[m[K.encoding);
[1.502s]       |                                                               [01;31m[K^~~~[m[K
[1.512s] [01m[K/home/david/yolocpp_ws/src/seg_sub/src/seg_sub_yolo.cpp:[m[K In member function ‘[01m[Kcv::Mat FrequencySubscriber::create_colored_mask(const SharedPtr&, const string&)[m[K’:
[1.512s] [01m[K/home/david/yolocpp_ws/src/seg_sub/src/seg_sub_yolo.cpp:959:66:[m[K [01;31m[Kerror: [m[K‘[01m[Kusing element_type = struct yolo_custom_interfaces::msg::InstanceSegmentationInfo_<std::allocator<void> >[m[K’ {aka ‘[01m[Kstruct yolo_custom_interfaces::msg::InstanceSegmentationInfo_<std::allocator<void> >[m[K’} has no member named ‘[01m[Kmask[m[K’
[1.512s]   959 |     cv_bridge::CvImagePtr cv_ptr_mask = cv_bridge::toCvCopy(msg->[01;31m[Kmask[m[K, msg->mask.encoding);
[1.512s]       |                                                                  [01;31m[K^~~~[m[K
[1.512s] [01m[K/home/david/yolocpp_ws/src/seg_sub/src/seg_sub_yolo.cpp:959:77:[m[K [01;31m[Kerror: [m[K‘[01m[Kusing element_type = struct yolo_custom_interfaces::msg::InstanceSegmentationInfo_<std::allocator<void> >[m[K’ {aka ‘[01m[Kstruct yolo_custom_interfaces::msg::InstanceSegmentationInfo_<std::allocator<void> >[m[K’} has no member named ‘[01m[Kmask[m[K’
[1.512s]   959 |     cv_bridge::CvImagePtr cv_ptr_mask = cv_bridge::toCvCopy(msg->mask, msg->[01;31m[Kmask[m[K.encoding);
[1.512s]       |                                                                             [01;31m[K^~~~[m[K
[2.804s] gmake[2]: *** [CMakeFiles/seg_sub_yolo_node.dir/build.make:76: CMakeFiles/seg_sub_yolo_node.dir/src/seg_sub_yolo.cpp.o] Error 1
[2.804s] gmake[1]: *** [CMakeFiles/Makefile2:167: CMakeFiles/seg_sub_yolo_node.dir/all] Error 2
[2.804s] gmake[1]: *** Waiting for unfinished jobs....
[4.210s] [ 83%] [32m[1mLinking CXX executable seg_sub_pid_node[0m
[4.578s] [ 83%] Built target seg_sub_pid_node
[4.578s] gmake: *** [Makefile:146: all] Error 2
[4.582s] Invoked command in '/home/david/yolocpp_ws/build/seg_sub' returned '2': AMENT_PREFIX_PATH=/home/david/yolocpp_ws/install/yolo_custom_interfaces:${AMENT_PREFIX_PATH} CMAKE_PREFIX_PATH=/home/david/yolocpp_ws/install/yolo_custom_interfaces:/opt/ros/humble LD_LIBRARY_PATH=/home/david/yolocpp_ws/install/yolo_custom_interfaces/lib:/usr/local/cuda-12.9/lib64:/usr/local/cuda-12.9/lib64:/opt/pylon/lib:/opt/ros/humble/opt/rviz_ogre_vendor/lib:/opt/ros/humble/lib/x86_64-linux-gnu:/opt/ros/humble/lib:/usr/local/cuda/lib64:/usr/local/cuda-11.2/lib64:/usr/local/cuda-11.2/lib64:/home/david/onnxruntime-linux-x64-gpu-1.22.0/lib PROMPT_COMMAND=echo -n \[$(date +%H:%M:%S)\]\ PYTHONPATH=/home/david/yolocpp_ws/install/yolo_custom_interfaces/local/lib/python3.10/dist-packages:${PYTHONPATH} /home/david/.local/bin/cmake --build /home/david/yolocpp_ws/build/seg_sub -- -j32 -l32
