[0.452s] Invoking command in '/home/david/yolocpp_ws/build/monitor_tutorial': CMAKE_PREFIX_PATH=${CMAKE_PREFIX_PATH}:/home/david/yolocpp_ws/install/microservers_py:/home/david/yolocpp_ws/install/clients_py:/opt/ros/humble PROMPT_COMMAND=echo -n \[$(date +%H:%M:%S)\]\ /home/david/.local/bin/cmake --build /home/david/yolocpp_ws/build/monitor_tutorial -- -j32 -l32
[0.489s] [100%] Built target monitor_tutorial
[0.498s] Invoked command in '/home/david/yolocpp_ws/build/monitor_tutorial' returned '0': CMAKE_PREFIX_PATH=${CMAKE_PREFIX_PATH}:/home/david/yolocpp_ws/install/microservers_py:/home/david/yolocpp_ws/install/clients_py:/opt/ros/humble PROMPT_COMMAND=echo -n \[$(date +%H:%M:%S)\]\ /home/david/.local/bin/cmake --build /home/david/yolocpp_ws/build/monitor_tutorial -- -j32 -l32
[0.498s] Invoking command in '/home/david/yolocpp_ws/build/monitor_tutorial': CMAKE_PREFIX_PATH=${CMAKE_PREFIX_PATH}:/home/david/yolocpp_ws/install/microservers_py:/home/david/yolocpp_ws/install/clients_py:/opt/ros/humble PROMPT_COMMAND=echo -n \[$(date +%H:%M:%S)\]\ /home/david/.local/bin/cmake --install /home/david/yolocpp_ws/build/monitor_tutorial
[0.528s] -- Install configuration: ""
[0.528s] -- Up-to-date: /home/david/yolocpp_ws/install/monitor_tutorial/lib/monitor_tutorial/monitor_tutorial
[0.528s] -- Up-to-date: /home/david/yolocpp_ws/install/monitor_tutorial/share/ament_index/resource_index/package_run_dependencies/monitor_tutorial
[0.528s] -- Up-to-date: /home/david/yolocpp_ws/install/monitor_tutorial/share/ament_index/resource_index/parent_prefix_path/monitor_tutorial
[0.528s] -- Up-to-date: /home/david/yolocpp_ws/install/monitor_tutorial/share/monitor_tutorial/environment/ament_prefix_path.sh
[0.528s] -- Up-to-date: /home/david/yolocpp_ws/install/monitor_tutorial/share/monitor_tutorial/environment/ament_prefix_path.dsv
[0.528s] -- Up-to-date: /home/david/yolocpp_ws/install/monitor_tutorial/share/monitor_tutorial/environment/path.sh
[0.528s] -- Up-to-date: /home/david/yolocpp_ws/install/monitor_tutorial/share/monitor_tutorial/environment/path.dsv
[0.528s] -- Up-to-date: /home/david/yolocpp_ws/install/monitor_tutorial/share/monitor_tutorial/local_setup.bash
[0.528s] -- Up-to-date: /home/david/yolocpp_ws/install/monitor_tutorial/share/monitor_tutorial/local_setup.sh
[0.528s] -- Up-to-date: /home/david/yolocpp_ws/install/monitor_tutorial/share/monitor_tutorial/local_setup.zsh
[0.528s] -- Up-to-date: /home/david/yolocpp_ws/install/monitor_tutorial/share/monitor_tutorial/local_setup.dsv
[0.528s] -- Installing: /home/david/yolocpp_ws/install/monitor_tutorial/share/monitor_tutorial/package.dsv
[0.528s] -- Up-to-date: /home/david/yolocpp_ws/install/monitor_tutorial/share/ament_index/resource_index/packages/monitor_tutorial
[0.529s] -- Up-to-date: /home/david/yolocpp_ws/install/monitor_tutorial/share/monitor_tutorial/cmake/monitor_tutorialConfig.cmake
[0.529s] -- Up-to-date: /home/david/yolocpp_ws/install/monitor_tutorial/share/monitor_tutorial/cmake/monitor_tutorialConfig-version.cmake
[0.529s] -- Up-to-date: /home/david/yolocpp_ws/install/monitor_tutorial/share/monitor_tutorial/package.xml
[0.561s] Invoked command in '/home/david/yolocpp_ws/build/monitor_tutorial' returned '0': CMAKE_PREFIX_PATH=${CMAKE_PREFIX_PATH}:/home/david/yolocpp_ws/install/microservers_py:/home/david/yolocpp_ws/install/clients_py:/opt/ros/humble PROMPT_COMMAND=echo -n \[$(date +%H:%M:%S)\]\ /home/david/.local/bin/cmake --install /home/david/yolocpp_ws/build/monitor_tutorial
