[0.012s] Invoking command in '/home/david/yolocpp_ws/build/yolo_custom_interfaces': CMAKE_PREFIX_PATH=/opt/ros/humble PROMPT_COMMAND=echo -n \[$(date +%H:%M:%S)\]\ /home/david/.local/bin/cmake /home/david/yolocpp_ws/src/yolo_custom_interfaces -DTRT_PATH=/usr -DCMAKE_CUDA_ARCHITECTURES=89 -DCMAKE_CUDA_COMPILER=/usr/local/cuda-12.9/bin/nvcc -DCMAKE_INSTALL_PREFIX=/home/david/yolocpp_ws/install/yolo_custom_interfaces
[0.149s] -- The C compiler identification is GNU 11.4.0
[0.204s] -- The CXX compiler identification is GNU 11.4.0
[0.214s] -- Detecting C compiler ABI info
[0.252s] -- Detecting C compiler ABI info - done
[0.261s] -- Check for working C compiler: /usr/bin/cc - skipped
[0.261s] -- Detecting C compile features
[0.261s] -- Detecting C compile features - done
[0.263s] -- Detecting CXX compiler ABI info
[0.306s] -- Detecting CXX compiler ABI info - done
[0.312s] -- Check for working CXX compiler: /usr/bin/c++ - skipped
[0.312s] -- Detecting CXX compile features
[0.313s] -- Detecting CXX compile features - done
[0.320s] -- Found ament_cmake: 1.3.11 (/opt/ros/humble/share/ament_cmake/cmake)
[0.408s] -- Found Python3: /usr/bin/python3 (found version "3.10.12") found components: Interpreter 
[0.465s] -- Found std_msgs: 4.8.0 (/opt/ros/humble/share/std_msgs/cmake)
[0.499s] -- Found rosidl_generator_c: 3.1.6 (/opt/ros/humble/share/rosidl_generator_c/cmake)
[0.503s] -- Found rosidl_adapter: 3.1.6 (/opt/ros/humble/share/rosidl_adapter/cmake)
[0.511s] -- Found rosidl_generator_cpp: 3.1.6 (/opt/ros/humble/share/rosidl_generator_cpp/cmake)
[0.524s] -- Using all available rosidl_typesupport_c: rosidl_typesupport_fastrtps_c;rosidl_typesupport_introspection_c
[0.538s] -- Using all available rosidl_typesupport_cpp: rosidl_typesupport_fastrtps_cpp;rosidl_typesupport_introspection_cpp
[0.559s] -- Found sensor_msgs: 4.8.0 (/opt/ros/humble/share/sensor_msgs/cmake)
[0.585s] -- Found rosidl_default_generators: 1.2.0 (/opt/ros/humble/share/rosidl_default_generators/cmake)
[0.756s] -- Found ament_cmake_ros: 0.10.0 (/opt/ros/humble/share/ament_cmake_ros/cmake)
[1.002s] -- Using all available rosidl_typesupport_c: rosidl_typesupport_fastrtps_c;rosidl_typesupport_introspection_c
[1.106s] -- Using all available rosidl_typesupport_cpp: rosidl_typesupport_fastrtps_cpp;rosidl_typesupport_introspection_cpp
[1.122s] -- Found PythonInterp: /usr/bin/python3 (found suitable version "3.10.12", minimum required is "3.6") 
[1.123s] -- Found python_cmake_module: 0.10.0 (/opt/ros/humble/share/python_cmake_module/cmake)
[1.143s] -- Found PythonLibs: /usr/lib/x86_64-linux-gnu/libpython3.10.so (found suitable version "3.10.12", minimum required is "3.5") 
[1.143s] -- Using PYTHON_EXECUTABLE: /usr/bin/python3
[1.143s] -- Using PYTHON_INCLUDE_DIRS: /usr/include/python3.10
[1.143s] -- Using PYTHON_LIBRARIES: /usr/lib/x86_64-linux-gnu/libpython3.10.so
[1.159s] -- Found PythonExtra: .so  
[1.229s] -- Configuring done
[1.252s] -- Generating done
[1.253s] [33mCMake Warning:
[1.254s]   Manually-specified variables were not used by the project:
[1.254s] 
[1.254s]     CMAKE_CUDA_COMPILER
[1.254s]     TRT_PATH
[1.254s] 
[1.254s] [0m
[1.261s] -- Build files have been written to: /home/david/yolocpp_ws/build/yolo_custom_interfaces
[1.271s] Invoked command in '/home/david/yolocpp_ws/build/yolo_custom_interfaces' returned '0': CMAKE_PREFIX_PATH=/opt/ros/humble PROMPT_COMMAND=echo -n \[$(date +%H:%M:%S)\]\ /home/david/.local/bin/cmake /home/david/yolocpp_ws/src/yolo_custom_interfaces -DTRT_PATH=/usr -DCMAKE_CUDA_ARCHITECTURES=89 -DCMAKE_CUDA_COMPILER=/usr/local/cuda-12.9/bin/nvcc -DCMAKE_INSTALL_PREFIX=/home/david/yolocpp_ws/install/yolo_custom_interfaces
[1.272s] Invoking command in '/home/david/yolocpp_ws/build/yolo_custom_interfaces': CMAKE_PREFIX_PATH=/opt/ros/humble PROMPT_COMMAND=echo -n \[$(date +%H:%M:%S)\]\ /home/david/.local/bin/cmake --build /home/david/yolocpp_ws/build/yolo_custom_interfaces -- -j32 -l32
[1.305s] [  3%] [34m[1mGenerating C code for ROS interfaces[0m
[1.310s] [  6%] [34m[1mGenerating C++ code for ROS interfaces[0m
[1.311s] [  6%] Built target ament_cmake_python_copy_yolo_custom_interfaces
[1.529s] [  9%] [32mBuilding C object CMakeFiles/yolo_custom_interfaces__rosidl_generator_c.dir/rosidl_generator_c/yolo_custom_interfaces/msg/detail/instance_segmentation_info__functions.c.o[0m
[1.543s] running egg_info
[1.543s] creating yolo_custom_interfaces.egg-info
[1.544s] writing yolo_custom_interfaces.egg-info/PKG-INFO
[1.544s] writing dependency_links to yolo_custom_interfaces.egg-info/dependency_links.txt
[1.544s] writing top-level names to yolo_custom_interfaces.egg-info/top_level.txt
[1.545s] writing manifest file 'yolo_custom_interfaces.egg-info/SOURCES.txt'
[1.547s] reading manifest file 'yolo_custom_interfaces.egg-info/SOURCES.txt'
[1.547s] writing manifest file 'yolo_custom_interfaces.egg-info/SOURCES.txt'
[1.567s] [  9%] Built target yolo_custom_interfaces__cpp
[1.568s] [ 12%] [32m[1mLinking C shared library libyolo_custom_interfaces__rosidl_generator_c.so[0m
[1.571s] [ 19%] [34m[1mGenerating C++ introspection for ROS interfaces[0m
[1.571s] [ 19%] [34m[1mGenerating C++ type support dispatch for ROS interfaces[0m
[1.572s] [ 22%] [34m[1mGenerating C++ type support for eProsima Fast-RTPS[0m
[1.574s] [ 22%] Built target ament_cmake_python_build_yolo_custom_interfaces_egg
[1.595s] [ 22%] Built target yolo_custom_interfaces__rosidl_generator_c
[1.599s] [ 25%] [34m[1mGenerating C introspection for ROS interfaces[0m
[1.600s] [ 29%] [34m[1mGenerating C type support dispatch for ROS interfaces[0m
[1.600s] [ 32%] [34m[1mGenerating C type support for eProsima Fast-RTPS[0m
[1.785s] [ 35%] [32mBuilding CXX object CMakeFiles/yolo_custom_interfaces__rosidl_typesupport_introspection_cpp.dir/rosidl_typesupport_introspection_cpp/yolo_custom_interfaces/msg/detail/instance_segmentation_info__type_support.cpp.o[0m
[1.802s] [ 38%] [32mBuilding CXX object CMakeFiles/yolo_custom_interfaces__rosidl_typesupport_c.dir/rosidl_typesupport_c/yolo_custom_interfaces/msg/instance_segmentation_info__type_support.cpp.o[0m
[1.810s] [ 41%] [32mBuilding C object CMakeFiles/yolo_custom_interfaces__rosidl_typesupport_introspection_c.dir/rosidl_typesupport_introspection_c/yolo_custom_interfaces/msg/detail/instance_segmentation_info__type_support.c.o[0m
[1.813s] [ 45%] [32mBuilding CXX object CMakeFiles/yolo_custom_interfaces__rosidl_typesupport_fastrtps_c.dir/rosidl_typesupport_fastrtps_c/yolo_custom_interfaces/msg/detail/instance_segmentation_info__type_support_c.cpp.o[0m
[1.819s] [ 48%] [32m[1mLinking CXX shared library libyolo_custom_interfaces__rosidl_typesupport_c.so[0m
[1.834s] [ 51%] [32m[1mLinking C shared library libyolo_custom_interfaces__rosidl_typesupport_introspection_c.so[0m
[1.844s] [ 51%] Built target yolo_custom_interfaces__rosidl_typesupport_c
[1.855s] [ 51%] Built target yolo_custom_interfaces__rosidl_typesupport_introspection_c
[1.875s] [ 54%] [32mBuilding CXX object CMakeFiles/yolo_custom_interfaces__rosidl_typesupport_cpp.dir/rosidl_typesupport_cpp/yolo_custom_interfaces/msg/instance_segmentation_info__type_support.cpp.o[0m
[1.904s] [ 58%] [32mBuilding CXX object CMakeFiles/yolo_custom_interfaces__rosidl_typesupport_fastrtps_cpp.dir/rosidl_typesupport_fastrtps_cpp/yolo_custom_interfaces/msg/detail/dds_fastrtps/instance_segmentation_info__type_support.cpp.o[0m
[2.000s] [ 61%] [32m[1mLinking CXX shared library libyolo_custom_interfaces__rosidl_typesupport_fastrtps_c.so[0m
[2.037s] [ 64%] [32m[1mLinking CXX shared library libyolo_custom_interfaces__rosidl_typesupport_introspection_cpp.so[0m
[2.050s] [ 64%] Built target yolo_custom_interfaces__rosidl_typesupport_fastrtps_c
[2.054s] [ 67%] [32m[1mLinking CXX shared library libyolo_custom_interfaces__rosidl_typesupport_cpp.so[0m
[2.080s] [ 67%] Built target yolo_custom_interfaces__rosidl_typesupport_cpp
[2.085s] [ 67%] Built target yolo_custom_interfaces__rosidl_typesupport_introspection_cpp
[2.154s] [ 70%] [32m[1mLinking CXX shared library libyolo_custom_interfaces__rosidl_typesupport_fastrtps_cpp.so[0m
[2.194s] [ 70%] Built target yolo_custom_interfaces__rosidl_typesupport_fastrtps_cpp
[2.203s] [ 70%] Built target yolo_custom_interfaces
[2.212s] [ 74%] [34m[1mGenerating Python code for ROS interfaces[0m
[2.440s] [ 74%] Built target yolo_custom_interfaces__py
[2.448s] [ 77%] [32mBuilding C object CMakeFiles/yolo_custom_interfaces__rosidl_generator_py.dir/rosidl_generator_py/yolo_custom_interfaces/msg/_instance_segmentation_info_s.c.o[0m
[2.510s] [ 80%] [32m[1mLinking C shared library rosidl_generator_py/yolo_custom_interfaces/libyolo_custom_interfaces__rosidl_generator_py.so[0m
[2.534s] [ 80%] Built target yolo_custom_interfaces__rosidl_generator_py
[2.543s] [ 83%] [32mBuilding C object CMakeFiles/yolo_custom_interfaces__rosidl_typesupport_fastrtps_c__pyext.dir/rosidl_generator_py/yolo_custom_interfaces/_yolo_custom_interfaces_s.ep.rosidl_typesupport_fastrtps_c.c.o[0m
[2.543s] [ 87%] [32mBuilding C object CMakeFiles/yolo_custom_interfaces__rosidl_typesupport_c__pyext.dir/rosidl_generator_py/yolo_custom_interfaces/_yolo_custom_interfaces_s.ep.rosidl_typesupport_c.c.o[0m
[2.543s] [ 90%] [32mBuilding C object CMakeFiles/yolo_custom_interfaces__rosidl_typesupport_introspection_c__pyext.dir/rosidl_generator_py/yolo_custom_interfaces/_yolo_custom_interfaces_s.ep.rosidl_typesupport_introspection_c.c.o[0m
[2.596s] [ 93%] [32m[1mLinking C shared library rosidl_generator_py/yolo_custom_interfaces/yolo_custom_interfaces_s__rosidl_typesupport_introspection_c.cpython-310-x86_64-linux-gnu.so[0m
[2.596s] [ 96%] [32m[1mLinking C shared library rosidl_generator_py/yolo_custom_interfaces/yolo_custom_interfaces_s__rosidl_typesupport_fastrtps_c.cpython-310-x86_64-linux-gnu.so[0m
[2.597s] [100%] [32m[1mLinking C shared library rosidl_generator_py/yolo_custom_interfaces/yolo_custom_interfaces_s__rosidl_typesupport_c.cpython-310-x86_64-linux-gnu.so[0m
[2.619s] [100%] Built target yolo_custom_interfaces__rosidl_typesupport_introspection_c__pyext
[2.625s] [100%] Built target yolo_custom_interfaces__rosidl_typesupport_c__pyext
[2.625s] [100%] Built target yolo_custom_interfaces__rosidl_typesupport_fastrtps_c__pyext
[2.633s] Invoked command in '/home/david/yolocpp_ws/build/yolo_custom_interfaces' returned '0': CMAKE_PREFIX_PATH=/opt/ros/humble PROMPT_COMMAND=echo -n \[$(date +%H:%M:%S)\]\ /home/david/.local/bin/cmake --build /home/david/yolocpp_ws/build/yolo_custom_interfaces -- -j32 -l32
[2.634s] Invoking command in '/home/david/yolocpp_ws/build/yolo_custom_interfaces': CMAKE_PREFIX_PATH=/opt/ros/humble PROMPT_COMMAND=echo -n \[$(date +%H:%M:%S)\]\ /home/david/.local/bin/cmake --install /home/david/yolocpp_ws/build/yolo_custom_interfaces
[2.653s] -- Install configuration: ""
[2.653s] -- Installing: /home/david/yolocpp_ws/install/yolo_custom_interfaces/share/ament_index/resource_index/rosidl_interfaces/yolo_custom_interfaces
[2.653s] -- Installing: /home/david/yolocpp_ws/install/yolo_custom_interfaces/include/yolo_custom_interfaces/yolo_custom_interfaces
[2.653s] -- Installing: /home/david/yolocpp_ws/install/yolo_custom_interfaces/include/yolo_custom_interfaces/yolo_custom_interfaces/msg
[2.653s] -- Installing: /home/david/yolocpp_ws/install/yolo_custom_interfaces/include/yolo_custom_interfaces/yolo_custom_interfaces/msg/rosidl_generator_c__visibility_control.h
[2.653s] -- Installing: /home/david/yolocpp_ws/install/yolo_custom_interfaces/include/yolo_custom_interfaces/yolo_custom_interfaces/msg/instance_segmentation_info.h
[2.653s] -- Installing: /home/david/yolocpp_ws/install/yolo_custom_interfaces/include/yolo_custom_interfaces/yolo_custom_interfaces/msg/detail
[2.653s] -- Installing: /home/david/yolocpp_ws/install/yolo_custom_interfaces/include/yolo_custom_interfaces/yolo_custom_interfaces/msg/detail/instance_segmentation_info__functions.h
[2.654s] -- Installing: /home/david/yolocpp_ws/install/yolo_custom_interfaces/include/yolo_custom_interfaces/yolo_custom_interfaces/msg/detail/instance_segmentation_info__struct.h
[2.654s] -- Installing: /home/david/yolocpp_ws/install/yolo_custom_interfaces/include/yolo_custom_interfaces/yolo_custom_interfaces/msg/detail/instance_segmentation_info__functions.c
[2.654s] -- Installing: /home/david/yolocpp_ws/install/yolo_custom_interfaces/include/yolo_custom_interfaces/yolo_custom_interfaces/msg/detail/instance_segmentation_info__type_support.h
[2.654s] -- Installing: /home/david/yolocpp_ws/install/yolo_custom_interfaces/share/yolo_custom_interfaces/environment/library_path.sh
[2.654s] -- Installing: /home/david/yolocpp_ws/install/yolo_custom_interfaces/share/yolo_custom_interfaces/environment/library_path.dsv
[2.654s] -- Installing: /home/david/yolocpp_ws/install/yolo_custom_interfaces/lib/libyolo_custom_interfaces__rosidl_generator_c.so
[2.654s] -- Set runtime path of "/home/david/yolocpp_ws/install/yolo_custom_interfaces/lib/libyolo_custom_interfaces__rosidl_generator_c.so" to ""
[2.654s] -- Up-to-date: /home/david/yolocpp_ws/install/yolo_custom_interfaces/include/yolo_custom_interfaces/yolo_custom_interfaces
[2.654s] -- Up-to-date: /home/david/yolocpp_ws/install/yolo_custom_interfaces/include/yolo_custom_interfaces/yolo_custom_interfaces/msg
[2.654s] -- Installing: /home/david/yolocpp_ws/install/yolo_custom_interfaces/include/yolo_custom_interfaces/yolo_custom_interfaces/msg/rosidl_typesupport_fastrtps_c__visibility_control.h
[2.654s] -- Up-to-date: /home/david/yolocpp_ws/install/yolo_custom_interfaces/include/yolo_custom_interfaces/yolo_custom_interfaces/msg/detail
[2.655s] -- Installing: /home/david/yolocpp_ws/install/yolo_custom_interfaces/include/yolo_custom_interfaces/yolo_custom_interfaces/msg/detail/instance_segmentation_info__rosidl_typesupport_fastrtps_c.h
[2.655s] -- Installing: /home/david/yolocpp_ws/install/yolo_custom_interfaces/lib/libyolo_custom_interfaces__rosidl_typesupport_fastrtps_c.so
[2.655s] -- Set runtime path of "/home/david/yolocpp_ws/install/yolo_custom_interfaces/lib/libyolo_custom_interfaces__rosidl_typesupport_fastrtps_c.so" to ""
[2.655s] -- Up-to-date: /home/david/yolocpp_ws/install/yolo_custom_interfaces/include/yolo_custom_interfaces/yolo_custom_interfaces
[2.655s] -- Up-to-date: /home/david/yolocpp_ws/install/yolo_custom_interfaces/include/yolo_custom_interfaces/yolo_custom_interfaces/msg
[2.655s] -- Installing: /home/david/yolocpp_ws/install/yolo_custom_interfaces/include/yolo_custom_interfaces/yolo_custom_interfaces/msg/instance_segmentation_info.hpp
[2.655s] -- Up-to-date: /home/david/yolocpp_ws/install/yolo_custom_interfaces/include/yolo_custom_interfaces/yolo_custom_interfaces/msg/detail
[2.655s] -- Installing: /home/david/yolocpp_ws/install/yolo_custom_interfaces/include/yolo_custom_interfaces/yolo_custom_interfaces/msg/detail/instance_segmentation_info__struct.hpp
[2.655s] -- Installing: /home/david/yolocpp_ws/install/yolo_custom_interfaces/include/yolo_custom_interfaces/yolo_custom_interfaces/msg/detail/instance_segmentation_info__traits.hpp
[2.655s] -- Installing: /home/david/yolocpp_ws/install/yolo_custom_interfaces/include/yolo_custom_interfaces/yolo_custom_interfaces/msg/detail/instance_segmentation_info__type_support.hpp
[2.655s] -- Installing: /home/david/yolocpp_ws/install/yolo_custom_interfaces/include/yolo_custom_interfaces/yolo_custom_interfaces/msg/detail/instance_segmentation_info__builder.hpp
[2.655s] -- Installing: /home/david/yolocpp_ws/install/yolo_custom_interfaces/include/yolo_custom_interfaces/yolo_custom_interfaces/msg/rosidl_generator_cpp__visibility_control.hpp
[2.655s] -- Up-to-date: /home/david/yolocpp_ws/install/yolo_custom_interfaces/include/yolo_custom_interfaces/yolo_custom_interfaces
[2.655s] -- Up-to-date: /home/david/yolocpp_ws/install/yolo_custom_interfaces/include/yolo_custom_interfaces/yolo_custom_interfaces/msg
[2.656s] -- Up-to-date: /home/david/yolocpp_ws/install/yolo_custom_interfaces/include/yolo_custom_interfaces/yolo_custom_interfaces/msg/detail
[2.656s] -- Installing: /home/david/yolocpp_ws/install/yolo_custom_interfaces/include/yolo_custom_interfaces/yolo_custom_interfaces/msg/detail/instance_segmentation_info__rosidl_typesupport_fastrtps_cpp.hpp
[2.656s] -- Installing: /home/david/yolocpp_ws/install/yolo_custom_interfaces/include/yolo_custom_interfaces/yolo_custom_interfaces/msg/detail/dds_fastrtps
[2.656s] -- Installing: /home/david/yolocpp_ws/install/yolo_custom_interfaces/include/yolo_custom_interfaces/yolo_custom_interfaces/msg/rosidl_typesupport_fastrtps_cpp__visibility_control.h
[2.656s] -- Installing: /home/david/yolocpp_ws/install/yolo_custom_interfaces/lib/libyolo_custom_interfaces__rosidl_typesupport_fastrtps_cpp.so
[2.656s] -- Set runtime path of "/home/david/yolocpp_ws/install/yolo_custom_interfaces/lib/libyolo_custom_interfaces__rosidl_typesupport_fastrtps_cpp.so" to ""
[2.656s] -- Up-to-date: /home/david/yolocpp_ws/install/yolo_custom_interfaces/include/yolo_custom_interfaces/yolo_custom_interfaces
[2.656s] -- Up-to-date: /home/david/yolocpp_ws/install/yolo_custom_interfaces/include/yolo_custom_interfaces/yolo_custom_interfaces/msg
[2.656s] -- Installing: /home/david/yolocpp_ws/install/yolo_custom_interfaces/include/yolo_custom_interfaces/yolo_custom_interfaces/msg/rosidl_typesupport_introspection_c__visibility_control.h
[2.656s] -- Up-to-date: /home/david/yolocpp_ws/install/yolo_custom_interfaces/include/yolo_custom_interfaces/yolo_custom_interfaces/msg/detail
[2.656s] -- Installing: /home/david/yolocpp_ws/install/yolo_custom_interfaces/include/yolo_custom_interfaces/yolo_custom_interfaces/msg/detail/instance_segmentation_info__rosidl_typesupport_introspection_c.h
[2.656s] -- Installing: /home/david/yolocpp_ws/install/yolo_custom_interfaces/include/yolo_custom_interfaces/yolo_custom_interfaces/msg/detail/instance_segmentation_info__type_support.c
[2.656s] -- Installing: /home/david/yolocpp_ws/install/yolo_custom_interfaces/lib/libyolo_custom_interfaces__rosidl_typesupport_introspection_c.so
[2.656s] -- Set runtime path of "/home/david/yolocpp_ws/install/yolo_custom_interfaces/lib/libyolo_custom_interfaces__rosidl_typesupport_introspection_c.so" to ""
[2.656s] -- Installing: /home/david/yolocpp_ws/install/yolo_custom_interfaces/lib/libyolo_custom_interfaces__rosidl_typesupport_c.so
[2.657s] -- Set runtime path of "/home/david/yolocpp_ws/install/yolo_custom_interfaces/lib/libyolo_custom_interfaces__rosidl_typesupport_c.so" to ""
[2.657s] -- Up-to-date: /home/david/yolocpp_ws/install/yolo_custom_interfaces/include/yolo_custom_interfaces/yolo_custom_interfaces
[2.657s] -- Up-to-date: /home/david/yolocpp_ws/install/yolo_custom_interfaces/include/yolo_custom_interfaces/yolo_custom_interfaces/msg
[2.657s] -- Up-to-date: /home/david/yolocpp_ws/install/yolo_custom_interfaces/include/yolo_custom_interfaces/yolo_custom_interfaces/msg/detail
[2.657s] -- Installing: /home/david/yolocpp_ws/install/yolo_custom_interfaces/include/yolo_custom_interfaces/yolo_custom_interfaces/msg/detail/instance_segmentation_info__type_support.cpp
[2.657s] -- Installing: /home/david/yolocpp_ws/install/yolo_custom_interfaces/include/yolo_custom_interfaces/yolo_custom_interfaces/msg/detail/instance_segmentation_info__rosidl_typesupport_introspection_cpp.hpp
[2.657s] -- Installing: /home/david/yolocpp_ws/install/yolo_custom_interfaces/lib/libyolo_custom_interfaces__rosidl_typesupport_introspection_cpp.so
[2.657s] -- Set runtime path of "/home/david/yolocpp_ws/install/yolo_custom_interfaces/lib/libyolo_custom_interfaces__rosidl_typesupport_introspection_cpp.so" to ""
[2.657s] -- Installing: /home/david/yolocpp_ws/install/yolo_custom_interfaces/lib/libyolo_custom_interfaces__rosidl_typesupport_cpp.so
[2.657s] -- Set runtime path of "/home/david/yolocpp_ws/install/yolo_custom_interfaces/lib/libyolo_custom_interfaces__rosidl_typesupport_cpp.so" to ""
[2.657s] -- Installing: /home/david/yolocpp_ws/install/yolo_custom_interfaces/share/yolo_custom_interfaces/environment/pythonpath.sh
[2.657s] -- Installing: /home/david/yolocpp_ws/install/yolo_custom_interfaces/share/yolo_custom_interfaces/environment/pythonpath.dsv
[2.657s] -- Installing: /home/david/yolocpp_ws/install/yolo_custom_interfaces/local/lib/python3.10/dist-packages/yolo_custom_interfaces-0.0.0-py3.10.egg-info
[2.657s] -- Installing: /home/david/yolocpp_ws/install/yolo_custom_interfaces/local/lib/python3.10/dist-packages/yolo_custom_interfaces-0.0.0-py3.10.egg-info/PKG-INFO
[2.657s] -- Installing: /home/david/yolocpp_ws/install/yolo_custom_interfaces/local/lib/python3.10/dist-packages/yolo_custom_interfaces-0.0.0-py3.10.egg-info/SOURCES.txt
[2.657s] -- Installing: /home/david/yolocpp_ws/install/yolo_custom_interfaces/local/lib/python3.10/dist-packages/yolo_custom_interfaces-0.0.0-py3.10.egg-info/dependency_links.txt
[2.657s] -- Installing: /home/david/yolocpp_ws/install/yolo_custom_interfaces/local/lib/python3.10/dist-packages/yolo_custom_interfaces-0.0.0-py3.10.egg-info/top_level.txt
[2.657s] -- Installing: /home/david/yolocpp_ws/install/yolo_custom_interfaces/local/lib/python3.10/dist-packages/yolo_custom_interfaces
[2.658s] -- Installing: /home/david/yolocpp_ws/install/yolo_custom_interfaces/local/lib/python3.10/dist-packages/yolo_custom_interfaces/_yolo_custom_interfaces_s.ep.rosidl_typesupport_fastrtps_c.c
[2.658s] -- Installing: /home/david/yolocpp_ws/install/yolo_custom_interfaces/local/lib/python3.10/dist-packages/yolo_custom_interfaces/_yolo_custom_interfaces_s.ep.rosidl_typesupport_c.c
[2.658s] -- Installing: /home/david/yolocpp_ws/install/yolo_custom_interfaces/local/lib/python3.10/dist-packages/yolo_custom_interfaces/yolo_custom_interfaces_s__rosidl_typesupport_c.cpython-310-x86_64-linux-gnu.so
[2.658s] -- Installing: /home/david/yolocpp_ws/install/yolo_custom_interfaces/local/lib/python3.10/dist-packages/yolo_custom_interfaces/libyolo_custom_interfaces__rosidl_generator_py.so
[2.658s] -- Installing: /home/david/yolocpp_ws/install/yolo_custom_interfaces/local/lib/python3.10/dist-packages/yolo_custom_interfaces/yolo_custom_interfaces_s__rosidl_typesupport_fastrtps_c.cpython-310-x86_64-linux-gnu.so
[2.658s] -- Installing: /home/david/yolocpp_ws/install/yolo_custom_interfaces/local/lib/python3.10/dist-packages/yolo_custom_interfaces/__init__.py
[2.658s] -- Installing: /home/david/yolocpp_ws/install/yolo_custom_interfaces/local/lib/python3.10/dist-packages/yolo_custom_interfaces/msg
[2.658s] -- Installing: /home/david/yolocpp_ws/install/yolo_custom_interfaces/local/lib/python3.10/dist-packages/yolo_custom_interfaces/msg/_instance_segmentation_info.py
[2.658s] -- Installing: /home/david/yolocpp_ws/install/yolo_custom_interfaces/local/lib/python3.10/dist-packages/yolo_custom_interfaces/msg/__init__.py
[2.658s] -- Installing: /home/david/yolocpp_ws/install/yolo_custom_interfaces/local/lib/python3.10/dist-packages/yolo_custom_interfaces/msg/_instance_segmentation_info_s.c
[2.658s] -- Installing: /home/david/yolocpp_ws/install/yolo_custom_interfaces/local/lib/python3.10/dist-packages/yolo_custom_interfaces/yolo_custom_interfaces_s__rosidl_typesupport_introspection_c.cpython-310-x86_64-linux-gnu.so
[2.658s] -- Installing: /home/david/yolocpp_ws/install/yolo_custom_interfaces/local/lib/python3.10/dist-packages/yolo_custom_interfaces/_yolo_custom_interfaces_s.ep.rosidl_typesupport_introspection_c.c
[2.682s] Listing '/home/david/yolocpp_ws/install/yolo_custom_interfaces/local/lib/python3.10/dist-packages/yolo_custom_interfaces'...
[2.682s] Compiling '/home/david/yolocpp_ws/install/yolo_custom_interfaces/local/lib/python3.10/dist-packages/yolo_custom_interfaces/__init__.py'...
[2.682s] Listing '/home/david/yolocpp_ws/install/yolo_custom_interfaces/local/lib/python3.10/dist-packages/yolo_custom_interfaces/msg'...
[2.682s] Compiling '/home/david/yolocpp_ws/install/yolo_custom_interfaces/local/lib/python3.10/dist-packages/yolo_custom_interfaces/msg/__init__.py'...
[2.682s] Compiling '/home/david/yolocpp_ws/install/yolo_custom_interfaces/local/lib/python3.10/dist-packages/yolo_custom_interfaces/msg/_instance_segmentation_info.py'...
[2.685s] -- Installing: /home/david/yolocpp_ws/install/yolo_custom_interfaces/local/lib/python3.10/dist-packages/yolo_custom_interfaces/yolo_custom_interfaces_s__rosidl_typesupport_fastrtps_c.cpython-310-x86_64-linux-gnu.so
[2.685s] -- Set runtime path of "/home/david/yolocpp_ws/install/yolo_custom_interfaces/local/lib/python3.10/dist-packages/yolo_custom_interfaces/yolo_custom_interfaces_s__rosidl_typesupport_fastrtps_c.cpython-310-x86_64-linux-gnu.so" to ""
[2.685s] -- Installing: /home/david/yolocpp_ws/install/yolo_custom_interfaces/local/lib/python3.10/dist-packages/yolo_custom_interfaces/yolo_custom_interfaces_s__rosidl_typesupport_introspection_c.cpython-310-x86_64-linux-gnu.so
[2.685s] -- Set runtime path of "/home/david/yolocpp_ws/install/yolo_custom_interfaces/local/lib/python3.10/dist-packages/yolo_custom_interfaces/yolo_custom_interfaces_s__rosidl_typesupport_introspection_c.cpython-310-x86_64-linux-gnu.so" to ""
[2.685s] -- Installing: /home/david/yolocpp_ws/install/yolo_custom_interfaces/local/lib/python3.10/dist-packages/yolo_custom_interfaces/yolo_custom_interfaces_s__rosidl_typesupport_c.cpython-310-x86_64-linux-gnu.so
[2.685s] -- Set runtime path of "/home/david/yolocpp_ws/install/yolo_custom_interfaces/local/lib/python3.10/dist-packages/yolo_custom_interfaces/yolo_custom_interfaces_s__rosidl_typesupport_c.cpython-310-x86_64-linux-gnu.so" to ""
[2.685s] -- Installing: /home/david/yolocpp_ws/install/yolo_custom_interfaces/lib/libyolo_custom_interfaces__rosidl_generator_py.so
[2.685s] -- Set runtime path of "/home/david/yolocpp_ws/install/yolo_custom_interfaces/lib/libyolo_custom_interfaces__rosidl_generator_py.so" to ""
[2.685s] -- Installing: /home/david/yolocpp_ws/install/yolo_custom_interfaces/share/yolo_custom_interfaces/msg/InstanceSegmentationInfo.idl
[2.685s] -- Installing: /home/david/yolocpp_ws/install/yolo_custom_interfaces/share/yolo_custom_interfaces/msg/InstanceSegmentationInfo.msg
[2.686s] -- Installing: /home/david/yolocpp_ws/install/yolo_custom_interfaces/share/ament_index/resource_index/package_run_dependencies/yolo_custom_interfaces
[2.686s] -- Installing: /home/david/yolocpp_ws/install/yolo_custom_interfaces/share/ament_index/resource_index/parent_prefix_path/yolo_custom_interfaces
[2.686s] -- Installing: /home/david/yolocpp_ws/install/yolo_custom_interfaces/share/yolo_custom_interfaces/environment/ament_prefix_path.sh
[2.686s] -- Installing: /home/david/yolocpp_ws/install/yolo_custom_interfaces/share/yolo_custom_interfaces/environment/ament_prefix_path.dsv
[2.686s] -- Installing: /home/david/yolocpp_ws/install/yolo_custom_interfaces/share/yolo_custom_interfaces/environment/path.sh
[2.686s] -- Installing: /home/david/yolocpp_ws/install/yolo_custom_interfaces/share/yolo_custom_interfaces/environment/path.dsv
[2.686s] -- Installing: /home/david/yolocpp_ws/install/yolo_custom_interfaces/share/yolo_custom_interfaces/local_setup.bash
[2.686s] -- Installing: /home/david/yolocpp_ws/install/yolo_custom_interfaces/share/yolo_custom_interfaces/local_setup.sh
[2.686s] -- Installing: /home/david/yolocpp_ws/install/yolo_custom_interfaces/share/yolo_custom_interfaces/local_setup.zsh
[2.686s] -- Installing: /home/david/yolocpp_ws/install/yolo_custom_interfaces/share/yolo_custom_interfaces/local_setup.dsv
[2.686s] -- Installing: /home/david/yolocpp_ws/install/yolo_custom_interfaces/share/yolo_custom_interfaces/package.dsv
[2.686s] -- Installing: /home/david/yolocpp_ws/install/yolo_custom_interfaces/share/ament_index/resource_index/packages/yolo_custom_interfaces
[2.687s] -- Installing: /home/david/yolocpp_ws/install/yolo_custom_interfaces/share/yolo_custom_interfaces/cmake/export_yolo_custom_interfaces__rosidl_generator_cExport.cmake
[2.687s] -- Installing: /home/david/yolocpp_ws/install/yolo_custom_interfaces/share/yolo_custom_interfaces/cmake/export_yolo_custom_interfaces__rosidl_generator_cExport-noconfig.cmake
[2.687s] -- Installing: /home/david/yolocpp_ws/install/yolo_custom_interfaces/share/yolo_custom_interfaces/cmake/export_yolo_custom_interfaces__rosidl_typesupport_fastrtps_cExport.cmake
[2.687s] -- Installing: /home/david/yolocpp_ws/install/yolo_custom_interfaces/share/yolo_custom_interfaces/cmake/export_yolo_custom_interfaces__rosidl_typesupport_fastrtps_cExport-noconfig.cmake
[2.687s] -- Installing: /home/david/yolocpp_ws/install/yolo_custom_interfaces/share/yolo_custom_interfaces/cmake/export_yolo_custom_interfaces__rosidl_generator_cppExport.cmake
[2.687s] -- Installing: /home/david/yolocpp_ws/install/yolo_custom_interfaces/share/yolo_custom_interfaces/cmake/export_yolo_custom_interfaces__rosidl_typesupport_fastrtps_cppExport.cmake
[2.687s] -- Installing: /home/david/yolocpp_ws/install/yolo_custom_interfaces/share/yolo_custom_interfaces/cmake/export_yolo_custom_interfaces__rosidl_typesupport_fastrtps_cppExport-noconfig.cmake
[2.687s] -- Installing: /home/david/yolocpp_ws/install/yolo_custom_interfaces/share/yolo_custom_interfaces/cmake/yolo_custom_interfaces__rosidl_typesupport_introspection_cExport.cmake
[2.687s] -- Installing: /home/david/yolocpp_ws/install/yolo_custom_interfaces/share/yolo_custom_interfaces/cmake/yolo_custom_interfaces__rosidl_typesupport_introspection_cExport-noconfig.cmake
[2.687s] -- Installing: /home/david/yolocpp_ws/install/yolo_custom_interfaces/share/yolo_custom_interfaces/cmake/yolo_custom_interfaces__rosidl_typesupport_cExport.cmake
[2.687s] -- Installing: /home/david/yolocpp_ws/install/yolo_custom_interfaces/share/yolo_custom_interfaces/cmake/yolo_custom_interfaces__rosidl_typesupport_cExport-noconfig.cmake
[2.687s] -- Installing: /home/david/yolocpp_ws/install/yolo_custom_interfaces/share/yolo_custom_interfaces/cmake/yolo_custom_interfaces__rosidl_typesupport_introspection_cppExport.cmake
[2.687s] -- Installing: /home/david/yolocpp_ws/install/yolo_custom_interfaces/share/yolo_custom_interfaces/cmake/yolo_custom_interfaces__rosidl_typesupport_introspection_cppExport-noconfig.cmake
[2.687s] -- Installing: /home/david/yolocpp_ws/install/yolo_custom_interfaces/share/yolo_custom_interfaces/cmake/yolo_custom_interfaces__rosidl_typesupport_cppExport.cmake
[2.687s] -- Installing: /home/david/yolocpp_ws/install/yolo_custom_interfaces/share/yolo_custom_interfaces/cmake/yolo_custom_interfaces__rosidl_typesupport_cppExport-noconfig.cmake
[2.687s] -- Installing: /home/david/yolocpp_ws/install/yolo_custom_interfaces/share/yolo_custom_interfaces/cmake/export_yolo_custom_interfaces__rosidl_generator_pyExport.cmake
[2.688s] -- Installing: /home/david/yolocpp_ws/install/yolo_custom_interfaces/share/yolo_custom_interfaces/cmake/export_yolo_custom_interfaces__rosidl_generator_pyExport-noconfig.cmake
[2.688s] -- Installing: /home/david/yolocpp_ws/install/yolo_custom_interfaces/share/yolo_custom_interfaces/cmake/rosidl_cmake-extras.cmake
[2.688s] -- Installing: /home/david/yolocpp_ws/install/yolo_custom_interfaces/share/yolo_custom_interfaces/cmake/ament_cmake_export_dependencies-extras.cmake
[2.688s] -- Installing: /home/david/yolocpp_ws/install/yolo_custom_interfaces/share/yolo_custom_interfaces/cmake/ament_cmake_export_include_directories-extras.cmake
[2.688s] -- Installing: /home/david/yolocpp_ws/install/yolo_custom_interfaces/share/yolo_custom_interfaces/cmake/ament_cmake_export_libraries-extras.cmake
[2.688s] -- Installing: /home/david/yolocpp_ws/install/yolo_custom_interfaces/share/yolo_custom_interfaces/cmake/ament_cmake_export_targets-extras.cmake
[2.688s] -- Installing: /home/david/yolocpp_ws/install/yolo_custom_interfaces/share/yolo_custom_interfaces/cmake/rosidl_cmake_export_typesupport_targets-extras.cmake
[2.688s] -- Installing: /home/david/yolocpp_ws/install/yolo_custom_interfaces/share/yolo_custom_interfaces/cmake/rosidl_cmake_export_typesupport_libraries-extras.cmake
[2.688s] -- Installing: /home/david/yolocpp_ws/install/yolo_custom_interfaces/share/yolo_custom_interfaces/cmake/yolo_custom_interfacesConfig.cmake
[2.688s] -- Installing: /home/david/yolocpp_ws/install/yolo_custom_interfaces/share/yolo_custom_interfaces/cmake/yolo_custom_interfacesConfig-version.cmake
[2.688s] -- Installing: /home/david/yolocpp_ws/install/yolo_custom_interfaces/share/yolo_custom_interfaces/package.xml
[2.692s] Invoked command in '/home/david/yolocpp_ws/build/yolo_custom_interfaces' returned '0': CMAKE_PREFIX_PATH=/opt/ros/humble PROMPT_COMMAND=echo -n \[$(date +%H:%M:%S)\]\ /home/david/.local/bin/cmake --install /home/david/yolocpp_ws/build/yolo_custom_interfaces
