[0.047s] Invoking command in '/home/david/yolocpp_ws/build/bboxes_ex_msgs': CMAKE_PREFIX_PATH=${CMAKE_PREFIX_PATH}:/home/david/yolopy_ws/install/yolopy:/opt/ros/humble PROMPT_COMMAND=echo -n \[$(date +%H:%M:%S)\]\ /home/david/.local/bin/cmake --build /home/david/yolocpp_ws/build/bboxes_ex_msgs -- -j32 -l32
[0.192s] [ 12%] Built target bboxes_ex_msgs__rosidl_generator_c
[0.192s] [ 12%] Built target bboxes_ex_msgs__cpp
[0.202s] [ 12%] Built target ament_cmake_python_copy_bboxes_ex_msgs
[0.226s] [ 23%] Built target bboxes_ex_msgs__rosidl_typesupport_c
[0.227s] [ 33%] Built target bboxes_ex_msgs__rosidl_typesupport_introspection_c
[0.229s] [ 43%] Built target bboxes_ex_msgs__rosidl_typesupport_introspection_cpp
[0.231s] [ 53%] Built target bboxes_ex_msgs__rosidl_typesupport_cpp
[0.232s] [ 71%] Built target bboxes_ex_msgs__rosidl_typesupport_fastrtps_c
[0.233s] [ 74%] Built target bboxes_ex_msgs__rosidl_typesupport_fastrtps_cpp
[0.261s] [ 74%] Built target bboxes_ex_msgs
[0.289s] [ 76%] Built target bboxes_ex_msgs__py
[0.323s] [ 84%] Built target bboxes_ex_msgs__rosidl_generator_py
[0.357s] [ 89%] Built target bboxes_ex_msgs__rosidl_typesupport_fastrtps_c__pyext
[0.357s] [ 94%] Built target bboxes_ex_msgs__rosidl_typesupport_introspection_c__pyext
[0.357s] [100%] Built target bboxes_ex_msgs__rosidl_typesupport_c__pyext
[0.898s] running egg_info
[0.898s] writing bboxes_ex_msgs.egg-info/PKG-INFO
[0.899s] writing dependency_links to bboxes_ex_msgs.egg-info/dependency_links.txt
[0.899s] writing top-level names to bboxes_ex_msgs.egg-info/top_level.txt
[0.902s] reading manifest file 'bboxes_ex_msgs.egg-info/SOURCES.txt'
[0.903s] writing manifest file 'bboxes_ex_msgs.egg-info/SOURCES.txt'
[0.940s] [100%] Built target ament_cmake_python_build_bboxes_ex_msgs_egg
[0.958s] Invoked command in '/home/david/yolocpp_ws/build/bboxes_ex_msgs' returned '0': CMAKE_PREFIX_PATH=${CMAKE_PREFIX_PATH}:/home/david/yolopy_ws/install/yolopy:/opt/ros/humble PROMPT_COMMAND=echo -n \[$(date +%H:%M:%S)\]\ /home/david/.local/bin/cmake --build /home/david/yolocpp_ws/build/bboxes_ex_msgs -- -j32 -l32
[0.961s] Invoking command in '/home/david/yolocpp_ws/build/bboxes_ex_msgs': CMAKE_PREFIX_PATH=${CMAKE_PREFIX_PATH}:/home/david/yolopy_ws/install/yolopy:/opt/ros/humble PROMPT_COMMAND=echo -n \[$(date +%H:%M:%S)\]\ /home/david/.local/bin/cmake --install /home/david/yolocpp_ws/build/bboxes_ex_msgs
[1.014s] -- Install configuration: ""
[1.014s] -- Up-to-date: /home/david/yolocpp_ws/install/bboxes_ex_msgs/share/ament_index/resource_index/rosidl_interfaces/bboxes_ex_msgs
[1.015s] -- Up-to-date: /home/david/yolocpp_ws/install/bboxes_ex_msgs/include/bboxes_ex_msgs/bboxes_ex_msgs
[1.015s] -- Up-to-date: /home/david/yolocpp_ws/install/bboxes_ex_msgs/include/bboxes_ex_msgs/bboxes_ex_msgs/msg
[1.015s] -- Up-to-date: /home/david/yolocpp_ws/install/bboxes_ex_msgs/include/bboxes_ex_msgs/bboxes_ex_msgs/msg/bounding_box.h
[1.015s] -- Up-to-date: /home/david/yolocpp_ws/install/bboxes_ex_msgs/include/bboxes_ex_msgs/bboxes_ex_msgs/msg/rosidl_generator_c__visibility_control.h
[1.015s] -- Up-to-date: /home/david/yolocpp_ws/install/bboxes_ex_msgs/include/bboxes_ex_msgs/bboxes_ex_msgs/msg/detail
[1.016s] -- Up-to-date: /home/david/yolocpp_ws/install/bboxes_ex_msgs/include/bboxes_ex_msgs/bboxes_ex_msgs/msg/detail/bounding_boxes__functions.c
[1.016s] -- Up-to-date: /home/david/yolocpp_ws/install/bboxes_ex_msgs/include/bboxes_ex_msgs/bboxes_ex_msgs/msg/detail/bounding_boxes__functions.h
[1.016s] -- Up-to-date: /home/david/yolocpp_ws/install/bboxes_ex_msgs/include/bboxes_ex_msgs/bboxes_ex_msgs/msg/detail/bounding_boxes__struct.h
[1.016s] -- Up-to-date: /home/david/yolocpp_ws/install/bboxes_ex_msgs/include/bboxes_ex_msgs/bboxes_ex_msgs/msg/detail/bounding_box__functions.h
[1.016s] -- Up-to-date: /home/david/yolocpp_ws/install/bboxes_ex_msgs/include/bboxes_ex_msgs/bboxes_ex_msgs/msg/detail/bounding_box__struct.h
[1.016s] -- Up-to-date: /home/david/yolocpp_ws/install/bboxes_ex_msgs/include/bboxes_ex_msgs/bboxes_ex_msgs/msg/detail/bounding_box__type_support.h
[1.016s] -- Up-to-date: /home/david/yolocpp_ws/install/bboxes_ex_msgs/include/bboxes_ex_msgs/bboxes_ex_msgs/msg/detail/bounding_box__functions.c
[1.017s] -- Up-to-date: /home/david/yolocpp_ws/install/bboxes_ex_msgs/include/bboxes_ex_msgs/bboxes_ex_msgs/msg/detail/bounding_boxes__type_support.h
[1.017s] -- Up-to-date: /home/david/yolocpp_ws/install/bboxes_ex_msgs/include/bboxes_ex_msgs/bboxes_ex_msgs/msg/bounding_boxes.h
[1.017s] -- Up-to-date: /home/david/yolocpp_ws/install/bboxes_ex_msgs/share/bboxes_ex_msgs/environment/library_path.sh
[1.017s] -- Up-to-date: /home/david/yolocpp_ws/install/bboxes_ex_msgs/share/bboxes_ex_msgs/environment/library_path.dsv
[1.017s] -- Up-to-date: /home/david/yolocpp_ws/install/bboxes_ex_msgs/lib/libbboxes_ex_msgs__rosidl_generator_c.so
[1.017s] -- Up-to-date: /home/david/yolocpp_ws/install/bboxes_ex_msgs/include/bboxes_ex_msgs/bboxes_ex_msgs
[1.018s] -- Up-to-date: /home/david/yolocpp_ws/install/bboxes_ex_msgs/include/bboxes_ex_msgs/bboxes_ex_msgs/msg
[1.018s] -- Up-to-date: /home/david/yolocpp_ws/install/bboxes_ex_msgs/include/bboxes_ex_msgs/bboxes_ex_msgs/msg/rosidl_typesupport_fastrtps_c__visibility_control.h
[1.018s] -- Up-to-date: /home/david/yolocpp_ws/install/bboxes_ex_msgs/include/bboxes_ex_msgs/bboxes_ex_msgs/msg/detail
[1.018s] -- Up-to-date: /home/david/yolocpp_ws/install/bboxes_ex_msgs/include/bboxes_ex_msgs/bboxes_ex_msgs/msg/detail/bounding_boxes__rosidl_typesupport_fastrtps_c.h
[1.019s] -- Up-to-date: /home/david/yolocpp_ws/install/bboxes_ex_msgs/include/bboxes_ex_msgs/bboxes_ex_msgs/msg/detail/bounding_box__rosidl_typesupport_fastrtps_c.h
[1.019s] -- Up-to-date: /home/david/yolocpp_ws/install/bboxes_ex_msgs/lib/libbboxes_ex_msgs__rosidl_typesupport_fastrtps_c.so
[1.019s] -- Up-to-date: /home/david/yolocpp_ws/install/bboxes_ex_msgs/include/bboxes_ex_msgs/bboxes_ex_msgs
[1.019s] -- Up-to-date: /home/david/yolocpp_ws/install/bboxes_ex_msgs/include/bboxes_ex_msgs/bboxes_ex_msgs/msg
[1.019s] -- Up-to-date: /home/david/yolocpp_ws/install/bboxes_ex_msgs/include/bboxes_ex_msgs/bboxes_ex_msgs/msg/detail
[1.019s] -- Up-to-date: /home/david/yolocpp_ws/install/bboxes_ex_msgs/include/bboxes_ex_msgs/bboxes_ex_msgs/msg/detail/bounding_box__builder.hpp
[1.019s] -- Up-to-date: /home/david/yolocpp_ws/install/bboxes_ex_msgs/include/bboxes_ex_msgs/bboxes_ex_msgs/msg/detail/bounding_box__traits.hpp
[1.019s] -- Up-to-date: /home/david/yolocpp_ws/install/bboxes_ex_msgs/include/bboxes_ex_msgs/bboxes_ex_msgs/msg/detail/bounding_boxes__builder.hpp
[1.020s] -- Up-to-date: /home/david/yolocpp_ws/install/bboxes_ex_msgs/include/bboxes_ex_msgs/bboxes_ex_msgs/msg/detail/bounding_box__struct.hpp
[1.020s] -- Up-to-date: /home/david/yolocpp_ws/install/bboxes_ex_msgs/include/bboxes_ex_msgs/bboxes_ex_msgs/msg/detail/bounding_boxes__struct.hpp
[1.020s] -- Up-to-date: /home/david/yolocpp_ws/install/bboxes_ex_msgs/include/bboxes_ex_msgs/bboxes_ex_msgs/msg/detail/bounding_boxes__type_support.hpp
[1.020s] -- Up-to-date: /home/david/yolocpp_ws/install/bboxes_ex_msgs/include/bboxes_ex_msgs/bboxes_ex_msgs/msg/detail/bounding_box__type_support.hpp
[1.021s] -- Up-to-date: /home/david/yolocpp_ws/install/bboxes_ex_msgs/include/bboxes_ex_msgs/bboxes_ex_msgs/msg/detail/bounding_boxes__traits.hpp
[1.021s] -- Up-to-date: /home/david/yolocpp_ws/install/bboxes_ex_msgs/include/bboxes_ex_msgs/bboxes_ex_msgs/msg/rosidl_generator_cpp__visibility_control.hpp
[1.021s] -- Up-to-date: /home/david/yolocpp_ws/install/bboxes_ex_msgs/include/bboxes_ex_msgs/bboxes_ex_msgs/msg/bounding_box.hpp
[1.021s] -- Up-to-date: /home/david/yolocpp_ws/install/bboxes_ex_msgs/include/bboxes_ex_msgs/bboxes_ex_msgs/msg/bounding_boxes.hpp
[1.021s] -- Up-to-date: /home/david/yolocpp_ws/install/bboxes_ex_msgs/include/bboxes_ex_msgs/bboxes_ex_msgs
[1.021s] -- Up-to-date: /home/david/yolocpp_ws/install/bboxes_ex_msgs/include/bboxes_ex_msgs/bboxes_ex_msgs/msg
[1.022s] -- Up-to-date: /home/david/yolocpp_ws/install/bboxes_ex_msgs/include/bboxes_ex_msgs/bboxes_ex_msgs/msg/detail
[1.022s] -- Up-to-date: /home/david/yolocpp_ws/install/bboxes_ex_msgs/include/bboxes_ex_msgs/bboxes_ex_msgs/msg/detail/bounding_boxes__rosidl_typesupport_fastrtps_cpp.hpp
[1.022s] -- Up-to-date: /home/david/yolocpp_ws/install/bboxes_ex_msgs/include/bboxes_ex_msgs/bboxes_ex_msgs/msg/detail/dds_fastrtps
[1.022s] -- Up-to-date: /home/david/yolocpp_ws/install/bboxes_ex_msgs/include/bboxes_ex_msgs/bboxes_ex_msgs/msg/detail/bounding_box__rosidl_typesupport_fastrtps_cpp.hpp
[1.022s] -- Up-to-date: /home/david/yolocpp_ws/install/bboxes_ex_msgs/include/bboxes_ex_msgs/bboxes_ex_msgs/msg/rosidl_typesupport_fastrtps_cpp__visibility_control.h
[1.022s] -- Up-to-date: /home/david/yolocpp_ws/install/bboxes_ex_msgs/lib/libbboxes_ex_msgs__rosidl_typesupport_fastrtps_cpp.so
[1.023s] -- Up-to-date: /home/david/yolocpp_ws/install/bboxes_ex_msgs/include/bboxes_ex_msgs/bboxes_ex_msgs
[1.023s] -- Up-to-date: /home/david/yolocpp_ws/install/bboxes_ex_msgs/include/bboxes_ex_msgs/bboxes_ex_msgs/msg
[1.023s] -- Up-to-date: /home/david/yolocpp_ws/install/bboxes_ex_msgs/include/bboxes_ex_msgs/bboxes_ex_msgs/msg/rosidl_typesupport_introspection_c__visibility_control.h
[1.023s] -- Up-to-date: /home/david/yolocpp_ws/install/bboxes_ex_msgs/include/bboxes_ex_msgs/bboxes_ex_msgs/msg/detail
[1.023s] -- Up-to-date: /home/david/yolocpp_ws/install/bboxes_ex_msgs/include/bboxes_ex_msgs/bboxes_ex_msgs/msg/detail/bounding_box__type_support.c
[1.023s] -- Up-to-date: /home/david/yolocpp_ws/install/bboxes_ex_msgs/include/bboxes_ex_msgs/bboxes_ex_msgs/msg/detail/bounding_boxes__rosidl_typesupport_introspection_c.h
[1.023s] -- Up-to-date: /home/david/yolocpp_ws/install/bboxes_ex_msgs/include/bboxes_ex_msgs/bboxes_ex_msgs/msg/detail/bounding_boxes__type_support.c
[1.024s] -- Up-to-date: /home/david/yolocpp_ws/install/bboxes_ex_msgs/include/bboxes_ex_msgs/bboxes_ex_msgs/msg/detail/bounding_box__rosidl_typesupport_introspection_c.h
[1.024s] -- Up-to-date: /home/david/yolocpp_ws/install/bboxes_ex_msgs/lib/libbboxes_ex_msgs__rosidl_typesupport_introspection_c.so
[1.024s] -- Up-to-date: /home/david/yolocpp_ws/install/bboxes_ex_msgs/lib/libbboxes_ex_msgs__rosidl_typesupport_c.so
[1.024s] -- Up-to-date: /home/david/yolocpp_ws/install/bboxes_ex_msgs/include/bboxes_ex_msgs/bboxes_ex_msgs
[1.024s] -- Up-to-date: /home/david/yolocpp_ws/install/bboxes_ex_msgs/include/bboxes_ex_msgs/bboxes_ex_msgs/msg
[1.024s] -- Up-to-date: /home/david/yolocpp_ws/install/bboxes_ex_msgs/include/bboxes_ex_msgs/bboxes_ex_msgs/msg/detail
[1.024s] -- Up-to-date: /home/david/yolocpp_ws/install/bboxes_ex_msgs/include/bboxes_ex_msgs/bboxes_ex_msgs/msg/detail/bounding_boxes__rosidl_typesupport_introspection_cpp.hpp
[1.024s] -- Up-to-date: /home/david/yolocpp_ws/install/bboxes_ex_msgs/include/bboxes_ex_msgs/bboxes_ex_msgs/msg/detail/bounding_box__type_support.cpp
[1.024s] -- Up-to-date: /home/david/yolocpp_ws/install/bboxes_ex_msgs/include/bboxes_ex_msgs/bboxes_ex_msgs/msg/detail/bounding_box__rosidl_typesupport_introspection_cpp.hpp
[1.024s] -- Up-to-date: /home/david/yolocpp_ws/install/bboxes_ex_msgs/include/bboxes_ex_msgs/bboxes_ex_msgs/msg/detail/bounding_boxes__type_support.cpp
[1.024s] -- Up-to-date: /home/david/yolocpp_ws/install/bboxes_ex_msgs/lib/libbboxes_ex_msgs__rosidl_typesupport_introspection_cpp.so
[1.025s] -- Up-to-date: /home/david/yolocpp_ws/install/bboxes_ex_msgs/lib/libbboxes_ex_msgs__rosidl_typesupport_cpp.so
[1.025s] -- Up-to-date: /home/david/yolocpp_ws/install/bboxes_ex_msgs/share/bboxes_ex_msgs/environment/pythonpath.sh
[1.025s] -- Up-to-date: /home/david/yolocpp_ws/install/bboxes_ex_msgs/share/bboxes_ex_msgs/environment/pythonpath.dsv
[1.025s] -- Up-to-date: /home/david/yolocpp_ws/install/bboxes_ex_msgs/local/lib/python3.10/dist-packages/bboxes_ex_msgs-0.0.0-py3.10.egg-info
[1.025s] -- Installing: /home/david/yolocpp_ws/install/bboxes_ex_msgs/local/lib/python3.10/dist-packages/bboxes_ex_msgs-0.0.0-py3.10.egg-info/PKG-INFO
[1.025s] -- Installing: /home/david/yolocpp_ws/install/bboxes_ex_msgs/local/lib/python3.10/dist-packages/bboxes_ex_msgs-0.0.0-py3.10.egg-info/SOURCES.txt
[1.025s] -- Installing: /home/david/yolocpp_ws/install/bboxes_ex_msgs/local/lib/python3.10/dist-packages/bboxes_ex_msgs-0.0.0-py3.10.egg-info/dependency_links.txt
[1.025s] -- Installing: /home/david/yolocpp_ws/install/bboxes_ex_msgs/local/lib/python3.10/dist-packages/bboxes_ex_msgs-0.0.0-py3.10.egg-info/top_level.txt
[1.025s] -- Up-to-date: /home/david/yolocpp_ws/install/bboxes_ex_msgs/local/lib/python3.10/dist-packages/bboxes_ex_msgs
[1.025s] -- Up-to-date: /home/david/yolocpp_ws/install/bboxes_ex_msgs/local/lib/python3.10/dist-packages/bboxes_ex_msgs/_bboxes_ex_msgs_s.ep.rosidl_typesupport_introspection_c.c
[1.025s] -- Up-to-date: /home/david/yolocpp_ws/install/bboxes_ex_msgs/local/lib/python3.10/dist-packages/bboxes_ex_msgs/bboxes_ex_msgs_s__rosidl_typesupport_introspection_c.cpython-310-x86_64-linux-gnu.so
[1.025s] -- Up-to-date: /home/david/yolocpp_ws/install/bboxes_ex_msgs/local/lib/python3.10/dist-packages/bboxes_ex_msgs/bboxes_ex_msgs_s__rosidl_typesupport_fastrtps_c.cpython-310-x86_64-linux-gnu.so
[1.025s] -- Up-to-date: /home/david/yolocpp_ws/install/bboxes_ex_msgs/local/lib/python3.10/dist-packages/bboxes_ex_msgs/bboxes_ex_msgs_s__rosidl_typesupport_c.cpython-310-x86_64-linux-gnu.so
[1.026s] -- Up-to-date: /home/david/yolocpp_ws/install/bboxes_ex_msgs/local/lib/python3.10/dist-packages/bboxes_ex_msgs/_bboxes_ex_msgs_s.ep.rosidl_typesupport_c.c
[1.026s] -- Up-to-date: /home/david/yolocpp_ws/install/bboxes_ex_msgs/local/lib/python3.10/dist-packages/bboxes_ex_msgs/_bboxes_ex_msgs_s.ep.rosidl_typesupport_fastrtps_c.c
[1.026s] -- Up-to-date: /home/david/yolocpp_ws/install/bboxes_ex_msgs/local/lib/python3.10/dist-packages/bboxes_ex_msgs/libbboxes_ex_msgs__rosidl_generator_py.so
[1.026s] -- Up-to-date: /home/david/yolocpp_ws/install/bboxes_ex_msgs/local/lib/python3.10/dist-packages/bboxes_ex_msgs/__init__.py
[1.026s] -- Up-to-date: /home/david/yolocpp_ws/install/bboxes_ex_msgs/local/lib/python3.10/dist-packages/bboxes_ex_msgs/msg
[1.026s] -- Up-to-date: /home/david/yolocpp_ws/install/bboxes_ex_msgs/local/lib/python3.10/dist-packages/bboxes_ex_msgs/msg/_bounding_boxes_s.c
[1.026s] -- Up-to-date: /home/david/yolocpp_ws/install/bboxes_ex_msgs/local/lib/python3.10/dist-packages/bboxes_ex_msgs/msg/_bounding_boxes.py
[1.026s] -- Up-to-date: /home/david/yolocpp_ws/install/bboxes_ex_msgs/local/lib/python3.10/dist-packages/bboxes_ex_msgs/msg/_bounding_box_s.c
[1.026s] -- Up-to-date: /home/david/yolocpp_ws/install/bboxes_ex_msgs/local/lib/python3.10/dist-packages/bboxes_ex_msgs/msg/__init__.py
[1.026s] -- Up-to-date: /home/david/yolocpp_ws/install/bboxes_ex_msgs/local/lib/python3.10/dist-packages/bboxes_ex_msgs/msg/_bounding_box.py
[1.095s] Listing '/home/david/yolocpp_ws/install/bboxes_ex_msgs/local/lib/python3.10/dist-packages/bboxes_ex_msgs'...
[1.095s] Listing '/home/david/yolocpp_ws/install/bboxes_ex_msgs/local/lib/python3.10/dist-packages/bboxes_ex_msgs/msg'...
[1.104s] -- Up-to-date: /home/david/yolocpp_ws/install/bboxes_ex_msgs/local/lib/python3.10/dist-packages/bboxes_ex_msgs/bboxes_ex_msgs_s__rosidl_typesupport_fastrtps_c.cpython-310-x86_64-linux-gnu.so
[1.105s] -- Up-to-date: /home/david/yolocpp_ws/install/bboxes_ex_msgs/local/lib/python3.10/dist-packages/bboxes_ex_msgs/bboxes_ex_msgs_s__rosidl_typesupport_introspection_c.cpython-310-x86_64-linux-gnu.so
[1.106s] -- Up-to-date: /home/david/yolocpp_ws/install/bboxes_ex_msgs/local/lib/python3.10/dist-packages/bboxes_ex_msgs/bboxes_ex_msgs_s__rosidl_typesupport_c.cpython-310-x86_64-linux-gnu.so
[1.106s] -- Up-to-date: /home/david/yolocpp_ws/install/bboxes_ex_msgs/lib/libbboxes_ex_msgs__rosidl_generator_py.so
[1.106s] -- Up-to-date: /home/david/yolocpp_ws/install/bboxes_ex_msgs/share/bboxes_ex_msgs/msg/BoundingBox.idl
[1.106s] -- Up-to-date: /home/david/yolocpp_ws/install/bboxes_ex_msgs/share/bboxes_ex_msgs/msg/BoundingBoxes.idl
[1.107s] -- Up-to-date: /home/david/yolocpp_ws/install/bboxes_ex_msgs/share/bboxes_ex_msgs/msg/BoundingBox.msg
[1.107s] -- Up-to-date: /home/david/yolocpp_ws/install/bboxes_ex_msgs/share/bboxes_ex_msgs/msg/BoundingBoxes.msg
[1.107s] -- Up-to-date: /home/david/yolocpp_ws/install/bboxes_ex_msgs/share/ament_index/resource_index/package_run_dependencies/bboxes_ex_msgs
[1.107s] -- Up-to-date: /home/david/yolocpp_ws/install/bboxes_ex_msgs/share/ament_index/resource_index/parent_prefix_path/bboxes_ex_msgs
[1.107s] -- Up-to-date: /home/david/yolocpp_ws/install/bboxes_ex_msgs/share/bboxes_ex_msgs/environment/ament_prefix_path.sh
[1.107s] -- Up-to-date: /home/david/yolocpp_ws/install/bboxes_ex_msgs/share/bboxes_ex_msgs/environment/ament_prefix_path.dsv
[1.107s] -- Up-to-date: /home/david/yolocpp_ws/install/bboxes_ex_msgs/share/bboxes_ex_msgs/environment/path.sh
[1.107s] -- Up-to-date: /home/david/yolocpp_ws/install/bboxes_ex_msgs/share/bboxes_ex_msgs/environment/path.dsv
[1.108s] -- Up-to-date: /home/david/yolocpp_ws/install/bboxes_ex_msgs/share/bboxes_ex_msgs/local_setup.bash
[1.108s] -- Up-to-date: /home/david/yolocpp_ws/install/bboxes_ex_msgs/share/bboxes_ex_msgs/local_setup.sh
[1.108s] -- Up-to-date: /home/david/yolocpp_ws/install/bboxes_ex_msgs/share/bboxes_ex_msgs/local_setup.zsh
[1.108s] -- Up-to-date: /home/david/yolocpp_ws/install/bboxes_ex_msgs/share/bboxes_ex_msgs/local_setup.dsv
[1.108s] -- Installing: /home/david/yolocpp_ws/install/bboxes_ex_msgs/share/bboxes_ex_msgs/package.dsv
[1.109s] -- Up-to-date: /home/david/yolocpp_ws/install/bboxes_ex_msgs/share/ament_index/resource_index/packages/bboxes_ex_msgs
[1.109s] -- Up-to-date: /home/david/yolocpp_ws/install/bboxes_ex_msgs/share/bboxes_ex_msgs/cmake/export_bboxes_ex_msgs__rosidl_generator_cExport.cmake
[1.109s] -- Up-to-date: /home/david/yolocpp_ws/install/bboxes_ex_msgs/share/bboxes_ex_msgs/cmake/export_bboxes_ex_msgs__rosidl_generator_cExport-noconfig.cmake
[1.109s] -- Up-to-date: /home/david/yolocpp_ws/install/bboxes_ex_msgs/share/bboxes_ex_msgs/cmake/export_bboxes_ex_msgs__rosidl_typesupport_fastrtps_cExport.cmake
[1.110s] -- Up-to-date: /home/david/yolocpp_ws/install/bboxes_ex_msgs/share/bboxes_ex_msgs/cmake/export_bboxes_ex_msgs__rosidl_typesupport_fastrtps_cExport-noconfig.cmake
[1.110s] -- Up-to-date: /home/david/yolocpp_ws/install/bboxes_ex_msgs/share/bboxes_ex_msgs/cmake/export_bboxes_ex_msgs__rosidl_generator_cppExport.cmake
[1.111s] -- Up-to-date: /home/david/yolocpp_ws/install/bboxes_ex_msgs/share/bboxes_ex_msgs/cmake/export_bboxes_ex_msgs__rosidl_typesupport_fastrtps_cppExport.cmake
[1.111s] -- Up-to-date: /home/david/yolocpp_ws/install/bboxes_ex_msgs/share/bboxes_ex_msgs/cmake/export_bboxes_ex_msgs__rosidl_typesupport_fastrtps_cppExport-noconfig.cmake
[1.111s] -- Up-to-date: /home/david/yolocpp_ws/install/bboxes_ex_msgs/share/bboxes_ex_msgs/cmake/bboxes_ex_msgs__rosidl_typesupport_introspection_cExport.cmake
[1.112s] -- Up-to-date: /home/david/yolocpp_ws/install/bboxes_ex_msgs/share/bboxes_ex_msgs/cmake/bboxes_ex_msgs__rosidl_typesupport_introspection_cExport-noconfig.cmake
[1.112s] -- Up-to-date: /home/david/yolocpp_ws/install/bboxes_ex_msgs/share/bboxes_ex_msgs/cmake/bboxes_ex_msgs__rosidl_typesupport_cExport.cmake
[1.112s] -- Up-to-date: /home/david/yolocpp_ws/install/bboxes_ex_msgs/share/bboxes_ex_msgs/cmake/bboxes_ex_msgs__rosidl_typesupport_cExport-noconfig.cmake
[1.112s] -- Up-to-date: /home/david/yolocpp_ws/install/bboxes_ex_msgs/share/bboxes_ex_msgs/cmake/bboxes_ex_msgs__rosidl_typesupport_introspection_cppExport.cmake
[1.112s] -- Up-to-date: /home/david/yolocpp_ws/install/bboxes_ex_msgs/share/bboxes_ex_msgs/cmake/bboxes_ex_msgs__rosidl_typesupport_introspection_cppExport-noconfig.cmake
[1.112s] -- Up-to-date: /home/david/yolocpp_ws/install/bboxes_ex_msgs/share/bboxes_ex_msgs/cmake/bboxes_ex_msgs__rosidl_typesupport_cppExport.cmake
[1.112s] -- Up-to-date: /home/david/yolocpp_ws/install/bboxes_ex_msgs/share/bboxes_ex_msgs/cmake/bboxes_ex_msgs__rosidl_typesupport_cppExport-noconfig.cmake
[1.113s] -- Up-to-date: /home/david/yolocpp_ws/install/bboxes_ex_msgs/share/bboxes_ex_msgs/cmake/export_bboxes_ex_msgs__rosidl_generator_pyExport.cmake
[1.113s] -- Up-to-date: /home/david/yolocpp_ws/install/bboxes_ex_msgs/share/bboxes_ex_msgs/cmake/export_bboxes_ex_msgs__rosidl_generator_pyExport-noconfig.cmake
[1.113s] -- Up-to-date: /home/david/yolocpp_ws/install/bboxes_ex_msgs/share/bboxes_ex_msgs/cmake/rosidl_cmake-extras.cmake
[1.113s] -- Up-to-date: /home/david/yolocpp_ws/install/bboxes_ex_msgs/share/bboxes_ex_msgs/cmake/ament_cmake_export_dependencies-extras.cmake
[1.113s] -- Up-to-date: /home/david/yolocpp_ws/install/bboxes_ex_msgs/share/bboxes_ex_msgs/cmake/ament_cmake_export_include_directories-extras.cmake
[1.113s] -- Up-to-date: /home/david/yolocpp_ws/install/bboxes_ex_msgs/share/bboxes_ex_msgs/cmake/ament_cmake_export_libraries-extras.cmake
[1.113s] -- Up-to-date: /home/david/yolocpp_ws/install/bboxes_ex_msgs/share/bboxes_ex_msgs/cmake/ament_cmake_export_targets-extras.cmake
[1.114s] -- Up-to-date: /home/david/yolocpp_ws/install/bboxes_ex_msgs/share/bboxes_ex_msgs/cmake/rosidl_cmake_export_typesupport_targets-extras.cmake
[1.114s] -- Up-to-date: /home/david/yolocpp_ws/install/bboxes_ex_msgs/share/bboxes_ex_msgs/cmake/rosidl_cmake_export_typesupport_libraries-extras.cmake
[1.115s] -- Up-to-date: /home/david/yolocpp_ws/install/bboxes_ex_msgs/share/bboxes_ex_msgs/cmake/bboxes_ex_msgsConfig.cmake
[1.115s] -- Up-to-date: /home/david/yolocpp_ws/install/bboxes_ex_msgs/share/bboxes_ex_msgs/cmake/bboxes_ex_msgsConfig-version.cmake
[1.115s] -- Up-to-date: /home/david/yolocpp_ws/install/bboxes_ex_msgs/share/bboxes_ex_msgs/package.xml
[1.164s] Invoked command in '/home/david/yolocpp_ws/build/bboxes_ex_msgs' returned '0': CMAKE_PREFIX_PATH=${CMAKE_PREFIX_PATH}:/home/david/yolopy_ws/install/yolopy:/opt/ros/humble PROMPT_COMMAND=echo -n \[$(date +%H:%M:%S)\]\ /home/david/.local/bin/cmake --install /home/david/yolocpp_ws/build/bboxes_ex_msgs
