[0.025s] Invoking command in '/home/david/yolocpp_ws/build/bboxes_ex_msgs': CMAKE_PREFIX_PATH=${CMAKE_PREFIX_PATH}:/home/david/yolopy_ws/install/yolopy:/opt/ros/humble PROMPT_COMMAND=echo -n \[$(date +%H:%M:%S)\]\ /home/david/.local/bin/cmake --build /home/david/yolocpp_ws/build/bboxes_ex_msgs -- -j32 -l32
[0.105s] [  2%] Built target bboxes_ex_msgs__cpp
[0.107s] [ 12%] Built target bboxes_ex_msgs__rosidl_generator_c
[0.116s] [ 12%] Built target ament_cmake_python_copy_bboxes_ex_msgs
[0.133s] [ 23%] Built target bboxes_ex_msgs__rosidl_typesupport_introspection_c
[0.134s] [ 41%] Built target bboxes_ex_msgs__rosidl_typesupport_introspection_cpp
[0.134s] [ 48%] Built target bboxes_ex_msgs__rosidl_typesupport_cpp
[0.135s] [ 53%] Built target bboxes_ex_msgs__rosidl_typesupport_c
[0.137s] [ 64%] Built target bboxes_ex_msgs__rosidl_typesupport_fastrtps_c
[0.137s] [ 74%] Built target bboxes_ex_msgs__rosidl_typesupport_fastrtps_cpp
[0.158s] [ 74%] Built target bboxes_ex_msgs
[0.178s] [ 76%] Built target bboxes_ex_msgs__py
[0.199s] [ 84%] Built target bboxes_ex_msgs__rosidl_generator_py
[0.222s] [ 89%] Built target bboxes_ex_msgs__rosidl_typesupport_fastrtps_c__pyext
[0.223s] [ 94%] Built target bboxes_ex_msgs__rosidl_typesupport_introspection_c__pyext
[0.224s] [100%] Built target bboxes_ex_msgs__rosidl_typesupport_c__pyext
[0.466s] running egg_info
[0.466s] writing bboxes_ex_msgs.egg-info/PKG-INFO
[0.466s] writing dependency_links to bboxes_ex_msgs.egg-info/dependency_links.txt
[0.466s] writing top-level names to bboxes_ex_msgs.egg-info/top_level.txt
[0.469s] reading manifest file 'bboxes_ex_msgs.egg-info/SOURCES.txt'
[0.469s] writing manifest file 'bboxes_ex_msgs.egg-info/SOURCES.txt'
[0.487s] [100%] Built target ament_cmake_python_build_bboxes_ex_msgs_egg
[0.498s] Invoked command in '/home/david/yolocpp_ws/build/bboxes_ex_msgs' returned '0': CMAKE_PREFIX_PATH=${CMAKE_PREFIX_PATH}:/home/david/yolopy_ws/install/yolopy:/opt/ros/humble PROMPT_COMMAND=echo -n \[$(date +%H:%M:%S)\]\ /home/david/.local/bin/cmake --build /home/david/yolocpp_ws/build/bboxes_ex_msgs -- -j32 -l32
[0.500s] Invoking command in '/home/david/yolocpp_ws/build/bboxes_ex_msgs': CMAKE_PREFIX_PATH=${CMAKE_PREFIX_PATH}:/home/david/yolopy_ws/install/yolopy:/opt/ros/humble PROMPT_COMMAND=echo -n \[$(date +%H:%M:%S)\]\ /home/david/.local/bin/cmake --install /home/david/yolocpp_ws/build/bboxes_ex_msgs
[0.533s] -- Install configuration: ""
[0.533s] -- Up-to-date: /home/david/yolocpp_ws/install/bboxes_ex_msgs/share/ament_index/resource_index/rosidl_interfaces/bboxes_ex_msgs
[0.533s] -- Up-to-date: /home/david/yolocpp_ws/install/bboxes_ex_msgs/include/bboxes_ex_msgs/bboxes_ex_msgs
[0.533s] -- Up-to-date: /home/david/yolocpp_ws/install/bboxes_ex_msgs/include/bboxes_ex_msgs/bboxes_ex_msgs/msg
[0.534s] -- Up-to-date: /home/david/yolocpp_ws/install/bboxes_ex_msgs/include/bboxes_ex_msgs/bboxes_ex_msgs/msg/bounding_box.h
[0.534s] -- Up-to-date: /home/david/yolocpp_ws/install/bboxes_ex_msgs/include/bboxes_ex_msgs/bboxes_ex_msgs/msg/rosidl_generator_c__visibility_control.h
[0.534s] -- Up-to-date: /home/david/yolocpp_ws/install/bboxes_ex_msgs/include/bboxes_ex_msgs/bboxes_ex_msgs/msg/detail
[0.534s] -- Up-to-date: /home/david/yolocpp_ws/install/bboxes_ex_msgs/include/bboxes_ex_msgs/bboxes_ex_msgs/msg/detail/bounding_boxes__functions.c
[0.534s] -- Up-to-date: /home/david/yolocpp_ws/install/bboxes_ex_msgs/include/bboxes_ex_msgs/bboxes_ex_msgs/msg/detail/bounding_boxes__functions.h
[0.534s] -- Up-to-date: /home/david/yolocpp_ws/install/bboxes_ex_msgs/include/bboxes_ex_msgs/bboxes_ex_msgs/msg/detail/bounding_boxes__struct.h
[0.534s] -- Up-to-date: /home/david/yolocpp_ws/install/bboxes_ex_msgs/include/bboxes_ex_msgs/bboxes_ex_msgs/msg/detail/bounding_box__functions.h
[0.534s] -- Up-to-date: /home/david/yolocpp_ws/install/bboxes_ex_msgs/include/bboxes_ex_msgs/bboxes_ex_msgs/msg/detail/bounding_box__struct.h
[0.534s] -- Up-to-date: /home/david/yolocpp_ws/install/bboxes_ex_msgs/include/bboxes_ex_msgs/bboxes_ex_msgs/msg/detail/bounding_box__type_support.h
[0.535s] -- Up-to-date: /home/david/yolocpp_ws/install/bboxes_ex_msgs/include/bboxes_ex_msgs/bboxes_ex_msgs/msg/detail/bounding_box__functions.c
[0.535s] -- Up-to-date: /home/david/yolocpp_ws/install/bboxes_ex_msgs/include/bboxes_ex_msgs/bboxes_ex_msgs/msg/detail/bounding_boxes__type_support.h
[0.535s] -- Up-to-date: /home/david/yolocpp_ws/install/bboxes_ex_msgs/include/bboxes_ex_msgs/bboxes_ex_msgs/msg/bounding_boxes.h
[0.535s] -- Up-to-date: /home/david/yolocpp_ws/install/bboxes_ex_msgs/share/bboxes_ex_msgs/environment/library_path.sh
[0.535s] -- Up-to-date: /home/david/yolocpp_ws/install/bboxes_ex_msgs/share/bboxes_ex_msgs/environment/library_path.dsv
[0.535s] -- Up-to-date: /home/david/yolocpp_ws/install/bboxes_ex_msgs/lib/libbboxes_ex_msgs__rosidl_generator_c.so
[0.535s] -- Up-to-date: /home/david/yolocpp_ws/install/bboxes_ex_msgs/include/bboxes_ex_msgs/bboxes_ex_msgs
[0.535s] -- Up-to-date: /home/david/yolocpp_ws/install/bboxes_ex_msgs/include/bboxes_ex_msgs/bboxes_ex_msgs/msg
[0.535s] -- Up-to-date: /home/david/yolocpp_ws/install/bboxes_ex_msgs/include/bboxes_ex_msgs/bboxes_ex_msgs/msg/rosidl_typesupport_fastrtps_c__visibility_control.h
[0.535s] -- Up-to-date: /home/david/yolocpp_ws/install/bboxes_ex_msgs/include/bboxes_ex_msgs/bboxes_ex_msgs/msg/detail
[0.535s] -- Up-to-date: /home/david/yolocpp_ws/install/bboxes_ex_msgs/include/bboxes_ex_msgs/bboxes_ex_msgs/msg/detail/bounding_boxes__rosidl_typesupport_fastrtps_c.h
[0.535s] -- Up-to-date: /home/david/yolocpp_ws/install/bboxes_ex_msgs/include/bboxes_ex_msgs/bboxes_ex_msgs/msg/detail/bounding_box__rosidl_typesupport_fastrtps_c.h
[0.536s] -- Up-to-date: /home/david/yolocpp_ws/install/bboxes_ex_msgs/lib/libbboxes_ex_msgs__rosidl_typesupport_fastrtps_c.so
[0.536s] -- Up-to-date: /home/david/yolocpp_ws/install/bboxes_ex_msgs/include/bboxes_ex_msgs/bboxes_ex_msgs
[0.536s] -- Up-to-date: /home/david/yolocpp_ws/install/bboxes_ex_msgs/include/bboxes_ex_msgs/bboxes_ex_msgs/msg
[0.536s] -- Up-to-date: /home/david/yolocpp_ws/install/bboxes_ex_msgs/include/bboxes_ex_msgs/bboxes_ex_msgs/msg/detail
[0.536s] -- Up-to-date: /home/david/yolocpp_ws/install/bboxes_ex_msgs/include/bboxes_ex_msgs/bboxes_ex_msgs/msg/detail/bounding_box__builder.hpp
[0.536s] -- Up-to-date: /home/david/yolocpp_ws/install/bboxes_ex_msgs/include/bboxes_ex_msgs/bboxes_ex_msgs/msg/detail/bounding_box__traits.hpp
[0.536s] -- Up-to-date: /home/david/yolocpp_ws/install/bboxes_ex_msgs/include/bboxes_ex_msgs/bboxes_ex_msgs/msg/detail/bounding_boxes__builder.hpp
[0.536s] -- Up-to-date: /home/david/yolocpp_ws/install/bboxes_ex_msgs/include/bboxes_ex_msgs/bboxes_ex_msgs/msg/detail/bounding_box__struct.hpp
[0.537s] -- Up-to-date: /home/david/yolocpp_ws/install/bboxes_ex_msgs/include/bboxes_ex_msgs/bboxes_ex_msgs/msg/detail/bounding_boxes__struct.hpp
[0.537s] -- Up-to-date: /home/david/yolocpp_ws/install/bboxes_ex_msgs/include/bboxes_ex_msgs/bboxes_ex_msgs/msg/detail/bounding_boxes__type_support.hpp
[0.537s] -- Up-to-date: /home/david/yolocpp_ws/install/bboxes_ex_msgs/include/bboxes_ex_msgs/bboxes_ex_msgs/msg/detail/bounding_box__type_support.hpp
[0.537s] -- Up-to-date: /home/david/yolocpp_ws/install/bboxes_ex_msgs/include/bboxes_ex_msgs/bboxes_ex_msgs/msg/detail/bounding_boxes__traits.hpp
[0.537s] -- Up-to-date: /home/david/yolocpp_ws/install/bboxes_ex_msgs/include/bboxes_ex_msgs/bboxes_ex_msgs/msg/rosidl_generator_cpp__visibility_control.hpp
[0.538s] -- Up-to-date: /home/david/yolocpp_ws/install/bboxes_ex_msgs/include/bboxes_ex_msgs/bboxes_ex_msgs/msg/bounding_box.hpp
[0.538s] -- Up-to-date: /home/david/yolocpp_ws/install/bboxes_ex_msgs/include/bboxes_ex_msgs/bboxes_ex_msgs/msg/bounding_boxes.hpp
[0.538s] -- Up-to-date: /home/david/yolocpp_ws/install/bboxes_ex_msgs/include/bboxes_ex_msgs/bboxes_ex_msgs
[0.538s] -- Up-to-date: /home/david/yolocpp_ws/install/bboxes_ex_msgs/include/bboxes_ex_msgs/bboxes_ex_msgs/msg
[0.538s] -- Up-to-date: /home/david/yolocpp_ws/install/bboxes_ex_msgs/include/bboxes_ex_msgs/bboxes_ex_msgs/msg/detail
[0.538s] -- Up-to-date: /home/david/yolocpp_ws/install/bboxes_ex_msgs/include/bboxes_ex_msgs/bboxes_ex_msgs/msg/detail/bounding_boxes__rosidl_typesupport_fastrtps_cpp.hpp
[0.538s] -- Up-to-date: /home/david/yolocpp_ws/install/bboxes_ex_msgs/include/bboxes_ex_msgs/bboxes_ex_msgs/msg/detail/dds_fastrtps
[0.538s] -- Up-to-date: /home/david/yolocpp_ws/install/bboxes_ex_msgs/include/bboxes_ex_msgs/bboxes_ex_msgs/msg/detail/bounding_box__rosidl_typesupport_fastrtps_cpp.hpp
[0.539s] -- Up-to-date: /home/david/yolocpp_ws/install/bboxes_ex_msgs/include/bboxes_ex_msgs/bboxes_ex_msgs/msg/rosidl_typesupport_fastrtps_cpp__visibility_control.h
[0.539s] -- Up-to-date: /home/david/yolocpp_ws/install/bboxes_ex_msgs/lib/libbboxes_ex_msgs__rosidl_typesupport_fastrtps_cpp.so
[0.539s] -- Up-to-date: /home/david/yolocpp_ws/install/bboxes_ex_msgs/include/bboxes_ex_msgs/bboxes_ex_msgs
[0.539s] -- Up-to-date: /home/david/yolocpp_ws/install/bboxes_ex_msgs/include/bboxes_ex_msgs/bboxes_ex_msgs/msg
[0.540s] -- Up-to-date: /home/david/yolocpp_ws/install/bboxes_ex_msgs/include/bboxes_ex_msgs/bboxes_ex_msgs/msg/rosidl_typesupport_introspection_c__visibility_control.h
[0.540s] -- Up-to-date: /home/david/yolocpp_ws/install/bboxes_ex_msgs/include/bboxes_ex_msgs/bboxes_ex_msgs/msg/detail
[0.541s] -- Up-to-date: /home/david/yolocpp_ws/install/bboxes_ex_msgs/include/bboxes_ex_msgs/bboxes_ex_msgs/msg/detail/bounding_box__type_support.c
[0.542s] -- Up-to-date: /home/david/yolocpp_ws/install/bboxes_ex_msgs/include/bboxes_ex_msgs/bboxes_ex_msgs/msg/detail/bounding_boxes__rosidl_typesupport_introspection_c.h
[0.542s] -- Up-to-date: /home/david/yolocpp_ws/install/bboxes_ex_msgs/include/bboxes_ex_msgs/bboxes_ex_msgs/msg/detail/bounding_boxes__type_support.c
[0.542s] -- Up-to-date: /home/david/yolocpp_ws/install/bboxes_ex_msgs/include/bboxes_ex_msgs/bboxes_ex_msgs/msg/detail/bounding_box__rosidl_typesupport_introspection_c.h
[0.542s] -- Up-to-date: /home/david/yolocpp_ws/install/bboxes_ex_msgs/lib/libbboxes_ex_msgs__rosidl_typesupport_introspection_c.so
[0.542s] -- Up-to-date: /home/david/yolocpp_ws/install/bboxes_ex_msgs/lib/libbboxes_ex_msgs__rosidl_typesupport_c.so
[0.543s] -- Up-to-date: /home/david/yolocpp_ws/install/bboxes_ex_msgs/include/bboxes_ex_msgs/bboxes_ex_msgs
[0.543s] -- Up-to-date: /home/david/yolocpp_ws/install/bboxes_ex_msgs/include/bboxes_ex_msgs/bboxes_ex_msgs/msg
[0.544s] -- Up-to-date: /home/david/yolocpp_ws/install/bboxes_ex_msgs/include/bboxes_ex_msgs/bboxes_ex_msgs/msg/detail
[0.544s] -- Up-to-date: /home/david/yolocpp_ws/install/bboxes_ex_msgs/include/bboxes_ex_msgs/bboxes_ex_msgs/msg/detail/bounding_boxes__rosidl_typesupport_introspection_cpp.hpp
[0.544s] -- Up-to-date: /home/david/yolocpp_ws/install/bboxes_ex_msgs/include/bboxes_ex_msgs/bboxes_ex_msgs/msg/detail/bounding_box__type_support.cpp
[0.544s] -- Up-to-date: /home/david/yolocpp_ws/install/bboxes_ex_msgs/include/bboxes_ex_msgs/bboxes_ex_msgs/msg/detail/bounding_box__rosidl_typesupport_introspection_cpp.hpp
[0.544s] -- Up-to-date: /home/david/yolocpp_ws/install/bboxes_ex_msgs/include/bboxes_ex_msgs/bboxes_ex_msgs/msg/detail/bounding_boxes__type_support.cpp
[0.544s] -- Up-to-date: /home/david/yolocpp_ws/install/bboxes_ex_msgs/lib/libbboxes_ex_msgs__rosidl_typesupport_introspection_cpp.so
[0.545s] -- Up-to-date: /home/david/yolocpp_ws/install/bboxes_ex_msgs/lib/libbboxes_ex_msgs__rosidl_typesupport_cpp.so
[0.545s] -- Up-to-date: /home/david/yolocpp_ws/install/bboxes_ex_msgs/share/bboxes_ex_msgs/environment/pythonpath.sh
[0.545s] -- Up-to-date: /home/david/yolocpp_ws/install/bboxes_ex_msgs/share/bboxes_ex_msgs/environment/pythonpath.dsv
[0.545s] -- Up-to-date: /home/david/yolocpp_ws/install/bboxes_ex_msgs/local/lib/python3.10/dist-packages/bboxes_ex_msgs-0.0.0-py3.10.egg-info
[0.545s] -- Installing: /home/david/yolocpp_ws/install/bboxes_ex_msgs/local/lib/python3.10/dist-packages/bboxes_ex_msgs-0.0.0-py3.10.egg-info/PKG-INFO
[0.546s] -- Installing: /home/david/yolocpp_ws/install/bboxes_ex_msgs/local/lib/python3.10/dist-packages/bboxes_ex_msgs-0.0.0-py3.10.egg-info/SOURCES.txt
[0.547s] -- Installing: /home/david/yolocpp_ws/install/bboxes_ex_msgs/local/lib/python3.10/dist-packages/bboxes_ex_msgs-0.0.0-py3.10.egg-info/dependency_links.txt
[0.547s] -- Installing: /home/david/yolocpp_ws/install/bboxes_ex_msgs/local/lib/python3.10/dist-packages/bboxes_ex_msgs-0.0.0-py3.10.egg-info/top_level.txt
[0.547s] -- Up-to-date: /home/david/yolocpp_ws/install/bboxes_ex_msgs/local/lib/python3.10/dist-packages/bboxes_ex_msgs
[0.547s] -- Up-to-date: /home/david/yolocpp_ws/install/bboxes_ex_msgs/local/lib/python3.10/dist-packages/bboxes_ex_msgs/_bboxes_ex_msgs_s.ep.rosidl_typesupport_introspection_c.c
[0.547s] -- Up-to-date: /home/david/yolocpp_ws/install/bboxes_ex_msgs/local/lib/python3.10/dist-packages/bboxes_ex_msgs/bboxes_ex_msgs_s__rosidl_typesupport_introspection_c.cpython-310-x86_64-linux-gnu.so
[0.547s] -- Up-to-date: /home/david/yolocpp_ws/install/bboxes_ex_msgs/local/lib/python3.10/dist-packages/bboxes_ex_msgs/bboxes_ex_msgs_s__rosidl_typesupport_fastrtps_c.cpython-310-x86_64-linux-gnu.so
[0.547s] -- Up-to-date: /home/david/yolocpp_ws/install/bboxes_ex_msgs/local/lib/python3.10/dist-packages/bboxes_ex_msgs/bboxes_ex_msgs_s__rosidl_typesupport_c.cpython-310-x86_64-linux-gnu.so
[0.547s] -- Up-to-date: /home/david/yolocpp_ws/install/bboxes_ex_msgs/local/lib/python3.10/dist-packages/bboxes_ex_msgs/_bboxes_ex_msgs_s.ep.rosidl_typesupport_c.c
[0.547s] -- Up-to-date: /home/david/yolocpp_ws/install/bboxes_ex_msgs/local/lib/python3.10/dist-packages/bboxes_ex_msgs/_bboxes_ex_msgs_s.ep.rosidl_typesupport_fastrtps_c.c
[0.547s] -- Up-to-date: /home/david/yolocpp_ws/install/bboxes_ex_msgs/local/lib/python3.10/dist-packages/bboxes_ex_msgs/libbboxes_ex_msgs__rosidl_generator_py.so
[0.547s] -- Up-to-date: /home/david/yolocpp_ws/install/bboxes_ex_msgs/local/lib/python3.10/dist-packages/bboxes_ex_msgs/__init__.py
[0.547s] -- Up-to-date: /home/david/yolocpp_ws/install/bboxes_ex_msgs/local/lib/python3.10/dist-packages/bboxes_ex_msgs/msg
[0.547s] -- Up-to-date: /home/david/yolocpp_ws/install/bboxes_ex_msgs/local/lib/python3.10/dist-packages/bboxes_ex_msgs/msg/_bounding_boxes_s.c
[0.547s] -- Up-to-date: /home/david/yolocpp_ws/install/bboxes_ex_msgs/local/lib/python3.10/dist-packages/bboxes_ex_msgs/msg/_bounding_boxes.py
[0.548s] -- Up-to-date: /home/david/yolocpp_ws/install/bboxes_ex_msgs/local/lib/python3.10/dist-packages/bboxes_ex_msgs/msg/_bounding_box_s.c
[0.548s] -- Up-to-date: /home/david/yolocpp_ws/install/bboxes_ex_msgs/local/lib/python3.10/dist-packages/bboxes_ex_msgs/msg/__init__.py
[0.548s] -- Up-to-date: /home/david/yolocpp_ws/install/bboxes_ex_msgs/local/lib/python3.10/dist-packages/bboxes_ex_msgs/msg/_bounding_box.py
[0.579s] Listing '/home/david/yolocpp_ws/install/bboxes_ex_msgs/local/lib/python3.10/dist-packages/bboxes_ex_msgs'...
[0.579s] Listing '/home/david/yolocpp_ws/install/bboxes_ex_msgs/local/lib/python3.10/dist-packages/bboxes_ex_msgs/msg'...
[0.583s] -- Up-to-date: /home/david/yolocpp_ws/install/bboxes_ex_msgs/local/lib/python3.10/dist-packages/bboxes_ex_msgs/bboxes_ex_msgs_s__rosidl_typesupport_fastrtps_c.cpython-310-x86_64-linux-gnu.so
[0.583s] -- Up-to-date: /home/david/yolocpp_ws/install/bboxes_ex_msgs/local/lib/python3.10/dist-packages/bboxes_ex_msgs/bboxes_ex_msgs_s__rosidl_typesupport_introspection_c.cpython-310-x86_64-linux-gnu.so
[0.584s] -- Up-to-date: /home/david/yolocpp_ws/install/bboxes_ex_msgs/local/lib/python3.10/dist-packages/bboxes_ex_msgs/bboxes_ex_msgs_s__rosidl_typesupport_c.cpython-310-x86_64-linux-gnu.so
[0.584s] -- Up-to-date: /home/david/yolocpp_ws/install/bboxes_ex_msgs/lib/libbboxes_ex_msgs__rosidl_generator_py.so
[0.584s] -- Up-to-date: /home/david/yolocpp_ws/install/bboxes_ex_msgs/share/bboxes_ex_msgs/msg/BoundingBox.idl
[0.584s] -- Up-to-date: /home/david/yolocpp_ws/install/bboxes_ex_msgs/share/bboxes_ex_msgs/msg/BoundingBoxes.idl
[0.584s] -- Up-to-date: /home/david/yolocpp_ws/install/bboxes_ex_msgs/share/bboxes_ex_msgs/msg/BoundingBox.msg
[0.584s] -- Up-to-date: /home/david/yolocpp_ws/install/bboxes_ex_msgs/share/bboxes_ex_msgs/msg/BoundingBoxes.msg
[0.584s] -- Up-to-date: /home/david/yolocpp_ws/install/bboxes_ex_msgs/share/ament_index/resource_index/package_run_dependencies/bboxes_ex_msgs
[0.584s] -- Up-to-date: /home/david/yolocpp_ws/install/bboxes_ex_msgs/share/ament_index/resource_index/parent_prefix_path/bboxes_ex_msgs
[0.584s] -- Up-to-date: /home/david/yolocpp_ws/install/bboxes_ex_msgs/share/bboxes_ex_msgs/environment/ament_prefix_path.sh
[0.584s] -- Up-to-date: /home/david/yolocpp_ws/install/bboxes_ex_msgs/share/bboxes_ex_msgs/environment/ament_prefix_path.dsv
[0.585s] -- Up-to-date: /home/david/yolocpp_ws/install/bboxes_ex_msgs/share/bboxes_ex_msgs/environment/path.sh
[0.585s] -- Up-to-date: /home/david/yolocpp_ws/install/bboxes_ex_msgs/share/bboxes_ex_msgs/environment/path.dsv
[0.585s] -- Up-to-date: /home/david/yolocpp_ws/install/bboxes_ex_msgs/share/bboxes_ex_msgs/local_setup.bash
[0.585s] -- Up-to-date: /home/david/yolocpp_ws/install/bboxes_ex_msgs/share/bboxes_ex_msgs/local_setup.sh
[0.585s] -- Up-to-date: /home/david/yolocpp_ws/install/bboxes_ex_msgs/share/bboxes_ex_msgs/local_setup.zsh
[0.585s] -- Up-to-date: /home/david/yolocpp_ws/install/bboxes_ex_msgs/share/bboxes_ex_msgs/local_setup.dsv
[0.585s] -- Installing: /home/david/yolocpp_ws/install/bboxes_ex_msgs/share/bboxes_ex_msgs/package.dsv
[0.585s] -- Up-to-date: /home/david/yolocpp_ws/install/bboxes_ex_msgs/share/ament_index/resource_index/packages/bboxes_ex_msgs
[0.585s] -- Up-to-date: /home/david/yolocpp_ws/install/bboxes_ex_msgs/share/bboxes_ex_msgs/cmake/export_bboxes_ex_msgs__rosidl_generator_cExport.cmake
[0.585s] -- Up-to-date: /home/david/yolocpp_ws/install/bboxes_ex_msgs/share/bboxes_ex_msgs/cmake/export_bboxes_ex_msgs__rosidl_generator_cExport-noconfig.cmake
[0.585s] -- Up-to-date: /home/david/yolocpp_ws/install/bboxes_ex_msgs/share/bboxes_ex_msgs/cmake/export_bboxes_ex_msgs__rosidl_typesupport_fastrtps_cExport.cmake
[0.585s] -- Up-to-date: /home/david/yolocpp_ws/install/bboxes_ex_msgs/share/bboxes_ex_msgs/cmake/export_bboxes_ex_msgs__rosidl_typesupport_fastrtps_cExport-noconfig.cmake
[0.585s] -- Up-to-date: /home/david/yolocpp_ws/install/bboxes_ex_msgs/share/bboxes_ex_msgs/cmake/export_bboxes_ex_msgs__rosidl_generator_cppExport.cmake
[0.585s] -- Up-to-date: /home/david/yolocpp_ws/install/bboxes_ex_msgs/share/bboxes_ex_msgs/cmake/export_bboxes_ex_msgs__rosidl_typesupport_fastrtps_cppExport.cmake
[0.585s] -- Up-to-date: /home/david/yolocpp_ws/install/bboxes_ex_msgs/share/bboxes_ex_msgs/cmake/export_bboxes_ex_msgs__rosidl_typesupport_fastrtps_cppExport-noconfig.cmake
[0.585s] -- Up-to-date: /home/david/yolocpp_ws/install/bboxes_ex_msgs/share/bboxes_ex_msgs/cmake/bboxes_ex_msgs__rosidl_typesupport_introspection_cExport.cmake
[0.586s] -- Up-to-date: /home/david/yolocpp_ws/install/bboxes_ex_msgs/share/bboxes_ex_msgs/cmake/bboxes_ex_msgs__rosidl_typesupport_introspection_cExport-noconfig.cmake
[0.586s] -- Up-to-date: /home/david/yolocpp_ws/install/bboxes_ex_msgs/share/bboxes_ex_msgs/cmake/bboxes_ex_msgs__rosidl_typesupport_cExport.cmake
[0.586s] -- Up-to-date: /home/david/yolocpp_ws/install/bboxes_ex_msgs/share/bboxes_ex_msgs/cmake/bboxes_ex_msgs__rosidl_typesupport_cExport-noconfig.cmake
[0.586s] -- Up-to-date: /home/david/yolocpp_ws/install/bboxes_ex_msgs/share/bboxes_ex_msgs/cmake/bboxes_ex_msgs__rosidl_typesupport_introspection_cppExport.cmake
[0.586s] -- Up-to-date: /home/david/yolocpp_ws/install/bboxes_ex_msgs/share/bboxes_ex_msgs/cmake/bboxes_ex_msgs__rosidl_typesupport_introspection_cppExport-noconfig.cmake
[0.586s] -- Up-to-date: /home/david/yolocpp_ws/install/bboxes_ex_msgs/share/bboxes_ex_msgs/cmake/bboxes_ex_msgs__rosidl_typesupport_cppExport.cmake
[0.586s] -- Up-to-date: /home/david/yolocpp_ws/install/bboxes_ex_msgs/share/bboxes_ex_msgs/cmake/bboxes_ex_msgs__rosidl_typesupport_cppExport-noconfig.cmake
[0.586s] -- Up-to-date: /home/david/yolocpp_ws/install/bboxes_ex_msgs/share/bboxes_ex_msgs/cmake/export_bboxes_ex_msgs__rosidl_generator_pyExport.cmake
[0.586s] -- Up-to-date: /home/david/yolocpp_ws/install/bboxes_ex_msgs/share/bboxes_ex_msgs/cmake/export_bboxes_ex_msgs__rosidl_generator_pyExport-noconfig.cmake
[0.586s] -- Up-to-date: /home/david/yolocpp_ws/install/bboxes_ex_msgs/share/bboxes_ex_msgs/cmake/rosidl_cmake-extras.cmake
[0.586s] -- Up-to-date: /home/david/yolocpp_ws/install/bboxes_ex_msgs/share/bboxes_ex_msgs/cmake/ament_cmake_export_dependencies-extras.cmake
[0.586s] -- Up-to-date: /home/david/yolocpp_ws/install/bboxes_ex_msgs/share/bboxes_ex_msgs/cmake/ament_cmake_export_include_directories-extras.cmake
[0.586s] -- Up-to-date: /home/david/yolocpp_ws/install/bboxes_ex_msgs/share/bboxes_ex_msgs/cmake/ament_cmake_export_libraries-extras.cmake
[0.586s] -- Up-to-date: /home/david/yolocpp_ws/install/bboxes_ex_msgs/share/bboxes_ex_msgs/cmake/ament_cmake_export_targets-extras.cmake
[0.586s] -- Up-to-date: /home/david/yolocpp_ws/install/bboxes_ex_msgs/share/bboxes_ex_msgs/cmake/rosidl_cmake_export_typesupport_targets-extras.cmake
[0.586s] -- Up-to-date: /home/david/yolocpp_ws/install/bboxes_ex_msgs/share/bboxes_ex_msgs/cmake/rosidl_cmake_export_typesupport_libraries-extras.cmake
[0.587s] -- Up-to-date: /home/david/yolocpp_ws/install/bboxes_ex_msgs/share/bboxes_ex_msgs/cmake/bboxes_ex_msgsConfig.cmake
[0.587s] -- Up-to-date: /home/david/yolocpp_ws/install/bboxes_ex_msgs/share/bboxes_ex_msgs/cmake/bboxes_ex_msgsConfig-version.cmake
[0.587s] -- Up-to-date: /home/david/yolocpp_ws/install/bboxes_ex_msgs/share/bboxes_ex_msgs/package.xml
[0.593s] Invoked command in '/home/david/yolocpp_ws/build/bboxes_ex_msgs' returned '0': CMAKE_PREFIX_PATH=${CMAKE_PREFIX_PATH}:/home/david/yolopy_ws/install/yolopy:/opt/ros/humble PROMPT_COMMAND=echo -n \[$(date +%H:%M:%S)\]\ /home/david/.local/bin/cmake --install /home/david/yolocpp_ws/build/bboxes_ex_msgs
