[ 50%] Built target chrono
[ 75%] [32mBuilding CXX object CMakeFiles/seg_sub_node.dir/src/seg_sub.cpp.o[0m
In file included from [01m[K/opt/ros/humble/include/rclcpp/rclcpp/logging.hpp:24[m[K,
                 from [01m[K/opt/ros/humble/include/rclcpp/rclcpp/client.hpp:40[m[K,
                 from [01m[K/opt/ros/humble/include/rclcpp/rclcpp/callback_group.hpp:24[m[K,
                 from [01m[K/opt/ros/humble/include/rclcpp/rclcpp/any_executable.hpp:20[m[K,
                 from [01m[K/opt/ros/humble/include/rclcpp/rclcpp/memory_strategy.hpp:25[m[K,
                 from [01m[K/opt/ros/humble/include/rclcpp/rclcpp/memory_strategies.hpp:18[m[K,
                 from [01m[K/opt/ros/humble/include/rclcpp/rclcpp/executor_options.hpp:20[m[K,
                 from [01m[K/opt/ros/humble/include/rclcpp/rclcpp/executor.hpp:37[m[K,
                 from [01m[K/opt/ros/humble/include/rclcpp/rclcpp/executors/multi_threaded_executor.hpp:25[m[K,
                 from [01m[K/opt/ros/humble/include/rclcpp/rclcpp/executors.hpp:21[m[K,
                 from [01m[K/opt/ros/humble/include/rclcpp/rclcpp/rclcpp.hpp:155[m[K,
                 from [01m[K/home/david/yolocpp_ws/src/seg_sub/src/seg_sub.cpp:1[m[K:
[01m[K/home/david/yolocpp_ws/src/seg_sub/src/seg_sub.cpp:[m[K In lambda function:
[01m[K/home/david/yolocpp_ws/src/seg_sub/src/seg_sub.cpp:205:25:[m[K [01;35m[Kwarning: [m[Kformat ‘[01m[K%ld[m[K’ expects argument of type ‘[01m[Klong int[m[K’, but argument 7 has type ‘[01m[Kbuiltin_interfaces::msg::Time_<std::allocator<void> >::_sec_type[m[K’ {aka ‘[01m[Kint[m[K’} [[01;35m[K]8;;https://gcc.gnu.org/onlinedocs/gcc/Warning-Options.html#index-Wformat=-Wformat=]8;;[m[K]
  205 |                         [01;35m[K"[%s Pkt#%lu] Latency Breakdown (ms) ImgPub OriginalTS: %ld.%09ld\n" // Añadido Pkt#[m[K
      |                         [01;35m[K^~~~~~~~~~~~~~~~~~~~~~~~~~~~~~~~~~~~~~~~~~~~~~~~~~~~~~~~~~~~~~~~~~~~~~~~~~~~~~~~~~~~[m[K
  206 | [01;35m[K                        "  T0_ImgPubTime ....................: %ld.%09ld\n"[m[K
      |                         [01;35m[K~~~~~~~~~~~~~~~~~~~~~~~~~~~~~~~~~~~~~~~~~~~~~~~~~~~[m[K
  207 | [01;35m[K                        "  T1_SegNode_CBCallTime ............: %ld.%09ld  |  T0->T1 (ImgPub to CB): %.3f ms\n"[m[K
      |                         [01;35m[K~~~~~~~~~~~~~~~~~~~~~~~~~~~~~~~~~~~~~~~~~~~~~~~~~~~~~~~~~~~~~~~~~~~~~~~~~~~~~~~~~~~~~~[m[K
  208 | [01;35m[K                        "  T2_SegNode_BatchProcStartTime ....: %ld.%09ld  |  T1->T2 (CB to BatchStart): %.3f ms\n"[m[K
      |                         [01;35m[K~~~~~~~~~~~~~~~~~~~~~~~~~~~~~~~~~~~~~~~~~~~~~~~~~~~~~~~~~~~~~~~~~~~~~~~~~~~~~~~~~~~~~~~~~~[m[K
  209 | [01;35m[K                        "  T3_SegNode_ResultPubTime .........: %ld.%09ld  |  T2->T3 (BatchStart to ResPub): %.3f ms\n"[m[K
      |                         [01;35m[K~~~~~~~~~~~~~~~~~~~~~~~~~~~~~~~~~~~~~~~~~~~~~~~~~~~~~~~~~~~~~~~~~~~~~~~~~~~~~~~~~~~~~~~~~~~~~~[m[K
  210 | [01;35m[K                        "  T4_SegSub_ResultRecvTime .........: %ld.%09ld  |  T3->T4 (ResPub to SegSubRecv): %.3f ms\n"[m[K
      |                         [01;35m[K~~~~~~~~~~~~~~~~~~~~~~~~~~~~~~~~~~~~~~~~~~~~~~~~~~~~~~~~~~~~~~~~~~~~~~~~~~~~~~~~~~~~~~~~~~~~~~[m[K
  211 | [01;35m[K                        "  --------------------------------------------------------------------------------------\n"[m[K
      |                         [01;35m[K~~~~~~~~~~~~~~~~~~~~~~~~~~~~~~~~~~~~~~~~~~~~~~~~~~~~~~~~~~~~~~~~~~~~~~~~~~~~~~~~~~~~~~~~~~~~[m[K
  212 | [01;35m[K                        "  Cumulative T1->T4 (SegNodeCB to SegSubRecv): %.3f ms\n"[m[K
      |                         [01;35m[K~~~~~~~~~~~~~~~~~~~~~~~~~~~~~~~~~~~~~~~~~~~~~~~~~~~~~~~~~~[m[K
  213 | [01;35m[K                        "  TOTAL E2E  T0->T4 (ImgPub to SegSubRecv)   : %.3f ms%s"[m[K,
      |                         [01;35m[K~~~~~~~~~~~~~~~~~~~~~~~~~~~~~~~~~~~~~~~~~~~~~~~~~~~~~~~~~~[m[K
  214 |                         camera_id.c_str(), packet_seq_num, [32m[Kmsg->header.stamp.sec[m[K, msg->header.stamp.nanosec, // Usar packet_seq_num
      |                                                            [32m[K~~~~~~~~~~~~~~~~~~~~~[m[K
      |                                                                              [32m[K|[m[K
      |                                                                              [32m[Kbuiltin_interfaces::msg::Time_<std::allocator<void> >::_sec_type {aka int}[m[K
[01m[K/home/david/yolocpp_ws/src/seg_sub/src/seg_sub.cpp:205:83:[m[K [01;36m[Knote: [m[Kformat string is defined here
  205 |                         "[%s Pkt#%lu] Latency Breakdown (ms) ImgPub OriginalTS: [01;36m[K%ld[m[K.%09ld\n" // Añadido Pkt#
      |                                                                                 [01;36m[K~~^[m[K
      |                                                                                   [01;36m[K|[m[K
      |                                                                                   [01;36m[Klong int[m[K
      |                                                                                 [32m[K%d[m[K
In file included from [01m[K/opt/ros/humble/include/rclcpp/rclcpp/logging.hpp:24[m[K,
                 from [01m[K/opt/ros/humble/include/rclcpp/rclcpp/client.hpp:40[m[K,
                 from [01m[K/opt/ros/humble/include/rclcpp/rclcpp/callback_group.hpp:24[m[K,
                 from [01m[K/opt/ros/humble/include/rclcpp/rclcpp/any_executable.hpp:20[m[K,
                 from [01m[K/opt/ros/humble/include/rclcpp/rclcpp/memory_strategy.hpp:25[m[K,
                 from [01m[K/opt/ros/humble/include/rclcpp/rclcpp/memory_strategies.hpp:18[m[K,
                 from [01m[K/opt/ros/humble/include/rclcpp/rclcpp/executor_options.hpp:20[m[K,
                 from [01m[K/opt/ros/humble/include/rclcpp/rclcpp/executor.hpp:37[m[K,
                 from [01m[K/opt/ros/humble/include/rclcpp/rclcpp/executors/multi_threaded_executor.hpp:25[m[K,
                 from [01m[K/opt/ros/humble/include/rclcpp/rclcpp/executors.hpp:21[m[K,
                 from [01m[K/opt/ros/humble/include/rclcpp/rclcpp/rclcpp.hpp:155[m[K,
                 from [01m[K/home/david/yolocpp_ws/src/seg_sub/src/seg_sub.cpp:1[m[K:
[01m[K/home/david/yolocpp_ws/src/seg_sub/src/seg_sub.cpp:205:25:[m[K [01;35m[Kwarning: [m[Kformat ‘[01m[K%ld[m[K’ expects argument of type ‘[01m[Klong int[m[K’, but argument 8 has type ‘[01m[Kbuiltin_interfaces::msg::Time_<std::allocator<void> >::_nanosec_type[m[K’ {aka ‘[01m[Kunsigned int[m[K’} [[01;35m[K]8;;https://gcc.gnu.org/onlinedocs/gcc/Warning-Options.html#index-Wformat=-Wformat=]8;;[m[K]
  205 |                         [01;35m[K"[%s Pkt#%lu] Latency Breakdown (ms) ImgPub OriginalTS: %ld.%09ld\n" // Añadido Pkt#[m[K
      |                         [01;35m[K^~~~~~~~~~~~~~~~~~~~~~~~~~~~~~~~~~~~~~~~~~~~~~~~~~~~~~~~~~~~~~~~~~~~~~~~~~~~~~~~~~~~[m[K
  206 | [01;35m[K                        "  T0_ImgPubTime ....................: %ld.%09ld\n"[m[K
      |                         [01;35m[K~~~~~~~~~~~~~~~~~~~~~~~~~~~~~~~~~~~~~~~~~~~~~~~~~~~[m[K
  207 | [01;35m[K                        "  T1_SegNode_CBCallTime ............: %ld.%09ld  |  T0->T1 (ImgPub to CB): %.3f ms\n"[m[K
      |                         [01;35m[K~~~~~~~~~~~~~~~~~~~~~~~~~~~~~~~~~~~~~~~~~~~~~~~~~~~~~~~~~~~~~~~~~~~~~~~~~~~~~~~~~~~~~~[m[K
  208 | [01;35m[K                        "  T2_SegNode_BatchProcStartTime ....: %ld.%09ld  |  T1->T2 (CB to BatchStart): %.3f ms\n"[m[K
      |                         [01;35m[K~~~~~~~~~~~~~~~~~~~~~~~~~~~~~~~~~~~~~~~~~~~~~~~~~~~~~~~~~~~~~~~~~~~~~~~~~~~~~~~~~~~~~~~~~~[m[K
  209 | [01;35m[K                        "  T3_SegNode_ResultPubTime .........: %ld.%09ld  |  T2->T3 (BatchStart to ResPub): %.3f ms\n"[m[K
      |                         [01;35m[K~~~~~~~~~~~~~~~~~~~~~~~~~~~~~~~~~~~~~~~~~~~~~~~~~~~~~~~~~~~~~~~~~~~~~~~~~~~~~~~~~~~~~~~~~~~~~~[m[K
  210 | [01;35m[K                        "  T4_SegSub_ResultRecvTime .........: %ld.%09ld  |  T3->T4 (ResPub to SegSubRecv): %.3f ms\n"[m[K
      |                         [01;35m[K~~~~~~~~~~~~~~~~~~~~~~~~~~~~~~~~~~~~~~~~~~~~~~~~~~~~~~~~~~~~~~~~~~~~~~~~~~~~~~~~~~~~~~~~~~~~~~[m[K
  211 | [01;35m[K                        "  --------------------------------------------------------------------------------------\n"[m[K
      |                         [01;35m[K~~~~~~~~~~~~~~~~~~~~~~~~~~~~~~~~~~~~~~~~~~~~~~~~~~~~~~~~~~~~~~~~~~~~~~~~~~~~~~~~~~~~~~~~~~~~[m[K
  212 | [01;35m[K                        "  Cumulative T1->T4 (SegNodeCB to SegSubRecv): %.3f ms\n"[m[K
      |                         [01;35m[K~~~~~~~~~~~~~~~~~~~~~~~~~~~~~~~~~~~~~~~~~~~~~~~~~~~~~~~~~~[m[K
  213 | [01;35m[K                        "  TOTAL E2E  T0->T4 (ImgPub to SegSubRecv)   : %.3f ms%s"[m[K,
      |                         [01;35m[K~~~~~~~~~~~~~~~~~~~~~~~~~~~~~~~~~~~~~~~~~~~~~~~~~~~~~~~~~~[m[K
  214 |                         camera_id.c_str(), packet_seq_num, msg->header.stamp.sec, [32m[Kmsg->header.stamp.nanosec[m[K, // Usar packet_seq_num
      |                                                                                   [32m[K~~~~~~~~~~~~~~~~~~~~~~~~~[m[K
      |                                                                                                     [32m[K|[m[K
      |                                                                                                     [32m[Kbuiltin_interfaces::msg::Time_<std::allocator<void> >::_nanosec_type {aka unsigned int}[m[K
[01m[K/home/david/yolocpp_ws/src/seg_sub/src/seg_sub.cpp:205:89:[m[K [01;36m[Knote: [m[Kformat string is defined here
  205 |                         "[%s Pkt#%lu] Latency Breakdown (ms) ImgPub OriginalTS: %ld.[01;36m[K%09ld[m[K\n" // Añadido Pkt#
      |                                                                                     [01;36m[K~~~~^[m[K
      |                                                                                         [01;36m[K|[m[K
      |                                                                                         [01;36m[Klong int[m[K
      |                                                                                     [32m[K%09d[m[K
[100%] [32m[1mLinking CXX executable seg_sub_node[0m
[100%] Built target seg_sub_node
-- Install configuration: ""
-- Up-to-date: /home/david/yolocpp_ws/install/seg_sub/lib/seg_sub/libchrono.so
-- Installing: /home/david/yolocpp_ws/install/seg_sub/lib/seg_sub/seg_sub_node
-- Set runtime path of "/home/david/yolocpp_ws/install/seg_sub/lib/seg_sub/seg_sub_node" to ""
-- Up-to-date: /home/david/yolocpp_ws/install/seg_sub/share/seg_sub/launch
-- Up-to-date: /home/david/yolocpp_ws/install/seg_sub/share/seg_sub/launch/seg_sub.launch.py
-- Up-to-date: /home/david/yolocpp_ws/install/seg_sub/share/seg_sub/include
-- Up-to-date: /home/david/yolocpp_ws/install/seg_sub/share/seg_sub/include/chrono
-- Up-to-date: /home/david/yolocpp_ws/install/seg_sub/share/seg_sub/include/chrono/ChronoTimer.hpp
-- Up-to-date: /home/david/yolocpp_ws/install/seg_sub/share/seg_sub/include/chrono/ChronoTimer.cpp
-- Up-to-date: /home/david/yolocpp_ws/install/seg_sub/share/ament_index/resource_index/package_run_dependencies/seg_sub
-- Up-to-date: /home/david/yolocpp_ws/install/seg_sub/share/ament_index/resource_index/parent_prefix_path/seg_sub
-- Up-to-date: /home/david/yolocpp_ws/install/seg_sub/share/seg_sub/environment/ament_prefix_path.sh
-- Up-to-date: /home/david/yolocpp_ws/install/seg_sub/share/seg_sub/environment/ament_prefix_path.dsv
-- Up-to-date: /home/david/yolocpp_ws/install/seg_sub/share/seg_sub/environment/path.sh
-- Up-to-date: /home/david/yolocpp_ws/install/seg_sub/share/seg_sub/environment/path.dsv
-- Up-to-date: /home/david/yolocpp_ws/install/seg_sub/share/seg_sub/local_setup.bash
-- Up-to-date: /home/david/yolocpp_ws/install/seg_sub/share/seg_sub/local_setup.sh
-- Up-to-date: /home/david/yolocpp_ws/install/seg_sub/share/seg_sub/local_setup.zsh
-- Up-to-date: /home/david/yolocpp_ws/install/seg_sub/share/seg_sub/local_setup.dsv
-- Installing: /home/david/yolocpp_ws/install/seg_sub/share/seg_sub/package.dsv
-- Up-to-date: /home/david/yolocpp_ws/install/seg_sub/share/ament_index/resource_index/packages/seg_sub
-- Up-to-date: /home/david/yolocpp_ws/install/seg_sub/share/seg_sub/cmake/seg_subConfig.cmake
-- Up-to-date: /home/david/yolocpp_ws/install/seg_sub/share/seg_sub/cmake/seg_subConfig-version.cmake
-- Up-to-date: /home/david/yolocpp_ws/install/seg_sub/share/seg_sub/package.xml
