[0.007s] Invoking command in '/home/david/yolocpp_ws/build/seg_sub': CMAKE_PREFIX_PATH=/home/david/yolocpp_ws/install/yolo_custom_interfaces:/opt/vulcanexus/humble:/home/david/yolocpp_ws/install/zoe_bringup:/home/david/yolocpp_ws/install/yolocpp:/home/david/yolocpp_ws/install/tensorrt_yolo:/home/david/yolocpp_ws/install/seg_sub:/home/david/yolocpp_ws/install/pylon_instant_camera:/home/david/yolocpp_ws/install/image_directory_publisher:/home/david/yolocpp_ws/install/bboxes_ex_msgs:/opt/ros/humble LD_LIBRARY_PATH=/home/david/yolocpp_ws/install/yolo_custom_interfaces/lib:/opt/vulcanexus/humble/lib:/home/david/yolocpp_ws/install/pylon_instant_camera/lib:/home/david/yolocpp_ws/install/image_directory_publisher/lib:/home/david/yolocpp_ws/install/bboxes_ex_msgs/lib:/opt/pylon/lib:/opt/ros/humble/opt/rviz_ogre_vendor/lib:/opt/ros/humble/lib/x86_64-linux-gnu:/opt/ros/humble/lib:/usr/local/cuda/lib64:/usr/local/cuda-11.2/lib64:/usr/local/cuda-11.2/lib64:/home/david/onnxruntime-linux-x64-gpu-1.22.0/lib PROMPT_COMMAND=echo -n \[$(date +%H:%M:%S)\]\ /home/david/.local/bin/cmake --build /home/david/yolocpp_ws/build/seg_sub -- -j32 -l32
[0.045s] [ 50%] Built target chrono
[0.060s] [ 75%] [32mBuilding CXX object CMakeFiles/seg_sub_node.dir/src/seg_sub.cpp.o[0m
[1.447s] In file included from [01m[K/opt/ros/humble/include/rclcpp/rclcpp/logging.hpp:24[m[K,
[1.447s]                  from [01m[K/opt/ros/humble/include/rclcpp/rclcpp/client.hpp:40[m[K,
[1.447s]                  from [01m[K/opt/ros/humble/include/rclcpp/rclcpp/callback_group.hpp:24[m[K,
[1.447s]                  from [01m[K/opt/ros/humble/include/rclcpp/rclcpp/any_executable.hpp:20[m[K,
[1.447s]                  from [01m[K/opt/ros/humble/include/rclcpp/rclcpp/memory_strategy.hpp:25[m[K,
[1.447s]                  from [01m[K/opt/ros/humble/include/rclcpp/rclcpp/memory_strategies.hpp:18[m[K,
[1.447s]                  from [01m[K/opt/ros/humble/include/rclcpp/rclcpp/executor_options.hpp:20[m[K,
[1.447s]                  from [01m[K/opt/ros/humble/include/rclcpp/rclcpp/executor.hpp:37[m[K,
[1.447s]                  from [01m[K/opt/ros/humble/include/rclcpp/rclcpp/executors/multi_threaded_executor.hpp:25[m[K,
[1.447s]                  from [01m[K/opt/ros/humble/include/rclcpp/rclcpp/executors.hpp:21[m[K,
[1.447s]                  from [01m[K/opt/ros/humble/include/rclcpp/rclcpp/rclcpp.hpp:155[m[K,
[1.447s]                  from [01m[K/home/david/yolocpp_ws/src/seg_sub/src/seg_sub.cpp:1[m[K:
[1.447s] [01m[K/home/david/yolocpp_ws/src/seg_sub/src/seg_sub.cpp:[m[K In lambda function:
[1.447s] [01m[K/home/david/yolocpp_ws/src/seg_sub/src/seg_sub.cpp:205:25:[m[K [01;35m[Kwarning: [m[Kformat ‘[01m[K%ld[m[K’ expects argument of type ‘[01m[Klong int[m[K’, but argument 7 has type ‘[01m[Kbuiltin_interfaces::msg::Time_<std::allocator<void> >::_sec_type[m[K’ {aka ‘[01m[Kint[m[K’} [[01;35m[K]8;;https://gcc.gnu.org/onlinedocs/gcc/Warning-Options.html#index-Wformat=-Wformat=]8;;[m[K]
[1.447s]   205 |                         [01;35m[K"[%s Pkt#%lu] Latency Breakdown (ms) ImgPub OriginalTS: %ld.%09ld\n" // Añadido Pkt#[m[K
[1.447s]       |                         [01;35m[K^~~~~~~~~~~~~~~~~~~~~~~~~~~~~~~~~~~~~~~~~~~~~~~~~~~~~~~~~~~~~~~~~~~~~~~~~~~~~~~~~~~~[m[K
[1.447s]   206 | [01;35m[K                        "  T0_ImgPubTime ....................: %ld.%09ld\n"[m[K
[1.447s]       |                         [01;35m[K~~~~~~~~~~~~~~~~~~~~~~~~~~~~~~~~~~~~~~~~~~~~~~~~~~~[m[K
[1.447s]   207 | [01;35m[K                        "  T1_SegNode_CBCallTime ............: %ld.%09ld  |  T0->T1 (ImgPub to CB): %.3f ms\n"[m[K
[1.447s]       |                         [01;35m[K~~~~~~~~~~~~~~~~~~~~~~~~~~~~~~~~~~~~~~~~~~~~~~~~~~~~~~~~~~~~~~~~~~~~~~~~~~~~~~~~~~~~~~[m[K
[1.447s]   208 | [01;35m[K                        "  T2_SegNode_BatchProcStartTime ....: %ld.%09ld  |  T1->T2 (CB to BatchStart): %.3f ms\n"[m[K
[1.447s]       |                         [01;35m[K~~~~~~~~~~~~~~~~~~~~~~~~~~~~~~~~~~~~~~~~~~~~~~~~~~~~~~~~~~~~~~~~~~~~~~~~~~~~~~~~~~~~~~~~~~[m[K
[1.447s]   209 | [01;35m[K                        "  T3_SegNode_ResultPubTime .........: %ld.%09ld  |  T2->T3 (BatchStart to ResPub): %.3f ms\n"[m[K
[1.447s]       |                         [01;35m[K~~~~~~~~~~~~~~~~~~~~~~~~~~~~~~~~~~~~~~~~~~~~~~~~~~~~~~~~~~~~~~~~~~~~~~~~~~~~~~~~~~~~~~~~~~~~~~[m[K
[1.447s]   210 | [01;35m[K                        "  T4_SegSub_ResultRecvTime .........: %ld.%09ld  |  T3->T4 (ResPub to SegSubRecv): %.3f ms\n"[m[K
[1.447s]       |                         [01;35m[K~~~~~~~~~~~~~~~~~~~~~~~~~~~~~~~~~~~~~~~~~~~~~~~~~~~~~~~~~~~~~~~~~~~~~~~~~~~~~~~~~~~~~~~~~~~~~~[m[K
[1.447s]   211 | [01;35m[K                        "  --------------------------------------------------------------------------------------\n"[m[K
[1.447s]       |                         [01;35m[K~~~~~~~~~~~~~~~~~~~~~~~~~~~~~~~~~~~~~~~~~~~~~~~~~~~~~~~~~~~~~~~~~~~~~~~~~~~~~~~~~~~~~~~~~~~~[m[K
[1.447s]   212 | [01;35m[K                        "  Cumulative T1->T4 (SegNodeCB to SegSubRecv): %.3f ms\n"[m[K
[1.447s]       |                         [01;35m[K~~~~~~~~~~~~~~~~~~~~~~~~~~~~~~~~~~~~~~~~~~~~~~~~~~~~~~~~~~[m[K
[1.447s]   213 | [01;35m[K                        "  TOTAL E2E  T0->T4 (ImgPub to SegSubRecv)   : %.3f ms%s"[m[K,
[1.447s]       |                         [01;35m[K~~~~~~~~~~~~~~~~~~~~~~~~~~~~~~~~~~~~~~~~~~~~~~~~~~~~~~~~~~[m[K
[1.447s]   214 |                         camera_id.c_str(), packet_seq_num, [32m[Kmsg->header.stamp.sec[m[K, msg->header.stamp.nanosec, // Usar packet_seq_num
[1.447s]       |                                                            [32m[K~~~~~~~~~~~~~~~~~~~~~[m[K
[1.447s]       |                                                                              [32m[K|[m[K
[1.447s]       |                                                                              [32m[Kbuiltin_interfaces::msg::Time_<std::allocator<void> >::_sec_type {aka int}[m[K
[1.447s] [01m[K/home/david/yolocpp_ws/src/seg_sub/src/seg_sub.cpp:205:83:[m[K [01;36m[Knote: [m[Kformat string is defined here
[1.447s]   205 |                         "[%s Pkt#%lu] Latency Breakdown (ms) ImgPub OriginalTS: [01;36m[K%ld[m[K.%09ld\n" // Añadido Pkt#
[1.447s]       |                                                                                 [01;36m[K~~^[m[K
[1.447s]       |                                                                                   [01;36m[K|[m[K
[1.447s]       |                                                                                   [01;36m[Klong int[m[K
[1.447s]       |                                                                                 [32m[K%d[m[K
[1.447s] In file included from [01m[K/opt/ros/humble/include/rclcpp/rclcpp/logging.hpp:24[m[K,
[1.447s]                  from [01m[K/opt/ros/humble/include/rclcpp/rclcpp/client.hpp:40[m[K,
[1.447s]                  from [01m[K/opt/ros/humble/include/rclcpp/rclcpp/callback_group.hpp:24[m[K,
[1.447s]                  from [01m[K/opt/ros/humble/include/rclcpp/rclcpp/any_executable.hpp:20[m[K,
[1.447s]                  from [01m[K/opt/ros/humble/include/rclcpp/rclcpp/memory_strategy.hpp:25[m[K,
[1.447s]                  from [01m[K/opt/ros/humble/include/rclcpp/rclcpp/memory_strategies.hpp:18[m[K,
[1.447s]                  from [01m[K/opt/ros/humble/include/rclcpp/rclcpp/executor_options.hpp:20[m[K,
[1.447s]                  from [01m[K/opt/ros/humble/include/rclcpp/rclcpp/executor.hpp:37[m[K,
[1.447s]                  from [01m[K/opt/ros/humble/include/rclcpp/rclcpp/executors/multi_threaded_executor.hpp:25[m[K,
[1.448s]                  from [01m[K/opt/ros/humble/include/rclcpp/rclcpp/executors.hpp:21[m[K,
[1.448s]                  from [01m[K/opt/ros/humble/include/rclcpp/rclcpp/rclcpp.hpp:155[m[K,
[1.448s]                  from [01m[K/home/david/yolocpp_ws/src/seg_sub/src/seg_sub.cpp:1[m[K:
[1.448s] [01m[K/home/david/yolocpp_ws/src/seg_sub/src/seg_sub.cpp:205:25:[m[K [01;35m[Kwarning: [m[Kformat ‘[01m[K%ld[m[K’ expects argument of type ‘[01m[Klong int[m[K’, but argument 8 has type ‘[01m[Kbuiltin_interfaces::msg::Time_<std::allocator<void> >::_nanosec_type[m[K’ {aka ‘[01m[Kunsigned int[m[K’} [[01;35m[K]8;;https://gcc.gnu.org/onlinedocs/gcc/Warning-Options.html#index-Wformat=-Wformat=]8;;[m[K]
[1.448s]   205 |                         [01;35m[K"[%s Pkt#%lu] Latency Breakdown (ms) ImgPub OriginalTS: %ld.%09ld\n" // Añadido Pkt#[m[K
[1.448s]       |                         [01;35m[K^~~~~~~~~~~~~~~~~~~~~~~~~~~~~~~~~~~~~~~~~~~~~~~~~~~~~~~~~~~~~~~~~~~~~~~~~~~~~~~~~~~~[m[K
[1.448s]   206 | [01;35m[K                        "  T0_ImgPubTime ....................: %ld.%09ld\n"[m[K
[1.448s]       |                         [01;35m[K~~~~~~~~~~~~~~~~~~~~~~~~~~~~~~~~~~~~~~~~~~~~~~~~~~~[m[K
[1.448s]   207 | [01;35m[K                        "  T1_SegNode_CBCallTime ............: %ld.%09ld  |  T0->T1 (ImgPub to CB): %.3f ms\n"[m[K
[1.448s]       |                         [01;35m[K~~~~~~~~~~~~~~~~~~~~~~~~~~~~~~~~~~~~~~~~~~~~~~~~~~~~~~~~~~~~~~~~~~~~~~~~~~~~~~~~~~~~~~[m[K
[1.448s]   208 | [01;35m[K                        "  T2_SegNode_BatchProcStartTime ....: %ld.%09ld  |  T1->T2 (CB to BatchStart): %.3f ms\n"[m[K
[1.448s]       |                         [01;35m[K~~~~~~~~~~~~~~~~~~~~~~~~~~~~~~~~~~~~~~~~~~~~~~~~~~~~~~~~~~~~~~~~~~~~~~~~~~~~~~~~~~~~~~~~~~[m[K
[1.448s]   209 | [01;35m[K                        "  T3_SegNode_ResultPubTime .........: %ld.%09ld  |  T2->T3 (BatchStart to ResPub): %.3f ms\n"[m[K
[1.448s]       |                         [01;35m[K~~~~~~~~~~~~~~~~~~~~~~~~~~~~~~~~~~~~~~~~~~~~~~~~~~~~~~~~~~~~~~~~~~~~~~~~~~~~~~~~~~~~~~~~~~~~~~[m[K
[1.448s]   210 | [01;35m[K                        "  T4_SegSub_ResultRecvTime .........: %ld.%09ld  |  T3->T4 (ResPub to SegSubRecv): %.3f ms\n"[m[K
[1.448s]       |                         [01;35m[K~~~~~~~~~~~~~~~~~~~~~~~~~~~~~~~~~~~~~~~~~~~~~~~~~~~~~~~~~~~~~~~~~~~~~~~~~~~~~~~~~~~~~~~~~~~~~~[m[K
[1.448s]   211 | [01;35m[K                        "  --------------------------------------------------------------------------------------\n"[m[K
[1.448s]       |                         [01;35m[K~~~~~~~~~~~~~~~~~~~~~~~~~~~~~~~~~~~~~~~~~~~~~~~~~~~~~~~~~~~~~~~~~~~~~~~~~~~~~~~~~~~~~~~~~~~~[m[K
[1.448s]   212 | [01;35m[K                        "  Cumulative T1->T4 (SegNodeCB to SegSubRecv): %.3f ms\n"[m[K
[1.448s]       |                         [01;35m[K~~~~~~~~~~~~~~~~~~~~~~~~~~~~~~~~~~~~~~~~~~~~~~~~~~~~~~~~~~[m[K
[1.448s]   213 | [01;35m[K                        "  TOTAL E2E  T0->T4 (ImgPub to SegSubRecv)   : %.3f ms%s"[m[K,
[1.448s]       |                         [01;35m[K~~~~~~~~~~~~~~~~~~~~~~~~~~~~~~~~~~~~~~~~~~~~~~~~~~~~~~~~~~[m[K
[1.448s]   214 |                         camera_id.c_str(), packet_seq_num, msg->header.stamp.sec, [32m[Kmsg->header.stamp.nanosec[m[K, // Usar packet_seq_num
[1.448s]       |                                                                                   [32m[K~~~~~~~~~~~~~~~~~~~~~~~~~[m[K
[1.448s]       |                                                                                                     [32m[K|[m[K
[1.448s]       |                                                                                                     [32m[Kbuiltin_interfaces::msg::Time_<std::allocator<void> >::_nanosec_type {aka unsigned int}[m[K
[1.448s] [01m[K/home/david/yolocpp_ws/src/seg_sub/src/seg_sub.cpp:205:89:[m[K [01;36m[Knote: [m[Kformat string is defined here
[1.448s]   205 |                         "[%s Pkt#%lu] Latency Breakdown (ms) ImgPub OriginalTS: %ld.[01;36m[K%09ld[m[K\n" // Añadido Pkt#
[1.448s]       |                                                                                     [01;36m[K~~~~^[m[K
[1.448s]       |                                                                                         [01;36m[K|[m[K
[1.448s]       |                                                                                         [01;36m[Klong int[m[K
[1.448s]       |                                                                                     [32m[K%09d[m[K
[1.456s] [01m[K/home/david/yolocpp_ws/src/seg_sub/src/seg_sub.cpp:256:13:[m[K [01;31m[Kerror: [m[K‘[01m[Kfinal_csv_line_stream[m[K’ was not declared in this scope; did you mean ‘[01m[Kcsv_line_stream[m[K’?
[1.456s]   256 |             [01;31m[Kfinal_csv_line_stream[m[K << "," // Coma antes de las nuevas columnas de pérdida
[1.456s]       |             [01;31m[K^~~~~~~~~~~~~~~~~~~~~[m[K
[1.457s]       |             [32m[Kcsv_line_stream[m[K
[2.793s] gmake[2]: *** [CMakeFiles/seg_sub_node.dir/build.make:76: CMakeFiles/seg_sub_node.dir/src/seg_sub.cpp.o] Error 1
[2.793s] gmake[1]: *** [CMakeFiles/Makefile2:165: CMakeFiles/seg_sub_node.dir/all] Error 2
[2.793s] gmake: *** [Makefile:146: all] Error 2
