-- Found ament_cmake: 1.3.11 (/opt/ros/humble/share/ament_cmake/cmake)
-- Found rclcpp: 16.0.12 (/opt/ros/humble/share/rclcpp/cmake)
-- Found rosidl_generator_c: 3.1.6 (/opt/ros/humble/share/rosidl_generator_c/cmake)
-- Found rosidl_adapter: 3.1.6 (/opt/ros/humble/share/rosidl_adapter/cmake)
-- Found rosidl_generator_cpp: 3.1.6 (/opt/ros/humble/share/rosidl_generator_cpp/cmake)
-- Using all available rosidl_typesupport_c: rosidl_typesupport_fastrtps_c;rosidl_typesupport_introspection_c
-- Using all available rosidl_typesupport_cpp: rosidl_typesupport_fastrtps_cpp;rosidl_typesupport_introspection_cpp
-- Found rmw_implementation_cmake: 6.1.2 (/opt/ros/humble/share/rmw_implementation_cmake/cmake)
-- Found rmw_fastrtps_cpp: 6.2.7 (/opt/ros/humble/share/rmw_fastrtps_cpp/cmake)
-- Using RMW implementation 'rmw_fastrtps_cpp' as default
-- Found rosidl_default_generators: 1.2.0 (/opt/ros/humble/share/rosidl_default_generators/cmake)
-- Found sensor_msgs: 4.8.0 (/opt/ros/humble/share/sensor_msgs/cmake)
-- Found cv_bridge: 3.2.1 (/opt/ros/humble/share/cv_bridge/cmake)
-- Found yolo_custom_interfaces: 0.0.0 (/home/david/yolocpp_ws/install/yolo_custom_interfaces/share/yolo_custom_interfaces/cmake)
-- Found image_transport: 3.1.11 (/opt/ros/humble/share/image_transport/cmake)
-- Using TRT_PATH: /usr
-- TensorRT libraries to link: nvinfer;nvinfer_plugin;nvonnxparser
-- Source files for 'deploy': /home/david/yolocpp_ws/src/TensorRT-YOLO/include/deploy/core/buffer.cpp;/home/david/yolocpp_ws/src/TensorRT-YOLO/include/deploy/core/core.cpp;/home/david/yolocpp_ws/src/TensorRT-YOLO/include/deploy/infer/backend.cpp;/home/david/yolocpp_ws/src/TensorRT-YOLO/include/deploy/infer/warpaffine.cu;/home/david/yolocpp_ws/src/TensorRT-YOLO/include/deploy/model.cpp;/home/david/yolocpp_ws/src/TensorRT-YOLO/include/deploy/utils/utils.cpp
-- Plugin directory or its CMakeLists.txt not found at /home/david/yolocpp_ws/src/TensorRT-YOLO/include/plugin, skipping custom_plugins build.
-- Configuring done
-- Generating done
-- Build files have been written to: /home/david/yolocpp_ws/build/tensorrt_yolo
[ 14%] Built target chrono
[ 71%] Built target deploy
[ 78%] [32mBuilding CXX object CMakeFiles/segment_node_3P.dir/src/segment_node_3P.cpp.o[0m
[ 92%] Built target segment_node
