[ 50%] Built target chrono
[ 75%] [32mBuilding CXX object CMakeFiles/seg_sub_node.dir/src/seg_sub.cpp.o[0m
[01m[K/home/david/yolocpp_ws/src/seg_sub/src/seg_sub.cpp:310:5:[m[K [01;31m[Kerror: [m[K‘[01m[Koid[m[K’ does not name a type; did you mean ‘[01m[Kvoid[m[K’?
  310 |     [01;31m[Koid[m[K csvWriterLoop()
      |     [01;31m[K^~~[m[K
      |     [32m[Kvoid[m[K
[01m[K/home/david/yolocpp_ws/src/seg_sub/src/seg_sub.cpp:[m[K In constructor ‘[01m[KFrequencySubscriber::FrequencySubscriber()[m[K’:
[01m[K/home/david/yolocpp_ws/src/seg_sub/src/seg_sub.cpp:78:64:[m[K [01;31m[Kerror: [m[K‘[01m[KcsvWriterLoop[m[K’ is not a member of ‘[01m[KFrequencySubscriber[m[K’
   78 | std::thread(&FrequencySubscriber::[01;31m[KcsvWriterLoop[m[K, this);
      |                                   [01;31m[K^~~~~~~~~~~~~[m[K

[01m[K/home/david/yolocpp_ws/src/seg_sub/src/seg_sub.cpp:[m[K In lambda function:
[01m[K/home/david/yolocpp_ws/src/seg_sub/src/seg_sub.cpp:129:17:[m[K [01;31m[Kerror: [m[K‘[01m[Kpending_batch_t0_timestamps_[m[K’ was not declared in this scope
  129 |                 [01;31m[Kpending_batch_t0_timestamps_[m[K[t2_batch_key][camera_id] = ts_t0_img_pub;
      |                 [01;31m[K^~~~~~~~~~~~~~~~~~~~~~~~~~~~[m[K
In file included from [01m[K/opt/ros/humble/include/rclcpp/rclcpp/logging.hpp:24[m[K,
                 from [01m[K/opt/ros/humble/include/rclcpp/rclcpp/client.hpp:40[m[K,
                 from [01m[K/opt/ros/humble/include/rclcpp/rclcpp/callback_group.hpp:24[m[K,
                 from [01m[K/opt/ros/humble/include/rclcpp/rclcpp/any_executable.hpp:20[m[K,
                 from [01m[K/opt/ros/humble/include/rclcpp/rclcpp/memory_strategy.hpp:25[m[K,
                 from [01m[K/opt/ros/humble/include/rclcpp/rclcpp/memory_strategies.hpp:18[m[K,
                 from [01m[K/opt/ros/humble/include/rclcpp/rclcpp/executor_options.hpp:20[m[K,
                 from [01m[K/opt/ros/humble/include/rclcpp/rclcpp/executor.hpp:37[m[K,
                 from [01m[K/opt/ros/humble/include/rclcpp/rclcpp/executors/multi_threaded_executor.hpp:25[m[K,
                 from [01m[K/opt/ros/humble/include/rclcpp/rclcpp/executors.hpp:21[m[K,
                 from [01m[K/opt/ros/humble/include/rclcpp/rclcpp/rclcpp.hpp:155[m[K,
                 from [01m[K/home/david/yolocpp_ws/src/seg_sub/src/seg_sub.cpp:1[m[K:
[01m[K/home/david/yolocpp_ws/src/seg_sub/src/seg_sub.cpp:167:25:[m[K [01;35m[Kwarning: [m[Kformat ‘[01m[K%ld[m[K’ expects argument of type ‘[01m[Klong int[m[K’, but argument 6 has type ‘[01m[Kbuiltin_interfaces::msg::Time_<std::allocator<void> >::_sec_type[m[K’ {aka ‘[01m[Kint[m[K’} [[01;35m[K]8;;https://gcc.gnu.org/onlinedocs/gcc/Warning-Options.html#index-Wformat=-Wformat=]8;;[m[K]
  167 |                         [01;35m[K"[%s] Latency Breakdown (ms) ImgPub OriginalTS: %ld.%09ld\n"[m[K
      |                         [01;35m[K^~~~~~~~~~~~~~~~~~~~~~~~~~~~~~~~~~~~~~~~~~~~~~~~~~~~~~~~~~~~[m[K
  168 | [01;35m[K                        "  T0_ImgPubTime ....................: %ld.%09ld\n"[m[K
      |                         [01;35m[K~~~~~~~~~~~~~~~~~~~~~~~~~~~~~~~~~~~~~~~~~~~~~~~~~~~[m[K
  169 | [01;35m[K                        "  T1_SegNode_CBCallTime ............: %ld.%09ld  |  T0->T1 (ImgPub to CB): %.3f ms\n"[m[K
      |                         [01;35m[K~~~~~~~~~~~~~~~~~~~~~~~~~~~~~~~~~~~~~~~~~~~~~~~~~~~~~~~~~~~~~~~~~~~~~~~~~~~~~~~~~~~~~~[m[K
  170 | [01;35m[K                        "  T2_SegNode_BatchProcStartTime ....: %ld.%09ld  |  T1->T2 (CB to BatchStart): %.3f ms\n"[m[K
      |                         [01;35m[K~~~~~~~~~~~~~~~~~~~~~~~~~~~~~~~~~~~~~~~~~~~~~~~~~~~~~~~~~~~~~~~~~~~~~~~~~~~~~~~~~~~~~~~~~~[m[K
  171 | [01;35m[K                        "  T3_SegNode_ResultPubTime .........: %ld.%09ld  |  T2->T3 (BatchStart to ResPub): %.3f ms\n"[m[K
      |                         [01;35m[K~~~~~~~~~~~~~~~~~~~~~~~~~~~~~~~~~~~~~~~~~~~~~~~~~~~~~~~~~~~~~~~~~~~~~~~~~~~~~~~~~~~~~~~~~~~~~~[m[K
  172 | [01;35m[K                        "  T4_SegSub_ResultRecvTime .........: %ld.%09ld  |  T3->T4 (ResPub to SegSubRecv): %.3f ms\n"[m[K
      |                         [01;35m[K~~~~~~~~~~~~~~~~~~~~~~~~~~~~~~~~~~~~~~~~~~~~~~~~~~~~~~~~~~~~~~~~~~~~~~~~~~~~~~~~~~~~~~~~~~~~~~[m[K
  173 | [01;35m[K                        "  --------------------------------------------------------------------------------------\n"[m[K
      |                         [01;35m[K~~~~~~~~~~~~~~~~~~~~~~~~~~~~~~~~~~~~~~~~~~~~~~~~~~~~~~~~~~~~~~~~~~~~~~~~~~~~~~~~~~~~~~~~~~~~[m[K
  174 | [01;35m[K                        "  Cumulative T1->T4 (SegNodeCB to SegSubRecv): %.3f ms\n"[m[K
      |                         [01;35m[K~~~~~~~~~~~~~~~~~~~~~~~~~~~~~~~~~~~~~~~~~~~~~~~~~~~~~~~~~~[m[K
  175 | [01;35m[K                        "  TOTAL E2E  T0->T4 (ImgPub to SegSubRecv)   : %.3f ms%s"[m[K,
      |                         [01;35m[K~~~~~~~~~~~~~~~~~~~~~~~~~~~~~~~~~~~~~~~~~~~~~~~~~~~~~~~~~~[m[K
  176 |                         camera_id.c_str(), [32m[Kmsg->header.stamp.sec[m[K, msg->header.stamp.nanosec,
      |                                            [32m[K~~~~~~~~~~~~~~~~~~~~~[m[K
      |                                                              [32m[K|[m[K
      |                                                              [32m[Kbuiltin_interfaces::msg::Time_<std::allocator<void> >::_sec_type {aka int}[m[K
[01m[K/home/david/yolocpp_ws/src/seg_sub/src/seg_sub.cpp:167:75:[m[K [01;36m[Knote: [m[Kformat string is defined here
  167 | reakdown (ms) ImgPub OriginalTS: [01;36m[K%ld[m[K.%09ld\n"
      |                                  [01;36m[K~~^[m[K
      |                                    [01;36m[K|[m[K
      |                                    [01;36m[Klong int[m[K
      |                                  [32m[K%d[m[K
In file included from [01m[K/opt/ros/humble/include/rclcpp/rclcpp/logging.hpp:24[m[K,
                 from [01m[K/opt/ros/humble/include/rclcpp/rclcpp/client.hpp:40[m[K,
                 from [01m[K/opt/ros/humble/include/rclcpp/rclcpp/callback_group.hpp:24[m[K,
                 from [01m[K/opt/ros/humble/include/rclcpp/rclcpp/any_executable.hpp:20[m[K,
                 from [01m[K/opt/ros/humble/include/rclcpp/rclcpp/memory_strategy.hpp:25[m[K,
                 from [01m[K/opt/ros/humble/include/rclcpp/rclcpp/memory_strategies.hpp:18[m[K,
                 from [01m[K/opt/ros/humble/include/rclcpp/rclcpp/executor_options.hpp:20[m[K,
                 from [01m[K/opt/ros/humble/include/rclcpp/rclcpp/executor.hpp:37[m[K,
                 from [01m[K/opt/ros/humble/include/rclcpp/rclcpp/executors/multi_threaded_executor.hpp:25[m[K,
                 from [01m[K/opt/ros/humble/include/rclcpp/rclcpp/executors.hpp:21[m[K,
                 from [01m[K/opt/ros/humble/include/rclcpp/rclcpp/rclcpp.hpp:155[m[K,
                 from [01m[K/home/david/yolocpp_ws/src/seg_sub/src/seg_sub.cpp:1[m[K:
[01m[K/home/david/yolocpp_ws/src/seg_sub/src/seg_sub.cpp:167:25:[m[K [01;35m[Kwarning: [m[Kformat ‘[01m[K%ld[m[K’ expects argument of type ‘[01m[Klong int[m[K’, but argument 7 has type ‘[01m[Kbuiltin_interfaces::msg::Time_<std::allocator<void> >::_nanosec_type[m[K’ {aka ‘[01m[Kunsigned int[m[K’} [[01;35m[K]8;;https://gcc.gnu.org/onlinedocs/gcc/Warning-Options.html#index-Wformat=-Wformat=]8;;[m[K]
  167 |                         [01;35m[K"[%s] Latency Breakdown (ms) ImgPub OriginalTS: %ld.%09ld\n"[m[K
      |                         [01;35m[K^~~~~~~~~~~~~~~~~~~~~~~~~~~~~~~~~~~~~~~~~~~~~~~~~~~~~~~~~~~~[m[K
  168 | [01;35m[K                        "  T0_ImgPubTime ....................: %ld.%09ld\n"[m[K
      |                         [01;35m[K~~~~~~~~~~~~~~~~~~~~~~~~~~~~~~~~~~~~~~~~~~~~~~~~~~~[m[K
  169 | [01;35m[K                        "  T1_SegNode_CBCallTime ............: %ld.%09ld  |  T0->T1 (ImgPub to CB): %.3f ms\n"[m[K
      |                         [01;35m[K~~~~~~~~~~~~~~~~~~~~~~~~~~~~~~~~~~~~~~~~~~~~~~~~~~~~~~~~~~~~~~~~~~~~~~~~~~~~~~~~~~~~~~[m[K
  170 | [01;35m[K                        "  T2_SegNode_BatchProcStartTime ....: %ld.%09ld  |  T1->T2 (CB to BatchStart): %.3f ms\n"[m[K
      |                         [01;35m[K~~~~~~~~~~~~~~~~~~~~~~~~~~~~~~~~~~~~~~~~~~~~~~~~~~~~~~~~~~~~~~~~~~~~~~~~~~~~~~~~~~~~~~~~~~[m[K
  171 | [01;35m[K                        "  T3_SegNode_ResultPubTime .........: %ld.%09ld  |  T2->T3 (BatchStart to ResPub): %.3f ms\n"[m[K
      |                         [01;35m[K~~~~~~~~~~~~~~~~~~~~~~~~~~~~~~~~~~~~~~~~~~~~~~~~~~~~~~~~~~~~~~~~~~~~~~~~~~~~~~~~~~~~~~~~~~~~~~[m[K
  172 | [01;35m[K                        "  T4_SegSub_ResultRecvTime .........: %ld.%09ld  |  T3->T4 (ResPub to SegSubRecv): %.3f ms\n"[m[K
      |                         [01;35m[K~~~~~~~~~~~~~~~~~~~~~~~~~~~~~~~~~~~~~~~~~~~~~~~~~~~~~~~~~~~~~~~~~~~~~~~~~~~~~~~~~~~~~~~~~~~~~~[m[K
  173 | [01;35m[K                        "  --------------------------------------------------------------------------------------\n"[m[K
      |                         [01;35m[K~~~~~~~~~~~~~~~~~~~~~~~~~~~~~~~~~~~~~~~~~~~~~~~~~~~~~~~~~~~~~~~~~~~~~~~~~~~~~~~~~~~~~~~~~~~~[m[K
  174 | [01;35m[K                        "  Cumulative T1->T4 (SegNodeCB to SegSubRecv): %.3f ms\n"[m[K
      |                         [01;35m[K~~~~~~~~~~~~~~~~~~~~~~~~~~~~~~~~~~~~~~~~~~~~~~~~~~~~~~~~~~[m[K
  175 | [01;35m[K                        "  TOTAL E2E  T0->T4 (ImgPub to SegSubRecv)   : %.3f ms%s"[m[K,
      |                         [01;35m[K~~~~~~~~~~~~~~~~~~~~~~~~~~~~~~~~~~~~~~~~~~~~~~~~~~~~~~~~~~[m[K
  176 |                         camera_id.c_str(), msg->header.stamp.sec, [32m[Kmsg->header.stamp.nanosec[m[K,
      |                                                                   [32m[K~~~~~~~~~~~~~~~~~~~~~~~~~[m[K
      |                                                                                     [32m[K|[m[K
      |                                                                                     [32m[Kbuiltin_interfaces::msg::Time_<std::allocator<void> >::_nanosec_type {aka unsigned int}[m[K
[01m[K/home/david/yolocpp_ws/src/seg_sub/src/seg_sub.cpp:167:81:[m[K [01;36m[Knote: [m[Kformat string is defined here
  167 | reakdown (ms) ImgPub OriginalTS: %ld.[01;36m[K%09ld[m[K\n"
      |                                      [01;36m[K~~~~^[m[K
      |                                          [01;36m[K|[m[K
      |                                          [01;36m[Klong int[m[K
      |                                      [32m[K%09d[m[K
[01m[K/home/david/yolocpp_ws/src/seg_sub/src/seg_sub.cpp:[m[K In member function ‘[01m[Kvoid FrequencySubscriber::report_metrics()[m[K’:
[01m[K/home/david/yolocpp_ws/src/seg_sub/src/seg_sub.cpp:545:37:[m[K [01;31m[Kerror: [m[Kredeclaration of ‘[01m[Kstd::lock_guard<std::mutex> stats_lock[m[K’
  545 |       std::lock_guard<std::mutex> [01;31m[Kstats_lock[m[K(metrics_mutex_);
      |                                   [01;31m[K^~~~~~~~~~[m[K

[01m[K/home/david/yolocpp_ws/src/seg_sub/src/seg_sub.cpp:544:37:[m[K [01;36m[Knote: [m[K‘[01m[Kstd::lock_guard<std::mutex> stats_lock[m[K’ previously declared here
  544 |       std::lock_guard<std::mutex> [01;36m[Kstats_lock[m[K(metrics_mutex_); // Proteger acceso a all_metrics_
      |                                   [01;36m[K^~~~~~~~~~[m[K

gmake[2]: *** [CMakeFiles/seg_sub_node.dir/build.make:76: CMakeFiles/seg_sub_node.dir/src/seg_sub.cpp.o] Error 1
gmake[1]: *** [CMakeFiles/Makefile2:165: CMakeFiles/seg_sub_node.dir/all] Error 2
gmake: *** [Makefile:146: all] Error 2
