-- The C compiler identification is GNU 11.4.0
-- The CXX compiler identification is GNU 11.4.0
-- Detecting C compiler ABI info
-- Detecting C compiler ABI info - done
-- Check for working C compiler: /usr/bin/cc - skipped
-- Detecting C compile features
-- Detecting C compile features - done
-- Detecting CXX compiler ABI info
-- Detecting CXX compiler ABI info - done
-- Check for working CXX compiler: /usr/bin/c++ - skipped
-- Detecting CXX compile features
-- Detecting CXX compile features - done
-- Found ament_cmake: 1.3.11 (/opt/ros/humble/share/ament_cmake/cmake)
-- Found Python3: /usr/bin/python3 (found version "3.10.12") found components: Interpreter 
-- Found OpenSSL: /usr/lib/x86_64-linux-gnu/libcrypto.so (found version "3.0.2")  
-- Found sqlite3_vendor: 0.15.14 (/opt/ros/humble/share/sqlite3_vendor/cmake)
-- Found ament_lint_auto: 0.12.12 (/opt/ros/humble/share/ament_lint_auto/cmake)
-- Found SQLite3: /usr/lib/x86_64-linux-gnu/libsqlite3.so  
-- Added test 'cppcheck' to perform static code analysis on C / C++ code
-- Configured cppcheck include dirs: 
-- Configured cppcheck exclude dirs and/or files: 
-- Added test 'lint_cmake' to check CMake code style
-- Added test 'uncrustify' to check C / C++ code style
-- Configured uncrustify additional arguments: 
-- Added test 'xmllint' to check XML markup files
-- Configuring done
-- Generating done
[33mCMake Warning:
  Manually-specified variables were not used by the project:

    CMAKE_CUDA_COMPILER
    TRT_PATH

[0m
-- Build files have been written to: /home/david/yolocpp_ws/build/monitor_sql_tutorial
[ 50%] [32mBuilding CXX object CMakeFiles/monitor_sql_tutorial.dir/src/sql_monitor.cpp.o[0m
[100%] [32m[1mLinking CXX executable monitor_sql_tutorial[0m
[100%] Built target monitor_sql_tutorial
-- Install configuration: ""
-- Installing: /home/david/yolocpp_ws/install/monitor_sql_tutorial/lib/monitor_sql_tutorial/monitor_sql_tutorial
-- Set runtime path of "/home/david/yolocpp_ws/install/monitor_sql_tutorial/lib/monitor_sql_tutorial/monitor_sql_tutorial" to ""
-- Installing: /home/david/yolocpp_ws/install/monitor_sql_tutorial/share/ament_index/resource_index/package_run_dependencies/monitor_sql_tutorial
-- Installing: /home/david/yolocpp_ws/install/monitor_sql_tutorial/share/ament_index/resource_index/parent_prefix_path/monitor_sql_tutorial
-- Installing: /home/david/yolocpp_ws/install/monitor_sql_tutorial/share/monitor_sql_tutorial/environment/ament_prefix_path.sh
-- Installing: /home/david/yolocpp_ws/install/monitor_sql_tutorial/share/monitor_sql_tutorial/environment/ament_prefix_path.dsv
-- Installing: /home/david/yolocpp_ws/install/monitor_sql_tutorial/share/monitor_sql_tutorial/environment/path.sh
-- Installing: /home/david/yolocpp_ws/install/monitor_sql_tutorial/share/monitor_sql_tutorial/environment/path.dsv
-- Installing: /home/david/yolocpp_ws/install/monitor_sql_tutorial/share/monitor_sql_tutorial/local_setup.bash
-- Installing: /home/david/yolocpp_ws/install/monitor_sql_tutorial/share/monitor_sql_tutorial/local_setup.sh
-- Installing: /home/david/yolocpp_ws/install/monitor_sql_tutorial/share/monitor_sql_tutorial/local_setup.zsh
-- Installing: /home/david/yolocpp_ws/install/monitor_sql_tutorial/share/monitor_sql_tutorial/local_setup.dsv
-- Installing: /home/david/yolocpp_ws/install/monitor_sql_tutorial/share/monitor_sql_tutorial/package.dsv
-- Installing: /home/david/yolocpp_ws/install/monitor_sql_tutorial/share/ament_index/resource_index/packages/monitor_sql_tutorial
-- Installing: /home/david/yolocpp_ws/install/monitor_sql_tutorial/share/monitor_sql_tutorial/cmake/monitor_sql_tutorialConfig.cmake
-- Installing: /home/david/yolocpp_ws/install/monitor_sql_tutorial/share/monitor_sql_tutorial/cmake/monitor_sql_tutorialConfig-version.cmake
-- Installing: /home/david/yolocpp_ws/install/monitor_sql_tutorial/share/monitor_sql_tutorial/package.xml
