[0.379s] Invoking command in '/home/david/yolocpp_ws/build/monitor_sql_tutorial': CMAKE_PREFIX_PATH=${CMAKE_PREFIX_PATH}:/opt/ros/humble PROMPT_COMMAND=echo -n \[$(date +%H:%M:%S)\]\ /home/david/.local/bin/cmake /home/david/yolocpp_ws/vulcanexus/code/monitor_sql_tutorial -DTRT_PATH=/usr -DCMAKE_CUDA_ARCHITECTURES=89 -DCMAKE_CUDA_COMPILER=/usr/local/cuda-12.9/bin/nvcc -DCMAKE_INSTALL_PREFIX=/home/david/yolocpp_ws/install/monitor_sql_tutorial
[0.427s] -- The C compiler identification is GNU 11.4.0
[0.466s] -- The CXX compiler identification is GNU 11.4.0
[0.474s] -- Detecting C compiler ABI info
[0.512s] -- Detecting C compiler ABI info - done
[0.520s] -- Check for working C compiler: /usr/bin/cc - skipped
[0.520s] -- Detecting C compile features
[0.520s] -- Detecting C compile features - done
[0.523s] -- Detecting CXX compiler ABI info
[0.570s] -- Detecting CXX compiler ABI info - done
[0.577s] -- Check for working CXX compiler: /usr/bin/c++ - skipped
[0.577s] -- Detecting CXX compile features
[0.577s] -- Detecting CXX compile features - done
[0.579s] -- Found ament_cmake: 1.3.11 (/opt/ros/humble/share/ament_cmake/cmake)
[0.659s] -- Found Python3: /usr/bin/python3 (found version "3.10.12") found components: Interpreter 
[0.754s] -- Found OpenSSL: /usr/lib/x86_64-linux-gnu/libcrypto.so (found version "3.0.2")  
[0.756s] -- Found sqlite3_vendor: 0.15.14 (/opt/ros/humble/share/sqlite3_vendor/cmake)
[0.758s] -- Found ament_lint_auto: 0.12.12 (/opt/ros/humble/share/ament_lint_auto/cmake)
[0.825s] -- Found SQLite3: /usr/lib/x86_64-linux-gnu/libsqlite3.so  
[0.827s] -- Added test 'cppcheck' to perform static code analysis on C / C++ code
[0.827s] -- Configured cppcheck include dirs: 
[0.827s] -- Configured cppcheck exclude dirs and/or files: 
[0.827s] -- Added test 'lint_cmake' to check CMake code style
[0.828s] -- Added test 'uncrustify' to check C / C++ code style
[0.828s] -- Configured uncrustify additional arguments: 
[0.828s] -- Added test 'xmllint' to check XML markup files
[0.829s] -- Configuring done
[0.831s] -- Generating done
[0.832s] [33mCMake Warning:
[0.832s]   Manually-specified variables were not used by the project:
[0.832s] 
[0.832s]     CMAKE_CUDA_COMPILER
[0.832s]     TRT_PATH
[0.832s] 
[0.832s] [0m
[0.833s] -- Build files have been written to: /home/david/yolocpp_ws/build/monitor_sql_tutorial
[0.838s] Invoked command in '/home/david/yolocpp_ws/build/monitor_sql_tutorial' returned '0': CMAKE_PREFIX_PATH=${CMAKE_PREFIX_PATH}:/opt/ros/humble PROMPT_COMMAND=echo -n \[$(date +%H:%M:%S)\]\ /home/david/.local/bin/cmake /home/david/yolocpp_ws/vulcanexus/code/monitor_sql_tutorial -DTRT_PATH=/usr -DCMAKE_CUDA_ARCHITECTURES=89 -DCMAKE_CUDA_COMPILER=/usr/local/cuda-12.9/bin/nvcc -DCMAKE_INSTALL_PREFIX=/home/david/yolocpp_ws/install/monitor_sql_tutorial
[0.839s] Invoking command in '/home/david/yolocpp_ws/build/monitor_sql_tutorial': CMAKE_PREFIX_PATH=${CMAKE_PREFIX_PATH}:/opt/ros/humble PROMPT_COMMAND=echo -n \[$(date +%H:%M:%S)\]\ /home/david/.local/bin/cmake --build /home/david/yolocpp_ws/build/monitor_sql_tutorial -- -j32 -l32
[0.877s] [ 50%] [32mBuilding CXX object CMakeFiles/monitor_sql_tutorial.dir/src/sql_monitor.cpp.o[0m
[1.603s] [100%] [32m[1mLinking CXX executable monitor_sql_tutorial[0m
[1.714s] [100%] Built target monitor_sql_tutorial
[1.722s] Invoked command in '/home/david/yolocpp_ws/build/monitor_sql_tutorial' returned '0': CMAKE_PREFIX_PATH=${CMAKE_PREFIX_PATH}:/opt/ros/humble PROMPT_COMMAND=echo -n \[$(date +%H:%M:%S)\]\ /home/david/.local/bin/cmake --build /home/david/yolocpp_ws/build/monitor_sql_tutorial -- -j32 -l32
[1.722s] Invoking command in '/home/david/yolocpp_ws/build/monitor_sql_tutorial': CMAKE_PREFIX_PATH=${CMAKE_PREFIX_PATH}:/opt/ros/humble PROMPT_COMMAND=echo -n \[$(date +%H:%M:%S)\]\ /home/david/.local/bin/cmake --install /home/david/yolocpp_ws/build/monitor_sql_tutorial
[1.744s] -- Install configuration: ""
[1.744s] -- Installing: /home/david/yolocpp_ws/install/monitor_sql_tutorial/lib/monitor_sql_tutorial/monitor_sql_tutorial
[1.745s] -- Set runtime path of "/home/david/yolocpp_ws/install/monitor_sql_tutorial/lib/monitor_sql_tutorial/monitor_sql_tutorial" to ""
[1.745s] -- Installing: /home/david/yolocpp_ws/install/monitor_sql_tutorial/share/ament_index/resource_index/package_run_dependencies/monitor_sql_tutorial
[1.745s] -- Installing: /home/david/yolocpp_ws/install/monitor_sql_tutorial/share/ament_index/resource_index/parent_prefix_path/monitor_sql_tutorial
[1.745s] -- Installing: /home/david/yolocpp_ws/install/monitor_sql_tutorial/share/monitor_sql_tutorial/environment/ament_prefix_path.sh
[1.745s] -- Installing: /home/david/yolocpp_ws/install/monitor_sql_tutorial/share/monitor_sql_tutorial/environment/ament_prefix_path.dsv
[1.745s] -- Installing: /home/david/yolocpp_ws/install/monitor_sql_tutorial/share/monitor_sql_tutorial/environment/path.sh
[1.745s] -- Installing: /home/david/yolocpp_ws/install/monitor_sql_tutorial/share/monitor_sql_tutorial/environment/path.dsv
[1.745s] -- Installing: /home/david/yolocpp_ws/install/monitor_sql_tutorial/share/monitor_sql_tutorial/local_setup.bash
[1.745s] -- Installing: /home/david/yolocpp_ws/install/monitor_sql_tutorial/share/monitor_sql_tutorial/local_setup.sh
[1.745s] -- Installing: /home/david/yolocpp_ws/install/monitor_sql_tutorial/share/monitor_sql_tutorial/local_setup.zsh
[1.746s] -- Installing: /home/david/yolocpp_ws/install/monitor_sql_tutorial/share/monitor_sql_tutorial/local_setup.dsv
[1.746s] -- Installing: /home/david/yolocpp_ws/install/monitor_sql_tutorial/share/monitor_sql_tutorial/package.dsv
[1.746s] -- Installing: /home/david/yolocpp_ws/install/monitor_sql_tutorial/share/ament_index/resource_index/packages/monitor_sql_tutorial
[1.746s] -- Installing: /home/david/yolocpp_ws/install/monitor_sql_tutorial/share/monitor_sql_tutorial/cmake/monitor_sql_tutorialConfig.cmake
[1.746s] -- Installing: /home/david/yolocpp_ws/install/monitor_sql_tutorial/share/monitor_sql_tutorial/cmake/monitor_sql_tutorialConfig-version.cmake
[1.746s] -- Installing: /home/david/yolocpp_ws/install/monitor_sql_tutorial/share/monitor_sql_tutorial/package.xml
[1.750s] Invoked command in '/home/david/yolocpp_ws/build/monitor_sql_tutorial' returned '0': CMAKE_PREFIX_PATH=${CMAKE_PREFIX_PATH}:/opt/ros/humble PROMPT_COMMAND=echo -n \[$(date +%H:%M:%S)\]\ /home/david/.local/bin/cmake --install /home/david/yolocpp_ws/build/monitor_sql_tutorial
