[0.304s] Invoking command in '/home/david/yolocpp_ws/build/docs_turtlesim': CMAKE_PREFIX_PATH=${CMAKE_PREFIX_PATH}:/home/david/yolocpp_ws/install/microservers_py:/home/david/yolocpp_ws/install/clients_py:/opt/ros/humble PROMPT_COMMAND=echo -n \[$(date +%H:%M:%S)\]\ /home/david/.local/bin/cmake --build /home/david/yolocpp_ws/build/docs_turtlesim -- -j32 -l32
[0.582s] [  1%] Built target docs_turtlesim__cpp
[0.582s] [ 10%] Built target docs_turtlesim__rosidl_generator_c
[0.582s] [ 10%] Built target ament_cmake_python_copy_docs_turtlesim
[0.582s] [ 19%] Built target docs_turtlesim__rosidl_typesupport_cpp
[0.582s] [ 32%] Built target docs_turtlesim__rosidl_typesupport_fastrtps_cpp
[0.582s] [ 37%] Built target docs_turtlesim__rosidl_typesupport_c
[0.582s] [ 46%] Built target docs_turtlesim__rosidl_typesupport_introspection_cpp
[0.583s] [ 55%] Built target docs_turtlesim__rosidl_typesupport_introspection_c
[0.583s] [ 64%] Built target docs_turtlesim__rosidl_typesupport_fastrtps_c
[0.583s] [ 64%] Built target docs_turtlesim
[0.583s] [ 67%] Built target turtlesim_square_move
[0.583s] [ 71%] Built target turtlesim_multi_control
[0.583s] [ 80%] Built target turtlesim_node_keys
[0.583s] [ 82%] Built target docs_turtlesim__py
[0.583s] [ 89%] Built target docs_turtlesim__rosidl_generator_py
[0.583s] [ 92%] Built target docs_turtlesim__rosidl_typesupport_fastrtps_c__pyext
[0.583s] [ 96%] Built target docs_turtlesim__rosidl_typesupport_c__pyext
[0.583s] [100%] Built target docs_turtlesim__rosidl_typesupport_introspection_c__pyext
[0.609s] running egg_info
[0.610s] writing docs_turtlesim.egg-info/PKG-INFO
[0.610s] writing dependency_links to docs_turtlesim.egg-info/dependency_links.txt
[0.610s] writing top-level names to docs_turtlesim.egg-info/top_level.txt
[0.614s] reading manifest file 'docs_turtlesim.egg-info/SOURCES.txt'
[0.615s] writing manifest file 'docs_turtlesim.egg-info/SOURCES.txt'
[0.640s] [100%] Built target ament_cmake_python_build_docs_turtlesim_egg
[0.654s] Invoked command in '/home/david/yolocpp_ws/build/docs_turtlesim' returned '0': CMAKE_PREFIX_PATH=${CMAKE_PREFIX_PATH}:/home/david/yolocpp_ws/install/microservers_py:/home/david/yolocpp_ws/install/clients_py:/opt/ros/humble PROMPT_COMMAND=echo -n \[$(date +%H:%M:%S)\]\ /home/david/.local/bin/cmake --build /home/david/yolocpp_ws/build/docs_turtlesim -- -j32 -l32
[0.658s] Invoking command in '/home/david/yolocpp_ws/build/docs_turtlesim': CMAKE_PREFIX_PATH=${CMAKE_PREFIX_PATH}:/home/david/yolocpp_ws/install/microservers_py:/home/david/yolocpp_ws/install/clients_py:/opt/ros/humble PROMPT_COMMAND=echo -n \[$(date +%H:%M:%S)\]\ /home/david/.local/bin/cmake --install /home/david/yolocpp_ws/build/docs_turtlesim
[0.706s] -- Install configuration: ""
[0.706s] -- Up-to-date: /home/david/yolocpp_ws/install/docs_turtlesim/share/ament_index/resource_index/rosidl_interfaces/docs_turtlesim
[0.706s] -- Up-to-date: /home/david/yolocpp_ws/install/docs_turtlesim/include/docs_turtlesim/docs_turtlesim
[0.706s] -- Up-to-date: /home/david/yolocpp_ws/install/docs_turtlesim/include/docs_turtlesim/docs_turtlesim/msg
[0.707s] -- Up-to-date: /home/david/yolocpp_ws/install/docs_turtlesim/include/docs_turtlesim/docs_turtlesim/msg/rosidl_generator_c__visibility_control.h
[0.707s] -- Up-to-date: /home/david/yolocpp_ws/install/docs_turtlesim/include/docs_turtlesim/docs_turtlesim/msg/detail
[0.707s] -- Up-to-date: /home/david/yolocpp_ws/install/docs_turtlesim/include/docs_turtlesim/docs_turtlesim/msg/detail/keyed_twist__struct.h
[0.707s] -- Up-to-date: /home/david/yolocpp_ws/install/docs_turtlesim/include/docs_turtlesim/docs_turtlesim/msg/detail/keyed_twist__functions.c
[0.707s] -- Up-to-date: /home/david/yolocpp_ws/install/docs_turtlesim/include/docs_turtlesim/docs_turtlesim/msg/detail/keyed_pose__functions.c
[0.707s] -- Up-to-date: /home/david/yolocpp_ws/install/docs_turtlesim/include/docs_turtlesim/docs_turtlesim/msg/detail/vector3__type_support.h
[0.707s] -- Up-to-date: /home/david/yolocpp_ws/install/docs_turtlesim/include/docs_turtlesim/docs_turtlesim/msg/detail/keyed_pose__type_support.h
[0.708s] -- Up-to-date: /home/david/yolocpp_ws/install/docs_turtlesim/include/docs_turtlesim/docs_turtlesim/msg/detail/keyed_twist__type_support.h
[0.708s] -- Up-to-date: /home/david/yolocpp_ws/install/docs_turtlesim/include/docs_turtlesim/docs_turtlesim/msg/detail/keyed_pose__struct.h
[0.708s] -- Up-to-date: /home/david/yolocpp_ws/install/docs_turtlesim/include/docs_turtlesim/docs_turtlesim/msg/detail/vector3__functions.c
[0.708s] -- Up-to-date: /home/david/yolocpp_ws/install/docs_turtlesim/include/docs_turtlesim/docs_turtlesim/msg/detail/keyed_pose__functions.h
[0.708s] -- Up-to-date: /home/david/yolocpp_ws/install/docs_turtlesim/include/docs_turtlesim/docs_turtlesim/msg/detail/keyed_twist__functions.h
[0.708s] -- Up-to-date: /home/david/yolocpp_ws/install/docs_turtlesim/include/docs_turtlesim/docs_turtlesim/msg/detail/vector3__struct.h
[0.708s] -- Up-to-date: /home/david/yolocpp_ws/install/docs_turtlesim/include/docs_turtlesim/docs_turtlesim/msg/detail/vector3__functions.h
[0.708s] -- Up-to-date: /home/david/yolocpp_ws/install/docs_turtlesim/include/docs_turtlesim/docs_turtlesim/msg/keyed_pose.h
[0.708s] -- Up-to-date: /home/david/yolocpp_ws/install/docs_turtlesim/include/docs_turtlesim/docs_turtlesim/msg/keyed_twist.h
[0.709s] -- Up-to-date: /home/david/yolocpp_ws/install/docs_turtlesim/include/docs_turtlesim/docs_turtlesim/msg/vector3.h
[0.709s] -- Up-to-date: /home/david/yolocpp_ws/install/docs_turtlesim/share/docs_turtlesim/environment/library_path.sh
[0.709s] -- Up-to-date: /home/david/yolocpp_ws/install/docs_turtlesim/share/docs_turtlesim/environment/library_path.dsv
[0.709s] -- Up-to-date: /home/david/yolocpp_ws/install/docs_turtlesim/lib/libdocs_turtlesim__rosidl_generator_c.so
[0.709s] -- Up-to-date: /home/david/yolocpp_ws/install/docs_turtlesim/include/docs_turtlesim/docs_turtlesim
[0.709s] -- Up-to-date: /home/david/yolocpp_ws/install/docs_turtlesim/include/docs_turtlesim/docs_turtlesim/msg
[0.709s] -- Up-to-date: /home/david/yolocpp_ws/install/docs_turtlesim/include/docs_turtlesim/docs_turtlesim/msg/rosidl_typesupport_fastrtps_c__visibility_control.h
[0.709s] -- Up-to-date: /home/david/yolocpp_ws/install/docs_turtlesim/include/docs_turtlesim/docs_turtlesim/msg/detail
[0.709s] -- Up-to-date: /home/david/yolocpp_ws/install/docs_turtlesim/include/docs_turtlesim/docs_turtlesim/msg/detail/keyed_twist__rosidl_typesupport_fastrtps_c.h
[0.709s] -- Up-to-date: /home/david/yolocpp_ws/install/docs_turtlesim/include/docs_turtlesim/docs_turtlesim/msg/detail/vector3__rosidl_typesupport_fastrtps_c.h
[0.710s] -- Up-to-date: /home/david/yolocpp_ws/install/docs_turtlesim/include/docs_turtlesim/docs_turtlesim/msg/detail/keyed_pose__rosidl_typesupport_fastrtps_c.h
[0.710s] -- Up-to-date: /home/david/yolocpp_ws/install/docs_turtlesim/lib/libdocs_turtlesim__rosidl_typesupport_fastrtps_c.so
[0.710s] -- Up-to-date: /home/david/yolocpp_ws/install/docs_turtlesim/include/docs_turtlesim/docs_turtlesim
[0.710s] -- Up-to-date: /home/david/yolocpp_ws/install/docs_turtlesim/include/docs_turtlesim/docs_turtlesim/msg
[0.710s] -- Up-to-date: /home/david/yolocpp_ws/install/docs_turtlesim/include/docs_turtlesim/docs_turtlesim/msg/detail
[0.710s] -- Up-to-date: /home/david/yolocpp_ws/install/docs_turtlesim/include/docs_turtlesim/docs_turtlesim/msg/detail/vector3__builder.hpp
[0.710s] -- Up-to-date: /home/david/yolocpp_ws/install/docs_turtlesim/include/docs_turtlesim/docs_turtlesim/msg/detail/keyed_twist__type_support.hpp
[0.710s] -- Up-to-date: /home/david/yolocpp_ws/install/docs_turtlesim/include/docs_turtlesim/docs_turtlesim/msg/detail/keyed_twist__traits.hpp
[0.710s] -- Up-to-date: /home/david/yolocpp_ws/install/docs_turtlesim/include/docs_turtlesim/docs_turtlesim/msg/detail/keyed_twist__struct.hpp
[0.710s] -- Up-to-date: /home/david/yolocpp_ws/install/docs_turtlesim/include/docs_turtlesim/docs_turtlesim/msg/detail/keyed_pose__traits.hpp
[0.711s] -- Up-to-date: /home/david/yolocpp_ws/install/docs_turtlesim/include/docs_turtlesim/docs_turtlesim/msg/detail/keyed_twist__builder.hpp
[0.711s] -- Up-to-date: /home/david/yolocpp_ws/install/docs_turtlesim/include/docs_turtlesim/docs_turtlesim/msg/detail/vector3__struct.hpp
[0.711s] -- Up-to-date: /home/david/yolocpp_ws/install/docs_turtlesim/include/docs_turtlesim/docs_turtlesim/msg/detail/keyed_pose__type_support.hpp
[0.711s] -- Up-to-date: /home/david/yolocpp_ws/install/docs_turtlesim/include/docs_turtlesim/docs_turtlesim/msg/detail/keyed_pose__builder.hpp
[0.711s] -- Up-to-date: /home/david/yolocpp_ws/install/docs_turtlesim/include/docs_turtlesim/docs_turtlesim/msg/detail/vector3__type_support.hpp
[0.711s] -- Up-to-date: /home/david/yolocpp_ws/install/docs_turtlesim/include/docs_turtlesim/docs_turtlesim/msg/detail/vector3__traits.hpp
[0.711s] -- Up-to-date: /home/david/yolocpp_ws/install/docs_turtlesim/include/docs_turtlesim/docs_turtlesim/msg/detail/keyed_pose__struct.hpp
[0.711s] -- Up-to-date: /home/david/yolocpp_ws/install/docs_turtlesim/include/docs_turtlesim/docs_turtlesim/msg/keyed_twist.hpp
[0.711s] -- Up-to-date: /home/david/yolocpp_ws/install/docs_turtlesim/include/docs_turtlesim/docs_turtlesim/msg/rosidl_generator_cpp__visibility_control.hpp
[0.711s] -- Up-to-date: /home/david/yolocpp_ws/install/docs_turtlesim/include/docs_turtlesim/docs_turtlesim/msg/keyed_pose.hpp
[0.711s] -- Up-to-date: /home/david/yolocpp_ws/install/docs_turtlesim/include/docs_turtlesim/docs_turtlesim/msg/vector3.hpp
[0.712s] -- Up-to-date: /home/david/yolocpp_ws/install/docs_turtlesim/include/docs_turtlesim/docs_turtlesim
[0.712s] -- Up-to-date: /home/david/yolocpp_ws/install/docs_turtlesim/include/docs_turtlesim/docs_turtlesim/msg
[0.712s] -- Up-to-date: /home/david/yolocpp_ws/install/docs_turtlesim/include/docs_turtlesim/docs_turtlesim/msg/detail
[0.712s] -- Up-to-date: /home/david/yolocpp_ws/install/docs_turtlesim/include/docs_turtlesim/docs_turtlesim/msg/detail/keyed_pose__rosidl_typesupport_fastrtps_cpp.hpp
[0.712s] -- Up-to-date: /home/david/yolocpp_ws/install/docs_turtlesim/include/docs_turtlesim/docs_turtlesim/msg/detail/vector3__rosidl_typesupport_fastrtps_cpp.hpp
[0.712s] -- Up-to-date: /home/david/yolocpp_ws/install/docs_turtlesim/include/docs_turtlesim/docs_turtlesim/msg/detail/keyed_twist__rosidl_typesupport_fastrtps_cpp.hpp
[0.712s] -- Up-to-date: /home/david/yolocpp_ws/install/docs_turtlesim/include/docs_turtlesim/docs_turtlesim/msg/detail/dds_fastrtps
[0.713s] -- Up-to-date: /home/david/yolocpp_ws/install/docs_turtlesim/include/docs_turtlesim/docs_turtlesim/msg/rosidl_typesupport_fastrtps_cpp__visibility_control.h
[0.713s] -- Up-to-date: /home/david/yolocpp_ws/install/docs_turtlesim/lib/libdocs_turtlesim__rosidl_typesupport_fastrtps_cpp.so
[0.713s] -- Up-to-date: /home/david/yolocpp_ws/install/docs_turtlesim/include/docs_turtlesim/docs_turtlesim
[0.713s] -- Up-to-date: /home/david/yolocpp_ws/install/docs_turtlesim/include/docs_turtlesim/docs_turtlesim/msg
[0.713s] -- Up-to-date: /home/david/yolocpp_ws/install/docs_turtlesim/include/docs_turtlesim/docs_turtlesim/msg/rosidl_typesupport_introspection_c__visibility_control.h
[0.713s] -- Up-to-date: /home/david/yolocpp_ws/install/docs_turtlesim/include/docs_turtlesim/docs_turtlesim/msg/detail
[0.713s] -- Up-to-date: /home/david/yolocpp_ws/install/docs_turtlesim/include/docs_turtlesim/docs_turtlesim/msg/detail/vector3__rosidl_typesupport_introspection_c.h
[0.713s] -- Up-to-date: /home/david/yolocpp_ws/install/docs_turtlesim/include/docs_turtlesim/docs_turtlesim/msg/detail/vector3__type_support.c
[0.713s] -- Up-to-date: /home/david/yolocpp_ws/install/docs_turtlesim/include/docs_turtlesim/docs_turtlesim/msg/detail/keyed_twist__rosidl_typesupport_introspection_c.h
[0.713s] -- Up-to-date: /home/david/yolocpp_ws/install/docs_turtlesim/include/docs_turtlesim/docs_turtlesim/msg/detail/keyed_twist__type_support.c
[0.713s] -- Up-to-date: /home/david/yolocpp_ws/install/docs_turtlesim/include/docs_turtlesim/docs_turtlesim/msg/detail/keyed_pose__type_support.c
[0.714s] -- Up-to-date: /home/david/yolocpp_ws/install/docs_turtlesim/include/docs_turtlesim/docs_turtlesim/msg/detail/keyed_pose__rosidl_typesupport_introspection_c.h
[0.714s] -- Up-to-date: /home/david/yolocpp_ws/install/docs_turtlesim/lib/libdocs_turtlesim__rosidl_typesupport_introspection_c.so
[0.714s] -- Up-to-date: /home/david/yolocpp_ws/install/docs_turtlesim/lib/libdocs_turtlesim__rosidl_typesupport_c.so
[0.714s] -- Up-to-date: /home/david/yolocpp_ws/install/docs_turtlesim/include/docs_turtlesim/docs_turtlesim
[0.714s] -- Up-to-date: /home/david/yolocpp_ws/install/docs_turtlesim/include/docs_turtlesim/docs_turtlesim/msg
[0.714s] -- Up-to-date: /home/david/yolocpp_ws/install/docs_turtlesim/include/docs_turtlesim/docs_turtlesim/msg/detail
[0.714s] -- Up-to-date: /home/david/yolocpp_ws/install/docs_turtlesim/include/docs_turtlesim/docs_turtlesim/msg/detail/keyed_pose__type_support.cpp
[0.714s] -- Up-to-date: /home/david/yolocpp_ws/install/docs_turtlesim/include/docs_turtlesim/docs_turtlesim/msg/detail/vector3__type_support.cpp
[0.715s] -- Up-to-date: /home/david/yolocpp_ws/install/docs_turtlesim/include/docs_turtlesim/docs_turtlesim/msg/detail/keyed_twist__rosidl_typesupport_introspection_cpp.hpp
[0.715s] -- Up-to-date: /home/david/yolocpp_ws/install/docs_turtlesim/include/docs_turtlesim/docs_turtlesim/msg/detail/vector3__rosidl_typesupport_introspection_cpp.hpp
[0.715s] -- Up-to-date: /home/david/yolocpp_ws/install/docs_turtlesim/include/docs_turtlesim/docs_turtlesim/msg/detail/keyed_twist__type_support.cpp
[0.715s] -- Up-to-date: /home/david/yolocpp_ws/install/docs_turtlesim/include/docs_turtlesim/docs_turtlesim/msg/detail/keyed_pose__rosidl_typesupport_introspection_cpp.hpp
[0.715s] -- Up-to-date: /home/david/yolocpp_ws/install/docs_turtlesim/lib/libdocs_turtlesim__rosidl_typesupport_introspection_cpp.so
[0.715s] -- Up-to-date: /home/david/yolocpp_ws/install/docs_turtlesim/lib/libdocs_turtlesim__rosidl_typesupport_cpp.so
[0.715s] -- Up-to-date: /home/david/yolocpp_ws/install/docs_turtlesim/share/docs_turtlesim/environment/pythonpath.sh
[0.715s] -- Up-to-date: /home/david/yolocpp_ws/install/docs_turtlesim/share/docs_turtlesim/environment/pythonpath.dsv
[0.715s] -- Up-to-date: /home/david/yolocpp_ws/install/docs_turtlesim/local/lib/python3.10/dist-packages/docs_turtlesim-1.4.2-py3.10.egg-info
[0.715s] -- Installing: /home/david/yolocpp_ws/install/docs_turtlesim/local/lib/python3.10/dist-packages/docs_turtlesim-1.4.2-py3.10.egg-info/PKG-INFO
[0.715s] -- Installing: /home/david/yolocpp_ws/install/docs_turtlesim/local/lib/python3.10/dist-packages/docs_turtlesim-1.4.2-py3.10.egg-info/SOURCES.txt
[0.716s] -- Installing: /home/david/yolocpp_ws/install/docs_turtlesim/local/lib/python3.10/dist-packages/docs_turtlesim-1.4.2-py3.10.egg-info/dependency_links.txt
[0.716s] -- Installing: /home/david/yolocpp_ws/install/docs_turtlesim/local/lib/python3.10/dist-packages/docs_turtlesim-1.4.2-py3.10.egg-info/top_level.txt
[0.716s] -- Up-to-date: /home/david/yolocpp_ws/install/docs_turtlesim/local/lib/python3.10/dist-packages/docs_turtlesim
[0.716s] -- Up-to-date: /home/david/yolocpp_ws/install/docs_turtlesim/local/lib/python3.10/dist-packages/docs_turtlesim/_docs_turtlesim_s.ep.rosidl_typesupport_fastrtps_c.c
[0.716s] -- Up-to-date: /home/david/yolocpp_ws/install/docs_turtlesim/local/lib/python3.10/dist-packages/docs_turtlesim/docs_turtlesim_s__rosidl_typesupport_fastrtps_c.cpython-310-x86_64-linux-gnu.so
[0.716s] -- Up-to-date: /home/david/yolocpp_ws/install/docs_turtlesim/local/lib/python3.10/dist-packages/docs_turtlesim/_docs_turtlesim_s.ep.rosidl_typesupport_introspection_c.c
[0.716s] -- Up-to-date: /home/david/yolocpp_ws/install/docs_turtlesim/local/lib/python3.10/dist-packages/docs_turtlesim/docs_turtlesim_s__rosidl_typesupport_introspection_c.cpython-310-x86_64-linux-gnu.so
[0.716s] -- Up-to-date: /home/david/yolocpp_ws/install/docs_turtlesim/local/lib/python3.10/dist-packages/docs_turtlesim/_docs_turtlesim_s.ep.rosidl_typesupport_c.c
[0.717s] -- Up-to-date: /home/david/yolocpp_ws/install/docs_turtlesim/local/lib/python3.10/dist-packages/docs_turtlesim/docs_turtlesim_s__rosidl_typesupport_c.cpython-310-x86_64-linux-gnu.so
[0.717s] -- Up-to-date: /home/david/yolocpp_ws/install/docs_turtlesim/local/lib/python3.10/dist-packages/docs_turtlesim/libdocs_turtlesim__rosidl_generator_py.so
[0.717s] -- Up-to-date: /home/david/yolocpp_ws/install/docs_turtlesim/local/lib/python3.10/dist-packages/docs_turtlesim/__init__.py
[0.717s] -- Up-to-date: /home/david/yolocpp_ws/install/docs_turtlesim/local/lib/python3.10/dist-packages/docs_turtlesim/msg
[0.717s] -- Up-to-date: /home/david/yolocpp_ws/install/docs_turtlesim/local/lib/python3.10/dist-packages/docs_turtlesim/msg/_vector3_s.c
[0.717s] -- Up-to-date: /home/david/yolocpp_ws/install/docs_turtlesim/local/lib/python3.10/dist-packages/docs_turtlesim/msg/_keyed_pose_s.c
[0.717s] -- Up-to-date: /home/david/yolocpp_ws/install/docs_turtlesim/local/lib/python3.10/dist-packages/docs_turtlesim/msg/_keyed_twist_s.c
[0.717s] -- Up-to-date: /home/david/yolocpp_ws/install/docs_turtlesim/local/lib/python3.10/dist-packages/docs_turtlesim/msg/_keyed_twist.py
[0.717s] -- Up-to-date: /home/david/yolocpp_ws/install/docs_turtlesim/local/lib/python3.10/dist-packages/docs_turtlesim/msg/_vector3.py
[0.718s] -- Up-to-date: /home/david/yolocpp_ws/install/docs_turtlesim/local/lib/python3.10/dist-packages/docs_turtlesim/msg/__init__.py
[0.718s] -- Up-to-date: /home/david/yolocpp_ws/install/docs_turtlesim/local/lib/python3.10/dist-packages/docs_turtlesim/msg/_keyed_pose.py
[0.728s] Listing '/home/david/yolocpp_ws/install/docs_turtlesim/local/lib/python3.10/dist-packages/docs_turtlesim'...
[0.729s] Listing '/home/david/yolocpp_ws/install/docs_turtlesim/local/lib/python3.10/dist-packages/docs_turtlesim/msg'...
[0.734s] -- Up-to-date: /home/david/yolocpp_ws/install/docs_turtlesim/local/lib/python3.10/dist-packages/docs_turtlesim/docs_turtlesim_s__rosidl_typesupport_fastrtps_c.cpython-310-x86_64-linux-gnu.so
[0.734s] -- Up-to-date: /home/david/yolocpp_ws/install/docs_turtlesim/local/lib/python3.10/dist-packages/docs_turtlesim/docs_turtlesim_s__rosidl_typesupport_introspection_c.cpython-310-x86_64-linux-gnu.so
[0.734s] -- Up-to-date: /home/david/yolocpp_ws/install/docs_turtlesim/local/lib/python3.10/dist-packages/docs_turtlesim/docs_turtlesim_s__rosidl_typesupport_c.cpython-310-x86_64-linux-gnu.so
[0.735s] -- Up-to-date: /home/david/yolocpp_ws/install/docs_turtlesim/lib/libdocs_turtlesim__rosidl_generator_py.so
[0.735s] -- Up-to-date: /home/david/yolocpp_ws/install/docs_turtlesim/share/docs_turtlesim/msg/Vector3.idl
[0.735s] -- Up-to-date: /home/david/yolocpp_ws/install/docs_turtlesim/share/docs_turtlesim/msg/KeyedTwist.idl
[0.735s] -- Up-to-date: /home/david/yolocpp_ws/install/docs_turtlesim/share/docs_turtlesim/msg/KeyedPose.idl
[0.735s] -- Up-to-date: /home/david/yolocpp_ws/install/docs_turtlesim/lib/docs_turtlesim/turtlesim_square_move
[0.735s] -- Up-to-date: /home/david/yolocpp_ws/install/docs_turtlesim/lib/docs_turtlesim/turtlesim_node_keys
[0.735s] -- Up-to-date: /home/david/yolocpp_ws/install/docs_turtlesim/lib/docs_turtlesim/turtlesim_multi_control
[0.735s] -- Up-to-date: /home/david/yolocpp_ws/install/docs_turtlesim/share/ament_index/resource_index/package_run_dependencies/docs_turtlesim
[0.735s] -- Up-to-date: /home/david/yolocpp_ws/install/docs_turtlesim/share/ament_index/resource_index/parent_prefix_path/docs_turtlesim
[0.736s] -- Up-to-date: /home/david/yolocpp_ws/install/docs_turtlesim/share/docs_turtlesim/environment/ament_prefix_path.sh
[0.736s] -- Up-to-date: /home/david/yolocpp_ws/install/docs_turtlesim/share/docs_turtlesim/environment/ament_prefix_path.dsv
[0.736s] -- Up-to-date: /home/david/yolocpp_ws/install/docs_turtlesim/share/docs_turtlesim/environment/path.sh
[0.736s] -- Up-to-date: /home/david/yolocpp_ws/install/docs_turtlesim/share/docs_turtlesim/environment/path.dsv
[0.736s] -- Up-to-date: /home/david/yolocpp_ws/install/docs_turtlesim/share/docs_turtlesim/local_setup.bash
[0.736s] -- Up-to-date: /home/david/yolocpp_ws/install/docs_turtlesim/share/docs_turtlesim/local_setup.sh
[0.737s] -- Up-to-date: /home/david/yolocpp_ws/install/docs_turtlesim/share/docs_turtlesim/local_setup.zsh
[0.737s] -- Up-to-date: /home/david/yolocpp_ws/install/docs_turtlesim/share/docs_turtlesim/local_setup.dsv
[0.737s] -- Installing: /home/david/yolocpp_ws/install/docs_turtlesim/share/docs_turtlesim/package.dsv
[0.737s] -- Up-to-date: /home/david/yolocpp_ws/install/docs_turtlesim/share/ament_index/resource_index/packages/docs_turtlesim
[0.737s] -- Up-to-date: /home/david/yolocpp_ws/install/docs_turtlesim/share/docs_turtlesim/cmake/export_docs_turtlesim__rosidl_generator_cExport.cmake
[0.737s] -- Up-to-date: /home/david/yolocpp_ws/install/docs_turtlesim/share/docs_turtlesim/cmake/export_docs_turtlesim__rosidl_generator_cExport-noconfig.cmake
[0.737s] -- Up-to-date: /home/david/yolocpp_ws/install/docs_turtlesim/share/docs_turtlesim/cmake/export_docs_turtlesim__rosidl_typesupport_fastrtps_cExport.cmake
[0.737s] -- Up-to-date: /home/david/yolocpp_ws/install/docs_turtlesim/share/docs_turtlesim/cmake/export_docs_turtlesim__rosidl_typesupport_fastrtps_cExport-noconfig.cmake
[0.737s] -- Up-to-date: /home/david/yolocpp_ws/install/docs_turtlesim/share/docs_turtlesim/cmake/export_docs_turtlesim__rosidl_generator_cppExport.cmake
[0.737s] -- Up-to-date: /home/david/yolocpp_ws/install/docs_turtlesim/share/docs_turtlesim/cmake/export_docs_turtlesim__rosidl_typesupport_fastrtps_cppExport.cmake
[0.738s] -- Up-to-date: /home/david/yolocpp_ws/install/docs_turtlesim/share/docs_turtlesim/cmake/export_docs_turtlesim__rosidl_typesupport_fastrtps_cppExport-noconfig.cmake
[0.738s] -- Up-to-date: /home/david/yolocpp_ws/install/docs_turtlesim/share/docs_turtlesim/cmake/docs_turtlesim__rosidl_typesupport_introspection_cExport.cmake
[0.738s] -- Up-to-date: /home/david/yolocpp_ws/install/docs_turtlesim/share/docs_turtlesim/cmake/docs_turtlesim__rosidl_typesupport_introspection_cExport-noconfig.cmake
[0.738s] -- Up-to-date: /home/david/yolocpp_ws/install/docs_turtlesim/share/docs_turtlesim/cmake/docs_turtlesim__rosidl_typesupport_cExport.cmake
[0.739s] -- Up-to-date: /home/david/yolocpp_ws/install/docs_turtlesim/share/docs_turtlesim/cmake/docs_turtlesim__rosidl_typesupport_cExport-noconfig.cmake
[0.739s] -- Up-to-date: /home/david/yolocpp_ws/install/docs_turtlesim/share/docs_turtlesim/cmake/docs_turtlesim__rosidl_typesupport_introspection_cppExport.cmake
[0.739s] -- Up-to-date: /home/david/yolocpp_ws/install/docs_turtlesim/share/docs_turtlesim/cmake/docs_turtlesim__rosidl_typesupport_introspection_cppExport-noconfig.cmake
[0.739s] -- Up-to-date: /home/david/yolocpp_ws/install/docs_turtlesim/share/docs_turtlesim/cmake/docs_turtlesim__rosidl_typesupport_cppExport.cmake
[0.739s] -- Up-to-date: /home/david/yolocpp_ws/install/docs_turtlesim/share/docs_turtlesim/cmake/docs_turtlesim__rosidl_typesupport_cppExport-noconfig.cmake
[0.740s] -- Up-to-date: /home/david/yolocpp_ws/install/docs_turtlesim/share/docs_turtlesim/cmake/export_docs_turtlesim__rosidl_generator_pyExport.cmake
[0.740s] -- Up-to-date: /home/david/yolocpp_ws/install/docs_turtlesim/share/docs_turtlesim/cmake/export_docs_turtlesim__rosidl_generator_pyExport-noconfig.cmake
[0.740s] -- Up-to-date: /home/david/yolocpp_ws/install/docs_turtlesim/share/docs_turtlesim/cmake/rosidl_cmake-extras.cmake
[0.740s] -- Up-to-date: /home/david/yolocpp_ws/install/docs_turtlesim/share/docs_turtlesim/cmake/ament_cmake_export_include_directories-extras.cmake
[0.741s] -- Up-to-date: /home/david/yolocpp_ws/install/docs_turtlesim/share/docs_turtlesim/cmake/ament_cmake_export_libraries-extras.cmake
[0.741s] -- Up-to-date: /home/david/yolocpp_ws/install/docs_turtlesim/share/docs_turtlesim/cmake/ament_cmake_export_targets-extras.cmake
[0.741s] -- Up-to-date: /home/david/yolocpp_ws/install/docs_turtlesim/share/docs_turtlesim/cmake/rosidl_cmake_export_typesupport_targets-extras.cmake
[0.741s] -- Up-to-date: /home/david/yolocpp_ws/install/docs_turtlesim/share/docs_turtlesim/cmake/ament_cmake_export_dependencies-extras.cmake
[0.741s] -- Up-to-date: /home/david/yolocpp_ws/install/docs_turtlesim/share/docs_turtlesim/cmake/rosidl_cmake_export_typesupport_libraries-extras.cmake
[0.741s] -- Up-to-date: /home/david/yolocpp_ws/install/docs_turtlesim/share/docs_turtlesim/cmake/docs_turtlesimConfig.cmake
[0.742s] -- Up-to-date: /home/david/yolocpp_ws/install/docs_turtlesim/share/docs_turtlesim/cmake/docs_turtlesimConfig-version.cmake
[0.742s] -- Up-to-date: /home/david/yolocpp_ws/install/docs_turtlesim/share/docs_turtlesim/package.xml
[0.814s] Invoked command in '/home/david/yolocpp_ws/build/docs_turtlesim' returned '0': CMAKE_PREFIX_PATH=${CMAKE_PREFIX_PATH}:/home/david/yolocpp_ws/install/microservers_py:/home/david/yolocpp_ws/install/clients_py:/opt/ros/humble PROMPT_COMMAND=echo -n \[$(date +%H:%M:%S)\]\ /home/david/.local/bin/cmake --install /home/david/yolocpp_ws/build/docs_turtlesim
