[0.019s] Invoking command in '/home/david/yolocpp_ws/build/yolocpp': CMAKE_PREFIX_PATH=/home/david/yolocpp_ws/install/bboxes_ex_msgs:/home/david/yolopy_ws/install/image_directory_publisher:/home/david/yolocpp_ws/install/zoe_bringup:/home/david/yolocpp_ws/install/yolocpp:/home/david/yolocpp_ws/install/tensorrt_yolo:/home/david/yolocpp_ws/install/yolo_custom_interfaces:/home/david/yolocpp_ws/install/pylon_instant_camera:/home/david/yolopy_ws/install/yolopy:/opt/ros/humble LD_LIBRARY_PATH=/home/david/yolocpp_ws/install/bboxes_ex_msgs/lib:/home/david/yolopy_ws/install/image_directory_publisher/lib:/home/david/yolocpp_ws/install/yolo_custom_interfaces/lib:/home/david/yolocpp_ws/install/pylon_instant_camera/lib:/opt/ros/humble/opt/rviz_ogre_vendor/lib:/opt/ros/humble/lib/x86_64-linux-gnu:/opt/ros/humble/lib:/usr/local/cuda/lib64:/usr/local/cuda-11.2/lib64:/usr/local/cuda-11.2/lib64:/home/david/onnxruntime-linux-x64-gpu-1.22.0/lib PROMPT_COMMAND=echo -n \[$(date +%H:%M:%S)\]\ /home/david/.local/bin/cmake /home/david/yolocpp_ws/src/yolocpp -DTRT_PATH=/usr -DCMAKE_CUDA_ARCHITECTURES=89 -DCMAKE_CUDA_COMPILER=/usr/local/cuda-12.9/bin/nvcc -DCMAKE_INSTALL_PREFIX=/home/david/yolocpp_ws/install/yolocpp
[0.067s] -- Found ament_cmake: 1.3.11 (/opt/ros/humble/share/ament_cmake/cmake)
[0.219s] -- Found rclcpp: 16.0.12 (/opt/ros/humble/share/rclcpp/cmake)
[0.265s] -- Found rosidl_generator_c: 3.1.6 (/opt/ros/humble/share/rosidl_generator_c/cmake)
[0.269s] -- Found rosidl_adapter: 3.1.6 (/opt/ros/humble/share/rosidl_adapter/cmake)
[0.280s] -- Found rosidl_generator_cpp: 3.1.6 (/opt/ros/humble/share/rosidl_generator_cpp/cmake)
[0.299s] -- Using all available rosidl_typesupport_c: rosidl_typesupport_fastrtps_c;rosidl_typesupport_introspection_c
[0.324s] -- Using all available rosidl_typesupport_cpp: rosidl_typesupport_fastrtps_cpp;rosidl_typesupport_introspection_cpp
[0.373s] -- Found rmw_implementation_cmake: 6.1.2 (/opt/ros/humble/share/rmw_implementation_cmake/cmake)
[0.374s] -- Found rmw_fastrtps_cpp: 6.2.7 (/opt/ros/humble/share/rmw_fastrtps_cpp/cmake)
[0.536s] -- Using RMW implementation 'rmw_fastrtps_cpp' as default
[0.607s] -- Found rclcpp_components: 16.0.12 (/opt/ros/humble/share/rclcpp_components/cmake)
[0.628s] -- Found sensor_msgs: 4.8.0 (/opt/ros/humble/share/sensor_msgs/cmake)
[0.658s] -- Found vision_msgs: 4.1.1 (/opt/ros/humble/share/vision_msgs/cmake)
[0.678s] -- Found image_transport: 3.1.11 (/opt/ros/humble/share/image_transport/cmake)
[0.701s] -- Found cv_bridge: 3.2.1 (/opt/ros/humble/share/cv_bridge/cmake)
[0.704s] -- Found bboxes_ex_msgs: 0.0.0 (/home/david/yolocpp_ws/install/bboxes_ex_msgs/share/bboxes_ex_msgs/cmake)
[0.728s] -- Found ament_lint_auto: 0.12.12 (/opt/ros/humble/share/ament_lint_auto/cmake)
[0.865s] -- Added test 'cppcheck' to perform static code analysis on C / C++ code
[0.865s] -- Configured cppcheck include dirs: $<BUILD_INTERFACE:/home/david/yolocpp_ws/src/yolocpp/include>
[0.865s] -- Configured cppcheck exclude dirs and/or files: 
[0.866s] -- Added test 'flake8' to check Python code syntax and style conventions
[0.867s] -- Added test 'lint_cmake' to check CMake code style
[0.868s] -- Added test 'pep257' to check Python code against some of the docstring style conventions in PEP 257
[0.870s] -- Added test 'uncrustify' to check C / C++ code style
[0.870s] -- Configured uncrustify additional arguments: 
[0.870s] -- Added test 'xmllint' to check XML markup files
[0.871s] -- Configuring done
[0.886s] -- Generating done
[0.891s] -- Build files have been written to: /home/david/yolocpp_ws/build/yolocpp
[0.904s] Invoked command in '/home/david/yolocpp_ws/build/yolocpp' returned '0': CMAKE_PREFIX_PATH=/home/david/yolocpp_ws/install/bboxes_ex_msgs:/home/david/yolopy_ws/install/image_directory_publisher:/home/david/yolocpp_ws/install/zoe_bringup:/home/david/yolocpp_ws/install/yolocpp:/home/david/yolocpp_ws/install/tensorrt_yolo:/home/david/yolocpp_ws/install/yolo_custom_interfaces:/home/david/yolocpp_ws/install/pylon_instant_camera:/home/david/yolopy_ws/install/yolopy:/opt/ros/humble LD_LIBRARY_PATH=/home/david/yolocpp_ws/install/bboxes_ex_msgs/lib:/home/david/yolopy_ws/install/image_directory_publisher/lib:/home/david/yolocpp_ws/install/yolo_custom_interfaces/lib:/home/david/yolocpp_ws/install/pylon_instant_camera/lib:/opt/ros/humble/opt/rviz_ogre_vendor/lib:/opt/ros/humble/lib/x86_64-linux-gnu:/opt/ros/humble/lib:/usr/local/cuda/lib64:/usr/local/cuda-11.2/lib64:/usr/local/cuda-11.2/lib64:/home/david/onnxruntime-linux-x64-gpu-1.22.0/lib PROMPT_COMMAND=echo -n \[$(date +%H:%M:%S)\]\ /home/david/.local/bin/cmake /home/david/yolocpp_ws/src/yolocpp -DTRT_PATH=/usr -DCMAKE_CUDA_ARCHITECTURES=89 -DCMAKE_CUDA_COMPILER=/usr/local/cuda-12.9/bin/nvcc -DCMAKE_INSTALL_PREFIX=/home/david/yolocpp_ws/install/yolocpp
[0.906s] Invoking command in '/home/david/yolocpp_ws/build/yolocpp': CMAKE_PREFIX_PATH=/home/david/yolocpp_ws/install/bboxes_ex_msgs:/home/david/yolopy_ws/install/image_directory_publisher:/home/david/yolocpp_ws/install/zoe_bringup:/home/david/yolocpp_ws/install/yolocpp:/home/david/yolocpp_ws/install/tensorrt_yolo:/home/david/yolocpp_ws/install/yolo_custom_interfaces:/home/david/yolocpp_ws/install/pylon_instant_camera:/home/david/yolopy_ws/install/yolopy:/opt/ros/humble LD_LIBRARY_PATH=/home/david/yolocpp_ws/install/bboxes_ex_msgs/lib:/home/david/yolopy_ws/install/image_directory_publisher/lib:/home/david/yolocpp_ws/install/yolo_custom_interfaces/lib:/home/david/yolocpp_ws/install/pylon_instant_camera/lib:/opt/ros/humble/opt/rviz_ogre_vendor/lib:/opt/ros/humble/lib/x86_64-linux-gnu:/opt/ros/humble/lib:/usr/local/cuda/lib64:/usr/local/cuda-11.2/lib64:/usr/local/cuda-11.2/lib64:/home/david/onnxruntime-linux-x64-gpu-1.22.0/lib PROMPT_COMMAND=echo -n \[$(date +%H:%M:%S)\]\ /home/david/.local/bin/cmake --build /home/david/yolocpp_ws/build/yolocpp -- -j32 -l32
[0.967s] [100%] Built target yolocpp
[0.979s] Invoked command in '/home/david/yolocpp_ws/build/yolocpp' returned '0': CMAKE_PREFIX_PATH=/home/david/yolocpp_ws/install/bboxes_ex_msgs:/home/david/yolopy_ws/install/image_directory_publisher:/home/david/yolocpp_ws/install/zoe_bringup:/home/david/yolocpp_ws/install/yolocpp:/home/david/yolocpp_ws/install/tensorrt_yolo:/home/david/yolocpp_ws/install/yolo_custom_interfaces:/home/david/yolocpp_ws/install/pylon_instant_camera:/home/david/yolopy_ws/install/yolopy:/opt/ros/humble LD_LIBRARY_PATH=/home/david/yolocpp_ws/install/bboxes_ex_msgs/lib:/home/david/yolopy_ws/install/image_directory_publisher/lib:/home/david/yolocpp_ws/install/yolo_custom_interfaces/lib:/home/david/yolocpp_ws/install/pylon_instant_camera/lib:/opt/ros/humble/opt/rviz_ogre_vendor/lib:/opt/ros/humble/lib/x86_64-linux-gnu:/opt/ros/humble/lib:/usr/local/cuda/lib64:/usr/local/cuda-11.2/lib64:/usr/local/cuda-11.2/lib64:/home/david/onnxruntime-linux-x64-gpu-1.22.0/lib PROMPT_COMMAND=echo -n \[$(date +%H:%M:%S)\]\ /home/david/.local/bin/cmake --build /home/david/yolocpp_ws/build/yolocpp -- -j32 -l32
[0.980s] Invoking command in '/home/david/yolocpp_ws/build/yolocpp': CMAKE_PREFIX_PATH=/home/david/yolocpp_ws/install/bboxes_ex_msgs:/home/david/yolopy_ws/install/image_directory_publisher:/home/david/yolocpp_ws/install/zoe_bringup:/home/david/yolocpp_ws/install/yolocpp:/home/david/yolocpp_ws/install/tensorrt_yolo:/home/david/yolocpp_ws/install/yolo_custom_interfaces:/home/david/yolocpp_ws/install/pylon_instant_camera:/home/david/yolopy_ws/install/yolopy:/opt/ros/humble LD_LIBRARY_PATH=/home/david/yolocpp_ws/install/bboxes_ex_msgs/lib:/home/david/yolopy_ws/install/image_directory_publisher/lib:/home/david/yolocpp_ws/install/yolo_custom_interfaces/lib:/home/david/yolocpp_ws/install/pylon_instant_camera/lib:/opt/ros/humble/opt/rviz_ogre_vendor/lib:/opt/ros/humble/lib/x86_64-linux-gnu:/opt/ros/humble/lib:/usr/local/cuda/lib64:/usr/local/cuda-11.2/lib64:/usr/local/cuda-11.2/lib64:/home/david/onnxruntime-linux-x64-gpu-1.22.0/lib PROMPT_COMMAND=echo -n \[$(date +%H:%M:%S)\]\ /home/david/.local/bin/cmake --install /home/david/yolocpp_ws/build/yolocpp
[1.016s] -- Install configuration: ""
[1.016s] -- Up-to-date: /home/david/yolocpp_ws/install/yolocpp/share/yolocpp/launch
[1.016s] -- Up-to-date: /home/david/yolocpp_ws/install/yolocpp/share/yolocpp/launch/__pycache__
[1.016s] -- Up-to-date: /home/david/yolocpp_ws/install/yolocpp/share/yolocpp/launch/__pycache__/yolocpp_onnx.launch.cpython-310.pyc
[1.016s] -- Up-to-date: /home/david/yolocpp_ws/install/yolocpp/share/yolocpp/launch/yolocpp_onnx.launch.py
[1.016s] -- Up-to-date: /home/david/yolocpp_ws/install/yolocpp/share/yolocpp/include
[1.016s] -- Up-to-date: /home/david/yolocpp_ws/install/yolocpp/share/yolocpp/include/onnx_files
[1.016s] -- Up-to-date: /home/david/yolocpp_ws/install/yolocpp/share/yolocpp/include/onnx_files/tools
[1.017s] -- Up-to-date: /home/david/yolocpp_ws/install/yolocpp/share/yolocpp/include/onnx_files/tools/Config.hpp
[1.017s] -- Up-to-date: /home/david/yolocpp_ws/install/yolocpp/share/yolocpp/include/onnx_files/tools/BoundedThreadSafeQueue.hpp
[1.017s] -- Up-to-date: /home/david/yolocpp_ws/install/yolocpp/share/yolocpp/include/onnx_files/tools/ScopedTimer.hpp
[1.017s] -- Up-to-date: /home/david/yolocpp_ws/install/yolocpp/share/yolocpp/include/onnx_files/tools/Debug.hpp
[1.017s] -- Up-to-date: /home/david/yolocpp_ws/install/yolocpp/share/yolocpp/include/onnx_files/det
[1.017s] -- Up-to-date: /home/david/yolocpp_ws/install/yolocpp/share/yolocpp/include/onnx_files/det/YOLO9.hpp
[1.017s] -- Up-to-date: /home/david/yolocpp_ws/install/yolocpp/share/yolocpp/include/onnx_files/det/YOLO12.hpp
[1.017s] -- Up-to-date: /home/david/yolocpp_ws/install/yolocpp/share/yolocpp/include/onnx_files/det/YOLO5.hpp
[1.017s] -- Up-to-date: /home/david/yolocpp_ws/install/yolocpp/share/yolocpp/include/onnx_files/det/YOLO7.hpp
[1.017s] -- Up-to-date: /home/david/yolocpp_ws/install/yolocpp/share/yolocpp/include/onnx_files/det/YOLO10.hpp
[1.017s] -- Up-to-date: /home/david/yolocpp_ws/install/yolocpp/share/yolocpp/include/onnx_files/det/YOLO8.hpp
[1.017s] -- Up-to-date: /home/david/yolocpp_ws/install/yolocpp/share/yolocpp/include/onnx_files/det/YOLO11.hpp
[1.017s] -- Up-to-date: /home/david/yolocpp_ws/install/yolocpp/share/yolocpp/include/onnx_files/pose
[1.018s] -- Up-to-date: /home/david/yolocpp_ws/install/yolocpp/share/yolocpp/include/onnx_files/pose/YOLO8-POSE.hpp
[1.018s] -- Up-to-date: /home/david/yolocpp_ws/install/yolocpp/share/yolocpp/include/onnx_files/pose/YOLO11-POSE.hpp
[1.018s] -- Up-to-date: /home/david/yolocpp_ws/install/yolocpp/share/yolocpp/include/onnx_files/quantized_models
[1.018s] -- Up-to-date: /home/david/yolocpp_ws/install/yolocpp/share/yolocpp/include/onnx_files/quantized_models/coco.names
[1.018s] -- Up-to-date: /home/david/yolocpp_ws/install/yolocpp/share/yolocpp/include/onnx_files/quantized_models/yolos_quantization.py
[1.018s] -- Up-to-date: /home/david/yolocpp_ws/install/yolocpp/share/yolocpp/include/onnx_files/quantized_models/your_model.onnx.file
[1.018s] -- Up-to-date: /home/david/yolocpp_ws/install/yolocpp/share/yolocpp/include/onnx_files/obb
[1.018s] -- Up-to-date: /home/david/yolocpp_ws/install/yolocpp/share/yolocpp/include/onnx_files/obb/YOLO8-OBB.hpp
[1.018s] -- Up-to-date: /home/david/yolocpp_ws/install/yolocpp/share/yolocpp/include/onnx_files/obb/YOLO11-OBB.hpp
[1.018s] -- Up-to-date: /home/david/yolocpp_ws/install/yolocpp/share/yolocpp/include/onnx_files/class
[1.018s] -- Up-to-date: /home/david/yolocpp_ws/install/yolocpp/share/yolocpp/include/onnx_files/class/YOLO11CLASS.hpp
[1.018s] -- Up-to-date: /home/david/yolocpp_ws/install/yolocpp/share/yolocpp/include/onnx_files/seg
[1.018s] -- Up-to-date: /home/david/yolocpp_ws/install/yolocpp/share/yolocpp/include/onnx_files/seg/YOLO11Seg.hpp
[1.018s] -- Up-to-date: /home/david/yolocpp_ws/install/yolocpp/share/yolocpp/include/onnx_files/seg/YOLO9Seg.hpp
[1.018s] -- Up-to-date: /home/david/yolocpp_ws/install/yolocpp/share/yolocpp/include/onnx_files/seg/YOLO8Seg.hpp
[1.018s] -- Up-to-date: /home/david/yolocpp_ws/install/yolocpp/share/yolocpp/models
[1.018s] -- Up-to-date: /home/david/yolocpp_ws/install/yolocpp/share/yolocpp/models/coco.names
[1.018s] -- Up-to-date: /home/david/yolocpp_ws/install/yolocpp/share/yolocpp/models/testonnx.py
[1.018s] -- Up-to-date: /home/david/yolocpp_ws/install/yolocpp/share/yolocpp/models/yolo11m-seg.onnx
[1.018s] -- Up-to-date: /home/david/yolocpp_ws/install/yolocpp/share/yolocpp/models/export_onnx.py
[1.018s] -- Up-to-date: /home/david/yolocpp_ws/install/yolocpp/share/yolocpp/models/Dota.names
[1.018s] -- Up-to-date: /home/david/yolocpp_ws/install/yolocpp/share/yolocpp/data
[1.019s] -- Up-to-date: /home/david/yolocpp_ws/install/yolocpp/share/yolocpp/data/panoramic_02.avi
[1.019s] -- Up-to-date: /home/david/yolocpp_ws/install/yolocpp/share/yolocpp/data/test.jpg
[1.019s] -- Up-to-date: /home/david/yolocpp_ws/install/yolocpp/lib/yolocpp/yolocpp
[1.019s] -- Up-to-date: /home/david/yolocpp_ws/install/yolocpp/share/ament_index/resource_index/package_run_dependencies/yolocpp
[1.019s] -- Up-to-date: /home/david/yolocpp_ws/install/yolocpp/share/ament_index/resource_index/parent_prefix_path/yolocpp
[1.019s] -- Up-to-date: /home/david/yolocpp_ws/install/yolocpp/share/yolocpp/environment/ament_prefix_path.sh
[1.019s] -- Installing: /home/david/yolocpp_ws/install/yolocpp/share/yolocpp/environment/ament_prefix_path.dsv
[1.019s] -- Up-to-date: /home/david/yolocpp_ws/install/yolocpp/share/yolocpp/environment/path.sh
[1.019s] -- Installing: /home/david/yolocpp_ws/install/yolocpp/share/yolocpp/environment/path.dsv
[1.019s] -- Up-to-date: /home/david/yolocpp_ws/install/yolocpp/share/yolocpp/local_setup.bash
[1.019s] -- Up-to-date: /home/david/yolocpp_ws/install/yolocpp/share/yolocpp/local_setup.sh
[1.019s] -- Up-to-date: /home/david/yolocpp_ws/install/yolocpp/share/yolocpp/local_setup.zsh
[1.019s] -- Installing: /home/david/yolocpp_ws/install/yolocpp/share/yolocpp/local_setup.dsv
[1.019s] -- Installing: /home/david/yolocpp_ws/install/yolocpp/share/yolocpp/package.dsv
[1.019s] -- Up-to-date: /home/david/yolocpp_ws/install/yolocpp/share/ament_index/resource_index/packages/yolocpp
[1.019s] -- Up-to-date: /home/david/yolocpp_ws/install/yolocpp/share/yolocpp/cmake/yolocppConfig.cmake
[1.019s] -- Up-to-date: /home/david/yolocpp_ws/install/yolocpp/share/yolocpp/cmake/yolocppConfig-version.cmake
[1.019s] -- Up-to-date: /home/david/yolocpp_ws/install/yolocpp/share/yolocpp/package.xml
[1.023s] Invoked command in '/home/david/yolocpp_ws/build/yolocpp' returned '0': CMAKE_PREFIX_PATH=/home/david/yolocpp_ws/install/bboxes_ex_msgs:/home/david/yolopy_ws/install/image_directory_publisher:/home/david/yolocpp_ws/install/zoe_bringup:/home/david/yolocpp_ws/install/yolocpp:/home/david/yolocpp_ws/install/tensorrt_yolo:/home/david/yolocpp_ws/install/yolo_custom_interfaces:/home/david/yolocpp_ws/install/pylon_instant_camera:/home/david/yolopy_ws/install/yolopy:/opt/ros/humble LD_LIBRARY_PATH=/home/david/yolocpp_ws/install/bboxes_ex_msgs/lib:/home/david/yolopy_ws/install/image_directory_publisher/lib:/home/david/yolocpp_ws/install/yolo_custom_interfaces/lib:/home/david/yolocpp_ws/install/pylon_instant_camera/lib:/opt/ros/humble/opt/rviz_ogre_vendor/lib:/opt/ros/humble/lib/x86_64-linux-gnu:/opt/ros/humble/lib:/usr/local/cuda/lib64:/usr/local/cuda-11.2/lib64:/usr/local/cuda-11.2/lib64:/home/david/onnxruntime-linux-x64-gpu-1.22.0/lib PROMPT_COMMAND=echo -n \[$(date +%H:%M:%S)\]\ /home/david/.local/bin/cmake --install /home/david/yolocpp_ws/build/yolocpp
