[0.529s] Invoking command in '/home/david/yolocpp_ws/build/monitor_sql_tutorial': CMAKE_PREFIX_PATH=${CMAKE_PREFIX_PATH}:/home/david/yolocpp_ws/install/microservers_py:/home/david/yolocpp_ws/install/clients_py:/opt/ros/humble PROMPT_COMMAND=echo -n \[$(date +%H:%M:%S)\]\ /home/david/.local/bin/cmake --build /home/david/yolocpp_ws/build/monitor_sql_tutorial -- -j32 -l32
[0.571s] [100%] Built target monitor_sql_tutorial
[0.587s] Invoked command in '/home/david/yolocpp_ws/build/monitor_sql_tutorial' returned '0': CMAKE_PREFIX_PATH=${CMAKE_PREFIX_PATH}:/home/david/yolocpp_ws/install/microservers_py:/home/david/yolocpp_ws/install/clients_py:/opt/ros/humble PROMPT_COMMAND=echo -n \[$(date +%H:%M:%S)\]\ /home/david/.local/bin/cmake --build /home/david/yolocpp_ws/build/monitor_sql_tutorial -- -j32 -l32
[0.589s] Invoking command in '/home/david/yolocpp_ws/build/monitor_sql_tutorial': CMAKE_PREFIX_PATH=${CMAKE_PREFIX_PATH}:/home/david/yolocpp_ws/install/microservers_py:/home/david/yolocpp_ws/install/clients_py:/opt/ros/humble PROMPT_COMMAND=echo -n \[$(date +%H:%M:%S)\]\ /home/david/.local/bin/cmake --install /home/david/yolocpp_ws/build/monitor_sql_tutorial
[0.623s] -- Install configuration: ""
[0.623s] -- Up-to-date: /home/david/yolocpp_ws/install/monitor_sql_tutorial/lib/monitor_sql_tutorial/monitor_sql_tutorial
[0.623s] -- Up-to-date: /home/david/yolocpp_ws/install/monitor_sql_tutorial/share/ament_index/resource_index/package_run_dependencies/monitor_sql_tutorial
[0.624s] -- Up-to-date: /home/david/yolocpp_ws/install/monitor_sql_tutorial/share/ament_index/resource_index/parent_prefix_path/monitor_sql_tutorial
[0.624s] -- Up-to-date: /home/david/yolocpp_ws/install/monitor_sql_tutorial/share/monitor_sql_tutorial/environment/ament_prefix_path.sh
[0.624s] -- Up-to-date: /home/david/yolocpp_ws/install/monitor_sql_tutorial/share/monitor_sql_tutorial/environment/ament_prefix_path.dsv
[0.625s] -- Up-to-date: /home/david/yolocpp_ws/install/monitor_sql_tutorial/share/monitor_sql_tutorial/environment/path.sh
[0.625s] -- Up-to-date: /home/david/yolocpp_ws/install/monitor_sql_tutorial/share/monitor_sql_tutorial/environment/path.dsv
[0.625s] -- Up-to-date: /home/david/yolocpp_ws/install/monitor_sql_tutorial/share/monitor_sql_tutorial/local_setup.bash
[0.625s] -- Up-to-date: /home/david/yolocpp_ws/install/monitor_sql_tutorial/share/monitor_sql_tutorial/local_setup.sh
[0.626s] -- Up-to-date: /home/david/yolocpp_ws/install/monitor_sql_tutorial/share/monitor_sql_tutorial/local_setup.zsh
[0.626s] -- Up-to-date: /home/david/yolocpp_ws/install/monitor_sql_tutorial/share/monitor_sql_tutorial/local_setup.dsv
[0.626s] -- Installing: /home/david/yolocpp_ws/install/monitor_sql_tutorial/share/monitor_sql_tutorial/package.dsv
[0.626s] -- Up-to-date: /home/david/yolocpp_ws/install/monitor_sql_tutorial/share/ament_index/resource_index/packages/monitor_sql_tutorial
[0.627s] -- Up-to-date: /home/david/yolocpp_ws/install/monitor_sql_tutorial/share/monitor_sql_tutorial/cmake/monitor_sql_tutorialConfig.cmake
[0.627s] -- Up-to-date: /home/david/yolocpp_ws/install/monitor_sql_tutorial/share/monitor_sql_tutorial/cmake/monitor_sql_tutorialConfig-version.cmake
[0.627s] -- Up-to-date: /home/david/yolocpp_ws/install/monitor_sql_tutorial/share/monitor_sql_tutorial/package.xml
[0.663s] Invoked command in '/home/david/yolocpp_ws/build/monitor_sql_tutorial' returned '0': CMAKE_PREFIX_PATH=${CMAKE_PREFIX_PATH}:/home/david/yolocpp_ws/install/microservers_py:/home/david/yolocpp_ws/install/clients_py:/opt/ros/humble PROMPT_COMMAND=echo -n \[$(date +%H:%M:%S)\]\ /home/david/.local/bin/cmake --install /home/david/yolocpp_ws/build/monitor_sql_tutorial
